/var/spool/slurm/slurmd/job8497072/slurm_script: line 8: activate: No such file or directory
Running benchmark `H2OAutoML` on `openml/t/360113` framework in `local` mode.
Loading frameworks definitions from ['/home/juradoi/experiments/automlbenchmark/resources/frameworks.yaml'].
Loading benchmark constraint definitions from ['/home/juradoi/experiments/automlbenchmark/resources/constraints.yaml'].
Loading openml task 360113.

--------------------------------------------------------------------
Starting job local.openml_t_360113.pygmo_c.porto-seguro.0.H2OAutoML.
Assigning 16 cores (total=16) for new task porto-seguro.
Assigning 91277 MB (total=95302 MB) for new porto-seguro task.
[MONITORING] [local.openml_t_360113.pygmo_c.porto-seguro.0.H2OAutoML] CPU Utilization: 13.2%
[MONITORING] [local.openml_t_360113.pygmo_c.porto-seguro.0.H2OAutoML] Memory Usage: 2.1%
[MONITORING] [local.openml_t_360113.pygmo_c.porto-seguro.0.H2OAutoML] Disk Usage: 43.2%
Running task porto-seguro on framework H2OAutoML with config:
TaskConfig({})
Running cmd `/home/juradoi/experiments/automlbenchmark/frameworks/H2OAutoML/venv/bin/python -W ignore /home/juradoi/experiments/automlbenchmark/frameworks/H2OAutoML/exec.py`
INFO:__main__:
**** H2O AutoML [v3.34.0.3] ****

INFO:__main__:Starting H2O cluster with 16 cores, 60851M memory.
Checking whether there is an H2O instance running at http://localhost:7075 ..... not found.
Attempting to start a local H2O server...
  Java Version: openjdk version "11.0.12" 2021-07-20; OpenJDK Runtime Environment (build 11.0.12+7-post-Debian-2deb10u1); OpenJDK 64-Bit Server VM (build 11.0.12+7-post-Debian-2deb10u1, mixed mode, sharing)
  Starting server from /home/juradoi/experiments/automlbenchmark/frameworks/H2OAutoML/venv/lib/python3.8/site-packages/h2o/backend/bin/h2o.jar
  Ice root: /tmp/tmp_sto9931
  JVM stdout: /tmp/tmp_sto9931/h2o_unknownUser_started_from_python.out
  JVM stderr: /tmp/tmp_sto9931/h2o_unknownUser_started_from_python.err
  Server is running at http://127.0.0.1:7075
Connecting to H2O server at http://127.0.0.1:7075 ... successful.
--------------------------  ------------------------------------------------------------------
H2O_cluster_uptime:         01 secs
H2O_cluster_timezone:       Europe/Amsterdam
H2O_data_parsing_timezone:  UTC
H2O_cluster_version:        3.34.0.3
H2O_cluster_version_age:    2 months and 2 days
H2O_cluster_name:           H2O_from_python_unknownUser_ejh6ps
H2O_cluster_total_nodes:    1
H2O_cluster_free_memory:    59.44 Gb
H2O_cluster_total_cores:    16
H2O_cluster_allowed_cores:  16
H2O_cluster_status:         locked, healthy
H2O_connection_url:         http://127.0.0.1:7075
H2O_connection_proxy:       {"http": null, "https": null}
H2O_internal_security:      False
H2O_API_Extensions:         Amazon S3, XGBoost, Algos, AutoML, Core V3, TargetEncoder, Core V4
Python_version:             3.8.12 final
--------------------------  ------------------------------------------------------------------
Parse progress: |████████████████████████████████████████████████████████████████| (done) 100%
Parse progress: |████████████████████████████████████████████████████████████████| (done) 100%
INFO:__main__:Running model on task porto-seguro, fold 0.
[MONITORING] [local.openml_t_360113.pygmo_c.porto-seguro.0.H2OAutoML] CPU Utilization: 75.1%
[MONITORING] [local.openml_t_360113.pygmo_c.porto-seguro.0.H2OAutoML] Memory Usage: 10.0%
[MONITORING] [local.openml_t_360113.pygmo_c.porto-seguro.0.H2OAutoML] Disk Usage: 43.2%
[MONITORING] [local.openml_t_360113.pygmo_c.porto-seguro.0.H2OAutoML] CPU Utilization: 83.9%
[MONITORING] [local.openml_t_360113.pygmo_c.porto-seguro.0.H2OAutoML] Memory Usage: 12.5%
[MONITORING] [local.openml_t_360113.pygmo_c.porto-seguro.0.H2OAutoML] Disk Usage: 43.2%
[MONITORING] [local.openml_t_360113.pygmo_c.porto-seguro.0.H2OAutoML] CPU Utilization: 82.9%
[MONITORING] [local.openml_t_360113.pygmo_c.porto-seguro.0.H2OAutoML] Memory Usage: 45.8%
[MONITORING] [local.openml_t_360113.pygmo_c.porto-seguro.0.H2OAutoML] Disk Usage: 43.2%
[MONITORING] [local.openml_t_360113.pygmo_c.porto-seguro.0.H2OAutoML] CPU Utilization: 79.6%
[MONITORING] [local.openml_t_360113.pygmo_c.porto-seguro.0.H2OAutoML] Memory Usage: 45.4%
[MONITORING] [local.openml_t_360113.pygmo_c.porto-seguro.0.H2OAutoML] Disk Usage: 43.2%
[MONITORING] [local.openml_t_360113.pygmo_c.porto-seguro.0.H2OAutoML] CPU Utilization: 73.0%
[MONITORING] [local.openml_t_360113.pygmo_c.porto-seguro.0.H2OAutoML] Memory Usage: 45.5%
[MONITORING] [local.openml_t_360113.pygmo_c.porto-seguro.0.H2OAutoML] Disk Usage: 43.2%
[MONITORING] [local.openml_t_360113.pygmo_c.porto-seguro.0.H2OAutoML] CPU Utilization: 83.7%
[MONITORING] [local.openml_t_360113.pygmo_c.porto-seguro.0.H2OAutoML] Memory Usage: 45.6%
[MONITORING] [local.openml_t_360113.pygmo_c.porto-seguro.0.H2OAutoML] Disk Usage: 43.2%
[MONITORING] [local.openml_t_360113.pygmo_c.porto-seguro.0.H2OAutoML] CPU Utilization: 82.8%
[MONITORING] [local.openml_t_360113.pygmo_c.porto-seguro.0.H2OAutoML] Memory Usage: 46.0%
[MONITORING] [local.openml_t_360113.pygmo_c.porto-seguro.0.H2OAutoML] Disk Usage: 43.2%
[MONITORING] [local.openml_t_360113.pygmo_c.porto-seguro.0.H2OAutoML] CPU Utilization: 74.8%
[MONITORING] [local.openml_t_360113.pygmo_c.porto-seguro.0.H2OAutoML] Memory Usage: 46.0%
[MONITORING] [local.openml_t_360113.pygmo_c.porto-seguro.0.H2OAutoML] Disk Usage: 43.2%
[MONITORING] [local.openml_t_360113.pygmo_c.porto-seguro.0.H2OAutoML] CPU Utilization: 79.5%
[MONITORING] [local.openml_t_360113.pygmo_c.porto-seguro.0.H2OAutoML] Memory Usage: 46.0%
[MONITORING] [local.openml_t_360113.pygmo_c.porto-seguro.0.H2OAutoML] Disk Usage: 43.2%
[MONITORING] [local.openml_t_360113.pygmo_c.porto-seguro.0.H2OAutoML] CPU Utilization: 91.8%
[MONITORING] [local.openml_t_360113.pygmo_c.porto-seguro.0.H2OAutoML] Memory Usage: 46.1%
[MONITORING] [local.openml_t_360113.pygmo_c.porto-seguro.0.H2OAutoML] Disk Usage: 43.2%
[MONITORING] [local.openml_t_360113.pygmo_c.porto-seguro.0.H2OAutoML] CPU Utilization: 84.3%
[MONITORING] [local.openml_t_360113.pygmo_c.porto-seguro.0.H2OAutoML] Memory Usage: 47.1%
[MONITORING] [local.openml_t_360113.pygmo_c.porto-seguro.0.H2OAutoML] Disk Usage: 43.2%
[MONITORING] [local.openml_t_360113.pygmo_c.porto-seguro.0.H2OAutoML] CPU Utilization: 81.9%
[MONITORING] [local.openml_t_360113.pygmo_c.porto-seguro.0.H2OAutoML] Memory Usage: 49.4%
[MONITORING] [local.openml_t_360113.pygmo_c.porto-seguro.0.H2OAutoML] Disk Usage: 43.2%
