/var/spool/slurm/slurmd/job8493639/slurm_script: line 8: activate: No such file or directory
Running benchmark `H2OAutoML` on `openml/t/168909` framework in `local` mode.
Loading frameworks definitions from ['/home/juradoi/experiments/automlbenchmark/resources/frameworks.yaml'].
Loading benchmark constraint definitions from ['/home/juradoi/experiments/automlbenchmark/resources/constraints.yaml'].
Loading openml task 168909.

---------------------------------------------------------------
Starting job local.openml_t_168909.pygmo_c.dilbert.0.H2OAutoML.
Assigning 16 cores (total=16) for new task dilbert.
Assigning 91247 MB (total=95294 MB) for new dilbert task.
[MONITORING] [local.openml_t_168909.pygmo_c.dilbert.0.H2OAutoML] CPU Utilization: 10.8%
[MONITORING] [local.openml_t_168909.pygmo_c.dilbert.0.H2OAutoML] Memory Usage: 2.1%
[MONITORING] [local.openml_t_168909.pygmo_c.dilbert.0.H2OAutoML] Disk Usage: 43.2%
Running task dilbert on framework H2OAutoML with config:
TaskConfig({})
Running cmd `/home/juradoi/experiments/automlbenchmark/frameworks/H2OAutoML/venv/bin/python -W ignore /home/juradoi/experiments/automlbenchmark/frameworks/H2OAutoML/exec.py`
INFO:__main__:
**** H2O AutoML [v3.34.0.3] ****

INFO:__main__:Starting H2O cluster with 16 cores, 60831M memory.
Checking whether there is an H2O instance running at http://localhost:12975 ..... not found.
Attempting to start a local H2O server...
  Java Version: openjdk version "11.0.12" 2021-07-20; OpenJDK Runtime Environment (build 11.0.12+7-post-Debian-2deb10u1); OpenJDK 64-Bit Server VM (build 11.0.12+7-post-Debian-2deb10u1, mixed mode, sharing)
  Starting server from /home/juradoi/experiments/automlbenchmark/frameworks/H2OAutoML/venv/lib/python3.8/site-packages/h2o/backend/bin/h2o.jar
  Ice root: /tmp/tmpy8gn__1k
  JVM stdout: /tmp/tmpy8gn__1k/h2o_unknownUser_started_from_python.out
  JVM stderr: /tmp/tmpy8gn__1k/h2o_unknownUser_started_from_python.err
  Server is running at http://127.0.0.1:12975
Connecting to H2O server at http://127.0.0.1:12975 ... successful.
--------------------------  ------------------------------------------------------------------
H2O_cluster_uptime:         01 secs
H2O_cluster_timezone:       Europe/Amsterdam
H2O_data_parsing_timezone:  UTC
H2O_cluster_version:        3.34.0.3
H2O_cluster_version_age:    2 months and 2 days
H2O_cluster_name:           H2O_from_python_unknownUser_0r8k0d
H2O_cluster_total_nodes:    1
H2O_cluster_free_memory:    59.41 Gb
H2O_cluster_total_cores:    16
H2O_cluster_allowed_cores:  16
H2O_cluster_status:         locked, healthy
H2O_connection_url:         http://127.0.0.1:12975
H2O_connection_proxy:       {"http": null, "https": null}
H2O_internal_security:      False
H2O_API_Extensions:         Amazon S3, XGBoost, Algos, AutoML, Core V3, TargetEncoder, Core V4
Python_version:             3.8.12 final
--------------------------  ------------------------------------------------------------------
Parse progress: |████████████████████████████████████████████████████████████████| (done) 100%
Parse progress: |████████████████████████████████████████████████████████████████| (done) 100%
INFO:__main__:Running model on task dilbert, fold 0.
[MONITORING] [local.openml_t_168909.pygmo_c.dilbert.0.H2OAutoML] CPU Utilization: 36.1%
[MONITORING] [local.openml_t_168909.pygmo_c.dilbert.0.H2OAutoML] Memory Usage: 10.1%
[MONITORING] [local.openml_t_168909.pygmo_c.dilbert.0.H2OAutoML] Disk Usage: 43.2%
[MONITORING] [local.openml_t_168909.pygmo_c.dilbert.0.H2OAutoML] CPU Utilization: 83.8%
[MONITORING] [local.openml_t_168909.pygmo_c.dilbert.0.H2OAutoML] Memory Usage: 10.0%
[MONITORING] [local.openml_t_168909.pygmo_c.dilbert.0.H2OAutoML] Disk Usage: 43.2%
[MONITORING] [local.openml_t_168909.pygmo_c.dilbert.0.H2OAutoML] CPU Utilization: 91.0%
[MONITORING] [local.openml_t_168909.pygmo_c.dilbert.0.H2OAutoML] Memory Usage: 44.7%
[MONITORING] [local.openml_t_168909.pygmo_c.dilbert.0.H2OAutoML] Disk Usage: 43.2%
[MONITORING] [local.openml_t_168909.pygmo_c.dilbert.0.H2OAutoML] CPU Utilization: 91.3%
[MONITORING] [local.openml_t_168909.pygmo_c.dilbert.0.H2OAutoML] Memory Usage: 45.0%
[MONITORING] [local.openml_t_168909.pygmo_c.dilbert.0.H2OAutoML] Disk Usage: 43.2%
[MONITORING] [local.openml_t_168909.pygmo_c.dilbert.0.H2OAutoML] CPU Utilization: 91.1%
[MONITORING] [local.openml_t_168909.pygmo_c.dilbert.0.H2OAutoML] Memory Usage: 45.0%
[MONITORING] [local.openml_t_168909.pygmo_c.dilbert.0.H2OAutoML] Disk Usage: 43.2%
[MONITORING] [local.openml_t_168909.pygmo_c.dilbert.0.H2OAutoML] CPU Utilization: 91.1%
[MONITORING] [local.openml_t_168909.pygmo_c.dilbert.0.H2OAutoML] Memory Usage: 45.1%
[MONITORING] [local.openml_t_168909.pygmo_c.dilbert.0.H2OAutoML] Disk Usage: 43.2%
[MONITORING] [local.openml_t_168909.pygmo_c.dilbert.0.H2OAutoML] CPU Utilization: 90.5%
[MONITORING] [local.openml_t_168909.pygmo_c.dilbert.0.H2OAutoML] Memory Usage: 45.1%
[MONITORING] [local.openml_t_168909.pygmo_c.dilbert.0.H2OAutoML] Disk Usage: 43.2%
[MONITORING] [local.openml_t_168909.pygmo_c.dilbert.0.H2OAutoML] CPU Utilization: 91.4%
[MONITORING] [local.openml_t_168909.pygmo_c.dilbert.0.H2OAutoML] Memory Usage: 45.1%
[MONITORING] [local.openml_t_168909.pygmo_c.dilbert.0.H2OAutoML] Disk Usage: 43.2%
[MONITORING] [local.openml_t_168909.pygmo_c.dilbert.0.H2OAutoML] CPU Utilization: 91.2%
[MONITORING] [local.openml_t_168909.pygmo_c.dilbert.0.H2OAutoML] Memory Usage: 45.1%
[MONITORING] [local.openml_t_168909.pygmo_c.dilbert.0.H2OAutoML] Disk Usage: 43.2%
[MONITORING] [local.openml_t_168909.pygmo_c.dilbert.0.H2OAutoML] CPU Utilization: 90.9%
[MONITORING] [local.openml_t_168909.pygmo_c.dilbert.0.H2OAutoML] Memory Usage: 45.1%
[MONITORING] [local.openml_t_168909.pygmo_c.dilbert.0.H2OAutoML] Disk Usage: 43.2%
[MONITORING] [local.openml_t_168909.pygmo_c.dilbert.0.H2OAutoML] CPU Utilization: 90.9%
[MONITORING] [local.openml_t_168909.pygmo_c.dilbert.0.H2OAutoML] Memory Usage: 45.1%
[MONITORING] [local.openml_t_168909.pygmo_c.dilbert.0.H2OAutoML] Disk Usage: 43.2%
[MONITORING] [local.openml_t_168909.pygmo_c.dilbert.0.H2OAutoML] CPU Utilization: 90.9%
[MONITORING] [local.openml_t_168909.pygmo_c.dilbert.0.H2OAutoML] Memory Usage: 45.1%
[MONITORING] [local.openml_t_168909.pygmo_c.dilbert.0.H2OAutoML] Disk Usage: 43.2%
[MONITORING] [local.openml_t_168909.pygmo_c.dilbert.0.H2OAutoML] CPU Utilization: 91.1%
[MONITORING] [local.openml_t_168909.pygmo_c.dilbert.0.H2OAutoML] Memory Usage: 45.1%
[MONITORING] [local.openml_t_168909.pygmo_c.dilbert.0.H2OAutoML] Disk Usage: 43.2%
[MONITORING] [local.openml_t_168909.pygmo_c.dilbert.0.H2OAutoML] CPU Utilization: 90.7%
[MONITORING] [local.openml_t_168909.pygmo_c.dilbert.0.H2OAutoML] Memory Usage: 45.2%
[MONITORING] [local.openml_t_168909.pygmo_c.dilbert.0.H2OAutoML] Disk Usage: 43.2%
[MONITORING] [local.openml_t_168909.pygmo_c.dilbert.0.H2OAutoML] CPU Utilization: 93.9%
[MONITORING] [local.openml_t_168909.pygmo_c.dilbert.0.H2OAutoML] Memory Usage: 45.3%
[MONITORING] [local.openml_t_168909.pygmo_c.dilbert.0.H2OAutoML] Disk Usage: 43.2%
[MONITORING] [local.openml_t_168909.pygmo_c.dilbert.0.H2OAutoML] CPU Utilization: 95.0%
[MONITORING] [local.openml_t_168909.pygmo_c.dilbert.0.H2OAutoML] Memory Usage: 45.4%
[MONITORING] [local.openml_t_168909.pygmo_c.dilbert.0.H2OAutoML] Disk Usage: 43.2%
[MONITORING] [local.openml_t_168909.pygmo_c.dilbert.0.H2OAutoML] CPU Utilization: 95.3%
[MONITORING] [local.openml_t_168909.pygmo_c.dilbert.0.H2OAutoML] Memory Usage: 45.4%
[MONITORING] [local.openml_t_168909.pygmo_c.dilbert.0.H2OAutoML] Disk Usage: 43.2%
[MONITORING] [local.openml_t_168909.pygmo_c.dilbert.0.H2OAutoML] CPU Utilization: 95.2%
[MONITORING] [local.openml_t_168909.pygmo_c.dilbert.0.H2OAutoML] Memory Usage: 45.4%
[MONITORING] [local.openml_t_168909.pygmo_c.dilbert.0.H2OAutoML] Disk Usage: 43.2%
[MONITORING] [local.openml_t_168909.pygmo_c.dilbert.0.H2OAutoML] CPU Utilization: 95.2%
[MONITORING] [local.openml_t_168909.pygmo_c.dilbert.0.H2OAutoML] Memory Usage: 45.4%
[MONITORING] [local.openml_t_168909.pygmo_c.dilbert.0.H2OAutoML] Disk Usage: 43.2%
[MONITORING] [local.openml_t_168909.pygmo_c.dilbert.0.H2OAutoML] CPU Utilization: 95.2%
[MONITORING] [local.openml_t_168909.pygmo_c.dilbert.0.H2OAutoML] Memory Usage: 45.4%
[MONITORING] [local.openml_t_168909.pygmo_c.dilbert.0.H2OAutoML] Disk Usage: 43.2%
[MONITORING] [local.openml_t_168909.pygmo_c.dilbert.0.H2OAutoML] CPU Utilization: 95.3%
[MONITORING] [local.openml_t_168909.pygmo_c.dilbert.0.H2OAutoML] Memory Usage: 45.4%
[MONITORING] [local.openml_t_168909.pygmo_c.dilbert.0.H2OAutoML] Disk Usage: 43.2%
[MONITORING] [local.openml_t_168909.pygmo_c.dilbert.0.H2OAutoML] CPU Utilization: 95.3%
[MONITORING] [local.openml_t_168909.pygmo_c.dilbert.0.H2OAutoML] Memory Usage: 45.4%
[MONITORING] [local.openml_t_168909.pygmo_c.dilbert.0.H2OAutoML] Disk Usage: 43.2%
[MONITORING] [local.openml_t_168909.pygmo_c.dilbert.0.H2OAutoML] CPU Utilization: 95.3%
[MONITORING] [local.openml_t_168909.pygmo_c.dilbert.0.H2OAutoML] Memory Usage: 45.4%
[MONITORING] [local.openml_t_168909.pygmo_c.dilbert.0.H2OAutoML] Disk Usage: 43.2%
[MONITORING] [local.openml_t_168909.pygmo_c.dilbert.0.H2OAutoML] CPU Utilization: 95.2%
[MONITORING] [local.openml_t_168909.pygmo_c.dilbert.0.H2OAutoML] Memory Usage: 45.4%
[MONITORING] [local.openml_t_168909.pygmo_c.dilbert.0.H2OAutoML] Disk Usage: 43.2%
[MONITORING] [local.openml_t_168909.pygmo_c.dilbert.0.H2OAutoML] CPU Utilization: 95.3%
[MONITORING] [local.openml_t_168909.pygmo_c.dilbert.0.H2OAutoML] Memory Usage: 45.4%
[MONITORING] [local.openml_t_168909.pygmo_c.dilbert.0.H2OAutoML] Disk Usage: 43.2%
[MONITORING] [local.openml_t_168909.pygmo_c.dilbert.0.H2OAutoML] CPU Utilization: 89.0%
[MONITORING] [local.openml_t_168909.pygmo_c.dilbert.0.H2OAutoML] Memory Usage: 45.8%
[MONITORING] [local.openml_t_168909.pygmo_c.dilbert.0.H2OAutoML] Disk Usage: 43.2%
[MONITORING] [local.openml_t_168909.pygmo_c.dilbert.0.H2OAutoML] CPU Utilization: 88.1%
[MONITORING] [local.openml_t_168909.pygmo_c.dilbert.0.H2OAutoML] Memory Usage: 45.5%
[MONITORING] [local.openml_t_168909.pygmo_c.dilbert.0.H2OAutoML] Disk Usage: 43.2%
[MONITORING] [local.openml_t_168909.pygmo_c.dilbert.0.H2OAutoML] CPU Utilization: 94.6%
[MONITORING] [local.openml_t_168909.pygmo_c.dilbert.0.H2OAutoML] Memory Usage: 45.5%
[MONITORING] [local.openml_t_168909.pygmo_c.dilbert.0.H2OAutoML] Disk Usage: 43.2%
[MONITORING] [local.openml_t_168909.pygmo_c.dilbert.0.H2OAutoML] CPU Utilization: 94.8%
[MONITORING] [local.openml_t_168909.pygmo_c.dilbert.0.H2OAutoML] Memory Usage: 45.5%
[MONITORING] [local.openml_t_168909.pygmo_c.dilbert.0.H2OAutoML] Disk Usage: 43.2%
[MONITORING] [local.openml_t_168909.pygmo_c.dilbert.0.H2OAutoML] CPU Utilization: 90.1%
[MONITORING] [local.openml_t_168909.pygmo_c.dilbert.0.H2OAutoML] Memory Usage: 45.6%
[MONITORING] [local.openml_t_168909.pygmo_c.dilbert.0.H2OAutoML] Disk Usage: 43.2%
AutoML progress: |███████████████████████████████████████████████████████████████| (done) 100%
stackedensemble prediction progress: |███████████████████████████████████████████| (done) 100%
H2O session _sid_891e closed.



Predictions preview:
                         0                   1                      2                      3                      4 predictions truth
0    2.981674972361275E-4  0.9994029460302222  2.2427685884887963E-4  1.1164274355291923E-5   6.344533933762717E-5           1     1
1   1.4003296576340024E-4  0.9997734360804976   4.995308970013879E-5   6.217306892890508E-6   3.036055714579441E-5           1     1
2    7.964624383342029E-4  0.9990550213247937   3.963694277568333E-5  2.2900186045541705E-5   8.597910805076015E-5           1     1
3    0.005136360986698725    0.99446032047901  2.2598180919216297E-4    3.49179375461752E-5  1.4241878755291097E-4           1     1
4   1.0464708086381578E-4  0.9998482628246771  1.2786957651840885E-5  3.4309775403180017E-6    3.08721592671004E-5           1     1
5    8.833004668976831E-4  0.9989507140962023   1.468989011896689E-5  2.6461388605991935E-5   1.248341581750337E-4           1     1
6    7.306525178601907E-5  0.9997135599472236  1.3936657620217466E-4  2.7545516881740183E-5   4.646270790651158E-5           1     1
7    1.272117018321907E-5  0.9999579970970279  2.1183876643790143E-5  1.2331134679541364E-6   6.864742676970013E-6           1     1
8    3.116865539693125E-5  0.9999419118710033   7.774831610023457E-6  2.6839131620482575E-6   1.646072882762471E-5           1     1
9   3.5352815477199483E-6  0.9999871067299964   2.035100132870884E-6  1.0460268903311212E-6   6.276861432679478E-6           1     1
10  2.6763049164958066E-5  0.9999299559472465  1.0166220733528871E-5   4.457724737174525E-6  2.8657058117707987E-5           1     1
11   6.237556403413419E-4   0.999161734083325  1.1343190658898644E-4    3.77671896748949E-5   6.331118007003182E-5           1     1
12   8.550438605845155E-4  0.9990992799916888  1.7018215342377612E-5  3.3304141839686773E-6  2.5327518200160496E-5           1     1
13   4.818589641101447E-6  0.9999904118827436  1.0576200041516718E-6   4.552273747149097E-7   3.256680236367253E-6           1     1
14   6.014335605553533E-6  0.9999718785390689  2.4685410473418245E-6   9.362499615150445E-7    1.87023343167534E-5           1     1
15  4.3387300375616005E-5  0.9999341994203041  4.4842704860866365E-6   4.012784488019097E-6  1.3916224346019352E-5           1     1
16  1.0570952347047021E-5  0.9999761677313668    6.46075461531007E-6  1.2851223933595704E-6   5.515439277407803E-6           1     1
17   9.780301676301298E-4  0.9989029483890631   4.428954547832324E-5  2.7733277395621193E-5   4.699862043258456E-5           1     1
18   5.953047434199114E-6  0.9999375202546812   2.817622522808424E-5    1.98938095506641E-6  2.6361091701529183E-5           1     1
19   1.397004623082375E-4  0.9995050967392786    9.98258495160836E-5  1.0652555404378395E-5  2.4472439349267105E-4           1     1

Predictions saved to `/home/juradoi/experiments/automlbenchmark/results/h2oautoml.openml_t_168909.pygmo_c.local.20211209T210323/predictions/dilbert/0/predictions.csv`.
Loading metadata from `/home/juradoi/experiments/automlbenchmark/results/h2oautoml.openml_t_168909.pygmo_c.local.20211209T210323/predictions/dilbert/0/metadata.json`.
Loading predictions from `/home/juradoi/experiments/automlbenchmark/results/h2oautoml.openml_t_168909.pygmo_c.local.20211209T210323/predictions/dilbert/0/predictions.csv`.
Metric scores: { 'acc': 0.988,
  'app_version': 'dev [master, beef024]',
  'balacc': 0.9880976464870732,
  'constraint': 'pygmo_c',
  'duration': nan,
  'fold': 0,
  'framework': 'H2OAutoML',
  'id': 'openml.org/t/168909',
  'info': None,
  'logloss': 0.03590448948076112,
  'metric': 'neg_logloss',
  'mode': 'local',
  'models_count': 19,
  'params': '',
  'predict_duration': 0.3242220878601074,
  'result': -0.03590448948076112,
  'seed': 1847671349,
  'task': 'dilbert',
  'training_duration': 3601.63641166687,
  'type': 'multiclass',
  'utc': '2021-12-09T22:04:43',
  'version': '3.34.0.3'}
Job `local.openml_t_168909.pygmo_c.dilbert.0.H2OAutoML` executed in 3652.525 seconds.
All jobs executed in 3679.454 seconds.
[MONITORING] [local.openml_t_168909.pygmo_c.dilbert.0.H2OAutoML] CPU Utilization: 78.6%
[MONITORING] [local.openml_t_168909.pygmo_c.dilbert.0.H2OAutoML] Memory Usage: 2.3%
[MONITORING] [local.openml_t_168909.pygmo_c.dilbert.0.H2OAutoML] Disk Usage: 43.2%
Processing results for h2oautoml.openml_t_168909.pygmo_c.local.20211209T210323
Scores saved to `/home/juradoi/experiments/automlbenchmark/results/h2oautoml.openml_t_168909.pygmo_c.local.20211209T210323/scores/H2OAutoML.benchmark_openml_t_168909.csv`.
Scores saved to `/home/juradoi/experiments/automlbenchmark/results/h2oautoml.openml_t_168909.pygmo_c.local.20211209T210323/scores/results.csv`.
Scores saved to `/home/juradoi/experiments/automlbenchmark/results/results.csv`.
Summing up scores for current run:
                 id    task fold framework constraint    result      metric  duration       seed
openml.org/t/168909 dilbert    0 H2OAutoML    pygmo_c -0.035904 neg_logloss    3652.5 1847671349
