/var/spool/slurm/slurmd/job8496234/slurm_script: line 8: activate: No such file or directory
Running benchmark `H2OAutoML` on `openml/t/359975` framework in `local` mode.
Loading frameworks definitions from ['/home/juradoi/experiments/automlbenchmark/resources/frameworks.yaml'].
Loading benchmark constraint definitions from ['/home/juradoi/experiments/automlbenchmark/resources/constraints.yaml'].
Loading openml task 359975.

-----------------------------------------------------------------
Starting job local.openml_t_359975.pygmo_c.Satellite.0.H2OAutoML.
Assigning 16 cores (total=16) for new task Satellite.
Assigning 91535 MB (total=95302 MB) for new Satellite task.
[MONITORING] [local.openml_t_359975.pygmo_c.Satellite.0.H2OAutoML] CPU Utilization: 15.7%
[MONITORING] [local.openml_t_359975.pygmo_c.Satellite.0.H2OAutoML] Memory Usage: 1.8%
[MONITORING] [local.openml_t_359975.pygmo_c.Satellite.0.H2OAutoML] Disk Usage: 43.1%
Running task Satellite on framework H2OAutoML with config:
TaskConfig({})
Running cmd `/home/juradoi/experiments/automlbenchmark/frameworks/H2OAutoML/venv/bin/python -W ignore /home/juradoi/experiments/automlbenchmark/frameworks/H2OAutoML/exec.py`
INFO:__main__:
**** H2O AutoML [v3.34.0.3] ****

INFO:__main__:Starting H2O cluster with 16 cores, 61023M memory.
Checking whether there is an H2O instance running at http://localhost:7650 ..... not found.
Attempting to start a local H2O server...
  Java Version: openjdk version "11.0.12" 2021-07-20; OpenJDK Runtime Environment (build 11.0.12+7-post-Debian-2deb10u1); OpenJDK 64-Bit Server VM (build 11.0.12+7-post-Debian-2deb10u1, mixed mode, sharing)
  Starting server from /home/juradoi/experiments/automlbenchmark/frameworks/H2OAutoML/venv/lib/python3.8/site-packages/h2o/backend/bin/h2o.jar
  Ice root: /tmp/tmpmsdxua5j
  JVM stdout: /tmp/tmpmsdxua5j/h2o_unknownUser_started_from_python.out
  JVM stderr: /tmp/tmpmsdxua5j/h2o_unknownUser_started_from_python.err
  Server is running at http://127.0.0.1:7650
Connecting to H2O server at http://127.0.0.1:7650 ... successful.
--------------------------  ------------------------------------------------------------------
H2O_cluster_uptime:         01 secs
H2O_cluster_timezone:       Europe/Amsterdam
H2O_data_parsing_timezone:  UTC
H2O_cluster_version:        3.34.0.3
H2O_cluster_version_age:    2 months and 2 days
H2O_cluster_name:           H2O_from_python_unknownUser_spgrc7
H2O_cluster_total_nodes:    1
H2O_cluster_free_memory:    59.59 Gb
H2O_cluster_total_cores:    16
H2O_cluster_allowed_cores:  16
H2O_cluster_status:         locked, healthy
H2O_connection_url:         http://127.0.0.1:7650
H2O_connection_proxy:       {"http": null, "https": null}
H2O_internal_security:      False
H2O_API_Extensions:         Amazon S3, XGBoost, Algos, AutoML, Core V3, TargetEncoder, Core V4
Python_version:             3.8.12 final
--------------------------  ------------------------------------------------------------------
Parse progress: |████████████████████████████████████████████████████████████████| (done) 100%
Parse progress: |████████████████████████████████████████████████████████████████| (done) 100%
INFO:__main__:Running model on task Satellite, fold 0.
[MONITORING] [local.openml_t_359975.pygmo_c.Satellite.0.H2OAutoML] CPU Utilization: 53.1%
[MONITORING] [local.openml_t_359975.pygmo_c.Satellite.0.H2OAutoML] Memory Usage: 43.5%
[MONITORING] [local.openml_t_359975.pygmo_c.Satellite.0.H2OAutoML] Disk Usage: 43.1%
[MONITORING] [local.openml_t_359975.pygmo_c.Satellite.0.H2OAutoML] CPU Utilization: 67.1%
[MONITORING] [local.openml_t_359975.pygmo_c.Satellite.0.H2OAutoML] Memory Usage: 45.4%
[MONITORING] [local.openml_t_359975.pygmo_c.Satellite.0.H2OAutoML] Disk Usage: 43.1%
[MONITORING] [local.openml_t_359975.pygmo_c.Satellite.0.H2OAutoML] CPU Utilization: 76.7%
[MONITORING] [local.openml_t_359975.pygmo_c.Satellite.0.H2OAutoML] Memory Usage: 46.6%
[MONITORING] [local.openml_t_359975.pygmo_c.Satellite.0.H2OAutoML] Disk Usage: 43.1%
[MONITORING] [local.openml_t_359975.pygmo_c.Satellite.0.H2OAutoML] CPU Utilization: 76.3%
[MONITORING] [local.openml_t_359975.pygmo_c.Satellite.0.H2OAutoML] Memory Usage: 47.1%
[MONITORING] [local.openml_t_359975.pygmo_c.Satellite.0.H2OAutoML] Disk Usage: 43.1%
[MONITORING] [local.openml_t_359975.pygmo_c.Satellite.0.H2OAutoML] CPU Utilization: 78.4%
[MONITORING] [local.openml_t_359975.pygmo_c.Satellite.0.H2OAutoML] Memory Usage: 48.7%
[MONITORING] [local.openml_t_359975.pygmo_c.Satellite.0.H2OAutoML] Disk Usage: 43.1%
[MONITORING] [local.openml_t_359975.pygmo_c.Satellite.0.H2OAutoML] CPU Utilization: 77.3%
[MONITORING] [local.openml_t_359975.pygmo_c.Satellite.0.H2OAutoML] Memory Usage: 48.8%
[MONITORING] [local.openml_t_359975.pygmo_c.Satellite.0.H2OAutoML] Disk Usage: 43.1%
[MONITORING] [local.openml_t_359975.pygmo_c.Satellite.0.H2OAutoML] CPU Utilization: 77.3%
[MONITORING] [local.openml_t_359975.pygmo_c.Satellite.0.H2OAutoML] Memory Usage: 48.8%
[MONITORING] [local.openml_t_359975.pygmo_c.Satellite.0.H2OAutoML] Disk Usage: 43.1%
[MONITORING] [local.openml_t_359975.pygmo_c.Satellite.0.H2OAutoML] CPU Utilization: 76.2%
[MONITORING] [local.openml_t_359975.pygmo_c.Satellite.0.H2OAutoML] Memory Usage: 49.8%
[MONITORING] [local.openml_t_359975.pygmo_c.Satellite.0.H2OAutoML] Disk Usage: 43.1%
[MONITORING] [local.openml_t_359975.pygmo_c.Satellite.0.H2OAutoML] CPU Utilization: 74.9%
[MONITORING] [local.openml_t_359975.pygmo_c.Satellite.0.H2OAutoML] Memory Usage: 49.8%
[MONITORING] [local.openml_t_359975.pygmo_c.Satellite.0.H2OAutoML] Disk Usage: 43.1%
[MONITORING] [local.openml_t_359975.pygmo_c.Satellite.0.H2OAutoML] CPU Utilization: 76.7%
[MONITORING] [local.openml_t_359975.pygmo_c.Satellite.0.H2OAutoML] Memory Usage: 50.5%
[MONITORING] [local.openml_t_359975.pygmo_c.Satellite.0.H2OAutoML] Disk Usage: 43.1%
[MONITORING] [local.openml_t_359975.pygmo_c.Satellite.0.H2OAutoML] CPU Utilization: 74.6%
[MONITORING] [local.openml_t_359975.pygmo_c.Satellite.0.H2OAutoML] Memory Usage: 50.7%
[MONITORING] [local.openml_t_359975.pygmo_c.Satellite.0.H2OAutoML] Disk Usage: 43.1%
[MONITORING] [local.openml_t_359975.pygmo_c.Satellite.0.H2OAutoML] CPU Utilization: 75.4%
[MONITORING] [local.openml_t_359975.pygmo_c.Satellite.0.H2OAutoML] Memory Usage: 51.4%
[MONITORING] [local.openml_t_359975.pygmo_c.Satellite.0.H2OAutoML] Disk Usage: 43.1%
[MONITORING] [local.openml_t_359975.pygmo_c.Satellite.0.H2OAutoML] CPU Utilization: 74.9%
[MONITORING] [local.openml_t_359975.pygmo_c.Satellite.0.H2OAutoML] Memory Usage: 52.1%
[MONITORING] [local.openml_t_359975.pygmo_c.Satellite.0.H2OAutoML] Disk Usage: 43.1%
[MONITORING] [local.openml_t_359975.pygmo_c.Satellite.0.H2OAutoML] CPU Utilization: 76.3%
[MONITORING] [local.openml_t_359975.pygmo_c.Satellite.0.H2OAutoML] Memory Usage: 52.4%
[MONITORING] [local.openml_t_359975.pygmo_c.Satellite.0.H2OAutoML] Disk Usage: 43.1%
[MONITORING] [local.openml_t_359975.pygmo_c.Satellite.0.H2OAutoML] CPU Utilization: 75.6%
[MONITORING] [local.openml_t_359975.pygmo_c.Satellite.0.H2OAutoML] Memory Usage: 52.8%
[MONITORING] [local.openml_t_359975.pygmo_c.Satellite.0.H2OAutoML] Disk Usage: 43.1%
[MONITORING] [local.openml_t_359975.pygmo_c.Satellite.0.H2OAutoML] CPU Utilization: 75.4%
[MONITORING] [local.openml_t_359975.pygmo_c.Satellite.0.H2OAutoML] Memory Usage: 53.6%
[MONITORING] [local.openml_t_359975.pygmo_c.Satellite.0.H2OAutoML] Disk Usage: 43.1%
[MONITORING] [local.openml_t_359975.pygmo_c.Satellite.0.H2OAutoML] CPU Utilization: 76.2%
[MONITORING] [local.openml_t_359975.pygmo_c.Satellite.0.H2OAutoML] Memory Usage: 53.8%
[MONITORING] [local.openml_t_359975.pygmo_c.Satellite.0.H2OAutoML] Disk Usage: 43.1%
[MONITORING] [local.openml_t_359975.pygmo_c.Satellite.0.H2OAutoML] CPU Utilization: 76.2%
[MONITORING] [local.openml_t_359975.pygmo_c.Satellite.0.H2OAutoML] Memory Usage: 54.5%
[MONITORING] [local.openml_t_359975.pygmo_c.Satellite.0.H2OAutoML] Disk Usage: 43.1%
[MONITORING] [local.openml_t_359975.pygmo_c.Satellite.0.H2OAutoML] CPU Utilization: 75.7%
[MONITORING] [local.openml_t_359975.pygmo_c.Satellite.0.H2OAutoML] Memory Usage: 55.0%
[MONITORING] [local.openml_t_359975.pygmo_c.Satellite.0.H2OAutoML] Disk Usage: 43.1%
[MONITORING] [local.openml_t_359975.pygmo_c.Satellite.0.H2OAutoML] CPU Utilization: 74.0%
[MONITORING] [local.openml_t_359975.pygmo_c.Satellite.0.H2OAutoML] Memory Usage: 55.7%
[MONITORING] [local.openml_t_359975.pygmo_c.Satellite.0.H2OAutoML] Disk Usage: 43.1%
[MONITORING] [local.openml_t_359975.pygmo_c.Satellite.0.H2OAutoML] CPU Utilization: 74.8%
[MONITORING] [local.openml_t_359975.pygmo_c.Satellite.0.H2OAutoML] Memory Usage: 56.3%
[MONITORING] [local.openml_t_359975.pygmo_c.Satellite.0.H2OAutoML] Disk Usage: 43.1%
[MONITORING] [local.openml_t_359975.pygmo_c.Satellite.0.H2OAutoML] CPU Utilization: 80.0%
[MONITORING] [local.openml_t_359975.pygmo_c.Satellite.0.H2OAutoML] Memory Usage: 56.3%
[MONITORING] [local.openml_t_359975.pygmo_c.Satellite.0.H2OAutoML] Disk Usage: 43.1%
[MONITORING] [local.openml_t_359975.pygmo_c.Satellite.0.H2OAutoML] CPU Utilization: 99.9%
[MONITORING] [local.openml_t_359975.pygmo_c.Satellite.0.H2OAutoML] Memory Usage: 56.3%
[MONITORING] [local.openml_t_359975.pygmo_c.Satellite.0.H2OAutoML] Disk Usage: 43.1%
[MONITORING] [local.openml_t_359975.pygmo_c.Satellite.0.H2OAutoML] CPU Utilization: 98.3%
[MONITORING] [local.openml_t_359975.pygmo_c.Satellite.0.H2OAutoML] Memory Usage: 56.3%
[MONITORING] [local.openml_t_359975.pygmo_c.Satellite.0.H2OAutoML] Disk Usage: 43.1%
[MONITORING] [local.openml_t_359975.pygmo_c.Satellite.0.H2OAutoML] CPU Utilization: 95.7%
[MONITORING] [local.openml_t_359975.pygmo_c.Satellite.0.H2OAutoML] Memory Usage: 56.3%
[MONITORING] [local.openml_t_359975.pygmo_c.Satellite.0.H2OAutoML] Disk Usage: 43.1%
[MONITORING] [local.openml_t_359975.pygmo_c.Satellite.0.H2OAutoML] CPU Utilization: 99.8%
[MONITORING] [local.openml_t_359975.pygmo_c.Satellite.0.H2OAutoML] Memory Usage: 56.3%
[MONITORING] [local.openml_t_359975.pygmo_c.Satellite.0.H2OAutoML] Disk Usage: 43.1%
[MONITORING] [local.openml_t_359975.pygmo_c.Satellite.0.H2OAutoML] CPU Utilization: 96.4%
[MONITORING] [local.openml_t_359975.pygmo_c.Satellite.0.H2OAutoML] Memory Usage: 56.3%
[MONITORING] [local.openml_t_359975.pygmo_c.Satellite.0.H2OAutoML] Disk Usage: 43.1%
[MONITORING] [local.openml_t_359975.pygmo_c.Satellite.0.H2OAutoML] CPU Utilization: 90.9%
[MONITORING] [local.openml_t_359975.pygmo_c.Satellite.0.H2OAutoML] Memory Usage: 56.7%
[MONITORING] [local.openml_t_359975.pygmo_c.Satellite.0.H2OAutoML] Disk Usage: 43.1%
[MONITORING] [local.openml_t_359975.pygmo_c.Satellite.0.H2OAutoML] CPU Utilization: 96.4%
[MONITORING] [local.openml_t_359975.pygmo_c.Satellite.0.H2OAutoML] Memory Usage: 57.4%
[MONITORING] [local.openml_t_359975.pygmo_c.Satellite.0.H2OAutoML] Disk Usage: 43.1%
[MONITORING] [local.openml_t_359975.pygmo_c.Satellite.0.H2OAutoML] CPU Utilization: 84.8%
[MONITORING] [local.openml_t_359975.pygmo_c.Satellite.0.H2OAutoML] Memory Usage: 57.5%
[MONITORING] [local.openml_t_359975.pygmo_c.Satellite.0.H2OAutoML] Disk Usage: 43.1%
AutoML progress: |███████████████████████████████████████████████████████████████| (done) 100%
stackedensemble prediction progress: |███████████████████████████████████████████| (done) 100%
H2O session _sid_81f6 closed.



Predictions preview:
                   Anomaly              Normal predictions   truth
0   0.0010058283805847168  0.9989941716194153      Normal  Normal
1   0.0010058283805847168  0.9989941716194153      Normal  Normal
2   0.0010058283805847168  0.9989941716194153      Normal  Normal
3   0.0010058283805847168  0.9989941716194153      Normal  Normal
4   0.0010058283805847168  0.9989941716194153      Normal  Normal
5   0.0010058283805847168  0.9989941716194153      Normal  Normal
6   0.0013260841369628906  0.9986739158630371      Normal  Normal
7   0.0010058283805847168  0.9989941716194153      Normal  Normal
8   0.0010058283805847168  0.9989941716194153      Normal  Normal
9   0.0010058283805847168  0.9989941716194153      Normal  Normal
10  0.0010058283805847168  0.9989941716194153      Normal  Normal
11  0.0010058283805847168  0.9989941716194153      Normal  Normal
12  0.0010058283805847168  0.9989941716194153      Normal  Normal
13  0.0010058283805847168  0.9989941716194153      Normal  Normal
14  0.0010058283805847168  0.9989941716194153      Normal  Normal
15  0.0010058283805847168  0.9989941716194153      Normal  Normal
16  0.0010058283805847168  0.9989941716194153      Normal  Normal
17  0.0010058283805847168  0.9989941716194153      Normal  Normal
18   0.001800835132598877  0.9981991648674011      Normal  Normal
19  0.0010058283805847168  0.9989941716194153      Normal  Normal

Predictions saved to `/home/juradoi/experiments/automlbenchmark/results/h2oautoml.openml_t_359975.pygmo_c.local.20211210T063558/predictions/Satellite/0/predictions.csv`.
Loading metadata from `/home/juradoi/experiments/automlbenchmark/results/h2oautoml.openml_t_359975.pygmo_c.local.20211210T063558/predictions/Satellite/0/metadata.json`.
Loading predictions from `/home/juradoi/experiments/automlbenchmark/results/h2oautoml.openml_t_359975.pygmo_c.local.20211210T063558/predictions/Satellite/0/predictions.csv`.
Metric scores: { 'acc': 0.9901960784313726,
  'app_version': 'dev [master, beef024]',
  'auc': 0.9914796932689577,
  'balacc': 0.713291678500426,
  'constraint': 'pygmo_c',
  'duration': nan,
  'fold': 0,
  'framework': 'H2OAutoML',
  'id': 'openml.org/t/359975',
  'info': None,
  'logloss': 0.029949956028230435,
  'metric': 'auc',
  'mode': 'local',
  'models_count': 1020,
  'params': '',
  'predict_duration': 0.3635118007659912,
  'result': 0.9914796932689577,
  'seed': 1246118356,
  'task': 'Satellite',
  'training_duration': 3604.762444257736,
  'type': 'binary',
  'utc': '2021-12-10T07:36:14',
  'version': '3.34.0.3'}
Job `local.openml_t_359975.pygmo_c.Satellite.0.H2OAutoML` executed in 3615.913 seconds.
All jobs executed in 3615.923 seconds.
[MONITORING] [local.openml_t_359975.pygmo_c.Satellite.0.H2OAutoML] CPU Utilization: 34.9%
[MONITORING] [local.openml_t_359975.pygmo_c.Satellite.0.H2OAutoML] Memory Usage: 1.8%
[MONITORING] [local.openml_t_359975.pygmo_c.Satellite.0.H2OAutoML] Disk Usage: 43.1%
Processing results for h2oautoml.openml_t_359975.pygmo_c.local.20211210T063558
Scores saved to `/home/juradoi/experiments/automlbenchmark/results/h2oautoml.openml_t_359975.pygmo_c.local.20211210T063558/scores/H2OAutoML.benchmark_openml_t_359975.csv`.
Scores saved to `/home/juradoi/experiments/automlbenchmark/results/h2oautoml.openml_t_359975.pygmo_c.local.20211210T063558/scores/results.csv`.
Scores saved to `/home/juradoi/experiments/automlbenchmark/results/results.csv`.
Summing up scores for current run:
                 id      task fold framework constraint  result metric  duration       seed
openml.org/t/359975 Satellite    0 H2OAutoML    pygmo_c 0.99148    auc    3615.9 1246118356
