/var/spool/slurm/slurmd/job8494144/slurm_script: line 8: activate: No such file or directory
Running benchmark `H2OAutoML` on `openml/t/359965` framework in `local` mode.
Loading frameworks definitions from ['/home/juradoi/experiments/automlbenchmark/resources/frameworks.yaml'].
Loading benchmark constraint definitions from ['/home/juradoi/experiments/automlbenchmark/resources/constraints.yaml'].
Loading openml task 359965.

----------------------------------------------------------------
Starting job local.openml_t_359965.pygmo_c.kr-vs-kp.0.H2OAutoML.
Assigning 16 cores (total=16) for new task kr-vs-kp.
Assigning 91320 MB (total=95302 MB) for new kr-vs-kp task.
[MONITORING] [local.openml_t_359965.pygmo_c.kr-vs-kp.0.H2OAutoML] CPU Utilization: 18.1%
[MONITORING] [local.openml_t_359965.pygmo_c.kr-vs-kp.0.H2OAutoML] Memory Usage: 2.0%
[MONITORING] [local.openml_t_359965.pygmo_c.kr-vs-kp.0.H2OAutoML] Disk Usage: 43.1%
Running task kr-vs-kp on framework H2OAutoML with config:
TaskConfig({})
Running cmd `/home/juradoi/experiments/automlbenchmark/frameworks/H2OAutoML/venv/bin/python -W ignore /home/juradoi/experiments/automlbenchmark/frameworks/H2OAutoML/exec.py`
INFO:__main__:
**** H2O AutoML [v3.34.0.3] ****

INFO:__main__:Starting H2O cluster with 16 cores, 60880M memory.
Checking whether there is an H2O instance running at http://localhost:2934 ..... not found.
Attempting to start a local H2O server...
  Java Version: openjdk version "11.0.12" 2021-07-20; OpenJDK Runtime Environment (build 11.0.12+7-post-Debian-2deb10u1); OpenJDK 64-Bit Server VM (build 11.0.12+7-post-Debian-2deb10u1, mixed mode, sharing)
  Starting server from /home/juradoi/experiments/automlbenchmark/frameworks/H2OAutoML/venv/lib/python3.8/site-packages/h2o/backend/bin/h2o.jar
  Ice root: /tmp/tmpz3eluw0q
  JVM stdout: /tmp/tmpz3eluw0q/h2o_unknownUser_started_from_python.out
  JVM stderr: /tmp/tmpz3eluw0q/h2o_unknownUser_started_from_python.err
  Server is running at http://127.0.0.1:2934
Connecting to H2O server at http://127.0.0.1:2934 ... successful.
--------------------------  ------------------------------------------------------------------
H2O_cluster_uptime:         01 secs
H2O_cluster_timezone:       Europe/Amsterdam
H2O_data_parsing_timezone:  UTC
H2O_cluster_version:        3.34.0.3
H2O_cluster_version_age:    2 months and 2 days
H2O_cluster_name:           H2O_from_python_unknownUser_o8xxa8
H2O_cluster_total_nodes:    1
H2O_cluster_free_memory:    59.45 Gb
H2O_cluster_total_cores:    16
H2O_cluster_allowed_cores:  16
H2O_cluster_status:         locked, healthy
H2O_connection_url:         http://127.0.0.1:2934
H2O_connection_proxy:       {"http": null, "https": null}
H2O_internal_security:      False
H2O_API_Extensions:         Amazon S3, XGBoost, Algos, AutoML, Core V3, TargetEncoder, Core V4
Python_version:             3.8.12 final
--------------------------  ------------------------------------------------------------------
Parse progress: |████████████████████████████████████████████████████████████████| (done) 100%
Parse progress: |████████████████████████████████████████████████████████████████| (done) 100%
Parse progress: |████████████████████████████████████████████████████████████████| (done) 100%
INFO:__main__:Running model on task kr-vs-kp, fold 0.
[MONITORING] [local.openml_t_359965.pygmo_c.kr-vs-kp.0.H2OAutoML] CPU Utilization: 54.0%
[MONITORING] [local.openml_t_359965.pygmo_c.kr-vs-kp.0.H2OAutoML] Memory Usage: 32.2%
[MONITORING] [local.openml_t_359965.pygmo_c.kr-vs-kp.0.H2OAutoML] Disk Usage: 43.1%
[MONITORING] [local.openml_t_359965.pygmo_c.kr-vs-kp.0.H2OAutoML] CPU Utilization: 72.2%
[MONITORING] [local.openml_t_359965.pygmo_c.kr-vs-kp.0.H2OAutoML] Memory Usage: 45.4%
[MONITORING] [local.openml_t_359965.pygmo_c.kr-vs-kp.0.H2OAutoML] Disk Usage: 43.1%
[MONITORING] [local.openml_t_359965.pygmo_c.kr-vs-kp.0.H2OAutoML] CPU Utilization: 74.2%
[MONITORING] [local.openml_t_359965.pygmo_c.kr-vs-kp.0.H2OAutoML] Memory Usage: 46.2%
[MONITORING] [local.openml_t_359965.pygmo_c.kr-vs-kp.0.H2OAutoML] Disk Usage: 43.1%
[MONITORING] [local.openml_t_359965.pygmo_c.kr-vs-kp.0.H2OAutoML] CPU Utilization: 75.1%
[MONITORING] [local.openml_t_359965.pygmo_c.kr-vs-kp.0.H2OAutoML] Memory Usage: 46.4%
[MONITORING] [local.openml_t_359965.pygmo_c.kr-vs-kp.0.H2OAutoML] Disk Usage: 43.1%
[MONITORING] [local.openml_t_359965.pygmo_c.kr-vs-kp.0.H2OAutoML] CPU Utilization: 73.7%
[MONITORING] [local.openml_t_359965.pygmo_c.kr-vs-kp.0.H2OAutoML] Memory Usage: 47.4%
[MONITORING] [local.openml_t_359965.pygmo_c.kr-vs-kp.0.H2OAutoML] Disk Usage: 43.1%
[MONITORING] [local.openml_t_359965.pygmo_c.kr-vs-kp.0.H2OAutoML] CPU Utilization: 72.7%
[MONITORING] [local.openml_t_359965.pygmo_c.kr-vs-kp.0.H2OAutoML] Memory Usage: 47.4%
[MONITORING] [local.openml_t_359965.pygmo_c.kr-vs-kp.0.H2OAutoML] Disk Usage: 43.1%
[MONITORING] [local.openml_t_359965.pygmo_c.kr-vs-kp.0.H2OAutoML] CPU Utilization: 73.3%
[MONITORING] [local.openml_t_359965.pygmo_c.kr-vs-kp.0.H2OAutoML] Memory Usage: 47.8%
[MONITORING] [local.openml_t_359965.pygmo_c.kr-vs-kp.0.H2OAutoML] Disk Usage: 43.1%
[MONITORING] [local.openml_t_359965.pygmo_c.kr-vs-kp.0.H2OAutoML] CPU Utilization: 76.2%
[MONITORING] [local.openml_t_359965.pygmo_c.kr-vs-kp.0.H2OAutoML] Memory Usage: 48.7%
[MONITORING] [local.openml_t_359965.pygmo_c.kr-vs-kp.0.H2OAutoML] Disk Usage: 43.1%
[MONITORING] [local.openml_t_359965.pygmo_c.kr-vs-kp.0.H2OAutoML] CPU Utilization: 75.5%
[MONITORING] [local.openml_t_359965.pygmo_c.kr-vs-kp.0.H2OAutoML] Memory Usage: 48.7%
[MONITORING] [local.openml_t_359965.pygmo_c.kr-vs-kp.0.H2OAutoML] Disk Usage: 43.1%
[MONITORING] [local.openml_t_359965.pygmo_c.kr-vs-kp.0.H2OAutoML] CPU Utilization: 73.9%
[MONITORING] [local.openml_t_359965.pygmo_c.kr-vs-kp.0.H2OAutoML] Memory Usage: 49.8%
[MONITORING] [local.openml_t_359965.pygmo_c.kr-vs-kp.0.H2OAutoML] Disk Usage: 43.1%
[MONITORING] [local.openml_t_359965.pygmo_c.kr-vs-kp.0.H2OAutoML] CPU Utilization: 72.7%
[MONITORING] [local.openml_t_359965.pygmo_c.kr-vs-kp.0.H2OAutoML] Memory Usage: 50.1%
[MONITORING] [local.openml_t_359965.pygmo_c.kr-vs-kp.0.H2OAutoML] Disk Usage: 43.1%
[MONITORING] [local.openml_t_359965.pygmo_c.kr-vs-kp.0.H2OAutoML] CPU Utilization: 72.1%
[MONITORING] [local.openml_t_359965.pygmo_c.kr-vs-kp.0.H2OAutoML] Memory Usage: 50.4%
[MONITORING] [local.openml_t_359965.pygmo_c.kr-vs-kp.0.H2OAutoML] Disk Usage: 43.1%
[MONITORING] [local.openml_t_359965.pygmo_c.kr-vs-kp.0.H2OAutoML] CPU Utilization: 72.7%
[MONITORING] [local.openml_t_359965.pygmo_c.kr-vs-kp.0.H2OAutoML] Memory Usage: 51.2%
[MONITORING] [local.openml_t_359965.pygmo_c.kr-vs-kp.0.H2OAutoML] Disk Usage: 43.1%
[MONITORING] [local.openml_t_359965.pygmo_c.kr-vs-kp.0.H2OAutoML] CPU Utilization: 71.8%
[MONITORING] [local.openml_t_359965.pygmo_c.kr-vs-kp.0.H2OAutoML] Memory Usage: 51.2%
[MONITORING] [local.openml_t_359965.pygmo_c.kr-vs-kp.0.H2OAutoML] Disk Usage: 43.1%
[MONITORING] [local.openml_t_359965.pygmo_c.kr-vs-kp.0.H2OAutoML] CPU Utilization: 66.8%
[MONITORING] [local.openml_t_359965.pygmo_c.kr-vs-kp.0.H2OAutoML] Memory Usage: 51.6%
[MONITORING] [local.openml_t_359965.pygmo_c.kr-vs-kp.0.H2OAutoML] Disk Usage: 43.1%
[MONITORING] [local.openml_t_359965.pygmo_c.kr-vs-kp.0.H2OAutoML] CPU Utilization: 62.2%
[MONITORING] [local.openml_t_359965.pygmo_c.kr-vs-kp.0.H2OAutoML] Memory Usage: 51.8%
[MONITORING] [local.openml_t_359965.pygmo_c.kr-vs-kp.0.H2OAutoML] Disk Usage: 43.1%
[MONITORING] [local.openml_t_359965.pygmo_c.kr-vs-kp.0.H2OAutoML] CPU Utilization: 61.2%
[MONITORING] [local.openml_t_359965.pygmo_c.kr-vs-kp.0.H2OAutoML] Memory Usage: 52.0%
[MONITORING] [local.openml_t_359965.pygmo_c.kr-vs-kp.0.H2OAutoML] Disk Usage: 43.1%
[MONITORING] [local.openml_t_359965.pygmo_c.kr-vs-kp.0.H2OAutoML] CPU Utilization: 62.9%
[MONITORING] [local.openml_t_359965.pygmo_c.kr-vs-kp.0.H2OAutoML] Memory Usage: 52.8%
[MONITORING] [local.openml_t_359965.pygmo_c.kr-vs-kp.0.H2OAutoML] Disk Usage: 43.1%
[MONITORING] [local.openml_t_359965.pygmo_c.kr-vs-kp.0.H2OAutoML] CPU Utilization: 61.1%
[MONITORING] [local.openml_t_359965.pygmo_c.kr-vs-kp.0.H2OAutoML] Memory Usage: 52.9%
[MONITORING] [local.openml_t_359965.pygmo_c.kr-vs-kp.0.H2OAutoML] Disk Usage: 43.1%
[MONITORING] [local.openml_t_359965.pygmo_c.kr-vs-kp.0.H2OAutoML] CPU Utilization: 62.7%
[MONITORING] [local.openml_t_359965.pygmo_c.kr-vs-kp.0.H2OAutoML] Memory Usage: 53.7%
[MONITORING] [local.openml_t_359965.pygmo_c.kr-vs-kp.0.H2OAutoML] Disk Usage: 43.1%
[MONITORING] [local.openml_t_359965.pygmo_c.kr-vs-kp.0.H2OAutoML] CPU Utilization: 60.8%
[MONITORING] [local.openml_t_359965.pygmo_c.kr-vs-kp.0.H2OAutoML] Memory Usage: 53.7%
[MONITORING] [local.openml_t_359965.pygmo_c.kr-vs-kp.0.H2OAutoML] Disk Usage: 43.1%
[MONITORING] [local.openml_t_359965.pygmo_c.kr-vs-kp.0.H2OAutoML] CPU Utilization: 58.4%
[MONITORING] [local.openml_t_359965.pygmo_c.kr-vs-kp.0.H2OAutoML] Memory Usage: 54.2%
[MONITORING] [local.openml_t_359965.pygmo_c.kr-vs-kp.0.H2OAutoML] Disk Usage: 43.1%
[MONITORING] [local.openml_t_359965.pygmo_c.kr-vs-kp.0.H2OAutoML] CPU Utilization: 60.9%
[MONITORING] [local.openml_t_359965.pygmo_c.kr-vs-kp.0.H2OAutoML] Memory Usage: 54.8%
[MONITORING] [local.openml_t_359965.pygmo_c.kr-vs-kp.0.H2OAutoML] Disk Usage: 43.1%
[MONITORING] [local.openml_t_359965.pygmo_c.kr-vs-kp.0.H2OAutoML] CPU Utilization: 81.9%
[MONITORING] [local.openml_t_359965.pygmo_c.kr-vs-kp.0.H2OAutoML] Memory Usage: 55.0%
[MONITORING] [local.openml_t_359965.pygmo_c.kr-vs-kp.0.H2OAutoML] Disk Usage: 43.1%
[MONITORING] [local.openml_t_359965.pygmo_c.kr-vs-kp.0.H2OAutoML] CPU Utilization: 94.8%
[MONITORING] [local.openml_t_359965.pygmo_c.kr-vs-kp.0.H2OAutoML] Memory Usage: 55.1%
[MONITORING] [local.openml_t_359965.pygmo_c.kr-vs-kp.0.H2OAutoML] Disk Usage: 43.1%
[MONITORING] [local.openml_t_359965.pygmo_c.kr-vs-kp.0.H2OAutoML] CPU Utilization: 95.5%
[MONITORING] [local.openml_t_359965.pygmo_c.kr-vs-kp.0.H2OAutoML] Memory Usage: 55.1%
[MONITORING] [local.openml_t_359965.pygmo_c.kr-vs-kp.0.H2OAutoML] Disk Usage: 43.1%
[MONITORING] [local.openml_t_359965.pygmo_c.kr-vs-kp.0.H2OAutoML] CPU Utilization: 93.8%
[MONITORING] [local.openml_t_359965.pygmo_c.kr-vs-kp.0.H2OAutoML] Memory Usage: 55.2%
[MONITORING] [local.openml_t_359965.pygmo_c.kr-vs-kp.0.H2OAutoML] Disk Usage: 43.1%
[MONITORING] [local.openml_t_359965.pygmo_c.kr-vs-kp.0.H2OAutoML] CPU Utilization: 91.5%
[MONITORING] [local.openml_t_359965.pygmo_c.kr-vs-kp.0.H2OAutoML] Memory Usage: 55.6%
[MONITORING] [local.openml_t_359965.pygmo_c.kr-vs-kp.0.H2OAutoML] Disk Usage: 43.1%
[MONITORING] [local.openml_t_359965.pygmo_c.kr-vs-kp.0.H2OAutoML] CPU Utilization: 93.9%
[MONITORING] [local.openml_t_359965.pygmo_c.kr-vs-kp.0.H2OAutoML] Memory Usage: 55.6%
[MONITORING] [local.openml_t_359965.pygmo_c.kr-vs-kp.0.H2OAutoML] Disk Usage: 43.1%
[MONITORING] [local.openml_t_359965.pygmo_c.kr-vs-kp.0.H2OAutoML] CPU Utilization: 81.8%
[MONITORING] [local.openml_t_359965.pygmo_c.kr-vs-kp.0.H2OAutoML] Memory Usage: 56.3%
[MONITORING] [local.openml_t_359965.pygmo_c.kr-vs-kp.0.H2OAutoML] Disk Usage: 43.1%
AutoML progress: |███████████████████████████████████████████████████████████████| (done) 100%
gbm prediction progress: |███████████████████████████████████████████████████████| (done) 100%
H2O session _sid_b991 closed.



Predictions preview:
                  nowin                    won predictions  truth
0   0.9999804728107332   1.952718926683753E-5       nowin  nowin
1   0.9999583817825217  4.1618217478268304E-5       nowin  nowin
2   0.9999316193653486   6.838063465142651E-5       nowin  nowin
3   0.9999869139596613  1.3086040338633382E-5       nowin  nowin
4   0.9999807558849785  1.9244115021498257E-5       nowin  nowin
5   0.9999821440207621  1.7855979237917724E-5       nowin  nowin
6   0.9992530593569335   7.469406430664645E-4       nowin  nowin
7   0.9999859864875453  1.4013512454714937E-5       nowin  nowin
8   0.9999869889155772  1.3011084422726354E-5       nowin  nowin
9   0.9968951002402159    0.00310489975978411       nowin  nowin
10  0.9970572983997873  0.0029427016002127075       nowin  nowin
11  0.9996920359275991  3.0796407240083493E-4       nowin  nowin
12  0.9999738478918985  2.6152108101551524E-5       nowin  nowin
13  0.9997230673769851   2.769326230148635E-4       nowin  nowin
14  0.9999832866275737   1.671337242627822E-5       nowin  nowin
15  0.9993416206629275   6.583793370724608E-4       nowin  nowin
16  0.9999867934333889   1.320656661107843E-5       nowin  nowin
17  0.9998858523859356  1.1414761406433877E-4       nowin  nowin
18  0.9999877479246869  1.2252075313056378E-5       nowin  nowin
19  0.9999807558851219  1.9244114878121187E-5       nowin  nowin

Predictions saved to `/home/juradoi/experiments/automlbenchmark/results/h2oautoml.openml_t_359965.pygmo_c.local.20211209T224732/predictions/kr-vs-kp/0/predictions.csv`.
Loading metadata from `/home/juradoi/experiments/automlbenchmark/results/h2oautoml.openml_t_359965.pygmo_c.local.20211209T224732/predictions/kr-vs-kp/0/metadata.json`.
Loading predictions from `/home/juradoi/experiments/automlbenchmark/results/h2oautoml.openml_t_359965.pygmo_c.local.20211209T224732/predictions/kr-vs-kp/0/predictions.csv`.
Metric scores: { 'acc': 0.996875,
  'app_version': 'dev [master, beef024]',
  'auc': 0.9999608625885484,
  'balacc': 0.9970059880239521,
  'constraint': 'pygmo_c',
  'duration': nan,
  'fold': 0,
  'framework': 'H2OAutoML',
  'id': 'openml.org/t/359965',
  'info': None,
  'logloss': 0.013948341950617218,
  'metric': 'auc',
  'mode': 'local',
  'models_count': 447,
  'params': '',
  'predict_duration': 0.33619046211242676,
  'result': 0.9999608625885484,
  'seed': 116209912,
  'task': 'kr-vs-kp',
  'training_duration': 3604.2202548980713,
  'type': 'binary',
  'utc': '2021-12-09T23:47:53',
  'version': '3.34.0.3'}
Job `local.openml_t_359965.pygmo_c.kr-vs-kp.0.H2OAutoML` executed in 3614.538 seconds.
All jobs executed in 3620.311 seconds.
[MONITORING] [local.openml_t_359965.pygmo_c.kr-vs-kp.0.H2OAutoML] CPU Utilization: 53.9%
[MONITORING] [local.openml_t_359965.pygmo_c.kr-vs-kp.0.H2OAutoML] Memory Usage: 2.0%
[MONITORING] [local.openml_t_359965.pygmo_c.kr-vs-kp.0.H2OAutoML] Disk Usage: 43.1%
Processing results for h2oautoml.openml_t_359965.pygmo_c.local.20211209T224732
Scores saved to `/home/juradoi/experiments/automlbenchmark/results/h2oautoml.openml_t_359965.pygmo_c.local.20211209T224732/scores/H2OAutoML.benchmark_openml_t_359965.csv`.
Scores saved to `/home/juradoi/experiments/automlbenchmark/results/h2oautoml.openml_t_359965.pygmo_c.local.20211209T224732/scores/results.csv`.
Scores saved to `/home/juradoi/experiments/automlbenchmark/results/results.csv`.
Summing up scores for current run:
                 id     task fold framework constraint   result metric  duration      seed
openml.org/t/359965 kr-vs-kp    0 H2OAutoML    pygmo_c 0.999961    auc    3614.5 116209912
