/var/spool/slurm/slurmd/job8494053/slurm_script: line 8: activate: No such file or directory
Running benchmark `H2OAutoML` on `openml/t/359962` framework in `local` mode.
Loading frameworks definitions from ['/home/juradoi/experiments/automlbenchmark/resources/frameworks.yaml'].
Loading benchmark constraint definitions from ['/home/juradoi/experiments/automlbenchmark/resources/constraints.yaml'].
Loading openml task 359962.

-----------------------------------------------------------
Starting job local.openml_t_359962.pygmo_c.kc1.0.H2OAutoML.
Assigning 16 cores (total=16) for new task kc1.
Assigning 91158 MB (total=95302 MB) for new kc1 task.
[MONITORING] [local.openml_t_359962.pygmo_c.kc1.0.H2OAutoML] CPU Utilization: 14.6%
[MONITORING] [local.openml_t_359962.pygmo_c.kc1.0.H2OAutoML] Memory Usage: 2.2%
[MONITORING] [local.openml_t_359962.pygmo_c.kc1.0.H2OAutoML] Disk Usage: 43.2%
Running task kc1 on framework H2OAutoML with config:
TaskConfig({})
Running cmd `/home/juradoi/experiments/automlbenchmark/frameworks/H2OAutoML/venv/bin/python -W ignore /home/juradoi/experiments/automlbenchmark/frameworks/H2OAutoML/exec.py`
INFO:__main__:
**** H2O AutoML [v3.34.0.3] ****

INFO:__main__:Starting H2O cluster with 16 cores, 60772M memory.
Checking whether there is an H2O instance running at http://localhost:13428 ..... not found.
Attempting to start a local H2O server...
  Java Version: openjdk version "11.0.12" 2021-07-20; OpenJDK Runtime Environment (build 11.0.12+7-post-Debian-2deb10u1); OpenJDK 64-Bit Server VM (build 11.0.12+7-post-Debian-2deb10u1, mixed mode, sharing)
  Starting server from /home/juradoi/experiments/automlbenchmark/frameworks/H2OAutoML/venv/lib/python3.8/site-packages/h2o/backend/bin/h2o.jar
  Ice root: /tmp/tmp3wa19ob3
  JVM stdout: /tmp/tmp3wa19ob3/h2o_unknownUser_started_from_python.out
  JVM stderr: /tmp/tmp3wa19ob3/h2o_unknownUser_started_from_python.err
  Server is running at http://127.0.0.1:13428
Connecting to H2O server at http://127.0.0.1:13428 ... successful.
--------------------------  ------------------------------------------------------------------
H2O_cluster_uptime:         02 secs
H2O_cluster_timezone:       Europe/Amsterdam
H2O_data_parsing_timezone:  UTC
H2O_cluster_version:        3.34.0.3
H2O_cluster_version_age:    2 months and 2 days
H2O_cluster_name:           H2O_from_python_unknownUser_4tufqc
H2O_cluster_total_nodes:    1
H2O_cluster_free_memory:    59.36 Gb
H2O_cluster_total_cores:    16
H2O_cluster_allowed_cores:  16
H2O_cluster_status:         locked, healthy
H2O_connection_url:         http://127.0.0.1:13428
H2O_connection_proxy:       {"http": null, "https": null}
H2O_internal_security:      False
H2O_API_Extensions:         Amazon S3, XGBoost, Algos, AutoML, Core V3, TargetEncoder, Core V4
Python_version:             3.8.12 final
--------------------------  ------------------------------------------------------------------
Parse progress: |████████████████████████████████████████████████████████████████| (done) 100%
Parse progress: |████████████████████████████████████████████████████████████████| (done) 100%
INFO:__main__:Running model on task kc1, fold 0.
[MONITORING] [local.openml_t_359962.pygmo_c.kc1.0.H2OAutoML] CPU Utilization: 69.1%
[MONITORING] [local.openml_t_359962.pygmo_c.kc1.0.H2OAutoML] Memory Usage: 21.0%
[MONITORING] [local.openml_t_359962.pygmo_c.kc1.0.H2OAutoML] Disk Usage: 43.2%
[MONITORING] [local.openml_t_359962.pygmo_c.kc1.0.H2OAutoML] CPU Utilization: 96.3%
[MONITORING] [local.openml_t_359962.pygmo_c.kc1.0.H2OAutoML] Memory Usage: 25.8%
[MONITORING] [local.openml_t_359962.pygmo_c.kc1.0.H2OAutoML] Disk Usage: 43.2%
[MONITORING] [local.openml_t_359962.pygmo_c.kc1.0.H2OAutoML] CPU Utilization: 96.7%
[MONITORING] [local.openml_t_359962.pygmo_c.kc1.0.H2OAutoML] Memory Usage: 34.6%
[MONITORING] [local.openml_t_359962.pygmo_c.kc1.0.H2OAutoML] Disk Usage: 43.2%
[MONITORING] [local.openml_t_359962.pygmo_c.kc1.0.H2OAutoML] CPU Utilization: 96.1%
[MONITORING] [local.openml_t_359962.pygmo_c.kc1.0.H2OAutoML] Memory Usage: 42.5%
[MONITORING] [local.openml_t_359962.pygmo_c.kc1.0.H2OAutoML] Disk Usage: 43.2%
[MONITORING] [local.openml_t_359962.pygmo_c.kc1.0.H2OAutoML] CPU Utilization: 97.8%
[MONITORING] [local.openml_t_359962.pygmo_c.kc1.0.H2OAutoML] Memory Usage: 43.4%
[MONITORING] [local.openml_t_359962.pygmo_c.kc1.0.H2OAutoML] Disk Usage: 43.2%
[MONITORING] [local.openml_t_359962.pygmo_c.kc1.0.H2OAutoML] CPU Utilization: 96.3%
[MONITORING] [local.openml_t_359962.pygmo_c.kc1.0.H2OAutoML] Memory Usage: 43.7%
[MONITORING] [local.openml_t_359962.pygmo_c.kc1.0.H2OAutoML] Disk Usage: 43.2%
[MONITORING] [local.openml_t_359962.pygmo_c.kc1.0.H2OAutoML] CPU Utilization: 95.6%
[MONITORING] [local.openml_t_359962.pygmo_c.kc1.0.H2OAutoML] Memory Usage: 44.5%
[MONITORING] [local.openml_t_359962.pygmo_c.kc1.0.H2OAutoML] Disk Usage: 43.2%
[MONITORING] [local.openml_t_359962.pygmo_c.kc1.0.H2OAutoML] CPU Utilization: 96.4%
[MONITORING] [local.openml_t_359962.pygmo_c.kc1.0.H2OAutoML] Memory Usage: 44.8%
[MONITORING] [local.openml_t_359962.pygmo_c.kc1.0.H2OAutoML] Disk Usage: 43.2%
[MONITORING] [local.openml_t_359962.pygmo_c.kc1.0.H2OAutoML] CPU Utilization: 97.2%
[MONITORING] [local.openml_t_359962.pygmo_c.kc1.0.H2OAutoML] Memory Usage: 44.8%
[MONITORING] [local.openml_t_359962.pygmo_c.kc1.0.H2OAutoML] Disk Usage: 43.2%
[MONITORING] [local.openml_t_359962.pygmo_c.kc1.0.H2OAutoML] CPU Utilization: 96.2%
[MONITORING] [local.openml_t_359962.pygmo_c.kc1.0.H2OAutoML] Memory Usage: 44.8%
[MONITORING] [local.openml_t_359962.pygmo_c.kc1.0.H2OAutoML] Disk Usage: 43.2%
[MONITORING] [local.openml_t_359962.pygmo_c.kc1.0.H2OAutoML] CPU Utilization: 96.4%
[MONITORING] [local.openml_t_359962.pygmo_c.kc1.0.H2OAutoML] Memory Usage: 45.6%
[MONITORING] [local.openml_t_359962.pygmo_c.kc1.0.H2OAutoML] Disk Usage: 43.2%
[MONITORING] [local.openml_t_359962.pygmo_c.kc1.0.H2OAutoML] CPU Utilization: 97.3%
[MONITORING] [local.openml_t_359962.pygmo_c.kc1.0.H2OAutoML] Memory Usage: 45.6%
[MONITORING] [local.openml_t_359962.pygmo_c.kc1.0.H2OAutoML] Disk Usage: 43.2%
[MONITORING] [local.openml_t_359962.pygmo_c.kc1.0.H2OAutoML] CPU Utilization: 97.3%
[MONITORING] [local.openml_t_359962.pygmo_c.kc1.0.H2OAutoML] Memory Usage: 45.6%
[MONITORING] [local.openml_t_359962.pygmo_c.kc1.0.H2OAutoML] Disk Usage: 43.2%
[MONITORING] [local.openml_t_359962.pygmo_c.kc1.0.H2OAutoML] CPU Utilization: 97.8%
[MONITORING] [local.openml_t_359962.pygmo_c.kc1.0.H2OAutoML] Memory Usage: 45.6%
[MONITORING] [local.openml_t_359962.pygmo_c.kc1.0.H2OAutoML] Disk Usage: 43.2%
[MONITORING] [local.openml_t_359962.pygmo_c.kc1.0.H2OAutoML] CPU Utilization: 95.3%
[MONITORING] [local.openml_t_359962.pygmo_c.kc1.0.H2OAutoML] Memory Usage: 45.6%
[MONITORING] [local.openml_t_359962.pygmo_c.kc1.0.H2OAutoML] Disk Usage: 43.2%
[MONITORING] [local.openml_t_359962.pygmo_c.kc1.0.H2OAutoML] CPU Utilization: 96.8%
[MONITORING] [local.openml_t_359962.pygmo_c.kc1.0.H2OAutoML] Memory Usage: 45.7%
[MONITORING] [local.openml_t_359962.pygmo_c.kc1.0.H2OAutoML] Disk Usage: 43.2%
[MONITORING] [local.openml_t_359962.pygmo_c.kc1.0.H2OAutoML] CPU Utilization: 96.6%
[MONITORING] [local.openml_t_359962.pygmo_c.kc1.0.H2OAutoML] Memory Usage: 45.7%
[MONITORING] [local.openml_t_359962.pygmo_c.kc1.0.H2OAutoML] Disk Usage: 43.2%
[MONITORING] [local.openml_t_359962.pygmo_c.kc1.0.H2OAutoML] CPU Utilization: 97.2%
[MONITORING] [local.openml_t_359962.pygmo_c.kc1.0.H2OAutoML] Memory Usage: 45.7%
[MONITORING] [local.openml_t_359962.pygmo_c.kc1.0.H2OAutoML] Disk Usage: 43.2%
[MONITORING] [local.openml_t_359962.pygmo_c.kc1.0.H2OAutoML] CPU Utilization: 97.5%
[MONITORING] [local.openml_t_359962.pygmo_c.kc1.0.H2OAutoML] Memory Usage: 45.7%
[MONITORING] [local.openml_t_359962.pygmo_c.kc1.0.H2OAutoML] Disk Usage: 43.2%
[MONITORING] [local.openml_t_359962.pygmo_c.kc1.0.H2OAutoML] CPU Utilization: 96.9%
[MONITORING] [local.openml_t_359962.pygmo_c.kc1.0.H2OAutoML] Memory Usage: 45.8%
[MONITORING] [local.openml_t_359962.pygmo_c.kc1.0.H2OAutoML] Disk Usage: 43.2%
[MONITORING] [local.openml_t_359962.pygmo_c.kc1.0.H2OAutoML] CPU Utilization: 93.8%
[MONITORING] [local.openml_t_359962.pygmo_c.kc1.0.H2OAutoML] Memory Usage: 45.8%
[MONITORING] [local.openml_t_359962.pygmo_c.kc1.0.H2OAutoML] Disk Usage: 43.2%
[MONITORING] [local.openml_t_359962.pygmo_c.kc1.0.H2OAutoML] CPU Utilization: 98.1%
[MONITORING] [local.openml_t_359962.pygmo_c.kc1.0.H2OAutoML] Memory Usage: 45.8%
[MONITORING] [local.openml_t_359962.pygmo_c.kc1.0.H2OAutoML] Disk Usage: 43.2%
[MONITORING] [local.openml_t_359962.pygmo_c.kc1.0.H2OAutoML] CPU Utilization: 96.4%
[MONITORING] [local.openml_t_359962.pygmo_c.kc1.0.H2OAutoML] Memory Usage: 45.9%
[MONITORING] [local.openml_t_359962.pygmo_c.kc1.0.H2OAutoML] Disk Usage: 43.2%
[MONITORING] [local.openml_t_359962.pygmo_c.kc1.0.H2OAutoML] CPU Utilization: 97.0%
[MONITORING] [local.openml_t_359962.pygmo_c.kc1.0.H2OAutoML] Memory Usage: 45.9%
[MONITORING] [local.openml_t_359962.pygmo_c.kc1.0.H2OAutoML] Disk Usage: 43.2%
[MONITORING] [local.openml_t_359962.pygmo_c.kc1.0.H2OAutoML] CPU Utilization: 96.3%
[MONITORING] [local.openml_t_359962.pygmo_c.kc1.0.H2OAutoML] Memory Usage: 45.9%
[MONITORING] [local.openml_t_359962.pygmo_c.kc1.0.H2OAutoML] Disk Usage: 43.2%
[MONITORING] [local.openml_t_359962.pygmo_c.kc1.0.H2OAutoML] CPU Utilization: 96.7%
[MONITORING] [local.openml_t_359962.pygmo_c.kc1.0.H2OAutoML] Memory Usage: 45.9%
[MONITORING] [local.openml_t_359962.pygmo_c.kc1.0.H2OAutoML] Disk Usage: 43.2%
[MONITORING] [local.openml_t_359962.pygmo_c.kc1.0.H2OAutoML] CPU Utilization: 96.9%
[MONITORING] [local.openml_t_359962.pygmo_c.kc1.0.H2OAutoML] Memory Usage: 45.9%
[MONITORING] [local.openml_t_359962.pygmo_c.kc1.0.H2OAutoML] Disk Usage: 43.2%
[MONITORING] [local.openml_t_359962.pygmo_c.kc1.0.H2OAutoML] CPU Utilization: 97.1%
[MONITORING] [local.openml_t_359962.pygmo_c.kc1.0.H2OAutoML] Memory Usage: 45.9%
[MONITORING] [local.openml_t_359962.pygmo_c.kc1.0.H2OAutoML] Disk Usage: 43.2%
[MONITORING] [local.openml_t_359962.pygmo_c.kc1.0.H2OAutoML] CPU Utilization: 64.4%
[MONITORING] [local.openml_t_359962.pygmo_c.kc1.0.H2OAutoML] Memory Usage: 46.4%
[MONITORING] [local.openml_t_359962.pygmo_c.kc1.0.H2OAutoML] Disk Usage: 43.2%
AutoML progress: |███████████████████████████████████████████████████████████████| (done) 100%
stackedensemble prediction progress: |███████████████████████████████████████████| (done) 100%
H2O session _sid_b735 closed.



Predictions preview:
                  False                  True predictions  truth
0   0.9870128343018292   0.01298716569817078       False  False
1   0.9868372056774877  0.013162794322512324       False  False
2   0.9870128343018292   0.01298716569817078       False  False
3   0.9843770926345581  0.015622907365441897       False  False
4   0.8099399249187605   0.19006007508123945       False  False
5   0.9870128343018292   0.01298716569817078       False  False
6   0.9819258205974775   0.01807417940252254       False  False
7   0.9804117498641242  0.019588250135875843       False  False
8   0.8625646503900091   0.13743534960999096       False  False
9   0.9870128343018292   0.01298716569817078       False  False
10  0.7780346103184802   0.22196538968151977       False  False
11  0.9267576034556992   0.07324239654430074       False  False
12  0.9070447167292739   0.09295528327072616       False  False
13  0.9527403966217127  0.047259603378287246       False  False
14  0.9870128343018292   0.01298716569817078       False  False
15  0.9819258205974775   0.01807417940252254       False  False
16  0.9868667039512865  0.013133296048713512       False  False
17  0.9869836599176495  0.013016340082350569       False  False
18  0.8972872825336347   0.10271271746636534       False  False
19   0.986889545448504  0.013110454551495987       False  False

Predictions saved to `/home/juradoi/experiments/automlbenchmark/results/h2oautoml.openml_t_359962.pygmo_c.local.20211209T222954/predictions/kc1/0/predictions.csv`.
Loading metadata from `/home/juradoi/experiments/automlbenchmark/results/h2oautoml.openml_t_359962.pygmo_c.local.20211209T222954/predictions/kc1/0/metadata.json`.
Loading predictions from `/home/juradoi/experiments/automlbenchmark/results/h2oautoml.openml_t_359962.pygmo_c.local.20211209T222954/predictions/kc1/0/predictions.csv`.
Metric scores: { 'acc': 0.8199052132701422,
  'app_version': 'dev [master, beef024]',
  'auc': 0.838774441340782,
  'balacc': 0.7270425977653632,
  'constraint': 'pygmo_c',
  'duration': nan,
  'fold': 0,
  'framework': 'H2OAutoML',
  'id': 'openml.org/t/359962',
  'info': None,
  'logloss': 0.3326655454287808,
  'metric': 'auc',
  'mode': 'local',
  'models_count': 221,
  'params': '',
  'predict_duration': 0.10004925727844238,
  'result': 0.838774441340782,
  'seed': 909692755,
  'task': 'kc1',
  'training_duration': 3531.633842229843,
  'type': 'binary',
  'utc': '2021-12-09T23:28:59',
  'version': '3.34.0.3'}
Job `local.openml_t_359962.pygmo_c.kc1.0.H2OAutoML` executed in 3544.784 seconds.
All jobs executed in 3544.793 seconds.
[MONITORING] [local.openml_t_359962.pygmo_c.kc1.0.H2OAutoML] CPU Utilization: 65.8%
[MONITORING] [local.openml_t_359962.pygmo_c.kc1.0.H2OAutoML] Memory Usage: 2.2%
[MONITORING] [local.openml_t_359962.pygmo_c.kc1.0.H2OAutoML] Disk Usage: 43.2%
Processing results for h2oautoml.openml_t_359962.pygmo_c.local.20211209T222954
Scores saved to `/home/juradoi/experiments/automlbenchmark/results/h2oautoml.openml_t_359962.pygmo_c.local.20211209T222954/scores/H2OAutoML.benchmark_openml_t_359962.csv`.
Scores saved to `/home/juradoi/experiments/automlbenchmark/results/h2oautoml.openml_t_359962.pygmo_c.local.20211209T222954/scores/results.csv`.
Scores saved to `/home/juradoi/experiments/automlbenchmark/results/results.csv`.
Summing up scores for current run:
                 id task fold framework constraint   result metric  duration      seed
openml.org/t/359962  kc1    0 H2OAutoML    pygmo_c 0.838774    auc    3544.8 909692755
