/var/spool/slurm/slurmd/job8493927/slurm_script: line 8: activate: No such file or directory
Running benchmark `H2OAutoML` on `openml/t/359954` framework in `local` mode.
Loading frameworks definitions from ['/home/juradoi/experiments/automlbenchmark/resources/frameworks.yaml'].
Loading benchmark constraint definitions from ['/home/juradoi/experiments/automlbenchmark/resources/constraints.yaml'].
Loading openml task 359954.

------------------------------------------------------------------
Starting job local.openml_t_359954.pygmo_c.eucalyptus.0.H2OAutoML.
Assigning 16 cores (total=16) for new task eucalyptus.
Assigning 91029 MB (total=95302 MB) for new eucalyptus task.
[MONITORING] [local.openml_t_359954.pygmo_c.eucalyptus.0.H2OAutoML] CPU Utilization: 18.9%
[MONITORING] [local.openml_t_359954.pygmo_c.eucalyptus.0.H2OAutoML] Memory Usage: 2.3%
[MONITORING] [local.openml_t_359954.pygmo_c.eucalyptus.0.H2OAutoML] Disk Usage: 43.2%
Running task eucalyptus on framework H2OAutoML with config:
TaskConfig({})
Running cmd `/home/juradoi/experiments/automlbenchmark/frameworks/H2OAutoML/venv/bin/python -W ignore /home/juradoi/experiments/automlbenchmark/frameworks/H2OAutoML/exec.py`
INFO:__main__:
**** H2O AutoML [v3.34.0.3] ****

INFO:__main__:Starting H2O cluster with 16 cores, 60686M memory.
Checking whether there is an H2O instance running at http://localhost:6162 ..... not found.
Attempting to start a local H2O server...
  Java Version: openjdk version "11.0.12" 2021-07-20; OpenJDK Runtime Environment (build 11.0.12+7-post-Debian-2deb10u1); OpenJDK 64-Bit Server VM (build 11.0.12+7-post-Debian-2deb10u1, mixed mode, sharing)
  Starting server from /home/juradoi/experiments/automlbenchmark/frameworks/H2OAutoML/venv/lib/python3.8/site-packages/h2o/backend/bin/h2o.jar
  Ice root: /tmp/tmp5ym4n56s
  JVM stdout: /tmp/tmp5ym4n56s/h2o_unknownUser_started_from_python.out
  JVM stderr: /tmp/tmp5ym4n56s/h2o_unknownUser_started_from_python.err
  Server is running at http://127.0.0.1:6162
Connecting to H2O server at http://127.0.0.1:6162 ... successful.
--------------------------  ------------------------------------------------------------------
H2O_cluster_uptime:         01 secs
H2O_cluster_timezone:       Europe/Amsterdam
H2O_data_parsing_timezone:  UTC
H2O_cluster_version:        3.34.0.3
H2O_cluster_version_age:    2 months and 2 days
H2O_cluster_name:           H2O_from_python_unknownUser_j5aeqx
H2O_cluster_total_nodes:    1
H2O_cluster_free_memory:    59.27 Gb
H2O_cluster_total_cores:    16
H2O_cluster_allowed_cores:  16
H2O_cluster_status:         locked, healthy
H2O_connection_url:         http://127.0.0.1:6162
H2O_connection_proxy:       {"http": null, "https": null}
H2O_internal_security:      False
H2O_API_Extensions:         Amazon S3, XGBoost, Algos, AutoML, Core V3, TargetEncoder, Core V4
Python_version:             3.8.12 final
--------------------------  ------------------------------------------------------------------
Parse progress: |████████████████████████████████████████████████████████████████| (done) 100%
Parse progress: |████████████████████████████████████████████████████████████████| (done) 100%
INFO:__main__:Running model on task eucalyptus, fold 0.
[MONITORING] [local.openml_t_359954.pygmo_c.eucalyptus.0.H2OAutoML] CPU Utilization: 75.7%
[MONITORING] [local.openml_t_359954.pygmo_c.eucalyptus.0.H2OAutoML] Memory Usage: 20.2%
[MONITORING] [local.openml_t_359954.pygmo_c.eucalyptus.0.H2OAutoML] Disk Usage: 43.2%
[MONITORING] [local.openml_t_359954.pygmo_c.eucalyptus.0.H2OAutoML] CPU Utilization: 97.8%
[MONITORING] [local.openml_t_359954.pygmo_c.eucalyptus.0.H2OAutoML] Memory Usage: 44.3%
[MONITORING] [local.openml_t_359954.pygmo_c.eucalyptus.0.H2OAutoML] Disk Usage: 43.2%
[MONITORING] [local.openml_t_359954.pygmo_c.eucalyptus.0.H2OAutoML] CPU Utilization: 97.8%
[MONITORING] [local.openml_t_359954.pygmo_c.eucalyptus.0.H2OAutoML] Memory Usage: 44.9%
[MONITORING] [local.openml_t_359954.pygmo_c.eucalyptus.0.H2OAutoML] Disk Usage: 43.2%
[MONITORING] [local.openml_t_359954.pygmo_c.eucalyptus.0.H2OAutoML] CPU Utilization: 97.6%
[MONITORING] [local.openml_t_359954.pygmo_c.eucalyptus.0.H2OAutoML] Memory Usage: 44.9%
[MONITORING] [local.openml_t_359954.pygmo_c.eucalyptus.0.H2OAutoML] Disk Usage: 43.2%
[MONITORING] [local.openml_t_359954.pygmo_c.eucalyptus.0.H2OAutoML] CPU Utilization: 97.9%
[MONITORING] [local.openml_t_359954.pygmo_c.eucalyptus.0.H2OAutoML] Memory Usage: 44.9%
[MONITORING] [local.openml_t_359954.pygmo_c.eucalyptus.0.H2OAutoML] Disk Usage: 43.2%
[MONITORING] [local.openml_t_359954.pygmo_c.eucalyptus.0.H2OAutoML] CPU Utilization: 97.5%
[MONITORING] [local.openml_t_359954.pygmo_c.eucalyptus.0.H2OAutoML] Memory Usage: 44.9%
[MONITORING] [local.openml_t_359954.pygmo_c.eucalyptus.0.H2OAutoML] Disk Usage: 43.2%
[MONITORING] [local.openml_t_359954.pygmo_c.eucalyptus.0.H2OAutoML] CPU Utilization: 98.1%
[MONITORING] [local.openml_t_359954.pygmo_c.eucalyptus.0.H2OAutoML] Memory Usage: 45.0%
[MONITORING] [local.openml_t_359954.pygmo_c.eucalyptus.0.H2OAutoML] Disk Usage: 43.2%
[MONITORING] [local.openml_t_359954.pygmo_c.eucalyptus.0.H2OAutoML] CPU Utilization: 97.6%
[MONITORING] [local.openml_t_359954.pygmo_c.eucalyptus.0.H2OAutoML] Memory Usage: 45.0%
[MONITORING] [local.openml_t_359954.pygmo_c.eucalyptus.0.H2OAutoML] Disk Usage: 43.2%
[MONITORING] [local.openml_t_359954.pygmo_c.eucalyptus.0.H2OAutoML] CPU Utilization: 97.1%
[MONITORING] [local.openml_t_359954.pygmo_c.eucalyptus.0.H2OAutoML] Memory Usage: 45.0%
[MONITORING] [local.openml_t_359954.pygmo_c.eucalyptus.0.H2OAutoML] Disk Usage: 43.2%
[MONITORING] [local.openml_t_359954.pygmo_c.eucalyptus.0.H2OAutoML] CPU Utilization: 96.8%
[MONITORING] [local.openml_t_359954.pygmo_c.eucalyptus.0.H2OAutoML] Memory Usage: 45.1%
[MONITORING] [local.openml_t_359954.pygmo_c.eucalyptus.0.H2OAutoML] Disk Usage: 43.2%
[MONITORING] [local.openml_t_359954.pygmo_c.eucalyptus.0.H2OAutoML] CPU Utilization: 97.2%
[MONITORING] [local.openml_t_359954.pygmo_c.eucalyptus.0.H2OAutoML] Memory Usage: 45.1%
[MONITORING] [local.openml_t_359954.pygmo_c.eucalyptus.0.H2OAutoML] Disk Usage: 43.2%
[MONITORING] [local.openml_t_359954.pygmo_c.eucalyptus.0.H2OAutoML] CPU Utilization: 97.1%
[MONITORING] [local.openml_t_359954.pygmo_c.eucalyptus.0.H2OAutoML] Memory Usage: 45.1%
[MONITORING] [local.openml_t_359954.pygmo_c.eucalyptus.0.H2OAutoML] Disk Usage: 43.2%
[MONITORING] [local.openml_t_359954.pygmo_c.eucalyptus.0.H2OAutoML] CPU Utilization: 97.6%
[MONITORING] [local.openml_t_359954.pygmo_c.eucalyptus.0.H2OAutoML] Memory Usage: 45.1%
[MONITORING] [local.openml_t_359954.pygmo_c.eucalyptus.0.H2OAutoML] Disk Usage: 43.2%
[MONITORING] [local.openml_t_359954.pygmo_c.eucalyptus.0.H2OAutoML] CPU Utilization: 97.7%
[MONITORING] [local.openml_t_359954.pygmo_c.eucalyptus.0.H2OAutoML] Memory Usage: 45.1%
[MONITORING] [local.openml_t_359954.pygmo_c.eucalyptus.0.H2OAutoML] Disk Usage: 43.2%
[MONITORING] [local.openml_t_359954.pygmo_c.eucalyptus.0.H2OAutoML] CPU Utilization: 97.0%
[MONITORING] [local.openml_t_359954.pygmo_c.eucalyptus.0.H2OAutoML] Memory Usage: 45.2%
[MONITORING] [local.openml_t_359954.pygmo_c.eucalyptus.0.H2OAutoML] Disk Usage: 43.2%
[MONITORING] [local.openml_t_359954.pygmo_c.eucalyptus.0.H2OAutoML] CPU Utilization: 97.9%
[MONITORING] [local.openml_t_359954.pygmo_c.eucalyptus.0.H2OAutoML] Memory Usage: 45.2%
[MONITORING] [local.openml_t_359954.pygmo_c.eucalyptus.0.H2OAutoML] Disk Usage: 43.2%
[MONITORING] [local.openml_t_359954.pygmo_c.eucalyptus.0.H2OAutoML] CPU Utilization: 97.6%
[MONITORING] [local.openml_t_359954.pygmo_c.eucalyptus.0.H2OAutoML] Memory Usage: 45.2%
[MONITORING] [local.openml_t_359954.pygmo_c.eucalyptus.0.H2OAutoML] Disk Usage: 43.2%
[MONITORING] [local.openml_t_359954.pygmo_c.eucalyptus.0.H2OAutoML] CPU Utilization: 97.6%
[MONITORING] [local.openml_t_359954.pygmo_c.eucalyptus.0.H2OAutoML] Memory Usage: 45.2%
[MONITORING] [local.openml_t_359954.pygmo_c.eucalyptus.0.H2OAutoML] Disk Usage: 43.2%
[MONITORING] [local.openml_t_359954.pygmo_c.eucalyptus.0.H2OAutoML] CPU Utilization: 97.3%
[MONITORING] [local.openml_t_359954.pygmo_c.eucalyptus.0.H2OAutoML] Memory Usage: 45.2%
[MONITORING] [local.openml_t_359954.pygmo_c.eucalyptus.0.H2OAutoML] Disk Usage: 43.2%
[MONITORING] [local.openml_t_359954.pygmo_c.eucalyptus.0.H2OAutoML] CPU Utilization: 97.2%
[MONITORING] [local.openml_t_359954.pygmo_c.eucalyptus.0.H2OAutoML] Memory Usage: 45.3%
[MONITORING] [local.openml_t_359954.pygmo_c.eucalyptus.0.H2OAutoML] Disk Usage: 43.2%
[MONITORING] [local.openml_t_359954.pygmo_c.eucalyptus.0.H2OAutoML] CPU Utilization: 94.7%
[MONITORING] [local.openml_t_359954.pygmo_c.eucalyptus.0.H2OAutoML] Memory Usage: 45.4%
[MONITORING] [local.openml_t_359954.pygmo_c.eucalyptus.0.H2OAutoML] Disk Usage: 43.2%
[MONITORING] [local.openml_t_359954.pygmo_c.eucalyptus.0.H2OAutoML] CPU Utilization: 97.9%
[MONITORING] [local.openml_t_359954.pygmo_c.eucalyptus.0.H2OAutoML] Memory Usage: 45.4%
[MONITORING] [local.openml_t_359954.pygmo_c.eucalyptus.0.H2OAutoML] Disk Usage: 43.2%
[MONITORING] [local.openml_t_359954.pygmo_c.eucalyptus.0.H2OAutoML] CPU Utilization: 97.3%
[MONITORING] [local.openml_t_359954.pygmo_c.eucalyptus.0.H2OAutoML] Memory Usage: 45.5%
[MONITORING] [local.openml_t_359954.pygmo_c.eucalyptus.0.H2OAutoML] Disk Usage: 43.2%
[MONITORING] [local.openml_t_359954.pygmo_c.eucalyptus.0.H2OAutoML] CPU Utilization: 97.6%
[MONITORING] [local.openml_t_359954.pygmo_c.eucalyptus.0.H2OAutoML] Memory Usage: 45.5%
[MONITORING] [local.openml_t_359954.pygmo_c.eucalyptus.0.H2OAutoML] Disk Usage: 43.2%
[MONITORING] [local.openml_t_359954.pygmo_c.eucalyptus.0.H2OAutoML] CPU Utilization: 96.9%
[MONITORING] [local.openml_t_359954.pygmo_c.eucalyptus.0.H2OAutoML] Memory Usage: 45.6%
[MONITORING] [local.openml_t_359954.pygmo_c.eucalyptus.0.H2OAutoML] Disk Usage: 43.2%
[MONITORING] [local.openml_t_359954.pygmo_c.eucalyptus.0.H2OAutoML] CPU Utilization: 97.8%
[MONITORING] [local.openml_t_359954.pygmo_c.eucalyptus.0.H2OAutoML] Memory Usage: 45.6%
[MONITORING] [local.openml_t_359954.pygmo_c.eucalyptus.0.H2OAutoML] Disk Usage: 43.2%
[MONITORING] [local.openml_t_359954.pygmo_c.eucalyptus.0.H2OAutoML] CPU Utilization: 97.8%
[MONITORING] [local.openml_t_359954.pygmo_c.eucalyptus.0.H2OAutoML] Memory Usage: 45.6%
[MONITORING] [local.openml_t_359954.pygmo_c.eucalyptus.0.H2OAutoML] Disk Usage: 43.2%
[MONITORING] [local.openml_t_359954.pygmo_c.eucalyptus.0.H2OAutoML] CPU Utilization: 96.7%
[MONITORING] [local.openml_t_359954.pygmo_c.eucalyptus.0.H2OAutoML] Memory Usage: 45.6%
[MONITORING] [local.openml_t_359954.pygmo_c.eucalyptus.0.H2OAutoML] Disk Usage: 43.2%
[MONITORING] [local.openml_t_359954.pygmo_c.eucalyptus.0.H2OAutoML] CPU Utilization: 65.8%
[MONITORING] [local.openml_t_359954.pygmo_c.eucalyptus.0.H2OAutoML] Memory Usage: 45.9%
[MONITORING] [local.openml_t_359954.pygmo_c.eucalyptus.0.H2OAutoML] Disk Usage: 43.2%
AutoML progress: |███████████████████████████████████████████████████████████████| (done) 100%
stackedensemble prediction progress: |███████████████████████████████████████████| (done) 100%
H2O session _sid_a29a closed.



Predictions preview:
                   average                   best                   good                    low                 none predictions truth
0    2.623002156726191E-4    6.19680291454604E-4  1.7038091761080776E-4   0.026447333932488677   0.9725003046427734        none  none
1    6.445950287145871E-5  2.1422742029565122E-4  4.7197450545247204E-5   0.002010480686139606   0.9976636349401481        none  none
2   4.4984298372712216E-4  0.0010402183095442508  3.0018459896321854E-4    0.06017593754103637    0.938033816566729        none  none
3    0.001442377180893072  0.0030639413235176603  0.0017174961273335578     0.2571008704570727    0.736675314911183        none  none
4    0.041318809160651046   0.006810361492025196   0.010038273956497203     0.7305240724587209  0.21130848293210563         low  none
5    8.934052977959505E-5   3.150510031131336E-4   7.314113693693053E-5  0.0025788273600815797   0.9969436399700886        none  none
6    4.835051140496105E-5   1.260937750667127E-4   3.099619333997127E-5    0.00255130064770801   0.9972432588724803        none  none
7    6.754556618928035E-5  2.3913915618511505E-4   5.458907028208745E-5  0.0020007613497282934   0.9976379648576152        none  none
8    7.156765735964015E-5  1.8205476659786723E-4  4.5087358701267566E-5   0.004273238215846835   0.9954280520014944        none  none
9   1.6897434361477394E-4   4.561747985980448E-4  1.2856089622823253E-4   0.018360886561047656   0.9808854034005113        none  none
10   4.879326557528495E-5  1.5901963296926784E-4  2.7217939667821635E-5  0.0017720837969837254   0.9979928853648039        none  none
11   0.010972890697430316   0.005185244320317811   0.014384996074470207     0.4856894627939563  0.48376740611382535         low  none
12   5.529214645167235E-4   8.987409709948558E-4   3.376798784519529E-4    0.04999467389277409   0.9482159837932623        none  none
13  5.6641617547091055E-5  3.0933239607540023E-4   3.670088734852232E-5  0.0017337336051544397   0.9978635914938745        none  none
14   1.553580750027776E-4  4.1790366975075135E-4  1.0645298943251058E-4   0.020684173563495806   0.9786361117023182        none  none
15   9.563860348899239E-4  0.0014387330806116994  4.7075974368355507E-4    0.10059927750794169   0.8965348436328732        none  none
16   0.001750908244281111  0.0037927558612745734  0.0015202447579125596     0.5191691691775546   0.4737669219589772         low  none
17   5.387560361437526E-5  1.7705655862949513E-4   3.167041594362606E-5  0.0020464536555890255   0.9976909437662234        none  none
18   0.058610612439373815   0.023463175628918004    0.07759714651401485     0.7354952107891648  0.10483385462852846         low   low
19   0.004246066608216478  0.0034752576648825343   0.002369805810878292     0.3827187804797286   0.6071900894362942        none   low

Predictions saved to `/home/juradoi/experiments/automlbenchmark/results/h2oautoml.openml_t_359954.pygmo_c.local.20211209T220705/predictions/eucalyptus/0/predictions.csv`.
Loading metadata from `/home/juradoi/experiments/automlbenchmark/results/h2oautoml.openml_t_359954.pygmo_c.local.20211209T220705/predictions/eucalyptus/0/metadata.json`.
Loading predictions from `/home/juradoi/experiments/automlbenchmark/results/h2oautoml.openml_t_359954.pygmo_c.local.20211209T220705/predictions/eucalyptus/0/predictions.csv`.
Metric scores: { 'acc': 0.6756756756756757,
  'app_version': 'dev [master, beef024]',
  'balacc': 0.6306693306693307,
  'constraint': 'pygmo_c',
  'duration': nan,
  'fold': 0,
  'framework': 'H2OAutoML',
  'id': 'openml.org/t/359954',
  'info': None,
  'logloss': 0.6173393824736042,
  'metric': 'neg_logloss',
  'mode': 'local',
  'models_count': 215,
  'params': '',
  'predict_duration': 0.29476070404052734,
  'result': -0.6173393824736042,
  'seed': 1992891593,
  'task': 'eucalyptus',
  'training_duration': 3578.8206198215485,
  'type': 'multiclass',
  'utc': '2021-12-09T23:06:53',
  'version': '3.34.0.3'}
Job `local.openml_t_359954.pygmo_c.eucalyptus.0.H2OAutoML` executed in 3587.688 seconds.
All jobs executed in 3587.695 seconds.
[MONITORING] [local.openml_t_359954.pygmo_c.eucalyptus.0.H2OAutoML] CPU Utilization: 60.6%
[MONITORING] [local.openml_t_359954.pygmo_c.eucalyptus.0.H2OAutoML] Memory Usage: 2.3%
[MONITORING] [local.openml_t_359954.pygmo_c.eucalyptus.0.H2OAutoML] Disk Usage: 43.2%
Processing results for h2oautoml.openml_t_359954.pygmo_c.local.20211209T220705
Scores saved to `/home/juradoi/experiments/automlbenchmark/results/h2oautoml.openml_t_359954.pygmo_c.local.20211209T220705/scores/H2OAutoML.benchmark_openml_t_359954.csv`.
Scores saved to `/home/juradoi/experiments/automlbenchmark/results/h2oautoml.openml_t_359954.pygmo_c.local.20211209T220705/scores/results.csv`.
Scores saved to `/home/juradoi/experiments/automlbenchmark/results/results.csv`.
Summing up scores for current run:
                 id       task fold framework constraint    result      metric  duration       seed
openml.org/t/359954 eucalyptus    0 H2OAutoML    pygmo_c -0.617339 neg_logloss    3587.7 1992891593
