/var/spool/slurm/slurmd/job8493635/slurm_script: line 8: activate: No such file or directory
Running benchmark `H2OAutoML` on `openml/t/168868` framework in `local` mode.
Loading frameworks definitions from ['/home/juradoi/experiments/automlbenchmark/resources/frameworks.yaml'].
Loading benchmark constraint definitions from ['/home/juradoi/experiments/automlbenchmark/resources/constraints.yaml'].
Loading openml task 168868.

------------------------------------------------------------------
Starting job local.openml_t_168868.pygmo_c.APSFailure.0.H2OAutoML.
Assigning 16 cores (total=16) for new task APSFailure.
Assigning 91084 MB (total=95302 MB) for new APSFailure task.
[MONITORING] [local.openml_t_168868.pygmo_c.APSFailure.0.H2OAutoML] CPU Utilization: 18.3%
[MONITORING] [local.openml_t_168868.pygmo_c.APSFailure.0.H2OAutoML] Memory Usage: 2.3%
[MONITORING] [local.openml_t_168868.pygmo_c.APSFailure.0.H2OAutoML] Disk Usage: 43.2%
Running task APSFailure on framework H2OAutoML with config:
TaskConfig({})
Running cmd `/home/juradoi/experiments/automlbenchmark/frameworks/H2OAutoML/venv/bin/python -W ignore /home/juradoi/experiments/automlbenchmark/frameworks/H2OAutoML/exec.py`
INFO:__main__:
**** H2O AutoML [v3.34.0.3] ****

INFO:__main__:Starting H2O cluster with 16 cores, 60723M memory.
Checking whether there is an H2O instance running at http://localhost:29744 ..... not found.
Attempting to start a local H2O server...
  Java Version: openjdk version "11.0.12" 2021-07-20; OpenJDK Runtime Environment (build 11.0.12+7-post-Debian-2deb10u1); OpenJDK 64-Bit Server VM (build 11.0.12+7-post-Debian-2deb10u1, mixed mode, sharing)
  Starting server from /home/juradoi/experiments/automlbenchmark/frameworks/H2OAutoML/venv/lib/python3.8/site-packages/h2o/backend/bin/h2o.jar
  Ice root: /tmp/tmpb4rkd0_n
  JVM stdout: /tmp/tmpb4rkd0_n/h2o_unknownUser_started_from_python.out
  JVM stderr: /tmp/tmpb4rkd0_n/h2o_unknownUser_started_from_python.err
  Server is running at http://127.0.0.1:29744
Connecting to H2O server at http://127.0.0.1:29744 ... successful.
--------------------------  ------------------------------------------------------------------
H2O_cluster_uptime:         01 secs
H2O_cluster_timezone:       Europe/Amsterdam
H2O_data_parsing_timezone:  UTC
H2O_cluster_version:        3.34.0.3
H2O_cluster_version_age:    2 months and 2 days
H2O_cluster_name:           H2O_from_python_unknownUser_p1x9yz
H2O_cluster_total_nodes:    1
H2O_cluster_free_memory:    59.31 Gb
H2O_cluster_total_cores:    16
H2O_cluster_allowed_cores:  16
H2O_cluster_status:         locked, healthy
H2O_connection_url:         http://127.0.0.1:29744
H2O_connection_proxy:       {"http": null, "https": null}
H2O_internal_security:      False
H2O_API_Extensions:         Amazon S3, XGBoost, Algos, AutoML, Core V3, TargetEncoder, Core V4
Python_version:             3.8.12 final
--------------------------  ------------------------------------------------------------------
Parse progress: |████████████████████████████████████████████████████████████████| (done) 100%
Parse progress: |████████████████████████████████████████████████████████████████| (done) 100%
INFO:__main__:Running model on task APSFailure, fold 0.
[MONITORING] [local.openml_t_168868.pygmo_c.APSFailure.0.H2OAutoML] CPU Utilization: 84.5%
[MONITORING] [local.openml_t_168868.pygmo_c.APSFailure.0.H2OAutoML] Memory Usage: 16.8%
[MONITORING] [local.openml_t_168868.pygmo_c.APSFailure.0.H2OAutoML] Disk Usage: 43.2%
[MONITORING] [local.openml_t_168868.pygmo_c.APSFailure.0.H2OAutoML] CPU Utilization: 84.8%
[MONITORING] [local.openml_t_168868.pygmo_c.APSFailure.0.H2OAutoML] Memory Usage: 44.6%
[MONITORING] [local.openml_t_168868.pygmo_c.APSFailure.0.H2OAutoML] Disk Usage: 43.2%
[MONITORING] [local.openml_t_168868.pygmo_c.APSFailure.0.H2OAutoML] CPU Utilization: 81.1%
[MONITORING] [local.openml_t_168868.pygmo_c.APSFailure.0.H2OAutoML] Memory Usage: 44.7%
[MONITORING] [local.openml_t_168868.pygmo_c.APSFailure.0.H2OAutoML] Disk Usage: 43.2%
AutoML progress: |████████████████████
22:08:59.922: XRT_1_AutoML_1_20211209_220233 [DRF XRT (Extremely Randomized Trees)] failed: java.lang.AssertionError

[MONITORING] [local.openml_t_168868.pygmo_c.APSFailure.0.H2OAutoML] CPU Utilization: 83.7%
[MONITORING] [local.openml_t_168868.pygmo_c.APSFailure.0.H2OAutoML] Memory Usage: 44.9%
[MONITORING] [local.openml_t_168868.pygmo_c.APSFailure.0.H2OAutoML] Disk Usage: 43.2%
[MONITORING] [local.openml_t_168868.pygmo_c.APSFailure.0.H2OAutoML] CPU Utilization: 89.5%
[MONITORING] [local.openml_t_168868.pygmo_c.APSFailure.0.H2OAutoML] Memory Usage: 45.1%
[MONITORING] [local.openml_t_168868.pygmo_c.APSFailure.0.H2OAutoML] Disk Usage: 43.2%
[MONITORING] [local.openml_t_168868.pygmo_c.APSFailure.0.H2OAutoML] CPU Utilization: 88.0%
[MONITORING] [local.openml_t_168868.pygmo_c.APSFailure.0.H2OAutoML] Memory Usage: 45.1%
[MONITORING] [local.openml_t_168868.pygmo_c.APSFailure.0.H2OAutoML] Disk Usage: 43.2%
[MONITORING] [local.openml_t_168868.pygmo_c.APSFailure.0.H2OAutoML] CPU Utilization: 87.5%
[MONITORING] [local.openml_t_168868.pygmo_c.APSFailure.0.H2OAutoML] Memory Usage: 45.1%
[MONITORING] [local.openml_t_168868.pygmo_c.APSFailure.0.H2OAutoML] Disk Usage: 43.2%
[MONITORING] [local.openml_t_168868.pygmo_c.APSFailure.0.H2OAutoML] CPU Utilization: 88.1%
[MONITORING] [local.openml_t_168868.pygmo_c.APSFailure.0.H2OAutoML] Memory Usage: 45.2%
[MONITORING] [local.openml_t_168868.pygmo_c.APSFailure.0.H2OAutoML] Disk Usage: 43.2%
[MONITORING] [local.openml_t_168868.pygmo_c.APSFailure.0.H2OAutoML] CPU Utilization: 87.9%
[MONITORING] [local.openml_t_168868.pygmo_c.APSFailure.0.H2OAutoML] Memory Usage: 45.4%
[MONITORING] [local.openml_t_168868.pygmo_c.APSFailure.0.H2OAutoML] Disk Usage: 43.2%
[MONITORING] [local.openml_t_168868.pygmo_c.APSFailure.0.H2OAutoML] CPU Utilization: 90.9%
[MONITORING] [local.openml_t_168868.pygmo_c.APSFailure.0.H2OAutoML] Memory Usage: 45.4%
[MONITORING] [local.openml_t_168868.pygmo_c.APSFailure.0.H2OAutoML] Disk Usage: 43.2%
[MONITORING] [local.openml_t_168868.pygmo_c.APSFailure.0.H2OAutoML] CPU Utilization: 87.6%
[MONITORING] [local.openml_t_168868.pygmo_c.APSFailure.0.H2OAutoML] Memory Usage: 45.5%
[MONITORING] [local.openml_t_168868.pygmo_c.APSFailure.0.H2OAutoML] Disk Usage: 43.2%
[MONITORING] [local.openml_t_168868.pygmo_c.APSFailure.0.H2OAutoML] CPU Utilization: 89.0%
[MONITORING] [local.openml_t_168868.pygmo_c.APSFailure.0.H2OAutoML] Memory Usage: 45.6%
[MONITORING] [local.openml_t_168868.pygmo_c.APSFailure.0.H2OAutoML] Disk Usage: 43.2%
[MONITORING] [local.openml_t_168868.pygmo_c.APSFailure.0.H2OAutoML] CPU Utilization: 88.7%
[MONITORING] [local.openml_t_168868.pygmo_c.APSFailure.0.H2OAutoML] Memory Usage: 45.7%
[MONITORING] [local.openml_t_168868.pygmo_c.APSFailure.0.H2OAutoML] Disk Usage: 43.2%
[MONITORING] [local.openml_t_168868.pygmo_c.APSFailure.0.H2OAutoML] CPU Utilization: 85.9%
[MONITORING] [local.openml_t_168868.pygmo_c.APSFailure.0.H2OAutoML] Memory Usage: 45.7%
[MONITORING] [local.openml_t_168868.pygmo_c.APSFailure.0.H2OAutoML] Disk Usage: 43.2%
[MONITORING] [local.openml_t_168868.pygmo_c.APSFailure.0.H2OAutoML] CPU Utilization: 88.6%
[MONITORING] [local.openml_t_168868.pygmo_c.APSFailure.0.H2OAutoML] Memory Usage: 46.2%
[MONITORING] [local.openml_t_168868.pygmo_c.APSFailure.0.H2OAutoML] Disk Usage: 43.2%
[MONITORING] [local.openml_t_168868.pygmo_c.APSFailure.0.H2OAutoML] CPU Utilization: 88.1%
[MONITORING] [local.openml_t_168868.pygmo_c.APSFailure.0.H2OAutoML] Memory Usage: 45.9%
[MONITORING] [local.openml_t_168868.pygmo_c.APSFailure.0.H2OAutoML] Disk Usage: 43.2%
[MONITORING] [local.openml_t_168868.pygmo_c.APSFailure.0.H2OAutoML] CPU Utilization: 90.6%
[MONITORING] [local.openml_t_168868.pygmo_c.APSFailure.0.H2OAutoML] Memory Usage: 46.1%
[MONITORING] [local.openml_t_168868.pygmo_c.APSFailure.0.H2OAutoML] Disk Usage: 43.2%
[MONITORING] [local.openml_t_168868.pygmo_c.APSFailure.0.H2OAutoML] CPU Utilization: 86.4%
[MONITORING] [local.openml_t_168868.pygmo_c.APSFailure.0.H2OAutoML] Memory Usage: 46.1%
[MONITORING] [local.openml_t_168868.pygmo_c.APSFailure.0.H2OAutoML] Disk Usage: 43.2%
[MONITORING] [local.openml_t_168868.pygmo_c.APSFailure.0.H2OAutoML] CPU Utilization: 84.5%
[MONITORING] [local.openml_t_168868.pygmo_c.APSFailure.0.H2OAutoML] Memory Usage: 46.1%
[MONITORING] [local.openml_t_168868.pygmo_c.APSFailure.0.H2OAutoML] Disk Usage: 43.2%
[MONITORING] [local.openml_t_168868.pygmo_c.APSFailure.0.H2OAutoML] CPU Utilization: 88.2%
[MONITORING] [local.openml_t_168868.pygmo_c.APSFailure.0.H2OAutoML] Memory Usage: 46.4%
[MONITORING] [local.openml_t_168868.pygmo_c.APSFailure.0.H2OAutoML] Disk Usage: 43.2%
[MONITORING] [local.openml_t_168868.pygmo_c.APSFailure.0.H2OAutoML] CPU Utilization: 86.5%
[MONITORING] [local.openml_t_168868.pygmo_c.APSFailure.0.H2OAutoML] Memory Usage: 46.4%
[MONITORING] [local.openml_t_168868.pygmo_c.APSFailure.0.H2OAutoML] Disk Usage: 43.2%
[MONITORING] [local.openml_t_168868.pygmo_c.APSFailure.0.H2OAutoML] CPU Utilization: 88.2%
[MONITORING] [local.openml_t_168868.pygmo_c.APSFailure.0.H2OAutoML] Memory Usage: 46.5%
[MONITORING] [local.openml_t_168868.pygmo_c.APSFailure.0.H2OAutoML] Disk Usage: 43.2%
[MONITORING] [local.openml_t_168868.pygmo_c.APSFailure.0.H2OAutoML] CPU Utilization: 84.9%
[MONITORING] [local.openml_t_168868.pygmo_c.APSFailure.0.H2OAutoML] Memory Usage: 46.5%
[MONITORING] [local.openml_t_168868.pygmo_c.APSFailure.0.H2OAutoML] Disk Usage: 43.2%
[MONITORING] [local.openml_t_168868.pygmo_c.APSFailure.0.H2OAutoML] CPU Utilization: 88.0%
[MONITORING] [local.openml_t_168868.pygmo_c.APSFailure.0.H2OAutoML] Memory Usage: 46.5%
[MONITORING] [local.openml_t_168868.pygmo_c.APSFailure.0.H2OAutoML] Disk Usage: 43.2%
[MONITORING] [local.openml_t_168868.pygmo_c.APSFailure.0.H2OAutoML] CPU Utilization: 95.0%
[MONITORING] [local.openml_t_168868.pygmo_c.APSFailure.0.H2OAutoML] Memory Usage: 46.7%
[MONITORING] [local.openml_t_168868.pygmo_c.APSFailure.0.H2OAutoML] Disk Usage: 43.2%
[MONITORING] [local.openml_t_168868.pygmo_c.APSFailure.0.H2OAutoML] CPU Utilization: 95.7%
[MONITORING] [local.openml_t_168868.pygmo_c.APSFailure.0.H2OAutoML] Memory Usage: 46.7%
[MONITORING] [local.openml_t_168868.pygmo_c.APSFailure.0.H2OAutoML] Disk Usage: 43.2%
[MONITORING] [local.openml_t_168868.pygmo_c.APSFailure.0.H2OAutoML] CPU Utilization: 95.9%
[MONITORING] [local.openml_t_168868.pygmo_c.APSFailure.0.H2OAutoML] Memory Usage: 46.7%
[MONITORING] [local.openml_t_168868.pygmo_c.APSFailure.0.H2OAutoML] Disk Usage: 43.2%
[MONITORING] [local.openml_t_168868.pygmo_c.APSFailure.0.H2OAutoML] CPU Utilization: 95.7%
[MONITORING] [local.openml_t_168868.pygmo_c.APSFailure.0.H2OAutoML] Memory Usage: 46.7%
[MONITORING] [local.openml_t_168868.pygmo_c.APSFailure.0.H2OAutoML] Disk Usage: 43.2%
[MONITORING] [local.openml_t_168868.pygmo_c.APSFailure.0.H2OAutoML] CPU Utilization: 92.8%
[MONITORING] [local.openml_t_168868.pygmo_c.APSFailure.0.H2OAutoML] Memory Usage: 46.7%
[MONITORING] [local.openml_t_168868.pygmo_c.APSFailure.0.H2OAutoML] Disk Usage: 43.2%
[MONITORING] [local.openml_t_168868.pygmo_c.APSFailure.0.H2OAutoML] CPU Utilization: 87.1%
[MONITORING] [local.openml_t_168868.pygmo_c.APSFailure.0.H2OAutoML] Memory Usage: 46.8%
[MONITORING] [local.openml_t_168868.pygmo_c.APSFailure.0.H2OAutoML] Disk Usage: 43.2%
███████████████████████████████████████████| (done) 100%
xgboost prediction progress: |███████████████████████████████████████████████████| (done) 100%
H2O session _sid_8fb6 closed.



Predictions preview:
                    neg                    pos predictions truth
0   0.9999772906303406  2.2729440388502553E-5         neg   neg
1    0.999990701675415   9.313815098721534E-6         neg   neg
2   0.9997756481170654  2.2432865807786584E-4         neg   neg
3   0.9999558925628662  4.4105243432568386E-5         neg   neg
4   0.9999812841415405  1.8729442672338337E-5         neg   neg
5   0.9999865889549255  1.3425313227344304E-5         neg   neg
6   0.9999776482582092  2.2378362700692378E-5         neg   neg
7   0.9997479319572449  2.5205861311405897E-4         neg   neg
8   0.9963547587394714   0.003645224729552865         neg   neg
9   0.9999133944511414   8.658291335450485E-5         neg   neg
10  0.9913468956947327   0.008653107099235058         neg   neg
11  0.9829873442649841   0.017012648284435272         neg   neg
12  0.9986093640327454  0.0013906420208513737         neg   neg
13    0.99812251329422  0.0018774959025904536         neg   neg
14  0.9996767044067383  3.2327004009857774E-4         neg   neg
15  0.9999743103981018  2.5705965526867658E-5         neg   neg
16  0.9999792575836182  2.0744693756569177E-5         neg   neg
17  0.9998871684074402   1.128322328440845E-4         neg   neg
18  0.9999964237213135  3.5607254176284187E-6         neg   neg
19  0.9999744892120361  2.5492961867712438E-5         neg   neg

Predictions saved to `/home/juradoi/experiments/automlbenchmark/results/h2oautoml.openml_t_168868.pygmo_c.local.20211209T210223/predictions/APSFailure/0/predictions.csv`.
Loading metadata from `/home/juradoi/experiments/automlbenchmark/results/h2oautoml.openml_t_168868.pygmo_c.local.20211209T210223/predictions/APSFailure/0/metadata.json`.
Loading predictions from `/home/juradoi/experiments/automlbenchmark/results/h2oautoml.openml_t_168868.pygmo_c.local.20211209T210223/predictions/APSFailure/0/predictions.csv`.
Metric scores: { 'acc': 0.9946052631578948,
  'app_version': 'dev [master, beef024]',
  'auc': 0.9887718584432593,
  'balacc': 0.9076871691097004,
  'constraint': 'pygmo_c',
  'duration': nan,
  'fold': 0,
  'framework': 'H2OAutoML',
  'id': 'openml.org/t/168868',
  'info': None,
  'logloss': 0.015789503622105853,
  'metric': 'auc',
  'mode': 'local',
  'models_count': 87,
  'params': '',
  'predict_duration': 0.32364869117736816,
  'result': 0.9887718584432593,
  'seed': 2107506153,
  'task': 'APSFailure',
  'training_duration': 3601.7835936546326,
  'type': 'binary',
  'utc': '2021-12-09T22:02:37',
  'version': '3.34.0.3'}
Job `local.openml_t_168868.pygmo_c.APSFailure.0.H2OAutoML` executed in 3613.681 seconds.
All jobs executed in 3613.718 seconds.
[MONITORING] [local.openml_t_168868.pygmo_c.APSFailure.0.H2OAutoML] CPU Utilization: 56.5%
[MONITORING] [local.openml_t_168868.pygmo_c.APSFailure.0.H2OAutoML] Memory Usage: 2.3%
[MONITORING] [local.openml_t_168868.pygmo_c.APSFailure.0.H2OAutoML] Disk Usage: 43.2%
Processing results for h2oautoml.openml_t_168868.pygmo_c.local.20211209T210223
Scores saved to `/home/juradoi/experiments/automlbenchmark/results/h2oautoml.openml_t_168868.pygmo_c.local.20211209T210223/scores/H2OAutoML.benchmark_openml_t_168868.csv`.
Scores saved to `/home/juradoi/experiments/automlbenchmark/results/h2oautoml.openml_t_168868.pygmo_c.local.20211209T210223/scores/results.csv`.
Scores saved to `/home/juradoi/experiments/automlbenchmark/results/results.csv`.
Summing up scores for current run:
                 id       task fold framework constraint   result metric  duration       seed
openml.org/t/168868 APSFailure    0 H2OAutoML    pygmo_c 0.988772    auc    3613.7 2107506153
