/var/spool/slurm/slurmd/job8496255/slurm_script: line 8: activate: No such file or directory
Running benchmark `H2OAutoML` on `openml/t/359979` framework in `local` mode.
Loading frameworks definitions from ['/home/juradoi/experiments/automlbenchmark/resources/frameworks.yaml'].
Loading benchmark constraint definitions from ['/home/juradoi/experiments/automlbenchmark/resources/constraints.yaml'].
Loading openml task 359979.

------------------------------------------------------------------------------
Starting job local.openml_t_359979.pygmo_c.Amazon_employee_access.0.H2OAutoML.
Assigning 16 cores (total=16) for new task Amazon_employee_access.
Assigning 90987 MB (total=95302 MB) for new Amazon_employee_access task.
[MONITORING] [local.openml_t_359979.pygmo_c.Amazon_employee_access.0.H2OAutoML] CPU Utilization: 19.1%
[MONITORING] [local.openml_t_359979.pygmo_c.Amazon_employee_access.0.H2OAutoML] Memory Usage: 2.4%
[MONITORING] [local.openml_t_359979.pygmo_c.Amazon_employee_access.0.H2OAutoML] Disk Usage: 43.2%
Running task Amazon_employee_access on framework H2OAutoML with config:
TaskConfig({})
Running cmd `/home/juradoi/experiments/automlbenchmark/frameworks/H2OAutoML/venv/bin/python -W ignore /home/juradoi/experiments/automlbenchmark/frameworks/H2OAutoML/exec.py`
INFO:__main__:
**** H2O AutoML [v3.34.0.3] ****

INFO:__main__:Starting H2O cluster with 16 cores, 60658M memory.
Checking whether there is an H2O instance running at http://localhost:10193 ..... not found.
Attempting to start a local H2O server...
  Java Version: openjdk version "11.0.12" 2021-07-20; OpenJDK Runtime Environment (build 11.0.12+7-post-Debian-2deb10u1); OpenJDK 64-Bit Server VM (build 11.0.12+7-post-Debian-2deb10u1, mixed mode, sharing)
  Starting server from /home/juradoi/experiments/automlbenchmark/frameworks/H2OAutoML/venv/lib/python3.8/site-packages/h2o/backend/bin/h2o.jar
  Ice root: /tmp/tmpcdzqb639
  JVM stdout: /tmp/tmpcdzqb639/h2o_unknownUser_started_from_python.out
  JVM stderr: /tmp/tmpcdzqb639/h2o_unknownUser_started_from_python.err
  Server is running at http://127.0.0.1:10193
Connecting to H2O server at http://127.0.0.1:10193 ... successful.
--------------------------  ------------------------------------------------------------------
H2O_cluster_uptime:         01 secs
H2O_cluster_timezone:       Europe/Amsterdam
H2O_data_parsing_timezone:  UTC
H2O_cluster_version:        3.34.0.3
H2O_cluster_version_age:    2 months and 2 days
H2O_cluster_name:           H2O_from_python_unknownUser_8e3c7n
H2O_cluster_total_nodes:    1
H2O_cluster_free_memory:    59.25 Gb
H2O_cluster_total_cores:    16
H2O_cluster_allowed_cores:  16
H2O_cluster_status:         locked, healthy
H2O_connection_url:         http://127.0.0.1:10193
H2O_connection_proxy:       {"http": null, "https": null}
H2O_internal_security:      False
H2O_API_Extensions:         Amazon S3, XGBoost, Algos, AutoML, Core V3, TargetEncoder, Core V4
Python_version:             3.8.12 final
--------------------------  ------------------------------------------------------------------
Parse progress: |████████████████████████████████████████████████████████████████| (done) 100%
Parse progress: |████████████████████████████████████████████████████████████████| (done) 100%
Parse progress: |████████████████████████████████████████████████████████████████| (done) 100%
INFO:__main__:Running model on task Amazon_employee_access, fold 0.
[MONITORING] [local.openml_t_359979.pygmo_c.Amazon_employee_access.0.H2OAutoML] CPU Utilization: 36.8%
[MONITORING] [local.openml_t_359979.pygmo_c.Amazon_employee_access.0.H2OAutoML] Memory Usage: 44.8%
[MONITORING] [local.openml_t_359979.pygmo_c.Amazon_employee_access.0.H2OAutoML] Disk Usage: 43.2%
[MONITORING] [local.openml_t_359979.pygmo_c.Amazon_employee_access.0.H2OAutoML] CPU Utilization: 49.1%
[MONITORING] [local.openml_t_359979.pygmo_c.Amazon_employee_access.0.H2OAutoML] Memory Usage: 45.4%
[MONITORING] [local.openml_t_359979.pygmo_c.Amazon_employee_access.0.H2OAutoML] Disk Usage: 43.2%
[MONITORING] [local.openml_t_359979.pygmo_c.Amazon_employee_access.0.H2OAutoML] CPU Utilization: 57.6%
[MONITORING] [local.openml_t_359979.pygmo_c.Amazon_employee_access.0.H2OAutoML] Memory Usage: 45.7%
[MONITORING] [local.openml_t_359979.pygmo_c.Amazon_employee_access.0.H2OAutoML] Disk Usage: 43.2%
[MONITORING] [local.openml_t_359979.pygmo_c.Amazon_employee_access.0.H2OAutoML] CPU Utilization: 56.7%
[MONITORING] [local.openml_t_359979.pygmo_c.Amazon_employee_access.0.H2OAutoML] Memory Usage: 45.8%
[MONITORING] [local.openml_t_359979.pygmo_c.Amazon_employee_access.0.H2OAutoML] Disk Usage: 43.2%
[MONITORING] [local.openml_t_359979.pygmo_c.Amazon_employee_access.0.H2OAutoML] CPU Utilization: 58.4%
[MONITORING] [local.openml_t_359979.pygmo_c.Amazon_employee_access.0.H2OAutoML] Memory Usage: 45.9%
[MONITORING] [local.openml_t_359979.pygmo_c.Amazon_employee_access.0.H2OAutoML] Disk Usage: 43.2%
[MONITORING] [local.openml_t_359979.pygmo_c.Amazon_employee_access.0.H2OAutoML] CPU Utilization: 61.1%
[MONITORING] [local.openml_t_359979.pygmo_c.Amazon_employee_access.0.H2OAutoML] Memory Usage: 46.0%
[MONITORING] [local.openml_t_359979.pygmo_c.Amazon_employee_access.0.H2OAutoML] Disk Usage: 43.2%
[MONITORING] [local.openml_t_359979.pygmo_c.Amazon_employee_access.0.H2OAutoML] CPU Utilization: 56.9%
[MONITORING] [local.openml_t_359979.pygmo_c.Amazon_employee_access.0.H2OAutoML] Memory Usage: 46.1%
[MONITORING] [local.openml_t_359979.pygmo_c.Amazon_employee_access.0.H2OAutoML] Disk Usage: 43.2%
[MONITORING] [local.openml_t_359979.pygmo_c.Amazon_employee_access.0.H2OAutoML] CPU Utilization: 59.1%
[MONITORING] [local.openml_t_359979.pygmo_c.Amazon_employee_access.0.H2OAutoML] Memory Usage: 46.1%
[MONITORING] [local.openml_t_359979.pygmo_c.Amazon_employee_access.0.H2OAutoML] Disk Usage: 43.2%
[MONITORING] [local.openml_t_359979.pygmo_c.Amazon_employee_access.0.H2OAutoML] CPU Utilization: 56.3%
[MONITORING] [local.openml_t_359979.pygmo_c.Amazon_employee_access.0.H2OAutoML] Memory Usage: 46.2%
[MONITORING] [local.openml_t_359979.pygmo_c.Amazon_employee_access.0.H2OAutoML] Disk Usage: 43.2%
[MONITORING] [local.openml_t_359979.pygmo_c.Amazon_employee_access.0.H2OAutoML] CPU Utilization: 54.9%
[MONITORING] [local.openml_t_359979.pygmo_c.Amazon_employee_access.0.H2OAutoML] Memory Usage: 46.3%
[MONITORING] [local.openml_t_359979.pygmo_c.Amazon_employee_access.0.H2OAutoML] Disk Usage: 43.2%
[MONITORING] [local.openml_t_359979.pygmo_c.Amazon_employee_access.0.H2OAutoML] CPU Utilization: 58.5%
[MONITORING] [local.openml_t_359979.pygmo_c.Amazon_employee_access.0.H2OAutoML] Memory Usage: 46.3%
[MONITORING] [local.openml_t_359979.pygmo_c.Amazon_employee_access.0.H2OAutoML] Disk Usage: 43.2%
[MONITORING] [local.openml_t_359979.pygmo_c.Amazon_employee_access.0.H2OAutoML] CPU Utilization: 55.8%
[MONITORING] [local.openml_t_359979.pygmo_c.Amazon_employee_access.0.H2OAutoML] Memory Usage: 46.4%
[MONITORING] [local.openml_t_359979.pygmo_c.Amazon_employee_access.0.H2OAutoML] Disk Usage: 43.2%
[MONITORING] [local.openml_t_359979.pygmo_c.Amazon_employee_access.0.H2OAutoML] CPU Utilization: 58.8%
[MONITORING] [local.openml_t_359979.pygmo_c.Amazon_employee_access.0.H2OAutoML] Memory Usage: 46.4%
[MONITORING] [local.openml_t_359979.pygmo_c.Amazon_employee_access.0.H2OAutoML] Disk Usage: 43.2%
[MONITORING] [local.openml_t_359979.pygmo_c.Amazon_employee_access.0.H2OAutoML] CPU Utilization: 61.3%
[MONITORING] [local.openml_t_359979.pygmo_c.Amazon_employee_access.0.H2OAutoML] Memory Usage: 46.5%
[MONITORING] [local.openml_t_359979.pygmo_c.Amazon_employee_access.0.H2OAutoML] Disk Usage: 43.2%
[MONITORING] [local.openml_t_359979.pygmo_c.Amazon_employee_access.0.H2OAutoML] CPU Utilization: 55.9%
[MONITORING] [local.openml_t_359979.pygmo_c.Amazon_employee_access.0.H2OAutoML] Memory Usage: 46.6%
[MONITORING] [local.openml_t_359979.pygmo_c.Amazon_employee_access.0.H2OAutoML] Disk Usage: 43.2%
[MONITORING] [local.openml_t_359979.pygmo_c.Amazon_employee_access.0.H2OAutoML] CPU Utilization: 35.8%
[MONITORING] [local.openml_t_359979.pygmo_c.Amazon_employee_access.0.H2OAutoML] Memory Usage: 46.6%
[MONITORING] [local.openml_t_359979.pygmo_c.Amazon_employee_access.0.H2OAutoML] Disk Usage: 43.2%
[MONITORING] [local.openml_t_359979.pygmo_c.Amazon_employee_access.0.H2OAutoML] CPU Utilization: 36.9%
[MONITORING] [local.openml_t_359979.pygmo_c.Amazon_employee_access.0.H2OAutoML] Memory Usage: 46.6%
[MONITORING] [local.openml_t_359979.pygmo_c.Amazon_employee_access.0.H2OAutoML] Disk Usage: 43.2%
[MONITORING] [local.openml_t_359979.pygmo_c.Amazon_employee_access.0.H2OAutoML] CPU Utilization: 37.4%
[MONITORING] [local.openml_t_359979.pygmo_c.Amazon_employee_access.0.H2OAutoML] Memory Usage: 47.1%
[MONITORING] [local.openml_t_359979.pygmo_c.Amazon_employee_access.0.H2OAutoML] Disk Usage: 43.2%
[MONITORING] [local.openml_t_359979.pygmo_c.Amazon_employee_access.0.H2OAutoML] CPU Utilization: 39.2%
[MONITORING] [local.openml_t_359979.pygmo_c.Amazon_employee_access.0.H2OAutoML] Memory Usage: 47.1%
[MONITORING] [local.openml_t_359979.pygmo_c.Amazon_employee_access.0.H2OAutoML] Disk Usage: 43.2%
[MONITORING] [local.openml_t_359979.pygmo_c.Amazon_employee_access.0.H2OAutoML] CPU Utilization: 36.0%
[MONITORING] [local.openml_t_359979.pygmo_c.Amazon_employee_access.0.H2OAutoML] Memory Usage: 47.5%
[MONITORING] [local.openml_t_359979.pygmo_c.Amazon_employee_access.0.H2OAutoML] Disk Usage: 43.2%
[MONITORING] [local.openml_t_359979.pygmo_c.Amazon_employee_access.0.H2OAutoML] CPU Utilization: 36.7%
[MONITORING] [local.openml_t_359979.pygmo_c.Amazon_employee_access.0.H2OAutoML] Memory Usage: 47.5%
[MONITORING] [local.openml_t_359979.pygmo_c.Amazon_employee_access.0.H2OAutoML] Disk Usage: 43.2%
[MONITORING] [local.openml_t_359979.pygmo_c.Amazon_employee_access.0.H2OAutoML] CPU Utilization: 33.8%
[MONITORING] [local.openml_t_359979.pygmo_c.Amazon_employee_access.0.H2OAutoML] Memory Usage: 47.5%
[MONITORING] [local.openml_t_359979.pygmo_c.Amazon_employee_access.0.H2OAutoML] Disk Usage: 43.2%
[MONITORING] [local.openml_t_359979.pygmo_c.Amazon_employee_access.0.H2OAutoML] CPU Utilization: 70.7%
[MONITORING] [local.openml_t_359979.pygmo_c.Amazon_employee_access.0.H2OAutoML] Memory Usage: 48.6%
[MONITORING] [local.openml_t_359979.pygmo_c.Amazon_employee_access.0.H2OAutoML] Disk Usage: 43.2%
[MONITORING] [local.openml_t_359979.pygmo_c.Amazon_employee_access.0.H2OAutoML] CPU Utilization: 85.0%
[MONITORING] [local.openml_t_359979.pygmo_c.Amazon_employee_access.0.H2OAutoML] Memory Usage: 49.1%
[MONITORING] [local.openml_t_359979.pygmo_c.Amazon_employee_access.0.H2OAutoML] Disk Usage: 43.2%
[MONITORING] [local.openml_t_359979.pygmo_c.Amazon_employee_access.0.H2OAutoML] CPU Utilization: 86.8%
[MONITORING] [local.openml_t_359979.pygmo_c.Amazon_employee_access.0.H2OAutoML] Memory Usage: 51.1%
[MONITORING] [local.openml_t_359979.pygmo_c.Amazon_employee_access.0.H2OAutoML] Disk Usage: 43.2%
[MONITORING] [local.openml_t_359979.pygmo_c.Amazon_employee_access.0.H2OAutoML] CPU Utilization: 87.8%
[MONITORING] [local.openml_t_359979.pygmo_c.Amazon_employee_access.0.H2OAutoML] Memory Usage: 54.3%
[MONITORING] [local.openml_t_359979.pygmo_c.Amazon_employee_access.0.H2OAutoML] Disk Usage: 43.2%
[MONITORING] [local.openml_t_359979.pygmo_c.Amazon_employee_access.0.H2OAutoML] CPU Utilization: 88.3%
[MONITORING] [local.openml_t_359979.pygmo_c.Amazon_employee_access.0.H2OAutoML] Memory Usage: 55.3%
[MONITORING] [local.openml_t_359979.pygmo_c.Amazon_employee_access.0.H2OAutoML] Disk Usage: 43.2%
[MONITORING] [local.openml_t_359979.pygmo_c.Amazon_employee_access.0.H2OAutoML] CPU Utilization: 81.6%
[MONITORING] [local.openml_t_359979.pygmo_c.Amazon_employee_access.0.H2OAutoML] Memory Usage: 55.6%
[MONITORING] [local.openml_t_359979.pygmo_c.Amazon_employee_access.0.H2OAutoML] Disk Usage: 43.2%
[MONITORING] [local.openml_t_359979.pygmo_c.Amazon_employee_access.0.H2OAutoML] CPU Utilization: 82.5%
[MONITORING] [local.openml_t_359979.pygmo_c.Amazon_employee_access.0.H2OAutoML] Memory Usage: 55.6%
[MONITORING] [local.openml_t_359979.pygmo_c.Amazon_employee_access.0.H2OAutoML] Disk Usage: 43.2%
[MONITORING] [local.openml_t_359979.pygmo_c.Amazon_employee_access.0.H2OAutoML] CPU Utilization: 72.7%
[MONITORING] [local.openml_t_359979.pygmo_c.Amazon_employee_access.0.H2OAutoML] Memory Usage: 55.7%
[MONITORING] [local.openml_t_359979.pygmo_c.Amazon_employee_access.0.H2OAutoML] Disk Usage: 43.2%
AutoML progress: |███████████████████████████████████████████████████████████████| (done) 100%
stackedensemble prediction progress: |███████████████████████████████████████████| (done) 100%
H2O session _sid_806f closed.



Predictions preview:
                        0                   1 predictions truth
0    0.08960997402501003    0.91039002597499           1     1
1   0.012233070734784413  0.9877669292652156           1     1
2   0.016045513165725334  0.9839544868342747           1     1
3   0.011519756670617887  0.9884802433293821           1     1
4   0.011736094326970758  0.9882639056730292           1     1
5   0.018836179776709705  0.9811638202232903           1     1
6    0.01697731866486296   0.983022681335137           1     1
7   0.015485819605559947    0.98451418039444           1     1
8   0.011126377714991587  0.9888736222850084           1     1
9   0.014763680013179847  0.9852363199868202           1     1
10   0.01667224587173244  0.9833277541282676           1     1
11   0.02125634053776171  0.9787436594622383           1     1
12   0.01133541254651882  0.9886645874534812           1     1
13  0.025210668624565225  0.9747893313754348           1     1
14  0.012356223420904477  0.9876437765790955           1     1
15  0.027271366837309796  0.9727286331626902           1     1
16  0.011736094326970758  0.9882639056730292           1     1
17  0.017564689310560544  0.9824353106894395           1     1
18  0.011519756670617887  0.9884802433293821           1     1
19  0.026411989148346193  0.9735880108516538           1     1

Predictions saved to `/home/juradoi/experiments/automlbenchmark/results/h2oautoml.openml_t_359979.pygmo_c.local.20211210T063737/predictions/Amazon_employee_access/0/predictions.csv`.
Loading metadata from `/home/juradoi/experiments/automlbenchmark/results/h2oautoml.openml_t_359979.pygmo_c.local.20211210T063737/predictions/Amazon_employee_access/0/metadata.json`.
Loading predictions from `/home/juradoi/experiments/automlbenchmark/results/h2oautoml.openml_t_359979.pygmo_c.local.20211210T063737/predictions/Amazon_employee_access/0/predictions.csv`.
Metric scores: { 'acc': 0.9472078120231919,
  'app_version': 'dev [master, beef024]',
  'auc': 0.8672485401760013,
  'balacc': 0.6565729774926665,
  'constraint': 'pygmo_c',
  'duration': nan,
  'fold': 0,
  'framework': 'H2OAutoML',
  'id': 'openml.org/t/359979',
  'info': None,
  'logloss': 0.148984539905268,
  'metric': 'auc',
  'mode': 'local',
  'models_count': 270,
  'params': '',
  'predict_duration': 2.441538095474243,
  'result': 0.8672485401760013,
  'seed': 222854638,
  'task': 'Amazon_employee_access',
  'training_duration': 3603.386458158493,
  'type': 'binary',
  'utc': '2021-12-10T07:37:55',
  'version': '3.34.0.3'}
Job `local.openml_t_359979.pygmo_c.Amazon_employee_access.0.H2OAutoML` executed in 3615.902 seconds.
All jobs executed in 3617.171 seconds.
[MONITORING] [local.openml_t_359979.pygmo_c.Amazon_employee_access.0.H2OAutoML] CPU Utilization: 50.0%
[MONITORING] [local.openml_t_359979.pygmo_c.Amazon_employee_access.0.H2OAutoML] Memory Usage: 2.4%
[MONITORING] [local.openml_t_359979.pygmo_c.Amazon_employee_access.0.H2OAutoML] Disk Usage: 43.2%
Processing results for h2oautoml.openml_t_359979.pygmo_c.local.20211210T063737
Scores saved to `/home/juradoi/experiments/automlbenchmark/results/h2oautoml.openml_t_359979.pygmo_c.local.20211210T063737/scores/H2OAutoML.benchmark_openml_t_359979.csv`.
Scores saved to `/home/juradoi/experiments/automlbenchmark/results/h2oautoml.openml_t_359979.pygmo_c.local.20211210T063737/scores/results.csv`.
Scores saved to `/home/juradoi/experiments/automlbenchmark/results/results.csv`.
Summing up scores for current run:
                 id                   task fold framework constraint   result metric  duration      seed
openml.org/t/359979 Amazon_employee_access    0 H2OAutoML    pygmo_c 0.867249    auc    3615.9 222854638
