/var/spool/slurm/slurmd/job8494833/slurm_script: line 8: activate: No such file or directory
Running benchmark `H2OAutoML` on `openml/t/359972` framework in `local` mode.
Loading frameworks definitions from ['/home/juradoi/experiments/automlbenchmark/resources/frameworks.yaml'].
Loading benchmark constraint definitions from ['/home/juradoi/experiments/automlbenchmark/resources/constraints.yaml'].
Loading openml task 359972.

---------------------------------------------------------------
Starting job local.openml_t_359972.pygmo_c.sylvine.0.H2OAutoML.
Assigning 16 cores (total=16) for new task sylvine.
Assigning 91220 MB (total=95302 MB) for new sylvine task.
[MONITORING] [local.openml_t_359972.pygmo_c.sylvine.0.H2OAutoML] CPU Utilization: 19.1%
[MONITORING] [local.openml_t_359972.pygmo_c.sylvine.0.H2OAutoML] Memory Usage: 2.1%
[MONITORING] [local.openml_t_359972.pygmo_c.sylvine.0.H2OAutoML] Disk Usage: 43.2%
Running task sylvine on framework H2OAutoML with config:
TaskConfig({})
Running cmd `/home/juradoi/experiments/automlbenchmark/frameworks/H2OAutoML/venv/bin/python -W ignore /home/juradoi/experiments/automlbenchmark/frameworks/H2OAutoML/exec.py`
INFO:__main__:
**** H2O AutoML [v3.34.0.3] ****

INFO:__main__:Starting H2O cluster with 16 cores, 60813M memory.
Checking whether there is an H2O instance running at http://localhost:33475 ..... not found.
Attempting to start a local H2O server...
  Java Version: openjdk version "11.0.12" 2021-07-20; OpenJDK Runtime Environment (build 11.0.12+7-post-Debian-2deb10u1); OpenJDK 64-Bit Server VM (build 11.0.12+7-post-Debian-2deb10u1, mixed mode, sharing)
  Starting server from /home/juradoi/experiments/automlbenchmark/frameworks/H2OAutoML/venv/lib/python3.8/site-packages/h2o/backend/bin/h2o.jar
  Ice root: /tmp/tmp457y3i47
  JVM stdout: /tmp/tmp457y3i47/h2o_unknownUser_started_from_python.out
  JVM stderr: /tmp/tmp457y3i47/h2o_unknownUser_started_from_python.err
  Server is running at http://127.0.0.1:33475
Connecting to H2O server at http://127.0.0.1:33475 ... successful.
--------------------------  ------------------------------------------------------------------
H2O_cluster_uptime:         01 secs
H2O_cluster_timezone:       Europe/Amsterdam
H2O_data_parsing_timezone:  UTC
H2O_cluster_version:        3.34.0.3
H2O_cluster_version_age:    2 months and 2 days
H2O_cluster_name:           H2O_from_python_unknownUser_khqipx
H2O_cluster_total_nodes:    1
H2O_cluster_free_memory:    59.39 Gb
H2O_cluster_total_cores:    16
H2O_cluster_allowed_cores:  16
H2O_cluster_status:         locked, healthy
H2O_connection_url:         http://127.0.0.1:33475
H2O_connection_proxy:       {"http": null, "https": null}
H2O_internal_security:      False
H2O_API_Extensions:         Amazon S3, XGBoost, Algos, AutoML, Core V3, TargetEncoder, Core V4
Python_version:             3.8.12 final
--------------------------  ------------------------------------------------------------------
Parse progress: |████████████████████████████████████████████████████████████████| (done) 100%
Parse progress: |████████████████████████████████████████████████████████████████| (done) 100%
INFO:__main__:Running model on task sylvine, fold 0.
[MONITORING] [local.openml_t_359972.pygmo_c.sylvine.0.H2OAutoML] CPU Utilization: 62.4%
[MONITORING] [local.openml_t_359972.pygmo_c.sylvine.0.H2OAutoML] Memory Usage: 44.3%
[MONITORING] [local.openml_t_359972.pygmo_c.sylvine.0.H2OAutoML] Disk Usage: 43.2%
[MONITORING] [local.openml_t_359972.pygmo_c.sylvine.0.H2OAutoML] CPU Utilization: 80.2%
[MONITORING] [local.openml_t_359972.pygmo_c.sylvine.0.H2OAutoML] Memory Usage: 45.9%
[MONITORING] [local.openml_t_359972.pygmo_c.sylvine.0.H2OAutoML] Disk Usage: 43.2%
[MONITORING] [local.openml_t_359972.pygmo_c.sylvine.0.H2OAutoML] CPU Utilization: 79.1%
[MONITORING] [local.openml_t_359972.pygmo_c.sylvine.0.H2OAutoML] Memory Usage: 46.1%
[MONITORING] [local.openml_t_359972.pygmo_c.sylvine.0.H2OAutoML] Disk Usage: 43.2%
[MONITORING] [local.openml_t_359972.pygmo_c.sylvine.0.H2OAutoML] CPU Utilization: 80.6%
[MONITORING] [local.openml_t_359972.pygmo_c.sylvine.0.H2OAutoML] Memory Usage: 46.6%
[MONITORING] [local.openml_t_359972.pygmo_c.sylvine.0.H2OAutoML] Disk Usage: 43.2%
[MONITORING] [local.openml_t_359972.pygmo_c.sylvine.0.H2OAutoML] CPU Utilization: 77.7%
[MONITORING] [local.openml_t_359972.pygmo_c.sylvine.0.H2OAutoML] Memory Usage: 47.9%
[MONITORING] [local.openml_t_359972.pygmo_c.sylvine.0.H2OAutoML] Disk Usage: 43.2%
[MONITORING] [local.openml_t_359972.pygmo_c.sylvine.0.H2OAutoML] CPU Utilization: 69.9%
[MONITORING] [local.openml_t_359972.pygmo_c.sylvine.0.H2OAutoML] Memory Usage: 48.4%
[MONITORING] [local.openml_t_359972.pygmo_c.sylvine.0.H2OAutoML] Disk Usage: 43.2%
[MONITORING] [local.openml_t_359972.pygmo_c.sylvine.0.H2OAutoML] CPU Utilization: 68.7%
[MONITORING] [local.openml_t_359972.pygmo_c.sylvine.0.H2OAutoML] Memory Usage: 49.6%
[MONITORING] [local.openml_t_359972.pygmo_c.sylvine.0.H2OAutoML] Disk Usage: 43.2%
[MONITORING] [local.openml_t_359972.pygmo_c.sylvine.0.H2OAutoML] CPU Utilization: 67.7%
[MONITORING] [local.openml_t_359972.pygmo_c.sylvine.0.H2OAutoML] Memory Usage: 49.6%
[MONITORING] [local.openml_t_359972.pygmo_c.sylvine.0.H2OAutoML] Disk Usage: 43.2%
[MONITORING] [local.openml_t_359972.pygmo_c.sylvine.0.H2OAutoML] CPU Utilization: 69.8%
[MONITORING] [local.openml_t_359972.pygmo_c.sylvine.0.H2OAutoML] Memory Usage: 50.3%
[MONITORING] [local.openml_t_359972.pygmo_c.sylvine.0.H2OAutoML] Disk Usage: 43.2%
[MONITORING] [local.openml_t_359972.pygmo_c.sylvine.0.H2OAutoML] CPU Utilization: 68.8%
[MONITORING] [local.openml_t_359972.pygmo_c.sylvine.0.H2OAutoML] Memory Usage: 51.3%
[MONITORING] [local.openml_t_359972.pygmo_c.sylvine.0.H2OAutoML] Disk Usage: 43.2%
[MONITORING] [local.openml_t_359972.pygmo_c.sylvine.0.H2OAutoML] CPU Utilization: 69.2%
[MONITORING] [local.openml_t_359972.pygmo_c.sylvine.0.H2OAutoML] Memory Usage: 51.4%
[MONITORING] [local.openml_t_359972.pygmo_c.sylvine.0.H2OAutoML] Disk Usage: 43.2%
[MONITORING] [local.openml_t_359972.pygmo_c.sylvine.0.H2OAutoML] CPU Utilization: 69.0%
[MONITORING] [local.openml_t_359972.pygmo_c.sylvine.0.H2OAutoML] Memory Usage: 52.7%
[MONITORING] [local.openml_t_359972.pygmo_c.sylvine.0.H2OAutoML] Disk Usage: 43.2%
[MONITORING] [local.openml_t_359972.pygmo_c.sylvine.0.H2OAutoML] CPU Utilization: 70.3%
[MONITORING] [local.openml_t_359972.pygmo_c.sylvine.0.H2OAutoML] Memory Usage: 52.8%
[MONITORING] [local.openml_t_359972.pygmo_c.sylvine.0.H2OAutoML] Disk Usage: 43.2%
[MONITORING] [local.openml_t_359972.pygmo_c.sylvine.0.H2OAutoML] CPU Utilization: 70.3%
[MONITORING] [local.openml_t_359972.pygmo_c.sylvine.0.H2OAutoML] Memory Usage: 53.0%
[MONITORING] [local.openml_t_359972.pygmo_c.sylvine.0.H2OAutoML] Disk Usage: 43.2%
[MONITORING] [local.openml_t_359972.pygmo_c.sylvine.0.H2OAutoML] CPU Utilization: 70.0%
[MONITORING] [local.openml_t_359972.pygmo_c.sylvine.0.H2OAutoML] Memory Usage: 54.0%
[MONITORING] [local.openml_t_359972.pygmo_c.sylvine.0.H2OAutoML] Disk Usage: 43.2%
[MONITORING] [local.openml_t_359972.pygmo_c.sylvine.0.H2OAutoML] CPU Utilization: 67.4%
[MONITORING] [local.openml_t_359972.pygmo_c.sylvine.0.H2OAutoML] Memory Usage: 54.1%
[MONITORING] [local.openml_t_359972.pygmo_c.sylvine.0.H2OAutoML] Disk Usage: 43.2%
[MONITORING] [local.openml_t_359972.pygmo_c.sylvine.0.H2OAutoML] CPU Utilization: 66.2%
[MONITORING] [local.openml_t_359972.pygmo_c.sylvine.0.H2OAutoML] Memory Usage: 55.6%
[MONITORING] [local.openml_t_359972.pygmo_c.sylvine.0.H2OAutoML] Disk Usage: 43.2%
[MONITORING] [local.openml_t_359972.pygmo_c.sylvine.0.H2OAutoML] CPU Utilization: 68.2%
[MONITORING] [local.openml_t_359972.pygmo_c.sylvine.0.H2OAutoML] Memory Usage: 56.1%
[MONITORING] [local.openml_t_359972.pygmo_c.sylvine.0.H2OAutoML] Disk Usage: 43.2%
[MONITORING] [local.openml_t_359972.pygmo_c.sylvine.0.H2OAutoML] CPU Utilization: 68.2%
[MONITORING] [local.openml_t_359972.pygmo_c.sylvine.0.H2OAutoML] Memory Usage: 56.4%
[MONITORING] [local.openml_t_359972.pygmo_c.sylvine.0.H2OAutoML] Disk Usage: 43.2%
[MONITORING] [local.openml_t_359972.pygmo_c.sylvine.0.H2OAutoML] CPU Utilization: 92.8%
[MONITORING] [local.openml_t_359972.pygmo_c.sylvine.0.H2OAutoML] Memory Usage: 56.5%
[MONITORING] [local.openml_t_359972.pygmo_c.sylvine.0.H2OAutoML] Disk Usage: 43.2%
[MONITORING] [local.openml_t_359972.pygmo_c.sylvine.0.H2OAutoML] CPU Utilization: 97.2%
[MONITORING] [local.openml_t_359972.pygmo_c.sylvine.0.H2OAutoML] Memory Usage: 56.6%
[MONITORING] [local.openml_t_359972.pygmo_c.sylvine.0.H2OAutoML] Disk Usage: 43.2%
[MONITORING] [local.openml_t_359972.pygmo_c.sylvine.0.H2OAutoML] CPU Utilization: 96.7%
[MONITORING] [local.openml_t_359972.pygmo_c.sylvine.0.H2OAutoML] Memory Usage: 56.6%
[MONITORING] [local.openml_t_359972.pygmo_c.sylvine.0.H2OAutoML] Disk Usage: 43.2%
[MONITORING] [local.openml_t_359972.pygmo_c.sylvine.0.H2OAutoML] CPU Utilization: 99.5%
[MONITORING] [local.openml_t_359972.pygmo_c.sylvine.0.H2OAutoML] Memory Usage: 56.6%
[MONITORING] [local.openml_t_359972.pygmo_c.sylvine.0.H2OAutoML] Disk Usage: 43.2%
[MONITORING] [local.openml_t_359972.pygmo_c.sylvine.0.H2OAutoML] CPU Utilization: 97.9%
[MONITORING] [local.openml_t_359972.pygmo_c.sylvine.0.H2OAutoML] Memory Usage: 56.6%
[MONITORING] [local.openml_t_359972.pygmo_c.sylvine.0.H2OAutoML] Disk Usage: 43.2%
[MONITORING] [local.openml_t_359972.pygmo_c.sylvine.0.H2OAutoML] CPU Utilization: 97.5%
[MONITORING] [local.openml_t_359972.pygmo_c.sylvine.0.H2OAutoML] Memory Usage: 56.6%
[MONITORING] [local.openml_t_359972.pygmo_c.sylvine.0.H2OAutoML] Disk Usage: 43.2%
[MONITORING] [local.openml_t_359972.pygmo_c.sylvine.0.H2OAutoML] CPU Utilization: 98.7%
[MONITORING] [local.openml_t_359972.pygmo_c.sylvine.0.H2OAutoML] Memory Usage: 56.6%
[MONITORING] [local.openml_t_359972.pygmo_c.sylvine.0.H2OAutoML] Disk Usage: 43.2%
[MONITORING] [local.openml_t_359972.pygmo_c.sylvine.0.H2OAutoML] CPU Utilization: 93.4%
[MONITORING] [local.openml_t_359972.pygmo_c.sylvine.0.H2OAutoML] Memory Usage: 56.9%
[MONITORING] [local.openml_t_359972.pygmo_c.sylvine.0.H2OAutoML] Disk Usage: 43.2%
[MONITORING] [local.openml_t_359972.pygmo_c.sylvine.0.H2OAutoML] CPU Utilization: 97.4%
[MONITORING] [local.openml_t_359972.pygmo_c.sylvine.0.H2OAutoML] Memory Usage: 57.9%
[MONITORING] [local.openml_t_359972.pygmo_c.sylvine.0.H2OAutoML] Disk Usage: 43.2%
[MONITORING] [local.openml_t_359972.pygmo_c.sylvine.0.H2OAutoML] CPU Utilization: 97.4%
[MONITORING] [local.openml_t_359972.pygmo_c.sylvine.0.H2OAutoML] Memory Usage: 58.0%
[MONITORING] [local.openml_t_359972.pygmo_c.sylvine.0.H2OAutoML] Disk Usage: 43.2%
[MONITORING] [local.openml_t_359972.pygmo_c.sylvine.0.H2OAutoML] CPU Utilization: 81.6%
[MONITORING] [local.openml_t_359972.pygmo_c.sylvine.0.H2OAutoML] Memory Usage: 58.5%
[MONITORING] [local.openml_t_359972.pygmo_c.sylvine.0.H2OAutoML] Disk Usage: 43.2%
AutoML progress: |███████████████████████████████████████████████████████████████| (done) 100%
stackedensemble prediction progress: |███████████████████████████████████████████| (done) 100%
H2O session _sid_8357 closed.



Predictions preview:
                        0                    1 predictions truth
0   0.007429202287116188   0.9925707977128838           1     1
1   0.008421013820373191   0.9915789861796268           1     1
2   0.004542088695060786   0.9954579113049392           1     1
3   0.005706267989771363   0.9942937320102286           1     1
4   0.027110446687925838   0.9728895533120742           1     1
5   0.023294839300219583   0.9767051606997804           1     1
6   0.006557022045663219   0.9934429779543368           1     1
7   0.007519455779551154   0.9924805442204488           1     1
8    0.12345483169233984   0.8765451683076602           1     1
9   0.008195858469825179   0.9918041415301748           1     1
10   0.05344065211140303    0.946559347888597           1     1
11   0.04099658661114136   0.9590034133888586           1     1
12  0.004945735515493377   0.9950542644845066           1     1
13   0.06684550406316625   0.9331544959368337           1     1
14   0.00693566407998869   0.9930643359200113           1     1
15    0.9852770282605989  0.01472297173940109           0     1
16    0.0474887848146498   0.9525112151853502           1     1
17   0.17323062058920236   0.8267693794107976           1     1
18   0.06751072538394376   0.9324892746160562           1     1
19  0.016333547369756896   0.9836664526302431           1     1

Predictions saved to `/home/juradoi/experiments/automlbenchmark/results/h2oautoml.openml_t_359972.pygmo_c.local.20211210T013348/predictions/sylvine/0/predictions.csv`.
Loading metadata from `/home/juradoi/experiments/automlbenchmark/results/h2oautoml.openml_t_359972.pygmo_c.local.20211210T013348/predictions/sylvine/0/metadata.json`.
Loading predictions from `/home/juradoi/experiments/automlbenchmark/results/h2oautoml.openml_t_359972.pygmo_c.local.20211210T013348/predictions/sylvine/0/predictions.csv`.
Metric scores: { 'acc': 0.9415204678362573,
  'app_version': 'dev [master, beef024]',
  'auc': 0.9841318093385214,
  'balacc': 0.9414670476653697,
  'constraint': 'pygmo_c',
  'duration': nan,
  'fold': 0,
  'framework': 'H2OAutoML',
  'id': 'openml.org/t/359972',
  'info': None,
  'logloss': 0.14952193937255345,
  'metric': 'auc',
  'mode': 'local',
  'models_count': 936,
  'params': '',
  'predict_duration': 0.3312389850616455,
  'result': 0.9841318093385214,
  'seed': 1663007886,
  'task': 'sylvine',
  'training_duration': 3604.8493452072144,
  'type': 'binary',
  'utc': '2021-12-10T02:34:03',
  'version': '3.34.0.3'}
Job `local.openml_t_359972.pygmo_c.sylvine.0.H2OAutoML` executed in 3614.373 seconds.
All jobs executed in 3614.381 seconds.
[MONITORING] [local.openml_t_359972.pygmo_c.sylvine.0.H2OAutoML] CPU Utilization: 50.9%
[MONITORING] [local.openml_t_359972.pygmo_c.sylvine.0.H2OAutoML] Memory Usage: 2.1%
[MONITORING] [local.openml_t_359972.pygmo_c.sylvine.0.H2OAutoML] Disk Usage: 43.2%
Processing results for h2oautoml.openml_t_359972.pygmo_c.local.20211210T013348
Scores saved to `/home/juradoi/experiments/automlbenchmark/results/h2oautoml.openml_t_359972.pygmo_c.local.20211210T013348/scores/H2OAutoML.benchmark_openml_t_359972.csv`.
Scores saved to `/home/juradoi/experiments/automlbenchmark/results/h2oautoml.openml_t_359972.pygmo_c.local.20211210T013348/scores/results.csv`.
Scores saved to `/home/juradoi/experiments/automlbenchmark/results/results.csv`.
Summing up scores for current run:
                 id    task fold framework constraint   result metric  duration       seed
openml.org/t/359972 sylvine    0 H2OAutoML    pygmo_c 0.984132    auc    3614.4 1663007886
