/var/spool/slurm/slurmd/job8493059/slurm_script: line 8: activate: No such file or directory
Running benchmark `H2OAutoML` on `openml/t/167120` framework in `local` mode.
Loading frameworks definitions from ['/home/juradoi/experiments/automlbenchmark/resources/frameworks.yaml'].
Loading benchmark constraint definitions from ['/home/juradoi/experiments/automlbenchmark/resources/constraints.yaml'].
Loading openml task 167120.
--- Logging error ---
Traceback (most recent call last):

  File "/home/juradoi/miniconda3/envs/venv/lib/python3.8/logging/__init__.py", line 1088, in emit
    stream.write(msg + self.terminator)

UnicodeEncodeError: 'latin-1' codec can't encode character '\u2019' in position 468: ordinal not in range(256)

Call stack:
  File "runbenchmark.py", line 163, in <module>
    bench = amlb.Benchmark(args.framework, args.benchmark, args.constraint)

  File "/home/juradoi/experiments/automlbenchmark/amlb/benchmark.py", line 84, in __init__
    self.benchmark_def, self.benchmark_name, self.benchmark_path = rget().benchmark_definition(benchmark_name, self.constraint_def)

  File "/home/juradoi/experiments/automlbenchmark/amlb/resources.py", line 195, in benchmark_definition
    log.debug("Available task definitions:\n%s", tasks)

Message: 'Available task definitions:\n%s'
Arguments: ([{'name': 'numerai28_6', 'description': '**Author**: Numer.ai  \n**Source**: [Kaggle](https://www.kaggle.com/numerai/encrypted-stock-market-data-from-numerai)  \n**Please cite**:   \n\n**Encrypted Stock Market Training Data from Numer.ai**  \nThe data is cleaned, regularized and encrypted global equity data. The first 21 columns (feature1 - feature21) are features, and target is the binary class you\u2019re trying to predict.', 'openml_task_id': 167120, 'id': 'openml.org/t/167120', 'folds': 1, 'max_runtime_seconds': 3600, 'cores': 16, 'max_mem_size_mb': -1, 'min_vol_size_mb': -1, 'metric': None, 'ec2_instance_type': 'm5.4xlarge', 'ec2_volume_type': 'standard'}, {'folds': 1, 'max_runtime_seconds': 3600, 'cores': 16, 'name': '__defaults__', 'max_mem_size_mb': -1, 'min_vol_size_mb': -1, 'id': None, 'metric': None, 'ec2_instance_type': 'm5.4xlarge', 'ec2_volume_type': 'standard', 'enabled': False}],)
--- Logging error ---
Traceback (most recent call last):

  File "/home/juradoi/miniconda3/envs/venv/lib/python3.8/logging/__init__.py", line 1088, in emit
    stream.write(msg + self.terminator)

UnicodeEncodeError: 'latin-1' codec can't encode character '\u2019' in position 468: ordinal not in range(256)

Call stack:
  File "runbenchmark.py", line 163, in <module>
    bench = amlb.Benchmark(args.framework, args.benchmark, args.constraint)

  File "/home/juradoi/experiments/automlbenchmark/amlb/benchmark.py", line 85, in __init__
    log.debug("Using benchmark definition: %s.", self.benchmark_def)

Message: 'Using benchmark definition: %s.'
Arguments: ([{'name': 'numerai28_6', 'description': '**Author**: Numer.ai  \n**Source**: [Kaggle](https://www.kaggle.com/numerai/encrypted-stock-market-data-from-numerai)  \n**Please cite**:   \n\n**Encrypted Stock Market Training Data from Numer.ai**  \nThe data is cleaned, regularized and encrypted global equity data. The first 21 columns (feature1 - feature21) are features, and target is the binary class you\u2019re trying to predict.', 'openml_task_id': 167120, 'id': 'openml.org/t/167120', 'folds': 1, 'max_runtime_seconds': 3600, 'cores': 16, 'max_mem_size_mb': -1, 'min_vol_size_mb': -1, 'metric': None, 'ec2_instance_type': 'm5.4xlarge', 'ec2_volume_type': 'standard'}, {'folds': 1, 'max_runtime_seconds': 3600, 'cores': 16, 'name': '__defaults__', 'max_mem_size_mb': -1, 'min_vol_size_mb': -1, 'id': None, 'metric': None, 'ec2_instance_type': 'm5.4xlarge', 'ec2_volume_type': 'standard', 'enabled': False}],)

-------------------------------------------------------------------
Starting job local.openml_t_167120.pygmo_c.numerai28_6.0.H2OAutoML.
Assigning 16 cores (total=16) for new task numerai28_6.
Assigning 91016 MB (total=95302 MB) for new numerai28_6 task.
[MONITORING] [local.openml_t_167120.pygmo_c.numerai28_6.0.H2OAutoML] CPU Utilization: 17.7%
[MONITORING] [local.openml_t_167120.pygmo_c.numerai28_6.0.H2OAutoML] Memory Usage: 2.3%
[MONITORING] [local.openml_t_167120.pygmo_c.numerai28_6.0.H2OAutoML] Disk Usage: 43.2%
Running task numerai28_6 on framework H2OAutoML with config:
TaskConfig({})
Running cmd `/home/juradoi/experiments/automlbenchmark/frameworks/H2OAutoML/venv/bin/python -W ignore /home/juradoi/experiments/automlbenchmark/frameworks/H2OAutoML/exec.py`
INFO:__main__:
**** H2O AutoML [v3.34.0.3] ****

INFO:__main__:Starting H2O cluster with 16 cores, 60677M memory.
Checking whether there is an H2O instance running at http://localhost:31821 ..... not found.
Attempting to start a local H2O server...
  Java Version: openjdk version "11.0.12" 2021-07-20; OpenJDK Runtime Environment (build 11.0.12+7-post-Debian-2deb10u1); OpenJDK 64-Bit Server VM (build 11.0.12+7-post-Debian-2deb10u1, mixed mode, sharing)
  Starting server from /home/juradoi/experiments/automlbenchmark/frameworks/H2OAutoML/venv/lib/python3.8/site-packages/h2o/backend/bin/h2o.jar
  Ice root: /tmp/tmp79wv1vp0
  JVM stdout: /tmp/tmp79wv1vp0/h2o_unknownUser_started_from_python.out
  JVM stderr: /tmp/tmp79wv1vp0/h2o_unknownUser_started_from_python.err
  Server is running at http://127.0.0.1:31821
Connecting to H2O server at http://127.0.0.1:31821 ... successful.
--------------------------  ------------------------------------------------------------------
H2O_cluster_uptime:         01 secs
H2O_cluster_timezone:       Europe/Amsterdam
H2O_data_parsing_timezone:  UTC
H2O_cluster_version:        3.34.0.3
H2O_cluster_version_age:    2 months and 2 days
H2O_cluster_name:           H2O_from_python_unknownUser_kstfdd
H2O_cluster_total_nodes:    1
H2O_cluster_free_memory:    59.27 Gb
H2O_cluster_total_cores:    16
H2O_cluster_allowed_cores:  16
H2O_cluster_status:         locked, healthy
H2O_connection_url:         http://127.0.0.1:31821
H2O_connection_proxy:       {"http": null, "https": null}
H2O_internal_security:      False
H2O_API_Extensions:         Amazon S3, XGBoost, Algos, AutoML, Core V3, TargetEncoder, Core V4
Python_version:             3.8.12 final
--------------------------  ------------------------------------------------------------------
Parse progress: |████████████████████████████████████████████████████████████████| (done) 100%
Parse progress: |████████████████████████████████████████████████████████████████| (done) 100%
INFO:__main__:Running model on task numerai28_6, fold 0.
[MONITORING] [local.openml_t_167120.pygmo_c.numerai28_6.0.H2OAutoML] CPU Utilization: 47.8%
[MONITORING] [local.openml_t_167120.pygmo_c.numerai28_6.0.H2OAutoML] Memory Usage: 44.9%
[MONITORING] [local.openml_t_167120.pygmo_c.numerai28_6.0.H2OAutoML] Disk Usage: 43.2%
[MONITORING] [local.openml_t_167120.pygmo_c.numerai28_6.0.H2OAutoML] CPU Utilization: 66.9%
[MONITORING] [local.openml_t_167120.pygmo_c.numerai28_6.0.H2OAutoML] Memory Usage: 45.7%
[MONITORING] [local.openml_t_167120.pygmo_c.numerai28_6.0.H2OAutoML] Disk Usage: 43.2%
[MONITORING] [local.openml_t_167120.pygmo_c.numerai28_6.0.H2OAutoML] CPU Utilization: 75.3%
[MONITORING] [local.openml_t_167120.pygmo_c.numerai28_6.0.H2OAutoML] Memory Usage: 46.1%
[MONITORING] [local.openml_t_167120.pygmo_c.numerai28_6.0.H2OAutoML] Disk Usage: 43.2%
[MONITORING] [local.openml_t_167120.pygmo_c.numerai28_6.0.H2OAutoML] CPU Utilization: 71.9%
[MONITORING] [local.openml_t_167120.pygmo_c.numerai28_6.0.H2OAutoML] Memory Usage: 46.1%
[MONITORING] [local.openml_t_167120.pygmo_c.numerai28_6.0.H2OAutoML] Disk Usage: 43.2%
[MONITORING] [local.openml_t_167120.pygmo_c.numerai28_6.0.H2OAutoML] CPU Utilization: 84.2%
[MONITORING] [local.openml_t_167120.pygmo_c.numerai28_6.0.H2OAutoML] Memory Usage: 46.7%
[MONITORING] [local.openml_t_167120.pygmo_c.numerai28_6.0.H2OAutoML] Disk Usage: 43.2%
[MONITORING] [local.openml_t_167120.pygmo_c.numerai28_6.0.H2OAutoML] CPU Utilization: 97.9%
[MONITORING] [local.openml_t_167120.pygmo_c.numerai28_6.0.H2OAutoML] Memory Usage: 46.7%
[MONITORING] [local.openml_t_167120.pygmo_c.numerai28_6.0.H2OAutoML] Disk Usage: 43.2%
[MONITORING] [local.openml_t_167120.pygmo_c.numerai28_6.0.H2OAutoML] CPU Utilization: 98.1%
[MONITORING] [local.openml_t_167120.pygmo_c.numerai28_6.0.H2OAutoML] Memory Usage: 46.7%
[MONITORING] [local.openml_t_167120.pygmo_c.numerai28_6.0.H2OAutoML] Disk Usage: 43.2%
[MONITORING] [local.openml_t_167120.pygmo_c.numerai28_6.0.H2OAutoML] CPU Utilization: 97.2%
[MONITORING] [local.openml_t_167120.pygmo_c.numerai28_6.0.H2OAutoML] Memory Usage: 46.7%
[MONITORING] [local.openml_t_167120.pygmo_c.numerai28_6.0.H2OAutoML] Disk Usage: 43.2%
[MONITORING] [local.openml_t_167120.pygmo_c.numerai28_6.0.H2OAutoML] CPU Utilization: 97.3%
[MONITORING] [local.openml_t_167120.pygmo_c.numerai28_6.0.H2OAutoML] Memory Usage: 46.7%
[MONITORING] [local.openml_t_167120.pygmo_c.numerai28_6.0.H2OAutoML] Disk Usage: 43.2%
[MONITORING] [local.openml_t_167120.pygmo_c.numerai28_6.0.H2OAutoML] CPU Utilization: 97.0%
[MONITORING] [local.openml_t_167120.pygmo_c.numerai28_6.0.H2OAutoML] Memory Usage: 46.7%
[MONITORING] [local.openml_t_167120.pygmo_c.numerai28_6.0.H2OAutoML] Disk Usage: 43.2%
[MONITORING] [local.openml_t_167120.pygmo_c.numerai28_6.0.H2OAutoML] CPU Utilization: 97.1%
[MONITORING] [local.openml_t_167120.pygmo_c.numerai28_6.0.H2OAutoML] Memory Usage: 46.7%
[MONITORING] [local.openml_t_167120.pygmo_c.numerai28_6.0.H2OAutoML] Disk Usage: 43.2%
[MONITORING] [local.openml_t_167120.pygmo_c.numerai28_6.0.H2OAutoML] CPU Utilization: 96.8%
[MONITORING] [local.openml_t_167120.pygmo_c.numerai28_6.0.H2OAutoML] Memory Usage: 46.7%
[MONITORING] [local.openml_t_167120.pygmo_c.numerai28_6.0.H2OAutoML] Disk Usage: 43.2%
[MONITORING] [local.openml_t_167120.pygmo_c.numerai28_6.0.H2OAutoML] CPU Utilization: 96.5%
[MONITORING] [local.openml_t_167120.pygmo_c.numerai28_6.0.H2OAutoML] Memory Usage: 46.8%
[MONITORING] [local.openml_t_167120.pygmo_c.numerai28_6.0.H2OAutoML] Disk Usage: 43.2%
[MONITORING] [local.openml_t_167120.pygmo_c.numerai28_6.0.H2OAutoML] CPU Utilization: 97.3%
[MONITORING] [local.openml_t_167120.pygmo_c.numerai28_6.0.H2OAutoML] Memory Usage: 46.8%
[MONITORING] [local.openml_t_167120.pygmo_c.numerai28_6.0.H2OAutoML] Disk Usage: 43.2%
[MONITORING] [local.openml_t_167120.pygmo_c.numerai28_6.0.H2OAutoML] CPU Utilization: 97.4%
[MONITORING] [local.openml_t_167120.pygmo_c.numerai28_6.0.H2OAutoML] Memory Usage: 46.8%
[MONITORING] [local.openml_t_167120.pygmo_c.numerai28_6.0.H2OAutoML] Disk Usage: 43.2%
[MONITORING] [local.openml_t_167120.pygmo_c.numerai28_6.0.H2OAutoML] CPU Utilization: 97.6%
[MONITORING] [local.openml_t_167120.pygmo_c.numerai28_6.0.H2OAutoML] Memory Usage: 46.8%
[MONITORING] [local.openml_t_167120.pygmo_c.numerai28_6.0.H2OAutoML] Disk Usage: 43.2%
[MONITORING] [local.openml_t_167120.pygmo_c.numerai28_6.0.H2OAutoML] CPU Utilization: 96.2%
[MONITORING] [local.openml_t_167120.pygmo_c.numerai28_6.0.H2OAutoML] Memory Usage: 46.8%
[MONITORING] [local.openml_t_167120.pygmo_c.numerai28_6.0.H2OAutoML] Disk Usage: 43.2%
[MONITORING] [local.openml_t_167120.pygmo_c.numerai28_6.0.H2OAutoML] CPU Utilization: 96.2%
[MONITORING] [local.openml_t_167120.pygmo_c.numerai28_6.0.H2OAutoML] Memory Usage: 46.9%
[MONITORING] [local.openml_t_167120.pygmo_c.numerai28_6.0.H2OAutoML] Disk Usage: 43.2%
[MONITORING] [local.openml_t_167120.pygmo_c.numerai28_6.0.H2OAutoML] CPU Utilization: 96.3%
[MONITORING] [local.openml_t_167120.pygmo_c.numerai28_6.0.H2OAutoML] Memory Usage: 46.9%
[MONITORING] [local.openml_t_167120.pygmo_c.numerai28_6.0.H2OAutoML] Disk Usage: 43.2%
[MONITORING] [local.openml_t_167120.pygmo_c.numerai28_6.0.H2OAutoML] CPU Utilization: 95.9%
[MONITORING] [local.openml_t_167120.pygmo_c.numerai28_6.0.H2OAutoML] Memory Usage: 47.0%
[MONITORING] [local.openml_t_167120.pygmo_c.numerai28_6.0.H2OAutoML] Disk Usage: 43.2%
[MONITORING] [local.openml_t_167120.pygmo_c.numerai28_6.0.H2OAutoML] CPU Utilization: 96.4%
[MONITORING] [local.openml_t_167120.pygmo_c.numerai28_6.0.H2OAutoML] Memory Usage: 47.0%
[MONITORING] [local.openml_t_167120.pygmo_c.numerai28_6.0.H2OAutoML] Disk Usage: 43.2%
[MONITORING] [local.openml_t_167120.pygmo_c.numerai28_6.0.H2OAutoML] CPU Utilization: 94.4%
[MONITORING] [local.openml_t_167120.pygmo_c.numerai28_6.0.H2OAutoML] Memory Usage: 47.0%
[MONITORING] [local.openml_t_167120.pygmo_c.numerai28_6.0.H2OAutoML] Disk Usage: 43.2%
[MONITORING] [local.openml_t_167120.pygmo_c.numerai28_6.0.H2OAutoML] CPU Utilization: 96.8%
[MONITORING] [local.openml_t_167120.pygmo_c.numerai28_6.0.H2OAutoML] Memory Usage: 47.2%
[MONITORING] [local.openml_t_167120.pygmo_c.numerai28_6.0.H2OAutoML] Disk Usage: 43.2%
[MONITORING] [local.openml_t_167120.pygmo_c.numerai28_6.0.H2OAutoML] CPU Utilization: 97.1%
[MONITORING] [local.openml_t_167120.pygmo_c.numerai28_6.0.H2OAutoML] Memory Usage: 47.2%
[MONITORING] [local.openml_t_167120.pygmo_c.numerai28_6.0.H2OAutoML] Disk Usage: 43.2%
[MONITORING] [local.openml_t_167120.pygmo_c.numerai28_6.0.H2OAutoML] CPU Utilization: 96.5%
[MONITORING] [local.openml_t_167120.pygmo_c.numerai28_6.0.H2OAutoML] Memory Usage: 47.2%
[MONITORING] [local.openml_t_167120.pygmo_c.numerai28_6.0.H2OAutoML] Disk Usage: 43.2%
[MONITORING] [local.openml_t_167120.pygmo_c.numerai28_6.0.H2OAutoML] CPU Utilization: 96.3%
[MONITORING] [local.openml_t_167120.pygmo_c.numerai28_6.0.H2OAutoML] Memory Usage: 47.2%
[MONITORING] [local.openml_t_167120.pygmo_c.numerai28_6.0.H2OAutoML] Disk Usage: 43.2%
[MONITORING] [local.openml_t_167120.pygmo_c.numerai28_6.0.H2OAutoML] CPU Utilization: 96.9%
[MONITORING] [local.openml_t_167120.pygmo_c.numerai28_6.0.H2OAutoML] Memory Usage: 47.2%
[MONITORING] [local.openml_t_167120.pygmo_c.numerai28_6.0.H2OAutoML] Disk Usage: 43.2%
[MONITORING] [local.openml_t_167120.pygmo_c.numerai28_6.0.H2OAutoML] CPU Utilization: 95.2%
[MONITORING] [local.openml_t_167120.pygmo_c.numerai28_6.0.H2OAutoML] Memory Usage: 47.2%
[MONITORING] [local.openml_t_167120.pygmo_c.numerai28_6.0.H2OAutoML] Disk Usage: 43.2%
[MONITORING] [local.openml_t_167120.pygmo_c.numerai28_6.0.H2OAutoML] CPU Utilization: 82.9%
[MONITORING] [local.openml_t_167120.pygmo_c.numerai28_6.0.H2OAutoML] Memory Usage: 47.5%
[MONITORING] [local.openml_t_167120.pygmo_c.numerai28_6.0.H2OAutoML] Disk Usage: 43.2%
AutoML progress: |███████████████████████████████████████████████████████████████| (done) 100%
stackedensemble prediction progress: |███████████████████████████████████████████| (done) 100%
H2O session _sid_9e8e closed.



Predictions preview:
                       0                    1 predictions truth
0     0.576487347623041  0.42351265237695895           1     0
1    0.5531323384862512   0.4468676615137488           1     0
2    0.5203563421525799   0.4796436578474201           1     0
3    0.5235092858289747   0.4764907141710253           1     0
4    0.5428979344692422   0.4571020655307578           1     0
5    0.5428045770808025   0.4571954229191975           1     0
6    0.5169152281196224   0.4830847718803776           1     0
7    0.5263790175538767  0.47362098244612333           1     0
8   0.48575854405564944   0.5142414559443506           1     0
9    0.5528050115847417   0.4471949884152583           1     0
10  0.48389205239206234   0.5161079476079377           1     0
11   0.4728560012367006   0.5271439987632994           1     0
12   0.5554697973504731   0.4445302026495269           1     0
13  0.46541444983500146   0.5345855501649985           1     0
14    0.511276990897968   0.4887230091020321           1     0
15   0.5015264064394336   0.4984735935605664           1     0
16   0.6038261064245671  0.39617389357543287           1     0
17   0.5645692068600946   0.4354307931399054           1     0
18   0.4941581254681503   0.5058418745318497           1     0
19   0.5157864777127222  0.48421352228727776           1     0

Predictions saved to `/home/juradoi/experiments/automlbenchmark/results/h2oautoml.openml_t_167120.pygmo_c.local.20211209T183916/predictions/numerai28_6/0/predictions.csv`.
Loading metadata from `/home/juradoi/experiments/automlbenchmark/results/h2oautoml.openml_t_167120.pygmo_c.local.20211209T183916/predictions/numerai28_6/0/metadata.json`.
Loading predictions from `/home/juradoi/experiments/automlbenchmark/results/h2oautoml.openml_t_167120.pygmo_c.local.20211209T183916/predictions/numerai28_6/0/predictions.csv`.
Metric scores: { 'acc': 0.5052948504983389,
  'app_version': 'dev [master, beef024]',
  'auc': 0.5252948553680655,
  'balacc': 0.5002140012345064,
  'constraint': 'pygmo_c',
  'duration': nan,
  'fold': 0,
  'framework': 'H2OAutoML',
  'id': 'openml.org/t/167120',
  'info': None,
  'logloss': 0.6923148172408305,
  'metric': 'auc',
  'mode': 'local',
  'models_count': 120,
  'params': '',
  'predict_duration': 0.31796884536743164,
  'result': 0.5252948553680655,
  'seed': 937516367,
  'task': 'numerai28_6',
  'training_duration': 3569.0059106349945,
  'type': 'binary',
  'utc': '2021-12-09T19:39:09',
  'version': '3.34.0.3'}
Job `local.openml_t_167120.pygmo_c.numerai28_6.0.H2OAutoML` executed in 3583.252 seconds.
All jobs executed in 3592.820 seconds.
[MONITORING] [local.openml_t_167120.pygmo_c.numerai28_6.0.H2OAutoML] CPU Utilization: 70.8%
[MONITORING] [local.openml_t_167120.pygmo_c.numerai28_6.0.H2OAutoML] Memory Usage: 2.3%
[MONITORING] [local.openml_t_167120.pygmo_c.numerai28_6.0.H2OAutoML] Disk Usage: 43.2%
Processing results for h2oautoml.openml_t_167120.pygmo_c.local.20211209T183916
Scores saved to `/home/juradoi/experiments/automlbenchmark/results/h2oautoml.openml_t_167120.pygmo_c.local.20211209T183916/scores/H2OAutoML.benchmark_openml_t_167120.csv`.
Scores saved to `/home/juradoi/experiments/automlbenchmark/results/h2oautoml.openml_t_167120.pygmo_c.local.20211209T183916/scores/results.csv`.
Scores saved to `/home/juradoi/experiments/automlbenchmark/results/results.csv`.
Summing up scores for current run:
                 id        task fold framework constraint   result metric  duration      seed
openml.org/t/167120 numerai28_6    0 H2OAutoML    pygmo_c 0.525295    auc    3583.3 937516367
