/var/spool/slurm/slurmd/job8493690/slurm_script: line 8: activate: No such file or directory
Running benchmark `H2OAutoML` on `openml/t/189922` framework in `local` mode.
Loading frameworks definitions from ['/home/juradoi/experiments/automlbenchmark/resources/frameworks.yaml'].
Loading benchmark constraint definitions from ['/home/juradoi/experiments/automlbenchmark/resources/constraints.yaml'].
Loading openml task 189922.

------------------------------------------------------------
Starting job local.openml_t_189922.pygmo_c.gina.0.H2OAutoML.
Assigning 16 cores (total=16) for new task gina.
Assigning 91129 MB (total=95302 MB) for new gina task.
[MONITORING] [local.openml_t_189922.pygmo_c.gina.0.H2OAutoML] CPU Utilization: 14.8%
[MONITORING] [local.openml_t_189922.pygmo_c.gina.0.H2OAutoML] Memory Usage: 2.2%
[MONITORING] [local.openml_t_189922.pygmo_c.gina.0.H2OAutoML] Disk Usage: 43.2%
Running task gina on framework H2OAutoML with config:
TaskConfig({})
Running cmd `/home/juradoi/experiments/automlbenchmark/frameworks/H2OAutoML/venv/bin/python -W ignore /home/juradoi/experiments/automlbenchmark/frameworks/H2OAutoML/exec.py`
INFO:__main__:
**** H2O AutoML [v3.34.0.3] ****

INFO:__main__:Starting H2O cluster with 16 cores, 60753M memory.
Checking whether there is an H2O instance running at http://localhost:21636 ..... not found.
Attempting to start a local H2O server...
  Java Version: openjdk version "11.0.12" 2021-07-20; OpenJDK Runtime Environment (build 11.0.12+7-post-Debian-2deb10u1); OpenJDK 64-Bit Server VM (build 11.0.12+7-post-Debian-2deb10u1, mixed mode, sharing)
  Starting server from /home/juradoi/experiments/automlbenchmark/frameworks/H2OAutoML/venv/lib/python3.8/site-packages/h2o/backend/bin/h2o.jar
  Ice root: /tmp/tmp4ai0vq7c
  JVM stdout: /tmp/tmp4ai0vq7c/h2o_unknownUser_started_from_python.out
  JVM stderr: /tmp/tmp4ai0vq7c/h2o_unknownUser_started_from_python.err
  Server is running at http://127.0.0.1:21636
Connecting to H2O server at http://127.0.0.1:21636 ... successful.
--------------------------  ------------------------------------------------------------------
H2O_cluster_uptime:         01 secs
H2O_cluster_timezone:       Europe/Amsterdam
H2O_data_parsing_timezone:  UTC
H2O_cluster_version:        3.34.0.3
H2O_cluster_version_age:    2 months and 2 days
H2O_cluster_name:           H2O_from_python_unknownUser_82ld63
H2O_cluster_total_nodes:    1
H2O_cluster_free_memory:    59.34 Gb
H2O_cluster_total_cores:    16
H2O_cluster_allowed_cores:  16
H2O_cluster_status:         locked, healthy
H2O_connection_url:         http://127.0.0.1:21636
H2O_connection_proxy:       {"http": null, "https": null}
H2O_internal_security:      False
H2O_API_Extensions:         Amazon S3, XGBoost, Algos, AutoML, Core V3, TargetEncoder, Core V4
Python_version:             3.8.12 final
--------------------------  ------------------------------------------------------------------
Parse progress: |████████████████████████████████████████████████████████████████| (done) 100%
Parse progress: |████████████████████████████████████████████████████████████████| (done) 100%
INFO:__main__:Running model on task gina, fold 0.
[MONITORING] [local.openml_t_189922.pygmo_c.gina.0.H2OAutoML] CPU Utilization: 72.2%
[MONITORING] [local.openml_t_189922.pygmo_c.gina.0.H2OAutoML] Memory Usage: 45.1%
[MONITORING] [local.openml_t_189922.pygmo_c.gina.0.H2OAutoML] Disk Usage: 43.2%
[MONITORING] [local.openml_t_189922.pygmo_c.gina.0.H2OAutoML] CPU Utilization: 78.9%
[MONITORING] [local.openml_t_189922.pygmo_c.gina.0.H2OAutoML] Memory Usage: 45.1%
[MONITORING] [local.openml_t_189922.pygmo_c.gina.0.H2OAutoML] Disk Usage: 43.2%
[MONITORING] [local.openml_t_189922.pygmo_c.gina.0.H2OAutoML] CPU Utilization: 81.0%
[MONITORING] [local.openml_t_189922.pygmo_c.gina.0.H2OAutoML] Memory Usage: 45.1%
[MONITORING] [local.openml_t_189922.pygmo_c.gina.0.H2OAutoML] Disk Usage: 43.2%
[MONITORING] [local.openml_t_189922.pygmo_c.gina.0.H2OAutoML] CPU Utilization: 71.9%
[MONITORING] [local.openml_t_189922.pygmo_c.gina.0.H2OAutoML] Memory Usage: 45.9%
[MONITORING] [local.openml_t_189922.pygmo_c.gina.0.H2OAutoML] Disk Usage: 43.2%
[MONITORING] [local.openml_t_189922.pygmo_c.gina.0.H2OAutoML] CPU Utilization: 78.1%
[MONITORING] [local.openml_t_189922.pygmo_c.gina.0.H2OAutoML] Memory Usage: 46.5%
[MONITORING] [local.openml_t_189922.pygmo_c.gina.0.H2OAutoML] Disk Usage: 43.2%
[MONITORING] [local.openml_t_189922.pygmo_c.gina.0.H2OAutoML] CPU Utilization: 78.8%
[MONITORING] [local.openml_t_189922.pygmo_c.gina.0.H2OAutoML] Memory Usage: 47.4%
[MONITORING] [local.openml_t_189922.pygmo_c.gina.0.H2OAutoML] Disk Usage: 43.2%
[MONITORING] [local.openml_t_189922.pygmo_c.gina.0.H2OAutoML] CPU Utilization: 78.8%
[MONITORING] [local.openml_t_189922.pygmo_c.gina.0.H2OAutoML] Memory Usage: 47.5%
[MONITORING] [local.openml_t_189922.pygmo_c.gina.0.H2OAutoML] Disk Usage: 43.2%
[MONITORING] [local.openml_t_189922.pygmo_c.gina.0.H2OAutoML] CPU Utilization: 78.9%
[MONITORING] [local.openml_t_189922.pygmo_c.gina.0.H2OAutoML] Memory Usage: 47.6%
[MONITORING] [local.openml_t_189922.pygmo_c.gina.0.H2OAutoML] Disk Usage: 43.2%
[MONITORING] [local.openml_t_189922.pygmo_c.gina.0.H2OAutoML] CPU Utilization: 79.8%
[MONITORING] [local.openml_t_189922.pygmo_c.gina.0.H2OAutoML] Memory Usage: 48.2%
[MONITORING] [local.openml_t_189922.pygmo_c.gina.0.H2OAutoML] Disk Usage: 43.2%
[MONITORING] [local.openml_t_189922.pygmo_c.gina.0.H2OAutoML] CPU Utilization: 78.6%
[MONITORING] [local.openml_t_189922.pygmo_c.gina.0.H2OAutoML] Memory Usage: 48.4%
[MONITORING] [local.openml_t_189922.pygmo_c.gina.0.H2OAutoML] Disk Usage: 43.2%
[MONITORING] [local.openml_t_189922.pygmo_c.gina.0.H2OAutoML] CPU Utilization: 81.9%
[MONITORING] [local.openml_t_189922.pygmo_c.gina.0.H2OAutoML] Memory Usage: 49.0%
[MONITORING] [local.openml_t_189922.pygmo_c.gina.0.H2OAutoML] Disk Usage: 43.2%
[MONITORING] [local.openml_t_189922.pygmo_c.gina.0.H2OAutoML] CPU Utilization: 82.7%
[MONITORING] [local.openml_t_189922.pygmo_c.gina.0.H2OAutoML] Memory Usage: 49.2%
[MONITORING] [local.openml_t_189922.pygmo_c.gina.0.H2OAutoML] Disk Usage: 43.2%
[MONITORING] [local.openml_t_189922.pygmo_c.gina.0.H2OAutoML] CPU Utilization: 83.1%
[MONITORING] [local.openml_t_189922.pygmo_c.gina.0.H2OAutoML] Memory Usage: 49.3%
[MONITORING] [local.openml_t_189922.pygmo_c.gina.0.H2OAutoML] Disk Usage: 43.2%
[MONITORING] [local.openml_t_189922.pygmo_c.gina.0.H2OAutoML] CPU Utilization: 82.7%
[MONITORING] [local.openml_t_189922.pygmo_c.gina.0.H2OAutoML] Memory Usage: 50.1%
[MONITORING] [local.openml_t_189922.pygmo_c.gina.0.H2OAutoML] Disk Usage: 43.2%
[MONITORING] [local.openml_t_189922.pygmo_c.gina.0.H2OAutoML] CPU Utilization: 82.6%
[MONITORING] [local.openml_t_189922.pygmo_c.gina.0.H2OAutoML] Memory Usage: 50.2%
[MONITORING] [local.openml_t_189922.pygmo_c.gina.0.H2OAutoML] Disk Usage: 43.2%
[MONITORING] [local.openml_t_189922.pygmo_c.gina.0.H2OAutoML] CPU Utilization: 82.4%
[MONITORING] [local.openml_t_189922.pygmo_c.gina.0.H2OAutoML] Memory Usage: 50.6%
[MONITORING] [local.openml_t_189922.pygmo_c.gina.0.H2OAutoML] Disk Usage: 43.2%
[MONITORING] [local.openml_t_189922.pygmo_c.gina.0.H2OAutoML] CPU Utilization: 81.9%
[MONITORING] [local.openml_t_189922.pygmo_c.gina.0.H2OAutoML] Memory Usage: 50.7%
[MONITORING] [local.openml_t_189922.pygmo_c.gina.0.H2OAutoML] Disk Usage: 43.2%
[MONITORING] [local.openml_t_189922.pygmo_c.gina.0.H2OAutoML] CPU Utilization: 82.2%
[MONITORING] [local.openml_t_189922.pygmo_c.gina.0.H2OAutoML] Memory Usage: 50.7%
[MONITORING] [local.openml_t_189922.pygmo_c.gina.0.H2OAutoML] Disk Usage: 43.2%
[MONITORING] [local.openml_t_189922.pygmo_c.gina.0.H2OAutoML] CPU Utilization: 81.6%
[MONITORING] [local.openml_t_189922.pygmo_c.gina.0.H2OAutoML] Memory Usage: 51.3%
[MONITORING] [local.openml_t_189922.pygmo_c.gina.0.H2OAutoML] Disk Usage: 43.2%
[MONITORING] [local.openml_t_189922.pygmo_c.gina.0.H2OAutoML] CPU Utilization: 81.8%
[MONITORING] [local.openml_t_189922.pygmo_c.gina.0.H2OAutoML] Memory Usage: 51.3%
[MONITORING] [local.openml_t_189922.pygmo_c.gina.0.H2OAutoML] Disk Usage: 43.2%
[MONITORING] [local.openml_t_189922.pygmo_c.gina.0.H2OAutoML] CPU Utilization: 77.0%
[MONITORING] [local.openml_t_189922.pygmo_c.gina.0.H2OAutoML] Memory Usage: 51.3%
[MONITORING] [local.openml_t_189922.pygmo_c.gina.0.H2OAutoML] Disk Usage: 43.2%
[MONITORING] [local.openml_t_189922.pygmo_c.gina.0.H2OAutoML] CPU Utilization: 74.7%
[MONITORING] [local.openml_t_189922.pygmo_c.gina.0.H2OAutoML] Memory Usage: 51.4%
[MONITORING] [local.openml_t_189922.pygmo_c.gina.0.H2OAutoML] Disk Usage: 43.2%
[MONITORING] [local.openml_t_189922.pygmo_c.gina.0.H2OAutoML] CPU Utilization: 78.5%
[MONITORING] [local.openml_t_189922.pygmo_c.gina.0.H2OAutoML] Memory Usage: 51.4%
[MONITORING] [local.openml_t_189922.pygmo_c.gina.0.H2OAutoML] Disk Usage: 43.2%
[MONITORING] [local.openml_t_189922.pygmo_c.gina.0.H2OAutoML] CPU Utilization: 76.9%
[MONITORING] [local.openml_t_189922.pygmo_c.gina.0.H2OAutoML] Memory Usage: 51.6%
[MONITORING] [local.openml_t_189922.pygmo_c.gina.0.H2OAutoML] Disk Usage: 43.2%
[MONITORING] [local.openml_t_189922.pygmo_c.gina.0.H2OAutoML] CPU Utilization: 87.1%
[MONITORING] [local.openml_t_189922.pygmo_c.gina.0.H2OAutoML] Memory Usage: 51.6%
[MONITORING] [local.openml_t_189922.pygmo_c.gina.0.H2OAutoML] Disk Usage: 43.2%
[MONITORING] [local.openml_t_189922.pygmo_c.gina.0.H2OAutoML] CPU Utilization: 88.8%
[MONITORING] [local.openml_t_189922.pygmo_c.gina.0.H2OAutoML] Memory Usage: 51.6%
[MONITORING] [local.openml_t_189922.pygmo_c.gina.0.H2OAutoML] Disk Usage: 43.2%
[MONITORING] [local.openml_t_189922.pygmo_c.gina.0.H2OAutoML] CPU Utilization: 90.1%
[MONITORING] [local.openml_t_189922.pygmo_c.gina.0.H2OAutoML] Memory Usage: 51.6%
[MONITORING] [local.openml_t_189922.pygmo_c.gina.0.H2OAutoML] Disk Usage: 43.2%
[MONITORING] [local.openml_t_189922.pygmo_c.gina.0.H2OAutoML] CPU Utilization: 90.2%
[MONITORING] [local.openml_t_189922.pygmo_c.gina.0.H2OAutoML] Memory Usage: 51.6%
[MONITORING] [local.openml_t_189922.pygmo_c.gina.0.H2OAutoML] Disk Usage: 43.2%
[MONITORING] [local.openml_t_189922.pygmo_c.gina.0.H2OAutoML] CPU Utilization: 89.3%
[MONITORING] [local.openml_t_189922.pygmo_c.gina.0.H2OAutoML] Memory Usage: 51.8%
[MONITORING] [local.openml_t_189922.pygmo_c.gina.0.H2OAutoML] Disk Usage: 43.2%
[MONITORING] [local.openml_t_189922.pygmo_c.gina.0.H2OAutoML] CPU Utilization: 83.0%
[MONITORING] [local.openml_t_189922.pygmo_c.gina.0.H2OAutoML] Memory Usage: 51.8%
[MONITORING] [local.openml_t_189922.pygmo_c.gina.0.H2OAutoML] Disk Usage: 43.2%
AutoML progress: |███████████████████████████████████████████████████████████████| (done) 100%
stackedensemble prediction progress: |███████████████████████████████████████████| (done) 100%
H2O session _sid_bce4 closed.



Predictions preview:
                         0                   1 predictions truth
0    0.008046659971041037   0.991953340028959           1     1
1    0.046482189148724595  0.9535178108512754           1     1
2    0.008665327701143588  0.9913346722988564           1     1
3    0.004570411920007733  0.9954295880799923           1     1
4    0.008226916287622732  0.9917730837123773           1     1
5    0.007758313343230849  0.9922416866567692           1     1
6    0.015291130128276986   0.984708869871723           1     1
7     9.93604133885606E-4  0.9990063958661144           1     1
8    0.004377877507241057  0.9956221224927589           1     1
9    0.009590590398252608  0.9904094096017474           1     1
10    0.19358663182357527  0.8064133681764247           1     1
11   0.005904035582287026   0.994095964417713           1     1
12   0.002185950214656951   0.997814049785343           1     1
13   0.004781496556852338  0.9952185034431477           1     1
14  0.0035055460937502003  0.9964944539062498           1     1
15     0.5546058101453851  0.4453941898546149           0     1
16   0.015319808684535863  0.9846801913154641           1     1
17    0.00424641295568895   0.995753587044311           1     1
18   0.004289237302768534  0.9957107626972315           1     1
19   0.019923313054950986   0.980076686945049           1     1

Predictions saved to `/home/juradoi/experiments/automlbenchmark/results/h2oautoml.openml_t_189922.pygmo_c.local.20211209T211453/predictions/gina/0/predictions.csv`.
Loading metadata from `/home/juradoi/experiments/automlbenchmark/results/h2oautoml.openml_t_189922.pygmo_c.local.20211209T211453/predictions/gina/0/metadata.json`.
Loading predictions from `/home/juradoi/experiments/automlbenchmark/results/h2oautoml.openml_t_189922.pygmo_c.local.20211209T211453/predictions/gina/0/predictions.csv`.
Metric scores: { 'acc': 0.9651898734177216,
  'app_version': 'dev [master, beef024]',
  'auc': 0.9937487477459427,
  'balacc': 0.9652374273692648,
  'constraint': 'pygmo_c',
  'duration': nan,
  'fold': 0,
  'framework': 'H2OAutoML',
  'id': 'openml.org/t/189922',
  'info': None,
  'logloss': 0.1037502544698825,
  'metric': 'auc',
  'mode': 'local',
  'models_count': 233,
  'params': '',
  'predict_duration': 0.32923388481140137,
  'result': 0.9937487477459427,
  'seed': 695015521,
  'task': 'gina',
  'training_duration': 3604.130731344223,
  'type': 'binary',
  'utc': '2021-12-09T22:15:14',
  'version': '3.34.0.3'}
Job `local.openml_t_189922.pygmo_c.gina.0.H2OAutoML` executed in 3618.967 seconds.
All jobs executed in 3620.631 seconds.
[MONITORING] [local.openml_t_189922.pygmo_c.gina.0.H2OAutoML] CPU Utilization: 51.6%
[MONITORING] [local.openml_t_189922.pygmo_c.gina.0.H2OAutoML] Memory Usage: 2.3%
[MONITORING] [local.openml_t_189922.pygmo_c.gina.0.H2OAutoML] Disk Usage: 43.2%
Processing results for h2oautoml.openml_t_189922.pygmo_c.local.20211209T211453
Scores saved to `/home/juradoi/experiments/automlbenchmark/results/h2oautoml.openml_t_189922.pygmo_c.local.20211209T211453/scores/H2OAutoML.benchmark_openml_t_189922.csv`.
Scores saved to `/home/juradoi/experiments/automlbenchmark/results/h2oautoml.openml_t_189922.pygmo_c.local.20211209T211453/scores/results.csv`.
Scores saved to `/home/juradoi/experiments/automlbenchmark/results/results.csv`.
Summing up scores for current run:
                 id task fold framework constraint   result metric  duration      seed
openml.org/t/189922 gina    0 H2OAutoML    pygmo_c 0.993749    auc    3619.0 695015521
