/var/spool/slurm/slurmd/job8493000/slurm_script: line 8: activate: No such file or directory
Running benchmark `H2OAutoML` on `openml/t/10090` framework in `local` mode.
Loading frameworks definitions from ['/home/juradoi/experiments/automlbenchmark/resources/frameworks.yaml'].
Loading benchmark constraint definitions from ['/home/juradoi/experiments/automlbenchmark/resources/constraints.yaml'].
Loading openml task 10090.

------------------------------------------------------------------------------
Starting job local.openml_t_10090.pygmo_c.amazon-commerce-reviews.0.H2OAutoML.
Assigning 16 cores (total=16) for new task amazon-commerce-reviews.
[MONITORING] [local.openml_t_10090.pygmo_c.amazon-commerce-reviews.0.H2OAutoML] CPU Utilization: 22.0%
Assigning 91084 MB (total=95302 MB) for new amazon-commerce-reviews task.
[MONITORING] [local.openml_t_10090.pygmo_c.amazon-commerce-reviews.0.H2OAutoML] Memory Usage: 2.3%
[MONITORING] [local.openml_t_10090.pygmo_c.amazon-commerce-reviews.0.H2OAutoML] Disk Usage: 43.2%
Running task amazon-commerce-reviews on framework H2OAutoML with config:
TaskConfig({})
Running cmd `/home/juradoi/experiments/automlbenchmark/frameworks/H2OAutoML/venv/bin/python -W ignore /home/juradoi/experiments/automlbenchmark/frameworks/H2OAutoML/exec.py`
INFO:__main__:
**** H2O AutoML [v3.34.0.3] ****

INFO:__main__:Starting H2O cluster with 16 cores, 60723M memory.
Checking whether there is an H2O instance running at http://localhost:7731 ..... not found.
Attempting to start a local H2O server...
  Java Version: openjdk version "11.0.12" 2021-07-20; OpenJDK Runtime Environment (build 11.0.12+7-post-Debian-2deb10u1); OpenJDK 64-Bit Server VM (build 11.0.12+7-post-Debian-2deb10u1, mixed mode, sharing)
  Starting server from /home/juradoi/experiments/automlbenchmark/frameworks/H2OAutoML/venv/lib/python3.8/site-packages/h2o/backend/bin/h2o.jar
  Ice root: /tmp/tmpzdt1kkey
  JVM stdout: /tmp/tmpzdt1kkey/h2o_unknownUser_started_from_python.out
  JVM stderr: /tmp/tmpzdt1kkey/h2o_unknownUser_started_from_python.err
  Server is running at http://127.0.0.1:7731
Connecting to H2O server at http://127.0.0.1:7731 ... successful.
--------------------------  ------------------------------------------------------------------
H2O_cluster_uptime:         01 secs
H2O_cluster_timezone:       Europe/Amsterdam
H2O_data_parsing_timezone:  UTC
H2O_cluster_version:        3.34.0.3
H2O_cluster_version_age:    2 months and 2 days
H2O_cluster_name:           H2O_from_python_unknownUser_vc9nm7
H2O_cluster_total_nodes:    1
H2O_cluster_free_memory:    59.31 Gb
H2O_cluster_total_cores:    16
H2O_cluster_allowed_cores:  16
H2O_cluster_status:         locked, healthy
H2O_connection_url:         http://127.0.0.1:7731
H2O_connection_proxy:       {"http": null, "https": null}
H2O_internal_security:      False
H2O_API_Extensions:         Amazon S3, XGBoost, Algos, AutoML, Core V3, TargetEncoder, Core V4
Python_version:             3.8.12 final
--------------------------  ------------------------------------------------------------------
Parse progress: |████████████████████████████████████████████████████████████████| (done) 100%
Parse progress: |████████████████████████████████████████████████████████████████| (done) 100%
INFO:__main__:Running model on task amazon-commerce-reviews, fold 0.
[MONITORING] [local.openml_t_10090.pygmo_c.amazon-commerce-reviews.0.H2OAutoML] CPU Utilization: 65.4%
[MONITORING] [local.openml_t_10090.pygmo_c.amazon-commerce-reviews.0.H2OAutoML] Memory Usage: 27.9%
[MONITORING] [local.openml_t_10090.pygmo_c.amazon-commerce-reviews.0.H2OAutoML] Disk Usage: 43.2%
[MONITORING] [local.openml_t_10090.pygmo_c.amazon-commerce-reviews.0.H2OAutoML] CPU Utilization: 65.9%
[MONITORING] [local.openml_t_10090.pygmo_c.amazon-commerce-reviews.0.H2OAutoML] Memory Usage: 46.4%
[MONITORING] [local.openml_t_10090.pygmo_c.amazon-commerce-reviews.0.H2OAutoML] Disk Usage: 43.2%
[MONITORING] [local.openml_t_10090.pygmo_c.amazon-commerce-reviews.0.H2OAutoML] CPU Utilization: 69.1%
[MONITORING] [local.openml_t_10090.pygmo_c.amazon-commerce-reviews.0.H2OAutoML] Memory Usage: 52.3%
[MONITORING] [local.openml_t_10090.pygmo_c.amazon-commerce-reviews.0.H2OAutoML] Disk Usage: 43.2%
[MONITORING] [local.openml_t_10090.pygmo_c.amazon-commerce-reviews.0.H2OAutoML] CPU Utilization: 66.0%
[MONITORING] [local.openml_t_10090.pygmo_c.amazon-commerce-reviews.0.H2OAutoML] Memory Usage: 52.4%
[MONITORING] [local.openml_t_10090.pygmo_c.amazon-commerce-reviews.0.H2OAutoML] Disk Usage: 43.2%
[MONITORING] [local.openml_t_10090.pygmo_c.amazon-commerce-reviews.0.H2OAutoML] CPU Utilization: 68.8%
[MONITORING] [local.openml_t_10090.pygmo_c.amazon-commerce-reviews.0.H2OAutoML] Memory Usage: 54.0%
[MONITORING] [local.openml_t_10090.pygmo_c.amazon-commerce-reviews.0.H2OAutoML] Disk Usage: 43.2%
[MONITORING] [local.openml_t_10090.pygmo_c.amazon-commerce-reviews.0.H2OAutoML] CPU Utilization: 66.3%
[MONITORING] [local.openml_t_10090.pygmo_c.amazon-commerce-reviews.0.H2OAutoML] Memory Usage: 54.0%
[MONITORING] [local.openml_t_10090.pygmo_c.amazon-commerce-reviews.0.H2OAutoML] Disk Usage: 43.2%
[MONITORING] [local.openml_t_10090.pygmo_c.amazon-commerce-reviews.0.H2OAutoML] CPU Utilization: 68.9%
[MONITORING] [local.openml_t_10090.pygmo_c.amazon-commerce-reviews.0.H2OAutoML] Memory Usage: 54.2%
[MONITORING] [local.openml_t_10090.pygmo_c.amazon-commerce-reviews.0.H2OAutoML] Disk Usage: 43.2%
[MONITORING] [local.openml_t_10090.pygmo_c.amazon-commerce-reviews.0.H2OAutoML] CPU Utilization: 66.7%
[MONITORING] [local.openml_t_10090.pygmo_c.amazon-commerce-reviews.0.H2OAutoML] Memory Usage: 54.2%
[MONITORING] [local.openml_t_10090.pygmo_c.amazon-commerce-reviews.0.H2OAutoML] Disk Usage: 43.2%
[MONITORING] [local.openml_t_10090.pygmo_c.amazon-commerce-reviews.0.H2OAutoML] CPU Utilization: 68.7%
[MONITORING] [local.openml_t_10090.pygmo_c.amazon-commerce-reviews.0.H2OAutoML] Memory Usage: 54.3%
[MONITORING] [local.openml_t_10090.pygmo_c.amazon-commerce-reviews.0.H2OAutoML] Disk Usage: 43.2%
[MONITORING] [local.openml_t_10090.pygmo_c.amazon-commerce-reviews.0.H2OAutoML] CPU Utilization: 66.5%
[MONITORING] [local.openml_t_10090.pygmo_c.amazon-commerce-reviews.0.H2OAutoML] Memory Usage: 54.4%
[MONITORING] [local.openml_t_10090.pygmo_c.amazon-commerce-reviews.0.H2OAutoML] Disk Usage: 43.2%
[MONITORING] [local.openml_t_10090.pygmo_c.amazon-commerce-reviews.0.H2OAutoML] CPU Utilization: 68.6%
[MONITORING] [local.openml_t_10090.pygmo_c.amazon-commerce-reviews.0.H2OAutoML] Memory Usage: 54.6%
[MONITORING] [local.openml_t_10090.pygmo_c.amazon-commerce-reviews.0.H2OAutoML] Disk Usage: 43.2%
[MONITORING] [local.openml_t_10090.pygmo_c.amazon-commerce-reviews.0.H2OAutoML] CPU Utilization: 81.6%
[MONITORING] [local.openml_t_10090.pygmo_c.amazon-commerce-reviews.0.H2OAutoML] Memory Usage: 62.1%
[MONITORING] [local.openml_t_10090.pygmo_c.amazon-commerce-reviews.0.H2OAutoML] Disk Usage: 43.2%
[MONITORING] [local.openml_t_10090.pygmo_c.amazon-commerce-reviews.0.H2OAutoML] CPU Utilization: 98.4%
[MONITORING] [local.openml_t_10090.pygmo_c.amazon-commerce-reviews.0.H2OAutoML] Memory Usage: 62.1%
[MONITORING] [local.openml_t_10090.pygmo_c.amazon-commerce-reviews.0.H2OAutoML] Disk Usage: 43.2%
[MONITORING] [local.openml_t_10090.pygmo_c.amazon-commerce-reviews.0.H2OAutoML] CPU Utilization: 98.3%
[MONITORING] [local.openml_t_10090.pygmo_c.amazon-commerce-reviews.0.H2OAutoML] Memory Usage: 62.1%
[MONITORING] [local.openml_t_10090.pygmo_c.amazon-commerce-reviews.0.H2OAutoML] Disk Usage: 43.2%
[MONITORING] [local.openml_t_10090.pygmo_c.amazon-commerce-reviews.0.H2OAutoML] CPU Utilization: 98.7%
[MONITORING] [local.openml_t_10090.pygmo_c.amazon-commerce-reviews.0.H2OAutoML] Memory Usage: 62.1%
[MONITORING] [local.openml_t_10090.pygmo_c.amazon-commerce-reviews.0.H2OAutoML] Disk Usage: 43.2%
[MONITORING] [local.openml_t_10090.pygmo_c.amazon-commerce-reviews.0.H2OAutoML] CPU Utilization: 98.1%
[MONITORING] [local.openml_t_10090.pygmo_c.amazon-commerce-reviews.0.H2OAutoML] Memory Usage: 62.1%
[MONITORING] [local.openml_t_10090.pygmo_c.amazon-commerce-reviews.0.H2OAutoML] Disk Usage: 43.2%
[MONITORING] [local.openml_t_10090.pygmo_c.amazon-commerce-reviews.0.H2OAutoML] CPU Utilization: 98.6%
[MONITORING] [local.openml_t_10090.pygmo_c.amazon-commerce-reviews.0.H2OAutoML] Memory Usage: 62.1%
[MONITORING] [local.openml_t_10090.pygmo_c.amazon-commerce-reviews.0.H2OAutoML] Disk Usage: 43.2%
[MONITORING] [local.openml_t_10090.pygmo_c.amazon-commerce-reviews.0.H2OAutoML] CPU Utilization: 98.4%
[MONITORING] [local.openml_t_10090.pygmo_c.amazon-commerce-reviews.0.H2OAutoML] Memory Usage: 62.1%
[MONITORING] [local.openml_t_10090.pygmo_c.amazon-commerce-reviews.0.H2OAutoML] Disk Usage: 43.2%
[MONITORING] [local.openml_t_10090.pygmo_c.amazon-commerce-reviews.0.H2OAutoML] CPU Utilization: 98.6%
[MONITORING] [local.openml_t_10090.pygmo_c.amazon-commerce-reviews.0.H2OAutoML] Memory Usage: 62.1%
[MONITORING] [local.openml_t_10090.pygmo_c.amazon-commerce-reviews.0.H2OAutoML] Disk Usage: 43.2%
[MONITORING] [local.openml_t_10090.pygmo_c.amazon-commerce-reviews.0.H2OAutoML] CPU Utilization: 98.8%
[MONITORING] [local.openml_t_10090.pygmo_c.amazon-commerce-reviews.0.H2OAutoML] Memory Usage: 62.1%
[MONITORING] [local.openml_t_10090.pygmo_c.amazon-commerce-reviews.0.H2OAutoML] Disk Usage: 43.2%
[MONITORING] [local.openml_t_10090.pygmo_c.amazon-commerce-reviews.0.H2OAutoML] CPU Utilization: 98.2%
[MONITORING] [local.openml_t_10090.pygmo_c.amazon-commerce-reviews.0.H2OAutoML] Memory Usage: 62.1%
[MONITORING] [local.openml_t_10090.pygmo_c.amazon-commerce-reviews.0.H2OAutoML] Disk Usage: 43.2%
[MONITORING] [local.openml_t_10090.pygmo_c.amazon-commerce-reviews.0.H2OAutoML] CPU Utilization: 98.7%
[MONITORING] [local.openml_t_10090.pygmo_c.amazon-commerce-reviews.0.H2OAutoML] Memory Usage: 62.1%
[MONITORING] [local.openml_t_10090.pygmo_c.amazon-commerce-reviews.0.H2OAutoML] Disk Usage: 43.2%
[MONITORING] [local.openml_t_10090.pygmo_c.amazon-commerce-reviews.0.H2OAutoML] CPU Utilization: 97.8%
[MONITORING] [local.openml_t_10090.pygmo_c.amazon-commerce-reviews.0.H2OAutoML] Memory Usage: 62.1%
[MONITORING] [local.openml_t_10090.pygmo_c.amazon-commerce-reviews.0.H2OAutoML] Disk Usage: 43.2%
[MONITORING] [local.openml_t_10090.pygmo_c.amazon-commerce-reviews.0.H2OAutoML] CPU Utilization: 98.8%
[MONITORING] [local.openml_t_10090.pygmo_c.amazon-commerce-reviews.0.H2OAutoML] Memory Usage: 62.1%
[MONITORING] [local.openml_t_10090.pygmo_c.amazon-commerce-reviews.0.H2OAutoML] Disk Usage: 43.2%
[MONITORING] [local.openml_t_10090.pygmo_c.amazon-commerce-reviews.0.H2OAutoML] CPU Utilization: 99.0%
[MONITORING] [local.openml_t_10090.pygmo_c.amazon-commerce-reviews.0.H2OAutoML] Memory Usage: 62.1%
[MONITORING] [local.openml_t_10090.pygmo_c.amazon-commerce-reviews.0.H2OAutoML] Disk Usage: 43.2%
[MONITORING] [local.openml_t_10090.pygmo_c.amazon-commerce-reviews.0.H2OAutoML] CPU Utilization: 88.3%
[MONITORING] [local.openml_t_10090.pygmo_c.amazon-commerce-reviews.0.H2OAutoML] Memory Usage: 62.2%
[MONITORING] [local.openml_t_10090.pygmo_c.amazon-commerce-reviews.0.H2OAutoML] Disk Usage: 43.2%
[MONITORING] [local.openml_t_10090.pygmo_c.amazon-commerce-reviews.0.H2OAutoML] CPU Utilization: 91.4%
[MONITORING] [local.openml_t_10090.pygmo_c.amazon-commerce-reviews.0.H2OAutoML] Memory Usage: 62.2%
[MONITORING] [local.openml_t_10090.pygmo_c.amazon-commerce-reviews.0.H2OAutoML] Disk Usage: 43.2%
[MONITORING] [local.openml_t_10090.pygmo_c.amazon-commerce-reviews.0.H2OAutoML] CPU Utilization: 95.4%
[MONITORING] [local.openml_t_10090.pygmo_c.amazon-commerce-reviews.0.H2OAutoML] Memory Usage: 62.3%
[MONITORING] [local.openml_t_10090.pygmo_c.amazon-commerce-reviews.0.H2OAutoML] Disk Usage: 43.2%
[MONITORING] [local.openml_t_10090.pygmo_c.amazon-commerce-reviews.0.H2OAutoML] CPU Utilization: 98.0%
[MONITORING] [local.openml_t_10090.pygmo_c.amazon-commerce-reviews.0.H2OAutoML] Memory Usage: 62.3%
[MONITORING] [local.openml_t_10090.pygmo_c.amazon-commerce-reviews.0.H2OAutoML] Disk Usage: 43.2%
[MONITORING] [local.openml_t_10090.pygmo_c.amazon-commerce-reviews.0.H2OAutoML] CPU Utilization: 96.4%
[MONITORING] [local.openml_t_10090.pygmo_c.amazon-commerce-reviews.0.H2OAutoML] Memory Usage: 62.3%
[MONITORING] [local.openml_t_10090.pygmo_c.amazon-commerce-reviews.0.H2OAutoML] Disk Usage: 43.2%
AutoML progress: |███████████████████████████████████████████████████████████████| (done) 100%
xgboost prediction progress: |███████████████████████████████████████████████████| (done) 100%
H2O session _sid_848a closed.



Predictions preview:
                   Agresti              Ashbacher                  Auken            Blankenship                  Brody                  Brown               Bukowsky                    CFH              Calvinnme                Chachra               Chandler                  Chell               Cholette                 Comdet                   Corn                  Cutey               Davisson                   Dent               Engineer                 Goonan                  Grove                   Harp                  Hayes                 Janson                Johnson                 Koenig                  Kolln              Lawyeraau                    Lee                 Lovitt             Mahlers2nd                   Mark                  McKee                Merritt                Messick               Mitchell               Morrison                   Neal                  Nigam               Peterson                  Power                  Riley                 Robert                   Shea                Sherwin                 Taylor                 Vernon                 Vision                Walters                 Wilson predictions       truth
0    0.031076906248927116    0.00698636332526803   0.011258232407271862   0.008441279642283916   0.010394304059445858   0.044275496155023575   0.005330465268343687    0.00929568987339735    0.05257544293999672   0.010958228260278702    0.00346275488846004   0.002044129418209195   0.005888583604246378   0.041413046419620514    0.04249231144785881   0.021268079057335854   0.004188952501863241   0.008160446770489216   0.006274392828345299   0.011802335269749165   0.007887524552643299   0.009424294345080853   0.011732258833944798   0.016794605180621147    0.00891178473830223    0.10489752143621445  0.0021219823975116014    0.05075095221400261    0.01125356275588274   0.004307608585804701   0.008653783239424229   0.008296353742480278   0.002543759997934103   0.015528450720012188   0.014459571801126003   0.014514989219605923   0.011014302261173725  0.0066427565179765224    0.10225849598646164   0.017384173348546028   0.007452760357409716   0.005810493137687445   0.014193475246429443   0.021263014525175095   0.004974563606083393  0.0074004908092319965    0.01101837307214737    0.14924538135528564  0.0036466934252530336    0.00802855845540762      Vision      Koenig
1   0.0018024201272055507   0.001969504402950406    0.12731482088565826   0.017823806032538414   0.040692150592803955  0.0032480594236403704   0.003146874951198697   0.013319339603185654   0.009383469820022583   0.006372540723532438   0.003949107136577368   0.005691259168088436    0.01340507436543703   0.005381139926612377      0.004884023219347   0.011425766162574291   0.023130591958761215   0.002263675443828106     0.0029793840367347   0.019299602136015892   0.016384011134505272   0.011211136355996132    0.03545166552066803  0.0016261626733466983   0.003790811635553837    0.07435514032840729   0.007753698155283928   0.017321018502116203   0.021501809358596802   0.007193958852440119   0.008795596659183502   0.019448449835181236  0.0024291330482810736   0.009648257866501808   0.025063874199986458    0.03964192047715187   0.020501399412751198   0.008237703703343868   0.016176821663975716   0.013699045404791832   0.015946902334690094   0.041679248213768005  0.0065774573013186455     0.0172031931579113   0.005739662330597639   0.004145733080804348    0.02347862906754017  0.0027737682685256004    0.03283816576004028    0.17190302908420563      Wilson      Koenig
2    0.011473899707198143  0.0033398785162717104   0.007934601977467537   0.004434818401932716    0.09990524500608444    0.01975885033607483  0.0026494392659515142    0.03247443586587906   0.044474147260189056  0.0022792040836066008   0.006776903290301561   0.006338581908494234   0.009209590032696724   0.009188017807900906   0.003192513482645154   0.009733468294143677  0.0026406659744679928   0.005380714777857065   0.003380359848961234    0.00696057453751564   0.008949510753154755   0.009176786988973618   0.006388792768120766   0.005501695442944765   0.004367007873952389    0.29715415835380554   0.004061071202158928   0.001384181436151266    0.03363153710961342   0.011565887369215488  0.0015766347059980035   0.006116901058703661  0.0061186254024505615   0.010774054564535618   0.038067180663347244   0.027738461270928383   0.002348590875044465   0.037965040653944016    0.01851969212293625    0.01209633145481348  0.0011779513442888856   0.004226921126246452    0.07112480700016022   0.011364339850842953   0.009456822648644447   0.008290188387036324   0.009382450953125954    0.04471874609589577   0.003396828193217516  0.0018329356098547578      Koenig      Koenig
3     0.03986090421676636   0.003753409255295992   0.007270774804055691    0.00521600479260087    0.00931471586227417    0.00741854403167963   0.010118716396391392  0.0015431845095008612   0.031258758157491684   0.016916126012802124    0.00905374065041542   0.009476333856582642  0.0048528918996453285   0.011631476692855358    0.04693499207496643  0.0020997198298573494   0.008271520026028156   0.011989854276180267  0.0021670209243893623  0.0068210940808057785   0.012754867784678936   0.040158480405807495   0.011343338526785374   0.019129477441310883   0.006381485611200333   0.008939002640545368  0.0039864275604486465   0.004362070467323065    0.13844895362854004   0.019135992974042892    0.01862283982336521   0.010281442664563656   0.012114214710891247   0.004348190501332283   0.020613286644220352   0.035609424114227295   0.005163831170648336     0.0075190719217062     0.1173906922340393   0.006030182354152203   0.009314998053014278   0.008755482733249664  0.0031817303970456123    0.12332434207201004   0.007305174134671688   0.006700925063341856  0.0036448524333536625   0.024568604305386543    0.02053932100534439    0.04436151310801506         Lee  Mahlers2nd
4   0.0013477342436090112   0.002511099446564913   0.001920813345350325   0.005256562493741512   0.003073350992053747  0.0036614693235605955   7.000002660788596E-4   0.007690078113228083   8.996430551633239E-4  0.0028168342541903257   0.006018141284584999   0.004394636955112219  0.0032862809021025896  0.0033265058882534504   0.007166905328631401   0.004386363551020622  0.0023959798272699118  0.0026512467302381992   4.971507587470114E-4   0.010333959013223648  0.0020087002776563168  0.0012415956007316709  4.5184549526311457E-4   6.458592251874506E-4  0.0012498940341174603    0.00505688413977623   5.896715447306633E-4   5.195195553824306E-4  0.0045602088794112206   5.353962769731879E-4     0.8487300276756287   0.002493022009730339   9.523721528239548E-4   7.962213712744415E-4  0.0015147073427215219   0.003565676510334015   9.768155869096518E-4   0.001262866659089923    0.00410261657088995  0.0010826637735590339  0.0010437649907544255   0.014009340666234493   0.004306105896830559   0.004557271953672171   0.011777307838201523  0.0013124605175107718   4.887476679868996E-4  0.0012437596451491117   0.002782136667519808  0.0018078424036502838  Mahlers2nd  Mahlers2nd
5     0.01681230589747429    0.00855899229645729    0.02912464365363121  0.0061612557619810104   0.009105472825467587    0.02461373247206211   0.005091063212603331    0.11791261285543442   0.015774011611938477  0.0017894591437652707   0.002406224375590682   0.004181078169494867  0.0019224935676902533   0.014086373150348663   0.011629331856966019    0.05071227252483368   0.011403396725654602    0.01048293337225914   0.005807626526802778    0.07563210278749466    0.02787756361067295   0.004076392389833927  0.0074453651905059814  0.0043874941766262054   0.015434115193784237   0.013689271174371243  0.0024967750068753958   0.002236807020381093   0.006400152109563351   0.004362785257399082    0.05376112833619118   0.003470014315098524   0.013057181611657143   0.003112963866442442  0.0010933431331068277    0.12467291951179504   0.002829818520694971   0.008894751779735088   0.041699931025505066   0.002385313156992197   0.005947479512542486   0.005102366209030151   0.018966931849718094    0.14625386893749237    0.03458656743168831  0.0054914699867367744   0.004430229775607586   0.004112950526177883   0.002208112506195903  0.0063085537403821945        Shea  Mahlers2nd
6     0.02967528998851776  0.0014187791384756565    0.09968024492263794   0.005907496903091669  0.0013443027855828404   7.574868504889309E-4   0.006548104342073202   0.008620821870863438    0.01902768388390541  0.0033065713942050934   0.002183441538363695    0.01425840612500906    0.00581204192712903  0.0037218197248876095   0.011163011193275452  0.0011603881139308214  0.0020216156262904406    0.02173035778105259  0.0039123063907027245   0.002018808387219906   0.004629563540220261   0.012414791621267796   0.036375030875205994   0.029469532892107964   0.003937056288123131    0.04903964698314667    0.39789509773254395  0.0017070628236979246  0.0066614109091460705    0.00896609015762806    0.00374122173525393   0.022811617702245712   0.017079202458262444   0.003814375726506114   0.004525891970843077   0.041505590081214905   0.004357458557933569   0.012490109540522099  0.0044351802207529545   0.005802048370242119  0.0012217287439852953   0.008081131614744663   0.011623898521065712   0.025987645611166954   0.002976409625262022   0.004727883730083704   0.013440458104014397  0.0052011883817613125   0.003967662341892719    0.00684500765055418       Kolln       Kolln
7    0.006017967592924833  0.0025755702517926693      0.077366903424263   0.004877013154327869   0.009862136095762253   0.015978824347257614   0.016437122598290443    0.06923872232437134   0.016227876767516136    0.01733500324189663   0.016630496829748154   0.015458820387721062   0.010674250312149525  0.0018570731626823545    0.01380297914147377     0.0108193913474679   0.008915281854569912  0.0016369299264624715   0.012717063538730145  0.0031716572120785713   0.008772552944719791   0.008285144343972206   0.017523884773254395    0.05162110552191734    0.02663910761475563    0.00612456863746047    0.31467384099960327   0.004920587409287691   0.003659719368442893  0.0026279359590262175   0.003760302672162652   0.007488619070500135   0.006832374259829521    0.04755532741546631   0.006083690095692873   0.001457060920074582   0.012133989483118057  0.0038442129734903574  0.0021382395643740892   0.016899775713682175  0.0051435804925858974   0.007217416074126959   0.002122757490724325  0.0030736681073904037  0.0030909643974155188   0.007121611852198839   0.022861558943986893   0.003111311700195074   0.029871754348278046    0.03174221143126488       Kolln       Kolln
8   0.0027531462255865335   2.941636194009334E-4   0.015421806834638119   9.957939619198442E-4  0.0019540395587682724   3.761699772439897E-4  0.0014118588296696544  0.0013791939709335566    0.00102585693821311  0.0013383550103753805  0.0024217464961111546  0.0010724550811573863  4.5773005695082247E-4   5.245769280008972E-4    0.00352128385566175  3.8456174661405385E-4   7.180202519521117E-4   0.010551869869232178  0.0034402941819280386  2.4553973344154656E-4   0.008236140944063663  0.0024480707943439484   0.001446269452571869   0.004881962668150663  0.0015441320138052106   0.004306022543460131     0.8287523984909058  1.8282094970345497E-4  2.5288693723268807E-4   0.018556959927082062  0.0037808390334248543  0.0057410323061048985   9.073303663171828E-4  0.0015919459983706474   0.005601683631539345  0.0028792459052056074   0.002614848781377077   0.019808536395430565    7.04335339833051E-4  0.0030215862207114697  0.0013784680049866438   0.001450799871236086   0.001270253211259842   6.228872225619853E-4  0.0010018072789534926  0.0015831722412258387   9.205018286593258E-4  2.7838730602525175E-4   0.020671552047133446   0.003274607704952359       Kolln       Kolln
9    4.902612417936325E-4    0.00268400926142931   0.005911726038902998    0.02684016339480877   0.001859211130067706   0.003423157846555114   0.005559773650020361  0.0022272744681686163    0.01529449038207531  0.0010403853375464678  0.0028233176562935114  0.0018685681279748678  0.0030169948004186153   0.025309542194008827   7.192140910774469E-4  0.0020128372125327587   0.005472820717841387  0.0035886720288544893  0.0016140687512233853   0.002510539721697569   0.004292852710932493   0.003915867302566767   0.002852858742699027   0.002326055197045207   0.002268346259370446  0.0025764841120690107   8.500350522808731E-4  0.0011525035370141268    0.01658410206437111  0.0047568827867507935    0.01425251830369234   0.006219775881618261   0.007155661936849356  0.0032431897707283497   0.009639143943786621  0.0029763581696897745  0.0013742047594860196  0.0034833145327866077   0.004853989463299513  0.0014893092447891831   0.003833743976429105  0.0013644888531416655   0.006370626389980316     0.7656764984130859   0.003740380983799696  0.0018857907271012664  0.0011731249978765845  0.0018119578016921878   0.001181348692625761   0.002431518165394664        Shea        Shea
10   0.017944857478141785   0.005750709213316441  0.0035363887436687946   0.007029559928923845    0.02651810087263584    0.09611531347036362   0.002991114743053913    0.01444698590785265   0.010180551558732986   0.005485996603965759    0.04243537411093712  0.0037556954193860292   0.036481939256191254   0.006613321602344513   0.001963841961696744   0.027380594983696938  0.0063400063663721085  0.0025901610497385263  0.0020268913358449936   0.006898538209497929    0.21433642506599426  0.0054173097014427185   0.006084661930799484   0.006381541024893522   0.005672207567840815  0.0042104232124984264  0.0010803077602759004    0.01295778900384903  0.0040430184453725815   0.004176430869847536   0.003471443662419915    0.07800380885601044   0.030653415247797966   0.016901513561606407   0.003442162647843361   0.009039394557476044   0.003611742751672864   0.004690168891102076   0.007325436919927597  0.0051420871168375015    0.03608012944459915    0.08166086673736572   0.009722168557345867   0.006016859784722328   0.050885360687971115  0.0047164177522063255   0.004238061141222715   0.047951195389032364  0.0038200924172997475  0.0017816531471908092       Grove        Shea
11   0.014437929727137089  0.0011999798007309437  0.0014585942262783647   0.006273691076785326  0.0017241996247321367     0.2734319567680359  0.0023642336018383503    0.02291353978216648     0.2954382002353668   0.003504026448354125    0.01057249866425991   0.010830006562173367   0.003133702091872692   0.005418231710791588  0.0044224937446415424   0.007483616471290588   0.015175641514360905   0.003652815241366625  0.0027681237552314997    0.05675705522298813  0.0030857983510941267   0.004031043034046888   0.003643333213403821   0.009797438979148865   0.003809859976172447    0.00817023403942585   0.001039621653035283    0.01229192316532135   0.009571664966642857    0.02283436618745327   0.005649848375469446    0.01602047309279442    0.00835229642689228    0.00454140268266201  0.0011269907699897885   0.001088252873159945   0.002973750699311495   0.006255826447159052   0.015683172270655632   8.915910730138421E-4  0.0024996597785502672   0.011107041500508785   0.003504502819851041    0.07363355904817581   0.008525894954800606   0.003167328890413046   0.002422262681648135   0.005742575041949749  0.0015626853564754128   0.004015044309198856   Calvinnme        Shea
12  0.0029860646463930607   9.499422740191221E-4  0.0053543648682534695  0.0031514412257820368   0.010320874862372875   0.003171531716361642   0.001919382601045072   0.001681341789662838   0.031316425651311874     0.1475178450345993   0.015889756381511688    0.00967685878276825   0.015293903648853302   0.011664398945868015     0.5180885791778564  0.0070869941264390945  0.0015736737987026572   0.012107894755899906  0.0021269014105200768     0.0704580545425415  0.0025394840631633997   0.005934595130383968  0.0017749171238392591  0.0013624876737594604  0.0063575380481779575   0.002566236536949873   0.002695794217288494   0.005179489962756634  0.0016169097507372499   0.002899428131058812   0.004535872954875231  0.0031074094586074352  0.0062948004342615604   0.003121335990726948   0.002241763286292553  0.0015633770963177085   0.009602507576346397  0.0019474232103675604   0.009034426882863045  0.0035520063247531652   0.013455952517688274  0.0060294196009635925   7.159156957641244E-4   0.002975313924252987     0.0061535919085145   0.002989010652527213    0.00389682874083519   0.004992099944502115  0.0030288738198578358   0.005498950369656086        Corn        Corn
13   0.003966585732996464   0.005716856103390455   0.008455672301352024   0.010796930640935898   0.016362998634576797  0.0031041959300637245   0.006065913941711187  0.0019165759440511465   0.018052617087960243   0.027985315769910812     0.1672990471124649     0.0035145019646734    0.05499649420380592   0.013386688195168972    0.18889886140823364   0.018739618360996246   0.029251206666231155   0.008801661431789398    0.00676555372774601   0.019090229645371437   0.021120164543390274   0.010846436955034733   0.002747631398960948    0.00910049770027399  0.0060398452915251255   0.009793530218303204  0.0024559982120990753   0.005914951674640179   0.003158245701342821  0.0025455362629145384   0.018383581191301346    0.04462891444563866   0.004803813993930817   0.014465981163084507   0.005260656122118235   0.014255114831030369    0.02105255052447319   0.006807710509747267   0.021882396191358566   0.017334995791316032   0.002274160273373127    0.05283626541495323   0.003319474868476391   0.009244603104889393   0.024814769625663757   0.006102546583861113  0.0030533343087881804   0.007736270781606436    0.02971717156469822   0.005135287996381521        Corn        Corn
14  0.0072984471917152405    0.11134285479784012  0.0062783993780612946   0.004531259182840586    0.05173485353589058   0.023226391524076462   0.003532349830493331  0.0033450601622462273    0.11161553114652634  0.0030654778238385916  0.0028382043819874525   0.010963709093630314    0.04387366399168968  0.0020695761777460575    0.09558278322219849  0.0069315750151872635   8.196684066206217E-4   0.010013737715780735  0.0025233994238078594     0.0320601686835289    0.00530508765950799    0.00565787497907877   0.015618430450558662    0.02906210534274578   0.005143089685589075  0.0042764004319906235   0.012928187847137451    0.01014934852719307   0.011799465864896774    0.05289779230952263    0.01260420959442854    0.03925134614109993    0.06111239641904831   0.004007835406810045   0.010230609215795994   0.006111628375947475  0.0033170573879033327   0.009275437332689762   0.008018319495022297   0.013627899810671806    0.09086783975362778   0.006808868609368801   0.003007738385349512  0.0011110325576737523   0.007542419247329235   0.008105704560875893  0.0043399278074502945   0.014234046451747417   0.003159513231366873   0.006781257688999176   Calvinnme        Corn
15    0.04742276296019554  0.0018865549936890602    0.07955954968929291   0.006132591050118208    0.02142217941582203   0.004191405139863491    0.10661851614713669   0.006636588368564844   0.004293953999876976   0.004781380761414766   0.010403032414615154   0.013564364053308964  0.0073543451726436615   0.051035426557064056  0.0022484902292490005   0.013039476238191128   0.028874922543764114  0.0029638640116900206   0.003300382988527417   0.018185192719101906   0.050422415137290955   0.015658050775527954   0.004079507198184729   0.054939787834882736   0.007188474293798208   0.009155729785561562   0.006780610419809818   0.007999777793884277    0.04544665291905403    0.03093581460416317  0.0031032338738441467  0.0056063090451061726   0.004738044925034046   0.004571649711579084   0.008587726391851902   0.006948512978851795    0.12624825537204742   0.009366958402097225  0.0064748660661280155   0.012066351249814034   0.015061612240970135   0.002265166025608778   0.002630002563819289   0.010288161225616932   0.007603636011481285   0.021286217495799065    0.04303065687417984   0.009538290090858936   0.002428046427667141    0.03163450211286545    Morrison      Wilson
16   0.001535608316771686   0.014424808323383331   0.029092315584421158   0.006032017525285482   0.004105254542082548  0.0012107343645766377   0.037313755601644516  0.0015443024458363652    0.00165891635697335   0.001373401377350092   0.018179427832365036   0.004754308145493269   0.006135622505098581   0.007271749898791313   0.005240595433861017   0.006923504639416933    0.02466011419892311   0.005698069464415312  0.0028011775575578213   0.006726847495883703    0.09475211799144745   0.008612474426627159  0.0015729644801467657   0.008420538157224655   0.009779718704521656   0.004782612901180983   0.004903051070868969   0.030599024146795273   0.005269601475447416     0.0356786772608757   0.028543081134557724    0.00443916255608201   0.014505961909890175   0.005363386124372482    0.01639186590909958   0.011729313060641289   0.008844856172800064   0.004192160442471504   0.004598606843501329   0.021186575293540955    0.03191109374165535   0.009042812511324883   0.005183598957955837   0.014549368992447853   0.005696883425116539   0.013261430896818638    0.15149645507335663  0.0010313942329958081    0.15715596079826355    0.09982270002365112     Walters      Wilson
17   0.003919066395610571   0.004560528788715601   0.004448422696441412   0.016691695898771286   0.007983229123055935  0.0023588777985423803      0.023350914940238     0.0146319679915905  0.0012879637070000172    0.00402453076094389   0.002343580825254321     0.1730441153049469   0.012753388844430447   0.003327439073473215   0.008082040585577488  0.0016665024450048804    0.09160027652978897   0.010367616079747677   0.003003726713359356   0.003665589028969407   0.041701119393110275   0.005713316611945629  0.0034901280887424946     0.0133381811901927   0.005526751279830933   0.011011002585291862  0.0035907654091715813   0.009523545391857624    0.00748085230588913    0.04646547883749008   0.008875085972249508   0.009091300889849663   0.022953080013394356  0.0035207117907702923   0.008878091350197792   0.008931143209338188   0.024135569110512733   0.005475640296936035    0.01224124152213335    0.04004989564418793  0.0038027812261134386    0.04481443390250206    0.03442680463194847   0.004397070966660976  0.0028881405014544725   0.005803404841572046   0.017381973564624786   0.011426723562180996    0.01762276701629162     0.1723315417766571       Chell      Wilson
18  0.0018209790578112006   0.003792872652411461   0.012013185769319534     0.0047445148229599    0.06503389775753021   0.016325177624821663    0.01725018210709095   0.004342642147094011    0.01241705659776926    0.00835330132395029    0.03482028841972351   0.004970585461705923   0.002520732581615448  0.0019917914178222418    0.04139173403382301   0.004510750528424978   0.001459631253965199  0.0055998386815190315   0.002762047341093421    0.09822624176740646   0.001193506526760757    0.01166480127722025   0.002044110093265772   0.034059807658195496   0.010325619019567966   0.003462183754891157   0.004999945405870676     0.0194413959980011   0.004138866905122995    0.03307836130261421   0.013819089159369469   0.006654201075434685    0.16356857120990753   0.016542116180062294   0.011193151585757732   0.021235864609479904    0.02054361253976822   0.007984926924109459    0.11627218872308731   0.005308818072080612  0.0049576181918382645   0.018361877650022507   0.010050023905932903  0.0027759240474551916   0.033113446086645126   0.005195375997573137    0.03436450660228729   0.011736326850950718   0.004121133126318455   0.023445187136530876       McKee      Goonan
19   6.689230795018375E-4  0.0028338967822492123   0.014946923591196537  0.0010557296918705106  0.0025030418764799833   0.005952045321464539    0.01444456446915865  0.0028600592631846666   0.008379966951906681   6.299791857600212E-4   0.001680139102973044  0.0030631141271442175   0.008034161292016506   8.388095302507281E-4   0.016691461205482483  0.0016445756191387773  0.0016393711557611823   8.237987640313804E-4  0.0017783086514100432     0.7406291961669922   0.002942976774647832  0.0015850753989070654   4.889082629233599E-4  0.0023395128082484007  0.0035279651638120413   0.010463233105838299   6.501926109194756E-4   0.003001907840371132   0.021312501281499863    0.00873748678714037   7.198101957328618E-4  0.0014675306156277657  0.0025552096776664257   7.889744592830539E-4     0.0334971584379673   0.002591156167909503   0.005010578315705061   0.007026022765785456   0.012375556863844395   0.002845813287422061   0.002571545774117112    6.23771280515939E-4  0.0017055245116353035  0.0011377640767022967  0.0076290033757686615  0.0025706470478326082  0.0069660525768995285    0.01745176687836647   0.003607370425015688   7.109242724254727E-4      Goonan      Goonan

Predictions saved to `/home/juradoi/experiments/automlbenchmark/results/h2oautoml.openml_t_10090.pygmo_c.local.20211209T182823/predictions/amazon-commerce-reviews/0/predictions.csv`.
Loading metadata from `/home/juradoi/experiments/automlbenchmark/results/h2oautoml.openml_t_10090.pygmo_c.local.20211209T182823/predictions/amazon-commerce-reviews/0/metadata.json`.
Loading predictions from `/home/juradoi/experiments/automlbenchmark/results/h2oautoml.openml_t_10090.pygmo_c.local.20211209T182823/predictions/amazon-commerce-reviews/0/predictions.csv`.
Metric scores: { 'acc': 0.64,
  'app_version': 'dev [master, beef024]',
  'balacc': 0.6399999999999999,
  'constraint': 'pygmo_c',
  'duration': nan,
  'fold': 0,
  'framework': 'H2OAutoML',
  'id': 'openml.org/t/10090',
  'info': None,
  'logloss': 1.6001488886028448,
  'metric': 'neg_logloss',
  'mode': 'local',
  'models_count': 7,
  'params': '',
  'predict_duration': 0.32018351554870605,
  'result': -1.6001488886028448,
  'seed': 1150676965,
  'task': 'amazon-commerce-reviews',
  'training_duration': 3636.081780433655,
  'type': 'multiclass',
  'utc': '2021-12-09T19:29:12',
  'version': '3.34.0.3'}
Job `local.openml_t_10090.pygmo_c.amazon-commerce-reviews.0.H2OAutoML` executed in 3648.968 seconds.
All jobs executed in 3648.995 seconds.
[MONITORING] [local.openml_t_10090.pygmo_c.amazon-commerce-reviews.0.H2OAutoML] CPU Utilization: 90.5%
[MONITORING] [local.openml_t_10090.pygmo_c.amazon-commerce-reviews.0.H2OAutoML] Memory Usage: 2.3%
[MONITORING] [local.openml_t_10090.pygmo_c.amazon-commerce-reviews.0.H2OAutoML] Disk Usage: 43.2%
Processing results for h2oautoml.openml_t_10090.pygmo_c.local.20211209T182823
Scores saved to `/home/juradoi/experiments/automlbenchmark/results/h2oautoml.openml_t_10090.pygmo_c.local.20211209T182823/scores/H2OAutoML.benchmark_openml_t_10090.csv`.
Scores saved to `/home/juradoi/experiments/automlbenchmark/results/h2oautoml.openml_t_10090.pygmo_c.local.20211209T182823/scores/results.csv`.
Scores saved to `/home/juradoi/experiments/automlbenchmark/results/results.csv`.
Summing up scores for current run:
                id                    task fold framework constraint   result      metric  duration       seed
openml.org/t/10090 amazon-commerce-reviews    0 H2OAutoML    pygmo_c -1.60015 neg_logloss    3649.0 1150676965
