/var/spool/slurm/slurmd/job8496242/slurm_script: line 8: activate: No such file or directory
Running benchmark `H2OAutoML` on `openml/t/359979` framework in `local` mode.
Loading frameworks definitions from ['/home/juradoi/experiments/automlbenchmark/resources/frameworks.yaml'].
Loading benchmark constraint definitions from ['/home/juradoi/experiments/automlbenchmark/resources/constraints.yaml'].
Loading openml task 359979.

------------------------------------------------------------------------------
Starting job local.openml_t_359979.pygmo_c.Amazon_employee_access.0.H2OAutoML.
Assigning 16 cores (total=16) for new task Amazon_employee_access.
Assigning 91314 MB (total=95302 MB) for new Amazon_employee_access task.
[MONITORING] [local.openml_t_359979.pygmo_c.Amazon_employee_access.0.H2OAutoML] CPU Utilization: 14.7%
[MONITORING] [local.openml_t_359979.pygmo_c.Amazon_employee_access.0.H2OAutoML] Memory Usage: 2.0%
[MONITORING] [local.openml_t_359979.pygmo_c.Amazon_employee_access.0.H2OAutoML] Disk Usage: 43.2%
Running task Amazon_employee_access on framework H2OAutoML with config:
TaskConfig({})
Running cmd `/home/juradoi/experiments/automlbenchmark/frameworks/H2OAutoML/venv/bin/python -W ignore /home/juradoi/experiments/automlbenchmark/frameworks/H2OAutoML/exec.py`
INFO:__main__:
**** H2O AutoML [v3.34.0.3] ****

INFO:__main__:Starting H2O cluster with 16 cores, 60876M memory.
Checking whether there is an H2O instance running at http://localhost:2013 ..... not found.
Attempting to start a local H2O server...
  Java Version: openjdk version "11.0.12" 2021-07-20; OpenJDK Runtime Environment (build 11.0.12+7-post-Debian-2deb10u1); OpenJDK 64-Bit Server VM (build 11.0.12+7-post-Debian-2deb10u1, mixed mode, sharing)
  Starting server from /home/juradoi/experiments/automlbenchmark/frameworks/H2OAutoML/venv/lib/python3.8/site-packages/h2o/backend/bin/h2o.jar
  Ice root: /tmp/tmpchqpecew
  JVM stdout: /tmp/tmpchqpecew/h2o_unknownUser_started_from_python.out
  JVM stderr: /tmp/tmpchqpecew/h2o_unknownUser_started_from_python.err
  Server is running at http://127.0.0.1:2013
Connecting to H2O server at http://127.0.0.1:2013 ... successful.
--------------------------  ------------------------------------------------------------------
H2O_cluster_uptime:         01 secs
H2O_cluster_timezone:       Europe/Amsterdam
H2O_data_parsing_timezone:  UTC
H2O_cluster_version:        3.34.0.3
H2O_cluster_version_age:    2 months and 2 days
H2O_cluster_name:           H2O_from_python_unknownUser_nthch3
H2O_cluster_total_nodes:    1
H2O_cluster_free_memory:    59.45 Gb
H2O_cluster_total_cores:    16
H2O_cluster_allowed_cores:  16
H2O_cluster_status:         locked, healthy
H2O_connection_url:         http://127.0.0.1:2013
H2O_connection_proxy:       {"http": null, "https": null}
H2O_internal_security:      False
H2O_API_Extensions:         Amazon S3, XGBoost, Algos, AutoML, Core V3, TargetEncoder, Core V4
Python_version:             3.8.12 final
--------------------------  ------------------------------------------------------------------
Parse progress: |████████████████████████████████████████████████████████████████| (done) 100%
Parse progress: |████████████████████████████████████████████████████████████████| (done) 100%
Parse progress: |████████████████████████████████████████████████████████████████| (done) 100%
INFO:__main__:Running model on task Amazon_employee_access, fold 0.
[MONITORING] [local.openml_t_359979.pygmo_c.Amazon_employee_access.0.H2OAutoML] CPU Utilization: 49.2%
[MONITORING] [local.openml_t_359979.pygmo_c.Amazon_employee_access.0.H2OAutoML] Memory Usage: 44.9%
[MONITORING] [local.openml_t_359979.pygmo_c.Amazon_employee_access.0.H2OAutoML] Disk Usage: 43.2%
[MONITORING] [local.openml_t_359979.pygmo_c.Amazon_employee_access.0.H2OAutoML] CPU Utilization: 35.4%
[MONITORING] [local.openml_t_359979.pygmo_c.Amazon_employee_access.0.H2OAutoML] Memory Usage: 45.0%
[MONITORING] [local.openml_t_359979.pygmo_c.Amazon_employee_access.0.H2OAutoML] Disk Usage: 43.2%
[MONITORING] [local.openml_t_359979.pygmo_c.Amazon_employee_access.0.H2OAutoML] CPU Utilization: 54.7%
[MONITORING] [local.openml_t_359979.pygmo_c.Amazon_employee_access.0.H2OAutoML] Memory Usage: 45.7%
[MONITORING] [local.openml_t_359979.pygmo_c.Amazon_employee_access.0.H2OAutoML] Disk Usage: 43.2%
[MONITORING] [local.openml_t_359979.pygmo_c.Amazon_employee_access.0.H2OAutoML] CPU Utilization: 54.4%
[MONITORING] [local.openml_t_359979.pygmo_c.Amazon_employee_access.0.H2OAutoML] Memory Usage: 45.8%
[MONITORING] [local.openml_t_359979.pygmo_c.Amazon_employee_access.0.H2OAutoML] Disk Usage: 43.2%
[MONITORING] [local.openml_t_359979.pygmo_c.Amazon_employee_access.0.H2OAutoML] CPU Utilization: 62.6%
[MONITORING] [local.openml_t_359979.pygmo_c.Amazon_employee_access.0.H2OAutoML] Memory Usage: 45.8%
[MONITORING] [local.openml_t_359979.pygmo_c.Amazon_employee_access.0.H2OAutoML] Disk Usage: 43.2%
[MONITORING] [local.openml_t_359979.pygmo_c.Amazon_employee_access.0.H2OAutoML] CPU Utilization: 56.1%
[MONITORING] [local.openml_t_359979.pygmo_c.Amazon_employee_access.0.H2OAutoML] Memory Usage: 45.9%
[MONITORING] [local.openml_t_359979.pygmo_c.Amazon_employee_access.0.H2OAutoML] Disk Usage: 43.2%
[MONITORING] [local.openml_t_359979.pygmo_c.Amazon_employee_access.0.H2OAutoML] CPU Utilization: 52.1%
[MONITORING] [local.openml_t_359979.pygmo_c.Amazon_employee_access.0.H2OAutoML] Memory Usage: 46.0%
[MONITORING] [local.openml_t_359979.pygmo_c.Amazon_employee_access.0.H2OAutoML] Disk Usage: 43.2%
[MONITORING] [local.openml_t_359979.pygmo_c.Amazon_employee_access.0.H2OAutoML] CPU Utilization: 56.3%
[MONITORING] [local.openml_t_359979.pygmo_c.Amazon_employee_access.0.H2OAutoML] Memory Usage: 46.0%
[MONITORING] [local.openml_t_359979.pygmo_c.Amazon_employee_access.0.H2OAutoML] Disk Usage: 43.2%
[MONITORING] [local.openml_t_359979.pygmo_c.Amazon_employee_access.0.H2OAutoML] CPU Utilization: 54.8%
[MONITORING] [local.openml_t_359979.pygmo_c.Amazon_employee_access.0.H2OAutoML] Memory Usage: 46.1%
[MONITORING] [local.openml_t_359979.pygmo_c.Amazon_employee_access.0.H2OAutoML] Disk Usage: 43.2%
[MONITORING] [local.openml_t_359979.pygmo_c.Amazon_employee_access.0.H2OAutoML] CPU Utilization: 54.5%
[MONITORING] [local.openml_t_359979.pygmo_c.Amazon_employee_access.0.H2OAutoML] Memory Usage: 46.2%
[MONITORING] [local.openml_t_359979.pygmo_c.Amazon_employee_access.0.H2OAutoML] Disk Usage: 43.2%
[MONITORING] [local.openml_t_359979.pygmo_c.Amazon_employee_access.0.H2OAutoML] CPU Utilization: 54.4%
[MONITORING] [local.openml_t_359979.pygmo_c.Amazon_employee_access.0.H2OAutoML] Memory Usage: 46.3%
[MONITORING] [local.openml_t_359979.pygmo_c.Amazon_employee_access.0.H2OAutoML] Disk Usage: 43.2%
[MONITORING] [local.openml_t_359979.pygmo_c.Amazon_employee_access.0.H2OAutoML] CPU Utilization: 59.0%
[MONITORING] [local.openml_t_359979.pygmo_c.Amazon_employee_access.0.H2OAutoML] Memory Usage: 46.3%
[MONITORING] [local.openml_t_359979.pygmo_c.Amazon_employee_access.0.H2OAutoML] Disk Usage: 43.2%
[MONITORING] [local.openml_t_359979.pygmo_c.Amazon_employee_access.0.H2OAutoML] CPU Utilization: 56.1%
[MONITORING] [local.openml_t_359979.pygmo_c.Amazon_employee_access.0.H2OAutoML] Memory Usage: 46.4%
[MONITORING] [local.openml_t_359979.pygmo_c.Amazon_employee_access.0.H2OAutoML] Disk Usage: 43.2%
[MONITORING] [local.openml_t_359979.pygmo_c.Amazon_employee_access.0.H2OAutoML] CPU Utilization: 55.7%
[MONITORING] [local.openml_t_359979.pygmo_c.Amazon_employee_access.0.H2OAutoML] Memory Usage: 46.5%
[MONITORING] [local.openml_t_359979.pygmo_c.Amazon_employee_access.0.H2OAutoML] Disk Usage: 43.2%
[MONITORING] [local.openml_t_359979.pygmo_c.Amazon_employee_access.0.H2OAutoML] CPU Utilization: 55.8%
[MONITORING] [local.openml_t_359979.pygmo_c.Amazon_employee_access.0.H2OAutoML] Memory Usage: 46.6%
[MONITORING] [local.openml_t_359979.pygmo_c.Amazon_employee_access.0.H2OAutoML] Disk Usage: 43.2%
[MONITORING] [local.openml_t_359979.pygmo_c.Amazon_employee_access.0.H2OAutoML] CPU Utilization: 44.9%
[MONITORING] [local.openml_t_359979.pygmo_c.Amazon_employee_access.0.H2OAutoML] Memory Usage: 46.6%
[MONITORING] [local.openml_t_359979.pygmo_c.Amazon_employee_access.0.H2OAutoML] Disk Usage: 43.2%
[MONITORING] [local.openml_t_359979.pygmo_c.Amazon_employee_access.0.H2OAutoML] CPU Utilization: 38.2%
[MONITORING] [local.openml_t_359979.pygmo_c.Amazon_employee_access.0.H2OAutoML] Memory Usage: 46.6%
[MONITORING] [local.openml_t_359979.pygmo_c.Amazon_employee_access.0.H2OAutoML] Disk Usage: 43.2%
[MONITORING] [local.openml_t_359979.pygmo_c.Amazon_employee_access.0.H2OAutoML] CPU Utilization: 36.7%
[MONITORING] [local.openml_t_359979.pygmo_c.Amazon_employee_access.0.H2OAutoML] Memory Usage: 46.9%
[MONITORING] [local.openml_t_359979.pygmo_c.Amazon_employee_access.0.H2OAutoML] Disk Usage: 43.2%
[MONITORING] [local.openml_t_359979.pygmo_c.Amazon_employee_access.0.H2OAutoML] CPU Utilization: 34.0%
[MONITORING] [local.openml_t_359979.pygmo_c.Amazon_employee_access.0.H2OAutoML] Memory Usage: 46.9%
[MONITORING] [local.openml_t_359979.pygmo_c.Amazon_employee_access.0.H2OAutoML] Disk Usage: 43.2%
[MONITORING] [local.openml_t_359979.pygmo_c.Amazon_employee_access.0.H2OAutoML] CPU Utilization: 35.2%
[MONITORING] [local.openml_t_359979.pygmo_c.Amazon_employee_access.0.H2OAutoML] Memory Usage: 46.9%
[MONITORING] [local.openml_t_359979.pygmo_c.Amazon_employee_access.0.H2OAutoML] Disk Usage: 43.2%
[MONITORING] [local.openml_t_359979.pygmo_c.Amazon_employee_access.0.H2OAutoML] CPU Utilization: 37.1%
[MONITORING] [local.openml_t_359979.pygmo_c.Amazon_employee_access.0.H2OAutoML] Memory Usage: 46.9%
[MONITORING] [local.openml_t_359979.pygmo_c.Amazon_employee_access.0.H2OAutoML] Disk Usage: 43.2%
[MONITORING] [local.openml_t_359979.pygmo_c.Amazon_employee_access.0.H2OAutoML] CPU Utilization: 39.6%
[MONITORING] [local.openml_t_359979.pygmo_c.Amazon_employee_access.0.H2OAutoML] Memory Usage: 47.0%
[MONITORING] [local.openml_t_359979.pygmo_c.Amazon_employee_access.0.H2OAutoML] Disk Usage: 43.2%
[MONITORING] [local.openml_t_359979.pygmo_c.Amazon_employee_access.0.H2OAutoML] CPU Utilization: 34.3%
[MONITORING] [local.openml_t_359979.pygmo_c.Amazon_employee_access.0.H2OAutoML] Memory Usage: 47.0%
[MONITORING] [local.openml_t_359979.pygmo_c.Amazon_employee_access.0.H2OAutoML] Disk Usage: 43.2%
[MONITORING] [local.openml_t_359979.pygmo_c.Amazon_employee_access.0.H2OAutoML] CPU Utilization: 45.9%
[MONITORING] [local.openml_t_359979.pygmo_c.Amazon_employee_access.0.H2OAutoML] Memory Usage: 48.3%
[MONITORING] [local.openml_t_359979.pygmo_c.Amazon_employee_access.0.H2OAutoML] Disk Usage: 43.2%
[MONITORING] [local.openml_t_359979.pygmo_c.Amazon_employee_access.0.H2OAutoML] CPU Utilization: 86.5%
[MONITORING] [local.openml_t_359979.pygmo_c.Amazon_employee_access.0.H2OAutoML] Memory Usage: 54.9%
[MONITORING] [local.openml_t_359979.pygmo_c.Amazon_employee_access.0.H2OAutoML] Disk Usage: 43.2%
[MONITORING] [local.openml_t_359979.pygmo_c.Amazon_employee_access.0.H2OAutoML] CPU Utilization: 81.9%
[MONITORING] [local.openml_t_359979.pygmo_c.Amazon_employee_access.0.H2OAutoML] Memory Usage: 63.9%
[MONITORING] [local.openml_t_359979.pygmo_c.Amazon_employee_access.0.H2OAutoML] Disk Usage: 43.2%
[MONITORING] [local.openml_t_359979.pygmo_c.Amazon_employee_access.0.H2OAutoML] CPU Utilization: 82.2%
[MONITORING] [local.openml_t_359979.pygmo_c.Amazon_employee_access.0.H2OAutoML] Memory Usage: 67.4%
[MONITORING] [local.openml_t_359979.pygmo_c.Amazon_employee_access.0.H2OAutoML] Disk Usage: 43.2%
[MONITORING] [local.openml_t_359979.pygmo_c.Amazon_employee_access.0.H2OAutoML] CPU Utilization: 81.9%
[MONITORING] [local.openml_t_359979.pygmo_c.Amazon_employee_access.0.H2OAutoML] Memory Usage: 67.8%
[MONITORING] [local.openml_t_359979.pygmo_c.Amazon_employee_access.0.H2OAutoML] Disk Usage: 43.2%
[MONITORING] [local.openml_t_359979.pygmo_c.Amazon_employee_access.0.H2OAutoML] CPU Utilization: 67.7%
[MONITORING] [local.openml_t_359979.pygmo_c.Amazon_employee_access.0.H2OAutoML] Memory Usage: 68.0%
[MONITORING] [local.openml_t_359979.pygmo_c.Amazon_employee_access.0.H2OAutoML] Disk Usage: 43.2%
[MONITORING] [local.openml_t_359979.pygmo_c.Amazon_employee_access.0.H2OAutoML] CPU Utilization: 62.4%
[MONITORING] [local.openml_t_359979.pygmo_c.Amazon_employee_access.0.H2OAutoML] Memory Usage: 68.0%
[MONITORING] [local.openml_t_359979.pygmo_c.Amazon_employee_access.0.H2OAutoML] Disk Usage: 43.2%
AutoML progress: |███████████████████████████████████████████████████████████████| (done) 100%
stackedensemble prediction progress: |███████████████████████████████████████████| (done) 100%
H2O session _sid_b6f0 closed.



Predictions preview:
                         0                   1 predictions truth
0     0.12301101268044512  0.8769889873195549           1     1
1    0.010408781361577746  0.9895912186384223           1     1
2    0.024066164878335017   0.975933835121665           1     1
3   0.0067976607183337645  0.9932023392816662           1     1
4    0.011804545869973926  0.9881954541300261           1     1
5     0.04422783137663533  0.9557721686233647           1     1
6    0.016569771672964584  0.9834302283270354           1     1
7    0.020153257481511422  0.9798467425184886           1     1
8    0.006231001630746524  0.9937689983692535           1     1
9    0.013889349755364266  0.9861106502446357           1     1
10   0.016242008443195566  0.9837579915568044           1     1
11    0.02348554397148661  0.9765144560285134           1     1
12  0.0074391442396816165  0.9925608557603184           1     1
13   0.050730278157965825  0.9492697218420342           1     1
14     0.0068492622913503  0.9931507377086497           1     1
15     0.0365965248016189  0.9634034751983811           1     1
16    0.01429222069509195   0.985707779304908           1     1
17   0.010944915381353337  0.9890550846186467           1     1
18    0.01058923927726485  0.9894107607227351           1     1
19    0.03664740113021503   0.963352598869785           1     1

Predictions saved to `/home/juradoi/experiments/automlbenchmark/results/h2oautoml.openml_t_359979.pygmo_c.local.20211210T063738/predictions/Amazon_employee_access/0/predictions.csv`.
Loading metadata from `/home/juradoi/experiments/automlbenchmark/results/h2oautoml.openml_t_359979.pygmo_c.local.20211210T063738/predictions/Amazon_employee_access/0/metadata.json`.
Loading predictions from `/home/juradoi/experiments/automlbenchmark/results/h2oautoml.openml_t_359979.pygmo_c.local.20211210T063738/predictions/Amazon_employee_access/0/predictions.csv`.
Metric scores: { 'acc': 0.9493439121147391,
  'app_version': 'dev [master, beef024]',
  'auc': 0.8861714230885216,
  'balacc': 0.6775750815582422,
  'constraint': 'pygmo_c',
  'duration': nan,
  'fold': 0,
  'framework': 'H2OAutoML',
  'id': 'openml.org/t/359979',
  'info': None,
  'logloss': 0.14373132756896628,
  'metric': 'auc',
  'mode': 'local',
  'models_count': 235,
  'params': '',
  'predict_duration': 4.258721828460693,
  'result': 0.8861714230885216,
  'seed': 1962362686,
  'task': 'Amazon_employee_access',
  'training_duration': 3602.117812871933,
  'type': 'binary',
  'utc': '2021-12-10T07:37:57',
  'version': '3.34.0.3'}
Job `local.openml_t_359979.pygmo_c.Amazon_employee_access.0.H2OAutoML` executed in 3618.325 seconds.
All jobs executed in 3618.352 seconds.
[MONITORING] [local.openml_t_359979.pygmo_c.Amazon_employee_access.0.H2OAutoML] CPU Utilization: 33.4%
[MONITORING] [local.openml_t_359979.pygmo_c.Amazon_employee_access.0.H2OAutoML] Memory Usage: 2.0%
[MONITORING] [local.openml_t_359979.pygmo_c.Amazon_employee_access.0.H2OAutoML] Disk Usage: 43.2%
Processing results for h2oautoml.openml_t_359979.pygmo_c.local.20211210T063738
Scores saved to `/home/juradoi/experiments/automlbenchmark/results/h2oautoml.openml_t_359979.pygmo_c.local.20211210T063738/scores/H2OAutoML.benchmark_openml_t_359979.csv`.
Scores saved to `/home/juradoi/experiments/automlbenchmark/results/h2oautoml.openml_t_359979.pygmo_c.local.20211210T063738/scores/results.csv`.
Scores saved to `/home/juradoi/experiments/automlbenchmark/results/results.csv`.
Summing up scores for current run:
                 id                   task fold framework constraint   result metric  duration       seed
openml.org/t/359979 Amazon_employee_access    0 H2OAutoML    pygmo_c 0.886171    auc    3618.3 1962362686
