/var/spool/slurm/slurmd/job8493929/slurm_script: line 8: activate: No such file or directory
Running benchmark `H2OAutoML` on `openml/t/359955` framework in `local` mode.
Loading frameworks definitions from ['/home/juradoi/experiments/automlbenchmark/resources/frameworks.yaml'].
Loading benchmark constraint definitions from ['/home/juradoi/experiments/automlbenchmark/resources/constraints.yaml'].
Loading openml task 359955.

----------------------------------------------------------------------------------------
Starting job local.openml_t_359955.pygmo_c.blood-transfusion-service-center.0.H2OAutoML.
Assigning 16 cores (total=16) for new task blood-transfusion-service-center.
Assigning 91224 MB (total=95302 MB) for new blood-transfusion-service-center task.
[MONITORING] [local.openml_t_359955.pygmo_c.blood-transfusion-service-center.0.H2OAutoML] CPU Utilization: 16.3%
[MONITORING] [local.openml_t_359955.pygmo_c.blood-transfusion-service-center.0.H2OAutoML] Memory Usage: 2.1%
[MONITORING] [local.openml_t_359955.pygmo_c.blood-transfusion-service-center.0.H2OAutoML] Disk Usage: 43.2%
Running task blood-transfusion-service-center on framework H2OAutoML with config:
TaskConfig({})
Running cmd `/home/juradoi/experiments/automlbenchmark/frameworks/H2OAutoML/venv/bin/python -W ignore /home/juradoi/experiments/automlbenchmark/frameworks/H2OAutoML/exec.py`
INFO:__main__:
**** H2O AutoML [v3.34.0.3] ****

INFO:__main__:Starting H2O cluster with 16 cores, 60816M memory.
Checking whether there is an H2O instance running at http://localhost:5959 ..... not found.
Attempting to start a local H2O server...
  Java Version: openjdk version "11.0.12" 2021-07-20; OpenJDK Runtime Environment (build 11.0.12+7-post-Debian-2deb10u1); OpenJDK 64-Bit Server VM (build 11.0.12+7-post-Debian-2deb10u1, mixed mode, sharing)
  Starting server from /home/juradoi/experiments/automlbenchmark/frameworks/H2OAutoML/venv/lib/python3.8/site-packages/h2o/backend/bin/h2o.jar
  Ice root: /tmp/tmpwwwg7bxm
  JVM stdout: /tmp/tmpwwwg7bxm/h2o_unknownUser_started_from_python.out
  JVM stderr: /tmp/tmpwwwg7bxm/h2o_unknownUser_started_from_python.err
  Server is running at http://127.0.0.1:5959
Connecting to H2O server at http://127.0.0.1:5959 ... successful.
--------------------------  ------------------------------------------------------------------
H2O_cluster_uptime:         01 secs
H2O_cluster_timezone:       Europe/Amsterdam
H2O_data_parsing_timezone:  UTC
H2O_cluster_version:        3.34.0.3
H2O_cluster_version_age:    2 months and 2 days
H2O_cluster_name:           H2O_from_python_unknownUser_e6tydl
H2O_cluster_total_nodes:    1
H2O_cluster_free_memory:    59.39 Gb
H2O_cluster_total_cores:    16
H2O_cluster_allowed_cores:  16
H2O_cluster_status:         locked, healthy
H2O_connection_url:         http://127.0.0.1:5959
H2O_connection_proxy:       {"http": null, "https": null}
H2O_internal_security:      False
H2O_API_Extensions:         Amazon S3, XGBoost, Algos, AutoML, Core V3, TargetEncoder, Core V4
Python_version:             3.8.12 final
--------------------------  ------------------------------------------------------------------
Parse progress: |████████████████████████████████████████████████████████████████| (done) 100%
Parse progress: |████████████████████████████████████████████████████████████████| (done) 100%
INFO:__main__:Running model on task blood-transfusion-service-center, fold 0.
[MONITORING] [local.openml_t_359955.pygmo_c.blood-transfusion-service-center.0.H2OAutoML] CPU Utilization: 75.1%
[MONITORING] [local.openml_t_359955.pygmo_c.blood-transfusion-service-center.0.H2OAutoML] Memory Usage: 9.4%
[MONITORING] [local.openml_t_359955.pygmo_c.blood-transfusion-service-center.0.H2OAutoML] Disk Usage: 43.2%
[MONITORING] [local.openml_t_359955.pygmo_c.blood-transfusion-service-center.0.H2OAutoML] CPU Utilization: 97.4%
[MONITORING] [local.openml_t_359955.pygmo_c.blood-transfusion-service-center.0.H2OAutoML] Memory Usage: 11.8%
[MONITORING] [local.openml_t_359955.pygmo_c.blood-transfusion-service-center.0.H2OAutoML] Disk Usage: 43.2%
[MONITORING] [local.openml_t_359955.pygmo_c.blood-transfusion-service-center.0.H2OAutoML] CPU Utilization: 97.4%
[MONITORING] [local.openml_t_359955.pygmo_c.blood-transfusion-service-center.0.H2OAutoML] Memory Usage: 16.3%
[MONITORING] [local.openml_t_359955.pygmo_c.blood-transfusion-service-center.0.H2OAutoML] Disk Usage: 43.2%
[MONITORING] [local.openml_t_359955.pygmo_c.blood-transfusion-service-center.0.H2OAutoML] CPU Utilization: 97.9%
[MONITORING] [local.openml_t_359955.pygmo_c.blood-transfusion-service-center.0.H2OAutoML] Memory Usage: 16.9%
[MONITORING] [local.openml_t_359955.pygmo_c.blood-transfusion-service-center.0.H2OAutoML] Disk Usage: 43.2%
[MONITORING] [local.openml_t_359955.pygmo_c.blood-transfusion-service-center.0.H2OAutoML] CPU Utilization: 97.4%
[MONITORING] [local.openml_t_359955.pygmo_c.blood-transfusion-service-center.0.H2OAutoML] Memory Usage: 24.3%
[MONITORING] [local.openml_t_359955.pygmo_c.blood-transfusion-service-center.0.H2OAutoML] Disk Usage: 43.2%
[MONITORING] [local.openml_t_359955.pygmo_c.blood-transfusion-service-center.0.H2OAutoML] CPU Utilization: 97.5%
[MONITORING] [local.openml_t_359955.pygmo_c.blood-transfusion-service-center.0.H2OAutoML] Memory Usage: 25.4%
[MONITORING] [local.openml_t_359955.pygmo_c.blood-transfusion-service-center.0.H2OAutoML] Disk Usage: 43.2%
[MONITORING] [local.openml_t_359955.pygmo_c.blood-transfusion-service-center.0.H2OAutoML] CPU Utilization: 97.5%
[MONITORING] [local.openml_t_359955.pygmo_c.blood-transfusion-service-center.0.H2OAutoML] Memory Usage: 26.9%
[MONITORING] [local.openml_t_359955.pygmo_c.blood-transfusion-service-center.0.H2OAutoML] Disk Usage: 43.2%
[MONITORING] [local.openml_t_359955.pygmo_c.blood-transfusion-service-center.0.H2OAutoML] CPU Utilization: 95.5%
[MONITORING] [local.openml_t_359955.pygmo_c.blood-transfusion-service-center.0.H2OAutoML] Memory Usage: 28.8%
[MONITORING] [local.openml_t_359955.pygmo_c.blood-transfusion-service-center.0.H2OAutoML] Disk Usage: 43.2%
[MONITORING] [local.openml_t_359955.pygmo_c.blood-transfusion-service-center.0.H2OAutoML] CPU Utilization: 98.4%
[MONITORING] [local.openml_t_359955.pygmo_c.blood-transfusion-service-center.0.H2OAutoML] Memory Usage: 30.8%
[MONITORING] [local.openml_t_359955.pygmo_c.blood-transfusion-service-center.0.H2OAutoML] Disk Usage: 43.2%
[MONITORING] [local.openml_t_359955.pygmo_c.blood-transfusion-service-center.0.H2OAutoML] CPU Utilization: 97.5%
[MONITORING] [local.openml_t_359955.pygmo_c.blood-transfusion-service-center.0.H2OAutoML] Memory Usage: 30.8%
[MONITORING] [local.openml_t_359955.pygmo_c.blood-transfusion-service-center.0.H2OAutoML] Disk Usage: 43.2%
[MONITORING] [local.openml_t_359955.pygmo_c.blood-transfusion-service-center.0.H2OAutoML] CPU Utilization: 97.5%
[MONITORING] [local.openml_t_359955.pygmo_c.blood-transfusion-service-center.0.H2OAutoML] Memory Usage: 33.5%
[MONITORING] [local.openml_t_359955.pygmo_c.blood-transfusion-service-center.0.H2OAutoML] Disk Usage: 43.2%
[MONITORING] [local.openml_t_359955.pygmo_c.blood-transfusion-service-center.0.H2OAutoML] CPU Utilization: 96.4%
[MONITORING] [local.openml_t_359955.pygmo_c.blood-transfusion-service-center.0.H2OAutoML] Memory Usage: 37.5%
[MONITORING] [local.openml_t_359955.pygmo_c.blood-transfusion-service-center.0.H2OAutoML] Disk Usage: 43.2%
[MONITORING] [local.openml_t_359955.pygmo_c.blood-transfusion-service-center.0.H2OAutoML] CPU Utilization: 97.0%
[MONITORING] [local.openml_t_359955.pygmo_c.blood-transfusion-service-center.0.H2OAutoML] Memory Usage: 44.1%
[MONITORING] [local.openml_t_359955.pygmo_c.blood-transfusion-service-center.0.H2OAutoML] Disk Usage: 43.2%
[MONITORING] [local.openml_t_359955.pygmo_c.blood-transfusion-service-center.0.H2OAutoML] CPU Utilization: 97.6%
[MONITORING] [local.openml_t_359955.pygmo_c.blood-transfusion-service-center.0.H2OAutoML] Memory Usage: 44.1%
[MONITORING] [local.openml_t_359955.pygmo_c.blood-transfusion-service-center.0.H2OAutoML] Disk Usage: 43.2%
[MONITORING] [local.openml_t_359955.pygmo_c.blood-transfusion-service-center.0.H2OAutoML] CPU Utilization: 97.6%
[MONITORING] [local.openml_t_359955.pygmo_c.blood-transfusion-service-center.0.H2OAutoML] Memory Usage: 44.3%
[MONITORING] [local.openml_t_359955.pygmo_c.blood-transfusion-service-center.0.H2OAutoML] Disk Usage: 43.2%
[MONITORING] [local.openml_t_359955.pygmo_c.blood-transfusion-service-center.0.H2OAutoML] CPU Utilization: 97.2%
[MONITORING] [local.openml_t_359955.pygmo_c.blood-transfusion-service-center.0.H2OAutoML] Memory Usage: 44.3%
[MONITORING] [local.openml_t_359955.pygmo_c.blood-transfusion-service-center.0.H2OAutoML] Disk Usage: 43.2%
[MONITORING] [local.openml_t_359955.pygmo_c.blood-transfusion-service-center.0.H2OAutoML] CPU Utilization: 95.6%
[MONITORING] [local.openml_t_359955.pygmo_c.blood-transfusion-service-center.0.H2OAutoML] Memory Usage: 44.3%
[MONITORING] [local.openml_t_359955.pygmo_c.blood-transfusion-service-center.0.H2OAutoML] Disk Usage: 43.2%
[MONITORING] [local.openml_t_359955.pygmo_c.blood-transfusion-service-center.0.H2OAutoML] CPU Utilization: 98.2%
[MONITORING] [local.openml_t_359955.pygmo_c.blood-transfusion-service-center.0.H2OAutoML] Memory Usage: 44.3%
[MONITORING] [local.openml_t_359955.pygmo_c.blood-transfusion-service-center.0.H2OAutoML] Disk Usage: 43.2%
[MONITORING] [local.openml_t_359955.pygmo_c.blood-transfusion-service-center.0.H2OAutoML] CPU Utilization: 98.6%
[MONITORING] [local.openml_t_359955.pygmo_c.blood-transfusion-service-center.0.H2OAutoML] Memory Usage: 44.3%
[MONITORING] [local.openml_t_359955.pygmo_c.blood-transfusion-service-center.0.H2OAutoML] Disk Usage: 43.2%
[MONITORING] [local.openml_t_359955.pygmo_c.blood-transfusion-service-center.0.H2OAutoML] CPU Utilization: 97.0%
[MONITORING] [local.openml_t_359955.pygmo_c.blood-transfusion-service-center.0.H2OAutoML] Memory Usage: 44.3%
[MONITORING] [local.openml_t_359955.pygmo_c.blood-transfusion-service-center.0.H2OAutoML] Disk Usage: 43.2%
[MONITORING] [local.openml_t_359955.pygmo_c.blood-transfusion-service-center.0.H2OAutoML] CPU Utilization: 96.4%
[MONITORING] [local.openml_t_359955.pygmo_c.blood-transfusion-service-center.0.H2OAutoML] Memory Usage: 44.3%
[MONITORING] [local.openml_t_359955.pygmo_c.blood-transfusion-service-center.0.H2OAutoML] Disk Usage: 43.2%
[MONITORING] [local.openml_t_359955.pygmo_c.blood-transfusion-service-center.0.H2OAutoML] CPU Utilization: 97.5%
[MONITORING] [local.openml_t_359955.pygmo_c.blood-transfusion-service-center.0.H2OAutoML] Memory Usage: 44.3%
[MONITORING] [local.openml_t_359955.pygmo_c.blood-transfusion-service-center.0.H2OAutoML] Disk Usage: 43.2%
[MONITORING] [local.openml_t_359955.pygmo_c.blood-transfusion-service-center.0.H2OAutoML] CPU Utilization: 97.1%
[MONITORING] [local.openml_t_359955.pygmo_c.blood-transfusion-service-center.0.H2OAutoML] Memory Usage: 44.4%
[MONITORING] [local.openml_t_359955.pygmo_c.blood-transfusion-service-center.0.H2OAutoML] Disk Usage: 43.2%
[MONITORING] [local.openml_t_359955.pygmo_c.blood-transfusion-service-center.0.H2OAutoML] CPU Utilization: 97.4%
[MONITORING] [local.openml_t_359955.pygmo_c.blood-transfusion-service-center.0.H2OAutoML] Memory Usage: 44.4%
[MONITORING] [local.openml_t_359955.pygmo_c.blood-transfusion-service-center.0.H2OAutoML] Disk Usage: 43.2%
[MONITORING] [local.openml_t_359955.pygmo_c.blood-transfusion-service-center.0.H2OAutoML] CPU Utilization: 97.1%
[MONITORING] [local.openml_t_359955.pygmo_c.blood-transfusion-service-center.0.H2OAutoML] Memory Usage: 44.5%
[MONITORING] [local.openml_t_359955.pygmo_c.blood-transfusion-service-center.0.H2OAutoML] Disk Usage: 43.2%
[MONITORING] [local.openml_t_359955.pygmo_c.blood-transfusion-service-center.0.H2OAutoML] CPU Utilization: 83.1%
[MONITORING] [local.openml_t_359955.pygmo_c.blood-transfusion-service-center.0.H2OAutoML] Memory Usage: 44.5%
[MONITORING] [local.openml_t_359955.pygmo_c.blood-transfusion-service-center.0.H2OAutoML] Disk Usage: 43.2%
[MONITORING] [local.openml_t_359955.pygmo_c.blood-transfusion-service-center.0.H2OAutoML] CPU Utilization: 97.9%
[MONITORING] [local.openml_t_359955.pygmo_c.blood-transfusion-service-center.0.H2OAutoML] Memory Usage: 44.5%
[MONITORING] [local.openml_t_359955.pygmo_c.blood-transfusion-service-center.0.H2OAutoML] Disk Usage: 43.2%
[MONITORING] [local.openml_t_359955.pygmo_c.blood-transfusion-service-center.0.H2OAutoML] CPU Utilization: 70.7%
[MONITORING] [local.openml_t_359955.pygmo_c.blood-transfusion-service-center.0.H2OAutoML] Memory Usage: 44.7%
[MONITORING] [local.openml_t_359955.pygmo_c.blood-transfusion-service-center.0.H2OAutoML] Disk Usage: 43.2%
AutoML progress: |███████████████████████████████████████████████████████████████| (done) 100%
deeplearning prediction progress: |██████████████████████████████████████████████| (done) 100%
H2O session _sid_9296 closed.



Predictions preview:
                       1                    2 predictions truth
0    0.2959752535650958   0.7040247464349042           2     2
1    0.8261263087986541  0.17387369120134583           1     2
2    0.6728477498520197  0.32715225014798033           2     2
3     0.791353733939118  0.20864626606088188           1     2
4    0.3861355777067124   0.6138644222932876           2     2
5    0.6233782410472736  0.37662175895272637           2     2
6    0.8408186127585892  0.15918138724141084           1     2
7    0.3386579926772748   0.6613420073227253           2     2
8    0.6916422697452765  0.30835773025472335           2     2
9     0.692889429700937    0.307110570299063           2     2
10   0.6513239242997972  0.34867607570020287           2     2
11  0.48838016928313843   0.5116198307168616           2     2
12   0.9329986668246688  0.06700133317533115           1     2
13   0.8138945492563728   0.1861054507436271           1     2
14   0.8589201300313392  0.14107986996866081           1     2
15     0.47443347256605   0.5255665274339499           2     2
16   0.8138945492563728   0.1861054507436271           1     2
17   0.8138945492563728   0.1861054507436271           1     2
18   0.8261263087986541  0.17387369120134583           1     1
19   0.8261263087986541  0.17387369120134583           1     1

Predictions saved to `/home/juradoi/experiments/automlbenchmark/results/h2oautoml.openml_t_359955.pygmo_c.local.20211209T220747/predictions/blood-transfusion-service-center/0/predictions.csv`.
Loading metadata from `/home/juradoi/experiments/automlbenchmark/results/h2oautoml.openml_t_359955.pygmo_c.local.20211209T220747/predictions/blood-transfusion-service-center/0/metadata.json`.
Loading predictions from `/home/juradoi/experiments/automlbenchmark/results/h2oautoml.openml_t_359955.pygmo_c.local.20211209T220747/predictions/blood-transfusion-service-center/0/predictions.csv`.
Metric scores: { 'acc': 0.7866666666666666,
  'app_version': 'dev [master, beef024]',
  'auc': 0.7353801169590644,
  'balacc': 0.7076023391812866,
  'constraint': 'pygmo_c',
  'duration': nan,
  'fold': 0,
  'framework': 'H2OAutoML',
  'id': 'openml.org/t/359955',
  'info': None,
  'logloss': 0.49056345273155066,
  'metric': 'auc',
  'mode': 'local',
  'models_count': 382,
  'params': '',
  'predict_duration': 0.11467313766479492,
  'result': 0.7353801169590644,
  'seed': 921694796,
  'task': 'blood-transfusion-service-center',
  'training_duration': 3407.0924201011658,
  'type': 'binary',
  'utc': '2021-12-09T23:04:44',
  'version': '3.34.0.3'}
Job `local.openml_t_359955.pygmo_c.blood-transfusion-service-center.0.H2OAutoML` executed in 3416.938 seconds.
All jobs executed in 3416.949 seconds.
[MONITORING] [local.openml_t_359955.pygmo_c.blood-transfusion-service-center.0.H2OAutoML] CPU Utilization: 45.0%
[MONITORING] [local.openml_t_359955.pygmo_c.blood-transfusion-service-center.0.H2OAutoML] Memory Usage: 2.1%
[MONITORING] [local.openml_t_359955.pygmo_c.blood-transfusion-service-center.0.H2OAutoML] Disk Usage: 43.2%
Processing results for h2oautoml.openml_t_359955.pygmo_c.local.20211209T220747
Scores saved to `/home/juradoi/experiments/automlbenchmark/results/h2oautoml.openml_t_359955.pygmo_c.local.20211209T220747/scores/H2OAutoML.benchmark_openml_t_359955.csv`.
Scores saved to `/home/juradoi/experiments/automlbenchmark/results/h2oautoml.openml_t_359955.pygmo_c.local.20211209T220747/scores/results.csv`.
Scores saved to `/home/juradoi/experiments/automlbenchmark/results/results.csv`.
Summing up scores for current run:
                 id                             task fold framework constraint  result metric  duration      seed
openml.org/t/359955 blood-transfusion-service-center    0 H2OAutoML    pygmo_c 0.73538    auc    3416.9 921694796
