/var/spool/slurm/slurmd/job8494802/slurm_script: line 8: activate: No such file or directory
Running benchmark `H2OAutoML` on `openml/t/359966` framework in `local` mode.
Loading frameworks definitions from ['/home/juradoi/experiments/automlbenchmark/resources/frameworks.yaml'].
Loading benchmark constraint definitions from ['/home/juradoi/experiments/automlbenchmark/resources/constraints.yaml'].
Loading openml task 359966.

-------------------------------------------------------------------------------
Starting job local.openml_t_359966.pygmo_c.Internet-Advertisements.0.H2OAutoML.
Assigning 16 cores (total=16) for new task Internet-Advertisements.
Assigning 91132 MB (total=95302 MB) for new Internet-Advertisements task.
[MONITORING] [local.openml_t_359966.pygmo_c.Internet-Advertisements.0.H2OAutoML] CPU Utilization: 18.7%
[MONITORING] [local.openml_t_359966.pygmo_c.Internet-Advertisements.0.H2OAutoML] Memory Usage: 2.2%
[MONITORING] [local.openml_t_359966.pygmo_c.Internet-Advertisements.0.H2OAutoML] Disk Usage: 43.2%
Running task Internet-Advertisements on framework H2OAutoML with config:
TaskConfig({})
Running cmd `/home/juradoi/experiments/automlbenchmark/frameworks/H2OAutoML/venv/bin/python -W ignore /home/juradoi/experiments/automlbenchmark/frameworks/H2OAutoML/exec.py`
INFO:__main__:
**** H2O AutoML [v3.34.0.3] ****

INFO:__main__:Starting H2O cluster with 16 cores, 60755M memory.
Checking whether there is an H2O instance running at http://localhost:10023 ..... not found.
Attempting to start a local H2O server...
  Java Version: openjdk version "11.0.12" 2021-07-20; OpenJDK Runtime Environment (build 11.0.12+7-post-Debian-2deb10u1); OpenJDK 64-Bit Server VM (build 11.0.12+7-post-Debian-2deb10u1, mixed mode, sharing)
  Starting server from /home/juradoi/experiments/automlbenchmark/frameworks/H2OAutoML/venv/lib/python3.8/site-packages/h2o/backend/bin/h2o.jar
  Ice root: /tmp/tmpqxed8fhw
  JVM stdout: /tmp/tmpqxed8fhw/h2o_unknownUser_started_from_python.out
  JVM stderr: /tmp/tmpqxed8fhw/h2o_unknownUser_started_from_python.err
  Server is running at http://127.0.0.1:10023
Connecting to H2O server at http://127.0.0.1:10023 ... successful.
--------------------------  ------------------------------------------------------------------
H2O_cluster_uptime:         01 secs
H2O_cluster_timezone:       Europe/Amsterdam
H2O_data_parsing_timezone:  UTC
H2O_cluster_version:        3.34.0.3
H2O_cluster_version_age:    2 months and 2 days
H2O_cluster_name:           H2O_from_python_unknownUser_se47mo
H2O_cluster_total_nodes:    1
H2O_cluster_free_memory:    59.34 Gb
H2O_cluster_total_cores:    16
H2O_cluster_allowed_cores:  16
H2O_cluster_status:         locked, healthy
H2O_connection_url:         http://127.0.0.1:10023
H2O_connection_proxy:       {"http": null, "https": null}
H2O_internal_security:      False
H2O_API_Extensions:         Amazon S3, XGBoost, Algos, AutoML, Core V3, TargetEncoder, Core V4
Python_version:             3.8.12 final
--------------------------  ------------------------------------------------------------------
Parse progress: |████████████████████████████████████████████████████████████████| (done) 100%
Parse progress: |████████████████████████████████████████████████████████████████| (done) 100%
INFO:__main__:Running model on task Internet-Advertisements, fold 0.
[MONITORING] [local.openml_t_359966.pygmo_c.Internet-Advertisements.0.H2OAutoML] CPU Utilization: 74.6%
[MONITORING] [local.openml_t_359966.pygmo_c.Internet-Advertisements.0.H2OAutoML] Memory Usage: 49.7%
[MONITORING] [local.openml_t_359966.pygmo_c.Internet-Advertisements.0.H2OAutoML] Disk Usage: 43.2%
[MONITORING] [local.openml_t_359966.pygmo_c.Internet-Advertisements.0.H2OAutoML] CPU Utilization: 72.2%
[MONITORING] [local.openml_t_359966.pygmo_c.Internet-Advertisements.0.H2OAutoML] Memory Usage: 49.8%
[MONITORING] [local.openml_t_359966.pygmo_c.Internet-Advertisements.0.H2OAutoML] Disk Usage: 43.2%
[MONITORING] [local.openml_t_359966.pygmo_c.Internet-Advertisements.0.H2OAutoML] CPU Utilization: 73.8%
[MONITORING] [local.openml_t_359966.pygmo_c.Internet-Advertisements.0.H2OAutoML] Memory Usage: 50.6%
[MONITORING] [local.openml_t_359966.pygmo_c.Internet-Advertisements.0.H2OAutoML] Disk Usage: 43.2%
[MONITORING] [local.openml_t_359966.pygmo_c.Internet-Advertisements.0.H2OAutoML] CPU Utilization: 73.8%
[MONITORING] [local.openml_t_359966.pygmo_c.Internet-Advertisements.0.H2OAutoML] Memory Usage: 50.7%
[MONITORING] [local.openml_t_359966.pygmo_c.Internet-Advertisements.0.H2OAutoML] Disk Usage: 43.2%
[MONITORING] [local.openml_t_359966.pygmo_c.Internet-Advertisements.0.H2OAutoML] CPU Utilization: 77.4%
[MONITORING] [local.openml_t_359966.pygmo_c.Internet-Advertisements.0.H2OAutoML] Memory Usage: 50.7%
[MONITORING] [local.openml_t_359966.pygmo_c.Internet-Advertisements.0.H2OAutoML] Disk Usage: 43.2%
[MONITORING] [local.openml_t_359966.pygmo_c.Internet-Advertisements.0.H2OAutoML] CPU Utilization: 80.5%
[MONITORING] [local.openml_t_359966.pygmo_c.Internet-Advertisements.0.H2OAutoML] Memory Usage: 51.1%
[MONITORING] [local.openml_t_359966.pygmo_c.Internet-Advertisements.0.H2OAutoML] Disk Usage: 43.2%
[MONITORING] [local.openml_t_359966.pygmo_c.Internet-Advertisements.0.H2OAutoML] CPU Utilization: 85.7%
[MONITORING] [local.openml_t_359966.pygmo_c.Internet-Advertisements.0.H2OAutoML] Memory Usage: 51.1%
[MONITORING] [local.openml_t_359966.pygmo_c.Internet-Advertisements.0.H2OAutoML] Disk Usage: 43.2%
[MONITORING] [local.openml_t_359966.pygmo_c.Internet-Advertisements.0.H2OAutoML] CPU Utilization: 84.8%
[MONITORING] [local.openml_t_359966.pygmo_c.Internet-Advertisements.0.H2OAutoML] Memory Usage: 51.2%
[MONITORING] [local.openml_t_359966.pygmo_c.Internet-Advertisements.0.H2OAutoML] Disk Usage: 43.2%
[MONITORING] [local.openml_t_359966.pygmo_c.Internet-Advertisements.0.H2OAutoML] CPU Utilization: 80.9%
[MONITORING] [local.openml_t_359966.pygmo_c.Internet-Advertisements.0.H2OAutoML] Memory Usage: 51.4%
[MONITORING] [local.openml_t_359966.pygmo_c.Internet-Advertisements.0.H2OAutoML] Disk Usage: 43.2%
[MONITORING] [local.openml_t_359966.pygmo_c.Internet-Advertisements.0.H2OAutoML] CPU Utilization: 81.5%
[MONITORING] [local.openml_t_359966.pygmo_c.Internet-Advertisements.0.H2OAutoML] Memory Usage: 51.5%
[MONITORING] [local.openml_t_359966.pygmo_c.Internet-Advertisements.0.H2OAutoML] Disk Usage: 43.2%
[MONITORING] [local.openml_t_359966.pygmo_c.Internet-Advertisements.0.H2OAutoML] CPU Utilization: 85.7%
[MONITORING] [local.openml_t_359966.pygmo_c.Internet-Advertisements.0.H2OAutoML] Memory Usage: 51.8%
[MONITORING] [local.openml_t_359966.pygmo_c.Internet-Advertisements.0.H2OAutoML] Disk Usage: 43.2%
[MONITORING] [local.openml_t_359966.pygmo_c.Internet-Advertisements.0.H2OAutoML] CPU Utilization: 82.1%
[MONITORING] [local.openml_t_359966.pygmo_c.Internet-Advertisements.0.H2OAutoML] Memory Usage: 51.5%
[MONITORING] [local.openml_t_359966.pygmo_c.Internet-Advertisements.0.H2OAutoML] Disk Usage: 43.2%
[MONITORING] [local.openml_t_359966.pygmo_c.Internet-Advertisements.0.H2OAutoML] CPU Utilization: 83.2%
[MONITORING] [local.openml_t_359966.pygmo_c.Internet-Advertisements.0.H2OAutoML] Memory Usage: 51.9%
[MONITORING] [local.openml_t_359966.pygmo_c.Internet-Advertisements.0.H2OAutoML] Disk Usage: 43.2%
[MONITORING] [local.openml_t_359966.pygmo_c.Internet-Advertisements.0.H2OAutoML] CPU Utilization: 82.7%
[MONITORING] [local.openml_t_359966.pygmo_c.Internet-Advertisements.0.H2OAutoML] Memory Usage: 51.9%
[MONITORING] [local.openml_t_359966.pygmo_c.Internet-Advertisements.0.H2OAutoML] Disk Usage: 43.2%
[MONITORING] [local.openml_t_359966.pygmo_c.Internet-Advertisements.0.H2OAutoML] CPU Utilization: 82.0%
[MONITORING] [local.openml_t_359966.pygmo_c.Internet-Advertisements.0.H2OAutoML] Memory Usage: 52.1%
[MONITORING] [local.openml_t_359966.pygmo_c.Internet-Advertisements.0.H2OAutoML] Disk Usage: 43.2%
[MONITORING] [local.openml_t_359966.pygmo_c.Internet-Advertisements.0.H2OAutoML] CPU Utilization: 84.2%
[MONITORING] [local.openml_t_359966.pygmo_c.Internet-Advertisements.0.H2OAutoML] Memory Usage: 52.6%
[MONITORING] [local.openml_t_359966.pygmo_c.Internet-Advertisements.0.H2OAutoML] Disk Usage: 43.2%
[MONITORING] [local.openml_t_359966.pygmo_c.Internet-Advertisements.0.H2OAutoML] CPU Utilization: 83.6%
[MONITORING] [local.openml_t_359966.pygmo_c.Internet-Advertisements.0.H2OAutoML] Memory Usage: 52.8%
[MONITORING] [local.openml_t_359966.pygmo_c.Internet-Advertisements.0.H2OAutoML] Disk Usage: 43.2%
[MONITORING] [local.openml_t_359966.pygmo_c.Internet-Advertisements.0.H2OAutoML] CPU Utilization: 83.3%
[MONITORING] [local.openml_t_359966.pygmo_c.Internet-Advertisements.0.H2OAutoML] Memory Usage: 53.1%
[MONITORING] [local.openml_t_359966.pygmo_c.Internet-Advertisements.0.H2OAutoML] Disk Usage: 43.2%
[MONITORING] [local.openml_t_359966.pygmo_c.Internet-Advertisements.0.H2OAutoML] CPU Utilization: 84.8%
[MONITORING] [local.openml_t_359966.pygmo_c.Internet-Advertisements.0.H2OAutoML] Memory Usage: 52.7%
[MONITORING] [local.openml_t_359966.pygmo_c.Internet-Advertisements.0.H2OAutoML] Disk Usage: 43.2%
[MONITORING] [local.openml_t_359966.pygmo_c.Internet-Advertisements.0.H2OAutoML] CPU Utilization: 85.2%
[MONITORING] [local.openml_t_359966.pygmo_c.Internet-Advertisements.0.H2OAutoML] Memory Usage: 52.7%
[MONITORING] [local.openml_t_359966.pygmo_c.Internet-Advertisements.0.H2OAutoML] Disk Usage: 43.2%
[MONITORING] [local.openml_t_359966.pygmo_c.Internet-Advertisements.0.H2OAutoML] CPU Utilization: 84.8%
[MONITORING] [local.openml_t_359966.pygmo_c.Internet-Advertisements.0.H2OAutoML] Memory Usage: 53.1%
[MONITORING] [local.openml_t_359966.pygmo_c.Internet-Advertisements.0.H2OAutoML] Disk Usage: 43.2%
[MONITORING] [local.openml_t_359966.pygmo_c.Internet-Advertisements.0.H2OAutoML] CPU Utilization: 88.6%
[MONITORING] [local.openml_t_359966.pygmo_c.Internet-Advertisements.0.H2OAutoML] Memory Usage: 53.1%
[MONITORING] [local.openml_t_359966.pygmo_c.Internet-Advertisements.0.H2OAutoML] Disk Usage: 43.2%
[MONITORING] [local.openml_t_359966.pygmo_c.Internet-Advertisements.0.H2OAutoML] CPU Utilization: 85.6%
[MONITORING] [local.openml_t_359966.pygmo_c.Internet-Advertisements.0.H2OAutoML] Memory Usage: 53.3%
[MONITORING] [local.openml_t_359966.pygmo_c.Internet-Advertisements.0.H2OAutoML] Disk Usage: 43.2%
[MONITORING] [local.openml_t_359966.pygmo_c.Internet-Advertisements.0.H2OAutoML] CPU Utilization: 83.3%
[MONITORING] [local.openml_t_359966.pygmo_c.Internet-Advertisements.0.H2OAutoML] Memory Usage: 53.3%
[MONITORING] [local.openml_t_359966.pygmo_c.Internet-Advertisements.0.H2OAutoML] Disk Usage: 43.2%
[MONITORING] [local.openml_t_359966.pygmo_c.Internet-Advertisements.0.H2OAutoML] CPU Utilization: 86.4%
[MONITORING] [local.openml_t_359966.pygmo_c.Internet-Advertisements.0.H2OAutoML] Memory Usage: 53.3%
[MONITORING] [local.openml_t_359966.pygmo_c.Internet-Advertisements.0.H2OAutoML] Disk Usage: 43.2%
[MONITORING] [local.openml_t_359966.pygmo_c.Internet-Advertisements.0.H2OAutoML] CPU Utilization: 88.5%
[MONITORING] [local.openml_t_359966.pygmo_c.Internet-Advertisements.0.H2OAutoML] Memory Usage: 55.8%
[MONITORING] [local.openml_t_359966.pygmo_c.Internet-Advertisements.0.H2OAutoML] Disk Usage: 43.2%
[MONITORING] [local.openml_t_359966.pygmo_c.Internet-Advertisements.0.H2OAutoML] CPU Utilization: 90.9%
[MONITORING] [local.openml_t_359966.pygmo_c.Internet-Advertisements.0.H2OAutoML] Memory Usage: 57.3%
[MONITORING] [local.openml_t_359966.pygmo_c.Internet-Advertisements.0.H2OAutoML] Disk Usage: 43.2%
[MONITORING] [local.openml_t_359966.pygmo_c.Internet-Advertisements.0.H2OAutoML] CPU Utilization: 91.0%
[MONITORING] [local.openml_t_359966.pygmo_c.Internet-Advertisements.0.H2OAutoML] Memory Usage: 57.3%
[MONITORING] [local.openml_t_359966.pygmo_c.Internet-Advertisements.0.H2OAutoML] Disk Usage: 43.2%
[MONITORING] [local.openml_t_359966.pygmo_c.Internet-Advertisements.0.H2OAutoML] CPU Utilization: 88.9%
[MONITORING] [local.openml_t_359966.pygmo_c.Internet-Advertisements.0.H2OAutoML] Memory Usage: 57.4%
[MONITORING] [local.openml_t_359966.pygmo_c.Internet-Advertisements.0.H2OAutoML] Disk Usage: 43.2%
[MONITORING] [local.openml_t_359966.pygmo_c.Internet-Advertisements.0.H2OAutoML] CPU Utilization: 80.5%
[MONITORING] [local.openml_t_359966.pygmo_c.Internet-Advertisements.0.H2OAutoML] Memory Usage: 57.5%
[MONITORING] [local.openml_t_359966.pygmo_c.Internet-Advertisements.0.H2OAutoML] Disk Usage: 43.2%
AutoML progress: |███████████████████████████████████████████████████████████████| (done) 100%
stackedensemble prediction progress: |███████████████████████████████████████████| (done) 100%
H2O session _sid_b42c closed.



Predictions preview:
                       ad                   noad predictions truth
0     0.9998810841432577   1.189158567423382E-4          ad    ad
1     0.9938678548596148   0.006132145140385214          ad    ad
2     0.9989370985458219  0.0010629014541781012          ad    ad
3      0.942366169489311    0.05763383051068904          ad    ad
4      0.507107082122163     0.4928929178778369          ad    ad
5      0.425243192456061      0.574756807543939          ad    ad
6   0.025616444486900036        0.9743835555131        noad    ad
7      0.997459781245426  0.0025402187545740113          ad    ad
8     0.9997426621210828   2.573378789172785E-4          ad    ad
9     0.9994146949652283   5.853050347717624E-4          ad    ad
10    0.9998484699231501  1.5153007684986751E-4          ad    ad
11    0.9997195864641247  2.8041353587526975E-4          ad    ad
12    0.9998857737735553  1.1422622644470408E-4          ad    ad
13    0.9998934070943957  1.0659290560436554E-4          ad    ad
14    0.9998005071902906   1.994928097093918E-4          ad    ad
15    0.8596361638300399    0.14036383616996007          ad    ad
16    0.9708567033724415   0.029143296627558535          ad    ad
17    0.5251143745222021     0.4748856254777979          ad    ad
18    0.9989773370496411  0.0010226629503588777          ad    ad
19    0.9995612738239535   4.387261760464849E-4          ad    ad

Predictions saved to `/home/juradoi/experiments/automlbenchmark/results/h2oautoml.openml_t_359966.pygmo_c.local.20211210T012557/predictions/Internet-Advertisements/0/predictions.csv`.
Loading metadata from `/home/juradoi/experiments/automlbenchmark/results/h2oautoml.openml_t_359966.pygmo_c.local.20211210T012557/predictions/Internet-Advertisements/0/metadata.json`.
Loading predictions from `/home/juradoi/experiments/automlbenchmark/results/h2oautoml.openml_t_359966.pygmo_c.local.20211210T012557/predictions/Internet-Advertisements/0/predictions.csv`.
Metric scores: { 'acc': 0.9725609756097561,
  'app_version': 'dev [master, beef024]',
  'auc': 0.9771045328399629,
  'balacc': 0.9476564909034844,
  'constraint': 'pygmo_c',
  'duration': nan,
  'fold': 0,
  'framework': 'H2OAutoML',
  'id': 'openml.org/t/359966',
  'info': None,
  'logloss': 0.09388973623093481,
  'metric': 'auc',
  'mode': 'local',
  'models_count': 133,
  'params': '',
  'predict_duration': 0.5480337142944336,
  'result': 0.9771045328399629,
  'seed': 1645834808,
  'task': 'Internet-Advertisements',
  'training_duration': 3601.599189519882,
  'type': 'binary',
  'utc': '2021-12-10T02:26:11',
  'version': '3.34.0.3'}
Job `local.openml_t_359966.pygmo_c.Internet-Advertisements.0.H2OAutoML` executed in 3614.448 seconds.
All jobs executed in 3614.460 seconds.
[MONITORING] [local.openml_t_359966.pygmo_c.Internet-Advertisements.0.H2OAutoML] CPU Utilization: 50.6%
[MONITORING] [local.openml_t_359966.pygmo_c.Internet-Advertisements.0.H2OAutoML] Memory Usage: 2.2%
[MONITORING] [local.openml_t_359966.pygmo_c.Internet-Advertisements.0.H2OAutoML] Disk Usage: 43.2%
Processing results for h2oautoml.openml_t_359966.pygmo_c.local.20211210T012557
Scores saved to `/home/juradoi/experiments/automlbenchmark/results/h2oautoml.openml_t_359966.pygmo_c.local.20211210T012557/scores/H2OAutoML.benchmark_openml_t_359966.csv`.
Scores saved to `/home/juradoi/experiments/automlbenchmark/results/h2oautoml.openml_t_359966.pygmo_c.local.20211210T012557/scores/results.csv`.
Scores saved to `/home/juradoi/experiments/automlbenchmark/results/results.csv`.
Summing up scores for current run:
                 id                    task fold framework constraint   result metric  duration       seed
openml.org/t/359966 Internet-Advertisements    0 H2OAutoML    pygmo_c 0.977105    auc    3614.4 1645834808
