/var/spool/slurm/slurmd/job8497055/slurm_script: line 8: activate: No such file or directory
Running benchmark `H2OAutoML` on `openml/t/360112` framework in `local` mode.
Loading frameworks definitions from ['/home/juradoi/experiments/automlbenchmark/resources/frameworks.yaml'].
Loading benchmark constraint definitions from ['/home/juradoi/experiments/automlbenchmark/resources/constraints.yaml'].
Loading openml task 360112.

----------------------------------------------------------------
Starting job local.openml_t_360112.pygmo_c.KDDCup99.0.H2OAutoML.
[MONITORING] [local.openml_t_360112.pygmo_c.KDDCup99.0.H2OAutoML] CPU Utilization: 18.7%
Assigning 16 cores (total=16) for new task KDDCup99.
[MONITORING] [local.openml_t_360112.pygmo_c.KDDCup99.0.H2OAutoML] Memory Usage: 2.2%
Assigning 91125 MB (total=95302 MB) for new KDDCup99 task.
[MONITORING] [local.openml_t_360112.pygmo_c.KDDCup99.0.H2OAutoML] Disk Usage: 45.3%
Running task KDDCup99 on framework H2OAutoML with config:
TaskConfig({})
[MONITORING] [local.openml_t_360112.pygmo_c.KDDCup99.0.H2OAutoML] CPU Utilization: 7.4%
[MONITORING] [local.openml_t_360112.pygmo_c.KDDCup99.0.H2OAutoML] Memory Usage: 9.2%
[MONITORING] [local.openml_t_360112.pygmo_c.KDDCup99.0.H2OAutoML] Disk Usage: 45.3%
Running cmd `/home/juradoi/experiments/automlbenchmark/frameworks/H2OAutoML/venv/bin/python -W ignore /home/juradoi/experiments/automlbenchmark/frameworks/H2OAutoML/exec.py`
INFO:__main__:
**** H2O AutoML [v3.34.0.3] ****

INFO:__main__:Starting H2O cluster with 16 cores, 60750M memory.
Checking whether there is an H2O instance running at http://localhost:14575 ..... not found.
Attempting to start a local H2O server...
  Java Version: openjdk version "11.0.12" 2021-07-20; OpenJDK Runtime Environment (build 11.0.12+7-post-Debian-2deb10u1); OpenJDK 64-Bit Server VM (build 11.0.12+7-post-Debian-2deb10u1, mixed mode, sharing)
  Starting server from /home/juradoi/experiments/automlbenchmark/frameworks/H2OAutoML/venv/lib/python3.8/site-packages/h2o/backend/bin/h2o.jar
  Ice root: /tmp/tmpya5ijkyv
  JVM stdout: /tmp/tmpya5ijkyv/h2o_unknownUser_started_from_python.out
  JVM stderr: /tmp/tmpya5ijkyv/h2o_unknownUser_started_from_python.err
  Server is running at http://127.0.0.1:14575
Connecting to H2O server at http://127.0.0.1:14575 ... successful.
--------------------------  ------------------------------------------------------------------
H2O_cluster_uptime:         01 secs
H2O_cluster_timezone:       Europe/Amsterdam
H2O_data_parsing_timezone:  UTC
H2O_cluster_version:        3.34.0.3
H2O_cluster_version_age:    2 months and 2 days
H2O_cluster_name:           H2O_from_python_unknownUser_1frldz
H2O_cluster_total_nodes:    1
H2O_cluster_free_memory:    59.33 Gb
H2O_cluster_total_cores:    16
H2O_cluster_allowed_cores:  16
H2O_cluster_status:         locked, healthy
H2O_connection_url:         http://127.0.0.1:14575
H2O_connection_proxy:       {"http": null, "https": null}
H2O_internal_security:      False
H2O_API_Extensions:         Amazon S3, XGBoost, Algos, AutoML, Core V3, TargetEncoder, Core V4
Python_version:             3.8.12 final
--------------------------  ------------------------------------------------------------------
Parse progress: |████████████████████████████████████████████████████████████████| (done) 100%
Parse progress: |████████████████████████████████████████████████████████████████| (done) 100%
INFO:__main__:Running model on task KDDCup99, fold 0.
[MONITORING] [local.openml_t_360112.pygmo_c.KDDCup99.0.H2OAutoML] CPU Utilization: 11.8%
[MONITORING] [local.openml_t_360112.pygmo_c.KDDCup99.0.H2OAutoML] Memory Usage: 10.9%
[MONITORING] [local.openml_t_360112.pygmo_c.KDDCup99.0.H2OAutoML] Disk Usage: 45.3%
[MONITORING] [local.openml_t_360112.pygmo_c.KDDCup99.0.H2OAutoML] CPU Utilization: 79.3%
[MONITORING] [local.openml_t_360112.pygmo_c.KDDCup99.0.H2OAutoML] Memory Usage: 48.8%
[MONITORING] [local.openml_t_360112.pygmo_c.KDDCup99.0.H2OAutoML] Disk Usage: 45.3%
[MONITORING] [local.openml_t_360112.pygmo_c.KDDCup99.0.H2OAutoML] CPU Utilization: 79.6%
[MONITORING] [local.openml_t_360112.pygmo_c.KDDCup99.0.H2OAutoML] Memory Usage: 49.9%
[MONITORING] [local.openml_t_360112.pygmo_c.KDDCup99.0.H2OAutoML] Disk Usage: 45.3%
[MONITORING] [local.openml_t_360112.pygmo_c.KDDCup99.0.H2OAutoML] CPU Utilization: 78.0%
[MONITORING] [local.openml_t_360112.pygmo_c.KDDCup99.0.H2OAutoML] Memory Usage: 51.1%
[MONITORING] [local.openml_t_360112.pygmo_c.KDDCup99.0.H2OAutoML] Disk Usage: 45.3%
[MONITORING] [local.openml_t_360112.pygmo_c.KDDCup99.0.H2OAutoML] CPU Utilization: 79.2%
[MONITORING] [local.openml_t_360112.pygmo_c.KDDCup99.0.H2OAutoML] Memory Usage: 51.1%
[MONITORING] [local.openml_t_360112.pygmo_c.KDDCup99.0.H2OAutoML] Disk Usage: 45.3%
[MONITORING] [local.openml_t_360112.pygmo_c.KDDCup99.0.H2OAutoML] CPU Utilization: 69.1%
[MONITORING] [local.openml_t_360112.pygmo_c.KDDCup99.0.H2OAutoML] Memory Usage: 49.1%
[MONITORING] [local.openml_t_360112.pygmo_c.KDDCup99.0.H2OAutoML] Disk Usage: 45.3%
[MONITORING] [local.openml_t_360112.pygmo_c.KDDCup99.0.H2OAutoML] CPU Utilization: 55.7%
[MONITORING] [local.openml_t_360112.pygmo_c.KDDCup99.0.H2OAutoML] Memory Usage: 49.2%
[MONITORING] [local.openml_t_360112.pygmo_c.KDDCup99.0.H2OAutoML] Disk Usage: 45.3%
[MONITORING] [local.openml_t_360112.pygmo_c.KDDCup99.0.H2OAutoML] CPU Utilization: 59.1%
[MONITORING] [local.openml_t_360112.pygmo_c.KDDCup99.0.H2OAutoML] Memory Usage: 52.0%
[MONITORING] [local.openml_t_360112.pygmo_c.KDDCup99.0.H2OAutoML] Disk Usage: 45.3%
[MONITORING] [local.openml_t_360112.pygmo_c.KDDCup99.0.H2OAutoML] CPU Utilization: 52.8%
[MONITORING] [local.openml_t_360112.pygmo_c.KDDCup99.0.H2OAutoML] Memory Usage: 53.0%
[MONITORING] [local.openml_t_360112.pygmo_c.KDDCup99.0.H2OAutoML] Disk Usage: 45.3%
[MONITORING] [local.openml_t_360112.pygmo_c.KDDCup99.0.H2OAutoML] CPU Utilization: 55.3%
[MONITORING] [local.openml_t_360112.pygmo_c.KDDCup99.0.H2OAutoML] Memory Usage: 53.7%
[MONITORING] [local.openml_t_360112.pygmo_c.KDDCup99.0.H2OAutoML] Disk Usage: 45.3%
AutoML progress: |████████████████████
09:21:36.604: GLM_1_AutoML_1_20211210_90321 [GLM def_1] failed: java.lang.ArrayIndexOutOfBoundsException: Index 123 out of bounds for length 123

[MONITORING] [local.openml_t_360112.pygmo_c.KDDCup99.0.H2OAutoML] CPU Utilization: 97.3%
[MONITORING] [local.openml_t_360112.pygmo_c.KDDCup99.0.H2OAutoML] Memory Usage: 53.0%
[MONITORING] [local.openml_t_360112.pygmo_c.KDDCup99.0.H2OAutoML] Disk Usage: 45.3%
[MONITORING] [local.openml_t_360112.pygmo_c.KDDCup99.0.H2OAutoML] CPU Utilization: 99.0%
[MONITORING] [local.openml_t_360112.pygmo_c.KDDCup99.0.H2OAutoML] Memory Usage: 53.8%
[MONITORING] [local.openml_t_360112.pygmo_c.KDDCup99.0.H2OAutoML] Disk Usage: 45.3%
[MONITORING] [local.openml_t_360112.pygmo_c.KDDCup99.0.H2OAutoML] CPU Utilization: 98.9%
[MONITORING] [local.openml_t_360112.pygmo_c.KDDCup99.0.H2OAutoML] Memory Usage: 55.1%
[MONITORING] [local.openml_t_360112.pygmo_c.KDDCup99.0.H2OAutoML] Disk Usage: 45.3%
[MONITORING] [local.openml_t_360112.pygmo_c.KDDCup99.0.H2OAutoML] CPU Utilization: 99.1%
[MONITORING] [local.openml_t_360112.pygmo_c.KDDCup99.0.H2OAutoML] Memory Usage: 55.1%
[MONITORING] [local.openml_t_360112.pygmo_c.KDDCup99.0.H2OAutoML] Disk Usage: 45.3%
