/var/spool/slurm/slurmd/job8493655/slurm_script: line 8: activate: No such file or directory
Running benchmark `H2OAutoML` on `openml/t/168911` framework in `local` mode.
Loading frameworks definitions from ['/home/juradoi/experiments/automlbenchmark/resources/frameworks.yaml'].
Loading benchmark constraint definitions from ['/home/juradoi/experiments/automlbenchmark/resources/constraints.yaml'].
Loading openml task 168911.

---------------------------------------------------------------
Starting job local.openml_t_168911.pygmo_c.jasmine.0.H2OAutoML.
Assigning 16 cores (total=16) for new task jasmine.
Assigning 91340 MB (total=95302 MB) for new jasmine task.
[MONITORING] [local.openml_t_168911.pygmo_c.jasmine.0.H2OAutoML] CPU Utilization: 18.3%
[MONITORING] [local.openml_t_168911.pygmo_c.jasmine.0.H2OAutoML] Memory Usage: 2.0%
[MONITORING] [local.openml_t_168911.pygmo_c.jasmine.0.H2OAutoML] Disk Usage: 43.2%
Running task jasmine on framework H2OAutoML with config:
TaskConfig({})
Running cmd `/home/juradoi/experiments/automlbenchmark/frameworks/H2OAutoML/venv/bin/python -W ignore /home/juradoi/experiments/automlbenchmark/frameworks/H2OAutoML/exec.py`
INFO:__main__:
**** H2O AutoML [v3.34.0.3] ****

INFO:__main__:Starting H2O cluster with 16 cores, 60893M memory.
Checking whether there is an H2O instance running at http://localhost:21717 ..... not found.
Attempting to start a local H2O server...
  Java Version: openjdk version "11.0.12" 2021-07-20; OpenJDK Runtime Environment (build 11.0.12+7-post-Debian-2deb10u1); OpenJDK 64-Bit Server VM (build 11.0.12+7-post-Debian-2deb10u1, mixed mode, sharing)
  Starting server from /home/juradoi/experiments/automlbenchmark/frameworks/H2OAutoML/venv/lib/python3.8/site-packages/h2o/backend/bin/h2o.jar
  Ice root: /tmp/tmprchn9fp0
  JVM stdout: /tmp/tmprchn9fp0/h2o_unknownUser_started_from_python.out
  JVM stderr: /tmp/tmprchn9fp0/h2o_unknownUser_started_from_python.err
  Server is running at http://127.0.0.1:21717
Connecting to H2O server at http://127.0.0.1:21717 ... successful.
--------------------------  ------------------------------------------------------------------
H2O_cluster_uptime:         01 secs
H2O_cluster_timezone:       Europe/Amsterdam
H2O_data_parsing_timezone:  UTC
H2O_cluster_version:        3.34.0.3
H2O_cluster_version_age:    2 months and 2 days
H2O_cluster_name:           H2O_from_python_unknownUser_f0b2i9
H2O_cluster_total_nodes:    1
H2O_cluster_free_memory:    59.47 Gb
H2O_cluster_total_cores:    16
H2O_cluster_allowed_cores:  16
H2O_cluster_status:         locked, healthy
H2O_connection_url:         http://127.0.0.1:21717
H2O_connection_proxy:       {"http": null, "https": null}
H2O_internal_security:      False
H2O_API_Extensions:         Amazon S3, XGBoost, Algos, AutoML, Core V3, TargetEncoder, Core V4
Python_version:             3.8.12 final
--------------------------  ------------------------------------------------------------------
Parse progress: |████████████████████████████████████████████████████████████████| (done) 100%
Parse progress: |████████████████████████████████████████████████████████████████| (done) 100%
Parse progress: |████████████████████████████████████████████████████████████████| (done) 100%
INFO:__main__:Running model on task jasmine, fold 0.
[MONITORING] [local.openml_t_168911.pygmo_c.jasmine.0.H2OAutoML] CPU Utilization: 54.8%
[MONITORING] [local.openml_t_168911.pygmo_c.jasmine.0.H2OAutoML] Memory Usage: 36.1%
[MONITORING] [local.openml_t_168911.pygmo_c.jasmine.0.H2OAutoML] Disk Usage: 43.2%
[MONITORING] [local.openml_t_168911.pygmo_c.jasmine.0.H2OAutoML] CPU Utilization: 73.4%
[MONITORING] [local.openml_t_168911.pygmo_c.jasmine.0.H2OAutoML] Memory Usage: 45.4%
[MONITORING] [local.openml_t_168911.pygmo_c.jasmine.0.H2OAutoML] Disk Usage: 43.2%
[MONITORING] [local.openml_t_168911.pygmo_c.jasmine.0.H2OAutoML] CPU Utilization: 91.5%
[MONITORING] [local.openml_t_168911.pygmo_c.jasmine.0.H2OAutoML] Memory Usage: 45.3%
[MONITORING] [local.openml_t_168911.pygmo_c.jasmine.0.H2OAutoML] Disk Usage: 43.2%
[MONITORING] [local.openml_t_168911.pygmo_c.jasmine.0.H2OAutoML] CPU Utilization: 90.6%
[MONITORING] [local.openml_t_168911.pygmo_c.jasmine.0.H2OAutoML] Memory Usage: 45.4%
[MONITORING] [local.openml_t_168911.pygmo_c.jasmine.0.H2OAutoML] Disk Usage: 43.2%
[MONITORING] [local.openml_t_168911.pygmo_c.jasmine.0.H2OAutoML] CPU Utilization: 90.6%
[MONITORING] [local.openml_t_168911.pygmo_c.jasmine.0.H2OAutoML] Memory Usage: 45.4%
[MONITORING] [local.openml_t_168911.pygmo_c.jasmine.0.H2OAutoML] Disk Usage: 43.2%
[MONITORING] [local.openml_t_168911.pygmo_c.jasmine.0.H2OAutoML] CPU Utilization: 89.9%
[MONITORING] [local.openml_t_168911.pygmo_c.jasmine.0.H2OAutoML] Memory Usage: 45.4%
[MONITORING] [local.openml_t_168911.pygmo_c.jasmine.0.H2OAutoML] Disk Usage: 43.2%
[MONITORING] [local.openml_t_168911.pygmo_c.jasmine.0.H2OAutoML] CPU Utilization: 92.3%
[MONITORING] [local.openml_t_168911.pygmo_c.jasmine.0.H2OAutoML] Memory Usage: 45.4%
[MONITORING] [local.openml_t_168911.pygmo_c.jasmine.0.H2OAutoML] Disk Usage: 43.2%
[MONITORING] [local.openml_t_168911.pygmo_c.jasmine.0.H2OAutoML] CPU Utilization: 89.1%
[MONITORING] [local.openml_t_168911.pygmo_c.jasmine.0.H2OAutoML] Memory Usage: 45.4%
[MONITORING] [local.openml_t_168911.pygmo_c.jasmine.0.H2OAutoML] Disk Usage: 43.2%
[MONITORING] [local.openml_t_168911.pygmo_c.jasmine.0.H2OAutoML] CPU Utilization: 89.9%
[MONITORING] [local.openml_t_168911.pygmo_c.jasmine.0.H2OAutoML] Memory Usage: 45.4%
[MONITORING] [local.openml_t_168911.pygmo_c.jasmine.0.H2OAutoML] Disk Usage: 43.2%
[MONITORING] [local.openml_t_168911.pygmo_c.jasmine.0.H2OAutoML] CPU Utilization: 90.2%
[MONITORING] [local.openml_t_168911.pygmo_c.jasmine.0.H2OAutoML] Memory Usage: 45.4%
[MONITORING] [local.openml_t_168911.pygmo_c.jasmine.0.H2OAutoML] Disk Usage: 43.2%
[MONITORING] [local.openml_t_168911.pygmo_c.jasmine.0.H2OAutoML] CPU Utilization: 89.6%
[MONITORING] [local.openml_t_168911.pygmo_c.jasmine.0.H2OAutoML] Memory Usage: 45.4%
[MONITORING] [local.openml_t_168911.pygmo_c.jasmine.0.H2OAutoML] Disk Usage: 43.2%
[MONITORING] [local.openml_t_168911.pygmo_c.jasmine.0.H2OAutoML] CPU Utilization: 90.0%
[MONITORING] [local.openml_t_168911.pygmo_c.jasmine.0.H2OAutoML] Memory Usage: 45.4%
[MONITORING] [local.openml_t_168911.pygmo_c.jasmine.0.H2OAutoML] Disk Usage: 43.2%
[MONITORING] [local.openml_t_168911.pygmo_c.jasmine.0.H2OAutoML] CPU Utilization: 90.2%
[MONITORING] [local.openml_t_168911.pygmo_c.jasmine.0.H2OAutoML] Memory Usage: 45.4%
[MONITORING] [local.openml_t_168911.pygmo_c.jasmine.0.H2OAutoML] Disk Usage: 43.2%
[MONITORING] [local.openml_t_168911.pygmo_c.jasmine.0.H2OAutoML] CPU Utilization: 88.7%
[MONITORING] [local.openml_t_168911.pygmo_c.jasmine.0.H2OAutoML] Memory Usage: 45.5%
[MONITORING] [local.openml_t_168911.pygmo_c.jasmine.0.H2OAutoML] Disk Usage: 43.2%
[MONITORING] [local.openml_t_168911.pygmo_c.jasmine.0.H2OAutoML] CPU Utilization: 90.1%
[MONITORING] [local.openml_t_168911.pygmo_c.jasmine.0.H2OAutoML] Memory Usage: 45.5%
[MONITORING] [local.openml_t_168911.pygmo_c.jasmine.0.H2OAutoML] Disk Usage: 43.2%
[MONITORING] [local.openml_t_168911.pygmo_c.jasmine.0.H2OAutoML] CPU Utilization: 94.2%
[MONITORING] [local.openml_t_168911.pygmo_c.jasmine.0.H2OAutoML] Memory Usage: 45.5%
[MONITORING] [local.openml_t_168911.pygmo_c.jasmine.0.H2OAutoML] Disk Usage: 43.2%
[MONITORING] [local.openml_t_168911.pygmo_c.jasmine.0.H2OAutoML] CPU Utilization: 95.1%
[MONITORING] [local.openml_t_168911.pygmo_c.jasmine.0.H2OAutoML] Memory Usage: 45.5%
[MONITORING] [local.openml_t_168911.pygmo_c.jasmine.0.H2OAutoML] Disk Usage: 43.2%
[MONITORING] [local.openml_t_168911.pygmo_c.jasmine.0.H2OAutoML] CPU Utilization: 90.4%
[MONITORING] [local.openml_t_168911.pygmo_c.jasmine.0.H2OAutoML] Memory Usage: 45.5%
[MONITORING] [local.openml_t_168911.pygmo_c.jasmine.0.H2OAutoML] Disk Usage: 43.2%
[MONITORING] [local.openml_t_168911.pygmo_c.jasmine.0.H2OAutoML] CPU Utilization: 90.3%
[MONITORING] [local.openml_t_168911.pygmo_c.jasmine.0.H2OAutoML] Memory Usage: 45.5%
[MONITORING] [local.openml_t_168911.pygmo_c.jasmine.0.H2OAutoML] Disk Usage: 43.2%
[MONITORING] [local.openml_t_168911.pygmo_c.jasmine.0.H2OAutoML] CPU Utilization: 90.5%
[MONITORING] [local.openml_t_168911.pygmo_c.jasmine.0.H2OAutoML] Memory Usage: 45.5%
[MONITORING] [local.openml_t_168911.pygmo_c.jasmine.0.H2OAutoML] Disk Usage: 43.2%
[MONITORING] [local.openml_t_168911.pygmo_c.jasmine.0.H2OAutoML] CPU Utilization: 90.0%
[MONITORING] [local.openml_t_168911.pygmo_c.jasmine.0.H2OAutoML] Memory Usage: 45.6%
[MONITORING] [local.openml_t_168911.pygmo_c.jasmine.0.H2OAutoML] Disk Usage: 43.2%
[MONITORING] [local.openml_t_168911.pygmo_c.jasmine.0.H2OAutoML] CPU Utilization: 93.3%
[MONITORING] [local.openml_t_168911.pygmo_c.jasmine.0.H2OAutoML] Memory Usage: 45.7%
[MONITORING] [local.openml_t_168911.pygmo_c.jasmine.0.H2OAutoML] Disk Usage: 43.2%
[MONITORING] [local.openml_t_168911.pygmo_c.jasmine.0.H2OAutoML] CPU Utilization: 92.0%
[MONITORING] [local.openml_t_168911.pygmo_c.jasmine.0.H2OAutoML] Memory Usage: 45.7%
[MONITORING] [local.openml_t_168911.pygmo_c.jasmine.0.H2OAutoML] Disk Usage: 43.2%
[MONITORING] [local.openml_t_168911.pygmo_c.jasmine.0.H2OAutoML] CPU Utilization: 91.6%
[MONITORING] [local.openml_t_168911.pygmo_c.jasmine.0.H2OAutoML] Memory Usage: 45.7%
[MONITORING] [local.openml_t_168911.pygmo_c.jasmine.0.H2OAutoML] Disk Usage: 43.2%
[MONITORING] [local.openml_t_168911.pygmo_c.jasmine.0.H2OAutoML] CPU Utilization: 92.8%
[MONITORING] [local.openml_t_168911.pygmo_c.jasmine.0.H2OAutoML] Memory Usage: 45.7%
[MONITORING] [local.openml_t_168911.pygmo_c.jasmine.0.H2OAutoML] Disk Usage: 43.2%
[MONITORING] [local.openml_t_168911.pygmo_c.jasmine.0.H2OAutoML] CPU Utilization: 92.7%
[MONITORING] [local.openml_t_168911.pygmo_c.jasmine.0.H2OAutoML] Memory Usage: 45.7%
[MONITORING] [local.openml_t_168911.pygmo_c.jasmine.0.H2OAutoML] Disk Usage: 43.2%
[MONITORING] [local.openml_t_168911.pygmo_c.jasmine.0.H2OAutoML] CPU Utilization: 92.0%
[MONITORING] [local.openml_t_168911.pygmo_c.jasmine.0.H2OAutoML] Memory Usage: 45.7%
[MONITORING] [local.openml_t_168911.pygmo_c.jasmine.0.H2OAutoML] Disk Usage: 43.2%
[MONITORING] [local.openml_t_168911.pygmo_c.jasmine.0.H2OAutoML] CPU Utilization: 92.0%
[MONITORING] [local.openml_t_168911.pygmo_c.jasmine.0.H2OAutoML] Memory Usage: 45.7%
[MONITORING] [local.openml_t_168911.pygmo_c.jasmine.0.H2OAutoML] Disk Usage: 43.2%
[MONITORING] [local.openml_t_168911.pygmo_c.jasmine.0.H2OAutoML] CPU Utilization: 62.8%
[MONITORING] [local.openml_t_168911.pygmo_c.jasmine.0.H2OAutoML] Memory Usage: 46.1%
[MONITORING] [local.openml_t_168911.pygmo_c.jasmine.0.H2OAutoML] Disk Usage: 43.2%
AutoML progress: |███████████████████████████████████████████████████████████████| (done) 100%
stackedensemble prediction progress: |███████████████████████████████████████████| (done) 100%
H2O session _sid_9c66 closed.



Predictions preview:
                       0                    1 predictions truth
0   0.19440204546728268   0.8055979545327173           1     1
1     0.095891451037176    0.904108548962824           1     1
2   0.08415032536625477   0.9158496746337452           1     1
3   0.47412935019168434   0.5258706498083157           1     1
4    0.1412597945743218   0.8587402054256782           1     1
5   0.14293968592640915   0.8570603140735908           1     1
6    0.2743387915203588   0.7256612084796412           1     1
7   0.42947000298909066   0.5705299970109093           1     1
8   0.19840635100143955   0.8015936489985604           1     1
9    0.3859230958665426   0.6140769041334574           1     1
10  0.23886887994473127   0.7611311200552687           1     1
11   0.7138762449703576   0.2861237550296424           0     1
12   0.0517464037902009   0.9482535962097991           1     1
13    0.523398959466131  0.47660104053386904           1     1
14   0.5151535364650943   0.4848464635349056           1     1
15  0.14437290770214573   0.8556270922978543           1     1
16  0.12886182262164247   0.8711381773783575           1     1
17  0.23511424651340707   0.7648857534865929           1     1
18  0.36017197218010577   0.6398280278198942           1     1
19  0.07879050201455384   0.9212094979854462           1     1

Predictions saved to `/home/juradoi/experiments/automlbenchmark/results/h2oautoml.openml_t_168911.pygmo_c.local.20211209T210928/predictions/jasmine/0/predictions.csv`.
Loading metadata from `/home/juradoi/experiments/automlbenchmark/results/h2oautoml.openml_t_168911.pygmo_c.local.20211209T210928/predictions/jasmine/0/metadata.json`.
Loading predictions from `/home/juradoi/experiments/automlbenchmark/results/h2oautoml.openml_t_168911.pygmo_c.local.20211209T210928/predictions/jasmine/0/predictions.csv`.
Metric scores: { 'acc': 0.8260869565217391,
  'app_version': 'dev [master, beef024]',
  'auc': 0.8782550335570469,
  'balacc': 0.825771812080537,
  'constraint': 'pygmo_c',
  'duration': nan,
  'fold': 0,
  'framework': 'H2OAutoML',
  'id': 'openml.org/t/168911',
  'info': None,
  'logloss': 0.40201589057765674,
  'metric': 'auc',
  'mode': 'local',
  'models_count': 121,
  'params': '',
  'predict_duration': 0.33683180809020996,
  'result': 0.8782550335570469,
  'seed': 2097373414,
  'task': 'jasmine',
  'training_duration': 3535.639637708664,
  'type': 'binary',
  'utc': '2021-12-09T22:08:34',
  'version': '3.34.0.3'}
Job `local.openml_t_168911.pygmo_c.jasmine.0.H2OAutoML` executed in 3545.916 seconds.
All jobs executed in 3545.924 seconds.
[MONITORING] [local.openml_t_168911.pygmo_c.jasmine.0.H2OAutoML] CPU Utilization: 66.8%
[MONITORING] [local.openml_t_168911.pygmo_c.jasmine.0.H2OAutoML] Memory Usage: 2.0%
[MONITORING] [local.openml_t_168911.pygmo_c.jasmine.0.H2OAutoML] Disk Usage: 43.2%
Processing results for h2oautoml.openml_t_168911.pygmo_c.local.20211209T210928
Scores saved to `/home/juradoi/experiments/automlbenchmark/results/h2oautoml.openml_t_168911.pygmo_c.local.20211209T210928/scores/H2OAutoML.benchmark_openml_t_168911.csv`.
Scores saved to `/home/juradoi/experiments/automlbenchmark/results/h2oautoml.openml_t_168911.pygmo_c.local.20211209T210928/scores/results.csv`.
Scores saved to `/home/juradoi/experiments/automlbenchmark/results/results.csv`.
Summing up scores for current run:
                 id    task fold framework constraint   result metric  duration       seed
openml.org/t/168911 jasmine    0 H2OAutoML    pygmo_c 0.878255    auc    3545.9 2097373414
