/var/spool/slurm/slurmd/job8493071/slurm_script: line 8: activate: No such file or directory
Running benchmark `H2OAutoML` on `openml/t/168350` framework in `local` mode.
Loading frameworks definitions from ['/home/juradoi/experiments/automlbenchmark/resources/frameworks.yaml'].
Loading benchmark constraint definitions from ['/home/juradoi/experiments/automlbenchmark/resources/constraints.yaml'].
Loading openml task 168350.

---------------------------------------------------------------
Starting job local.openml_t_168350.pygmo_c.phoneme.0.H2OAutoML.
Assigning 16 cores (total=16) for new task phoneme.
Assigning 91107 MB (total=95302 MB) for new phoneme task.
[MONITORING] [local.openml_t_168350.pygmo_c.phoneme.0.H2OAutoML] CPU Utilization: 16.0%
[MONITORING] [local.openml_t_168350.pygmo_c.phoneme.0.H2OAutoML] Memory Usage: 2.3%
[MONITORING] [local.openml_t_168350.pygmo_c.phoneme.0.H2OAutoML] Disk Usage: 39.4%
Running task phoneme on framework H2OAutoML with config:
TaskConfig({})
Running cmd `/home/juradoi/experiments/automlbenchmark/frameworks/H2OAutoML/venv/bin/python -W ignore /home/juradoi/experiments/automlbenchmark/frameworks/H2OAutoML/exec.py`
INFO:__main__:
**** H2O AutoML [v3.34.0.3] ****

INFO:__main__:Starting H2O cluster with 16 cores, 60738M memory.
Checking whether there is an H2O instance running at http://localhost:21110 ..... not found.
Attempting to start a local H2O server...
  Java Version: openjdk version "11.0.12" 2021-07-20; OpenJDK Runtime Environment (build 11.0.12+7-post-Debian-2deb10u1); OpenJDK 64-Bit Server VM (build 11.0.12+7-post-Debian-2deb10u1, mixed mode, sharing)
  Starting server from /home/juradoi/experiments/automlbenchmark/frameworks/H2OAutoML/venv/lib/python3.8/site-packages/h2o/backend/bin/h2o.jar
  Ice root: /tmp/tmpt3msek8x
  JVM stdout: /tmp/tmpt3msek8x/h2o_unknownUser_started_from_python.out
  JVM stderr: /tmp/tmpt3msek8x/h2o_unknownUser_started_from_python.err
  Server is running at http://127.0.0.1:21110
Connecting to H2O server at http://127.0.0.1:21110 ... successful.
--------------------------  ------------------------------------------------------------------
H2O_cluster_uptime:         01 secs
H2O_cluster_timezone:       Europe/Amsterdam
H2O_data_parsing_timezone:  UTC
H2O_cluster_version:        3.34.0.3
H2O_cluster_version_age:    2 months and 2 days
H2O_cluster_name:           H2O_from_python_unknownUser_no30yw
H2O_cluster_total_nodes:    1
H2O_cluster_free_memory:    59.33 Gb
H2O_cluster_total_cores:    16
H2O_cluster_allowed_cores:  16
H2O_cluster_status:         locked, healthy
H2O_connection_url:         http://127.0.0.1:21110
H2O_connection_proxy:       {"http": null, "https": null}
H2O_internal_security:      False
H2O_API_Extensions:         Amazon S3, XGBoost, Algos, AutoML, Core V3, TargetEncoder, Core V4
Python_version:             3.8.12 final
--------------------------  ------------------------------------------------------------------
Parse progress: |████████████████████████████████████████████████████████████████| (done) 100%
Parse progress: |████████████████████████████████████████████████████████████████| (done) 100%
INFO:__main__:Running model on task phoneme, fold 0.
[MONITORING] [local.openml_t_168350.pygmo_c.phoneme.0.H2OAutoML] CPU Utilization: 59.7%
[MONITORING] [local.openml_t_168350.pygmo_c.phoneme.0.H2OAutoML] Memory Usage: 40.1%
[MONITORING] [local.openml_t_168350.pygmo_c.phoneme.0.H2OAutoML] Disk Usage: 39.4%
[MONITORING] [local.openml_t_168350.pygmo_c.phoneme.0.H2OAutoML] CPU Utilization: 76.2%
[MONITORING] [local.openml_t_168350.pygmo_c.phoneme.0.H2OAutoML] Memory Usage: 45.8%
[MONITORING] [local.openml_t_168350.pygmo_c.phoneme.0.H2OAutoML] Disk Usage: 39.4%
[MONITORING] [local.openml_t_168350.pygmo_c.phoneme.0.H2OAutoML] CPU Utilization: 77.6%
[MONITORING] [local.openml_t_168350.pygmo_c.phoneme.0.H2OAutoML] Memory Usage: 46.3%
[MONITORING] [local.openml_t_168350.pygmo_c.phoneme.0.H2OAutoML] Disk Usage: 39.4%
[MONITORING] [local.openml_t_168350.pygmo_c.phoneme.0.H2OAutoML] CPU Utilization: 78.3%
[MONITORING] [local.openml_t_168350.pygmo_c.phoneme.0.H2OAutoML] Memory Usage: 47.6%
[MONITORING] [local.openml_t_168350.pygmo_c.phoneme.0.H2OAutoML] Disk Usage: 39.4%
[MONITORING] [local.openml_t_168350.pygmo_c.phoneme.0.H2OAutoML] CPU Utilization: 78.6%
[MONITORING] [local.openml_t_168350.pygmo_c.phoneme.0.H2OAutoML] Memory Usage: 48.0%
[MONITORING] [local.openml_t_168350.pygmo_c.phoneme.0.H2OAutoML] Disk Usage: 39.4%
[MONITORING] [local.openml_t_168350.pygmo_c.phoneme.0.H2OAutoML] CPU Utilization: 77.5%
[MONITORING] [local.openml_t_168350.pygmo_c.phoneme.0.H2OAutoML] Memory Usage: 48.6%
[MONITORING] [local.openml_t_168350.pygmo_c.phoneme.0.H2OAutoML] Disk Usage: 39.4%
[MONITORING] [local.openml_t_168350.pygmo_c.phoneme.0.H2OAutoML] CPU Utilization: 78.4%
[MONITORING] [local.openml_t_168350.pygmo_c.phoneme.0.H2OAutoML] Memory Usage: 49.6%
[MONITORING] [local.openml_t_168350.pygmo_c.phoneme.0.H2OAutoML] Disk Usage: 39.4%
[MONITORING] [local.openml_t_168350.pygmo_c.phoneme.0.H2OAutoML] CPU Utilization: 75.7%
[MONITORING] [local.openml_t_168350.pygmo_c.phoneme.0.H2OAutoML] Memory Usage: 49.8%
[MONITORING] [local.openml_t_168350.pygmo_c.phoneme.0.H2OAutoML] Disk Usage: 39.4%
[MONITORING] [local.openml_t_168350.pygmo_c.phoneme.0.H2OAutoML] CPU Utilization: 76.3%
[MONITORING] [local.openml_t_168350.pygmo_c.phoneme.0.H2OAutoML] Memory Usage: 51.0%
[MONITORING] [local.openml_t_168350.pygmo_c.phoneme.0.H2OAutoML] Disk Usage: 39.4%
[MONITORING] [local.openml_t_168350.pygmo_c.phoneme.0.H2OAutoML] CPU Utilization: 75.4%
[MONITORING] [local.openml_t_168350.pygmo_c.phoneme.0.H2OAutoML] Memory Usage: 51.1%
[MONITORING] [local.openml_t_168350.pygmo_c.phoneme.0.H2OAutoML] Disk Usage: 39.4%
[MONITORING] [local.openml_t_168350.pygmo_c.phoneme.0.H2OAutoML] CPU Utilization: 76.8%
[MONITORING] [local.openml_t_168350.pygmo_c.phoneme.0.H2OAutoML] Memory Usage: 51.3%
[MONITORING] [local.openml_t_168350.pygmo_c.phoneme.0.H2OAutoML] Disk Usage: 39.4%
[MONITORING] [local.openml_t_168350.pygmo_c.phoneme.0.H2OAutoML] CPU Utilization: 74.6%
[MONITORING] [local.openml_t_168350.pygmo_c.phoneme.0.H2OAutoML] Memory Usage: 52.8%
[MONITORING] [local.openml_t_168350.pygmo_c.phoneme.0.H2OAutoML] Disk Usage: 39.4%
[MONITORING] [local.openml_t_168350.pygmo_c.phoneme.0.H2OAutoML] CPU Utilization: 75.1%
[MONITORING] [local.openml_t_168350.pygmo_c.phoneme.0.H2OAutoML] Memory Usage: 52.9%
[MONITORING] [local.openml_t_168350.pygmo_c.phoneme.0.H2OAutoML] Disk Usage: 39.4%
[MONITORING] [local.openml_t_168350.pygmo_c.phoneme.0.H2OAutoML] CPU Utilization: 74.0%
[MONITORING] [local.openml_t_168350.pygmo_c.phoneme.0.H2OAutoML] Memory Usage: 53.9%
[MONITORING] [local.openml_t_168350.pygmo_c.phoneme.0.H2OAutoML] Disk Usage: 39.4%
[MONITORING] [local.openml_t_168350.pygmo_c.phoneme.0.H2OAutoML] CPU Utilization: 67.2%
[MONITORING] [local.openml_t_168350.pygmo_c.phoneme.0.H2OAutoML] Memory Usage: 54.2%
[MONITORING] [local.openml_t_168350.pygmo_c.phoneme.0.H2OAutoML] Disk Usage: 39.4%
[MONITORING] [local.openml_t_168350.pygmo_c.phoneme.0.H2OAutoML] CPU Utilization: 65.1%
[MONITORING] [local.openml_t_168350.pygmo_c.phoneme.0.H2OAutoML] Memory Usage: 54.8%
[MONITORING] [local.openml_t_168350.pygmo_c.phoneme.0.H2OAutoML] Disk Usage: 39.4%
[MONITORING] [local.openml_t_168350.pygmo_c.phoneme.0.H2OAutoML] CPU Utilization: 66.9%
[MONITORING] [local.openml_t_168350.pygmo_c.phoneme.0.H2OAutoML] Memory Usage: 55.9%
[MONITORING] [local.openml_t_168350.pygmo_c.phoneme.0.H2OAutoML] Disk Usage: 39.4%
[MONITORING] [local.openml_t_168350.pygmo_c.phoneme.0.H2OAutoML] CPU Utilization: 68.2%
[MONITORING] [local.openml_t_168350.pygmo_c.phoneme.0.H2OAutoML] Memory Usage: 56.6%
[MONITORING] [local.openml_t_168350.pygmo_c.phoneme.0.H2OAutoML] Disk Usage: 39.4%
[MONITORING] [local.openml_t_168350.pygmo_c.phoneme.0.H2OAutoML] CPU Utilization: 67.8%
[MONITORING] [local.openml_t_168350.pygmo_c.phoneme.0.H2OAutoML] Memory Usage: 58.8%
[MONITORING] [local.openml_t_168350.pygmo_c.phoneme.0.H2OAutoML] Disk Usage: 39.4%
[MONITORING] [local.openml_t_168350.pygmo_c.phoneme.0.H2OAutoML] CPU Utilization: 89.0%
[MONITORING] [local.openml_t_168350.pygmo_c.phoneme.0.H2OAutoML] Memory Usage: 58.9%
[MONITORING] [local.openml_t_168350.pygmo_c.phoneme.0.H2OAutoML] Disk Usage: 39.4%
[MONITORING] [local.openml_t_168350.pygmo_c.phoneme.0.H2OAutoML] CPU Utilization: 96.9%
[MONITORING] [local.openml_t_168350.pygmo_c.phoneme.0.H2OAutoML] Memory Usage: 58.9%
[MONITORING] [local.openml_t_168350.pygmo_c.phoneme.0.H2OAutoML] Disk Usage: 39.4%
[MONITORING] [local.openml_t_168350.pygmo_c.phoneme.0.H2OAutoML] CPU Utilization: 98.5%
[MONITORING] [local.openml_t_168350.pygmo_c.phoneme.0.H2OAutoML] Memory Usage: 58.9%
[MONITORING] [local.openml_t_168350.pygmo_c.phoneme.0.H2OAutoML] Disk Usage: 39.4%
[MONITORING] [local.openml_t_168350.pygmo_c.phoneme.0.H2OAutoML] CPU Utilization: 97.2%
[MONITORING] [local.openml_t_168350.pygmo_c.phoneme.0.H2OAutoML] Memory Usage: 58.9%
[MONITORING] [local.openml_t_168350.pygmo_c.phoneme.0.H2OAutoML] Disk Usage: 39.4%
[MONITORING] [local.openml_t_168350.pygmo_c.phoneme.0.H2OAutoML] CPU Utilization: 97.0%
[MONITORING] [local.openml_t_168350.pygmo_c.phoneme.0.H2OAutoML] Memory Usage: 58.9%
[MONITORING] [local.openml_t_168350.pygmo_c.phoneme.0.H2OAutoML] Disk Usage: 39.4%
[MONITORING] [local.openml_t_168350.pygmo_c.phoneme.0.H2OAutoML] CPU Utilization: 97.8%
[MONITORING] [local.openml_t_168350.pygmo_c.phoneme.0.H2OAutoML] Memory Usage: 58.9%
[MONITORING] [local.openml_t_168350.pygmo_c.phoneme.0.H2OAutoML] Disk Usage: 39.4%
[MONITORING] [local.openml_t_168350.pygmo_c.phoneme.0.H2OAutoML] CPU Utilization: 97.2%
[MONITORING] [local.openml_t_168350.pygmo_c.phoneme.0.H2OAutoML] Memory Usage: 58.9%
[MONITORING] [local.openml_t_168350.pygmo_c.phoneme.0.H2OAutoML] Disk Usage: 39.4%
[MONITORING] [local.openml_t_168350.pygmo_c.phoneme.0.H2OAutoML] CPU Utilization: 94.2%
[MONITORING] [local.openml_t_168350.pygmo_c.phoneme.0.H2OAutoML] Memory Usage: 60.1%
[MONITORING] [local.openml_t_168350.pygmo_c.phoneme.0.H2OAutoML] Disk Usage: 39.4%
[MONITORING] [local.openml_t_168350.pygmo_c.phoneme.0.H2OAutoML] CPU Utilization: 97.0%
[MONITORING] [local.openml_t_168350.pygmo_c.phoneme.0.H2OAutoML] Memory Usage: 60.1%
[MONITORING] [local.openml_t_168350.pygmo_c.phoneme.0.H2OAutoML] Disk Usage: 39.4%
[MONITORING] [local.openml_t_168350.pygmo_c.phoneme.0.H2OAutoML] CPU Utilization: 97.1%
[MONITORING] [local.openml_t_168350.pygmo_c.phoneme.0.H2OAutoML] Memory Usage: 60.1%
[MONITORING] [local.openml_t_168350.pygmo_c.phoneme.0.H2OAutoML] Disk Usage: 39.4%
[MONITORING] [local.openml_t_168350.pygmo_c.phoneme.0.H2OAutoML] CPU Utilization: 80.1%
[MONITORING] [local.openml_t_168350.pygmo_c.phoneme.0.H2OAutoML] Memory Usage: 60.2%
[MONITORING] [local.openml_t_168350.pygmo_c.phoneme.0.H2OAutoML] Disk Usage: 39.4%
AutoML progress: |███████████████████████████████████████████████████████████████| (done) 100%
stackedensemble prediction progress: |███████████████████████████████████████████| (done) 100%
H2O session _sid_8ef3 closed.



Predictions preview:
                      1                      2 predictions truth
0   0.9998205900192261  1.7940254474524409E-4           1     1
1   0.9997738003730774  2.2619441733695567E-4           1     1
2    0.999742329120636  2.5768313207663596E-4           1     1
3   0.9977051615715027  0.0022948277182877064           1     1
4   0.9997251033782959  2.7489173226058483E-4           1     1
5   0.9833654761314392   0.016634507104754448           1     1
6   0.9997768998146057  2.2310108761303127E-4           1     1
7   0.9989307522773743  0.0010692414361983538           1     1
8    0.998614490032196  0.0013854983262717724           1     1
9   0.9982768893241882  0.0017231306992471218           1     1
10  0.9983641505241394  0.0016358724096789956           1     1
11  0.3750770688056946     0.6249229311943054           1     1
12  0.9928205013275146   0.007179474923759699           1     1
13  0.9960944056510925  0.0039055836386978626           1     1
14  0.7757113575935364    0.22428862750530243           1     1
15  0.9972423911094666  0.0027576156426221132           1     1
16  0.9854304194450378   0.014569598250091076           1     1
17  0.9997079372406006  2.9203726444393396E-4           1     1
18  0.9994648098945618   5.352093721739948E-4           1     1
19   0.999249279499054   7.507463451474905E-4           1     1

Predictions saved to `/home/juradoi/experiments/automlbenchmark/results/h2oautoml.openml_t_168350.pygmo_c.local.20211209T184032/predictions/phoneme/0/predictions.csv`.
Loading metadata from `/home/juradoi/experiments/automlbenchmark/results/h2oautoml.openml_t_168350.pygmo_c.local.20211209T184032/predictions/phoneme/0/metadata.json`.
Loading predictions from `/home/juradoi/experiments/automlbenchmark/results/h2oautoml.openml_t_168350.pygmo_c.local.20211209T184032/predictions/phoneme/0/predictions.csv`.
Metric scores: { 'acc': 0.9001848428835489,
  'app_version': 'dev [master, beef024]',
  'auc': 0.96692350752412,
  'balacc': 0.8613964898416149,
  'constraint': 'pygmo_c',
  'duration': nan,
  'fold': 0,
  'framework': 'H2OAutoML',
  'id': 'openml.org/t/168350',
  'info': None,
  'logloss': 0.24671366229050393,
  'metric': 'auc',
  'mode': 'local',
  'models_count': 898,
  'params': '',
  'predict_duration': 0.8057444095611572,
  'result': 0.96692350752412,
  'seed': 225904740,
  'task': 'phoneme',
  'training_duration': 3605.4673829078674,
  'type': 'binary',
  'utc': '2021-12-09T19:40:49',
  'version': '3.34.0.3'}
Job `local.openml_t_168350.pygmo_c.phoneme.0.H2OAutoML` executed in 3615.811 seconds.
All jobs executed in 3616.464 seconds.
[MONITORING] [local.openml_t_168350.pygmo_c.phoneme.0.H2OAutoML] CPU Utilization: 52.6%
[MONITORING] [local.openml_t_168350.pygmo_c.phoneme.0.H2OAutoML] Memory Usage: 2.2%
[MONITORING] [local.openml_t_168350.pygmo_c.phoneme.0.H2OAutoML] Disk Usage: 39.4%
Processing results for h2oautoml.openml_t_168350.pygmo_c.local.20211209T184032
Scores saved to `/home/juradoi/experiments/automlbenchmark/results/h2oautoml.openml_t_168350.pygmo_c.local.20211209T184032/scores/H2OAutoML.benchmark_openml_t_168350.csv`.
Scores saved to `/home/juradoi/experiments/automlbenchmark/results/h2oautoml.openml_t_168350.pygmo_c.local.20211209T184032/scores/results.csv`.
Scores saved to `/home/juradoi/experiments/automlbenchmark/results/results.csv`.
Summing up scores for current run:
                 id    task fold framework constraint   result metric  duration      seed
openml.org/t/168350 phoneme    0 H2OAutoML    pygmo_c 0.966924    auc    3615.8 225904740
