/var/spool/slurm/slurmd/job8494042/slurm_script: line 8: activate: No such file or directory
Running benchmark `H2OAutoML` on `openml/t/359959` framework in `local` mode.
Loading frameworks definitions from ['/home/juradoi/experiments/automlbenchmark/resources/frameworks.yaml'].
Loading benchmark constraint definitions from ['/home/juradoi/experiments/automlbenchmark/resources/constraints.yaml'].
Loading openml task 359959.

-----------------------------------------------------------
Starting job local.openml_t_359959.pygmo_c.cmc.0.H2OAutoML.
Assigning 16 cores (total=16) for new task cmc.
Assigning 91061 MB (total=95302 MB) for new cmc task.
[MONITORING] [local.openml_t_359959.pygmo_c.cmc.0.H2OAutoML] CPU Utilization: 18.6%
[MONITORING] [local.openml_t_359959.pygmo_c.cmc.0.H2OAutoML] Memory Usage: 2.3%
[MONITORING] [local.openml_t_359959.pygmo_c.cmc.0.H2OAutoML] Disk Usage: 43.2%
Running task cmc on framework H2OAutoML with config:
TaskConfig({})
Running cmd `/home/juradoi/experiments/automlbenchmark/frameworks/H2OAutoML/venv/bin/python -W ignore /home/juradoi/experiments/automlbenchmark/frameworks/H2OAutoML/exec.py`
INFO:__main__:
**** H2O AutoML [v3.34.0.3] ****

INFO:__main__:Starting H2O cluster with 16 cores, 60707M memory.
Checking whether there is an H2O instance running at http://localhost:16237 ..... not found.
Attempting to start a local H2O server...
  Java Version: openjdk version "11.0.12" 2021-07-20; OpenJDK Runtime Environment (build 11.0.12+7-post-Debian-2deb10u1); OpenJDK 64-Bit Server VM (build 11.0.12+7-post-Debian-2deb10u1, mixed mode, sharing)
  Starting server from /home/juradoi/experiments/automlbenchmark/frameworks/H2OAutoML/venv/lib/python3.8/site-packages/h2o/backend/bin/h2o.jar
  Ice root: /tmp/tmpyesn6lzb
  JVM stdout: /tmp/tmpyesn6lzb/h2o_unknownUser_started_from_python.out
  JVM stderr: /tmp/tmpyesn6lzb/h2o_unknownUser_started_from_python.err
  Server is running at http://127.0.0.1:16237
Connecting to H2O server at http://127.0.0.1:16237 ... successful.
--------------------------  ------------------------------------------------------------------
H2O_cluster_uptime:         01 secs
H2O_cluster_timezone:       Europe/Amsterdam
H2O_data_parsing_timezone:  UTC
H2O_cluster_version:        3.34.0.3
H2O_cluster_version_age:    2 months and 2 days
H2O_cluster_name:           H2O_from_python_unknownUser_4lmk7w
H2O_cluster_total_nodes:    1
H2O_cluster_free_memory:    59.30 Gb
H2O_cluster_total_cores:    16
H2O_cluster_allowed_cores:  16
H2O_cluster_status:         locked, healthy
H2O_connection_url:         http://127.0.0.1:16237
H2O_connection_proxy:       {"http": null, "https": null}
H2O_internal_security:      False
H2O_API_Extensions:         Amazon S3, XGBoost, Algos, AutoML, Core V3, TargetEncoder, Core V4
Python_version:             3.8.12 final
--------------------------  ------------------------------------------------------------------
Parse progress: |████████████████████████████████████████████████████████████████| (done) 100%
Parse progress: |████████████████████████████████████████████████████████████████| (done) 100%
INFO:__main__:Running model on task cmc, fold 0.
AutoML progress: |█
23:19:58.849: GLM_1_AutoML_1_20211209_231955 [GLM def_1] failed: java.lang.ArrayIndexOutOfBoundsException: Index 24 out of bounds for length 24

[MONITORING] [local.openml_t_359959.pygmo_c.cmc.0.H2OAutoML] CPU Utilization: 74.2%
[MONITORING] [local.openml_t_359959.pygmo_c.cmc.0.H2OAutoML] Memory Usage: 18.2%
[MONITORING] [local.openml_t_359959.pygmo_c.cmc.0.H2OAutoML] Disk Usage: 43.2%
[MONITORING] [local.openml_t_359959.pygmo_c.cmc.0.H2OAutoML] CPU Utilization: 97.0%
[MONITORING] [local.openml_t_359959.pygmo_c.cmc.0.H2OAutoML] Memory Usage: 21.7%
[MONITORING] [local.openml_t_359959.pygmo_c.cmc.0.H2OAutoML] Disk Usage: 43.2%
[MONITORING] [local.openml_t_359959.pygmo_c.cmc.0.H2OAutoML] CPU Utilization: 98.0%
[MONITORING] [local.openml_t_359959.pygmo_c.cmc.0.H2OAutoML] Memory Usage: 25.9%
[MONITORING] [local.openml_t_359959.pygmo_c.cmc.0.H2OAutoML] Disk Usage: 43.2%
[MONITORING] [local.openml_t_359959.pygmo_c.cmc.0.H2OAutoML] CPU Utilization: 97.9%
[MONITORING] [local.openml_t_359959.pygmo_c.cmc.0.H2OAutoML] Memory Usage: 34.4%
[MONITORING] [local.openml_t_359959.pygmo_c.cmc.0.H2OAutoML] Disk Usage: 43.2%
[MONITORING] [local.openml_t_359959.pygmo_c.cmc.0.H2OAutoML] CPU Utilization: 97.1%
[MONITORING] [local.openml_t_359959.pygmo_c.cmc.0.H2OAutoML] Memory Usage: 35.0%
[MONITORING] [local.openml_t_359959.pygmo_c.cmc.0.H2OAutoML] Disk Usage: 43.2%
[MONITORING] [local.openml_t_359959.pygmo_c.cmc.0.H2OAutoML] CPU Utilization: 97.8%
[MONITORING] [local.openml_t_359959.pygmo_c.cmc.0.H2OAutoML] Memory Usage: 35.9%
[MONITORING] [local.openml_t_359959.pygmo_c.cmc.0.H2OAutoML] Disk Usage: 43.2%
[MONITORING] [local.openml_t_359959.pygmo_c.cmc.0.H2OAutoML] CPU Utilization: 97.6%
[MONITORING] [local.openml_t_359959.pygmo_c.cmc.0.H2OAutoML] Memory Usage: 38.3%
[MONITORING] [local.openml_t_359959.pygmo_c.cmc.0.H2OAutoML] Disk Usage: 43.2%
[MONITORING] [local.openml_t_359959.pygmo_c.cmc.0.H2OAutoML] CPU Utilization: 97.9%
[MONITORING] [local.openml_t_359959.pygmo_c.cmc.0.H2OAutoML] Memory Usage: 39.8%
[MONITORING] [local.openml_t_359959.pygmo_c.cmc.0.H2OAutoML] Disk Usage: 43.2%
[MONITORING] [local.openml_t_359959.pygmo_c.cmc.0.H2OAutoML] CPU Utilization: 98.1%
[MONITORING] [local.openml_t_359959.pygmo_c.cmc.0.H2OAutoML] Memory Usage: 42.4%
[MONITORING] [local.openml_t_359959.pygmo_c.cmc.0.H2OAutoML] Disk Usage: 43.2%
[MONITORING] [local.openml_t_359959.pygmo_c.cmc.0.H2OAutoML] CPU Utilization: 98.1%
[MONITORING] [local.openml_t_359959.pygmo_c.cmc.0.H2OAutoML] Memory Usage: 42.5%
[MONITORING] [local.openml_t_359959.pygmo_c.cmc.0.H2OAutoML] Disk Usage: 43.2%
[MONITORING] [local.openml_t_359959.pygmo_c.cmc.0.H2OAutoML] CPU Utilization: 98.1%
[MONITORING] [local.openml_t_359959.pygmo_c.cmc.0.H2OAutoML] Memory Usage: 44.6%
[MONITORING] [local.openml_t_359959.pygmo_c.cmc.0.H2OAutoML] Disk Usage: 43.2%
[MONITORING] [local.openml_t_359959.pygmo_c.cmc.0.H2OAutoML] CPU Utilization: 97.7%
[MONITORING] [local.openml_t_359959.pygmo_c.cmc.0.H2OAutoML] Memory Usage: 44.7%
[MONITORING] [local.openml_t_359959.pygmo_c.cmc.0.H2OAutoML] Disk Usage: 43.2%
[MONITORING] [local.openml_t_359959.pygmo_c.cmc.0.H2OAutoML] CPU Utilization: 97.9%
[MONITORING] [local.openml_t_359959.pygmo_c.cmc.0.H2OAutoML] Memory Usage: 44.7%
[MONITORING] [local.openml_t_359959.pygmo_c.cmc.0.H2OAutoML] Disk Usage: 43.2%
[MONITORING] [local.openml_t_359959.pygmo_c.cmc.0.H2OAutoML] CPU Utilization: 97.3%
[MONITORING] [local.openml_t_359959.pygmo_c.cmc.0.H2OAutoML] Memory Usage: 44.7%
[MONITORING] [local.openml_t_359959.pygmo_c.cmc.0.H2OAutoML] Disk Usage: 43.2%
[MONITORING] [local.openml_t_359959.pygmo_c.cmc.0.H2OAutoML] CPU Utilization: 96.9%
[MONITORING] [local.openml_t_359959.pygmo_c.cmc.0.H2OAutoML] Memory Usage: 44.7%
[MONITORING] [local.openml_t_359959.pygmo_c.cmc.0.H2OAutoML] Disk Usage: 43.2%
[MONITORING] [local.openml_t_359959.pygmo_c.cmc.0.H2OAutoML] CPU Utilization: 97.9%
[MONITORING] [local.openml_t_359959.pygmo_c.cmc.0.H2OAutoML] Memory Usage: 44.7%
[MONITORING] [local.openml_t_359959.pygmo_c.cmc.0.H2OAutoML] Disk Usage: 43.2%
[MONITORING] [local.openml_t_359959.pygmo_c.cmc.0.H2OAutoML] CPU Utilization: 97.9%
[MONITORING] [local.openml_t_359959.pygmo_c.cmc.0.H2OAutoML] Memory Usage: 44.7%
[MONITORING] [local.openml_t_359959.pygmo_c.cmc.0.H2OAutoML] Disk Usage: 43.2%
[MONITORING] [local.openml_t_359959.pygmo_c.cmc.0.H2OAutoML] CPU Utilization: 97.8%
[MONITORING] [local.openml_t_359959.pygmo_c.cmc.0.H2OAutoML] Memory Usage: 44.7%
[MONITORING] [local.openml_t_359959.pygmo_c.cmc.0.H2OAutoML] Disk Usage: 43.2%
[MONITORING] [local.openml_t_359959.pygmo_c.cmc.0.H2OAutoML] CPU Utilization: 97.2%
[MONITORING] [local.openml_t_359959.pygmo_c.cmc.0.H2OAutoML] Memory Usage: 44.7%
[MONITORING] [local.openml_t_359959.pygmo_c.cmc.0.H2OAutoML] Disk Usage: 43.2%
[MONITORING] [local.openml_t_359959.pygmo_c.cmc.0.H2OAutoML] CPU Utilization: 98.0%
[MONITORING] [local.openml_t_359959.pygmo_c.cmc.0.H2OAutoML] Memory Usage: 44.8%
[MONITORING] [local.openml_t_359959.pygmo_c.cmc.0.H2OAutoML] Disk Usage: 43.2%
[MONITORING] [local.openml_t_359959.pygmo_c.cmc.0.H2OAutoML] CPU Utilization: 87.4%
[MONITORING] [local.openml_t_359959.pygmo_c.cmc.0.H2OAutoML] Memory Usage: 44.8%
[MONITORING] [local.openml_t_359959.pygmo_c.cmc.0.H2OAutoML] Disk Usage: 43.2%
[MONITORING] [local.openml_t_359959.pygmo_c.cmc.0.H2OAutoML] CPU Utilization: 97.8%
[MONITORING] [local.openml_t_359959.pygmo_c.cmc.0.H2OAutoML] Memory Usage: 44.9%
[MONITORING] [local.openml_t_359959.pygmo_c.cmc.0.H2OAutoML] Disk Usage: 43.2%
[MONITORING] [local.openml_t_359959.pygmo_c.cmc.0.H2OAutoML] CPU Utilization: 99.0%
[MONITORING] [local.openml_t_359959.pygmo_c.cmc.0.H2OAutoML] Memory Usage: 44.9%
[MONITORING] [local.openml_t_359959.pygmo_c.cmc.0.H2OAutoML] Disk Usage: 43.2%
[MONITORING] [local.openml_t_359959.pygmo_c.cmc.0.H2OAutoML] CPU Utilization: 97.5%
[MONITORING] [local.openml_t_359959.pygmo_c.cmc.0.H2OAutoML] Memory Usage: 44.9%
[MONITORING] [local.openml_t_359959.pygmo_c.cmc.0.H2OAutoML] Disk Usage: 43.2%
[MONITORING] [local.openml_t_359959.pygmo_c.cmc.0.H2OAutoML] CPU Utilization: 97.5%
[MONITORING] [local.openml_t_359959.pygmo_c.cmc.0.H2OAutoML] Memory Usage: 44.9%
[MONITORING] [local.openml_t_359959.pygmo_c.cmc.0.H2OAutoML] Disk Usage: 43.2%
[MONITORING] [local.openml_t_359959.pygmo_c.cmc.0.H2OAutoML] CPU Utilization: 97.8%
[MONITORING] [local.openml_t_359959.pygmo_c.cmc.0.H2OAutoML] Memory Usage: 44.9%
[MONITORING] [local.openml_t_359959.pygmo_c.cmc.0.H2OAutoML] Disk Usage: 43.2%
[MONITORING] [local.openml_t_359959.pygmo_c.cmc.0.H2OAutoML] CPU Utilization: 98.8%
[MONITORING] [local.openml_t_359959.pygmo_c.cmc.0.H2OAutoML] Memory Usage: 44.9%
[MONITORING] [local.openml_t_359959.pygmo_c.cmc.0.H2OAutoML] Disk Usage: 43.2%
[MONITORING] [local.openml_t_359959.pygmo_c.cmc.0.H2OAutoML] CPU Utilization: 98.4%
[MONITORING] [local.openml_t_359959.pygmo_c.cmc.0.H2OAutoML] Memory Usage: 44.9%
[MONITORING] [local.openml_t_359959.pygmo_c.cmc.0.H2OAutoML] Disk Usage: 43.2%
[MONITORING] [local.openml_t_359959.pygmo_c.cmc.0.H2OAutoML] CPU Utilization: 52.3%
[MONITORING] [local.openml_t_359959.pygmo_c.cmc.0.H2OAutoML] Memory Usage: 45.2%
[MONITORING] [local.openml_t_359959.pygmo_c.cmc.0.H2OAutoML] Disk Usage: 43.2%
██████████████████████████████████████████████████████████████| (done) 100%
gbm prediction progress: |███████████████████████████████████████████████████████| (done) 100%
H2O session _sid_82f2 closed.



Predictions preview:
                       1                     2                     3 predictions truth
0   0.23933434100061948   0.26344156770729027    0.4972240912920903           3     1
1    0.5129345297098732   0.17843598267362967   0.30862948761649717           1     1
2    0.7000857649526512    0.1360484694205546   0.16386576562679422           1     1
3    0.8184235299949151   0.09438871989815639   0.08718775010692859           1     1
4    0.5143648974502707   0.17435701514624952    0.3112780874034797           1     1
5    0.2049564614074941   0.38482701971319916    0.4102165188793068           3     1
6    0.8396648257596484   0.07941009894694669   0.08092507529340488           1     1
7     0.579650865138159   0.17016710104653382    0.2501820338153071           1     1
8    0.5879622564185825   0.14263369696338637   0.26940404661803113           1     1
9    0.5257445366266474   0.10922635414213912    0.3650291092312135           1     1
10   0.2564893764649059   0.09744009960365169    0.6460705239314425           3     1
11   0.9087313355728511  0.032586671518623954   0.05868199290852492           1     1
12   0.8723544135989004   0.07251008815553957  0.055135498245559925           1     1
13  0.30193722967734515     0.214062358679401   0.48400041164325386           3     1
14  0.38641936729496673   0.11148622980896473    0.5020944028960685           3     1
15   0.7190390456174172    0.1078367992638886    0.1731241551186942           1     1
16  0.32859742617121956   0.18996276526015923    0.4814398085686212           3     1
17  0.19867157507481334   0.31910566681226465   0.48222275811292187           3     1
18   0.6034077673505773   0.14449128183204935    0.2521009508173733           1     1
19   0.9072614396837005   0.04733152853107648  0.045407031785222894           1     1

Predictions saved to `/home/juradoi/experiments/automlbenchmark/results/h2oautoml.openml_t_359959.pygmo_c.local.20211209T221947/predictions/cmc/0/predictions.csv`.
Loading metadata from `/home/juradoi/experiments/automlbenchmark/results/h2oautoml.openml_t_359959.pygmo_c.local.20211209T221947/predictions/cmc/0/metadata.json`.
Loading predictions from `/home/juradoi/experiments/automlbenchmark/results/h2oautoml.openml_t_359959.pygmo_c.local.20211209T221947/predictions/cmc/0/predictions.csv`.
Metric scores: { 'acc': 0.5675675675675675,
  'app_version': 'dev [master, beef024]',
  'balacc': 0.5326797385620915,
  'constraint': 'pygmo_c',
  'duration': nan,
  'fold': 0,
  'framework': 'H2OAutoML',
  'id': 'openml.org/t/359959',
  'info': None,
  'logloss': 0.884115603496296,
  'metric': 'neg_logloss',
  'mode': 'local',
  'models_count': 436,
  'params': '',
  'predict_duration': 0.07428789138793945,
  'result': -0.884115603496296,
  'seed': 1724396047,
  'task': 'cmc',
  'training_duration': 3565.5507321357727,
  'type': 'multiclass',
  'utc': '2021-12-09T23:19:22',
  'version': '3.34.0.3'}
Job `local.openml_t_359959.pygmo_c.cmc.0.H2OAutoML` executed in 3574.606 seconds.
All jobs executed in 3574.614 seconds.
[MONITORING] [local.openml_t_359959.pygmo_c.cmc.0.H2OAutoML] CPU Utilization: 45.5%
[MONITORING] [local.openml_t_359959.pygmo_c.cmc.0.H2OAutoML] Memory Usage: 2.3%
[MONITORING] [local.openml_t_359959.pygmo_c.cmc.0.H2OAutoML] Disk Usage: 43.2%
Processing results for h2oautoml.openml_t_359959.pygmo_c.local.20211209T221947
Scores saved to `/home/juradoi/experiments/automlbenchmark/results/h2oautoml.openml_t_359959.pygmo_c.local.20211209T221947/scores/H2OAutoML.benchmark_openml_t_359959.csv`.
Scores saved to `/home/juradoi/experiments/automlbenchmark/results/h2oautoml.openml_t_359959.pygmo_c.local.20211209T221947/scores/results.csv`.
Scores saved to `/home/juradoi/experiments/automlbenchmark/results/results.csv`.
Summing up scores for current run:
                 id task fold framework constraint    result      metric  duration       seed
openml.org/t/359959  cmc    0 H2OAutoML    pygmo_c -0.884116 neg_logloss    3574.6 1724396047
