/var/spool/slurm/slurmd/job8493806/slurm_script: line 8: activate: No such file or directory
Running benchmark `H2OAutoML` on `openml/t/190412` framework in `local` mode.
Loading frameworks definitions from ['/home/juradoi/experiments/automlbenchmark/resources/frameworks.yaml'].
Loading benchmark constraint definitions from ['/home/juradoi/experiments/automlbenchmark/resources/constraints.yaml'].
Loading openml task 190412.

--------------------------------------------------------------
Starting job local.openml_t_190412.pygmo_c.arcene.0.H2OAutoML.
Assigning 16 cores (total=16) for new task arcene.
Assigning 91171 MB (total=95302 MB) for new arcene task.
[MONITORING] [local.openml_t_190412.pygmo_c.arcene.0.H2OAutoML] CPU Utilization: 11.9%
[MONITORING] [local.openml_t_190412.pygmo_c.arcene.0.H2OAutoML] Memory Usage: 2.2%
[MONITORING] [local.openml_t_190412.pygmo_c.arcene.0.H2OAutoML] Disk Usage: 43.2%
Running task arcene on framework H2OAutoML with config:
TaskConfig({})
Running cmd `/home/juradoi/experiments/automlbenchmark/frameworks/H2OAutoML/venv/bin/python -W ignore /home/juradoi/experiments/automlbenchmark/frameworks/H2OAutoML/exec.py`
INFO:__main__:
**** H2O AutoML [v3.34.0.3] ****

INFO:__main__:Starting H2O cluster with 16 cores, 60781M memory.
Checking whether there is an H2O instance running at http://localhost:6440 ..... not found.
Attempting to start a local H2O server...
  Java Version: openjdk version "11.0.12" 2021-07-20; OpenJDK Runtime Environment (build 11.0.12+7-post-Debian-2deb10u1); OpenJDK 64-Bit Server VM (build 11.0.12+7-post-Debian-2deb10u1, mixed mode, sharing)
  Starting server from /home/juradoi/experiments/automlbenchmark/frameworks/H2OAutoML/venv/lib/python3.8/site-packages/h2o/backend/bin/h2o.jar
  Ice root: /tmp/tmp226lyglt
  JVM stdout: /tmp/tmp226lyglt/h2o_unknownUser_started_from_python.out
  JVM stderr: /tmp/tmp226lyglt/h2o_unknownUser_started_from_python.err
  Server is running at http://127.0.0.1:6440
Connecting to H2O server at http://127.0.0.1:6440 ... successful.
--------------------------  ------------------------------------------------------------------
H2O_cluster_uptime:         01 secs
H2O_cluster_timezone:       Europe/Amsterdam
H2O_data_parsing_timezone:  UTC
H2O_cluster_version:        3.34.0.3
H2O_cluster_version_age:    2 months and 2 days
H2O_cluster_name:           H2O_from_python_unknownUser_tgleq5
H2O_cluster_total_nodes:    1
H2O_cluster_free_memory:    59.36 Gb
H2O_cluster_total_cores:    16
H2O_cluster_allowed_cores:  16
H2O_cluster_status:         locked, healthy
H2O_connection_url:         http://127.0.0.1:6440
H2O_connection_proxy:       {"http": null, "https": null}
H2O_internal_security:      False
H2O_API_Extensions:         Amazon S3, XGBoost, Algos, AutoML, Core V3, TargetEncoder, Core V4
Python_version:             3.8.12 final
--------------------------  ------------------------------------------------------------------
Parse progress: |████████████████████████████████████████████████████████████████| (done) 100%
Parse progress: |████████████████████████████████████████████████████████████████| (done) 100%
INFO:__main__:Running model on task arcene, fold 0.
[MONITORING] [local.openml_t_190412.pygmo_c.arcene.0.H2OAutoML] CPU Utilization: 35.5%
[MONITORING] [local.openml_t_190412.pygmo_c.arcene.0.H2OAutoML] Memory Usage: 36.6%
[MONITORING] [local.openml_t_190412.pygmo_c.arcene.0.H2OAutoML] Disk Usage: 43.2%
AutoML progress: |████████████
22:54:37.200: Skipping training of model GBM_1_AutoML_1_20211209_225241 due to exception: water.exceptions.H2OModelBuilderIllegalArgumentException: Illegal argument(s) for GBM model: GBM_1_AutoML_1_20211209_225241.  Details: ERRR on field: _min_rows: The dataset size is too small to split for min_rows=100.0: must have at least 200.0 (weighted) rows, but have only 90.0.


[MONITORING] [local.openml_t_190412.pygmo_c.arcene.0.H2OAutoML] CPU Utilization: 44.3%
[MONITORING] [local.openml_t_190412.pygmo_c.arcene.0.H2OAutoML] Memory Usage: 44.9%
[MONITORING] [local.openml_t_190412.pygmo_c.arcene.0.H2OAutoML] Disk Usage: 43.2%
[MONITORING] [local.openml_t_190412.pygmo_c.arcene.0.H2OAutoML] CPU Utilization: 60.1%
[MONITORING] [local.openml_t_190412.pygmo_c.arcene.0.H2OAutoML] Memory Usage: 44.9%
[MONITORING] [local.openml_t_190412.pygmo_c.arcene.0.H2OAutoML] Disk Usage: 43.2%
[MONITORING] [local.openml_t_190412.pygmo_c.arcene.0.H2OAutoML] CPU Utilization: 45.1%
[MONITORING] [local.openml_t_190412.pygmo_c.arcene.0.H2OAutoML] Memory Usage: 45.0%
[MONITORING] [local.openml_t_190412.pygmo_c.arcene.0.H2OAutoML] Disk Usage: 43.2%
[MONITORING] [local.openml_t_190412.pygmo_c.arcene.0.H2OAutoML] CPU Utilization: 65.0%
[MONITORING] [local.openml_t_190412.pygmo_c.arcene.0.H2OAutoML] Memory Usage: 45.1%
[MONITORING] [local.openml_t_190412.pygmo_c.arcene.0.H2OAutoML] Disk Usage: 43.2%
[MONITORING] [local.openml_t_190412.pygmo_c.arcene.0.H2OAutoML] CPU Utilization: 39.3%
[MONITORING] [local.openml_t_190412.pygmo_c.arcene.0.H2OAutoML] Memory Usage: 47.3%
[MONITORING] [local.openml_t_190412.pygmo_c.arcene.0.H2OAutoML] Disk Usage: 43.2%
[MONITORING] [local.openml_t_190412.pygmo_c.arcene.0.H2OAutoML] CPU Utilization: 41.9%
[MONITORING] [local.openml_t_190412.pygmo_c.arcene.0.H2OAutoML] Memory Usage: 47.9%
[MONITORING] [local.openml_t_190412.pygmo_c.arcene.0.H2OAutoML] Disk Usage: 43.2%
[MONITORING] [local.openml_t_190412.pygmo_c.arcene.0.H2OAutoML] CPU Utilization: 41.7%
[MONITORING] [local.openml_t_190412.pygmo_c.arcene.0.H2OAutoML] Memory Usage: 48.0%
[MONITORING] [local.openml_t_190412.pygmo_c.arcene.0.H2OAutoML] Disk Usage: 43.2%
[MONITORING] [local.openml_t_190412.pygmo_c.arcene.0.H2OAutoML] CPU Utilization: 41.7%
[MONITORING] [local.openml_t_190412.pygmo_c.arcene.0.H2OAutoML] Memory Usage: 48.0%
[MONITORING] [local.openml_t_190412.pygmo_c.arcene.0.H2OAutoML] Disk Usage: 43.2%
[MONITORING] [local.openml_t_190412.pygmo_c.arcene.0.H2OAutoML] CPU Utilization: 40.0%
[MONITORING] [local.openml_t_190412.pygmo_c.arcene.0.H2OAutoML] Memory Usage: 48.3%
[MONITORING] [local.openml_t_190412.pygmo_c.arcene.0.H2OAutoML] Disk Usage: 43.2%
[MONITORING] [local.openml_t_190412.pygmo_c.arcene.0.H2OAutoML] CPU Utilization: 42.6%
[MONITORING] [local.openml_t_190412.pygmo_c.arcene.0.H2OAutoML] Memory Usage: 48.3%
[MONITORING] [local.openml_t_190412.pygmo_c.arcene.0.H2OAutoML] Disk Usage: 43.2%
[MONITORING] [local.openml_t_190412.pygmo_c.arcene.0.H2OAutoML] CPU Utilization: 43.1%
[MONITORING] [local.openml_t_190412.pygmo_c.arcene.0.H2OAutoML] Memory Usage: 48.5%
[MONITORING] [local.openml_t_190412.pygmo_c.arcene.0.H2OAutoML] Disk Usage: 43.2%
[MONITORING] [local.openml_t_190412.pygmo_c.arcene.0.H2OAutoML] CPU Utilization: 44.7%
[MONITORING] [local.openml_t_190412.pygmo_c.arcene.0.H2OAutoML] Memory Usage: 48.6%
[MONITORING] [local.openml_t_190412.pygmo_c.arcene.0.H2OAutoML] Disk Usage: 43.2%
[MONITORING] [local.openml_t_190412.pygmo_c.arcene.0.H2OAutoML] CPU Utilization: 45.4%
[MONITORING] [local.openml_t_190412.pygmo_c.arcene.0.H2OAutoML] Memory Usage: 48.6%
[MONITORING] [local.openml_t_190412.pygmo_c.arcene.0.H2OAutoML] Disk Usage: 43.2%
[MONITORING] [local.openml_t_190412.pygmo_c.arcene.0.H2OAutoML] CPU Utilization: 50.0%
[MONITORING] [local.openml_t_190412.pygmo_c.arcene.0.H2OAutoML] Memory Usage: 48.8%
[MONITORING] [local.openml_t_190412.pygmo_c.arcene.0.H2OAutoML] Disk Usage: 43.2%
[MONITORING] [local.openml_t_190412.pygmo_c.arcene.0.H2OAutoML] CPU Utilization: 42.6%
[MONITORING] [local.openml_t_190412.pygmo_c.arcene.0.H2OAutoML] Memory Usage: 48.9%
[MONITORING] [local.openml_t_190412.pygmo_c.arcene.0.H2OAutoML] Disk Usage: 43.2%
[MONITORING] [local.openml_t_190412.pygmo_c.arcene.0.H2OAutoML] CPU Utilization: 44.7%
[MONITORING] [local.openml_t_190412.pygmo_c.arcene.0.H2OAutoML] Memory Usage: 49.0%
[MONITORING] [local.openml_t_190412.pygmo_c.arcene.0.H2OAutoML] Disk Usage: 43.2%
[MONITORING] [local.openml_t_190412.pygmo_c.arcene.0.H2OAutoML] CPU Utilization: 61.8%
[MONITORING] [local.openml_t_190412.pygmo_c.arcene.0.H2OAutoML] Memory Usage: 49.0%
[MONITORING] [local.openml_t_190412.pygmo_c.arcene.0.H2OAutoML] Disk Usage: 43.2%
[MONITORING] [local.openml_t_190412.pygmo_c.arcene.0.H2OAutoML] CPU Utilization: 63.4%
[MONITORING] [local.openml_t_190412.pygmo_c.arcene.0.H2OAutoML] Memory Usage: 49.0%
[MONITORING] [local.openml_t_190412.pygmo_c.arcene.0.H2OAutoML] Disk Usage: 43.2%
[MONITORING] [local.openml_t_190412.pygmo_c.arcene.0.H2OAutoML] CPU Utilization: 48.5%
[MONITORING] [local.openml_t_190412.pygmo_c.arcene.0.H2OAutoML] Memory Usage: 49.4%
[MONITORING] [local.openml_t_190412.pygmo_c.arcene.0.H2OAutoML] Disk Usage: 43.2%
[MONITORING] [local.openml_t_190412.pygmo_c.arcene.0.H2OAutoML] CPU Utilization: 58.5%
[MONITORING] [local.openml_t_190412.pygmo_c.arcene.0.H2OAutoML] Memory Usage: 49.4%
[MONITORING] [local.openml_t_190412.pygmo_c.arcene.0.H2OAutoML] Disk Usage: 43.2%
[MONITORING] [local.openml_t_190412.pygmo_c.arcene.0.H2OAutoML] CPU Utilization: 49.4%
[MONITORING] [local.openml_t_190412.pygmo_c.arcene.0.H2OAutoML] Memory Usage: 49.4%
[MONITORING] [local.openml_t_190412.pygmo_c.arcene.0.H2OAutoML] Disk Usage: 43.2%
[MONITORING] [local.openml_t_190412.pygmo_c.arcene.0.H2OAutoML] CPU Utilization: 60.2%
[MONITORING] [local.openml_t_190412.pygmo_c.arcene.0.H2OAutoML] Memory Usage: 49.4%
[MONITORING] [local.openml_t_190412.pygmo_c.arcene.0.H2OAutoML] Disk Usage: 43.2%
[MONITORING] [local.openml_t_190412.pygmo_c.arcene.0.H2OAutoML] CPU Utilization: 60.9%
[MONITORING] [local.openml_t_190412.pygmo_c.arcene.0.H2OAutoML] Memory Usage: 49.4%
[MONITORING] [local.openml_t_190412.pygmo_c.arcene.0.H2OAutoML] Disk Usage: 43.2%
[MONITORING] [local.openml_t_190412.pygmo_c.arcene.0.H2OAutoML] CPU Utilization: 44.6%
[MONITORING] [local.openml_t_190412.pygmo_c.arcene.0.H2OAutoML] Memory Usage: 52.8%
[MONITORING] [local.openml_t_190412.pygmo_c.arcene.0.H2OAutoML] Disk Usage: 43.2%
[MONITORING] [local.openml_t_190412.pygmo_c.arcene.0.H2OAutoML] CPU Utilization: 48.1%
[MONITORING] [local.openml_t_190412.pygmo_c.arcene.0.H2OAutoML] Memory Usage: 57.5%
[MONITORING] [local.openml_t_190412.pygmo_c.arcene.0.H2OAutoML] Disk Usage: 43.2%
[MONITORING] [local.openml_t_190412.pygmo_c.arcene.0.H2OAutoML] CPU Utilization: 44.1%
[MONITORING] [local.openml_t_190412.pygmo_c.arcene.0.H2OAutoML] Memory Usage: 62.9%
[MONITORING] [local.openml_t_190412.pygmo_c.arcene.0.H2OAutoML] Disk Usage: 43.2%
[MONITORING] [local.openml_t_190412.pygmo_c.arcene.0.H2OAutoML] CPU Utilization: 48.8%
[MONITORING] [local.openml_t_190412.pygmo_c.arcene.0.H2OAutoML] Memory Usage: 67.9%
[MONITORING] [local.openml_t_190412.pygmo_c.arcene.0.H2OAutoML] Disk Usage: 43.2%
[MONITORING] [local.openml_t_190412.pygmo_c.arcene.0.H2OAutoML] CPU Utilization: 44.2%
[MONITORING] [local.openml_t_190412.pygmo_c.arcene.0.H2OAutoML] Memory Usage: 68.8%
[MONITORING] [local.openml_t_190412.pygmo_c.arcene.0.H2OAutoML] Disk Usage: 43.2%
[MONITORING] [local.openml_t_190412.pygmo_c.arcene.0.H2OAutoML] CPU Utilization: 42.6%
[MONITORING] [local.openml_t_190412.pygmo_c.arcene.0.H2OAutoML] Memory Usage: 69.1%
[MONITORING] [local.openml_t_190412.pygmo_c.arcene.0.H2OAutoML] Disk Usage: 43.2%
███████████████████████████████████████████████████| (done) 100%
deeplearning prediction progress: |██████████████████████████████████████████████| (done) 100%
H2O session _sid_87c2 closed.



Predictions preview:
                         0                       1 predictions truth
0                     1.0   1.282995280920621E-60           0     0
1                     1.0   3.141125289607301E-76           0     0
2      0.9999999999999973   2.710796176099803E-15           0     0
3     0.18477662705050163      0.8152233729494984           0     0
4                     1.0  4.1447148052458655E-55           0     0
5                     1.0  1.0069185309866432E-65           0     0
6                     1.0   3.329812293410756E-37           0     1
7  5.1557933825342005E-24                     1.0           1     1
8      0.9999999999991189   8.810446087739146E-13           0     1
9  4.4435684183268114E-23                     1.0           1     1

Predictions saved to `/home/juradoi/experiments/automlbenchmark/results/h2oautoml.openml_t_190412.pygmo_c.local.20211209T215228/predictions/arcene/0/predictions.csv`.
Loading metadata from `/home/juradoi/experiments/automlbenchmark/results/h2oautoml.openml_t_190412.pygmo_c.local.20211209T215228/predictions/arcene/0/metadata.json`.
Loading predictions from `/home/juradoi/experiments/automlbenchmark/results/h2oautoml.openml_t_190412.pygmo_c.local.20211209T215228/predictions/arcene/0/predictions.csv`.
Metric scores: { 'acc': 0.8,
  'app_version': 'dev [master, beef024]',
  'auc': 0.875,
  'balacc': 0.75,
  'constraint': 'pygmo_c',
  'duration': nan,
  'fold': 0,
  'framework': 'H2OAutoML',
  'id': 'openml.org/t/190412',
  'info': None,
  'logloss': 6.398505213569034,
  'metric': 'auc',
  'mode': 'local',
  'models_count': 204,
  'params': '',
  'predict_duration': 0.3773219585418701,
  'result': 0.875,
  'seed': 1826694883,
  'task': 'arcene',
  'training_duration': 3602.3934257030487,
  'type': 'binary',
  'utc': '2021-12-09T22:52:47',
  'version': '3.34.0.3'}
Job `local.openml_t_190412.pygmo_c.arcene.0.H2OAutoML` executed in 3618.795 seconds.
All jobs executed in 3618.843 seconds.
[MONITORING] [local.openml_t_190412.pygmo_c.arcene.0.H2OAutoML] CPU Utilization: 25.0%
[MONITORING] [local.openml_t_190412.pygmo_c.arcene.0.H2OAutoML] Memory Usage: 2.2%
[MONITORING] [local.openml_t_190412.pygmo_c.arcene.0.H2OAutoML] Disk Usage: 43.2%
Processing results for h2oautoml.openml_t_190412.pygmo_c.local.20211209T215228
Scores saved to `/home/juradoi/experiments/automlbenchmark/results/h2oautoml.openml_t_190412.pygmo_c.local.20211209T215228/scores/H2OAutoML.benchmark_openml_t_190412.csv`.
Scores saved to `/home/juradoi/experiments/automlbenchmark/results/h2oautoml.openml_t_190412.pygmo_c.local.20211209T215228/scores/results.csv`.
Scores saved to `/home/juradoi/experiments/automlbenchmark/results/results.csv`.
Summing up scores for current run:
                 id   task fold framework constraint  result metric  duration       seed
openml.org/t/190412 arcene    0 H2OAutoML    pygmo_c   0.875    auc    3618.8 1826694883
