/var/spool/slurm/slurmd/job8493033/slurm_script: line 8: activate: No such file or directory
Running benchmark `H2OAutoML` on `openml/t/146818` framework in `local` mode.
Loading frameworks definitions from ['/home/juradoi/experiments/automlbenchmark/resources/frameworks.yaml'].
Loading benchmark constraint definitions from ['/home/juradoi/experiments/automlbenchmark/resources/constraints.yaml'].
Loading openml task 146818.

------------------------------------------------------------------
Starting job local.openml_t_146818.pygmo_c.Australian.0.H2OAutoML.
Assigning 16 cores (total=16) for new task Australian.
[MONITORING] [local.openml_t_146818.pygmo_c.Australian.0.H2OAutoML] CPU Utilization: 17.2%
Assigning 91070 MB (total=95302 MB) for new Australian task.
[MONITORING] [local.openml_t_146818.pygmo_c.Australian.0.H2OAutoML] Memory Usage: 2.3%
[MONITORING] [local.openml_t_146818.pygmo_c.Australian.0.H2OAutoML] Disk Usage: 43.1%
Running task Australian on framework H2OAutoML with config:
TaskConfig({})
Running cmd `/home/juradoi/experiments/automlbenchmark/frameworks/H2OAutoML/venv/bin/python -W ignore /home/juradoi/experiments/automlbenchmark/frameworks/H2OAutoML/exec.py`
INFO:__main__:
**** H2O AutoML [v3.34.0.3] ****

INFO:__main__:Starting H2O cluster with 16 cores, 60713M memory.
Checking whether there is an H2O instance running at http://localhost:24929 ..... not found.
Attempting to start a local H2O server...
  Java Version: openjdk version "11.0.12" 2021-07-20; OpenJDK Runtime Environment (build 11.0.12+7-post-Debian-2deb10u1); OpenJDK 64-Bit Server VM (build 11.0.12+7-post-Debian-2deb10u1, mixed mode, sharing)
  Starting server from /home/juradoi/experiments/automlbenchmark/frameworks/H2OAutoML/venv/lib/python3.8/site-packages/h2o/backend/bin/h2o.jar
  Ice root: /tmp/tmp0ce85fow
  JVM stdout: /tmp/tmp0ce85fow/h2o_unknownUser_started_from_python.out
  JVM stderr: /tmp/tmp0ce85fow/h2o_unknownUser_started_from_python.err
  Server is running at http://127.0.0.1:24929
Connecting to H2O server at http://127.0.0.1:24929 ... successful.
--------------------------  ------------------------------------------------------------------
H2O_cluster_uptime:         01 secs
H2O_cluster_timezone:       Europe/Amsterdam
H2O_data_parsing_timezone:  UTC
H2O_cluster_version:        3.34.0.3
H2O_cluster_version_age:    2 months and 2 days
H2O_cluster_name:           H2O_from_python_unknownUser_1t7ga9
H2O_cluster_total_nodes:    1
H2O_cluster_free_memory:    59.30 Gb
H2O_cluster_total_cores:    16
H2O_cluster_allowed_cores:  16
H2O_cluster_status:         locked, healthy
H2O_connection_url:         http://127.0.0.1:24929
H2O_connection_proxy:       {"http": null, "https": null}
H2O_internal_security:      False
H2O_API_Extensions:         Amazon S3, XGBoost, Algos, AutoML, Core V3, TargetEncoder, Core V4
Python_version:             3.8.12 final
--------------------------  ------------------------------------------------------------------
Parse progress: |████████████████████████████████████████████████████████████████| (done) 100%
Parse progress: |████████████████████████████████████████████████████████████████| (done) 100%
INFO:__main__:Running model on task Australian, fold 0.
[MONITORING] [local.openml_t_146818.pygmo_c.Australian.0.H2OAutoML] CPU Utilization: 74.0%
[MONITORING] [local.openml_t_146818.pygmo_c.Australian.0.H2OAutoML] Memory Usage: 38.2%
[MONITORING] [local.openml_t_146818.pygmo_c.Australian.0.H2OAutoML] Disk Usage: 43.1%
[MONITORING] [local.openml_t_146818.pygmo_c.Australian.0.H2OAutoML] CPU Utilization: 97.8%
[MONITORING] [local.openml_t_146818.pygmo_c.Australian.0.H2OAutoML] Memory Usage: 44.2%
[MONITORING] [local.openml_t_146818.pygmo_c.Australian.0.H2OAutoML] Disk Usage: 43.1%
[MONITORING] [local.openml_t_146818.pygmo_c.Australian.0.H2OAutoML] CPU Utilization: 97.4%
[MONITORING] [local.openml_t_146818.pygmo_c.Australian.0.H2OAutoML] Memory Usage: 44.5%
[MONITORING] [local.openml_t_146818.pygmo_c.Australian.0.H2OAutoML] Disk Usage: 43.1%
[MONITORING] [local.openml_t_146818.pygmo_c.Australian.0.H2OAutoML] CPU Utilization: 97.5%
[MONITORING] [local.openml_t_146818.pygmo_c.Australian.0.H2OAutoML] Memory Usage: 44.5%
[MONITORING] [local.openml_t_146818.pygmo_c.Australian.0.H2OAutoML] Disk Usage: 43.1%
[MONITORING] [local.openml_t_146818.pygmo_c.Australian.0.H2OAutoML] CPU Utilization: 97.6%
[MONITORING] [local.openml_t_146818.pygmo_c.Australian.0.H2OAutoML] Memory Usage: 44.5%
[MONITORING] [local.openml_t_146818.pygmo_c.Australian.0.H2OAutoML] Disk Usage: 43.1%
[MONITORING] [local.openml_t_146818.pygmo_c.Australian.0.H2OAutoML] CPU Utilization: 97.9%
[MONITORING] [local.openml_t_146818.pygmo_c.Australian.0.H2OAutoML] Memory Usage: 44.5%
[MONITORING] [local.openml_t_146818.pygmo_c.Australian.0.H2OAutoML] Disk Usage: 43.1%
[MONITORING] [local.openml_t_146818.pygmo_c.Australian.0.H2OAutoML] CPU Utilization: 97.7%
[MONITORING] [local.openml_t_146818.pygmo_c.Australian.0.H2OAutoML] Memory Usage: 44.5%
[MONITORING] [local.openml_t_146818.pygmo_c.Australian.0.H2OAutoML] Disk Usage: 43.1%
[MONITORING] [local.openml_t_146818.pygmo_c.Australian.0.H2OAutoML] CPU Utilization: 97.7%
[MONITORING] [local.openml_t_146818.pygmo_c.Australian.0.H2OAutoML] Memory Usage: 44.6%
[MONITORING] [local.openml_t_146818.pygmo_c.Australian.0.H2OAutoML] Disk Usage: 43.1%
[MONITORING] [local.openml_t_146818.pygmo_c.Australian.0.H2OAutoML] CPU Utilization: 97.3%
[MONITORING] [local.openml_t_146818.pygmo_c.Australian.0.H2OAutoML] Memory Usage: 44.6%
[MONITORING] [local.openml_t_146818.pygmo_c.Australian.0.H2OAutoML] Disk Usage: 43.1%
[MONITORING] [local.openml_t_146818.pygmo_c.Australian.0.H2OAutoML] CPU Utilization: 97.3%
[MONITORING] [local.openml_t_146818.pygmo_c.Australian.0.H2OAutoML] Memory Usage: 44.6%
[MONITORING] [local.openml_t_146818.pygmo_c.Australian.0.H2OAutoML] Disk Usage: 43.1%
[MONITORING] [local.openml_t_146818.pygmo_c.Australian.0.H2OAutoML] CPU Utilization: 97.5%
[MONITORING] [local.openml_t_146818.pygmo_c.Australian.0.H2OAutoML] Memory Usage: 44.7%
[MONITORING] [local.openml_t_146818.pygmo_c.Australian.0.H2OAutoML] Disk Usage: 43.1%
[MONITORING] [local.openml_t_146818.pygmo_c.Australian.0.H2OAutoML] CPU Utilization: 97.3%
[MONITORING] [local.openml_t_146818.pygmo_c.Australian.0.H2OAutoML] Memory Usage: 44.7%
[MONITORING] [local.openml_t_146818.pygmo_c.Australian.0.H2OAutoML] Disk Usage: 43.1%
[MONITORING] [local.openml_t_146818.pygmo_c.Australian.0.H2OAutoML] CPU Utilization: 97.7%
[MONITORING] [local.openml_t_146818.pygmo_c.Australian.0.H2OAutoML] Memory Usage: 44.7%
[MONITORING] [local.openml_t_146818.pygmo_c.Australian.0.H2OAutoML] Disk Usage: 43.1%
[MONITORING] [local.openml_t_146818.pygmo_c.Australian.0.H2OAutoML] CPU Utilization: 96.6%
[MONITORING] [local.openml_t_146818.pygmo_c.Australian.0.H2OAutoML] Memory Usage: 44.7%
[MONITORING] [local.openml_t_146818.pygmo_c.Australian.0.H2OAutoML] Disk Usage: 43.1%
[MONITORING] [local.openml_t_146818.pygmo_c.Australian.0.H2OAutoML] CPU Utilization: 96.9%
[MONITORING] [local.openml_t_146818.pygmo_c.Australian.0.H2OAutoML] Memory Usage: 44.7%
[MONITORING] [local.openml_t_146818.pygmo_c.Australian.0.H2OAutoML] Disk Usage: 43.1%
[MONITORING] [local.openml_t_146818.pygmo_c.Australian.0.H2OAutoML] CPU Utilization: 97.1%
[MONITORING] [local.openml_t_146818.pygmo_c.Australian.0.H2OAutoML] Memory Usage: 44.7%
[MONITORING] [local.openml_t_146818.pygmo_c.Australian.0.H2OAutoML] Disk Usage: 43.1%
[MONITORING] [local.openml_t_146818.pygmo_c.Australian.0.H2OAutoML] CPU Utilization: 97.1%
[MONITORING] [local.openml_t_146818.pygmo_c.Australian.0.H2OAutoML] Memory Usage: 44.7%
[MONITORING] [local.openml_t_146818.pygmo_c.Australian.0.H2OAutoML] Disk Usage: 43.1%
[MONITORING] [local.openml_t_146818.pygmo_c.Australian.0.H2OAutoML] CPU Utilization: 96.6%
[MONITORING] [local.openml_t_146818.pygmo_c.Australian.0.H2OAutoML] Memory Usage: 44.7%
[MONITORING] [local.openml_t_146818.pygmo_c.Australian.0.H2OAutoML] Disk Usage: 43.1%
[MONITORING] [local.openml_t_146818.pygmo_c.Australian.0.H2OAutoML] CPU Utilization: 96.4%
[MONITORING] [local.openml_t_146818.pygmo_c.Australian.0.H2OAutoML] Memory Usage: 44.7%
[MONITORING] [local.openml_t_146818.pygmo_c.Australian.0.H2OAutoML] Disk Usage: 43.1%
[MONITORING] [local.openml_t_146818.pygmo_c.Australian.0.H2OAutoML] CPU Utilization: 97.1%
[MONITORING] [local.openml_t_146818.pygmo_c.Australian.0.H2OAutoML] Memory Usage: 44.7%
[MONITORING] [local.openml_t_146818.pygmo_c.Australian.0.H2OAutoML] Disk Usage: 43.1%
[MONITORING] [local.openml_t_146818.pygmo_c.Australian.0.H2OAutoML] CPU Utilization: 95.0%
[MONITORING] [local.openml_t_146818.pygmo_c.Australian.0.H2OAutoML] Memory Usage: 44.8%
[MONITORING] [local.openml_t_146818.pygmo_c.Australian.0.H2OAutoML] Disk Usage: 43.1%
[MONITORING] [local.openml_t_146818.pygmo_c.Australian.0.H2OAutoML] CPU Utilization: 97.2%
[MONITORING] [local.openml_t_146818.pygmo_c.Australian.0.H2OAutoML] Memory Usage: 44.8%
[MONITORING] [local.openml_t_146818.pygmo_c.Australian.0.H2OAutoML] Disk Usage: 43.1%
[MONITORING] [local.openml_t_146818.pygmo_c.Australian.0.H2OAutoML] CPU Utilization: 97.4%
[MONITORING] [local.openml_t_146818.pygmo_c.Australian.0.H2OAutoML] Memory Usage: 44.8%
[MONITORING] [local.openml_t_146818.pygmo_c.Australian.0.H2OAutoML] Disk Usage: 43.1%
[MONITORING] [local.openml_t_146818.pygmo_c.Australian.0.H2OAutoML] CPU Utilization: 97.9%
[MONITORING] [local.openml_t_146818.pygmo_c.Australian.0.H2OAutoML] Memory Usage: 44.8%
[MONITORING] [local.openml_t_146818.pygmo_c.Australian.0.H2OAutoML] Disk Usage: 43.1%
[MONITORING] [local.openml_t_146818.pygmo_c.Australian.0.H2OAutoML] CPU Utilization: 96.2%
[MONITORING] [local.openml_t_146818.pygmo_c.Australian.0.H2OAutoML] Memory Usage: 44.8%
[MONITORING] [local.openml_t_146818.pygmo_c.Australian.0.H2OAutoML] Disk Usage: 43.1%
[MONITORING] [local.openml_t_146818.pygmo_c.Australian.0.H2OAutoML] CPU Utilization: 97.5%
[MONITORING] [local.openml_t_146818.pygmo_c.Australian.0.H2OAutoML] Memory Usage: 44.8%
[MONITORING] [local.openml_t_146818.pygmo_c.Australian.0.H2OAutoML] Disk Usage: 43.1%
[MONITORING] [local.openml_t_146818.pygmo_c.Australian.0.H2OAutoML] CPU Utilization: 96.9%
[MONITORING] [local.openml_t_146818.pygmo_c.Australian.0.H2OAutoML] Memory Usage: 44.8%
[MONITORING] [local.openml_t_146818.pygmo_c.Australian.0.H2OAutoML] Disk Usage: 43.1%
[MONITORING] [local.openml_t_146818.pygmo_c.Australian.0.H2OAutoML] CPU Utilization: 97.6%
[MONITORING] [local.openml_t_146818.pygmo_c.Australian.0.H2OAutoML] Memory Usage: 44.8%
[MONITORING] [local.openml_t_146818.pygmo_c.Australian.0.H2OAutoML] Disk Usage: 43.1%
[MONITORING] [local.openml_t_146818.pygmo_c.Australian.0.H2OAutoML] CPU Utilization: 43.4%
[MONITORING] [local.openml_t_146818.pygmo_c.Australian.0.H2OAutoML] Memory Usage: 45.0%
[MONITORING] [local.openml_t_146818.pygmo_c.Australian.0.H2OAutoML] Disk Usage: 43.1%
AutoML progress: |███████████████████████████████████████████████████████████████| (done) 100%
stackedensemble prediction progress: |███████████████████████████████████████████| (done) 100%
H2O session _sid_9366 closed.



Predictions preview:
                        0                     1 predictions truth
0   0.030842331840822412    0.9691576681591776           1     1
1   0.013335781498693522    0.9866642185013065           1     1
2   0.018509766071663436    0.9814902339283366           1     1
3   0.010919384340531635    0.9890806156594684           1     1
4     0.2653299665471831    0.7346700334528169           1     1
5    0.13282028934846057    0.8671797106515394           1     1
6   0.022417454436873263    0.9775825455631267           1     1
7   0.061089653811570055      0.93891034618843           1     1
8   0.048567899865588626    0.9514321001344114           1     1
9   0.018579970371789045     0.981420029628211           1     1
10   0.09393072848951178    0.9060692715104882           1     1
11   0.07119215771525389    0.9288078422847461           1     1
12  0.018124690908109975      0.98187530909189           1     1
13    0.6279882963574184    0.3720117036425816           0     1
14   0.04712054990468395     0.952879450095316           1     1
15  0.015751876481874816    0.9842481235181252           1     1
16  0.010279676164094531    0.9897203238359055           1     1
17  0.025007574616737416    0.9749924253832626           1     1
18    0.0725194820375854    0.9274805179624146           1     1
19    0.9746258635202281  0.025374136479771908           0     1

Predictions saved to `/home/juradoi/experiments/automlbenchmark/results/h2oautoml.openml_t_146818.pygmo_c.local.20211209T183431/predictions/Australian/0/predictions.csv`.
Loading metadata from `/home/juradoi/experiments/automlbenchmark/results/h2oautoml.openml_t_146818.pygmo_c.local.20211209T183431/predictions/Australian/0/metadata.json`.
Loading predictions from `/home/juradoi/experiments/automlbenchmark/results/h2oautoml.openml_t_146818.pygmo_c.local.20211209T183431/predictions/Australian/0/predictions.csv`.
Metric scores: { 'acc': 0.8985507246376812,
  'app_version': 'dev [master, beef024]',
  'auc': 0.9490662139219015,
  'balacc': 0.898981324278438,
  'constraint': 'pygmo_c',
  'duration': nan,
  'fold': 0,
  'framework': 'H2OAutoML',
  'id': 'openml.org/t/146818',
  'info': None,
  'logloss': 0.2692072852618474,
  'metric': 'auc',
  'mode': 'local',
  'models_count': 460,
  'params': '',
  'predict_duration': 0.08357954025268555,
  'result': 0.9490662139219015,
  'seed': 464540524,
  'task': 'Australian',
  'training_duration': 3530.1322617530823,
  'type': 'binary',
  'utc': '2021-12-09T19:33:30',
  'version': '3.34.0.3'}
Job `local.openml_t_146818.pygmo_c.Australian.0.H2OAutoML` executed in 3539.231 seconds.
All jobs executed in 3539.239 seconds.
[MONITORING] [local.openml_t_146818.pygmo_c.Australian.0.H2OAutoML] CPU Utilization: 56.3%
[MONITORING] [local.openml_t_146818.pygmo_c.Australian.0.H2OAutoML] Memory Usage: 2.3%
[MONITORING] [local.openml_t_146818.pygmo_c.Australian.0.H2OAutoML] Disk Usage: 43.1%
Processing results for h2oautoml.openml_t_146818.pygmo_c.local.20211209T183431
Scores saved to `/home/juradoi/experiments/automlbenchmark/results/h2oautoml.openml_t_146818.pygmo_c.local.20211209T183431/scores/H2OAutoML.benchmark_openml_t_146818.csv`.
Scores saved to `/home/juradoi/experiments/automlbenchmark/results/h2oautoml.openml_t_146818.pygmo_c.local.20211209T183431/scores/results.csv`.
Scores saved to `/home/juradoi/experiments/automlbenchmark/results/results.csv`.
Summing up scores for current run:
                 id       task fold framework constraint   result metric  duration      seed
openml.org/t/146818 Australian    0 H2OAutoML    pygmo_c 0.949066    auc    3539.2 464540524
