/var/spool/slurm/slurmd/job8493737/slurm_script: line 8: activate: No such file or directory
Running benchmark `H2OAutoML` on `openml/t/190146` framework in `local` mode.
Loading frameworks definitions from ['/home/juradoi/experiments/automlbenchmark/resources/frameworks.yaml'].
Loading benchmark constraint definitions from ['/home/juradoi/experiments/automlbenchmark/resources/constraints.yaml'].
Loading openml task 190146.

---------------------------------------------------------------
Starting job local.openml_t_190146.pygmo_c.vehicle.0.H2OAutoML.
Assigning 16 cores (total=16) for new task vehicle.
Assigning 91155 MB (total=95302 MB) for new vehicle task.
[MONITORING] [local.openml_t_190146.pygmo_c.vehicle.0.H2OAutoML] CPU Utilization: 18.9%
[MONITORING] [local.openml_t_190146.pygmo_c.vehicle.0.H2OAutoML] Memory Usage: 2.2%
[MONITORING] [local.openml_t_190146.pygmo_c.vehicle.0.H2OAutoML] Disk Usage: 44.9%
Running task vehicle on framework H2OAutoML with config:
TaskConfig({})
Running cmd `/home/juradoi/experiments/automlbenchmark/frameworks/H2OAutoML/venv/bin/python -W ignore /home/juradoi/experiments/automlbenchmark/frameworks/H2OAutoML/exec.py`
INFO:__main__:
**** H2O AutoML [v3.34.0.3] ****

INFO:__main__:Starting H2O cluster with 16 cores, 60770M memory.
Checking whether there is an H2O instance running at http://localhost:30584 ..... not found.
Attempting to start a local H2O server...
  Java Version: openjdk version "11.0.12" 2021-07-20; OpenJDK Runtime Environment (build 11.0.12+7-post-Debian-2deb10u1); OpenJDK 64-Bit Server VM (build 11.0.12+7-post-Debian-2deb10u1, mixed mode, sharing)
  Starting server from /home/juradoi/experiments/automlbenchmark/frameworks/H2OAutoML/venv/lib/python3.8/site-packages/h2o/backend/bin/h2o.jar
  Ice root: /tmp/tmp7klolin1
  JVM stdout: /tmp/tmp7klolin1/h2o_unknownUser_started_from_python.out
  JVM stderr: /tmp/tmp7klolin1/h2o_unknownUser_started_from_python.err
  Server is running at http://127.0.0.1:30584
Connecting to H2O server at http://127.0.0.1:30584 ... successful.
--------------------------  ------------------------------------------------------------------
H2O_cluster_uptime:         01 secs
H2O_cluster_timezone:       Europe/Amsterdam
H2O_data_parsing_timezone:  UTC
H2O_cluster_version:        3.34.0.3
H2O_cluster_version_age:    2 months and 2 days
H2O_cluster_name:           H2O_from_python_unknownUser_ifxciy
H2O_cluster_total_nodes:    1
H2O_cluster_free_memory:    59.36 Gb
H2O_cluster_total_cores:    16
H2O_cluster_allowed_cores:  16
H2O_cluster_status:         locked, healthy
H2O_connection_url:         http://127.0.0.1:30584
H2O_connection_proxy:       {"http": null, "https": null}
H2O_internal_security:      False
H2O_API_Extensions:         Amazon S3, XGBoost, Algos, AutoML, Core V3, TargetEncoder, Core V4
Python_version:             3.8.12 final
--------------------------  ------------------------------------------------------------------
Parse progress: |████████████████████████████████████████████████████████████████| (done) 100%
Parse progress: |████████████████████████████████████████████████████████████████| (done) 100%
INFO:__main__:Running model on task vehicle, fold 0.
[MONITORING] [local.openml_t_190146.pygmo_c.vehicle.0.H2OAutoML] CPU Utilization: 51.4%
[MONITORING] [local.openml_t_190146.pygmo_c.vehicle.0.H2OAutoML] Memory Usage: 37.9%
[MONITORING] [local.openml_t_190146.pygmo_c.vehicle.0.H2OAutoML] Disk Usage: 44.9%
[MONITORING] [local.openml_t_190146.pygmo_c.vehicle.0.H2OAutoML] CPU Utilization: 67.4%
[MONITORING] [local.openml_t_190146.pygmo_c.vehicle.0.H2OAutoML] Memory Usage: 44.2%
[MONITORING] [local.openml_t_190146.pygmo_c.vehicle.0.H2OAutoML] Disk Usage: 44.9%
[MONITORING] [local.openml_t_190146.pygmo_c.vehicle.0.H2OAutoML] CPU Utilization: 76.1%
[MONITORING] [local.openml_t_190146.pygmo_c.vehicle.0.H2OAutoML] Memory Usage: 44.7%
[MONITORING] [local.openml_t_190146.pygmo_c.vehicle.0.H2OAutoML] Disk Usage: 44.9%
[MONITORING] [local.openml_t_190146.pygmo_c.vehicle.0.H2OAutoML] CPU Utilization: 97.7%
[MONITORING] [local.openml_t_190146.pygmo_c.vehicle.0.H2OAutoML] Memory Usage: 44.7%
[MONITORING] [local.openml_t_190146.pygmo_c.vehicle.0.H2OAutoML] Disk Usage: 44.9%
[MONITORING] [local.openml_t_190146.pygmo_c.vehicle.0.H2OAutoML] CPU Utilization: 98.4%
[MONITORING] [local.openml_t_190146.pygmo_c.vehicle.0.H2OAutoML] Memory Usage: 44.7%
[MONITORING] [local.openml_t_190146.pygmo_c.vehicle.0.H2OAutoML] Disk Usage: 44.9%
[MONITORING] [local.openml_t_190146.pygmo_c.vehicle.0.H2OAutoML] CPU Utilization: 97.6%
[MONITORING] [local.openml_t_190146.pygmo_c.vehicle.0.H2OAutoML] Memory Usage: 44.7%
[MONITORING] [local.openml_t_190146.pygmo_c.vehicle.0.H2OAutoML] Disk Usage: 44.9%
[MONITORING] [local.openml_t_190146.pygmo_c.vehicle.0.H2OAutoML] CPU Utilization: 97.9%
[MONITORING] [local.openml_t_190146.pygmo_c.vehicle.0.H2OAutoML] Memory Usage: 44.7%
[MONITORING] [local.openml_t_190146.pygmo_c.vehicle.0.H2OAutoML] Disk Usage: 44.9%
[MONITORING] [local.openml_t_190146.pygmo_c.vehicle.0.H2OAutoML] CPU Utilization: 98.5%
[MONITORING] [local.openml_t_190146.pygmo_c.vehicle.0.H2OAutoML] Memory Usage: 44.7%
[MONITORING] [local.openml_t_190146.pygmo_c.vehicle.0.H2OAutoML] Disk Usage: 44.9%
[MONITORING] [local.openml_t_190146.pygmo_c.vehicle.0.H2OAutoML] CPU Utilization: 98.2%
[MONITORING] [local.openml_t_190146.pygmo_c.vehicle.0.H2OAutoML] Memory Usage: 44.8%
[MONITORING] [local.openml_t_190146.pygmo_c.vehicle.0.H2OAutoML] Disk Usage: 44.9%
[MONITORING] [local.openml_t_190146.pygmo_c.vehicle.0.H2OAutoML] CPU Utilization: 97.8%
[MONITORING] [local.openml_t_190146.pygmo_c.vehicle.0.H2OAutoML] Memory Usage: 44.8%
[MONITORING] [local.openml_t_190146.pygmo_c.vehicle.0.H2OAutoML] Disk Usage: 44.9%
[MONITORING] [local.openml_t_190146.pygmo_c.vehicle.0.H2OAutoML] CPU Utilization: 97.9%
[MONITORING] [local.openml_t_190146.pygmo_c.vehicle.0.H2OAutoML] Memory Usage: 44.8%
[MONITORING] [local.openml_t_190146.pygmo_c.vehicle.0.H2OAutoML] Disk Usage: 44.9%
[MONITORING] [local.openml_t_190146.pygmo_c.vehicle.0.H2OAutoML] CPU Utilization: 98.5%
[MONITORING] [local.openml_t_190146.pygmo_c.vehicle.0.H2OAutoML] Memory Usage: 44.8%
[MONITORING] [local.openml_t_190146.pygmo_c.vehicle.0.H2OAutoML] Disk Usage: 44.9%
[MONITORING] [local.openml_t_190146.pygmo_c.vehicle.0.H2OAutoML] CPU Utilization: 97.8%
[MONITORING] [local.openml_t_190146.pygmo_c.vehicle.0.H2OAutoML] Memory Usage: 44.8%
[MONITORING] [local.openml_t_190146.pygmo_c.vehicle.0.H2OAutoML] Disk Usage: 44.9%
[MONITORING] [local.openml_t_190146.pygmo_c.vehicle.0.H2OAutoML] CPU Utilization: 97.7%
[MONITORING] [local.openml_t_190146.pygmo_c.vehicle.0.H2OAutoML] Memory Usage: 44.8%
[MONITORING] [local.openml_t_190146.pygmo_c.vehicle.0.H2OAutoML] Disk Usage: 44.9%
[MONITORING] [local.openml_t_190146.pygmo_c.vehicle.0.H2OAutoML] CPU Utilization: 98.4%
[MONITORING] [local.openml_t_190146.pygmo_c.vehicle.0.H2OAutoML] Memory Usage: 44.8%
[MONITORING] [local.openml_t_190146.pygmo_c.vehicle.0.H2OAutoML] Disk Usage: 44.9%
[MONITORING] [local.openml_t_190146.pygmo_c.vehicle.0.H2OAutoML] CPU Utilization: 97.5%
[MONITORING] [local.openml_t_190146.pygmo_c.vehicle.0.H2OAutoML] Memory Usage: 44.8%
[MONITORING] [local.openml_t_190146.pygmo_c.vehicle.0.H2OAutoML] Disk Usage: 44.9%
[MONITORING] [local.openml_t_190146.pygmo_c.vehicle.0.H2OAutoML] CPU Utilization: 97.4%
[MONITORING] [local.openml_t_190146.pygmo_c.vehicle.0.H2OAutoML] Memory Usage: 44.8%
[MONITORING] [local.openml_t_190146.pygmo_c.vehicle.0.H2OAutoML] Disk Usage: 44.9%
[MONITORING] [local.openml_t_190146.pygmo_c.vehicle.0.H2OAutoML] CPU Utilization: 97.8%
[MONITORING] [local.openml_t_190146.pygmo_c.vehicle.0.H2OAutoML] Memory Usage: 44.8%
[MONITORING] [local.openml_t_190146.pygmo_c.vehicle.0.H2OAutoML] Disk Usage: 44.9%
[MONITORING] [local.openml_t_190146.pygmo_c.vehicle.0.H2OAutoML] CPU Utilization: 97.6%
[MONITORING] [local.openml_t_190146.pygmo_c.vehicle.0.H2OAutoML] Memory Usage: 44.8%
[MONITORING] [local.openml_t_190146.pygmo_c.vehicle.0.H2OAutoML] Disk Usage: 44.9%
[MONITORING] [local.openml_t_190146.pygmo_c.vehicle.0.H2OAutoML] CPU Utilization: 98.0%
[MONITORING] [local.openml_t_190146.pygmo_c.vehicle.0.H2OAutoML] Memory Usage: 44.8%
[MONITORING] [local.openml_t_190146.pygmo_c.vehicle.0.H2OAutoML] Disk Usage: 44.9%
[MONITORING] [local.openml_t_190146.pygmo_c.vehicle.0.H2OAutoML] CPU Utilization: 89.8%
[MONITORING] [local.openml_t_190146.pygmo_c.vehicle.0.H2OAutoML] Memory Usage: 44.9%
[MONITORING] [local.openml_t_190146.pygmo_c.vehicle.0.H2OAutoML] Disk Usage: 44.9%
[MONITORING] [local.openml_t_190146.pygmo_c.vehicle.0.H2OAutoML] CPU Utilization: 95.4%
[MONITORING] [local.openml_t_190146.pygmo_c.vehicle.0.H2OAutoML] Memory Usage: 45.1%
[MONITORING] [local.openml_t_190146.pygmo_c.vehicle.0.H2OAutoML] Disk Usage: 44.9%
[MONITORING] [local.openml_t_190146.pygmo_c.vehicle.0.H2OAutoML] CPU Utilization: 97.6%
[MONITORING] [local.openml_t_190146.pygmo_c.vehicle.0.H2OAutoML] Memory Usage: 45.1%
[MONITORING] [local.openml_t_190146.pygmo_c.vehicle.0.H2OAutoML] Disk Usage: 44.9%
[MONITORING] [local.openml_t_190146.pygmo_c.vehicle.0.H2OAutoML] CPU Utilization: 97.5%
[MONITORING] [local.openml_t_190146.pygmo_c.vehicle.0.H2OAutoML] Memory Usage: 45.1%
[MONITORING] [local.openml_t_190146.pygmo_c.vehicle.0.H2OAutoML] Disk Usage: 44.9%
[MONITORING] [local.openml_t_190146.pygmo_c.vehicle.0.H2OAutoML] CPU Utilization: 98.3%
[MONITORING] [local.openml_t_190146.pygmo_c.vehicle.0.H2OAutoML] Memory Usage: 45.1%
[MONITORING] [local.openml_t_190146.pygmo_c.vehicle.0.H2OAutoML] Disk Usage: 44.9%
[MONITORING] [local.openml_t_190146.pygmo_c.vehicle.0.H2OAutoML] CPU Utilization: 97.7%
[MONITORING] [local.openml_t_190146.pygmo_c.vehicle.0.H2OAutoML] Memory Usage: 45.1%
[MONITORING] [local.openml_t_190146.pygmo_c.vehicle.0.H2OAutoML] Disk Usage: 44.9%
[MONITORING] [local.openml_t_190146.pygmo_c.vehicle.0.H2OAutoML] CPU Utilization: 97.9%
[MONITORING] [local.openml_t_190146.pygmo_c.vehicle.0.H2OAutoML] Memory Usage: 45.1%
[MONITORING] [local.openml_t_190146.pygmo_c.vehicle.0.H2OAutoML] Disk Usage: 44.9%
[MONITORING] [local.openml_t_190146.pygmo_c.vehicle.0.H2OAutoML] CPU Utilization: 97.9%
[MONITORING] [local.openml_t_190146.pygmo_c.vehicle.0.H2OAutoML] Memory Usage: 45.1%
[MONITORING] [local.openml_t_190146.pygmo_c.vehicle.0.H2OAutoML] Disk Usage: 44.9%
[MONITORING] [local.openml_t_190146.pygmo_c.vehicle.0.H2OAutoML] CPU Utilization: 53.6%
[MONITORING] [local.openml_t_190146.pygmo_c.vehicle.0.H2OAutoML] Memory Usage: 45.2%
[MONITORING] [local.openml_t_190146.pygmo_c.vehicle.0.H2OAutoML] Disk Usage: 44.9%
[MONITORING] [local.openml_t_190146.pygmo_c.vehicle.0.H2OAutoML] CPU Utilization: 8.7%
[MONITORING] [local.openml_t_190146.pygmo_c.vehicle.0.H2OAutoML] Memory Usage: 45.3%
[MONITORING] [local.openml_t_190146.pygmo_c.vehicle.0.H2OAutoML] Disk Usage: 44.9%
AutoML progress: |███████████████████████████████████████████████████████████████| (done) 100%
stackedensemble prediction progress: |███████████████████████████████████████████| (done) 100%
H2O session _sid_be08 closed.



Predictions preview:
                       bus                   opel                  saab                    van predictions truth
0    6.509886061491663E-5    0.06682431602142051    0.9328256559577578   2.849291602067726E-4        saab  saab
1   0.0012600228298046915     0.5078164400809226     0.482088190406579   0.008835346682693559        opel  saab
2    6.679789054279695E-5     0.9536140450570765  0.046264710034275645   5.444701810507352E-5        opel  saab
3   4.1025438003263034E-5   0.009723386354994909    0.9901864609097005  4.9127297301426146E-5        saab  saab
4    7.980761308900796E-5   0.046865630294800384    0.9529393492567094  1.1521283540127219E-4        saab  saab
5      0.0400681487190291    0.21871304243813094    0.7161003031490587   0.025118505693781268        saab  saab
6   0.0042525208217362095     0.5038823748913623    0.4917403618841607  1.2474240274079425E-4        opel  saab
7    8.230187604501638E-6   7.365708629106128E-4    0.9992428763782135  1.2322571271393456E-5        saab  saab
8   1.1488851319412455E-4    0.10297438436379544    0.8967742254719674  1.3650165104312143E-4        saab  saab
9    6.842568386922766E-4     0.4079920425090708    0.5910070759634993   3.166246887374827E-4        saab  saab
10   4.253183531982694E-5   0.042338266039284485    0.9575522101971873   6.699192820850575E-5        saab  saab
11   4.675287461968561E-5   0.006233614967995691    0.9936859105517851  3.3721605599495896E-5        saab  saab
12   2.512037487498345E-4     0.7515376317949582   0.24516669966757224   0.003044464788719642        opel  saab
13  2.0898541071296466E-4     0.9416368837226834   0.05807433614776098   7.979471884259206E-5        opel  saab
14   4.876635355370765E-5  0.0041355601158194035    0.9957860711730174  2.9602357609333004E-5        saab  saab
15    4.17200069627634E-5   0.017201494735250084    0.9827096723977806   4.711286000660665E-5        saab  saab
16  2.9237199676595006E-5   0.004069653569509451    0.9958708873850386  3.0221845775522576E-5        saab  saab
17   7.729116846293959E-5    0.07278938457169043    0.9270089173622315  1.2440689761524228E-4        saab  saab
18   4.683841433859235E-4    0.24855790650493342    0.7507129641628948   2.607451887858821E-4        saab  saab
19   0.001073170018985837    0.25635514484315025    0.7378554072713552   0.004716277866508869        saab  saab

Predictions saved to `/home/juradoi/experiments/automlbenchmark/results/h2oautoml.openml_t_190146.pygmo_c.local.20211209T212946/predictions/vehicle/0/predictions.csv`.
Loading metadata from `/home/juradoi/experiments/automlbenchmark/results/h2oautoml.openml_t_190146.pygmo_c.local.20211209T212946/predictions/vehicle/0/metadata.json`.
Loading predictions from `/home/juradoi/experiments/automlbenchmark/results/h2oautoml.openml_t_190146.pygmo_c.local.20211209T212946/predictions/vehicle/0/predictions.csv`.
Metric scores: { 'acc': 0.8705882352941177,
  'app_version': 'dev [master, beef024]',
  'balacc': 0.8711580086580086,
  'constraint': 'pygmo_c',
  'duration': nan,
  'fold': 0,
  'framework': 'H2OAutoML',
  'id': 'openml.org/t/190146',
  'info': None,
  'logloss': 0.29698707776862265,
  'metric': 'neg_logloss',
  'mode': 'local',
  'models_count': 314,
  'params': '',
  'predict_duration': 0.2891080379486084,
  'result': -0.29698707776862265,
  'seed': 926091445,
  'task': 'vehicle',
  'training_duration': 3673.72065615654,
  'type': 'multiclass',
  'utc': '2021-12-09T22:31:09',
  'version': '3.34.0.3'}
Job `local.openml_t_190146.pygmo_c.vehicle.0.H2OAutoML` executed in 3683.112 seconds.
All jobs executed in 3683.119 seconds.
[MONITORING] [local.openml_t_190146.pygmo_c.vehicle.0.H2OAutoML] CPU Utilization: 6.8%
[MONITORING] [local.openml_t_190146.pygmo_c.vehicle.0.H2OAutoML] Memory Usage: 2.2%
[MONITORING] [local.openml_t_190146.pygmo_c.vehicle.0.H2OAutoML] Disk Usage: 44.9%
Processing results for h2oautoml.openml_t_190146.pygmo_c.local.20211209T212946
Scores saved to `/home/juradoi/experiments/automlbenchmark/results/h2oautoml.openml_t_190146.pygmo_c.local.20211209T212946/scores/H2OAutoML.benchmark_openml_t_190146.csv`.
Scores saved to `/home/juradoi/experiments/automlbenchmark/results/h2oautoml.openml_t_190146.pygmo_c.local.20211209T212946/scores/results.csv`.
Scores saved to `/home/juradoi/experiments/automlbenchmark/results/results.csv`.
Summing up scores for current run:
                 id    task fold framework constraint    result      metric  duration      seed
openml.org/t/190146 vehicle    0 H2OAutoML    pygmo_c -0.296987 neg_logloss    3683.1 926091445
