/var/spool/slurm/slurmd/job8496254/slurm_script: line 8: activate: No such file or directory
Running benchmark `H2OAutoML` on `openml/t/359979` framework in `local` mode.
Loading frameworks definitions from ['/home/juradoi/experiments/automlbenchmark/resources/frameworks.yaml'].
Loading benchmark constraint definitions from ['/home/juradoi/experiments/automlbenchmark/resources/constraints.yaml'].
Loading openml task 359979.

------------------------------------------------------------------------------
Starting job local.openml_t_359979.pygmo_c.Amazon_employee_access.0.H2OAutoML.
Assigning 16 cores (total=16) for new task Amazon_employee_access.
Assigning 91224 MB (total=95302 MB) for new Amazon_employee_access task.
[MONITORING] [local.openml_t_359979.pygmo_c.Amazon_employee_access.0.H2OAutoML] CPU Utilization: 16.2%
[MONITORING] [local.openml_t_359979.pygmo_c.Amazon_employee_access.0.H2OAutoML] Memory Usage: 2.1%
[MONITORING] [local.openml_t_359979.pygmo_c.Amazon_employee_access.0.H2OAutoML] Disk Usage: 43.2%
Running task Amazon_employee_access on framework H2OAutoML with config:
TaskConfig({})
Running cmd `/home/juradoi/experiments/automlbenchmark/frameworks/H2OAutoML/venv/bin/python -W ignore /home/juradoi/experiments/automlbenchmark/frameworks/H2OAutoML/exec.py`
INFO:__main__:
**** H2O AutoML [v3.34.0.3] ****

INFO:__main__:Starting H2O cluster with 16 cores, 60816M memory.
Checking whether there is an H2O instance running at http://localhost:26881 ..... not found.
Attempting to start a local H2O server...
  Java Version: openjdk version "11.0.12" 2021-07-20; OpenJDK Runtime Environment (build 11.0.12+7-post-Debian-2deb10u1); OpenJDK 64-Bit Server VM (build 11.0.12+7-post-Debian-2deb10u1, mixed mode, sharing)
  Starting server from /home/juradoi/experiments/automlbenchmark/frameworks/H2OAutoML/venv/lib/python3.8/site-packages/h2o/backend/bin/h2o.jar
  Ice root: /tmp/tmpq6fyitov
  JVM stdout: /tmp/tmpq6fyitov/h2o_unknownUser_started_from_python.out
  JVM stderr: /tmp/tmpq6fyitov/h2o_unknownUser_started_from_python.err
  Server is running at http://127.0.0.1:26881
Connecting to H2O server at http://127.0.0.1:26881 ... successful.
--------------------------  ------------------------------------------------------------------
H2O_cluster_uptime:         01 secs
H2O_cluster_timezone:       Europe/Amsterdam
H2O_data_parsing_timezone:  UTC
H2O_cluster_version:        3.34.0.3
H2O_cluster_version_age:    2 months and 2 days
H2O_cluster_name:           H2O_from_python_unknownUser_0c7b2z
H2O_cluster_total_nodes:    1
H2O_cluster_free_memory:    59.39 Gb
H2O_cluster_total_cores:    16
H2O_cluster_allowed_cores:  16
H2O_cluster_status:         locked, healthy
H2O_connection_url:         http://127.0.0.1:26881
H2O_connection_proxy:       {"http": null, "https": null}
H2O_internal_security:      False
H2O_API_Extensions:         Amazon S3, XGBoost, Algos, AutoML, Core V3, TargetEncoder, Core V4
Python_version:             3.8.12 final
--------------------------  ------------------------------------------------------------------
Parse progress: |████████████████████████████████████████████████████████████████| (done) 100%
Parse progress: |████████████████████████████████████████████████████████████████| (done) 100%
Parse progress: |████████████████████████████████████████████████████████████████| (done) 100%
INFO:__main__:Running model on task Amazon_employee_access, fold 0.
[MONITORING] [local.openml_t_359979.pygmo_c.Amazon_employee_access.0.H2OAutoML] CPU Utilization: 38.4%
[MONITORING] [local.openml_t_359979.pygmo_c.Amazon_employee_access.0.H2OAutoML] Memory Usage: 44.4%
[MONITORING] [local.openml_t_359979.pygmo_c.Amazon_employee_access.0.H2OAutoML] Disk Usage: 43.2%
[MONITORING] [local.openml_t_359979.pygmo_c.Amazon_employee_access.0.H2OAutoML] CPU Utilization: 49.6%
[MONITORING] [local.openml_t_359979.pygmo_c.Amazon_employee_access.0.H2OAutoML] Memory Usage: 45.2%
[MONITORING] [local.openml_t_359979.pygmo_c.Amazon_employee_access.0.H2OAutoML] Disk Usage: 43.2%
[MONITORING] [local.openml_t_359979.pygmo_c.Amazon_employee_access.0.H2OAutoML] CPU Utilization: 56.2%
[MONITORING] [local.openml_t_359979.pygmo_c.Amazon_employee_access.0.H2OAutoML] Memory Usage: 45.3%
[MONITORING] [local.openml_t_359979.pygmo_c.Amazon_employee_access.0.H2OAutoML] Disk Usage: 43.2%
[MONITORING] [local.openml_t_359979.pygmo_c.Amazon_employee_access.0.H2OAutoML] CPU Utilization: 56.9%
[MONITORING] [local.openml_t_359979.pygmo_c.Amazon_employee_access.0.H2OAutoML] Memory Usage: 45.4%
[MONITORING] [local.openml_t_359979.pygmo_c.Amazon_employee_access.0.H2OAutoML] Disk Usage: 43.2%
[MONITORING] [local.openml_t_359979.pygmo_c.Amazon_employee_access.0.H2OAutoML] CPU Utilization: 56.2%
[MONITORING] [local.openml_t_359979.pygmo_c.Amazon_employee_access.0.H2OAutoML] Memory Usage: 45.5%
[MONITORING] [local.openml_t_359979.pygmo_c.Amazon_employee_access.0.H2OAutoML] Disk Usage: 43.2%
[MONITORING] [local.openml_t_359979.pygmo_c.Amazon_employee_access.0.H2OAutoML] CPU Utilization: 60.3%
[MONITORING] [local.openml_t_359979.pygmo_c.Amazon_employee_access.0.H2OAutoML] Memory Usage: 45.6%
[MONITORING] [local.openml_t_359979.pygmo_c.Amazon_employee_access.0.H2OAutoML] Disk Usage: 43.2%
[MONITORING] [local.openml_t_359979.pygmo_c.Amazon_employee_access.0.H2OAutoML] CPU Utilization: 58.0%
[MONITORING] [local.openml_t_359979.pygmo_c.Amazon_employee_access.0.H2OAutoML] Memory Usage: 45.7%
[MONITORING] [local.openml_t_359979.pygmo_c.Amazon_employee_access.0.H2OAutoML] Disk Usage: 43.2%
[MONITORING] [local.openml_t_359979.pygmo_c.Amazon_employee_access.0.H2OAutoML] CPU Utilization: 57.5%
[MONITORING] [local.openml_t_359979.pygmo_c.Amazon_employee_access.0.H2OAutoML] Memory Usage: 45.7%
[MONITORING] [local.openml_t_359979.pygmo_c.Amazon_employee_access.0.H2OAutoML] Disk Usage: 43.2%
[MONITORING] [local.openml_t_359979.pygmo_c.Amazon_employee_access.0.H2OAutoML] CPU Utilization: 55.7%
[MONITORING] [local.openml_t_359979.pygmo_c.Amazon_employee_access.0.H2OAutoML] Memory Usage: 45.8%
[MONITORING] [local.openml_t_359979.pygmo_c.Amazon_employee_access.0.H2OAutoML] Disk Usage: 43.2%
[MONITORING] [local.openml_t_359979.pygmo_c.Amazon_employee_access.0.H2OAutoML] CPU Utilization: 56.8%
[MONITORING] [local.openml_t_359979.pygmo_c.Amazon_employee_access.0.H2OAutoML] Memory Usage: 45.9%
[MONITORING] [local.openml_t_359979.pygmo_c.Amazon_employee_access.0.H2OAutoML] Disk Usage: 43.2%
[MONITORING] [local.openml_t_359979.pygmo_c.Amazon_employee_access.0.H2OAutoML] CPU Utilization: 55.6%
[MONITORING] [local.openml_t_359979.pygmo_c.Amazon_employee_access.0.H2OAutoML] Memory Usage: 46.0%
[MONITORING] [local.openml_t_359979.pygmo_c.Amazon_employee_access.0.H2OAutoML] Disk Usage: 43.2%
[MONITORING] [local.openml_t_359979.pygmo_c.Amazon_employee_access.0.H2OAutoML] CPU Utilization: 57.2%
[MONITORING] [local.openml_t_359979.pygmo_c.Amazon_employee_access.0.H2OAutoML] Memory Usage: 46.2%
[MONITORING] [local.openml_t_359979.pygmo_c.Amazon_employee_access.0.H2OAutoML] Disk Usage: 43.2%
[MONITORING] [local.openml_t_359979.pygmo_c.Amazon_employee_access.0.H2OAutoML] CPU Utilization: 59.6%
[MONITORING] [local.openml_t_359979.pygmo_c.Amazon_employee_access.0.H2OAutoML] Memory Usage: 46.2%
[MONITORING] [local.openml_t_359979.pygmo_c.Amazon_employee_access.0.H2OAutoML] Disk Usage: 43.2%
[MONITORING] [local.openml_t_359979.pygmo_c.Amazon_employee_access.0.H2OAutoML] CPU Utilization: 55.5%
[MONITORING] [local.openml_t_359979.pygmo_c.Amazon_employee_access.0.H2OAutoML] Memory Usage: 46.2%
[MONITORING] [local.openml_t_359979.pygmo_c.Amazon_employee_access.0.H2OAutoML] Disk Usage: 43.2%
[MONITORING] [local.openml_t_359979.pygmo_c.Amazon_employee_access.0.H2OAutoML] CPU Utilization: 55.6%
[MONITORING] [local.openml_t_359979.pygmo_c.Amazon_employee_access.0.H2OAutoML] Memory Usage: 46.5%
[MONITORING] [local.openml_t_359979.pygmo_c.Amazon_employee_access.0.H2OAutoML] Disk Usage: 43.2%
[MONITORING] [local.openml_t_359979.pygmo_c.Amazon_employee_access.0.H2OAutoML] CPU Utilization: 33.0%
[MONITORING] [local.openml_t_359979.pygmo_c.Amazon_employee_access.0.H2OAutoML] Memory Usage: 46.5%
[MONITORING] [local.openml_t_359979.pygmo_c.Amazon_employee_access.0.H2OAutoML] Disk Usage: 43.2%
[MONITORING] [local.openml_t_359979.pygmo_c.Amazon_employee_access.0.H2OAutoML] CPU Utilization: 35.5%
[MONITORING] [local.openml_t_359979.pygmo_c.Amazon_employee_access.0.H2OAutoML] Memory Usage: 47.0%
[MONITORING] [local.openml_t_359979.pygmo_c.Amazon_employee_access.0.H2OAutoML] Disk Usage: 43.2%
[MONITORING] [local.openml_t_359979.pygmo_c.Amazon_employee_access.0.H2OAutoML] CPU Utilization: 35.5%
[MONITORING] [local.openml_t_359979.pygmo_c.Amazon_employee_access.0.H2OAutoML] Memory Usage: 47.0%
[MONITORING] [local.openml_t_359979.pygmo_c.Amazon_employee_access.0.H2OAutoML] Disk Usage: 43.2%
[MONITORING] [local.openml_t_359979.pygmo_c.Amazon_employee_access.0.H2OAutoML] CPU Utilization: 32.6%
[MONITORING] [local.openml_t_359979.pygmo_c.Amazon_employee_access.0.H2OAutoML] Memory Usage: 47.0%
[MONITORING] [local.openml_t_359979.pygmo_c.Amazon_employee_access.0.H2OAutoML] Disk Usage: 43.2%
[MONITORING] [local.openml_t_359979.pygmo_c.Amazon_employee_access.0.H2OAutoML] CPU Utilization: 35.8%
[MONITORING] [local.openml_t_359979.pygmo_c.Amazon_employee_access.0.H2OAutoML] Memory Usage: 47.1%
[MONITORING] [local.openml_t_359979.pygmo_c.Amazon_employee_access.0.H2OAutoML] Disk Usage: 43.2%
[MONITORING] [local.openml_t_359979.pygmo_c.Amazon_employee_access.0.H2OAutoML] CPU Utilization: 30.6%
[MONITORING] [local.openml_t_359979.pygmo_c.Amazon_employee_access.0.H2OAutoML] Memory Usage: 47.1%
[MONITORING] [local.openml_t_359979.pygmo_c.Amazon_employee_access.0.H2OAutoML] Disk Usage: 43.2%
[MONITORING] [local.openml_t_359979.pygmo_c.Amazon_employee_access.0.H2OAutoML] CPU Utilization: 34.8%
[MONITORING] [local.openml_t_359979.pygmo_c.Amazon_employee_access.0.H2OAutoML] Memory Usage: 47.4%
[MONITORING] [local.openml_t_359979.pygmo_c.Amazon_employee_access.0.H2OAutoML] Disk Usage: 43.2%
[MONITORING] [local.openml_t_359979.pygmo_c.Amazon_employee_access.0.H2OAutoML] CPU Utilization: 38.6%
[MONITORING] [local.openml_t_359979.pygmo_c.Amazon_employee_access.0.H2OAutoML] Memory Usage: 47.4%
[MONITORING] [local.openml_t_359979.pygmo_c.Amazon_employee_access.0.H2OAutoML] Disk Usage: 43.2%
[MONITORING] [local.openml_t_359979.pygmo_c.Amazon_employee_access.0.H2OAutoML] CPU Utilization: 52.4%
[MONITORING] [local.openml_t_359979.pygmo_c.Amazon_employee_access.0.H2OAutoML] Memory Usage: 49.6%
[MONITORING] [local.openml_t_359979.pygmo_c.Amazon_employee_access.0.H2OAutoML] Disk Usage: 43.2%
[MONITORING] [local.openml_t_359979.pygmo_c.Amazon_employee_access.0.H2OAutoML] CPU Utilization: 88.0%
[MONITORING] [local.openml_t_359979.pygmo_c.Amazon_employee_access.0.H2OAutoML] Memory Usage: 58.6%
[MONITORING] [local.openml_t_359979.pygmo_c.Amazon_employee_access.0.H2OAutoML] Disk Usage: 43.2%
[MONITORING] [local.openml_t_359979.pygmo_c.Amazon_employee_access.0.H2OAutoML] CPU Utilization: 87.6%
[MONITORING] [local.openml_t_359979.pygmo_c.Amazon_employee_access.0.H2OAutoML] Memory Usage: 61.9%
[MONITORING] [local.openml_t_359979.pygmo_c.Amazon_employee_access.0.H2OAutoML] Disk Usage: 43.2%
[MONITORING] [local.openml_t_359979.pygmo_c.Amazon_employee_access.0.H2OAutoML] CPU Utilization: 87.1%
[MONITORING] [local.openml_t_359979.pygmo_c.Amazon_employee_access.0.H2OAutoML] Memory Usage: 66.0%
[MONITORING] [local.openml_t_359979.pygmo_c.Amazon_employee_access.0.H2OAutoML] Disk Usage: 43.2%
[MONITORING] [local.openml_t_359979.pygmo_c.Amazon_employee_access.0.H2OAutoML] CPU Utilization: 84.0%
[MONITORING] [local.openml_t_359979.pygmo_c.Amazon_employee_access.0.H2OAutoML] Memory Usage: 67.9%
[MONITORING] [local.openml_t_359979.pygmo_c.Amazon_employee_access.0.H2OAutoML] Disk Usage: 43.2%
[MONITORING] [local.openml_t_359979.pygmo_c.Amazon_employee_access.0.H2OAutoML] CPU Utilization: 69.5%
[MONITORING] [local.openml_t_359979.pygmo_c.Amazon_employee_access.0.H2OAutoML] Memory Usage: 68.2%
[MONITORING] [local.openml_t_359979.pygmo_c.Amazon_employee_access.0.H2OAutoML] Disk Usage: 43.2%
[MONITORING] [local.openml_t_359979.pygmo_c.Amazon_employee_access.0.H2OAutoML] CPU Utilization: 66.0%
[MONITORING] [local.openml_t_359979.pygmo_c.Amazon_employee_access.0.H2OAutoML] Memory Usage: 68.4%
[MONITORING] [local.openml_t_359979.pygmo_c.Amazon_employee_access.0.H2OAutoML] Disk Usage: 43.2%
AutoML progress: |███████████████████████████████████████████████████████████████| (done) 100%
stackedensemble prediction progress: |███████████████████████████████████████████| (done) 100%
H2O session _sid_80a9 closed.



Predictions preview:
                        0                   1 predictions truth
0    0.04598046096653308  0.9540195390334669           1     1
1   0.011401563337909537  0.9885984366620905           1     1
2    0.01721850186808993  0.9827814981319101           1     1
3   0.011401563337909537  0.9885984366620905           1     1
4   0.017303705338229114  0.9826962946617709           1     1
5   0.013689965554855132  0.9863100344451449           1     1
6   0.017303705338229114  0.9826962946617709           1     1
7   0.013689965554855132  0.9863100344451449           1     1
8   0.011401563337909537  0.9885984366620905           1     1
9   0.011401563337909537  0.9885984366620905           1     1
10  0.012116599153152774  0.9878834008468472           1     1
11  0.016221780887972548  0.9837782191120275           1     1
12  0.011401563337909537  0.9885984366620905           1     1
13  0.013689965554855132  0.9863100344451449           1     1
14  0.011401563337909537  0.9885984366620905           1     1
15   0.02339542506557868  0.9766045749344213           1     1
16  0.011401563337909537  0.9885984366620905           1     1
17  0.016524278385479207  0.9834757216145208           1     1
18  0.011401563337909537  0.9885984366620905           1     1
19  0.027698820984984107  0.9723011790150159           1     1

Predictions saved to `/home/juradoi/experiments/automlbenchmark/results/h2oautoml.openml_t_359979.pygmo_c.local.20211210T063735/predictions/Amazon_employee_access/0/predictions.csv`.
Loading metadata from `/home/juradoi/experiments/automlbenchmark/results/h2oautoml.openml_t_359979.pygmo_c.local.20211210T063735/predictions/Amazon_employee_access/0/metadata.json`.
Loading predictions from `/home/juradoi/experiments/automlbenchmark/results/h2oautoml.openml_t_359979.pygmo_c.local.20211210T063735/predictions/Amazon_employee_access/0/predictions.csv`.
Metric scores: { 'acc': 0.9472078120231919,
  'app_version': 'dev [master, beef024]',
  'auc': 0.872030663157606,
  'balacc': 0.5820654110809551,
  'constraint': 'pygmo_c',
  'duration': nan,
  'fold': 0,
  'framework': 'H2OAutoML',
  'id': 'openml.org/t/359979',
  'info': None,
  'logloss': 0.14866297101191978,
  'metric': 'auc',
  'mode': 'local',
  'models_count': 301,
  'params': '',
  'predict_duration': 4.160710573196411,
  'result': 0.872030663157606,
  'seed': 1381578088,
  'task': 'Amazon_employee_access',
  'training_duration': 3604.9590356349945,
  'type': 'binary',
  'utc': '2021-12-10T07:37:56',
  'version': '3.34.0.3'}
Job `local.openml_t_359979.pygmo_c.Amazon_employee_access.0.H2OAutoML` executed in 3618.222 seconds.
All jobs executed in 3620.475 seconds.
[MONITORING] [local.openml_t_359979.pygmo_c.Amazon_employee_access.0.H2OAutoML] CPU Utilization: 28.9%
[MONITORING] [local.openml_t_359979.pygmo_c.Amazon_employee_access.0.H2OAutoML] Memory Usage: 2.1%
[MONITORING] [local.openml_t_359979.pygmo_c.Amazon_employee_access.0.H2OAutoML] Disk Usage: 43.2%
Processing results for h2oautoml.openml_t_359979.pygmo_c.local.20211210T063735
Scores saved to `/home/juradoi/experiments/automlbenchmark/results/h2oautoml.openml_t_359979.pygmo_c.local.20211210T063735/scores/H2OAutoML.benchmark_openml_t_359979.csv`.
Scores saved to `/home/juradoi/experiments/automlbenchmark/results/h2oautoml.openml_t_359979.pygmo_c.local.20211210T063735/scores/results.csv`.
Scores saved to `/home/juradoi/experiments/automlbenchmark/results/results.csv`.
Summing up scores for current run:
                 id                   task fold framework constraint   result metric  duration       seed
openml.org/t/359979 Amazon_employee_access    0 H2OAutoML    pygmo_c 0.872031    auc    3618.2 1381578088
