/var/spool/slurm/slurmd/job8493692/slurm_script: line 8: activate: No such file or directory
Running benchmark `H2OAutoML` on `openml/t/189922` framework in `local` mode.
Loading frameworks definitions from ['/home/juradoi/experiments/automlbenchmark/resources/frameworks.yaml'].
Loading benchmark constraint definitions from ['/home/juradoi/experiments/automlbenchmark/resources/constraints.yaml'].
Loading openml task 189922.

------------------------------------------------------------
Starting job local.openml_t_189922.pygmo_c.gina.0.H2OAutoML.
Assigning 16 cores (total=16) for new task gina.
Assigning 91381 MB (total=95302 MB) for new gina task.
[MONITORING] [local.openml_t_189922.pygmo_c.gina.0.H2OAutoML] CPU Utilization: 13.5%
[MONITORING] [local.openml_t_189922.pygmo_c.gina.0.H2OAutoML] Memory Usage: 2.0%
[MONITORING] [local.openml_t_189922.pygmo_c.gina.0.H2OAutoML] Disk Usage: 43.1%
Running task gina on framework H2OAutoML with config:
TaskConfig({})
Running cmd `/home/juradoi/experiments/automlbenchmark/frameworks/H2OAutoML/venv/bin/python -W ignore /home/juradoi/experiments/automlbenchmark/frameworks/H2OAutoML/exec.py`
INFO:__main__:
**** H2O AutoML [v3.34.0.3] ****

INFO:__main__:Starting H2O cluster with 16 cores, 60921M memory.
Checking whether there is an H2O instance running at http://localhost:6549 ..... not found.
Attempting to start a local H2O server...
  Java Version: openjdk version "11.0.12" 2021-07-20; OpenJDK Runtime Environment (build 11.0.12+7-post-Debian-2deb10u1); OpenJDK 64-Bit Server VM (build 11.0.12+7-post-Debian-2deb10u1, mixed mode, sharing)
  Starting server from /home/juradoi/experiments/automlbenchmark/frameworks/H2OAutoML/venv/lib/python3.8/site-packages/h2o/backend/bin/h2o.jar
  Ice root: /tmp/tmp7cx9_95c
  JVM stdout: /tmp/tmp7cx9_95c/h2o_unknownUser_started_from_python.out
  JVM stderr: /tmp/tmp7cx9_95c/h2o_unknownUser_started_from_python.err
  Server is running at http://127.0.0.1:6549
Connecting to H2O server at http://127.0.0.1:6549 ... successful.
--------------------------  ------------------------------------------------------------------
H2O_cluster_uptime:         01 secs
H2O_cluster_timezone:       Europe/Amsterdam
H2O_data_parsing_timezone:  UTC
H2O_cluster_version:        3.34.0.3
H2O_cluster_version_age:    2 months and 2 days
H2O_cluster_name:           H2O_from_python_unknownUser_15sndf
H2O_cluster_total_nodes:    1
H2O_cluster_free_memory:    59.50 Gb
H2O_cluster_total_cores:    16
H2O_cluster_allowed_cores:  16
H2O_cluster_status:         locked, healthy
H2O_connection_url:         http://127.0.0.1:6549
H2O_connection_proxy:       {"http": null, "https": null}
H2O_internal_security:      False
H2O_API_Extensions:         Amazon S3, XGBoost, Algos, AutoML, Core V3, TargetEncoder, Core V4
Python_version:             3.8.12 final
--------------------------  ------------------------------------------------------------------
Parse progress: |████████████████████████████████████████████████████████████████| (done) 100%
Parse progress: |████████████████████████████████████████████████████████████████| (done) 100%
INFO:__main__:Running model on task gina, fold 0.
[MONITORING] [local.openml_t_189922.pygmo_c.gina.0.H2OAutoML] CPU Utilization: 75.1%
[MONITORING] [local.openml_t_189922.pygmo_c.gina.0.H2OAutoML] Memory Usage: 44.6%
[MONITORING] [local.openml_t_189922.pygmo_c.gina.0.H2OAutoML] Disk Usage: 43.1%
[MONITORING] [local.openml_t_189922.pygmo_c.gina.0.H2OAutoML] CPU Utilization: 55.5%
[MONITORING] [local.openml_t_189922.pygmo_c.gina.0.H2OAutoML] Memory Usage: 45.0%
[MONITORING] [local.openml_t_189922.pygmo_c.gina.0.H2OAutoML] Disk Usage: 43.1%
[MONITORING] [local.openml_t_189922.pygmo_c.gina.0.H2OAutoML] CPU Utilization: 81.1%
[MONITORING] [local.openml_t_189922.pygmo_c.gina.0.H2OAutoML] Memory Usage: 45.0%
[MONITORING] [local.openml_t_189922.pygmo_c.gina.0.H2OAutoML] Disk Usage: 43.1%
[MONITORING] [local.openml_t_189922.pygmo_c.gina.0.H2OAutoML] CPU Utilization: 80.4%
[MONITORING] [local.openml_t_189922.pygmo_c.gina.0.H2OAutoML] Memory Usage: 45.0%
[MONITORING] [local.openml_t_189922.pygmo_c.gina.0.H2OAutoML] Disk Usage: 43.1%
[MONITORING] [local.openml_t_189922.pygmo_c.gina.0.H2OAutoML] CPU Utilization: 69.9%
[MONITORING] [local.openml_t_189922.pygmo_c.gina.0.H2OAutoML] Memory Usage: 45.2%
[MONITORING] [local.openml_t_189922.pygmo_c.gina.0.H2OAutoML] Disk Usage: 43.1%
[MONITORING] [local.openml_t_189922.pygmo_c.gina.0.H2OAutoML] CPU Utilization: 73.2%
[MONITORING] [local.openml_t_189922.pygmo_c.gina.0.H2OAutoML] Memory Usage: 45.6%
[MONITORING] [local.openml_t_189922.pygmo_c.gina.0.H2OAutoML] Disk Usage: 43.1%
[MONITORING] [local.openml_t_189922.pygmo_c.gina.0.H2OAutoML] CPU Utilization: 75.5%
[MONITORING] [local.openml_t_189922.pygmo_c.gina.0.H2OAutoML] Memory Usage: 45.9%
[MONITORING] [local.openml_t_189922.pygmo_c.gina.0.H2OAutoML] Disk Usage: 43.1%
[MONITORING] [local.openml_t_189922.pygmo_c.gina.0.H2OAutoML] CPU Utilization: 75.2%
[MONITORING] [local.openml_t_189922.pygmo_c.gina.0.H2OAutoML] Memory Usage: 46.0%
[MONITORING] [local.openml_t_189922.pygmo_c.gina.0.H2OAutoML] Disk Usage: 43.1%
[MONITORING] [local.openml_t_189922.pygmo_c.gina.0.H2OAutoML] CPU Utilization: 74.9%
[MONITORING] [local.openml_t_189922.pygmo_c.gina.0.H2OAutoML] Memory Usage: 46.7%
[MONITORING] [local.openml_t_189922.pygmo_c.gina.0.H2OAutoML] Disk Usage: 43.1%
[MONITORING] [local.openml_t_189922.pygmo_c.gina.0.H2OAutoML] CPU Utilization: 77.6%
[MONITORING] [local.openml_t_189922.pygmo_c.gina.0.H2OAutoML] Memory Usage: 46.8%
[MONITORING] [local.openml_t_189922.pygmo_c.gina.0.H2OAutoML] Disk Usage: 43.1%
[MONITORING] [local.openml_t_189922.pygmo_c.gina.0.H2OAutoML] CPU Utilization: 77.4%
[MONITORING] [local.openml_t_189922.pygmo_c.gina.0.H2OAutoML] Memory Usage: 46.9%
[MONITORING] [local.openml_t_189922.pygmo_c.gina.0.H2OAutoML] Disk Usage: 43.1%
[MONITORING] [local.openml_t_189922.pygmo_c.gina.0.H2OAutoML] CPU Utilization: 75.5%
[MONITORING] [local.openml_t_189922.pygmo_c.gina.0.H2OAutoML] Memory Usage: 47.5%
[MONITORING] [local.openml_t_189922.pygmo_c.gina.0.H2OAutoML] Disk Usage: 43.1%
[MONITORING] [local.openml_t_189922.pygmo_c.gina.0.H2OAutoML] CPU Utilization: 76.2%
[MONITORING] [local.openml_t_189922.pygmo_c.gina.0.H2OAutoML] Memory Usage: 48.0%
[MONITORING] [local.openml_t_189922.pygmo_c.gina.0.H2OAutoML] Disk Usage: 43.1%
[MONITORING] [local.openml_t_189922.pygmo_c.gina.0.H2OAutoML] CPU Utilization: 76.0%
[MONITORING] [local.openml_t_189922.pygmo_c.gina.0.H2OAutoML] Memory Usage: 48.7%
[MONITORING] [local.openml_t_189922.pygmo_c.gina.0.H2OAutoML] Disk Usage: 43.1%
[MONITORING] [local.openml_t_189922.pygmo_c.gina.0.H2OAutoML] CPU Utilization: 76.9%
[MONITORING] [local.openml_t_189922.pygmo_c.gina.0.H2OAutoML] Memory Usage: 48.8%
[MONITORING] [local.openml_t_189922.pygmo_c.gina.0.H2OAutoML] Disk Usage: 43.1%
[MONITORING] [local.openml_t_189922.pygmo_c.gina.0.H2OAutoML] CPU Utilization: 81.4%
[MONITORING] [local.openml_t_189922.pygmo_c.gina.0.H2OAutoML] Memory Usage: 48.9%
[MONITORING] [local.openml_t_189922.pygmo_c.gina.0.H2OAutoML] Disk Usage: 43.1%
[MONITORING] [local.openml_t_189922.pygmo_c.gina.0.H2OAutoML] CPU Utilization: 81.9%
[MONITORING] [local.openml_t_189922.pygmo_c.gina.0.H2OAutoML] Memory Usage: 49.7%
[MONITORING] [local.openml_t_189922.pygmo_c.gina.0.H2OAutoML] Disk Usage: 43.1%
[MONITORING] [local.openml_t_189922.pygmo_c.gina.0.H2OAutoML] CPU Utilization: 81.7%
[MONITORING] [local.openml_t_189922.pygmo_c.gina.0.H2OAutoML] Memory Usage: 49.6%
[MONITORING] [local.openml_t_189922.pygmo_c.gina.0.H2OAutoML] Disk Usage: 43.1%
[MONITORING] [local.openml_t_189922.pygmo_c.gina.0.H2OAutoML] CPU Utilization: 83.3%
[MONITORING] [local.openml_t_189922.pygmo_c.gina.0.H2OAutoML] Memory Usage: 50.1%
[MONITORING] [local.openml_t_189922.pygmo_c.gina.0.H2OAutoML] Disk Usage: 43.1%
[MONITORING] [local.openml_t_189922.pygmo_c.gina.0.H2OAutoML] CPU Utilization: 83.6%
[MONITORING] [local.openml_t_189922.pygmo_c.gina.0.H2OAutoML] Memory Usage: 50.1%
[MONITORING] [local.openml_t_189922.pygmo_c.gina.0.H2OAutoML] Disk Usage: 43.1%
[MONITORING] [local.openml_t_189922.pygmo_c.gina.0.H2OAutoML] CPU Utilization: 79.6%
[MONITORING] [local.openml_t_189922.pygmo_c.gina.0.H2OAutoML] Memory Usage: 50.1%
[MONITORING] [local.openml_t_189922.pygmo_c.gina.0.H2OAutoML] Disk Usage: 43.1%
[MONITORING] [local.openml_t_189922.pygmo_c.gina.0.H2OAutoML] CPU Utilization: 84.1%
[MONITORING] [local.openml_t_189922.pygmo_c.gina.0.H2OAutoML] Memory Usage: 50.1%
[MONITORING] [local.openml_t_189922.pygmo_c.gina.0.H2OAutoML] Disk Usage: 43.1%
[MONITORING] [local.openml_t_189922.pygmo_c.gina.0.H2OAutoML] CPU Utilization: 78.3%
[MONITORING] [local.openml_t_189922.pygmo_c.gina.0.H2OAutoML] Memory Usage: 50.1%
[MONITORING] [local.openml_t_189922.pygmo_c.gina.0.H2OAutoML] Disk Usage: 43.1%
[MONITORING] [local.openml_t_189922.pygmo_c.gina.0.H2OAutoML] CPU Utilization: 80.7%
[MONITORING] [local.openml_t_189922.pygmo_c.gina.0.H2OAutoML] Memory Usage: 50.3%
[MONITORING] [local.openml_t_189922.pygmo_c.gina.0.H2OAutoML] Disk Usage: 43.1%
[MONITORING] [local.openml_t_189922.pygmo_c.gina.0.H2OAutoML] CPU Utilization: 83.4%
[MONITORING] [local.openml_t_189922.pygmo_c.gina.0.H2OAutoML] Memory Usage: 50.3%
[MONITORING] [local.openml_t_189922.pygmo_c.gina.0.H2OAutoML] Disk Usage: 43.1%
[MONITORING] [local.openml_t_189922.pygmo_c.gina.0.H2OAutoML] CPU Utilization: 87.5%
[MONITORING] [local.openml_t_189922.pygmo_c.gina.0.H2OAutoML] Memory Usage: 50.3%
[MONITORING] [local.openml_t_189922.pygmo_c.gina.0.H2OAutoML] Disk Usage: 43.1%
[MONITORING] [local.openml_t_189922.pygmo_c.gina.0.H2OAutoML] CPU Utilization: 88.2%
[MONITORING] [local.openml_t_189922.pygmo_c.gina.0.H2OAutoML] Memory Usage: 50.3%
[MONITORING] [local.openml_t_189922.pygmo_c.gina.0.H2OAutoML] Disk Usage: 43.1%
[MONITORING] [local.openml_t_189922.pygmo_c.gina.0.H2OAutoML] CPU Utilization: 88.6%
[MONITORING] [local.openml_t_189922.pygmo_c.gina.0.H2OAutoML] Memory Usage: 50.3%
[MONITORING] [local.openml_t_189922.pygmo_c.gina.0.H2OAutoML] Disk Usage: 43.1%
[MONITORING] [local.openml_t_189922.pygmo_c.gina.0.H2OAutoML] CPU Utilization: 86.7%
[MONITORING] [local.openml_t_189922.pygmo_c.gina.0.H2OAutoML] Memory Usage: 50.4%
[MONITORING] [local.openml_t_189922.pygmo_c.gina.0.H2OAutoML] Disk Usage: 43.1%
[MONITORING] [local.openml_t_189922.pygmo_c.gina.0.H2OAutoML] CPU Utilization: 80.4%
[MONITORING] [local.openml_t_189922.pygmo_c.gina.0.H2OAutoML] Memory Usage: 50.4%
[MONITORING] [local.openml_t_189922.pygmo_c.gina.0.H2OAutoML] Disk Usage: 43.1%
AutoML progress: |███████████████████████████████████████████████████████████████| (done) 100%
stackedensemble prediction progress: |███████████████████████████████████████████| (done) 100%
H2O session _sid_83b2 closed.



Predictions preview:
                         0                   1 predictions truth
0     0.00644256242171537  0.9935574375782846           1     1
1    0.018923155901319433  0.9810768440986806           1     1
2   0.0060454179783697715  0.9939545820216302           1     1
3    0.006248490841151644  0.9937515091588484           1     1
4     0.00969720355007786  0.9903027964499221           1     1
5    0.006606230537481661  0.9933937694625183           1     1
6    0.013445195234463636  0.9865548047655364           1     1
7    0.001269128346434223  0.9987308716535658           1     1
8    0.008528378898066902  0.9914716211019331           1     1
9    0.012284198314728378  0.9877158016852716           1     1
10     0.2597451336493857  0.7402548663506143           1     1
11    0.00436098847241384  0.9956390115275862           1     1
12  0.0021002694894393104  0.9978997305105607           1     1
13   0.005447206269294291  0.9945527937307057           1     1
14   0.003165794000043909  0.9968342059999561           1     1
15     0.5322910024091745  0.4677089975908255           0     1
16    0.00907210148147497   0.990927898518525           1     1
17   0.005188341503231331  0.9948116584967687           1     1
18   0.004939035406940628  0.9950609645930594           1     1
19   0.022260137536941893  0.9777398624630581           1     1

Predictions saved to `/home/juradoi/experiments/automlbenchmark/results/h2oautoml.openml_t_189922.pygmo_c.local.20211209T211501/predictions/gina/0/predictions.csv`.
Loading metadata from `/home/juradoi/experiments/automlbenchmark/results/h2oautoml.openml_t_189922.pygmo_c.local.20211209T211501/predictions/gina/0/metadata.json`.
Loading predictions from `/home/juradoi/experiments/automlbenchmark/results/h2oautoml.openml_t_189922.pygmo_c.local.20211209T211501/predictions/gina/0/predictions.csv`.
Metric scores: { 'acc': 0.9525316455696202,
  'app_version': 'dev [master, beef024]',
  'auc': 0.993187737928271,
  'balacc': 0.952213985173312,
  'constraint': 'pygmo_c',
  'duration': nan,
  'fold': 0,
  'framework': 'H2OAutoML',
  'id': 'openml.org/t/189922',
  'info': None,
  'logloss': 0.10891925807908796,
  'metric': 'auc',
  'mode': 'local',
  'models_count': 171,
  'params': '',
  'predict_duration': 0.3578348159790039,
  'result': 0.993187737928271,
  'seed': 1997767825,
  'task': 'gina',
  'training_duration': 3602.926593065262,
  'type': 'binary',
  'utc': '2021-12-09T22:15:18',
  'version': '3.34.0.3'}
Job `local.openml_t_189922.pygmo_c.gina.0.H2OAutoML` executed in 3616.786 seconds.
All jobs executed in 3616.797 seconds.
[MONITORING] [local.openml_t_189922.pygmo_c.gina.0.H2OAutoML] CPU Utilization: 51.7%
[MONITORING] [local.openml_t_189922.pygmo_c.gina.0.H2OAutoML] Memory Usage: 2.0%
[MONITORING] [local.openml_t_189922.pygmo_c.gina.0.H2OAutoML] Disk Usage: 43.1%
Processing results for h2oautoml.openml_t_189922.pygmo_c.local.20211209T211501
Scores saved to `/home/juradoi/experiments/automlbenchmark/results/h2oautoml.openml_t_189922.pygmo_c.local.20211209T211501/scores/H2OAutoML.benchmark_openml_t_189922.csv`.
Scores saved to `/home/juradoi/experiments/automlbenchmark/results/h2oautoml.openml_t_189922.pygmo_c.local.20211209T211501/scores/results.csv`.
Scores saved to `/home/juradoi/experiments/automlbenchmark/results/results.csv`.
Summing up scores for current run:
                 id task fold framework constraint   result metric  duration       seed
openml.org/t/189922 gina    0 H2OAutoML    pygmo_c 0.993188    auc    3616.8 1997767825
