/var/spool/slurm/slurmd/job8494817/slurm_script: line 8: activate: No such file or directory
Running benchmark `H2OAutoML` on `openml/t/359969` framework in `local` mode.
Loading frameworks definitions from ['/home/juradoi/experiments/automlbenchmark/resources/frameworks.yaml'].
Loading benchmark constraint definitions from ['/home/juradoi/experiments/automlbenchmark/resources/constraints.yaml'].
Loading openml task 359969.

-----------------------------------------------------------------------------------
Starting job local.openml_t_359969.pygmo_c.first-order-theorem-proving.0.H2OAutoML.
Assigning 16 cores (total=16) for new task first-order-theorem-proving.
Assigning 91139 MB (total=95302 MB) for new first-order-theorem-proving task.
[MONITORING] [local.openml_t_359969.pygmo_c.first-order-theorem-proving.0.H2OAutoML] CPU Utilization: 18.2%
[MONITORING] [local.openml_t_359969.pygmo_c.first-order-theorem-proving.0.H2OAutoML] Memory Usage: 2.2%
[MONITORING] [local.openml_t_359969.pygmo_c.first-order-theorem-proving.0.H2OAutoML] Disk Usage: 43.2%
Running task first-order-theorem-proving on framework H2OAutoML with config:
TaskConfig({})
Running cmd `/home/juradoi/experiments/automlbenchmark/frameworks/H2OAutoML/venv/bin/python -W ignore /home/juradoi/experiments/automlbenchmark/frameworks/H2OAutoML/exec.py`
INFO:__main__:
**** H2O AutoML [v3.34.0.3] ****

INFO:__main__:Starting H2O cluster with 16 cores, 60759M memory.
Checking whether there is an H2O instance running at http://localhost:33267 ..... not found.
Attempting to start a local H2O server...
  Java Version: openjdk version "11.0.12" 2021-07-20; OpenJDK Runtime Environment (build 11.0.12+7-post-Debian-2deb10u1); OpenJDK 64-Bit Server VM (build 11.0.12+7-post-Debian-2deb10u1, mixed mode, sharing)
  Starting server from /home/juradoi/experiments/automlbenchmark/frameworks/H2OAutoML/venv/lib/python3.8/site-packages/h2o/backend/bin/h2o.jar
  Ice root: /tmp/tmp5rokf1p9
  JVM stdout: /tmp/tmp5rokf1p9/h2o_unknownUser_started_from_python.out
  JVM stderr: /tmp/tmp5rokf1p9/h2o_unknownUser_started_from_python.err
  Server is running at http://127.0.0.1:33267
Connecting to H2O server at http://127.0.0.1:33267 ... successful.
--------------------------  ------------------------------------------------------------------
H2O_cluster_uptime:         01 secs
H2O_cluster_timezone:       Europe/Amsterdam
H2O_data_parsing_timezone:  UTC
H2O_cluster_version:        3.34.0.3
H2O_cluster_version_age:    2 months and 2 days
H2O_cluster_name:           H2O_from_python_unknownUser_nn79m2
H2O_cluster_total_nodes:    1
H2O_cluster_free_memory:    59.34 Gb
H2O_cluster_total_cores:    16
H2O_cluster_allowed_cores:  16
H2O_cluster_status:         locked, healthy
H2O_connection_url:         http://127.0.0.1:33267
H2O_connection_proxy:       {"http": null, "https": null}
H2O_internal_security:      False
H2O_API_Extensions:         Amazon S3, XGBoost, Algos, AutoML, Core V3, TargetEncoder, Core V4
Python_version:             3.8.12 final
--------------------------  ------------------------------------------------------------------
Parse progress: |████████████████████████████████████████████████████████████████| (done) 100%
Parse progress: |████████████████████████████████████████████████████████████████| (done) 100%
INFO:__main__:Running model on task first-order-theorem-proving, fold 0.
[MONITORING] [local.openml_t_359969.pygmo_c.first-order-theorem-proving.0.H2OAutoML] CPU Utilization: 72.7%
[MONITORING] [local.openml_t_359969.pygmo_c.first-order-theorem-proving.0.H2OAutoML] Memory Usage: 44.9%
[MONITORING] [local.openml_t_359969.pygmo_c.first-order-theorem-proving.0.H2OAutoML] Disk Usage: 43.2%
[MONITORING] [local.openml_t_359969.pygmo_c.first-order-theorem-proving.0.H2OAutoML] CPU Utilization: 74.1%
[MONITORING] [local.openml_t_359969.pygmo_c.first-order-theorem-proving.0.H2OAutoML] Memory Usage: 45.0%
[MONITORING] [local.openml_t_359969.pygmo_c.first-order-theorem-proving.0.H2OAutoML] Disk Usage: 43.2%
[MONITORING] [local.openml_t_359969.pygmo_c.first-order-theorem-proving.0.H2OAutoML] CPU Utilization: 75.0%
[MONITORING] [local.openml_t_359969.pygmo_c.first-order-theorem-proving.0.H2OAutoML] Memory Usage: 45.6%
[MONITORING] [local.openml_t_359969.pygmo_c.first-order-theorem-proving.0.H2OAutoML] Disk Usage: 43.2%
[MONITORING] [local.openml_t_359969.pygmo_c.first-order-theorem-proving.0.H2OAutoML] CPU Utilization: 74.1%
[MONITORING] [local.openml_t_359969.pygmo_c.first-order-theorem-proving.0.H2OAutoML] Memory Usage: 45.6%
[MONITORING] [local.openml_t_359969.pygmo_c.first-order-theorem-proving.0.H2OAutoML] Disk Usage: 43.2%
[MONITORING] [local.openml_t_359969.pygmo_c.first-order-theorem-proving.0.H2OAutoML] CPU Utilization: 75.6%
[MONITORING] [local.openml_t_359969.pygmo_c.first-order-theorem-proving.0.H2OAutoML] Memory Usage: 45.6%
[MONITORING] [local.openml_t_359969.pygmo_c.first-order-theorem-proving.0.H2OAutoML] Disk Usage: 43.2%
[MONITORING] [local.openml_t_359969.pygmo_c.first-order-theorem-proving.0.H2OAutoML] CPU Utilization: 79.3%
[MONITORING] [local.openml_t_359969.pygmo_c.first-order-theorem-proving.0.H2OAutoML] Memory Usage: 47.1%
[MONITORING] [local.openml_t_359969.pygmo_c.first-order-theorem-proving.0.H2OAutoML] Disk Usage: 43.2%
[MONITORING] [local.openml_t_359969.pygmo_c.first-order-theorem-proving.0.H2OAutoML] CPU Utilization: 89.7%
[MONITORING] [local.openml_t_359969.pygmo_c.first-order-theorem-proving.0.H2OAutoML] Memory Usage: 47.1%
[MONITORING] [local.openml_t_359969.pygmo_c.first-order-theorem-proving.0.H2OAutoML] Disk Usage: 43.2%
[MONITORING] [local.openml_t_359969.pygmo_c.first-order-theorem-proving.0.H2OAutoML] CPU Utilization: 96.8%
[MONITORING] [local.openml_t_359969.pygmo_c.first-order-theorem-proving.0.H2OAutoML] Memory Usage: 47.1%
[MONITORING] [local.openml_t_359969.pygmo_c.first-order-theorem-proving.0.H2OAutoML] Disk Usage: 43.2%
[MONITORING] [local.openml_t_359969.pygmo_c.first-order-theorem-proving.0.H2OAutoML] CPU Utilization: 95.8%
[MONITORING] [local.openml_t_359969.pygmo_c.first-order-theorem-proving.0.H2OAutoML] Memory Usage: 47.5%
[MONITORING] [local.openml_t_359969.pygmo_c.first-order-theorem-proving.0.H2OAutoML] Disk Usage: 43.2%
[MONITORING] [local.openml_t_359969.pygmo_c.first-order-theorem-proving.0.H2OAutoML] CPU Utilization: 95.9%
[MONITORING] [local.openml_t_359969.pygmo_c.first-order-theorem-proving.0.H2OAutoML] Memory Usage: 47.5%
[MONITORING] [local.openml_t_359969.pygmo_c.first-order-theorem-proving.0.H2OAutoML] Disk Usage: 43.2%
[MONITORING] [local.openml_t_359969.pygmo_c.first-order-theorem-proving.0.H2OAutoML] CPU Utilization: 96.2%
[MONITORING] [local.openml_t_359969.pygmo_c.first-order-theorem-proving.0.H2OAutoML] Memory Usage: 47.5%
[MONITORING] [local.openml_t_359969.pygmo_c.first-order-theorem-proving.0.H2OAutoML] Disk Usage: 43.2%
[MONITORING] [local.openml_t_359969.pygmo_c.first-order-theorem-proving.0.H2OAutoML] CPU Utilization: 96.1%
[MONITORING] [local.openml_t_359969.pygmo_c.first-order-theorem-proving.0.H2OAutoML] Memory Usage: 47.5%
[MONITORING] [local.openml_t_359969.pygmo_c.first-order-theorem-proving.0.H2OAutoML] Disk Usage: 43.2%
[MONITORING] [local.openml_t_359969.pygmo_c.first-order-theorem-proving.0.H2OAutoML] CPU Utilization: 96.1%
[MONITORING] [local.openml_t_359969.pygmo_c.first-order-theorem-proving.0.H2OAutoML] Memory Usage: 47.5%
[MONITORING] [local.openml_t_359969.pygmo_c.first-order-theorem-proving.0.H2OAutoML] Disk Usage: 43.2%
[MONITORING] [local.openml_t_359969.pygmo_c.first-order-theorem-proving.0.H2OAutoML] CPU Utilization: 97.0%
[MONITORING] [local.openml_t_359969.pygmo_c.first-order-theorem-proving.0.H2OAutoML] Memory Usage: 47.5%
[MONITORING] [local.openml_t_359969.pygmo_c.first-order-theorem-proving.0.H2OAutoML] Disk Usage: 43.2%
[MONITORING] [local.openml_t_359969.pygmo_c.first-order-theorem-proving.0.H2OAutoML] CPU Utilization: 96.8%
[MONITORING] [local.openml_t_359969.pygmo_c.first-order-theorem-proving.0.H2OAutoML] Memory Usage: 47.5%
[MONITORING] [local.openml_t_359969.pygmo_c.first-order-theorem-proving.0.H2OAutoML] Disk Usage: 43.2%
[MONITORING] [local.openml_t_359969.pygmo_c.first-order-theorem-proving.0.H2OAutoML] CPU Utilization: 96.4%
[MONITORING] [local.openml_t_359969.pygmo_c.first-order-theorem-proving.0.H2OAutoML] Memory Usage: 47.5%
[MONITORING] [local.openml_t_359969.pygmo_c.first-order-theorem-proving.0.H2OAutoML] Disk Usage: 43.2%
[MONITORING] [local.openml_t_359969.pygmo_c.first-order-theorem-proving.0.H2OAutoML] CPU Utilization: 95.6%
[MONITORING] [local.openml_t_359969.pygmo_c.first-order-theorem-proving.0.H2OAutoML] Memory Usage: 47.6%
[MONITORING] [local.openml_t_359969.pygmo_c.first-order-theorem-proving.0.H2OAutoML] Disk Usage: 43.2%
[MONITORING] [local.openml_t_359969.pygmo_c.first-order-theorem-proving.0.H2OAutoML] CPU Utilization: 95.9%
[MONITORING] [local.openml_t_359969.pygmo_c.first-order-theorem-proving.0.H2OAutoML] Memory Usage: 47.6%
[MONITORING] [local.openml_t_359969.pygmo_c.first-order-theorem-proving.0.H2OAutoML] Disk Usage: 43.2%
[MONITORING] [local.openml_t_359969.pygmo_c.first-order-theorem-proving.0.H2OAutoML] CPU Utilization: 95.8%
[MONITORING] [local.openml_t_359969.pygmo_c.first-order-theorem-proving.0.H2OAutoML] Memory Usage: 47.6%
[MONITORING] [local.openml_t_359969.pygmo_c.first-order-theorem-proving.0.H2OAutoML] Disk Usage: 43.2%
[MONITORING] [local.openml_t_359969.pygmo_c.first-order-theorem-proving.0.H2OAutoML] CPU Utilization: 95.2%
[MONITORING] [local.openml_t_359969.pygmo_c.first-order-theorem-proving.0.H2OAutoML] Memory Usage: 47.6%
[MONITORING] [local.openml_t_359969.pygmo_c.first-order-theorem-proving.0.H2OAutoML] Disk Usage: 43.2%
[MONITORING] [local.openml_t_359969.pygmo_c.first-order-theorem-proving.0.H2OAutoML] CPU Utilization: 96.1%
[MONITORING] [local.openml_t_359969.pygmo_c.first-order-theorem-proving.0.H2OAutoML] Memory Usage: 47.6%
[MONITORING] [local.openml_t_359969.pygmo_c.first-order-theorem-proving.0.H2OAutoML] Disk Usage: 43.2%
[MONITORING] [local.openml_t_359969.pygmo_c.first-order-theorem-proving.0.H2OAutoML] CPU Utilization: 96.1%
[MONITORING] [local.openml_t_359969.pygmo_c.first-order-theorem-proving.0.H2OAutoML] Memory Usage: 47.6%
[MONITORING] [local.openml_t_359969.pygmo_c.first-order-theorem-proving.0.H2OAutoML] Disk Usage: 43.2%
[MONITORING] [local.openml_t_359969.pygmo_c.first-order-theorem-proving.0.H2OAutoML] CPU Utilization: 92.6%
[MONITORING] [local.openml_t_359969.pygmo_c.first-order-theorem-proving.0.H2OAutoML] Memory Usage: 47.7%
[MONITORING] [local.openml_t_359969.pygmo_c.first-order-theorem-proving.0.H2OAutoML] Disk Usage: 43.2%
[MONITORING] [local.openml_t_359969.pygmo_c.first-order-theorem-proving.0.H2OAutoML] CPU Utilization: 95.8%
[MONITORING] [local.openml_t_359969.pygmo_c.first-order-theorem-proving.0.H2OAutoML] Memory Usage: 47.7%
[MONITORING] [local.openml_t_359969.pygmo_c.first-order-theorem-proving.0.H2OAutoML] Disk Usage: 43.2%
[MONITORING] [local.openml_t_359969.pygmo_c.first-order-theorem-proving.0.H2OAutoML] CPU Utilization: 96.2%
[MONITORING] [local.openml_t_359969.pygmo_c.first-order-theorem-proving.0.H2OAutoML] Memory Usage: 47.7%
[MONITORING] [local.openml_t_359969.pygmo_c.first-order-theorem-proving.0.H2OAutoML] Disk Usage: 43.2%
[MONITORING] [local.openml_t_359969.pygmo_c.first-order-theorem-proving.0.H2OAutoML] CPU Utilization: 95.4%
[MONITORING] [local.openml_t_359969.pygmo_c.first-order-theorem-proving.0.H2OAutoML] Memory Usage: 47.7%
[MONITORING] [local.openml_t_359969.pygmo_c.first-order-theorem-proving.0.H2OAutoML] Disk Usage: 43.2%
[MONITORING] [local.openml_t_359969.pygmo_c.first-order-theorem-proving.0.H2OAutoML] CPU Utilization: 96.4%
[MONITORING] [local.openml_t_359969.pygmo_c.first-order-theorem-proving.0.H2OAutoML] Memory Usage: 47.7%
[MONITORING] [local.openml_t_359969.pygmo_c.first-order-theorem-proving.0.H2OAutoML] Disk Usage: 43.2%
[MONITORING] [local.openml_t_359969.pygmo_c.first-order-theorem-proving.0.H2OAutoML] CPU Utilization: 95.9%
[MONITORING] [local.openml_t_359969.pygmo_c.first-order-theorem-proving.0.H2OAutoML] Memory Usage: 47.7%
[MONITORING] [local.openml_t_359969.pygmo_c.first-order-theorem-proving.0.H2OAutoML] Disk Usage: 43.2%
[MONITORING] [local.openml_t_359969.pygmo_c.first-order-theorem-proving.0.H2OAutoML] CPU Utilization: 85.1%
[MONITORING] [local.openml_t_359969.pygmo_c.first-order-theorem-proving.0.H2OAutoML] Memory Usage: 48.5%
[MONITORING] [local.openml_t_359969.pygmo_c.first-order-theorem-proving.0.H2OAutoML] Disk Usage: 43.2%
[MONITORING] [local.openml_t_359969.pygmo_c.first-order-theorem-proving.0.H2OAutoML] CPU Utilization: 89.8%
[MONITORING] [local.openml_t_359969.pygmo_c.first-order-theorem-proving.0.H2OAutoML] Memory Usage: 48.6%
[MONITORING] [local.openml_t_359969.pygmo_c.first-order-theorem-proving.0.H2OAutoML] Disk Usage: 43.2%
AutoML progress: |███████████████████████████████████████████████████████████████| (done) 100%
stackedensemble prediction progress: |███████████████████████████████████████████| (done) 100%
H2O session _sid_9ec8 closed.



Predictions preview:
                        1                     2                     3                     4                     5                     6 predictions truth
0   0.030502959696831318  0.024691984810872782    0.9038021479192342  0.014463358030278952   0.01912684706956487   0.00741270247321803           3     4
1     0.4986842810070645  0.014480356328909252   0.02226334168064883   0.24902531797979705   0.11795141310874105   0.09759528989483923           1     4
2    0.10091764798608292   0.11316702032311045   0.06040393575462027    0.1494345888765099    0.5069841170889104    0.0690926899707661           5     4
3   0.039580589966333186  0.012936082965017696  0.011668767233598729    0.0772743932588074    0.6746702108253656   0.18386995575087753           5     4
4     0.5783588491102161  0.051706627095399284   0.05320744363058949   0.17235503013528553   0.10783877513363224  0.036533274894877496           1     4
5    0.32367668812674555   0.11900912791448615   0.38981082186934074   0.09373802392277375   0.04411747724905583  0.029647860917597933           3     4
6     0.6392655434905339  0.026414288808464456   0.01701684196782104    0.2402184889773615  0.046736283425391094  0.030348553330428008           1     4
7    0.20067248992300882   0.07108985854035431    0.0386986460621372   0.06049047002038465   0.03572477612040761    0.5933237593337075           6     4
8    0.26343610629790626   0.15300581050320577   0.36915714430009144   0.11561037397260979   0.05530312352274104   0.04348744140344554           3     4
9     0.1709873879516076  0.015058970664708696  0.023746528284063748    0.4826425910473621    0.2754422290985563   0.03212229295370156           4     4
10   0.23512323685053504  0.025621903004642933   0.04843390270248113   0.47428178386099723   0.04815620877438227    0.1683829648069614           4     4
11   0.06560157378445006   0.02894720921148126    0.8142647768559037   0.03764931296820845  0.018324879857149208  0.035212247322807026           3     4
12   0.03680480954881182  0.009284443610188943  0.012234197884076831   0.39289219159049216    0.1395025650005805   0.40928179236584983           6     4
13  0.021602960142119862  0.009302181173421433  0.009711016267954866   0.21031337435304187    0.5019538476071411   0.24711662045632082           5     4
14   0.06734995759579618   0.02144299220125089  0.021655585121070454    0.3313568368861836    0.1123738236837931   0.44582080451190587           6     4
15     0.539388490899387   0.09353138521495746   0.14043423492392995   0.08613634672943571   0.11840671547889091  0.022102826753399012           1     4
16   0.41181517148922636  0.011576067935268632  0.011448158085235362    0.5194333395195827  0.031129322355912113  0.014597940614774757           4     4
17   0.05125960545175024  0.015338946669643224   0.01601664367990875   0.36631371431613463   0.25930489602874346    0.2917661938538197           4     4
18   0.10194332079339731    0.7545314920749459   0.04982631420594662   0.06404321769448822  0.014948671714948937  0.014706983516272882           2     4
19   0.13372137459926997  0.035894200648979066   0.08200133990915624   0.29171177107681545   0.18735435012263296   0.26931696364314633           4     4

Predictions saved to `/home/juradoi/experiments/automlbenchmark/results/h2oautoml.openml_t_359969.pygmo_c.local.20211210T012846/predictions/first-order-theorem-proving/0/predictions.csv`.
Loading metadata from `/home/juradoi/experiments/automlbenchmark/results/h2oautoml.openml_t_359969.pygmo_c.local.20211210T012846/predictions/first-order-theorem-proving/0/metadata.json`.
Loading predictions from `/home/juradoi/experiments/automlbenchmark/results/h2oautoml.openml_t_359969.pygmo_c.local.20211210T012846/predictions/first-order-theorem-proving/0/predictions.csv`.
Metric scores: { 'acc': 0.6029411764705882,
  'app_version': 'dev [master, beef024]',
  'balacc': 0.4591595799481361,
  'constraint': 'pygmo_c',
  'duration': nan,
  'fold': 0,
  'framework': 'H2OAutoML',
  'id': 'openml.org/t/359969',
  'info': None,
  'logloss': 1.0930607296290549,
  'metric': 'neg_logloss',
  'mode': 'local',
  'models_count': 109,
  'params': '',
  'predict_duration': 0.5318357944488525,
  'result': -1.0930607296290549,
  'seed': 202969501,
  'task': 'first-order-theorem-proving',
  'training_duration': 3605.2109501361847,
  'type': 'multiclass',
  'utc': '2021-12-10T02:29:01',
  'version': '3.34.0.3'}
Job `local.openml_t_359969.pygmo_c.first-order-theorem-proving.0.H2OAutoML` executed in 3614.968 seconds.
All jobs executed in 3614.978 seconds.
[MONITORING] [local.openml_t_359969.pygmo_c.first-order-theorem-proving.0.H2OAutoML] CPU Utilization: 60.7%
[MONITORING] [local.openml_t_359969.pygmo_c.first-order-theorem-proving.0.H2OAutoML] Memory Usage: 2.2%
[MONITORING] [local.openml_t_359969.pygmo_c.first-order-theorem-proving.0.H2OAutoML] Disk Usage: 43.2%
Processing results for h2oautoml.openml_t_359969.pygmo_c.local.20211210T012846
Scores saved to `/home/juradoi/experiments/automlbenchmark/results/h2oautoml.openml_t_359969.pygmo_c.local.20211210T012846/scores/H2OAutoML.benchmark_openml_t_359969.csv`.
Scores saved to `/home/juradoi/experiments/automlbenchmark/results/h2oautoml.openml_t_359969.pygmo_c.local.20211210T012846/scores/results.csv`.
Scores saved to `/home/juradoi/experiments/automlbenchmark/results/results.csv`.
Summing up scores for current run:
                 id                        task fold framework constraint   result      metric  duration      seed
openml.org/t/359969 first-order-theorem-proving    0 H2OAutoML    pygmo_c -1.09306 neg_logloss    3615.0 202969501
