/var/spool/slurm/slurmd/job8494007/slurm_script: line 8: activate: No such file or directory
Running benchmark `H2OAutoML` on `openml/t/359958` framework in `local` mode.
Loading frameworks definitions from ['/home/juradoi/experiments/automlbenchmark/resources/frameworks.yaml'].
Loading benchmark constraint definitions from ['/home/juradoi/experiments/automlbenchmark/resources/constraints.yaml'].
Loading openml task 359958.

-----------------------------------------------------------
Starting job local.openml_t_359958.pygmo_c.pc4.0.H2OAutoML.
Assigning 16 cores (total=16) for new task pc4.
Assigning 91294 MB (total=95302 MB) for new pc4 task.
[MONITORING] [local.openml_t_359958.pygmo_c.pc4.0.H2OAutoML] CPU Utilization: 18.7%
[MONITORING] [local.openml_t_359958.pygmo_c.pc4.0.H2OAutoML] Memory Usage: 2.1%
[MONITORING] [local.openml_t_359958.pygmo_c.pc4.0.H2OAutoML] Disk Usage: 43.2%
Running task pc4 on framework H2OAutoML with config:
TaskConfig({})
Running cmd `/home/juradoi/experiments/automlbenchmark/frameworks/H2OAutoML/venv/bin/python -W ignore /home/juradoi/experiments/automlbenchmark/frameworks/H2OAutoML/exec.py`
INFO:__main__:
**** H2O AutoML [v3.34.0.3] ****

INFO:__main__:Starting H2O cluster with 16 cores, 60863M memory.
Checking whether there is an H2O instance running at http://localhost:3475 ..... not found.
Attempting to start a local H2O server...
  Java Version: openjdk version "11.0.12" 2021-07-20; OpenJDK Runtime Environment (build 11.0.12+7-post-Debian-2deb10u1); OpenJDK 64-Bit Server VM (build 11.0.12+7-post-Debian-2deb10u1, mixed mode, sharing)
  Starting server from /home/juradoi/experiments/automlbenchmark/frameworks/H2OAutoML/venv/lib/python3.8/site-packages/h2o/backend/bin/h2o.jar
  Ice root: /tmp/tmp7fsa9wqn
  JVM stdout: /tmp/tmp7fsa9wqn/h2o_unknownUser_started_from_python.out
  JVM stderr: /tmp/tmp7fsa9wqn/h2o_unknownUser_started_from_python.err
  Server is running at http://127.0.0.1:3475
Connecting to H2O server at http://127.0.0.1:3475 ... successful.
--------------------------  ------------------------------------------------------------------
H2O_cluster_uptime:         01 secs
H2O_cluster_timezone:       Europe/Amsterdam
H2O_data_parsing_timezone:  UTC
H2O_cluster_version:        3.34.0.3
H2O_cluster_version_age:    2 months and 2 days
H2O_cluster_name:           H2O_from_python_unknownUser_rzz3dk
H2O_cluster_total_nodes:    1
H2O_cluster_free_memory:    59.44 Gb
H2O_cluster_total_cores:    16
H2O_cluster_allowed_cores:  16
H2O_cluster_status:         locked, healthy
H2O_connection_url:         http://127.0.0.1:3475
H2O_connection_proxy:       {"http": null, "https": null}
H2O_internal_security:      False
H2O_API_Extensions:         Amazon S3, XGBoost, Algos, AutoML, Core V3, TargetEncoder, Core V4
Python_version:             3.8.12 final
--------------------------  ------------------------------------------------------------------
Parse progress: |████████████████████████████████████████████████████████████████| (done) 100%
Parse progress: |████████████████████████████████████████████████████████████████| (done) 100%
INFO:__main__:Running model on task pc4, fold 0.
[MONITORING] [local.openml_t_359958.pygmo_c.pc4.0.H2OAutoML] CPU Utilization: 72.2%
[MONITORING] [local.openml_t_359958.pygmo_c.pc4.0.H2OAutoML] Memory Usage: 44.3%
[MONITORING] [local.openml_t_359958.pygmo_c.pc4.0.H2OAutoML] Disk Usage: 43.2%
[MONITORING] [local.openml_t_359958.pygmo_c.pc4.0.H2OAutoML] CPU Utilization: 97.6%
[MONITORING] [local.openml_t_359958.pygmo_c.pc4.0.H2OAutoML] Memory Usage: 44.5%
[MONITORING] [local.openml_t_359958.pygmo_c.pc4.0.H2OAutoML] Disk Usage: 43.2%
[MONITORING] [local.openml_t_359958.pygmo_c.pc4.0.H2OAutoML] CPU Utilization: 97.5%
[MONITORING] [local.openml_t_359958.pygmo_c.pc4.0.H2OAutoML] Memory Usage: 44.5%
[MONITORING] [local.openml_t_359958.pygmo_c.pc4.0.H2OAutoML] Disk Usage: 43.2%
[MONITORING] [local.openml_t_359958.pygmo_c.pc4.0.H2OAutoML] CPU Utilization: 97.4%
[MONITORING] [local.openml_t_359958.pygmo_c.pc4.0.H2OAutoML] Memory Usage: 44.5%
[MONITORING] [local.openml_t_359958.pygmo_c.pc4.0.H2OAutoML] Disk Usage: 43.2%
[MONITORING] [local.openml_t_359958.pygmo_c.pc4.0.H2OAutoML] CPU Utilization: 97.5%
[MONITORING] [local.openml_t_359958.pygmo_c.pc4.0.H2OAutoML] Memory Usage: 44.6%
[MONITORING] [local.openml_t_359958.pygmo_c.pc4.0.H2OAutoML] Disk Usage: 43.2%
[MONITORING] [local.openml_t_359958.pygmo_c.pc4.0.H2OAutoML] CPU Utilization: 95.5%
[MONITORING] [local.openml_t_359958.pygmo_c.pc4.0.H2OAutoML] Memory Usage: 44.6%
[MONITORING] [local.openml_t_359958.pygmo_c.pc4.0.H2OAutoML] Disk Usage: 43.2%
[MONITORING] [local.openml_t_359958.pygmo_c.pc4.0.H2OAutoML] CPU Utilization: 97.6%
[MONITORING] [local.openml_t_359958.pygmo_c.pc4.0.H2OAutoML] Memory Usage: 44.8%
[MONITORING] [local.openml_t_359958.pygmo_c.pc4.0.H2OAutoML] Disk Usage: 43.2%
[MONITORING] [local.openml_t_359958.pygmo_c.pc4.0.H2OAutoML] CPU Utilization: 97.8%
[MONITORING] [local.openml_t_359958.pygmo_c.pc4.0.H2OAutoML] Memory Usage: 44.8%
[MONITORING] [local.openml_t_359958.pygmo_c.pc4.0.H2OAutoML] Disk Usage: 43.2%
[MONITORING] [local.openml_t_359958.pygmo_c.pc4.0.H2OAutoML] CPU Utilization: 97.7%
[MONITORING] [local.openml_t_359958.pygmo_c.pc4.0.H2OAutoML] Memory Usage: 44.8%
[MONITORING] [local.openml_t_359958.pygmo_c.pc4.0.H2OAutoML] Disk Usage: 43.2%
[MONITORING] [local.openml_t_359958.pygmo_c.pc4.0.H2OAutoML] CPU Utilization: 98.3%
[MONITORING] [local.openml_t_359958.pygmo_c.pc4.0.H2OAutoML] Memory Usage: 44.9%
[MONITORING] [local.openml_t_359958.pygmo_c.pc4.0.H2OAutoML] Disk Usage: 43.2%
[MONITORING] [local.openml_t_359958.pygmo_c.pc4.0.H2OAutoML] CPU Utilization: 97.4%
[MONITORING] [local.openml_t_359958.pygmo_c.pc4.0.H2OAutoML] Memory Usage: 44.9%
[MONITORING] [local.openml_t_359958.pygmo_c.pc4.0.H2OAutoML] Disk Usage: 43.2%
[MONITORING] [local.openml_t_359958.pygmo_c.pc4.0.H2OAutoML] CPU Utilization: 97.3%
[MONITORING] [local.openml_t_359958.pygmo_c.pc4.0.H2OAutoML] Memory Usage: 44.9%
[MONITORING] [local.openml_t_359958.pygmo_c.pc4.0.H2OAutoML] Disk Usage: 43.2%
[MONITORING] [local.openml_t_359958.pygmo_c.pc4.0.H2OAutoML] CPU Utilization: 98.4%
[MONITORING] [local.openml_t_359958.pygmo_c.pc4.0.H2OAutoML] Memory Usage: 44.9%
[MONITORING] [local.openml_t_359958.pygmo_c.pc4.0.H2OAutoML] Disk Usage: 43.2%
[MONITORING] [local.openml_t_359958.pygmo_c.pc4.0.H2OAutoML] CPU Utilization: 98.2%
[MONITORING] [local.openml_t_359958.pygmo_c.pc4.0.H2OAutoML] Memory Usage: 44.9%
[MONITORING] [local.openml_t_359958.pygmo_c.pc4.0.H2OAutoML] Disk Usage: 43.2%
[MONITORING] [local.openml_t_359958.pygmo_c.pc4.0.H2OAutoML] CPU Utilization: 97.3%
[MONITORING] [local.openml_t_359958.pygmo_c.pc4.0.H2OAutoML] Memory Usage: 45.0%
[MONITORING] [local.openml_t_359958.pygmo_c.pc4.0.H2OAutoML] Disk Usage: 43.2%
[MONITORING] [local.openml_t_359958.pygmo_c.pc4.0.H2OAutoML] CPU Utilization: 97.4%
[MONITORING] [local.openml_t_359958.pygmo_c.pc4.0.H2OAutoML] Memory Usage: 45.0%
[MONITORING] [local.openml_t_359958.pygmo_c.pc4.0.H2OAutoML] Disk Usage: 43.2%
[MONITORING] [local.openml_t_359958.pygmo_c.pc4.0.H2OAutoML] CPU Utilization: 97.2%
[MONITORING] [local.openml_t_359958.pygmo_c.pc4.0.H2OAutoML] Memory Usage: 45.1%
[MONITORING] [local.openml_t_359958.pygmo_c.pc4.0.H2OAutoML] Disk Usage: 43.2%
[MONITORING] [local.openml_t_359958.pygmo_c.pc4.0.H2OAutoML] CPU Utilization: 97.8%
[MONITORING] [local.openml_t_359958.pygmo_c.pc4.0.H2OAutoML] Memory Usage: 45.1%
[MONITORING] [local.openml_t_359958.pygmo_c.pc4.0.H2OAutoML] Disk Usage: 43.2%
[MONITORING] [local.openml_t_359958.pygmo_c.pc4.0.H2OAutoML] CPU Utilization: 97.3%
[MONITORING] [local.openml_t_359958.pygmo_c.pc4.0.H2OAutoML] Memory Usage: 45.1%
[MONITORING] [local.openml_t_359958.pygmo_c.pc4.0.H2OAutoML] Disk Usage: 43.2%
[MONITORING] [local.openml_t_359958.pygmo_c.pc4.0.H2OAutoML] CPU Utilization: 97.8%
[MONITORING] [local.openml_t_359958.pygmo_c.pc4.0.H2OAutoML] Memory Usage: 45.2%
[MONITORING] [local.openml_t_359958.pygmo_c.pc4.0.H2OAutoML] Disk Usage: 43.2%
[MONITORING] [local.openml_t_359958.pygmo_c.pc4.0.H2OAutoML] CPU Utilization: 95.4%
[MONITORING] [local.openml_t_359958.pygmo_c.pc4.0.H2OAutoML] Memory Usage: 45.2%
[MONITORING] [local.openml_t_359958.pygmo_c.pc4.0.H2OAutoML] Disk Usage: 43.2%
[MONITORING] [local.openml_t_359958.pygmo_c.pc4.0.H2OAutoML] CPU Utilization: 96.1%
[MONITORING] [local.openml_t_359958.pygmo_c.pc4.0.H2OAutoML] Memory Usage: 45.3%
[MONITORING] [local.openml_t_359958.pygmo_c.pc4.0.H2OAutoML] Disk Usage: 43.2%
[MONITORING] [local.openml_t_359958.pygmo_c.pc4.0.H2OAutoML] CPU Utilization: 98.1%
[MONITORING] [local.openml_t_359958.pygmo_c.pc4.0.H2OAutoML] Memory Usage: 45.3%
[MONITORING] [local.openml_t_359958.pygmo_c.pc4.0.H2OAutoML] Disk Usage: 43.2%
[MONITORING] [local.openml_t_359958.pygmo_c.pc4.0.H2OAutoML] CPU Utilization: 98.0%
[MONITORING] [local.openml_t_359958.pygmo_c.pc4.0.H2OAutoML] Memory Usage: 45.4%
[MONITORING] [local.openml_t_359958.pygmo_c.pc4.0.H2OAutoML] Disk Usage: 43.2%
[MONITORING] [local.openml_t_359958.pygmo_c.pc4.0.H2OAutoML] CPU Utilization: 97.2%
[MONITORING] [local.openml_t_359958.pygmo_c.pc4.0.H2OAutoML] Memory Usage: 45.4%
[MONITORING] [local.openml_t_359958.pygmo_c.pc4.0.H2OAutoML] Disk Usage: 43.2%
[MONITORING] [local.openml_t_359958.pygmo_c.pc4.0.H2OAutoML] CPU Utilization: 97.9%
[MONITORING] [local.openml_t_359958.pygmo_c.pc4.0.H2OAutoML] Memory Usage: 45.4%
[MONITORING] [local.openml_t_359958.pygmo_c.pc4.0.H2OAutoML] Disk Usage: 43.2%
[MONITORING] [local.openml_t_359958.pygmo_c.pc4.0.H2OAutoML] CPU Utilization: 98.0%
[MONITORING] [local.openml_t_359958.pygmo_c.pc4.0.H2OAutoML] Memory Usage: 45.4%
[MONITORING] [local.openml_t_359958.pygmo_c.pc4.0.H2OAutoML] Disk Usage: 43.2%
[MONITORING] [local.openml_t_359958.pygmo_c.pc4.0.H2OAutoML] CPU Utilization: 96.8%
[MONITORING] [local.openml_t_359958.pygmo_c.pc4.0.H2OAutoML] Memory Usage: 45.4%
[MONITORING] [local.openml_t_359958.pygmo_c.pc4.0.H2OAutoML] Disk Usage: 43.2%
[MONITORING] [local.openml_t_359958.pygmo_c.pc4.0.H2OAutoML] CPU Utilization: 63.4%
[MONITORING] [local.openml_t_359958.pygmo_c.pc4.0.H2OAutoML] Memory Usage: 45.7%
[MONITORING] [local.openml_t_359958.pygmo_c.pc4.0.H2OAutoML] Disk Usage: 43.2%
AutoML progress: |███████████████████████████████████████████████████████████████| (done) 100%
stackedensemble prediction progress: |███████████████████████████████████████████| (done) 100%
H2O session _sid_b83c closed.



Predictions preview:
                  False                   True predictions  truth
0   0.8899830490936745    0.11001695090632548       False  False
1   0.4585407185914886     0.5414592814085114        True  False
2   0.9999710437084035   2.895629159645453E-5       False  False
3   0.9142144929100008    0.08578550708999921       False  False
4   0.9999776985660209  2.2301433979093464E-5       False  False
5   0.9985724581845565  0.0014275418154434886       False  False
6   0.9552101372870819    0.04478986271291808       False  False
7   0.9552097090148977    0.04479029098510232       False  False
8   0.9680711809874906    0.03192881901250943       False  False
9   0.8426612011729414    0.15733879882705856       False  False
10  0.9931817341405671   0.006818265859432884       False  False
11  0.6850467567618367     0.3149532432381633       False  False
12  0.9999542902473632   4.570975263686315E-5       False  False
13  0.9807857837325972    0.01921421626740287       False  False
14   0.505114248342819     0.4948857516571809        True  False
15  0.9854811847556061   0.014518815244393916       False  False
16  0.9999769858257531  2.3014174246854623E-5       False  False
17  0.9999763267925542   2.367320744573656E-5       False  False
18  0.9999371643296044    6.28356703955403E-5       False  False
19  0.9999773409664628  2.2659033537137993E-5       False  False

Predictions saved to `/home/juradoi/experiments/automlbenchmark/results/h2oautoml.openml_t_359958.pygmo_c.local.20211209T221534/predictions/pc4/0/predictions.csv`.
Loading metadata from `/home/juradoi/experiments/automlbenchmark/results/h2oautoml.openml_t_359958.pygmo_c.local.20211209T221534/predictions/pc4/0/metadata.json`.
Loading predictions from `/home/juradoi/experiments/automlbenchmark/results/h2oautoml.openml_t_359958.pygmo_c.local.20211209T221534/predictions/pc4/0/predictions.csv`.
Metric scores: { 'acc': 0.8904109589041096,
  'app_version': 'dev [master, beef024]',
  'auc': 0.9487847222222222,
  'balacc': 0.8420138888888888,
  'constraint': 'pygmo_c',
  'duration': nan,
  'fold': 0,
  'framework': 'H2OAutoML',
  'id': 'openml.org/t/359958',
  'info': None,
  'logloss': 0.1774991406173329,
  'metric': 'auc',
  'mode': 'local',
  'models_count': 246,
  'params': '',
  'predict_duration': 0.10766935348510742,
  'result': 0.9487847222222222,
  'seed': 1317225064,
  'task': 'pc4',
  'training_duration': 3526.3606836795807,
  'type': 'binary',
  'utc': '2021-12-09T23:14:29',
  'version': '3.34.0.3'}
Job `local.openml_t_359958.pygmo_c.pc4.0.H2OAutoML` executed in 3535.416 seconds.
All jobs executed in 3535.424 seconds.
[MONITORING] [local.openml_t_359958.pygmo_c.pc4.0.H2OAutoML] CPU Utilization: 70.6%
[MONITORING] [local.openml_t_359958.pygmo_c.pc4.0.H2OAutoML] Memory Usage: 2.0%
[MONITORING] [local.openml_t_359958.pygmo_c.pc4.0.H2OAutoML] Disk Usage: 43.2%
Processing results for h2oautoml.openml_t_359958.pygmo_c.local.20211209T221534
Scores saved to `/home/juradoi/experiments/automlbenchmark/results/h2oautoml.openml_t_359958.pygmo_c.local.20211209T221534/scores/H2OAutoML.benchmark_openml_t_359958.csv`.
Scores saved to `/home/juradoi/experiments/automlbenchmark/results/h2oautoml.openml_t_359958.pygmo_c.local.20211209T221534/scores/results.csv`.
Scores saved to `/home/juradoi/experiments/automlbenchmark/results/results.csv`.
Summing up scores for current run:
                 id task fold framework constraint   result metric  duration       seed
openml.org/t/359958  pc4    0 H2OAutoML    pygmo_c 0.948785    auc    3535.4 1317225064
