/var/spool/slurm/slurmd/job8493072/slurm_script: line 8: activate: No such file or directory
Running benchmark `H2OAutoML` on `openml/t/168350` framework in `local` mode.
Loading frameworks definitions from ['/home/juradoi/experiments/automlbenchmark/resources/frameworks.yaml'].
Loading benchmark constraint definitions from ['/home/juradoi/experiments/automlbenchmark/resources/constraints.yaml'].
Loading openml task 168350.

---------------------------------------------------------------
Starting job local.openml_t_168350.pygmo_c.phoneme.0.H2OAutoML.
Assigning 16 cores (total=16) for new task phoneme.
Assigning 91025 MB (total=95302 MB) for new phoneme task.
[MONITORING] [local.openml_t_168350.pygmo_c.phoneme.0.H2OAutoML] CPU Utilization: 13.3%
[MONITORING] [local.openml_t_168350.pygmo_c.phoneme.0.H2OAutoML] Memory Usage: 2.3%
[MONITORING] [local.openml_t_168350.pygmo_c.phoneme.0.H2OAutoML] Disk Usage: 43.2%
Running task phoneme on framework H2OAutoML with config:
TaskConfig({})
Running cmd `/home/juradoi/experiments/automlbenchmark/frameworks/H2OAutoML/venv/bin/python -W ignore /home/juradoi/experiments/automlbenchmark/frameworks/H2OAutoML/exec.py`
INFO:__main__:
**** H2O AutoML [v3.34.0.3] ****

INFO:__main__:Starting H2O cluster with 16 cores, 60683M memory.
Checking whether there is an H2O instance running at http://localhost:28798 ..... not found.
Attempting to start a local H2O server...
  Java Version: openjdk version "11.0.12" 2021-07-20; OpenJDK Runtime Environment (build 11.0.12+7-post-Debian-2deb10u1); OpenJDK 64-Bit Server VM (build 11.0.12+7-post-Debian-2deb10u1, mixed mode, sharing)
  Starting server from /home/juradoi/experiments/automlbenchmark/frameworks/H2OAutoML/venv/lib/python3.8/site-packages/h2o/backend/bin/h2o.jar
  Ice root: /tmp/tmp4emh96zq
  JVM stdout: /tmp/tmp4emh96zq/h2o_unknownUser_started_from_python.out
  JVM stderr: /tmp/tmp4emh96zq/h2o_unknownUser_started_from_python.err
  Server is running at http://127.0.0.1:28798
Connecting to H2O server at http://127.0.0.1:28798 ... successful.
--------------------------  ------------------------------------------------------------------
H2O_cluster_uptime:         01 secs
H2O_cluster_timezone:       Europe/Amsterdam
H2O_data_parsing_timezone:  UTC
H2O_cluster_version:        3.34.0.3
H2O_cluster_version_age:    2 months and 2 days
H2O_cluster_name:           H2O_from_python_unknownUser_4aavxv
H2O_cluster_total_nodes:    1
H2O_cluster_free_memory:    59.27 Gb
H2O_cluster_total_cores:    16
H2O_cluster_allowed_cores:  16
H2O_cluster_status:         locked, healthy
H2O_connection_url:         http://127.0.0.1:28798
H2O_connection_proxy:       {"http": null, "https": null}
H2O_internal_security:      False
H2O_API_Extensions:         Amazon S3, XGBoost, Algos, AutoML, Core V3, TargetEncoder, Core V4
Python_version:             3.8.12 final
--------------------------  ------------------------------------------------------------------
Parse progress: |████████████████████████████████████████████████████████████████| (done) 100%
Parse progress: |████████████████████████████████████████████████████████████████| (done) 100%
INFO:__main__:Running model on task phoneme, fold 0.
[MONITORING] [local.openml_t_168350.pygmo_c.phoneme.0.H2OAutoML] CPU Utilization: 57.8%
[MONITORING] [local.openml_t_168350.pygmo_c.phoneme.0.H2OAutoML] Memory Usage: 32.2%
[MONITORING] [local.openml_t_168350.pygmo_c.phoneme.0.H2OAutoML] Disk Usage: 43.2%
[MONITORING] [local.openml_t_168350.pygmo_c.phoneme.0.H2OAutoML] CPU Utilization: 74.5%
[MONITORING] [local.openml_t_168350.pygmo_c.phoneme.0.H2OAutoML] Memory Usage: 42.7%
[MONITORING] [local.openml_t_168350.pygmo_c.phoneme.0.H2OAutoML] Disk Usage: 43.2%
[MONITORING] [local.openml_t_168350.pygmo_c.phoneme.0.H2OAutoML] CPU Utilization: 76.9%
[MONITORING] [local.openml_t_168350.pygmo_c.phoneme.0.H2OAutoML] Memory Usage: 45.9%
[MONITORING] [local.openml_t_168350.pygmo_c.phoneme.0.H2OAutoML] Disk Usage: 43.2%
[MONITORING] [local.openml_t_168350.pygmo_c.phoneme.0.H2OAutoML] CPU Utilization: 78.7%
[MONITORING] [local.openml_t_168350.pygmo_c.phoneme.0.H2OAutoML] Memory Usage: 46.3%
[MONITORING] [local.openml_t_168350.pygmo_c.phoneme.0.H2OAutoML] Disk Usage: 43.2%
[MONITORING] [local.openml_t_168350.pygmo_c.phoneme.0.H2OAutoML] CPU Utilization: 78.4%
[MONITORING] [local.openml_t_168350.pygmo_c.phoneme.0.H2OAutoML] Memory Usage: 47.5%
[MONITORING] [local.openml_t_168350.pygmo_c.phoneme.0.H2OAutoML] Disk Usage: 43.2%
[MONITORING] [local.openml_t_168350.pygmo_c.phoneme.0.H2OAutoML] CPU Utilization: 80.1%
[MONITORING] [local.openml_t_168350.pygmo_c.phoneme.0.H2OAutoML] Memory Usage: 47.8%
[MONITORING] [local.openml_t_168350.pygmo_c.phoneme.0.H2OAutoML] Disk Usage: 43.2%
[MONITORING] [local.openml_t_168350.pygmo_c.phoneme.0.H2OAutoML] CPU Utilization: 79.1%
[MONITORING] [local.openml_t_168350.pygmo_c.phoneme.0.H2OAutoML] Memory Usage: 48.7%
[MONITORING] [local.openml_t_168350.pygmo_c.phoneme.0.H2OAutoML] Disk Usage: 43.2%
[MONITORING] [local.openml_t_168350.pygmo_c.phoneme.0.H2OAutoML] CPU Utilization: 79.1%
[MONITORING] [local.openml_t_168350.pygmo_c.phoneme.0.H2OAutoML] Memory Usage: 48.7%
[MONITORING] [local.openml_t_168350.pygmo_c.phoneme.0.H2OAutoML] Disk Usage: 43.2%
[MONITORING] [local.openml_t_168350.pygmo_c.phoneme.0.H2OAutoML] CPU Utilization: 77.4%
[MONITORING] [local.openml_t_168350.pygmo_c.phoneme.0.H2OAutoML] Memory Usage: 48.8%
[MONITORING] [local.openml_t_168350.pygmo_c.phoneme.0.H2OAutoML] Disk Usage: 43.2%
[MONITORING] [local.openml_t_168350.pygmo_c.phoneme.0.H2OAutoML] CPU Utilization: 77.2%
[MONITORING] [local.openml_t_168350.pygmo_c.phoneme.0.H2OAutoML] Memory Usage: 49.7%
[MONITORING] [local.openml_t_168350.pygmo_c.phoneme.0.H2OAutoML] Disk Usage: 43.2%
[MONITORING] [local.openml_t_168350.pygmo_c.phoneme.0.H2OAutoML] CPU Utilization: 78.1%
[MONITORING] [local.openml_t_168350.pygmo_c.phoneme.0.H2OAutoML] Memory Usage: 49.8%
[MONITORING] [local.openml_t_168350.pygmo_c.phoneme.0.H2OAutoML] Disk Usage: 43.2%
[MONITORING] [local.openml_t_168350.pygmo_c.phoneme.0.H2OAutoML] CPU Utilization: 76.3%
[MONITORING] [local.openml_t_168350.pygmo_c.phoneme.0.H2OAutoML] Memory Usage: 50.7%
[MONITORING] [local.openml_t_168350.pygmo_c.phoneme.0.H2OAutoML] Disk Usage: 43.2%
[MONITORING] [local.openml_t_168350.pygmo_c.phoneme.0.H2OAutoML] CPU Utilization: 72.4%
[MONITORING] [local.openml_t_168350.pygmo_c.phoneme.0.H2OAutoML] Memory Usage: 51.0%
[MONITORING] [local.openml_t_168350.pygmo_c.phoneme.0.H2OAutoML] Disk Usage: 43.2%
[MONITORING] [local.openml_t_168350.pygmo_c.phoneme.0.H2OAutoML] CPU Utilization: 69.6%
[MONITORING] [local.openml_t_168350.pygmo_c.phoneme.0.H2OAutoML] Memory Usage: 52.0%
[MONITORING] [local.openml_t_168350.pygmo_c.phoneme.0.H2OAutoML] Disk Usage: 43.2%
[MONITORING] [local.openml_t_168350.pygmo_c.phoneme.0.H2OAutoML] CPU Utilization: 84.6%
[MONITORING] [local.openml_t_168350.pygmo_c.phoneme.0.H2OAutoML] Memory Usage: 52.7%
[MONITORING] [local.openml_t_168350.pygmo_c.phoneme.0.H2OAutoML] Disk Usage: 43.2%
[MONITORING] [local.openml_t_168350.pygmo_c.phoneme.0.H2OAutoML] CPU Utilization: 97.8%
[MONITORING] [local.openml_t_168350.pygmo_c.phoneme.0.H2OAutoML] Memory Usage: 52.7%
[MONITORING] [local.openml_t_168350.pygmo_c.phoneme.0.H2OAutoML] Disk Usage: 43.2%
[MONITORING] [local.openml_t_168350.pygmo_c.phoneme.0.H2OAutoML] CPU Utilization: 94.8%
[MONITORING] [local.openml_t_168350.pygmo_c.phoneme.0.H2OAutoML] Memory Usage: 52.8%
[MONITORING] [local.openml_t_168350.pygmo_c.phoneme.0.H2OAutoML] Disk Usage: 43.2%
[MONITORING] [local.openml_t_168350.pygmo_c.phoneme.0.H2OAutoML] CPU Utilization: 99.9%
[MONITORING] [local.openml_t_168350.pygmo_c.phoneme.0.H2OAutoML] Memory Usage: 52.8%
[MONITORING] [local.openml_t_168350.pygmo_c.phoneme.0.H2OAutoML] Disk Usage: 43.2%
[MONITORING] [local.openml_t_168350.pygmo_c.phoneme.0.H2OAutoML] CPU Utilization: 97.0%
[MONITORING] [local.openml_t_168350.pygmo_c.phoneme.0.H2OAutoML] Memory Usage: 52.8%
[MONITORING] [local.openml_t_168350.pygmo_c.phoneme.0.H2OAutoML] Disk Usage: 43.2%
[MONITORING] [local.openml_t_168350.pygmo_c.phoneme.0.H2OAutoML] CPU Utilization: 98.0%
[MONITORING] [local.openml_t_168350.pygmo_c.phoneme.0.H2OAutoML] Memory Usage: 52.9%
[MONITORING] [local.openml_t_168350.pygmo_c.phoneme.0.H2OAutoML] Disk Usage: 43.2%
[MONITORING] [local.openml_t_168350.pygmo_c.phoneme.0.H2OAutoML] CPU Utilization: 96.5%
[MONITORING] [local.openml_t_168350.pygmo_c.phoneme.0.H2OAutoML] Memory Usage: 52.9%
[MONITORING] [local.openml_t_168350.pygmo_c.phoneme.0.H2OAutoML] Disk Usage: 43.2%
[MONITORING] [local.openml_t_168350.pygmo_c.phoneme.0.H2OAutoML] CPU Utilization: 95.3%
[MONITORING] [local.openml_t_168350.pygmo_c.phoneme.0.H2OAutoML] Memory Usage: 52.9%
[MONITORING] [local.openml_t_168350.pygmo_c.phoneme.0.H2OAutoML] Disk Usage: 43.2%
[MONITORING] [local.openml_t_168350.pygmo_c.phoneme.0.H2OAutoML] CPU Utilization: 97.1%
[MONITORING] [local.openml_t_168350.pygmo_c.phoneme.0.H2OAutoML] Memory Usage: 52.9%
[MONITORING] [local.openml_t_168350.pygmo_c.phoneme.0.H2OAutoML] Disk Usage: 43.2%
[MONITORING] [local.openml_t_168350.pygmo_c.phoneme.0.H2OAutoML] CPU Utilization: 96.1%
[MONITORING] [local.openml_t_168350.pygmo_c.phoneme.0.H2OAutoML] Memory Usage: 52.9%
[MONITORING] [local.openml_t_168350.pygmo_c.phoneme.0.H2OAutoML] Disk Usage: 43.2%
[MONITORING] [local.openml_t_168350.pygmo_c.phoneme.0.H2OAutoML] CPU Utilization: 92.1%
[MONITORING] [local.openml_t_168350.pygmo_c.phoneme.0.H2OAutoML] Memory Usage: 53.1%
[MONITORING] [local.openml_t_168350.pygmo_c.phoneme.0.H2OAutoML] Disk Usage: 43.2%
[MONITORING] [local.openml_t_168350.pygmo_c.phoneme.0.H2OAutoML] CPU Utilization: 99.8%
[MONITORING] [local.openml_t_168350.pygmo_c.phoneme.0.H2OAutoML] Memory Usage: 53.1%
[MONITORING] [local.openml_t_168350.pygmo_c.phoneme.0.H2OAutoML] Disk Usage: 43.2%
[MONITORING] [local.openml_t_168350.pygmo_c.phoneme.0.H2OAutoML] CPU Utilization: 96.2%
[MONITORING] [local.openml_t_168350.pygmo_c.phoneme.0.H2OAutoML] Memory Usage: 53.4%
[MONITORING] [local.openml_t_168350.pygmo_c.phoneme.0.H2OAutoML] Disk Usage: 43.2%
[MONITORING] [local.openml_t_168350.pygmo_c.phoneme.0.H2OAutoML] CPU Utilization: 98.9%
[MONITORING] [local.openml_t_168350.pygmo_c.phoneme.0.H2OAutoML] Memory Usage: 53.4%
[MONITORING] [local.openml_t_168350.pygmo_c.phoneme.0.H2OAutoML] Disk Usage: 43.2%
[MONITORING] [local.openml_t_168350.pygmo_c.phoneme.0.H2OAutoML] CPU Utilization: 96.5%
[MONITORING] [local.openml_t_168350.pygmo_c.phoneme.0.H2OAutoML] Memory Usage: 53.4%
[MONITORING] [local.openml_t_168350.pygmo_c.phoneme.0.H2OAutoML] Disk Usage: 43.2%
[MONITORING] [local.openml_t_168350.pygmo_c.phoneme.0.H2OAutoML] CPU Utilization: 64.0%
[MONITORING] [local.openml_t_168350.pygmo_c.phoneme.0.H2OAutoML] Memory Usage: 53.5%
[MONITORING] [local.openml_t_168350.pygmo_c.phoneme.0.H2OAutoML] Disk Usage: 43.2%
AutoML progress: |███████████████████████████████████████████████████████████████| (done) 100%
stackedensemble prediction progress: |███████████████████████████████████████████| (done) 100%
H2O session _sid_a09c closed.



Predictions preview:
                      1                     2 predictions truth
0   0.9896370580330723  0.010362941966927637           1     1
1   0.9896370580330723  0.010362941966927637           1     1
2   0.9865177751725254  0.013482224827474684           1     1
3   0.9771514277261896  0.022848572273810423           1     1
4   0.9867323636118568  0.013267636388143203           1     1
5    0.919852983792392     0.080147016207608           1     1
6   0.9896370580330723  0.010362941966927637           1     1
7   0.9867323636118568  0.013267636388143203           1     1
8   0.9462424846467773   0.05375751535322272           1     1
9   0.9847539830496667  0.015246016950333367           1     1
10  0.9900948699848029  0.009905130015197121           1     1
11  0.2450330893514262    0.7549669106485738           2     1
12  0.8893243182739042    0.1106756817260958           1     1
13   0.789727710088452   0.21027228991154798           1     1
14  0.7571677962865959    0.2428322037134041           1     1
15  0.9600013433850421   0.03999865661495791           1     1
16   0.828633401433013   0.17136659856698697           1     1
17  0.9895287839155231   0.01047121608447682           1     1
18  0.9896370580330723  0.010362941966927637           1     1
19  0.9750716785965732  0.024928321403426774           1     1

Predictions saved to `/home/juradoi/experiments/automlbenchmark/results/h2oautoml.openml_t_168350.pygmo_c.local.20211209T184153/predictions/phoneme/0/predictions.csv`.
Loading metadata from `/home/juradoi/experiments/automlbenchmark/results/h2oautoml.openml_t_168350.pygmo_c.local.20211209T184153/predictions/phoneme/0/metadata.json`.
Loading predictions from `/home/juradoi/experiments/automlbenchmark/results/h2oautoml.openml_t_168350.pygmo_c.local.20211209T184153/predictions/phoneme/0/predictions.csv`.
Metric scores: { 'acc': 0.9168207024029574,
  'app_version': 'dev [master, beef024]',
  'auc': 0.9686357799071422,
  'balacc': 0.9117274194079489,
  'constraint': 'pygmo_c',
  'duration': nan,
  'fold': 0,
  'framework': 'H2OAutoML',
  'id': 'openml.org/t/168350',
  'info': None,
  'logloss': 0.21672311069351383,
  'metric': 'auc',
  'mode': 'local',
  'models_count': 471,
  'params': '',
  'predict_duration': 0.5788521766662598,
  'result': 0.9686357799071422,
  'seed': 258929483,
  'task': 'phoneme',
  'training_duration': 3621.276197195053,
  'type': 'binary',
  'utc': '2021-12-09T19:42:25',
  'version': '3.34.0.3'}
Job `local.openml_t_168350.pygmo_c.phoneme.0.H2OAutoML` executed in 3632.180 seconds.
All jobs executed in 3632.195 seconds.
[MONITORING] [local.openml_t_168350.pygmo_c.phoneme.0.H2OAutoML] CPU Utilization: 66.5%
[MONITORING] [local.openml_t_168350.pygmo_c.phoneme.0.H2OAutoML] Memory Usage: 2.3%
[MONITORING] [local.openml_t_168350.pygmo_c.phoneme.0.H2OAutoML] Disk Usage: 43.2%
Processing results for h2oautoml.openml_t_168350.pygmo_c.local.20211209T184153
Scores saved to `/home/juradoi/experiments/automlbenchmark/results/h2oautoml.openml_t_168350.pygmo_c.local.20211209T184153/scores/H2OAutoML.benchmark_openml_t_168350.csv`.
Scores saved to `/home/juradoi/experiments/automlbenchmark/results/h2oautoml.openml_t_168350.pygmo_c.local.20211209T184153/scores/results.csv`.
Scores saved to `/home/juradoi/experiments/automlbenchmark/results/results.csv`.
Summing up scores for current run:
                 id    task fold framework constraint   result metric  duration      seed
openml.org/t/168350 phoneme    0 H2OAutoML    pygmo_c 0.968636    auc    3632.2 258929483
