/var/spool/slurm/slurmd/job8494047/slurm_script: line 8: activate: No such file or directory
Running benchmark `H2OAutoML` on `openml/t/359960` framework in `local` mode.
Loading frameworks definitions from ['/home/juradoi/experiments/automlbenchmark/resources/frameworks.yaml'].
Loading benchmark constraint definitions from ['/home/juradoi/experiments/automlbenchmark/resources/constraints.yaml'].
Loading openml task 359960.

-----------------------------------------------------------
Starting job local.openml_t_359960.pygmo_c.car.0.H2OAutoML.
Assigning 16 cores (total=16) for new task car.
Assigning 91120 MB (total=95302 MB) for new car task.
[MONITORING] [local.openml_t_359960.pygmo_c.car.0.H2OAutoML] CPU Utilization: 17.6%
[MONITORING] [local.openml_t_359960.pygmo_c.car.0.H2OAutoML] Memory Usage: 2.2%
[MONITORING] [local.openml_t_359960.pygmo_c.car.0.H2OAutoML] Disk Usage: 43.2%
Running task car on framework H2OAutoML with config:
TaskConfig({})
Running cmd `/home/juradoi/experiments/automlbenchmark/frameworks/H2OAutoML/venv/bin/python -W ignore /home/juradoi/experiments/automlbenchmark/frameworks/H2OAutoML/exec.py`
INFO:__main__:
**** H2O AutoML [v3.34.0.3] ****

INFO:__main__:Starting H2O cluster with 16 cores, 60747M memory.
Checking whether there is an H2O instance running at http://localhost:9957 ..... not found.
Attempting to start a local H2O server...
  Java Version: openjdk version "11.0.12" 2021-07-20; OpenJDK Runtime Environment (build 11.0.12+7-post-Debian-2deb10u1); OpenJDK 64-Bit Server VM (build 11.0.12+7-post-Debian-2deb10u1, mixed mode, sharing)
  Starting server from /home/juradoi/experiments/automlbenchmark/frameworks/H2OAutoML/venv/lib/python3.8/site-packages/h2o/backend/bin/h2o.jar
  Ice root: /tmp/tmp4da36xlg
  JVM stdout: /tmp/tmp4da36xlg/h2o_unknownUser_started_from_python.out
  JVM stderr: /tmp/tmp4da36xlg/h2o_unknownUser_started_from_python.err
  Server is running at http://127.0.0.1:9957
Connecting to H2O server at http://127.0.0.1:9957 ... successful.
--------------------------  ------------------------------------------------------------------
H2O_cluster_uptime:         01 secs
H2O_cluster_timezone:       Europe/Amsterdam
H2O_data_parsing_timezone:  UTC
H2O_cluster_version:        3.34.0.3
H2O_cluster_version_age:    2 months and 2 days
H2O_cluster_name:           H2O_from_python_unknownUser_ppe1pf
H2O_cluster_total_nodes:    1
H2O_cluster_free_memory:    59.33 Gb
H2O_cluster_total_cores:    16
H2O_cluster_allowed_cores:  16
H2O_cluster_status:         locked, healthy
H2O_connection_url:         http://127.0.0.1:9957
H2O_connection_proxy:       {"http": null, "https": null}
H2O_internal_security:      False
H2O_API_Extensions:         Amazon S3, XGBoost, Algos, AutoML, Core V3, TargetEncoder, Core V4
Python_version:             3.8.12 final
--------------------------  ------------------------------------------------------------------
Parse progress: |████████████████████████████████████████████████████████████████| (done) 100%
Parse progress: |████████████████████████████████████████████████████████████████| (done) 100%
INFO:__main__:Running model on task car, fold 0.
[MONITORING] [local.openml_t_359960.pygmo_c.car.0.H2OAutoML] CPU Utilization: 50.0%
[MONITORING] [local.openml_t_359960.pygmo_c.car.0.H2OAutoML] Memory Usage: 36.3%
[MONITORING] [local.openml_t_359960.pygmo_c.car.0.H2OAutoML] Disk Usage: 43.2%
[MONITORING] [local.openml_t_359960.pygmo_c.car.0.H2OAutoML] CPU Utilization: 59.1%
[MONITORING] [local.openml_t_359960.pygmo_c.car.0.H2OAutoML] Memory Usage: 36.9%
[MONITORING] [local.openml_t_359960.pygmo_c.car.0.H2OAutoML] Disk Usage: 43.2%
[MONITORING] [local.openml_t_359960.pygmo_c.car.0.H2OAutoML] CPU Utilization: 57.9%
[MONITORING] [local.openml_t_359960.pygmo_c.car.0.H2OAutoML] Memory Usage: 37.4%
[MONITORING] [local.openml_t_359960.pygmo_c.car.0.H2OAutoML] Disk Usage: 43.2%
[MONITORING] [local.openml_t_359960.pygmo_c.car.0.H2OAutoML] CPU Utilization: 57.6%
[MONITORING] [local.openml_t_359960.pygmo_c.car.0.H2OAutoML] Memory Usage: 37.8%
[MONITORING] [local.openml_t_359960.pygmo_c.car.0.H2OAutoML] Disk Usage: 43.2%
[MONITORING] [local.openml_t_359960.pygmo_c.car.0.H2OAutoML] CPU Utilization: 60.2%
[MONITORING] [local.openml_t_359960.pygmo_c.car.0.H2OAutoML] Memory Usage: 38.5%
[MONITORING] [local.openml_t_359960.pygmo_c.car.0.H2OAutoML] Disk Usage: 43.2%
[MONITORING] [local.openml_t_359960.pygmo_c.car.0.H2OAutoML] CPU Utilization: 59.3%
[MONITORING] [local.openml_t_359960.pygmo_c.car.0.H2OAutoML] Memory Usage: 42.7%
[MONITORING] [local.openml_t_359960.pygmo_c.car.0.H2OAutoML] Disk Usage: 43.2%
[MONITORING] [local.openml_t_359960.pygmo_c.car.0.H2OAutoML] CPU Utilization: 57.2%
[MONITORING] [local.openml_t_359960.pygmo_c.car.0.H2OAutoML] Memory Usage: 43.9%
[MONITORING] [local.openml_t_359960.pygmo_c.car.0.H2OAutoML] Disk Usage: 43.2%
[MONITORING] [local.openml_t_359960.pygmo_c.car.0.H2OAutoML] CPU Utilization: 60.0%
[MONITORING] [local.openml_t_359960.pygmo_c.car.0.H2OAutoML] Memory Usage: 44.4%
[MONITORING] [local.openml_t_359960.pygmo_c.car.0.H2OAutoML] Disk Usage: 43.2%
[MONITORING] [local.openml_t_359960.pygmo_c.car.0.H2OAutoML] CPU Utilization: 58.4%
[MONITORING] [local.openml_t_359960.pygmo_c.car.0.H2OAutoML] Memory Usage: 45.0%
[MONITORING] [local.openml_t_359960.pygmo_c.car.0.H2OAutoML] Disk Usage: 43.2%
[MONITORING] [local.openml_t_359960.pygmo_c.car.0.H2OAutoML] CPU Utilization: 57.4%
[MONITORING] [local.openml_t_359960.pygmo_c.car.0.H2OAutoML] Memory Usage: 45.1%
[MONITORING] [local.openml_t_359960.pygmo_c.car.0.H2OAutoML] Disk Usage: 43.2%
[MONITORING] [local.openml_t_359960.pygmo_c.car.0.H2OAutoML] CPU Utilization: 58.7%
[MONITORING] [local.openml_t_359960.pygmo_c.car.0.H2OAutoML] Memory Usage: 45.2%
[MONITORING] [local.openml_t_359960.pygmo_c.car.0.H2OAutoML] Disk Usage: 43.2%
[MONITORING] [local.openml_t_359960.pygmo_c.car.0.H2OAutoML] CPU Utilization: 61.2%
[MONITORING] [local.openml_t_359960.pygmo_c.car.0.H2OAutoML] Memory Usage: 45.2%
[MONITORING] [local.openml_t_359960.pygmo_c.car.0.H2OAutoML] Disk Usage: 43.2%
[MONITORING] [local.openml_t_359960.pygmo_c.car.0.H2OAutoML] CPU Utilization: 58.9%
[MONITORING] [local.openml_t_359960.pygmo_c.car.0.H2OAutoML] Memory Usage: 45.3%
[MONITORING] [local.openml_t_359960.pygmo_c.car.0.H2OAutoML] Disk Usage: 43.2%
[MONITORING] [local.openml_t_359960.pygmo_c.car.0.H2OAutoML] CPU Utilization: 59.9%
[MONITORING] [local.openml_t_359960.pygmo_c.car.0.H2OAutoML] Memory Usage: 45.3%
[MONITORING] [local.openml_t_359960.pygmo_c.car.0.H2OAutoML] Disk Usage: 43.2%
[MONITORING] [local.openml_t_359960.pygmo_c.car.0.H2OAutoML] CPU Utilization: 50.1%
[MONITORING] [local.openml_t_359960.pygmo_c.car.0.H2OAutoML] Memory Usage: 45.3%
[MONITORING] [local.openml_t_359960.pygmo_c.car.0.H2OAutoML] Disk Usage: 43.2%
[MONITORING] [local.openml_t_359960.pygmo_c.car.0.H2OAutoML] CPU Utilization: 47.5%
[MONITORING] [local.openml_t_359960.pygmo_c.car.0.H2OAutoML] Memory Usage: 46.2%
[MONITORING] [local.openml_t_359960.pygmo_c.car.0.H2OAutoML] Disk Usage: 43.2%
[MONITORING] [local.openml_t_359960.pygmo_c.car.0.H2OAutoML] CPU Utilization: 46.8%
[MONITORING] [local.openml_t_359960.pygmo_c.car.0.H2OAutoML] Memory Usage: 46.3%
[MONITORING] [local.openml_t_359960.pygmo_c.car.0.H2OAutoML] Disk Usage: 43.2%
[MONITORING] [local.openml_t_359960.pygmo_c.car.0.H2OAutoML] CPU Utilization: 47.9%
[MONITORING] [local.openml_t_359960.pygmo_c.car.0.H2OAutoML] Memory Usage: 47.8%
[MONITORING] [local.openml_t_359960.pygmo_c.car.0.H2OAutoML] Disk Usage: 43.2%
[MONITORING] [local.openml_t_359960.pygmo_c.car.0.H2OAutoML] CPU Utilization: 47.6%
[MONITORING] [local.openml_t_359960.pygmo_c.car.0.H2OAutoML] Memory Usage: 47.9%
[MONITORING] [local.openml_t_359960.pygmo_c.car.0.H2OAutoML] Disk Usage: 43.2%
[MONITORING] [local.openml_t_359960.pygmo_c.car.0.H2OAutoML] CPU Utilization: 48.0%
[MONITORING] [local.openml_t_359960.pygmo_c.car.0.H2OAutoML] Memory Usage: 48.3%
[MONITORING] [local.openml_t_359960.pygmo_c.car.0.H2OAutoML] Disk Usage: 43.1%
[MONITORING] [local.openml_t_359960.pygmo_c.car.0.H2OAutoML] CPU Utilization: 49.0%
[MONITORING] [local.openml_t_359960.pygmo_c.car.0.H2OAutoML] Memory Usage: 49.2%
[MONITORING] [local.openml_t_359960.pygmo_c.car.0.H2OAutoML] Disk Usage: 43.2%
[MONITORING] [local.openml_t_359960.pygmo_c.car.0.H2OAutoML] CPU Utilization: 47.6%
[MONITORING] [local.openml_t_359960.pygmo_c.car.0.H2OAutoML] Memory Usage: 49.4%
[MONITORING] [local.openml_t_359960.pygmo_c.car.0.H2OAutoML] Disk Usage: 43.2%
[MONITORING] [local.openml_t_359960.pygmo_c.car.0.H2OAutoML] CPU Utilization: 48.8%
[MONITORING] [local.openml_t_359960.pygmo_c.car.0.H2OAutoML] Memory Usage: 51.0%
[MONITORING] [local.openml_t_359960.pygmo_c.car.0.H2OAutoML] Disk Usage: 43.2%
[MONITORING] [local.openml_t_359960.pygmo_c.car.0.H2OAutoML] CPU Utilization: 85.2%
[MONITORING] [local.openml_t_359960.pygmo_c.car.0.H2OAutoML] Memory Usage: 51.0%
[MONITORING] [local.openml_t_359960.pygmo_c.car.0.H2OAutoML] Disk Usage: 43.2%
[MONITORING] [local.openml_t_359960.pygmo_c.car.0.H2OAutoML] CPU Utilization: 98.2%
[MONITORING] [local.openml_t_359960.pygmo_c.car.0.H2OAutoML] Memory Usage: 51.0%
[MONITORING] [local.openml_t_359960.pygmo_c.car.0.H2OAutoML] Disk Usage: 43.2%
[MONITORING] [local.openml_t_359960.pygmo_c.car.0.H2OAutoML] CPU Utilization: 97.5%
[MONITORING] [local.openml_t_359960.pygmo_c.car.0.H2OAutoML] Memory Usage: 51.2%
[MONITORING] [local.openml_t_359960.pygmo_c.car.0.H2OAutoML] Disk Usage: 43.2%
[MONITORING] [local.openml_t_359960.pygmo_c.car.0.H2OAutoML] CPU Utilization: 98.3%
[MONITORING] [local.openml_t_359960.pygmo_c.car.0.H2OAutoML] Memory Usage: 51.2%
[MONITORING] [local.openml_t_359960.pygmo_c.car.0.H2OAutoML] Disk Usage: 43.2%
[MONITORING] [local.openml_t_359960.pygmo_c.car.0.H2OAutoML] CPU Utilization: 79.8%
[MONITORING] [local.openml_t_359960.pygmo_c.car.0.H2OAutoML] Memory Usage: 51.2%
[MONITORING] [local.openml_t_359960.pygmo_c.car.0.H2OAutoML] Disk Usage: 43.2%
[MONITORING] [local.openml_t_359960.pygmo_c.car.0.H2OAutoML] CPU Utilization: 34.2%
[MONITORING] [local.openml_t_359960.pygmo_c.car.0.H2OAutoML] Memory Usage: 51.2%
[MONITORING] [local.openml_t_359960.pygmo_c.car.0.H2OAutoML] Disk Usage: 43.2%
[MONITORING] [local.openml_t_359960.pygmo_c.car.0.H2OAutoML] CPU Utilization: 79.9%
[MONITORING] [local.openml_t_359960.pygmo_c.car.0.H2OAutoML] Memory Usage: 51.2%
[MONITORING] [local.openml_t_359960.pygmo_c.car.0.H2OAutoML] Disk Usage: 43.2%
AutoML progress: |███████████████████████████████████████████████████████████████| (done) 100%
gbm prediction progress: |███████████████████████████████████████████████████████| (done) 100%
H2O session _sid_95e6 closed.



Predictions preview:
                        acc                    good               unacc                   vgood predictions  truth
0   1.5870913366607442E-15  1.2719090026194456E-25  0.9999999999999984  3.9175544484532776E-19       unacc  unacc
1   4.2563280561924684E-10  1.9237128937766336E-16  0.9999999995743669   7.186744252408843E-23       unacc  unacc
2    3.803330522399435E-12   5.601398463347733E-26  0.9999999999961966   2.264269337873266E-25       unacc  unacc
3    2.849707337433003E-14   6.445904868097099E-26  0.9999999999999716  6.5067399230304905E-24       unacc  unacc
4   3.5708823987669916E-12    9.47185755076072E-21  0.9999999999964291   7.771901564328956E-27       unacc  unacc
5    3.486050344439968E-12   5.983437830121617E-20  0.9999999999965139  1.9661528112793212E-26       unacc  unacc
6   2.7260856287402177E-10   6.458124701126176E-24  0.9999999997273914  3.3292432770121138E-21       unacc  unacc
7   2.0638116687051384E-14  1.6442681373364683E-22  0.9999999999999793  1.4673273147451945E-26       unacc  unacc
8   1.2067726060016526E-13  5.4706919817417664E-24  0.9999999999998794  1.8208694738430585E-27       unacc  unacc
9   1.0939690498380452E-14  1.8930246374272341E-16  0.9999999999999889   5.173582453688744E-24       unacc  unacc
10   1.0344939295533363E-9  1.3019054259688833E-17   0.999999998965506   2.852789130792844E-24       unacc  unacc
11  2.1610395756490242E-23  1.9389725319174444E-21  0.9999999999971343   2.865675740496975E-12       unacc  unacc
12   1.0844221287051965E-8   6.722820281343776E-20  0.9999999891537265  2.0524315665796496E-12       unacc  unacc
13   3.056169274560758E-17   2.261862692076578E-30                 1.0  1.8532559402142025E-27       unacc  unacc
14   3.470435228953344E-15    3.05663975823268E-11  0.9999999999663174  3.1129119816681576E-12       unacc  unacc
15  1.4656198445650973E-12    9.417474031073796E-8  0.9999999058213098  2.4841393530282997E-12       unacc  unacc
16  1.2741380040877455E-16    5.382775440525118E-7  0.9999994617186991   3.756846751810893E-12       unacc  unacc
17   4.508825740066694E-12   1.879587824234341E-17  0.9999999999954912   9.244294363084025E-24       unacc  unacc
18   9.449306334581933E-11   9.172686064420755E-18  0.9999999999055069   1.804752531797507E-23       unacc  unacc
19   7.835081226956747E-11   8.385586884518673E-20  0.9999999999216491  2.0915299687540668E-17       unacc  unacc

Predictions saved to `/home/juradoi/experiments/automlbenchmark/results/h2oautoml.openml_t_359960.pygmo_c.local.20211209T222209/predictions/car/0/predictions.csv`.
Loading metadata from `/home/juradoi/experiments/automlbenchmark/results/h2oautoml.openml_t_359960.pygmo_c.local.20211209T222209/predictions/car/0/metadata.json`.
Loading predictions from `/home/juradoi/experiments/automlbenchmark/results/h2oautoml.openml_t_359960.pygmo_c.local.20211209T222209/predictions/car/0/predictions.csv`.
Metric scores: { 'acc': 1.0,
  'app_version': 'dev [master, beef024]',
  'balacc': 1.0,
  'constraint': 'pygmo_c',
  'duration': nan,
  'fold': 0,
  'framework': 'H2OAutoML',
  'id': 'openml.org/t/359960',
  'info': None,
  'logloss': 0.00011011897093171138,
  'metric': 'neg_logloss',
  'mode': 'local',
  'models_count': 948,
  'params': '',
  'predict_duration': 0.2912783622741699,
  'result': -0.00011011897093171138,
  'seed': 872012022,
  'task': 'car',
  'training_duration': 3633.5726420879364,
  'type': 'multiclass',
  'utc': '2021-12-09T23:22:52',
  'version': '3.34.0.3'}
Job `local.openml_t_359960.pygmo_c.car.0.H2OAutoML` executed in 3642.693 seconds.
All jobs executed in 3642.701 seconds.
[MONITORING] [local.openml_t_359960.pygmo_c.car.0.H2OAutoML] CPU Utilization: 13.2%
[MONITORING] [local.openml_t_359960.pygmo_c.car.0.H2OAutoML] Memory Usage: 2.2%
[MONITORING] [local.openml_t_359960.pygmo_c.car.0.H2OAutoML] Disk Usage: 43.2%
Processing results for h2oautoml.openml_t_359960.pygmo_c.local.20211209T222209
Scores saved to `/home/juradoi/experiments/automlbenchmark/results/h2oautoml.openml_t_359960.pygmo_c.local.20211209T222209/scores/H2OAutoML.benchmark_openml_t_359960.csv`.
Scores saved to `/home/juradoi/experiments/automlbenchmark/results/h2oautoml.openml_t_359960.pygmo_c.local.20211209T222209/scores/results.csv`.
Scores saved to `/home/juradoi/experiments/automlbenchmark/results/results.csv`.
Summing up scores for current run:
                 id task fold framework constraint   result      metric  duration      seed
openml.org/t/359960  car    0 H2OAutoML    pygmo_c -0.00011 neg_logloss    3642.7 872012022
