/var/spool/slurm/slurmd/job8494815/slurm_script: line 8: activate: No such file or directory
Running benchmark `H2OAutoML` on `openml/t/359968` framework in `local` mode.
Loading frameworks definitions from ['/home/juradoi/experiments/automlbenchmark/resources/frameworks.yaml'].
Loading benchmark constraint definitions from ['/home/juradoi/experiments/automlbenchmark/resources/constraints.yaml'].
Loading openml task 359968.

-------------------------------------------------------------
Starting job local.openml_t_359968.pygmo_c.churn.0.H2OAutoML.
Assigning 16 cores (total=16) for new task churn.
Assigning 91105 MB (total=95302 MB) for new churn task.
[MONITORING] [local.openml_t_359968.pygmo_c.churn.0.H2OAutoML] CPU Utilization: 18.4%
[MONITORING] [local.openml_t_359968.pygmo_c.churn.0.H2OAutoML] Memory Usage: 2.3%
[MONITORING] [local.openml_t_359968.pygmo_c.churn.0.H2OAutoML] Disk Usage: 43.2%
Running task churn on framework H2OAutoML with config:
TaskConfig({})
Running cmd `/home/juradoi/experiments/automlbenchmark/frameworks/H2OAutoML/venv/bin/python -W ignore /home/juradoi/experiments/automlbenchmark/frameworks/H2OAutoML/exec.py`
INFO:__main__:
**** H2O AutoML [v3.34.0.3] ****

INFO:__main__:Starting H2O cluster with 16 cores, 60737M memory.
Checking whether there is an H2O instance running at http://localhost:18060 ..... not found.
Attempting to start a local H2O server...
  Java Version: openjdk version "11.0.12" 2021-07-20; OpenJDK Runtime Environment (build 11.0.12+7-post-Debian-2deb10u1); OpenJDK 64-Bit Server VM (build 11.0.12+7-post-Debian-2deb10u1, mixed mode, sharing)
  Starting server from /home/juradoi/experiments/automlbenchmark/frameworks/H2OAutoML/venv/lib/python3.8/site-packages/h2o/backend/bin/h2o.jar
  Ice root: /tmp/tmpri9h8k5v
  JVM stdout: /tmp/tmpri9h8k5v/h2o_unknownUser_started_from_python.out
  JVM stderr: /tmp/tmpri9h8k5v/h2o_unknownUser_started_from_python.err
  Server is running at http://127.0.0.1:18060
Connecting to H2O server at http://127.0.0.1:18060 ... successful.
--------------------------  ------------------------------------------------------------------
H2O_cluster_uptime:         01 secs
H2O_cluster_timezone:       Europe/Amsterdam
H2O_data_parsing_timezone:  UTC
H2O_cluster_version:        3.34.0.3
H2O_cluster_version_age:    2 months and 2 days
H2O_cluster_name:           H2O_from_python_unknownUser_9cl2v3
H2O_cluster_total_nodes:    1
H2O_cluster_free_memory:    59.33 Gb
H2O_cluster_total_cores:    16
H2O_cluster_allowed_cores:  16
H2O_cluster_status:         locked, healthy
H2O_connection_url:         http://127.0.0.1:18060
H2O_connection_proxy:       {"http": null, "https": null}
H2O_internal_security:      False
H2O_API_Extensions:         Amazon S3, XGBoost, Algos, AutoML, Core V3, TargetEncoder, Core V4
Python_version:             3.8.12 final
--------------------------  ------------------------------------------------------------------
Parse progress: |████████████████████████████████████████████████████████████████| (done) 100%
Parse progress: |████████████████████████████████████████████████████████████████| (done) 100%
INFO:__main__:Running model on task churn, fold 0.
[MONITORING] [local.openml_t_359968.pygmo_c.churn.0.H2OAutoML] CPU Utilization: 65.2%
[MONITORING] [local.openml_t_359968.pygmo_c.churn.0.H2OAutoML] Memory Usage: 37.0%
[MONITORING] [local.openml_t_359968.pygmo_c.churn.0.H2OAutoML] Disk Usage: 43.2%
[MONITORING] [local.openml_t_359968.pygmo_c.churn.0.H2OAutoML] CPU Utilization: 80.2%
[MONITORING] [local.openml_t_359968.pygmo_c.churn.0.H2OAutoML] Memory Usage: 45.8%
[MONITORING] [local.openml_t_359968.pygmo_c.churn.0.H2OAutoML] Disk Usage: 43.2%
[MONITORING] [local.openml_t_359968.pygmo_c.churn.0.H2OAutoML] CPU Utilization: 81.8%
[MONITORING] [local.openml_t_359968.pygmo_c.churn.0.H2OAutoML] Memory Usage: 46.2%
[MONITORING] [local.openml_t_359968.pygmo_c.churn.0.H2OAutoML] Disk Usage: 43.2%
[MONITORING] [local.openml_t_359968.pygmo_c.churn.0.H2OAutoML] CPU Utilization: 80.1%
[MONITORING] [local.openml_t_359968.pygmo_c.churn.0.H2OAutoML] Memory Usage: 47.5%
[MONITORING] [local.openml_t_359968.pygmo_c.churn.0.H2OAutoML] Disk Usage: 43.2%
[MONITORING] [local.openml_t_359968.pygmo_c.churn.0.H2OAutoML] CPU Utilization: 79.7%
[MONITORING] [local.openml_t_359968.pygmo_c.churn.0.H2OAutoML] Memory Usage: 48.0%
[MONITORING] [local.openml_t_359968.pygmo_c.churn.0.H2OAutoML] Disk Usage: 43.2%
[MONITORING] [local.openml_t_359968.pygmo_c.churn.0.H2OAutoML] CPU Utilization: 79.5%
[MONITORING] [local.openml_t_359968.pygmo_c.churn.0.H2OAutoML] Memory Usage: 48.7%
[MONITORING] [local.openml_t_359968.pygmo_c.churn.0.H2OAutoML] Disk Usage: 43.2%
[MONITORING] [local.openml_t_359968.pygmo_c.churn.0.H2OAutoML] CPU Utilization: 79.7%
[MONITORING] [local.openml_t_359968.pygmo_c.churn.0.H2OAutoML] Memory Usage: 49.9%
[MONITORING] [local.openml_t_359968.pygmo_c.churn.0.H2OAutoML] Disk Usage: 43.2%
[MONITORING] [local.openml_t_359968.pygmo_c.churn.0.H2OAutoML] CPU Utilization: 77.8%
[MONITORING] [local.openml_t_359968.pygmo_c.churn.0.H2OAutoML] Memory Usage: 50.3%
[MONITORING] [local.openml_t_359968.pygmo_c.churn.0.H2OAutoML] Disk Usage: 43.2%
[MONITORING] [local.openml_t_359968.pygmo_c.churn.0.H2OAutoML] CPU Utilization: 77.1%
[MONITORING] [local.openml_t_359968.pygmo_c.churn.0.H2OAutoML] Memory Usage: 51.2%
[MONITORING] [local.openml_t_359968.pygmo_c.churn.0.H2OAutoML] Disk Usage: 43.2%
[MONITORING] [local.openml_t_359968.pygmo_c.churn.0.H2OAutoML] CPU Utilization: 74.1%
[MONITORING] [local.openml_t_359968.pygmo_c.churn.0.H2OAutoML] Memory Usage: 51.3%
[MONITORING] [local.openml_t_359968.pygmo_c.churn.0.H2OAutoML] Disk Usage: 43.2%
[MONITORING] [local.openml_t_359968.pygmo_c.churn.0.H2OAutoML] CPU Utilization: 67.7%
[MONITORING] [local.openml_t_359968.pygmo_c.churn.0.H2OAutoML] Memory Usage: 52.7%
[MONITORING] [local.openml_t_359968.pygmo_c.churn.0.H2OAutoML] Disk Usage: 43.2%
[MONITORING] [local.openml_t_359968.pygmo_c.churn.0.H2OAutoML] CPU Utilization: 81.9%
[MONITORING] [local.openml_t_359968.pygmo_c.churn.0.H2OAutoML] Memory Usage: 53.5%
[MONITORING] [local.openml_t_359968.pygmo_c.churn.0.H2OAutoML] Disk Usage: 43.2%
[MONITORING] [local.openml_t_359968.pygmo_c.churn.0.H2OAutoML] CPU Utilization: 97.3%
[MONITORING] [local.openml_t_359968.pygmo_c.churn.0.H2OAutoML] Memory Usage: 53.5%
[MONITORING] [local.openml_t_359968.pygmo_c.churn.0.H2OAutoML] Disk Usage: 43.2%
[MONITORING] [local.openml_t_359968.pygmo_c.churn.0.H2OAutoML] CPU Utilization: 98.9%
[MONITORING] [local.openml_t_359968.pygmo_c.churn.0.H2OAutoML] Memory Usage: 53.6%
[MONITORING] [local.openml_t_359968.pygmo_c.churn.0.H2OAutoML] Disk Usage: 43.2%
[MONITORING] [local.openml_t_359968.pygmo_c.churn.0.H2OAutoML] CPU Utilization: 98.4%
[MONITORING] [local.openml_t_359968.pygmo_c.churn.0.H2OAutoML] Memory Usage: 53.6%
[MONITORING] [local.openml_t_359968.pygmo_c.churn.0.H2OAutoML] Disk Usage: 43.2%
[MONITORING] [local.openml_t_359968.pygmo_c.churn.0.H2OAutoML] CPU Utilization: 98.0%
[MONITORING] [local.openml_t_359968.pygmo_c.churn.0.H2OAutoML] Memory Usage: 53.6%
[MONITORING] [local.openml_t_359968.pygmo_c.churn.0.H2OAutoML] Disk Usage: 43.2%
[MONITORING] [local.openml_t_359968.pygmo_c.churn.0.H2OAutoML] CPU Utilization: 98.2%
[MONITORING] [local.openml_t_359968.pygmo_c.churn.0.H2OAutoML] Memory Usage: 53.6%
[MONITORING] [local.openml_t_359968.pygmo_c.churn.0.H2OAutoML] Disk Usage: 43.2%
[MONITORING] [local.openml_t_359968.pygmo_c.churn.0.H2OAutoML] CPU Utilization: 97.8%
[MONITORING] [local.openml_t_359968.pygmo_c.churn.0.H2OAutoML] Memory Usage: 53.6%
[MONITORING] [local.openml_t_359968.pygmo_c.churn.0.H2OAutoML] Disk Usage: 43.2%
[MONITORING] [local.openml_t_359968.pygmo_c.churn.0.H2OAutoML] CPU Utilization: 97.9%
[MONITORING] [local.openml_t_359968.pygmo_c.churn.0.H2OAutoML] Memory Usage: 53.7%
[MONITORING] [local.openml_t_359968.pygmo_c.churn.0.H2OAutoML] Disk Usage: 43.2%
[MONITORING] [local.openml_t_359968.pygmo_c.churn.0.H2OAutoML] CPU Utilization: 98.0%
[MONITORING] [local.openml_t_359968.pygmo_c.churn.0.H2OAutoML] Memory Usage: 53.7%
[MONITORING] [local.openml_t_359968.pygmo_c.churn.0.H2OAutoML] Disk Usage: 43.2%
[MONITORING] [local.openml_t_359968.pygmo_c.churn.0.H2OAutoML] CPU Utilization: 98.5%
[MONITORING] [local.openml_t_359968.pygmo_c.churn.0.H2OAutoML] Memory Usage: 53.7%
[MONITORING] [local.openml_t_359968.pygmo_c.churn.0.H2OAutoML] Disk Usage: 43.2%
[MONITORING] [local.openml_t_359968.pygmo_c.churn.0.H2OAutoML] CPU Utilization: 97.5%
[MONITORING] [local.openml_t_359968.pygmo_c.churn.0.H2OAutoML] Memory Usage: 53.7%
[MONITORING] [local.openml_t_359968.pygmo_c.churn.0.H2OAutoML] Disk Usage: 43.2%
[MONITORING] [local.openml_t_359968.pygmo_c.churn.0.H2OAutoML] CPU Utilization: 98.3%
[MONITORING] [local.openml_t_359968.pygmo_c.churn.0.H2OAutoML] Memory Usage: 53.7%
[MONITORING] [local.openml_t_359968.pygmo_c.churn.0.H2OAutoML] Disk Usage: 43.2%
[MONITORING] [local.openml_t_359968.pygmo_c.churn.0.H2OAutoML] CPU Utilization: 94.4%
[MONITORING] [local.openml_t_359968.pygmo_c.churn.0.H2OAutoML] Memory Usage: 54.5%
[MONITORING] [local.openml_t_359968.pygmo_c.churn.0.H2OAutoML] Disk Usage: 43.2%
[MONITORING] [local.openml_t_359968.pygmo_c.churn.0.H2OAutoML] CPU Utilization: 99.0%
[MONITORING] [local.openml_t_359968.pygmo_c.churn.0.H2OAutoML] Memory Usage: 54.5%
[MONITORING] [local.openml_t_359968.pygmo_c.churn.0.H2OAutoML] Disk Usage: 43.2%
[MONITORING] [local.openml_t_359968.pygmo_c.churn.0.H2OAutoML] CPU Utilization: 97.5%
[MONITORING] [local.openml_t_359968.pygmo_c.churn.0.H2OAutoML] Memory Usage: 54.5%
[MONITORING] [local.openml_t_359968.pygmo_c.churn.0.H2OAutoML] Disk Usage: 43.2%
[MONITORING] [local.openml_t_359968.pygmo_c.churn.0.H2OAutoML] CPU Utilization: 96.4%
[MONITORING] [local.openml_t_359968.pygmo_c.churn.0.H2OAutoML] Memory Usage: 54.6%
[MONITORING] [local.openml_t_359968.pygmo_c.churn.0.H2OAutoML] Disk Usage: 43.2%
[MONITORING] [local.openml_t_359968.pygmo_c.churn.0.H2OAutoML] CPU Utilization: 98.5%
[MONITORING] [local.openml_t_359968.pygmo_c.churn.0.H2OAutoML] Memory Usage: 54.7%
[MONITORING] [local.openml_t_359968.pygmo_c.churn.0.H2OAutoML] Disk Usage: 43.2%
[MONITORING] [local.openml_t_359968.pygmo_c.churn.0.H2OAutoML] CPU Utilization: 89.3%
[MONITORING] [local.openml_t_359968.pygmo_c.churn.0.H2OAutoML] Memory Usage: 54.7%
[MONITORING] [local.openml_t_359968.pygmo_c.churn.0.H2OAutoML] Disk Usage: 43.2%
[MONITORING] [local.openml_t_359968.pygmo_c.churn.0.H2OAutoML] CPU Utilization: 71.9%
[MONITORING] [local.openml_t_359968.pygmo_c.churn.0.H2OAutoML] Memory Usage: 54.8%
[MONITORING] [local.openml_t_359968.pygmo_c.churn.0.H2OAutoML] Disk Usage: 43.2%
AutoML progress: |███████████████████████████████████████████████████████████████| (done) 100%
stackedensemble prediction progress: |███████████████████████████████████████████| (done) 100%
H2O session _sid_b3aa closed.



Predictions preview:
                      0                     1 predictions truth
0   0.9763466473478251  0.023653352652174955           0     0
1   0.9835644242422371   0.01643557575776284           0     0
2   0.9157591453892681   0.08424085461073196           0     0
3   0.9807809264736485  0.019219073526351542           0     0
4   0.9684071251886259  0.031592874811374114           0     0
5   0.9822062129929363  0.017793787007063674           0     0
6   0.9768323476195129  0.023167652380487083           0     0
7   0.9785431196674007  0.021456880332599307           0     0
8   0.9740563952145505  0.025943604785449582           0     0
9   0.9888366218612311  0.011163378138768935           0     0
10  0.9840018633279904   0.01599813667200956           0     0
11  0.9815081641660486  0.018491835833951382           0     0
12   0.975946663446699  0.024053336553300976           0     0
13  0.9763046769823873  0.023695323017612683           0     0
14  0.9789554463287875  0.021044553671212503           0     0
15  0.9824880411809715  0.017511958819028395           0     0
16  0.9453312129554943  0.054668787044505736           0     0
17  0.9829533122070089  0.017046687792991164           0     0
18  0.9797513274248717  0.020248672575128298           0     0
19  0.9818948370942508   0.01810516290574912           0     0

Predictions saved to `/home/juradoi/experiments/automlbenchmark/results/h2oautoml.openml_t_359968.pygmo_c.local.20211210T012846/predictions/churn/0/predictions.csv`.
Loading metadata from `/home/juradoi/experiments/automlbenchmark/results/h2oautoml.openml_t_359968.pygmo_c.local.20211210T012846/predictions/churn/0/metadata.json`.
Loading predictions from `/home/juradoi/experiments/automlbenchmark/results/h2oautoml.openml_t_359968.pygmo_c.local.20211210T012846/predictions/churn/0/predictions.csv`.
Metric scores: { 'acc': 0.962,
  'app_version': 'dev [master, beef024]',
  'auc': 0.9060963455149502,
  'balacc': 0.8882059800664452,
  'constraint': 'pygmo_c',
  'duration': nan,
  'fold': 0,
  'framework': 'H2OAutoML',
  'id': 'openml.org/t/359968',
  'info': None,
  'logloss': 0.1469617496346411,
  'metric': 'auc',
  'mode': 'local',
  'models_count': 536,
  'params': '',
  'predict_duration': 0.32414937019348145,
  'result': 0.9060963455149502,
  'seed': 425685596,
  'task': 'churn',
  'training_duration': 3637.8797147274017,
  'type': 'binary',
  'utc': '2021-12-10T02:29:33',
  'version': '3.34.0.3'}
Job `local.openml_t_359968.pygmo_c.churn.0.H2OAutoML` executed in 3647.216 seconds.
All jobs executed in 3647.224 seconds.
[MONITORING] [local.openml_t_359968.pygmo_c.churn.0.H2OAutoML] CPU Utilization: 79.1%
[MONITORING] [local.openml_t_359968.pygmo_c.churn.0.H2OAutoML] Memory Usage: 2.3%
[MONITORING] [local.openml_t_359968.pygmo_c.churn.0.H2OAutoML] Disk Usage: 43.2%
Processing results for h2oautoml.openml_t_359968.pygmo_c.local.20211210T012846
Scores saved to `/home/juradoi/experiments/automlbenchmark/results/h2oautoml.openml_t_359968.pygmo_c.local.20211210T012846/scores/H2OAutoML.benchmark_openml_t_359968.csv`.
Scores saved to `/home/juradoi/experiments/automlbenchmark/results/h2oautoml.openml_t_359968.pygmo_c.local.20211210T012846/scores/results.csv`.
Scores saved to `/home/juradoi/experiments/automlbenchmark/results/results.csv`.
Summing up scores for current run:
                 id  task fold framework constraint   result metric  duration      seed
openml.org/t/359968 churn    0 H2OAutoML    pygmo_c 0.906096    auc    3647.2 425685596
