/var/spool/slurm/slurmd/job8494830/slurm_script: line 8: activate: No such file or directory
Running benchmark `H2OAutoML` on `openml/t/359973` framework in `local` mode.
Loading frameworks definitions from ['/home/juradoi/experiments/automlbenchmark/resources/frameworks.yaml'].
Loading benchmark constraint definitions from ['/home/juradoi/experiments/automlbenchmark/resources/constraints.yaml'].
Loading openml task 359973.

-----------------------------------------------------------------
Starting job local.openml_t_359973.pygmo_c.christine.0.H2OAutoML.
Assigning 16 cores (total=16) for new task christine.
Assigning 91357 MB (total=95302 MB) for new christine task.
[MONITORING] [local.openml_t_359973.pygmo_c.christine.0.H2OAutoML] CPU Utilization: 15.2%
[MONITORING] [local.openml_t_359973.pygmo_c.christine.0.H2OAutoML] Memory Usage: 2.0%
[MONITORING] [local.openml_t_359973.pygmo_c.christine.0.H2OAutoML] Disk Usage: 43.1%
Running task christine on framework H2OAutoML with config:
TaskConfig({})
Running cmd `/home/juradoi/experiments/automlbenchmark/frameworks/H2OAutoML/venv/bin/python -W ignore /home/juradoi/experiments/automlbenchmark/frameworks/H2OAutoML/exec.py`
INFO:__main__:
**** H2O AutoML [v3.34.0.3] ****

INFO:__main__:Starting H2O cluster with 16 cores, 60905M memory.
Checking whether there is an H2O instance running at http://localhost:33366 ..... not found.
Attempting to start a local H2O server...
  Java Version: openjdk version "11.0.12" 2021-07-20; OpenJDK Runtime Environment (build 11.0.12+7-post-Debian-2deb10u1); OpenJDK 64-Bit Server VM (build 11.0.12+7-post-Debian-2deb10u1, mixed mode, sharing)
  Starting server from /home/juradoi/experiments/automlbenchmark/frameworks/H2OAutoML/venv/lib/python3.8/site-packages/h2o/backend/bin/h2o.jar
  Ice root: /tmp/tmpj1ogvlmu
  JVM stdout: /tmp/tmpj1ogvlmu/h2o_unknownUser_started_from_python.out
  JVM stderr: /tmp/tmpj1ogvlmu/h2o_unknownUser_started_from_python.err
  Server is running at http://127.0.0.1:33366
Connecting to H2O server at http://127.0.0.1:33366 ... successful.
--------------------------  ------------------------------------------------------------------
H2O_cluster_uptime:         01 secs
H2O_cluster_timezone:       Europe/Amsterdam
H2O_data_parsing_timezone:  UTC
H2O_cluster_version:        3.34.0.3
H2O_cluster_version_age:    2 months and 2 days
H2O_cluster_name:           H2O_from_python_unknownUser_pkcsjd
H2O_cluster_total_nodes:    1
H2O_cluster_free_memory:    59.48 Gb
H2O_cluster_total_cores:    16
H2O_cluster_allowed_cores:  16
H2O_cluster_status:         locked, healthy
H2O_connection_url:         http://127.0.0.1:33366
H2O_connection_proxy:       {"http": null, "https": null}
H2O_internal_security:      False
H2O_API_Extensions:         Amazon S3, XGBoost, Algos, AutoML, Core V3, TargetEncoder, Core V4
Python_version:             3.8.12 final
--------------------------  ------------------------------------------------------------------
Parse progress: |████████████████████████████████████████████████████████████████| (done) 100%
Parse progress: |████████████████████████████████████████████████████████████████| (done) 100%
INFO:__main__:Running model on task christine, fold 0.
[MONITORING] [local.openml_t_359973.pygmo_c.christine.0.H2OAutoML] CPU Utilization: 82.3%
[MONITORING] [local.openml_t_359973.pygmo_c.christine.0.H2OAutoML] Memory Usage: 29.6%
[MONITORING] [local.openml_t_359973.pygmo_c.christine.0.H2OAutoML] Disk Usage: 43.1%
[MONITORING] [local.openml_t_359973.pygmo_c.christine.0.H2OAutoML] CPU Utilization: 90.1%
[MONITORING] [local.openml_t_359973.pygmo_c.christine.0.H2OAutoML] Memory Usage: 45.3%
[MONITORING] [local.openml_t_359973.pygmo_c.christine.0.H2OAutoML] Disk Usage: 43.1%
[MONITORING] [local.openml_t_359973.pygmo_c.christine.0.H2OAutoML] CPU Utilization: 86.7%
[MONITORING] [local.openml_t_359973.pygmo_c.christine.0.H2OAutoML] Memory Usage: 45.4%
[MONITORING] [local.openml_t_359973.pygmo_c.christine.0.H2OAutoML] Disk Usage: 43.1%
[MONITORING] [local.openml_t_359973.pygmo_c.christine.0.H2OAutoML] CPU Utilization: 61.5%
[MONITORING] [local.openml_t_359973.pygmo_c.christine.0.H2OAutoML] Memory Usage: 45.5%
[MONITORING] [local.openml_t_359973.pygmo_c.christine.0.H2OAutoML] Disk Usage: 43.1%
[MONITORING] [local.openml_t_359973.pygmo_c.christine.0.H2OAutoML] CPU Utilization: 81.2%
[MONITORING] [local.openml_t_359973.pygmo_c.christine.0.H2OAutoML] Memory Usage: 45.6%
[MONITORING] [local.openml_t_359973.pygmo_c.christine.0.H2OAutoML] Disk Usage: 43.1%
[MONITORING] [local.openml_t_359973.pygmo_c.christine.0.H2OAutoML] CPU Utilization: 85.8%
[MONITORING] [local.openml_t_359973.pygmo_c.christine.0.H2OAutoML] Memory Usage: 45.6%
[MONITORING] [local.openml_t_359973.pygmo_c.christine.0.H2OAutoML] Disk Usage: 43.1%
[MONITORING] [local.openml_t_359973.pygmo_c.christine.0.H2OAutoML] CPU Utilization: 84.5%
[MONITORING] [local.openml_t_359973.pygmo_c.christine.0.H2OAutoML] Memory Usage: 45.6%
[MONITORING] [local.openml_t_359973.pygmo_c.christine.0.H2OAutoML] Disk Usage: 43.1%
[MONITORING] [local.openml_t_359973.pygmo_c.christine.0.H2OAutoML] CPU Utilization: 62.2%
[MONITORING] [local.openml_t_359973.pygmo_c.christine.0.H2OAutoML] Memory Usage: 45.7%
[MONITORING] [local.openml_t_359973.pygmo_c.christine.0.H2OAutoML] Disk Usage: 43.1%
[MONITORING] [local.openml_t_359973.pygmo_c.christine.0.H2OAutoML] CPU Utilization: 73.9%
[MONITORING] [local.openml_t_359973.pygmo_c.christine.0.H2OAutoML] Memory Usage: 45.7%
[MONITORING] [local.openml_t_359973.pygmo_c.christine.0.H2OAutoML] Disk Usage: 43.1%
[MONITORING] [local.openml_t_359973.pygmo_c.christine.0.H2OAutoML] CPU Utilization: 75.4%
[MONITORING] [local.openml_t_359973.pygmo_c.christine.0.H2OAutoML] Memory Usage: 46.1%
[MONITORING] [local.openml_t_359973.pygmo_c.christine.0.H2OAutoML] Disk Usage: 43.1%
[MONITORING] [local.openml_t_359973.pygmo_c.christine.0.H2OAutoML] CPU Utilization: 77.8%
[MONITORING] [local.openml_t_359973.pygmo_c.christine.0.H2OAutoML] Memory Usage: 46.2%
[MONITORING] [local.openml_t_359973.pygmo_c.christine.0.H2OAutoML] Disk Usage: 43.1%
[MONITORING] [local.openml_t_359973.pygmo_c.christine.0.H2OAutoML] CPU Utilization: 77.6%
[MONITORING] [local.openml_t_359973.pygmo_c.christine.0.H2OAutoML] Memory Usage: 46.7%
[MONITORING] [local.openml_t_359973.pygmo_c.christine.0.H2OAutoML] Disk Usage: 43.1%
[MONITORING] [local.openml_t_359973.pygmo_c.christine.0.H2OAutoML] CPU Utilization: 86.4%
[MONITORING] [local.openml_t_359973.pygmo_c.christine.0.H2OAutoML] Memory Usage: 46.6%
[MONITORING] [local.openml_t_359973.pygmo_c.christine.0.H2OAutoML] Disk Usage: 43.1%
[MONITORING] [local.openml_t_359973.pygmo_c.christine.0.H2OAutoML] CPU Utilization: 79.2%
[MONITORING] [local.openml_t_359973.pygmo_c.christine.0.H2OAutoML] Memory Usage: 46.6%
[MONITORING] [local.openml_t_359973.pygmo_c.christine.0.H2OAutoML] Disk Usage: 43.1%
[MONITORING] [local.openml_t_359973.pygmo_c.christine.0.H2OAutoML] CPU Utilization: 83.4%
[MONITORING] [local.openml_t_359973.pygmo_c.christine.0.H2OAutoML] Memory Usage: 46.9%
[MONITORING] [local.openml_t_359973.pygmo_c.christine.0.H2OAutoML] Disk Usage: 43.1%
[MONITORING] [local.openml_t_359973.pygmo_c.christine.0.H2OAutoML] CPU Utilization: 78.2%
[MONITORING] [local.openml_t_359973.pygmo_c.christine.0.H2OAutoML] Memory Usage: 46.9%
[MONITORING] [local.openml_t_359973.pygmo_c.christine.0.H2OAutoML] Disk Usage: 43.1%
[MONITORING] [local.openml_t_359973.pygmo_c.christine.0.H2OAutoML] CPU Utilization: 80.7%
[MONITORING] [local.openml_t_359973.pygmo_c.christine.0.H2OAutoML] Memory Usage: 47.0%
[MONITORING] [local.openml_t_359973.pygmo_c.christine.0.H2OAutoML] Disk Usage: 43.1%
[MONITORING] [local.openml_t_359973.pygmo_c.christine.0.H2OAutoML] CPU Utilization: 85.4%
[MONITORING] [local.openml_t_359973.pygmo_c.christine.0.H2OAutoML] Memory Usage: 47.0%
[MONITORING] [local.openml_t_359973.pygmo_c.christine.0.H2OAutoML] Disk Usage: 43.1%
[MONITORING] [local.openml_t_359973.pygmo_c.christine.0.H2OAutoML] CPU Utilization: 81.3%
[MONITORING] [local.openml_t_359973.pygmo_c.christine.0.H2OAutoML] Memory Usage: 47.0%
[MONITORING] [local.openml_t_359973.pygmo_c.christine.0.H2OAutoML] Disk Usage: 43.1%
[MONITORING] [local.openml_t_359973.pygmo_c.christine.0.H2OAutoML] CPU Utilization: 66.0%
[MONITORING] [local.openml_t_359973.pygmo_c.christine.0.H2OAutoML] Memory Usage: 47.0%
[MONITORING] [local.openml_t_359973.pygmo_c.christine.0.H2OAutoML] Disk Usage: 43.1%
[MONITORING] [local.openml_t_359973.pygmo_c.christine.0.H2OAutoML] CPU Utilization: 78.8%
[MONITORING] [local.openml_t_359973.pygmo_c.christine.0.H2OAutoML] Memory Usage: 47.0%
[MONITORING] [local.openml_t_359973.pygmo_c.christine.0.H2OAutoML] Disk Usage: 43.1%
[MONITORING] [local.openml_t_359973.pygmo_c.christine.0.H2OAutoML] CPU Utilization: 70.5%
[MONITORING] [local.openml_t_359973.pygmo_c.christine.0.H2OAutoML] Memory Usage: 47.0%
[MONITORING] [local.openml_t_359973.pygmo_c.christine.0.H2OAutoML] Disk Usage: 43.1%
[MONITORING] [local.openml_t_359973.pygmo_c.christine.0.H2OAutoML] CPU Utilization: 80.9%
[MONITORING] [local.openml_t_359973.pygmo_c.christine.0.H2OAutoML] Memory Usage: 47.0%
[MONITORING] [local.openml_t_359973.pygmo_c.christine.0.H2OAutoML] Disk Usage: 43.1%
[MONITORING] [local.openml_t_359973.pygmo_c.christine.0.H2OAutoML] CPU Utilization: 90.5%
[MONITORING] [local.openml_t_359973.pygmo_c.christine.0.H2OAutoML] Memory Usage: 47.0%
[MONITORING] [local.openml_t_359973.pygmo_c.christine.0.H2OAutoML] Disk Usage: 43.1%
[MONITORING] [local.openml_t_359973.pygmo_c.christine.0.H2OAutoML] CPU Utilization: 91.2%
[MONITORING] [local.openml_t_359973.pygmo_c.christine.0.H2OAutoML] Memory Usage: 47.0%
[MONITORING] [local.openml_t_359973.pygmo_c.christine.0.H2OAutoML] Disk Usage: 43.1%
[MONITORING] [local.openml_t_359973.pygmo_c.christine.0.H2OAutoML] CPU Utilization: 93.6%
[MONITORING] [local.openml_t_359973.pygmo_c.christine.0.H2OAutoML] Memory Usage: 47.0%
[MONITORING] [local.openml_t_359973.pygmo_c.christine.0.H2OAutoML] Disk Usage: 43.1%
[MONITORING] [local.openml_t_359973.pygmo_c.christine.0.H2OAutoML] CPU Utilization: 94.8%
[MONITORING] [local.openml_t_359973.pygmo_c.christine.0.H2OAutoML] Memory Usage: 47.0%
[MONITORING] [local.openml_t_359973.pygmo_c.christine.0.H2OAutoML] Disk Usage: 43.1%
[MONITORING] [local.openml_t_359973.pygmo_c.christine.0.H2OAutoML] CPU Utilization: 92.3%
[MONITORING] [local.openml_t_359973.pygmo_c.christine.0.H2OAutoML] Memory Usage: 47.0%
[MONITORING] [local.openml_t_359973.pygmo_c.christine.0.H2OAutoML] Disk Usage: 43.1%
[MONITORING] [local.openml_t_359973.pygmo_c.christine.0.H2OAutoML] CPU Utilization: 88.6%
[MONITORING] [local.openml_t_359973.pygmo_c.christine.0.H2OAutoML] Memory Usage: 47.0%
[MONITORING] [local.openml_t_359973.pygmo_c.christine.0.H2OAutoML] Disk Usage: 43.1%
[MONITORING] [local.openml_t_359973.pygmo_c.christine.0.H2OAutoML] CPU Utilization: 79.4%
[MONITORING] [local.openml_t_359973.pygmo_c.christine.0.H2OAutoML] Memory Usage: 47.0%
[MONITORING] [local.openml_t_359973.pygmo_c.christine.0.H2OAutoML] Disk Usage: 43.1%
AutoML progress: |███████████████████████████████████████████████████████████████| (done) 100%
stackedensemble prediction progress: |███████████████████████████████████████████| (done) 100%
H2O session _sid_ad71 closed.



Predictions preview:
                       0                     1 predictions truth
0    0.8639688867266344   0.13603111327336556           0     0
1   0.42357117203776784    0.5764288279622322           1     0
2    0.6815354660189075    0.3184645339810925           0     0
3    0.8900452381112989   0.10995476188870107           0     0
4    0.7699096875107141   0.23009031248928588           0     0
5    0.6794865586850254   0.32051344131497456           0     0
6    0.5696878706823931    0.4303121293176068           1     0
7    0.7482873992086496   0.25171260079135044           0     0
8    0.7521283045736363   0.24787169542636364           0     0
9    0.9505175291383535  0.049482470861646484           0     0
10   0.5152665360348223    0.4847334639651777           1     0
11   0.8404744709188385   0.15952552908116144           0     0
12   0.7202513007290874   0.27974869927091256           0     0
13  0.37510061937257655    0.6248993806274235           1     0
14   0.6084479990487215   0.39155200095127857           1     0
15   0.5957149113328422    0.4042850886671579           1     0
16   0.4529438622221087    0.5470561377778913           1     0
17   0.8558901969968035   0.14410980300319656           0     0
18  0.38790306473898883    0.6120969352610112           1     0
19   0.8689412553454476    0.1310587446545524           0     0

Predictions saved to `/home/juradoi/experiments/automlbenchmark/results/h2oautoml.openml_t_359973.pygmo_c.local.20211210T013449/predictions/christine/0/predictions.csv`.
Loading metadata from `/home/juradoi/experiments/automlbenchmark/results/h2oautoml.openml_t_359973.pygmo_c.local.20211210T013449/predictions/christine/0/metadata.json`.
Loading predictions from `/home/juradoi/experiments/automlbenchmark/results/h2oautoml.openml_t_359973.pygmo_c.local.20211210T013449/predictions/christine/0/predictions.csv`.
Metric scores: { 'acc': 0.7453874538745388,
  'app_version': 'dev [master, beef024]',
  'auc': 0.8447869718549584,
  'balacc': 0.7453874538745388,
  'constraint': 'pygmo_c',
  'duration': nan,
  'fold': 0,
  'framework': 'H2OAutoML',
  'id': 'openml.org/t/359973',
  'info': None,
  'logloss': 0.49032754139455587,
  'metric': 'auc',
  'mode': 'local',
  'models_count': 79,
  'params': '',
  'predict_duration': 0.5513160228729248,
  'result': 0.8447869718549584,
  'seed': 1080985512,
  'task': 'christine',
  'training_duration': 3602.2373218536377,
  'type': 'binary',
  'utc': '2021-12-10T02:35:06',
  'version': '3.34.0.3'}
Job `local.openml_t_359973.pygmo_c.christine.0.H2OAutoML` executed in 3615.964 seconds.
All jobs executed in 3615.979 seconds.
[MONITORING] [local.openml_t_359973.pygmo_c.christine.0.H2OAutoML] CPU Utilization: 61.7%
[MONITORING] [local.openml_t_359973.pygmo_c.christine.0.H2OAutoML] Memory Usage: 2.0%
[MONITORING] [local.openml_t_359973.pygmo_c.christine.0.H2OAutoML] Disk Usage: 43.1%
Processing results for h2oautoml.openml_t_359973.pygmo_c.local.20211210T013449
Scores saved to `/home/juradoi/experiments/automlbenchmark/results/h2oautoml.openml_t_359973.pygmo_c.local.20211210T013449/scores/H2OAutoML.benchmark_openml_t_359973.csv`.
Scores saved to `/home/juradoi/experiments/automlbenchmark/results/h2oautoml.openml_t_359973.pygmo_c.local.20211210T013449/scores/results.csv`.
Scores saved to `/home/juradoi/experiments/automlbenchmark/results/results.csv`.
Summing up scores for current run:
                 id      task fold framework constraint   result metric  duration       seed
openml.org/t/359973 christine    0 H2OAutoML    pygmo_c 0.844787    auc    3616.0 1080985512
