/var/spool/slurm/slurmd/job8494801/slurm_script: line 8: activate: No such file or directory
Running benchmark `H2OAutoML` on `openml/t/359966` framework in `local` mode.
Loading frameworks definitions from ['/home/juradoi/experiments/automlbenchmark/resources/frameworks.yaml'].
Loading benchmark constraint definitions from ['/home/juradoi/experiments/automlbenchmark/resources/constraints.yaml'].
Loading openml task 359966.

-------------------------------------------------------------------------------
Starting job local.openml_t_359966.pygmo_c.Internet-Advertisements.0.H2OAutoML.
Assigning 16 cores (total=16) for new task Internet-Advertisements.
Assigning 91039 MB (total=95302 MB) for new Internet-Advertisements task.
[MONITORING] [local.openml_t_359966.pygmo_c.Internet-Advertisements.0.H2OAutoML] CPU Utilization: 17.6%
[MONITORING] [local.openml_t_359966.pygmo_c.Internet-Advertisements.0.H2OAutoML] Memory Usage: 2.3%
[MONITORING] [local.openml_t_359966.pygmo_c.Internet-Advertisements.0.H2OAutoML] Disk Usage: 43.2%
Running task Internet-Advertisements on framework H2OAutoML with config:
TaskConfig({})
Running cmd `/home/juradoi/experiments/automlbenchmark/frameworks/H2OAutoML/venv/bin/python -W ignore /home/juradoi/experiments/automlbenchmark/frameworks/H2OAutoML/exec.py`
INFO:__main__:
**** H2O AutoML [v3.34.0.3] ****

INFO:__main__:Starting H2O cluster with 16 cores, 60693M memory.
Checking whether there is an H2O instance running at http://localhost:8560 ..... not found.
Attempting to start a local H2O server...
  Java Version: openjdk version "11.0.12" 2021-07-20; OpenJDK Runtime Environment (build 11.0.12+7-post-Debian-2deb10u1); OpenJDK 64-Bit Server VM (build 11.0.12+7-post-Debian-2deb10u1, mixed mode, sharing)
  Starting server from /home/juradoi/experiments/automlbenchmark/frameworks/H2OAutoML/venv/lib/python3.8/site-packages/h2o/backend/bin/h2o.jar
  Ice root: /tmp/tmp49dbqvlv
  JVM stdout: /tmp/tmp49dbqvlv/h2o_unknownUser_started_from_python.out
  JVM stderr: /tmp/tmp49dbqvlv/h2o_unknownUser_started_from_python.err
  Server is running at http://127.0.0.1:8560
Connecting to H2O server at http://127.0.0.1:8560 ... successful.
--------------------------  ------------------------------------------------------------------
H2O_cluster_uptime:         01 secs
H2O_cluster_timezone:       Europe/Amsterdam
H2O_data_parsing_timezone:  UTC
H2O_cluster_version:        3.34.0.3
H2O_cluster_version_age:    2 months and 2 days
H2O_cluster_name:           H2O_from_python_unknownUser_7febz9
H2O_cluster_total_nodes:    1
H2O_cluster_free_memory:    59.28 Gb
H2O_cluster_total_cores:    16
H2O_cluster_allowed_cores:  16
H2O_cluster_status:         locked, healthy
H2O_connection_url:         http://127.0.0.1:8560
H2O_connection_proxy:       {"http": null, "https": null}
H2O_internal_security:      False
H2O_API_Extensions:         Amazon S3, XGBoost, Algos, AutoML, Core V3, TargetEncoder, Core V4
Python_version:             3.8.12 final
--------------------------  ------------------------------------------------------------------
Parse progress: |████████████████████████████████████████████████████████████████| (done) 100%
Parse progress: |████████████████████████████████████████████████████████████████| (done) 100%
INFO:__main__:Running model on task Internet-Advertisements, fold 0.
[MONITORING] [local.openml_t_359966.pygmo_c.Internet-Advertisements.0.H2OAutoML] CPU Utilization: 73.9%
[MONITORING] [local.openml_t_359966.pygmo_c.Internet-Advertisements.0.H2OAutoML] Memory Usage: 59.9%
[MONITORING] [local.openml_t_359966.pygmo_c.Internet-Advertisements.0.H2OAutoML] Disk Usage: 43.2%
[MONITORING] [local.openml_t_359966.pygmo_c.Internet-Advertisements.0.H2OAutoML] CPU Utilization: 71.0%
[MONITORING] [local.openml_t_359966.pygmo_c.Internet-Advertisements.0.H2OAutoML] Memory Usage: 60.9%
[MONITORING] [local.openml_t_359966.pygmo_c.Internet-Advertisements.0.H2OAutoML] Disk Usage: 43.2%
[MONITORING] [local.openml_t_359966.pygmo_c.Internet-Advertisements.0.H2OAutoML] CPU Utilization: 73.5%
[MONITORING] [local.openml_t_359966.pygmo_c.Internet-Advertisements.0.H2OAutoML] Memory Usage: 61.8%
[MONITORING] [local.openml_t_359966.pygmo_c.Internet-Advertisements.0.H2OAutoML] Disk Usage: 43.2%
[MONITORING] [local.openml_t_359966.pygmo_c.Internet-Advertisements.0.H2OAutoML] CPU Utilization: 72.9%
[MONITORING] [local.openml_t_359966.pygmo_c.Internet-Advertisements.0.H2OAutoML] Memory Usage: 61.8%
[MONITORING] [local.openml_t_359966.pygmo_c.Internet-Advertisements.0.H2OAutoML] Disk Usage: 43.2%
[MONITORING] [local.openml_t_359966.pygmo_c.Internet-Advertisements.0.H2OAutoML] CPU Utilization: 76.7%
[MONITORING] [local.openml_t_359966.pygmo_c.Internet-Advertisements.0.H2OAutoML] Memory Usage: 62.1%
[MONITORING] [local.openml_t_359966.pygmo_c.Internet-Advertisements.0.H2OAutoML] Disk Usage: 43.2%
[MONITORING] [local.openml_t_359966.pygmo_c.Internet-Advertisements.0.H2OAutoML] CPU Utilization: 81.6%
[MONITORING] [local.openml_t_359966.pygmo_c.Internet-Advertisements.0.H2OAutoML] Memory Usage: 62.2%
[MONITORING] [local.openml_t_359966.pygmo_c.Internet-Advertisements.0.H2OAutoML] Disk Usage: 43.2%
[MONITORING] [local.openml_t_359966.pygmo_c.Internet-Advertisements.0.H2OAutoML] CPU Utilization: 83.6%
[MONITORING] [local.openml_t_359966.pygmo_c.Internet-Advertisements.0.H2OAutoML] Memory Usage: 62.8%
[MONITORING] [local.openml_t_359966.pygmo_c.Internet-Advertisements.0.H2OAutoML] Disk Usage: 43.2%
[MONITORING] [local.openml_t_359966.pygmo_c.Internet-Advertisements.0.H2OAutoML] CPU Utilization: 82.0%
[MONITORING] [local.openml_t_359966.pygmo_c.Internet-Advertisements.0.H2OAutoML] Memory Usage: 62.9%
[MONITORING] [local.openml_t_359966.pygmo_c.Internet-Advertisements.0.H2OAutoML] Disk Usage: 43.2%
[MONITORING] [local.openml_t_359966.pygmo_c.Internet-Advertisements.0.H2OAutoML] CPU Utilization: 82.5%
[MONITORING] [local.openml_t_359966.pygmo_c.Internet-Advertisements.0.H2OAutoML] Memory Usage: 63.2%
[MONITORING] [local.openml_t_359966.pygmo_c.Internet-Advertisements.0.H2OAutoML] Disk Usage: 43.2%
[MONITORING] [local.openml_t_359966.pygmo_c.Internet-Advertisements.0.H2OAutoML] CPU Utilization: 83.8%
[MONITORING] [local.openml_t_359966.pygmo_c.Internet-Advertisements.0.H2OAutoML] Memory Usage: 63.4%
[MONITORING] [local.openml_t_359966.pygmo_c.Internet-Advertisements.0.H2OAutoML] Disk Usage: 43.2%
[MONITORING] [local.openml_t_359966.pygmo_c.Internet-Advertisements.0.H2OAutoML] CPU Utilization: 83.4%
[MONITORING] [local.openml_t_359966.pygmo_c.Internet-Advertisements.0.H2OAutoML] Memory Usage: 63.6%
[MONITORING] [local.openml_t_359966.pygmo_c.Internet-Advertisements.0.H2OAutoML] Disk Usage: 43.2%
[MONITORING] [local.openml_t_359966.pygmo_c.Internet-Advertisements.0.H2OAutoML] CPU Utilization: 85.0%
[MONITORING] [local.openml_t_359966.pygmo_c.Internet-Advertisements.0.H2OAutoML] Memory Usage: 63.5%
[MONITORING] [local.openml_t_359966.pygmo_c.Internet-Advertisements.0.H2OAutoML] Disk Usage: 43.2%
[MONITORING] [local.openml_t_359966.pygmo_c.Internet-Advertisements.0.H2OAutoML] CPU Utilization: 83.3%
[MONITORING] [local.openml_t_359966.pygmo_c.Internet-Advertisements.0.H2OAutoML] Memory Usage: 63.9%
[MONITORING] [local.openml_t_359966.pygmo_c.Internet-Advertisements.0.H2OAutoML] Disk Usage: 43.2%
[MONITORING] [local.openml_t_359966.pygmo_c.Internet-Advertisements.0.H2OAutoML] CPU Utilization: 82.6%
[MONITORING] [local.openml_t_359966.pygmo_c.Internet-Advertisements.0.H2OAutoML] Memory Usage: 63.9%
[MONITORING] [local.openml_t_359966.pygmo_c.Internet-Advertisements.0.H2OAutoML] Disk Usage: 43.2%
[MONITORING] [local.openml_t_359966.pygmo_c.Internet-Advertisements.0.H2OAutoML] CPU Utilization: 82.7%
[MONITORING] [local.openml_t_359966.pygmo_c.Internet-Advertisements.0.H2OAutoML] Memory Usage: 63.9%
[MONITORING] [local.openml_t_359966.pygmo_c.Internet-Advertisements.0.H2OAutoML] Disk Usage: 43.2%
[MONITORING] [local.openml_t_359966.pygmo_c.Internet-Advertisements.0.H2OAutoML] CPU Utilization: 82.3%
[MONITORING] [local.openml_t_359966.pygmo_c.Internet-Advertisements.0.H2OAutoML] Memory Usage: 64.3%
[MONITORING] [local.openml_t_359966.pygmo_c.Internet-Advertisements.0.H2OAutoML] Disk Usage: 43.2%
[MONITORING] [local.openml_t_359966.pygmo_c.Internet-Advertisements.0.H2OAutoML] CPU Utilization: 83.4%
[MONITORING] [local.openml_t_359966.pygmo_c.Internet-Advertisements.0.H2OAutoML] Memory Usage: 64.2%
[MONITORING] [local.openml_t_359966.pygmo_c.Internet-Advertisements.0.H2OAutoML] Disk Usage: 43.2%
[MONITORING] [local.openml_t_359966.pygmo_c.Internet-Advertisements.0.H2OAutoML] CPU Utilization: 84.2%
[MONITORING] [local.openml_t_359966.pygmo_c.Internet-Advertisements.0.H2OAutoML] Memory Usage: 64.6%
[MONITORING] [local.openml_t_359966.pygmo_c.Internet-Advertisements.0.H2OAutoML] Disk Usage: 43.2%
[MONITORING] [local.openml_t_359966.pygmo_c.Internet-Advertisements.0.H2OAutoML] CPU Utilization: 87.0%
[MONITORING] [local.openml_t_359966.pygmo_c.Internet-Advertisements.0.H2OAutoML] Memory Usage: 64.4%
[MONITORING] [local.openml_t_359966.pygmo_c.Internet-Advertisements.0.H2OAutoML] Disk Usage: 43.2%
[MONITORING] [local.openml_t_359966.pygmo_c.Internet-Advertisements.0.H2OAutoML] CPU Utilization: 85.1%
[MONITORING] [local.openml_t_359966.pygmo_c.Internet-Advertisements.0.H2OAutoML] Memory Usage: 64.4%
[MONITORING] [local.openml_t_359966.pygmo_c.Internet-Advertisements.0.H2OAutoML] Disk Usage: 43.2%
[MONITORING] [local.openml_t_359966.pygmo_c.Internet-Advertisements.0.H2OAutoML] CPU Utilization: 87.6%
[MONITORING] [local.openml_t_359966.pygmo_c.Internet-Advertisements.0.H2OAutoML] Memory Usage: 64.9%
[MONITORING] [local.openml_t_359966.pygmo_c.Internet-Advertisements.0.H2OAutoML] Disk Usage: 43.2%
[MONITORING] [local.openml_t_359966.pygmo_c.Internet-Advertisements.0.H2OAutoML] CPU Utilization: 85.8%
[MONITORING] [local.openml_t_359966.pygmo_c.Internet-Advertisements.0.H2OAutoML] Memory Usage: 64.9%
[MONITORING] [local.openml_t_359966.pygmo_c.Internet-Advertisements.0.H2OAutoML] Disk Usage: 43.2%
[MONITORING] [local.openml_t_359966.pygmo_c.Internet-Advertisements.0.H2OAutoML] CPU Utilization: 85.8%
[MONITORING] [local.openml_t_359966.pygmo_c.Internet-Advertisements.0.H2OAutoML] Memory Usage: 65.0%
[MONITORING] [local.openml_t_359966.pygmo_c.Internet-Advertisements.0.H2OAutoML] Disk Usage: 43.2%
[MONITORING] [local.openml_t_359966.pygmo_c.Internet-Advertisements.0.H2OAutoML] CPU Utilization: 83.1%
[MONITORING] [local.openml_t_359966.pygmo_c.Internet-Advertisements.0.H2OAutoML] Memory Usage: 65.0%
[MONITORING] [local.openml_t_359966.pygmo_c.Internet-Advertisements.0.H2OAutoML] Disk Usage: 43.2%
[MONITORING] [local.openml_t_359966.pygmo_c.Internet-Advertisements.0.H2OAutoML] CPU Utilization: 87.1%
[MONITORING] [local.openml_t_359966.pygmo_c.Internet-Advertisements.0.H2OAutoML] Memory Usage: 65.0%
[MONITORING] [local.openml_t_359966.pygmo_c.Internet-Advertisements.0.H2OAutoML] Disk Usage: 43.2%
[MONITORING] [local.openml_t_359966.pygmo_c.Internet-Advertisements.0.H2OAutoML] CPU Utilization: 89.1%
[MONITORING] [local.openml_t_359966.pygmo_c.Internet-Advertisements.0.H2OAutoML] Memory Usage: 66.7%
[MONITORING] [local.openml_t_359966.pygmo_c.Internet-Advertisements.0.H2OAutoML] Disk Usage: 43.2%
[MONITORING] [local.openml_t_359966.pygmo_c.Internet-Advertisements.0.H2OAutoML] CPU Utilization: 90.4%
[MONITORING] [local.openml_t_359966.pygmo_c.Internet-Advertisements.0.H2OAutoML] Memory Usage: 66.7%
[MONITORING] [local.openml_t_359966.pygmo_c.Internet-Advertisements.0.H2OAutoML] Disk Usage: 43.2%
[MONITORING] [local.openml_t_359966.pygmo_c.Internet-Advertisements.0.H2OAutoML] CPU Utilization: 86.6%
[MONITORING] [local.openml_t_359966.pygmo_c.Internet-Advertisements.0.H2OAutoML] Memory Usage: 66.8%
[MONITORING] [local.openml_t_359966.pygmo_c.Internet-Advertisements.0.H2OAutoML] Disk Usage: 43.2%
[MONITORING] [local.openml_t_359966.pygmo_c.Internet-Advertisements.0.H2OAutoML] CPU Utilization: 86.4%
[MONITORING] [local.openml_t_359966.pygmo_c.Internet-Advertisements.0.H2OAutoML] Memory Usage: 66.8%
[MONITORING] [local.openml_t_359966.pygmo_c.Internet-Advertisements.0.H2OAutoML] Disk Usage: 43.2%
[MONITORING] [local.openml_t_359966.pygmo_c.Internet-Advertisements.0.H2OAutoML] CPU Utilization: 79.3%
[MONITORING] [local.openml_t_359966.pygmo_c.Internet-Advertisements.0.H2OAutoML] Memory Usage: 68.5%
[MONITORING] [local.openml_t_359966.pygmo_c.Internet-Advertisements.0.H2OAutoML] Disk Usage: 43.2%
AutoML progress: |███████████████████████████████████████████████████████████████| (done) 100%
stackedensemble prediction progress: |███████████████████████████████████████████| (done) 100%
H2O session _sid_9170 closed.



Predictions preview:
                       ad                   noad predictions truth
0     0.9996853323298515   3.146676701484845E-4          ad    ad
1     0.9659989520702255    0.03400104792977452          ad    ad
2     0.9986911550750266  0.0013088449249733635          ad    ad
3     0.8384013840517608    0.16159861594823927          ad    ad
4    0.41591681009489934     0.5840831899051007        noad    ad
5    0.23732619541745403      0.762673804582546        noad    ad
6   0.019055473214993235     0.9809445267850068        noad    ad
7     0.9872256296595383    0.01277437034046168          ad    ad
8     0.9987877873219976  0.0012122126780024682          ad    ad
9     0.9996198189621733   3.801810378266588E-4          ad    ad
10    0.9997634712302137  2.3652876978632811E-4          ad    ad
11     0.999177046855185   8.229531448149345E-4          ad    ad
12    0.9998257868719116  1.7421312808836218E-4          ad    ad
13    0.9998043851578784  1.9561484212158697E-4          ad    ad
14    0.9998578764642162  1.4212353578385011E-4          ad    ad
15    0.8865019806361478    0.11349801936385216          ad    ad
16    0.8790651080336943     0.1209348919663057          ad    ad
17   0.29541451715032263     0.7045854828496774        noad    ad
18    0.9972291140967591   0.002770885903240891          ad    ad
19    0.9976222908805086   0.002377709119491414          ad    ad

Predictions saved to `/home/juradoi/experiments/automlbenchmark/results/h2oautoml.openml_t_359966.pygmo_c.local.20211210T012534/predictions/Internet-Advertisements/0/predictions.csv`.
Loading metadata from `/home/juradoi/experiments/automlbenchmark/results/h2oautoml.openml_t_359966.pygmo_c.local.20211210T012534/predictions/Internet-Advertisements/0/metadata.json`.
Loading predictions from `/home/juradoi/experiments/automlbenchmark/results/h2oautoml.openml_t_359966.pygmo_c.local.20211210T012534/predictions/Internet-Advertisements/0/predictions.csv`.
Metric scores: { 'acc': 0.9695121951219512,
  'app_version': 'dev [master, beef024]',
  'auc': 0.9839654640764725,
  'balacc': 0.9094973789700894,
  'constraint': 'pygmo_c',
  'duration': nan,
  'fold': 0,
  'framework': 'H2OAutoML',
  'id': 'openml.org/t/359966',
  'info': None,
  'logloss': 0.09122494622907709,
  'metric': 'auc',
  'mode': 'local',
  'models_count': 130,
  'params': '',
  'predict_duration': 0.3112969398498535,
  'result': 0.9839654640764725,
  'seed': 237823128,
  'task': 'Internet-Advertisements',
  'training_duration': 3602.1504426002502,
  'type': 'binary',
  'utc': '2021-12-10T02:25:48',
  'version': '3.34.0.3'}
Job `local.openml_t_359966.pygmo_c.Internet-Advertisements.0.H2OAutoML` executed in 3613.951 seconds.
All jobs executed in 3613.963 seconds.
[MONITORING] [local.openml_t_359966.pygmo_c.Internet-Advertisements.0.H2OAutoML] CPU Utilization: 59.0%
[MONITORING] [local.openml_t_359966.pygmo_c.Internet-Advertisements.0.H2OAutoML] Memory Usage: 2.3%
[MONITORING] [local.openml_t_359966.pygmo_c.Internet-Advertisements.0.H2OAutoML] Disk Usage: 43.2%
Processing results for h2oautoml.openml_t_359966.pygmo_c.local.20211210T012534
Scores saved to `/home/juradoi/experiments/automlbenchmark/results/h2oautoml.openml_t_359966.pygmo_c.local.20211210T012534/scores/H2OAutoML.benchmark_openml_t_359966.csv`.
Scores saved to `/home/juradoi/experiments/automlbenchmark/results/h2oautoml.openml_t_359966.pygmo_c.local.20211210T012534/scores/results.csv`.
Scores saved to `/home/juradoi/experiments/automlbenchmark/results/results.csv`.
Summing up scores for current run:
                 id                    task fold framework constraint   result metric  duration      seed
openml.org/t/359966 Internet-Advertisements    0 H2OAutoML    pygmo_c 0.983965    auc    3614.0 237823128
