/var/spool/slurm/slurmd/job8493788/slurm_script: line 8: activate: No such file or directory
Running benchmark `H2OAutoML` on `openml/t/190411` framework in `local` mode.
Loading frameworks definitions from ['/home/juradoi/experiments/automlbenchmark/resources/frameworks.yaml'].
Loading benchmark constraint definitions from ['/home/juradoi/experiments/automlbenchmark/resources/constraints.yaml'].
Loading openml task 190411.

-----------------------------------------------------------
Starting job local.openml_t_190411.pygmo_c.ada.0.H2OAutoML.
Assigning 16 cores (total=16) for new task ada.
Assigning 91127 MB (total=95302 MB) for new ada task.
[MONITORING] [local.openml_t_190411.pygmo_c.ada.0.H2OAutoML] CPU Utilization: 18.2%
[MONITORING] [local.openml_t_190411.pygmo_c.ada.0.H2OAutoML] Memory Usage: 2.2%
[MONITORING] [local.openml_t_190411.pygmo_c.ada.0.H2OAutoML] Disk Usage: 43.2%
Running task ada on framework H2OAutoML with config:
TaskConfig({})
Running cmd `/home/juradoi/experiments/automlbenchmark/frameworks/H2OAutoML/venv/bin/python -W ignore /home/juradoi/experiments/automlbenchmark/frameworks/H2OAutoML/exec.py`
INFO:__main__:
**** H2O AutoML [v3.34.0.3] ****

INFO:__main__:Starting H2O cluster with 16 cores, 60751M memory.
Checking whether there is an H2O instance running at http://localhost:3125 ..... not found.
Attempting to start a local H2O server...
  Java Version: openjdk version "11.0.12" 2021-07-20; OpenJDK Runtime Environment (build 11.0.12+7-post-Debian-2deb10u1); OpenJDK 64-Bit Server VM (build 11.0.12+7-post-Debian-2deb10u1, mixed mode, sharing)
  Starting server from /home/juradoi/experiments/automlbenchmark/frameworks/H2OAutoML/venv/lib/python3.8/site-packages/h2o/backend/bin/h2o.jar
  Ice root: /tmp/tmp2pxhszge
  JVM stdout: /tmp/tmp2pxhszge/h2o_unknownUser_started_from_python.out
  JVM stderr: /tmp/tmp2pxhszge/h2o_unknownUser_started_from_python.err
  Server is running at http://127.0.0.1:3125
Connecting to H2O server at http://127.0.0.1:3125 ... successful.
--------------------------  ------------------------------------------------------------------
H2O_cluster_uptime:         01 secs
H2O_cluster_timezone:       Europe/Amsterdam
H2O_data_parsing_timezone:  UTC
H2O_cluster_version:        3.34.0.3
H2O_cluster_version_age:    2 months and 2 days
H2O_cluster_name:           H2O_from_python_unknownUser_tvp9gh
H2O_cluster_total_nodes:    1
H2O_cluster_free_memory:    59.33 Gb
H2O_cluster_total_cores:    16
H2O_cluster_allowed_cores:  16
H2O_cluster_status:         locked, healthy
H2O_connection_url:         http://127.0.0.1:3125
H2O_connection_proxy:       {"http": null, "https": null}
H2O_internal_security:      False
H2O_API_Extensions:         Amazon S3, XGBoost, Algos, AutoML, Core V3, TargetEncoder, Core V4
Python_version:             3.8.12 final
--------------------------  ------------------------------------------------------------------
Parse progress: |████████████████████████████████████████████████████████████████| (done) 100%
Parse progress: |████████████████████████████████████████████████████████████████| (done) 100%
INFO:__main__:Running model on task ada, fold 0.
[MONITORING] [local.openml_t_190411.pygmo_c.ada.0.H2OAutoML] CPU Utilization: 69.4%
[MONITORING] [local.openml_t_190411.pygmo_c.ada.0.H2OAutoML] Memory Usage: 45.1%
[MONITORING] [local.openml_t_190411.pygmo_c.ada.0.H2OAutoML] Disk Usage: 43.2%
[MONITORING] [local.openml_t_190411.pygmo_c.ada.0.H2OAutoML] CPU Utilization: 95.7%
[MONITORING] [local.openml_t_190411.pygmo_c.ada.0.H2OAutoML] Memory Usage: 45.5%
[MONITORING] [local.openml_t_190411.pygmo_c.ada.0.H2OAutoML] Disk Usage: 43.2%
[MONITORING] [local.openml_t_190411.pygmo_c.ada.0.H2OAutoML] CPU Utilization: 97.3%
[MONITORING] [local.openml_t_190411.pygmo_c.ada.0.H2OAutoML] Memory Usage: 45.9%
[MONITORING] [local.openml_t_190411.pygmo_c.ada.0.H2OAutoML] Disk Usage: 43.2%
[MONITORING] [local.openml_t_190411.pygmo_c.ada.0.H2OAutoML] CPU Utilization: 98.4%
[MONITORING] [local.openml_t_190411.pygmo_c.ada.0.H2OAutoML] Memory Usage: 45.9%
[MONITORING] [local.openml_t_190411.pygmo_c.ada.0.H2OAutoML] Disk Usage: 43.2%
[MONITORING] [local.openml_t_190411.pygmo_c.ada.0.H2OAutoML] CPU Utilization: 99.4%
[MONITORING] [local.openml_t_190411.pygmo_c.ada.0.H2OAutoML] Memory Usage: 45.9%
[MONITORING] [local.openml_t_190411.pygmo_c.ada.0.H2OAutoML] Disk Usage: 43.2%
[MONITORING] [local.openml_t_190411.pygmo_c.ada.0.H2OAutoML] CPU Utilization: 97.2%
[MONITORING] [local.openml_t_190411.pygmo_c.ada.0.H2OAutoML] Memory Usage: 46.0%
[MONITORING] [local.openml_t_190411.pygmo_c.ada.0.H2OAutoML] Disk Usage: 43.2%
[MONITORING] [local.openml_t_190411.pygmo_c.ada.0.H2OAutoML] CPU Utilization: 98.2%
[MONITORING] [local.openml_t_190411.pygmo_c.ada.0.H2OAutoML] Memory Usage: 46.0%
[MONITORING] [local.openml_t_190411.pygmo_c.ada.0.H2OAutoML] Disk Usage: 43.2%
[MONITORING] [local.openml_t_190411.pygmo_c.ada.0.H2OAutoML] CPU Utilization: 98.1%
[MONITORING] [local.openml_t_190411.pygmo_c.ada.0.H2OAutoML] Memory Usage: 46.0%
[MONITORING] [local.openml_t_190411.pygmo_c.ada.0.H2OAutoML] Disk Usage: 43.2%
[MONITORING] [local.openml_t_190411.pygmo_c.ada.0.H2OAutoML] CPU Utilization: 98.1%
[MONITORING] [local.openml_t_190411.pygmo_c.ada.0.H2OAutoML] Memory Usage: 46.0%
[MONITORING] [local.openml_t_190411.pygmo_c.ada.0.H2OAutoML] Disk Usage: 43.2%
[MONITORING] [local.openml_t_190411.pygmo_c.ada.0.H2OAutoML] CPU Utilization: 98.6%
[MONITORING] [local.openml_t_190411.pygmo_c.ada.0.H2OAutoML] Memory Usage: 46.0%
[MONITORING] [local.openml_t_190411.pygmo_c.ada.0.H2OAutoML] Disk Usage: 43.2%
[MONITORING] [local.openml_t_190411.pygmo_c.ada.0.H2OAutoML] CPU Utilization: 97.2%
[MONITORING] [local.openml_t_190411.pygmo_c.ada.0.H2OAutoML] Memory Usage: 46.0%
[MONITORING] [local.openml_t_190411.pygmo_c.ada.0.H2OAutoML] Disk Usage: 43.2%
[MONITORING] [local.openml_t_190411.pygmo_c.ada.0.H2OAutoML] CPU Utilization: 97.6%
[MONITORING] [local.openml_t_190411.pygmo_c.ada.0.H2OAutoML] Memory Usage: 46.0%
[MONITORING] [local.openml_t_190411.pygmo_c.ada.0.H2OAutoML] Disk Usage: 43.2%
[MONITORING] [local.openml_t_190411.pygmo_c.ada.0.H2OAutoML] CPU Utilization: 98.7%
[MONITORING] [local.openml_t_190411.pygmo_c.ada.0.H2OAutoML] Memory Usage: 46.0%
[MONITORING] [local.openml_t_190411.pygmo_c.ada.0.H2OAutoML] Disk Usage: 43.2%
[MONITORING] [local.openml_t_190411.pygmo_c.ada.0.H2OAutoML] CPU Utilization: 97.8%
[MONITORING] [local.openml_t_190411.pygmo_c.ada.0.H2OAutoML] Memory Usage: 46.0%
[MONITORING] [local.openml_t_190411.pygmo_c.ada.0.H2OAutoML] Disk Usage: 43.2%
[MONITORING] [local.openml_t_190411.pygmo_c.ada.0.H2OAutoML] CPU Utilization: 98.5%
[MONITORING] [local.openml_t_190411.pygmo_c.ada.0.H2OAutoML] Memory Usage: 46.0%
[MONITORING] [local.openml_t_190411.pygmo_c.ada.0.H2OAutoML] Disk Usage: 43.2%
[MONITORING] [local.openml_t_190411.pygmo_c.ada.0.H2OAutoML] CPU Utilization: 99.2%
[MONITORING] [local.openml_t_190411.pygmo_c.ada.0.H2OAutoML] Memory Usage: 46.0%
[MONITORING] [local.openml_t_190411.pygmo_c.ada.0.H2OAutoML] Disk Usage: 43.2%
[MONITORING] [local.openml_t_190411.pygmo_c.ada.0.H2OAutoML] CPU Utilization: 97.7%
[MONITORING] [local.openml_t_190411.pygmo_c.ada.0.H2OAutoML] Memory Usage: 46.1%
[MONITORING] [local.openml_t_190411.pygmo_c.ada.0.H2OAutoML] Disk Usage: 43.2%
[MONITORING] [local.openml_t_190411.pygmo_c.ada.0.H2OAutoML] CPU Utilization: 97.1%
[MONITORING] [local.openml_t_190411.pygmo_c.ada.0.H2OAutoML] Memory Usage: 46.1%
[MONITORING] [local.openml_t_190411.pygmo_c.ada.0.H2OAutoML] Disk Usage: 43.2%
[MONITORING] [local.openml_t_190411.pygmo_c.ada.0.H2OAutoML] CPU Utilization: 97.3%
[MONITORING] [local.openml_t_190411.pygmo_c.ada.0.H2OAutoML] Memory Usage: 46.1%
[MONITORING] [local.openml_t_190411.pygmo_c.ada.0.H2OAutoML] Disk Usage: 43.2%
[MONITORING] [local.openml_t_190411.pygmo_c.ada.0.H2OAutoML] CPU Utilization: 96.7%
[MONITORING] [local.openml_t_190411.pygmo_c.ada.0.H2OAutoML] Memory Usage: 46.2%
[MONITORING] [local.openml_t_190411.pygmo_c.ada.0.H2OAutoML] Disk Usage: 43.2%
[MONITORING] [local.openml_t_190411.pygmo_c.ada.0.H2OAutoML] CPU Utilization: 96.2%
[MONITORING] [local.openml_t_190411.pygmo_c.ada.0.H2OAutoML] Memory Usage: 46.2%
[MONITORING] [local.openml_t_190411.pygmo_c.ada.0.H2OAutoML] Disk Usage: 43.2%
[MONITORING] [local.openml_t_190411.pygmo_c.ada.0.H2OAutoML] CPU Utilization: 95.1%
[MONITORING] [local.openml_t_190411.pygmo_c.ada.0.H2OAutoML] Memory Usage: 46.2%
[MONITORING] [local.openml_t_190411.pygmo_c.ada.0.H2OAutoML] Disk Usage: 43.2%
[MONITORING] [local.openml_t_190411.pygmo_c.ada.0.H2OAutoML] CPU Utilization: 97.5%
[MONITORING] [local.openml_t_190411.pygmo_c.ada.0.H2OAutoML] Memory Usage: 46.3%
[MONITORING] [local.openml_t_190411.pygmo_c.ada.0.H2OAutoML] Disk Usage: 43.2%
[MONITORING] [local.openml_t_190411.pygmo_c.ada.0.H2OAutoML] CPU Utilization: 98.2%
[MONITORING] [local.openml_t_190411.pygmo_c.ada.0.H2OAutoML] Memory Usage: 46.3%
[MONITORING] [local.openml_t_190411.pygmo_c.ada.0.H2OAutoML] Disk Usage: 43.2%
[MONITORING] [local.openml_t_190411.pygmo_c.ada.0.H2OAutoML] CPU Utilization: 97.7%
[MONITORING] [local.openml_t_190411.pygmo_c.ada.0.H2OAutoML] Memory Usage: 46.3%
[MONITORING] [local.openml_t_190411.pygmo_c.ada.0.H2OAutoML] Disk Usage: 43.2%
[MONITORING] [local.openml_t_190411.pygmo_c.ada.0.H2OAutoML] CPU Utilization: 97.2%
[MONITORING] [local.openml_t_190411.pygmo_c.ada.0.H2OAutoML] Memory Usage: 46.3%
[MONITORING] [local.openml_t_190411.pygmo_c.ada.0.H2OAutoML] Disk Usage: 43.2%
[MONITORING] [local.openml_t_190411.pygmo_c.ada.0.H2OAutoML] CPU Utilization: 97.1%
[MONITORING] [local.openml_t_190411.pygmo_c.ada.0.H2OAutoML] Memory Usage: 46.3%
[MONITORING] [local.openml_t_190411.pygmo_c.ada.0.H2OAutoML] Disk Usage: 43.2%
[MONITORING] [local.openml_t_190411.pygmo_c.ada.0.H2OAutoML] CPU Utilization: 98.5%
[MONITORING] [local.openml_t_190411.pygmo_c.ada.0.H2OAutoML] Memory Usage: 47.1%
[MONITORING] [local.openml_t_190411.pygmo_c.ada.0.H2OAutoML] Disk Usage: 43.2%
[MONITORING] [local.openml_t_190411.pygmo_c.ada.0.H2OAutoML] CPU Utilization: 70.7%
[MONITORING] [local.openml_t_190411.pygmo_c.ada.0.H2OAutoML] Memory Usage: 47.2%
[MONITORING] [local.openml_t_190411.pygmo_c.ada.0.H2OAutoML] Disk Usage: 43.2%
AutoML progress: |███████████████████████████████████████████████████████████████| (done) 100%
stackedensemble prediction progress: |███████████████████████████████████████████| (done) 100%
H2O session _sid_8207 closed.



Predictions preview:
                         0                    1 predictions truth
0     0.13675457368524058   0.8632454263147594           1     1
1     0.44012908596395917   0.5598709140360408           1     1
2     0.18330919161236603    0.816690808387634           1     1
3   0.0016942234749438567   0.9983057765250561           1     1
4    0.033450410964955934   0.9665495890350441           1     1
5       0.524611774144714  0.47538822585528595           1     1
6     0.26339493837807704    0.736605061621923           1     1
7      0.5075570003763836   0.4924429996236163           1     1
8     0.01129032032106081   0.9887096796789392           1     1
9      0.5351757244256017   0.4648242755743983           1     1
10   0.036717385037629335   0.9632826149623707           1     1
11  0.0056248769546419775    0.994375123045358           1     1
12     0.4896322846608573   0.5103677153391427           1     1
13     0.6895671648753128   0.3104328351246873           1     1
14     0.8359042424440473  0.16409575755595276           0     1
15    0.31776453516972025   0.6822354648302797           1     1
16     0.8752738766918924  0.12472612330810766           0     1
17    0.04849835626604693   0.9515016437339531           1     1
18   0.008672008331756187   0.9913279916682438           1     1
19     0.8646123561993393  0.13538764380066076           0     1

Predictions saved to `/home/juradoi/experiments/automlbenchmark/results/h2oautoml.openml_t_190411.pygmo_c.local.20211209T214419/predictions/ada/0/predictions.csv`.
Loading metadata from `/home/juradoi/experiments/automlbenchmark/results/h2oautoml.openml_t_190411.pygmo_c.local.20211209T214419/predictions/ada/0/metadata.json`.
Loading predictions from `/home/juradoi/experiments/automlbenchmark/results/h2oautoml.openml_t_190411.pygmo_c.local.20211209T214419/predictions/ada/0/predictions.csv`.
Metric scores: { 'acc': 0.8578313253012049,
  'app_version': 'dev [master, beef024]',
  'auc': 0.9343415484192183,
  'balacc': 0.8501680358476476,
  'constraint': 'pygmo_c',
  'duration': nan,
  'fold': 0,
  'framework': 'H2OAutoML',
  'id': 'openml.org/t/190411',
  'info': None,
  'logloss': 0.272921169165616,
  'metric': 'auc',
  'mode': 'local',
  'models_count': 212,
  'params': '',
  'predict_duration': 0.31870603561401367,
  'result': 0.9343415484192183,
  'seed': 467067778,
  'task': 'ada',
  'training_duration': 3536.79071187973,
  'type': 'binary',
  'utc': '2021-12-09T22:43:25',
  'version': '3.34.0.3'}
Job `local.openml_t_190411.pygmo_c.ada.0.H2OAutoML` executed in 3546.063 seconds.
All jobs executed in 3546.071 seconds.
[MONITORING] [local.openml_t_190411.pygmo_c.ada.0.H2OAutoML] CPU Utilization: 71.4%
[MONITORING] [local.openml_t_190411.pygmo_c.ada.0.H2OAutoML] Memory Usage: 2.2%
[MONITORING] [local.openml_t_190411.pygmo_c.ada.0.H2OAutoML] Disk Usage: 43.2%
Processing results for h2oautoml.openml_t_190411.pygmo_c.local.20211209T214419
Scores saved to `/home/juradoi/experiments/automlbenchmark/results/h2oautoml.openml_t_190411.pygmo_c.local.20211209T214419/scores/H2OAutoML.benchmark_openml_t_190411.csv`.
Scores saved to `/home/juradoi/experiments/automlbenchmark/results/h2oautoml.openml_t_190411.pygmo_c.local.20211209T214419/scores/results.csv`.
Scores saved to `/home/juradoi/experiments/automlbenchmark/results/results.csv`.
Summing up scores for current run:
                 id task fold framework constraint   result metric  duration      seed
openml.org/t/190411  ada    0 H2OAutoML    pygmo_c 0.934342    auc    3546.1 467067778
