/var/spool/slurm/slurmd/job8493933/slurm_script: line 8: activate: No such file or directory
Running benchmark `H2OAutoML` on `openml/t/359955` framework in `local` mode.
Loading frameworks definitions from ['/home/juradoi/experiments/automlbenchmark/resources/frameworks.yaml'].
Loading benchmark constraint definitions from ['/home/juradoi/experiments/automlbenchmark/resources/constraints.yaml'].
Loading openml task 359955.

----------------------------------------------------------------------------------------
Starting job local.openml_t_359955.pygmo_c.blood-transfusion-service-center.0.H2OAutoML.
Assigning 16 cores (total=16) for new task blood-transfusion-service-center.
Assigning 91218 MB (total=95302 MB) for new blood-transfusion-service-center task.
[MONITORING] [local.openml_t_359955.pygmo_c.blood-transfusion-service-center.0.H2OAutoML] CPU Utilization: 18.3%
[MONITORING] [local.openml_t_359955.pygmo_c.blood-transfusion-service-center.0.H2OAutoML] Memory Usage: 2.1%
[MONITORING] [local.openml_t_359955.pygmo_c.blood-transfusion-service-center.0.H2OAutoML] Disk Usage: 40.9%
Running task blood-transfusion-service-center on framework H2OAutoML with config:
TaskConfig({})
Running cmd `/home/juradoi/experiments/automlbenchmark/frameworks/H2OAutoML/venv/bin/python -W ignore /home/juradoi/experiments/automlbenchmark/frameworks/H2OAutoML/exec.py`
INFO:__main__:
**** H2O AutoML [v3.34.0.3] ****

INFO:__main__:Starting H2O cluster with 16 cores, 60812M memory.
Checking whether there is an H2O instance running at http://localhost:24382 ..... not found.
Attempting to start a local H2O server...
  Java Version: openjdk version "11.0.12" 2021-07-20; OpenJDK Runtime Environment (build 11.0.12+7-post-Debian-2deb10u1); OpenJDK 64-Bit Server VM (build 11.0.12+7-post-Debian-2deb10u1, mixed mode, sharing)
  Starting server from /home/juradoi/experiments/automlbenchmark/frameworks/H2OAutoML/venv/lib/python3.8/site-packages/h2o/backend/bin/h2o.jar
  Ice root: /tmp/tmp6pkzp4f6
  JVM stdout: /tmp/tmp6pkzp4f6/h2o_unknownUser_started_from_python.out
  JVM stderr: /tmp/tmp6pkzp4f6/h2o_unknownUser_started_from_python.err
  Server is running at http://127.0.0.1:24382
Connecting to H2O server at http://127.0.0.1:24382 ... successful.
--------------------------  ------------------------------------------------------------------
H2O_cluster_uptime:         01 secs
H2O_cluster_timezone:       Europe/Amsterdam
H2O_data_parsing_timezone:  UTC
H2O_cluster_version:        3.34.0.3
H2O_cluster_version_age:    2 months and 2 days
H2O_cluster_name:           H2O_from_python_unknownUser_qmjll5
H2O_cluster_total_nodes:    1
H2O_cluster_free_memory:    59.39 Gb
H2O_cluster_total_cores:    16
H2O_cluster_allowed_cores:  16
H2O_cluster_status:         locked, healthy
H2O_connection_url:         http://127.0.0.1:24382
H2O_connection_proxy:       {"http": null, "https": null}
H2O_internal_security:      False
H2O_API_Extensions:         Amazon S3, XGBoost, Algos, AutoML, Core V3, TargetEncoder, Core V4
Python_version:             3.8.12 final
--------------------------  ------------------------------------------------------------------
Parse progress: |████████████████████████████████████████████████████████████████| (done) 100%
Parse progress: |████████████████████████████████████████████████████████████████| (done) 100%
INFO:__main__:Running model on task blood-transfusion-service-center, fold 0.
[MONITORING] [local.openml_t_359955.pygmo_c.blood-transfusion-service-center.0.H2OAutoML] CPU Utilization: 79.4%
[MONITORING] [local.openml_t_359955.pygmo_c.blood-transfusion-service-center.0.H2OAutoML] Memory Usage: 9.6%
[MONITORING] [local.openml_t_359955.pygmo_c.blood-transfusion-service-center.0.H2OAutoML] Disk Usage: 40.9%
[MONITORING] [local.openml_t_359955.pygmo_c.blood-transfusion-service-center.0.H2OAutoML] CPU Utilization: 97.5%
[MONITORING] [local.openml_t_359955.pygmo_c.blood-transfusion-service-center.0.H2OAutoML] Memory Usage: 12.3%
[MONITORING] [local.openml_t_359955.pygmo_c.blood-transfusion-service-center.0.H2OAutoML] Disk Usage: 40.9%
[MONITORING] [local.openml_t_359955.pygmo_c.blood-transfusion-service-center.0.H2OAutoML] CPU Utilization: 97.1%
[MONITORING] [local.openml_t_359955.pygmo_c.blood-transfusion-service-center.0.H2OAutoML] Memory Usage: 21.0%
[MONITORING] [local.openml_t_359955.pygmo_c.blood-transfusion-service-center.0.H2OAutoML] Disk Usage: 40.9%
[MONITORING] [local.openml_t_359955.pygmo_c.blood-transfusion-service-center.0.H2OAutoML] CPU Utilization: 97.4%
[MONITORING] [local.openml_t_359955.pygmo_c.blood-transfusion-service-center.0.H2OAutoML] Memory Usage: 24.1%
[MONITORING] [local.openml_t_359955.pygmo_c.blood-transfusion-service-center.0.H2OAutoML] Disk Usage: 40.9%
[MONITORING] [local.openml_t_359955.pygmo_c.blood-transfusion-service-center.0.H2OAutoML] CPU Utilization: 97.7%
[MONITORING] [local.openml_t_359955.pygmo_c.blood-transfusion-service-center.0.H2OAutoML] Memory Usage: 25.2%
[MONITORING] [local.openml_t_359955.pygmo_c.blood-transfusion-service-center.0.H2OAutoML] Disk Usage: 40.9%
[MONITORING] [local.openml_t_359955.pygmo_c.blood-transfusion-service-center.0.H2OAutoML] CPU Utilization: 97.6%
[MONITORING] [local.openml_t_359955.pygmo_c.blood-transfusion-service-center.0.H2OAutoML] Memory Usage: 26.0%
[MONITORING] [local.openml_t_359955.pygmo_c.blood-transfusion-service-center.0.H2OAutoML] Disk Usage: 40.9%
[MONITORING] [local.openml_t_359955.pygmo_c.blood-transfusion-service-center.0.H2OAutoML] CPU Utilization: 97.5%
[MONITORING] [local.openml_t_359955.pygmo_c.blood-transfusion-service-center.0.H2OAutoML] Memory Usage: 28.2%
[MONITORING] [local.openml_t_359955.pygmo_c.blood-transfusion-service-center.0.H2OAutoML] Disk Usage: 40.9%
[MONITORING] [local.openml_t_359955.pygmo_c.blood-transfusion-service-center.0.H2OAutoML] CPU Utilization: 97.2%
[MONITORING] [local.openml_t_359955.pygmo_c.blood-transfusion-service-center.0.H2OAutoML] Memory Usage: 31.5%
[MONITORING] [local.openml_t_359955.pygmo_c.blood-transfusion-service-center.0.H2OAutoML] Disk Usage: 40.9%
[MONITORING] [local.openml_t_359955.pygmo_c.blood-transfusion-service-center.0.H2OAutoML] CPU Utilization: 96.2%
[MONITORING] [local.openml_t_359955.pygmo_c.blood-transfusion-service-center.0.H2OAutoML] Memory Usage: 32.4%
[MONITORING] [local.openml_t_359955.pygmo_c.blood-transfusion-service-center.0.H2OAutoML] Disk Usage: 40.9%
[MONITORING] [local.openml_t_359955.pygmo_c.blood-transfusion-service-center.0.H2OAutoML] CPU Utilization: 97.9%
[MONITORING] [local.openml_t_359955.pygmo_c.blood-transfusion-service-center.0.H2OAutoML] Memory Usage: 33.2%
[MONITORING] [local.openml_t_359955.pygmo_c.blood-transfusion-service-center.0.H2OAutoML] Disk Usage: 40.9%
[MONITORING] [local.openml_t_359955.pygmo_c.blood-transfusion-service-center.0.H2OAutoML] CPU Utilization: 97.2%
[MONITORING] [local.openml_t_359955.pygmo_c.blood-transfusion-service-center.0.H2OAutoML] Memory Usage: 33.2%
[MONITORING] [local.openml_t_359955.pygmo_c.blood-transfusion-service-center.0.H2OAutoML] Disk Usage: 40.9%
[MONITORING] [local.openml_t_359955.pygmo_c.blood-transfusion-service-center.0.H2OAutoML] CPU Utilization: 97.6%
[MONITORING] [local.openml_t_359955.pygmo_c.blood-transfusion-service-center.0.H2OAutoML] Memory Usage: 44.2%
[MONITORING] [local.openml_t_359955.pygmo_c.blood-transfusion-service-center.0.H2OAutoML] Disk Usage: 40.9%
[MONITORING] [local.openml_t_359955.pygmo_c.blood-transfusion-service-center.0.H2OAutoML] CPU Utilization: 97.8%
[MONITORING] [local.openml_t_359955.pygmo_c.blood-transfusion-service-center.0.H2OAutoML] Memory Usage: 44.5%
[MONITORING] [local.openml_t_359955.pygmo_c.blood-transfusion-service-center.0.H2OAutoML] Disk Usage: 40.9%
[MONITORING] [local.openml_t_359955.pygmo_c.blood-transfusion-service-center.0.H2OAutoML] CPU Utilization: 97.1%
[MONITORING] [local.openml_t_359955.pygmo_c.blood-transfusion-service-center.0.H2OAutoML] Memory Usage: 44.5%
[MONITORING] [local.openml_t_359955.pygmo_c.blood-transfusion-service-center.0.H2OAutoML] Disk Usage: 40.9%
[MONITORING] [local.openml_t_359955.pygmo_c.blood-transfusion-service-center.0.H2OAutoML] CPU Utilization: 97.6%
[MONITORING] [local.openml_t_359955.pygmo_c.blood-transfusion-service-center.0.H2OAutoML] Memory Usage: 44.5%
[MONITORING] [local.openml_t_359955.pygmo_c.blood-transfusion-service-center.0.H2OAutoML] Disk Usage: 40.9%
[MONITORING] [local.openml_t_359955.pygmo_c.blood-transfusion-service-center.0.H2OAutoML] CPU Utilization: 97.7%
[MONITORING] [local.openml_t_359955.pygmo_c.blood-transfusion-service-center.0.H2OAutoML] Memory Usage: 44.5%
[MONITORING] [local.openml_t_359955.pygmo_c.blood-transfusion-service-center.0.H2OAutoML] Disk Usage: 40.9%
[MONITORING] [local.openml_t_359955.pygmo_c.blood-transfusion-service-center.0.H2OAutoML] CPU Utilization: 97.5%
[MONITORING] [local.openml_t_359955.pygmo_c.blood-transfusion-service-center.0.H2OAutoML] Memory Usage: 44.5%
[MONITORING] [local.openml_t_359955.pygmo_c.blood-transfusion-service-center.0.H2OAutoML] Disk Usage: 40.9%
[MONITORING] [local.openml_t_359955.pygmo_c.blood-transfusion-service-center.0.H2OAutoML] CPU Utilization: 97.2%
[MONITORING] [local.openml_t_359955.pygmo_c.blood-transfusion-service-center.0.H2OAutoML] Memory Usage: 44.5%
[MONITORING] [local.openml_t_359955.pygmo_c.blood-transfusion-service-center.0.H2OAutoML] Disk Usage: 40.9%
[MONITORING] [local.openml_t_359955.pygmo_c.blood-transfusion-service-center.0.H2OAutoML] CPU Utilization: 98.2%
[MONITORING] [local.openml_t_359955.pygmo_c.blood-transfusion-service-center.0.H2OAutoML] Memory Usage: 44.5%
[MONITORING] [local.openml_t_359955.pygmo_c.blood-transfusion-service-center.0.H2OAutoML] Disk Usage: 40.9%
[MONITORING] [local.openml_t_359955.pygmo_c.blood-transfusion-service-center.0.H2OAutoML] CPU Utilization: 98.2%
[MONITORING] [local.openml_t_359955.pygmo_c.blood-transfusion-service-center.0.H2OAutoML] Memory Usage: 44.6%
[MONITORING] [local.openml_t_359955.pygmo_c.blood-transfusion-service-center.0.H2OAutoML] Disk Usage: 40.9%
[MONITORING] [local.openml_t_359955.pygmo_c.blood-transfusion-service-center.0.H2OAutoML] CPU Utilization: 96.8%
[MONITORING] [local.openml_t_359955.pygmo_c.blood-transfusion-service-center.0.H2OAutoML] Memory Usage: 44.6%
[MONITORING] [local.openml_t_359955.pygmo_c.blood-transfusion-service-center.0.H2OAutoML] Disk Usage: 40.9%
[MONITORING] [local.openml_t_359955.pygmo_c.blood-transfusion-service-center.0.H2OAutoML] CPU Utilization: 97.2%
[MONITORING] [local.openml_t_359955.pygmo_c.blood-transfusion-service-center.0.H2OAutoML] Memory Usage: 44.6%
[MONITORING] [local.openml_t_359955.pygmo_c.blood-transfusion-service-center.0.H2OAutoML] Disk Usage: 40.9%
[MONITORING] [local.openml_t_359955.pygmo_c.blood-transfusion-service-center.0.H2OAutoML] CPU Utilization: 97.2%
[MONITORING] [local.openml_t_359955.pygmo_c.blood-transfusion-service-center.0.H2OAutoML] Memory Usage: 44.6%
[MONITORING] [local.openml_t_359955.pygmo_c.blood-transfusion-service-center.0.H2OAutoML] Disk Usage: 40.9%
[MONITORING] [local.openml_t_359955.pygmo_c.blood-transfusion-service-center.0.H2OAutoML] CPU Utilization: 97.6%
[MONITORING] [local.openml_t_359955.pygmo_c.blood-transfusion-service-center.0.H2OAutoML] Memory Usage: 44.6%
[MONITORING] [local.openml_t_359955.pygmo_c.blood-transfusion-service-center.0.H2OAutoML] Disk Usage: 40.9%
[MONITORING] [local.openml_t_359955.pygmo_c.blood-transfusion-service-center.0.H2OAutoML] CPU Utilization: 97.6%
[MONITORING] [local.openml_t_359955.pygmo_c.blood-transfusion-service-center.0.H2OAutoML] Memory Usage: 44.7%
[MONITORING] [local.openml_t_359955.pygmo_c.blood-transfusion-service-center.0.H2OAutoML] Disk Usage: 40.9%
[MONITORING] [local.openml_t_359955.pygmo_c.blood-transfusion-service-center.0.H2OAutoML] CPU Utilization: 82.9%
[MONITORING] [local.openml_t_359955.pygmo_c.blood-transfusion-service-center.0.H2OAutoML] Memory Usage: 44.7%
[MONITORING] [local.openml_t_359955.pygmo_c.blood-transfusion-service-center.0.H2OAutoML] Disk Usage: 40.9%
[MONITORING] [local.openml_t_359955.pygmo_c.blood-transfusion-service-center.0.H2OAutoML] CPU Utilization: 97.4%
[MONITORING] [local.openml_t_359955.pygmo_c.blood-transfusion-service-center.0.H2OAutoML] Memory Usage: 44.7%
[MONITORING] [local.openml_t_359955.pygmo_c.blood-transfusion-service-center.0.H2OAutoML] Disk Usage: 40.9%
[MONITORING] [local.openml_t_359955.pygmo_c.blood-transfusion-service-center.0.H2OAutoML] CPU Utilization: 72.7%
[MONITORING] [local.openml_t_359955.pygmo_c.blood-transfusion-service-center.0.H2OAutoML] Memory Usage: 44.8%
[MONITORING] [local.openml_t_359955.pygmo_c.blood-transfusion-service-center.0.H2OAutoML] Disk Usage: 40.9%
AutoML progress: |███████████████████████████████████████████████████████████████| (done) 100%
deeplearning prediction progress: |██████████████████████████████████████████████| (done) 100%
H2O session _sid_be89 closed.



Predictions preview:
                       1                    2 predictions truth
0   0.23879630817647254   0.7612036918235274           2     2
1     0.820933913987175  0.17906608601282495           1     2
2    0.6295792800890709  0.37042071991092906           1     2
3    0.8085135351474867  0.19148646485251333           1     2
4    0.3666053771061196   0.6333946228938805           2     2
5    0.5902339242837091  0.40976607571629087           1     2
6    0.7840141813115027  0.21598581868849734           1     2
7    0.2945170806655967   0.7054829193344033           2     2
8    0.6968992905742804  0.30310070942571976           1     2
9    0.6305933145984113   0.3694066854015887           1     2
10   0.5662214630194958  0.43377853698050417           2     2
11  0.38777390167744774   0.6122260983225521           2     2
12   0.9191506402301114  0.08084935976988866           1     2
13   0.8287029454284083  0.17129705457159167           1     2
14   0.8397757515031764  0.16022424849682357           1     2
15   0.4367886676450389    0.563211332354961           2     2
16   0.8287029454284083  0.17129705457159167           1     2
17   0.8287029454284083  0.17129705457159167           1     2
18    0.820933913987175  0.17906608601282495           1     1
19    0.820933913987175  0.17906608601282495           1     1

Predictions saved to `/home/juradoi/experiments/automlbenchmark/results/h2oautoml.openml_t_359955.pygmo_c.local.20211209T220734/predictions/blood-transfusion-service-center/0/predictions.csv`.
Loading metadata from `/home/juradoi/experiments/automlbenchmark/results/h2oautoml.openml_t_359955.pygmo_c.local.20211209T220734/predictions/blood-transfusion-service-center/0/metadata.json`.
Loading predictions from `/home/juradoi/experiments/automlbenchmark/results/h2oautoml.openml_t_359955.pygmo_c.local.20211209T220734/predictions/blood-transfusion-service-center/0/predictions.csv`.
Metric scores: { 'acc': 0.7333333333333333,
  'app_version': 'dev [master, beef024]',
  'auc': 0.7383040935672515,
  'balacc': 0.5964912280701754,
  'constraint': 'pygmo_c',
  'duration': nan,
  'fold': 0,
  'framework': 'H2OAutoML',
  'id': 'openml.org/t/359955',
  'info': None,
  'logloss': 0.49253847316302946,
  'metric': 'auc',
  'mode': 'local',
  'models_count': 404,
  'params': '',
  'predict_duration': 0.10882782936096191,
  'result': 0.7383040935672515,
  'seed': 983746155,
  'task': 'blood-transfusion-service-center',
  'training_duration': 3409.5443906784058,
  'type': 'binary',
  'utc': '2021-12-09T23:04:32',
  'version': '3.34.0.3'}
Job `local.openml_t_359955.pygmo_c.blood-transfusion-service-center.0.H2OAutoML` executed in 3418.365 seconds.
All jobs executed in 3418.373 seconds.
[MONITORING] [local.openml_t_359955.pygmo_c.blood-transfusion-service-center.0.H2OAutoML] CPU Utilization: 45.0%
[MONITORING] [local.openml_t_359955.pygmo_c.blood-transfusion-service-center.0.H2OAutoML] Memory Usage: 2.1%
[MONITORING] [local.openml_t_359955.pygmo_c.blood-transfusion-service-center.0.H2OAutoML] Disk Usage: 40.9%
Processing results for h2oautoml.openml_t_359955.pygmo_c.local.20211209T220734
Scores saved to `/home/juradoi/experiments/automlbenchmark/results/h2oautoml.openml_t_359955.pygmo_c.local.20211209T220734/scores/H2OAutoML.benchmark_openml_t_359955.csv`.
Scores saved to `/home/juradoi/experiments/automlbenchmark/results/h2oautoml.openml_t_359955.pygmo_c.local.20211209T220734/scores/results.csv`.
Scores saved to `/home/juradoi/experiments/automlbenchmark/results/results.csv`.
Summing up scores for current run:
                 id                             task fold framework constraint   result metric  duration      seed
openml.org/t/359955 blood-transfusion-service-center    0 H2OAutoML    pygmo_c 0.738304    auc    3418.4 983746155
