/var/spool/slurm/slurmd/job8493784/slurm_script: line 8: activate: No such file or directory
Running benchmark `H2OAutoML` on `openml/t/190410` framework in `local` mode.
Loading frameworks definitions from ['/home/juradoi/experiments/automlbenchmark/resources/frameworks.yaml'].
Loading benchmark constraint definitions from ['/home/juradoi/experiments/automlbenchmark/resources/constraints.yaml'].
Loading openml task 190410.

------------------------------------------------------------------
Starting job local.openml_t_190410.pygmo_c.philippine.0.H2OAutoML.
Assigning 16 cores (total=16) for new task philippine.
[MONITORING] [local.openml_t_190410.pygmo_c.philippine.0.H2OAutoML] CPU Utilization: 18.7%
Assigning 91068 MB (total=95302 MB) for new philippine task.
[MONITORING] [local.openml_t_190410.pygmo_c.philippine.0.H2OAutoML] Memory Usage: 2.3%
[MONITORING] [local.openml_t_190410.pygmo_c.philippine.0.H2OAutoML] Disk Usage: 43.2%
Running task philippine on framework H2OAutoML with config:
TaskConfig({})
Running cmd `/home/juradoi/experiments/automlbenchmark/frameworks/H2OAutoML/venv/bin/python -W ignore /home/juradoi/experiments/automlbenchmark/frameworks/H2OAutoML/exec.py`
INFO:__main__:
**** H2O AutoML [v3.34.0.3] ****

INFO:__main__:Starting H2O cluster with 16 cores, 60712M memory.
Checking whether there is an H2O instance running at http://localhost:33032 ..... not found.
Attempting to start a local H2O server...
  Java Version: openjdk version "11.0.12" 2021-07-20; OpenJDK Runtime Environment (build 11.0.12+7-post-Debian-2deb10u1); OpenJDK 64-Bit Server VM (build 11.0.12+7-post-Debian-2deb10u1, mixed mode, sharing)
  Starting server from /home/juradoi/experiments/automlbenchmark/frameworks/H2OAutoML/venv/lib/python3.8/site-packages/h2o/backend/bin/h2o.jar
  Ice root: /tmp/tmp2xd3y_qa
  JVM stdout: /tmp/tmp2xd3y_qa/h2o_unknownUser_started_from_python.out
  JVM stderr: /tmp/tmp2xd3y_qa/h2o_unknownUser_started_from_python.err
  Server is running at http://127.0.0.1:33032
Connecting to H2O server at http://127.0.0.1:33032 ... successful.
--------------------------  ------------------------------------------------------------------
H2O_cluster_uptime:         01 secs
H2O_cluster_timezone:       Europe/Amsterdam
H2O_data_parsing_timezone:  UTC
H2O_cluster_version:        3.34.0.3
H2O_cluster_version_age:    2 months and 2 days
H2O_cluster_name:           H2O_from_python_unknownUser_rlg5xi
H2O_cluster_total_nodes:    1
H2O_cluster_free_memory:    59.30 Gb
H2O_cluster_total_cores:    16
H2O_cluster_allowed_cores:  16
H2O_cluster_status:         locked, healthy
H2O_connection_url:         http://127.0.0.1:33032
H2O_connection_proxy:       {"http": null, "https": null}
H2O_internal_security:      False
H2O_API_Extensions:         Amazon S3, XGBoost, Algos, AutoML, Core V3, TargetEncoder, Core V4
Python_version:             3.8.12 final
--------------------------  ------------------------------------------------------------------
Parse progress: |████████████████████████████████████████████████████████████████| (done) 100%
Parse progress: |████████████████████████████████████████████████████████████████| (done) 100%
INFO:__main__:Running model on task philippine, fold 0.
[MONITORING] [local.openml_t_190410.pygmo_c.philippine.0.H2OAutoML] CPU Utilization: 66.5%
[MONITORING] [local.openml_t_190410.pygmo_c.philippine.0.H2OAutoML] Memory Usage: 45.2%
[MONITORING] [local.openml_t_190410.pygmo_c.philippine.0.H2OAutoML] Disk Usage: 43.2%
[MONITORING] [local.openml_t_190410.pygmo_c.philippine.0.H2OAutoML] CPU Utilization: 70.1%
[MONITORING] [local.openml_t_190410.pygmo_c.philippine.0.H2OAutoML] Memory Usage: 45.6%
[MONITORING] [local.openml_t_190410.pygmo_c.philippine.0.H2OAutoML] Disk Usage: 43.2%
[MONITORING] [local.openml_t_190410.pygmo_c.philippine.0.H2OAutoML] CPU Utilization: 75.6%
[MONITORING] [local.openml_t_190410.pygmo_c.philippine.0.H2OAutoML] Memory Usage: 45.6%
[MONITORING] [local.openml_t_190410.pygmo_c.philippine.0.H2OAutoML] Disk Usage: 43.2%
[MONITORING] [local.openml_t_190410.pygmo_c.philippine.0.H2OAutoML] CPU Utilization: 70.1%
[MONITORING] [local.openml_t_190410.pygmo_c.philippine.0.H2OAutoML] Memory Usage: 46.0%
[MONITORING] [local.openml_t_190410.pygmo_c.philippine.0.H2OAutoML] Disk Usage: 43.2%
[MONITORING] [local.openml_t_190410.pygmo_c.philippine.0.H2OAutoML] CPU Utilization: 71.1%
[MONITORING] [local.openml_t_190410.pygmo_c.philippine.0.H2OAutoML] Memory Usage: 46.0%
[MONITORING] [local.openml_t_190410.pygmo_c.philippine.0.H2OAutoML] Disk Usage: 43.2%
[MONITORING] [local.openml_t_190410.pygmo_c.philippine.0.H2OAutoML] CPU Utilization: 92.5%
[MONITORING] [local.openml_t_190410.pygmo_c.philippine.0.H2OAutoML] Memory Usage: 46.1%
[MONITORING] [local.openml_t_190410.pygmo_c.philippine.0.H2OAutoML] Disk Usage: 43.2%
[MONITORING] [local.openml_t_190410.pygmo_c.philippine.0.H2OAutoML] CPU Utilization: 93.5%
[MONITORING] [local.openml_t_190410.pygmo_c.philippine.0.H2OAutoML] Memory Usage: 46.1%
[MONITORING] [local.openml_t_190410.pygmo_c.philippine.0.H2OAutoML] Disk Usage: 43.2%
[MONITORING] [local.openml_t_190410.pygmo_c.philippine.0.H2OAutoML] CPU Utilization: 93.5%
[MONITORING] [local.openml_t_190410.pygmo_c.philippine.0.H2OAutoML] Memory Usage: 46.1%
[MONITORING] [local.openml_t_190410.pygmo_c.philippine.0.H2OAutoML] Disk Usage: 43.2%
[MONITORING] [local.openml_t_190410.pygmo_c.philippine.0.H2OAutoML] CPU Utilization: 93.3%
[MONITORING] [local.openml_t_190410.pygmo_c.philippine.0.H2OAutoML] Memory Usage: 46.1%
[MONITORING] [local.openml_t_190410.pygmo_c.philippine.0.H2OAutoML] Disk Usage: 43.2%
[MONITORING] [local.openml_t_190410.pygmo_c.philippine.0.H2OAutoML] CPU Utilization: 93.9%
[MONITORING] [local.openml_t_190410.pygmo_c.philippine.0.H2OAutoML] Memory Usage: 46.1%
[MONITORING] [local.openml_t_190410.pygmo_c.philippine.0.H2OAutoML] Disk Usage: 43.2%
[MONITORING] [local.openml_t_190410.pygmo_c.philippine.0.H2OAutoML] CPU Utilization: 96.1%
[MONITORING] [local.openml_t_190410.pygmo_c.philippine.0.H2OAutoML] Memory Usage: 46.8%
[MONITORING] [local.openml_t_190410.pygmo_c.philippine.0.H2OAutoML] Disk Usage: 43.2%
[MONITORING] [local.openml_t_190410.pygmo_c.philippine.0.H2OAutoML] CPU Utilization: 95.9%
[MONITORING] [local.openml_t_190410.pygmo_c.philippine.0.H2OAutoML] Memory Usage: 46.8%
[MONITORING] [local.openml_t_190410.pygmo_c.philippine.0.H2OAutoML] Disk Usage: 43.2%
[MONITORING] [local.openml_t_190410.pygmo_c.philippine.0.H2OAutoML] CPU Utilization: 94.3%
[MONITORING] [local.openml_t_190410.pygmo_c.philippine.0.H2OAutoML] Memory Usage: 46.8%
[MONITORING] [local.openml_t_190410.pygmo_c.philippine.0.H2OAutoML] Disk Usage: 43.2%
[MONITORING] [local.openml_t_190410.pygmo_c.philippine.0.H2OAutoML] CPU Utilization: 94.2%
[MONITORING] [local.openml_t_190410.pygmo_c.philippine.0.H2OAutoML] Memory Usage: 46.8%
[MONITORING] [local.openml_t_190410.pygmo_c.philippine.0.H2OAutoML] Disk Usage: 43.2%
[MONITORING] [local.openml_t_190410.pygmo_c.philippine.0.H2OAutoML] CPU Utilization: 94.4%
[MONITORING] [local.openml_t_190410.pygmo_c.philippine.0.H2OAutoML] Memory Usage: 46.8%
[MONITORING] [local.openml_t_190410.pygmo_c.philippine.0.H2OAutoML] Disk Usage: 43.2%
[MONITORING] [local.openml_t_190410.pygmo_c.philippine.0.H2OAutoML] CPU Utilization: 94.4%
[MONITORING] [local.openml_t_190410.pygmo_c.philippine.0.H2OAutoML] Memory Usage: 46.8%
[MONITORING] [local.openml_t_190410.pygmo_c.philippine.0.H2OAutoML] Disk Usage: 43.2%
[MONITORING] [local.openml_t_190410.pygmo_c.philippine.0.H2OAutoML] CPU Utilization: 95.3%
[MONITORING] [local.openml_t_190410.pygmo_c.philippine.0.H2OAutoML] Memory Usage: 46.8%
[MONITORING] [local.openml_t_190410.pygmo_c.philippine.0.H2OAutoML] Disk Usage: 43.2%
[MONITORING] [local.openml_t_190410.pygmo_c.philippine.0.H2OAutoML] CPU Utilization: 94.6%
[MONITORING] [local.openml_t_190410.pygmo_c.philippine.0.H2OAutoML] Memory Usage: 46.8%
[MONITORING] [local.openml_t_190410.pygmo_c.philippine.0.H2OAutoML] Disk Usage: 43.2%
[MONITORING] [local.openml_t_190410.pygmo_c.philippine.0.H2OAutoML] CPU Utilization: 93.4%
[MONITORING] [local.openml_t_190410.pygmo_c.philippine.0.H2OAutoML] Memory Usage: 46.8%
[MONITORING] [local.openml_t_190410.pygmo_c.philippine.0.H2OAutoML] Disk Usage: 43.2%
[MONITORING] [local.openml_t_190410.pygmo_c.philippine.0.H2OAutoML] CPU Utilization: 93.4%
[MONITORING] [local.openml_t_190410.pygmo_c.philippine.0.H2OAutoML] Memory Usage: 46.8%
[MONITORING] [local.openml_t_190410.pygmo_c.philippine.0.H2OAutoML] Disk Usage: 43.2%
[MONITORING] [local.openml_t_190410.pygmo_c.philippine.0.H2OAutoML] CPU Utilization: 92.9%
[MONITORING] [local.openml_t_190410.pygmo_c.philippine.0.H2OAutoML] Memory Usage: 46.9%
[MONITORING] [local.openml_t_190410.pygmo_c.philippine.0.H2OAutoML] Disk Usage: 43.2%
[MONITORING] [local.openml_t_190410.pygmo_c.philippine.0.H2OAutoML] CPU Utilization: 90.5%
[MONITORING] [local.openml_t_190410.pygmo_c.philippine.0.H2OAutoML] Memory Usage: 46.9%
[MONITORING] [local.openml_t_190410.pygmo_c.philippine.0.H2OAutoML] Disk Usage: 43.2%
[MONITORING] [local.openml_t_190410.pygmo_c.philippine.0.H2OAutoML] CPU Utilization: 89.1%
[MONITORING] [local.openml_t_190410.pygmo_c.philippine.0.H2OAutoML] Memory Usage: 46.9%
[MONITORING] [local.openml_t_190410.pygmo_c.philippine.0.H2OAutoML] Disk Usage: 43.2%
[MONITORING] [local.openml_t_190410.pygmo_c.philippine.0.H2OAutoML] CPU Utilization: 89.8%
[MONITORING] [local.openml_t_190410.pygmo_c.philippine.0.H2OAutoML] Memory Usage: 46.9%
[MONITORING] [local.openml_t_190410.pygmo_c.philippine.0.H2OAutoML] Disk Usage: 43.2%
[MONITORING] [local.openml_t_190410.pygmo_c.philippine.0.H2OAutoML] CPU Utilization: 90.1%
[MONITORING] [local.openml_t_190410.pygmo_c.philippine.0.H2OAutoML] Memory Usage: 46.9%
[MONITORING] [local.openml_t_190410.pygmo_c.philippine.0.H2OAutoML] Disk Usage: 43.2%
[MONITORING] [local.openml_t_190410.pygmo_c.philippine.0.H2OAutoML] CPU Utilization: 93.0%
[MONITORING] [local.openml_t_190410.pygmo_c.philippine.0.H2OAutoML] Memory Usage: 46.9%
[MONITORING] [local.openml_t_190410.pygmo_c.philippine.0.H2OAutoML] Disk Usage: 43.2%
[MONITORING] [local.openml_t_190410.pygmo_c.philippine.0.H2OAutoML] CPU Utilization: 92.0%
[MONITORING] [local.openml_t_190410.pygmo_c.philippine.0.H2OAutoML] Memory Usage: 46.9%
[MONITORING] [local.openml_t_190410.pygmo_c.philippine.0.H2OAutoML] Disk Usage: 43.2%
[MONITORING] [local.openml_t_190410.pygmo_c.philippine.0.H2OAutoML] CPU Utilization: 91.6%
[MONITORING] [local.openml_t_190410.pygmo_c.philippine.0.H2OAutoML] Memory Usage: 46.9%
[MONITORING] [local.openml_t_190410.pygmo_c.philippine.0.H2OAutoML] Disk Usage: 43.2%
[MONITORING] [local.openml_t_190410.pygmo_c.philippine.0.H2OAutoML] CPU Utilization: 74.6%
[MONITORING] [local.openml_t_190410.pygmo_c.philippine.0.H2OAutoML] Memory Usage: 47.1%
[MONITORING] [local.openml_t_190410.pygmo_c.philippine.0.H2OAutoML] Disk Usage: 43.2%
AutoML progress: |███████████████████████████████████████████████████████████████| (done) 100%
stackedensemble prediction progress: |███████████████████████████████████████████| (done) 100%
H2O session _sid_adf2 closed.



Predictions preview:
                        0                    1 predictions truth
0   0.023501145790839173   0.9764988542091608           1     1
1    0.03806021342040833   0.9619397865795917           1     1
2    0.02118342038169707   0.9788165796183029           1     1
3    0.04759139213142882   0.9524086078685712           1     1
4    0.02118342038169707   0.9788165796183029           1     1
5   0.041327277801782025    0.958672722198218           1     1
6      0.257777678238008    0.742222321761992           1     1
7     0.6882008229738865   0.3117991770261135           0     1
8   0.030479271404351693   0.9695207285956483           1     1
9    0.16192090194335318   0.8380790980566468           1     1
10   0.16366193696045028   0.8363380630395497           1     1
11   0.38512849271325555   0.6148715072867444           1     1
12   0.09315679998250137   0.9068432000174986           1     1
13  0.023501145790839173   0.9764988542091608           1     1
14    0.2061248698738135   0.7938751301261865           1     1
15    0.4199860998077656   0.5800139001922344           1     1
16    0.6972738051873006   0.3027261948126994           0     1
17   0.42871150009072523   0.5712884999092748           1     1
18  0.049655869106174144   0.9503441308938259           1     1
19    0.5910003053520699  0.40899969464793007           0     1

Predictions saved to `/home/juradoi/experiments/automlbenchmark/results/h2oautoml.openml_t_190410.pygmo_c.local.20211209T214323/predictions/philippine/0/predictions.csv`.
Loading metadata from `/home/juradoi/experiments/automlbenchmark/results/h2oautoml.openml_t_190410.pygmo_c.local.20211209T214323/predictions/philippine/0/metadata.json`.
Loading predictions from `/home/juradoi/experiments/automlbenchmark/results/h2oautoml.openml_t_190410.pygmo_c.local.20211209T214323/predictions/philippine/0/predictions.csv`.
Metric scores: { 'acc': 0.7825342465753424,
  'app_version': 'dev [master, beef024]',
  'auc': 0.8722790392193658,
  'balacc': 0.7825342465753424,
  'constraint': 'pygmo_c',
  'duration': nan,
  'fold': 0,
  'framework': 'H2OAutoML',
  'id': 'openml.org/t/190410',
  'info': None,
  'logloss': 0.44387109012178905,
  'metric': 'auc',
  'mode': 'local',
  'models_count': 115,
  'params': '',
  'predict_duration': 0.5284934043884277,
  'result': 0.8722790392193658,
  'seed': 248849959,
  'task': 'philippine',
  'training_duration': 3553.9872300624847,
  'type': 'binary',
  'utc': '2021-12-09T22:42:48',
  'version': '3.34.0.3'}
Job `local.openml_t_190410.pygmo_c.philippine.0.H2OAutoML` executed in 3564.993 seconds.
All jobs executed in 3565.001 seconds.
[MONITORING] [local.openml_t_190410.pygmo_c.philippine.0.H2OAutoML] CPU Utilization: 71.4%
[MONITORING] [local.openml_t_190410.pygmo_c.philippine.0.H2OAutoML] Memory Usage: 2.3%
[MONITORING] [local.openml_t_190410.pygmo_c.philippine.0.H2OAutoML] Disk Usage: 43.2%
Processing results for h2oautoml.openml_t_190410.pygmo_c.local.20211209T214323
Scores saved to `/home/juradoi/experiments/automlbenchmark/results/h2oautoml.openml_t_190410.pygmo_c.local.20211209T214323/scores/H2OAutoML.benchmark_openml_t_190410.csv`.
Scores saved to `/home/juradoi/experiments/automlbenchmark/results/h2oautoml.openml_t_190410.pygmo_c.local.20211209T214323/scores/results.csv`.
Scores saved to `/home/juradoi/experiments/automlbenchmark/results/results.csv`.
Summing up scores for current run:
                 id       task fold framework constraint   result metric  duration      seed
openml.org/t/190410 philippine    0 H2OAutoML    pygmo_c 0.872279    auc    3565.0 248849959
