/var/spool/slurm/slurmd/job8493925/slurm_script: line 8: activate: No such file or directory
Running benchmark `H2OAutoML` on `openml/t/359954` framework in `local` mode.
Loading frameworks definitions from ['/home/juradoi/experiments/automlbenchmark/resources/frameworks.yaml'].
Loading benchmark constraint definitions from ['/home/juradoi/experiments/automlbenchmark/resources/constraints.yaml'].
Loading openml task 359954.

------------------------------------------------------------------
Starting job local.openml_t_359954.pygmo_c.eucalyptus.0.H2OAutoML.
Assigning 16 cores (total=16) for new task eucalyptus.
Assigning 91350 MB (total=95302 MB) for new eucalyptus task.
[MONITORING] [local.openml_t_359954.pygmo_c.eucalyptus.0.H2OAutoML] CPU Utilization: 16.7%
[MONITORING] [local.openml_t_359954.pygmo_c.eucalyptus.0.H2OAutoML] Memory Usage: 2.0%
[MONITORING] [local.openml_t_359954.pygmo_c.eucalyptus.0.H2OAutoML] Disk Usage: 43.1%
Running task eucalyptus on framework H2OAutoML with config:
TaskConfig({})
Running cmd `/home/juradoi/experiments/automlbenchmark/frameworks/H2OAutoML/venv/bin/python -W ignore /home/juradoi/experiments/automlbenchmark/frameworks/H2OAutoML/exec.py`
INFO:__main__:
**** H2O AutoML [v3.34.0.3] ****

INFO:__main__:Starting H2O cluster with 16 cores, 60900M memory.
Checking whether there is an H2O instance running at http://localhost:20555 ..... not found.
Attempting to start a local H2O server...
  Java Version: openjdk version "11.0.12" 2021-07-20; OpenJDK Runtime Environment (build 11.0.12+7-post-Debian-2deb10u1); OpenJDK 64-Bit Server VM (build 11.0.12+7-post-Debian-2deb10u1, mixed mode, sharing)
  Starting server from /home/juradoi/experiments/automlbenchmark/frameworks/H2OAutoML/venv/lib/python3.8/site-packages/h2o/backend/bin/h2o.jar
  Ice root: /tmp/tmpckf8_xws
  JVM stdout: /tmp/tmpckf8_xws/h2o_unknownUser_started_from_python.out
  JVM stderr: /tmp/tmpckf8_xws/h2o_unknownUser_started_from_python.err
  Server is running at http://127.0.0.1:20555
Connecting to H2O server at http://127.0.0.1:20555 ... successful.
--------------------------  ------------------------------------------------------------------
H2O_cluster_uptime:         01 secs
H2O_cluster_timezone:       Europe/Amsterdam
H2O_data_parsing_timezone:  UTC
H2O_cluster_version:        3.34.0.3
H2O_cluster_version_age:    2 months and 2 days
H2O_cluster_name:           H2O_from_python_unknownUser_90mhw0
H2O_cluster_total_nodes:    1
H2O_cluster_free_memory:    59.48 Gb
H2O_cluster_total_cores:    16
H2O_cluster_allowed_cores:  16
H2O_cluster_status:         locked, healthy
H2O_connection_url:         http://127.0.0.1:20555
H2O_connection_proxy:       {"http": null, "https": null}
H2O_internal_security:      False
H2O_API_Extensions:         Amazon S3, XGBoost, Algos, AutoML, Core V3, TargetEncoder, Core V4
Python_version:             3.8.12 final
--------------------------  ------------------------------------------------------------------
Parse progress: |████████████████████████████████████████████████████████████████| (done) 100%
Parse progress: |████████████████████████████████████████████████████████████████| (done) 100%
INFO:__main__:Running model on task eucalyptus, fold 0.
[MONITORING] [local.openml_t_359954.pygmo_c.eucalyptus.0.H2OAutoML] CPU Utilization: 65.4%
[MONITORING] [local.openml_t_359954.pygmo_c.eucalyptus.0.H2OAutoML] Memory Usage: 35.9%
[MONITORING] [local.openml_t_359954.pygmo_c.eucalyptus.0.H2OAutoML] Disk Usage: 43.1%
[MONITORING] [local.openml_t_359954.pygmo_c.eucalyptus.0.H2OAutoML] CPU Utilization: 96.7%
[MONITORING] [local.openml_t_359954.pygmo_c.eucalyptus.0.H2OAutoML] Memory Usage: 44.0%
[MONITORING] [local.openml_t_359954.pygmo_c.eucalyptus.0.H2OAutoML] Disk Usage: 43.1%
[MONITORING] [local.openml_t_359954.pygmo_c.eucalyptus.0.H2OAutoML] CPU Utilization: 97.4%
[MONITORING] [local.openml_t_359954.pygmo_c.eucalyptus.0.H2OAutoML] Memory Usage: 44.0%
[MONITORING] [local.openml_t_359954.pygmo_c.eucalyptus.0.H2OAutoML] Disk Usage: 43.1%
[MONITORING] [local.openml_t_359954.pygmo_c.eucalyptus.0.H2OAutoML] CPU Utilization: 96.6%
[MONITORING] [local.openml_t_359954.pygmo_c.eucalyptus.0.H2OAutoML] Memory Usage: 44.5%
[MONITORING] [local.openml_t_359954.pygmo_c.eucalyptus.0.H2OAutoML] Disk Usage: 43.1%
[MONITORING] [local.openml_t_359954.pygmo_c.eucalyptus.0.H2OAutoML] CPU Utilization: 97.0%
[MONITORING] [local.openml_t_359954.pygmo_c.eucalyptus.0.H2OAutoML] Memory Usage: 44.8%
[MONITORING] [local.openml_t_359954.pygmo_c.eucalyptus.0.H2OAutoML] Disk Usage: 43.1%
[MONITORING] [local.openml_t_359954.pygmo_c.eucalyptus.0.H2OAutoML] CPU Utilization: 97.1%
[MONITORING] [local.openml_t_359954.pygmo_c.eucalyptus.0.H2OAutoML] Memory Usage: 44.9%
[MONITORING] [local.openml_t_359954.pygmo_c.eucalyptus.0.H2OAutoML] Disk Usage: 43.1%
[MONITORING] [local.openml_t_359954.pygmo_c.eucalyptus.0.H2OAutoML] CPU Utilization: 96.7%
[MONITORING] [local.openml_t_359954.pygmo_c.eucalyptus.0.H2OAutoML] Memory Usage: 44.9%
[MONITORING] [local.openml_t_359954.pygmo_c.eucalyptus.0.H2OAutoML] Disk Usage: 43.1%
[MONITORING] [local.openml_t_359954.pygmo_c.eucalyptus.0.H2OAutoML] CPU Utilization: 97.3%
[MONITORING] [local.openml_t_359954.pygmo_c.eucalyptus.0.H2OAutoML] Memory Usage: 44.9%
[MONITORING] [local.openml_t_359954.pygmo_c.eucalyptus.0.H2OAutoML] Disk Usage: 43.1%
[MONITORING] [local.openml_t_359954.pygmo_c.eucalyptus.0.H2OAutoML] CPU Utilization: 96.9%
[MONITORING] [local.openml_t_359954.pygmo_c.eucalyptus.0.H2OAutoML] Memory Usage: 44.9%
[MONITORING] [local.openml_t_359954.pygmo_c.eucalyptus.0.H2OAutoML] Disk Usage: 43.1%
[MONITORING] [local.openml_t_359954.pygmo_c.eucalyptus.0.H2OAutoML] CPU Utilization: 96.5%
[MONITORING] [local.openml_t_359954.pygmo_c.eucalyptus.0.H2OAutoML] Memory Usage: 44.9%
[MONITORING] [local.openml_t_359954.pygmo_c.eucalyptus.0.H2OAutoML] Disk Usage: 43.1%
[MONITORING] [local.openml_t_359954.pygmo_c.eucalyptus.0.H2OAutoML] CPU Utilization: 97.1%
[MONITORING] [local.openml_t_359954.pygmo_c.eucalyptus.0.H2OAutoML] Memory Usage: 44.9%
[MONITORING] [local.openml_t_359954.pygmo_c.eucalyptus.0.H2OAutoML] Disk Usage: 43.1%
[MONITORING] [local.openml_t_359954.pygmo_c.eucalyptus.0.H2OAutoML] CPU Utilization: 97.5%
[MONITORING] [local.openml_t_359954.pygmo_c.eucalyptus.0.H2OAutoML] Memory Usage: 45.0%
[MONITORING] [local.openml_t_359954.pygmo_c.eucalyptus.0.H2OAutoML] Disk Usage: 43.1%
[MONITORING] [local.openml_t_359954.pygmo_c.eucalyptus.0.H2OAutoML] CPU Utilization: 95.9%
[MONITORING] [local.openml_t_359954.pygmo_c.eucalyptus.0.H2OAutoML] Memory Usage: 45.0%
[MONITORING] [local.openml_t_359954.pygmo_c.eucalyptus.0.H2OAutoML] Disk Usage: 43.1%
[MONITORING] [local.openml_t_359954.pygmo_c.eucalyptus.0.H2OAutoML] CPU Utilization: 96.5%
[MONITORING] [local.openml_t_359954.pygmo_c.eucalyptus.0.H2OAutoML] Memory Usage: 45.0%
[MONITORING] [local.openml_t_359954.pygmo_c.eucalyptus.0.H2OAutoML] Disk Usage: 43.1%
[MONITORING] [local.openml_t_359954.pygmo_c.eucalyptus.0.H2OAutoML] CPU Utilization: 96.8%
[MONITORING] [local.openml_t_359954.pygmo_c.eucalyptus.0.H2OAutoML] Memory Usage: 45.0%
[MONITORING] [local.openml_t_359954.pygmo_c.eucalyptus.0.H2OAutoML] Disk Usage: 43.2%
[MONITORING] [local.openml_t_359954.pygmo_c.eucalyptus.0.H2OAutoML] CPU Utilization: 97.2%
[MONITORING] [local.openml_t_359954.pygmo_c.eucalyptus.0.H2OAutoML] Memory Usage: 45.0%
[MONITORING] [local.openml_t_359954.pygmo_c.eucalyptus.0.H2OAutoML] Disk Usage: 43.2%
[MONITORING] [local.openml_t_359954.pygmo_c.eucalyptus.0.H2OAutoML] CPU Utilization: 96.0%
[MONITORING] [local.openml_t_359954.pygmo_c.eucalyptus.0.H2OAutoML] Memory Usage: 45.1%
[MONITORING] [local.openml_t_359954.pygmo_c.eucalyptus.0.H2OAutoML] Disk Usage: 43.2%
[MONITORING] [local.openml_t_359954.pygmo_c.eucalyptus.0.H2OAutoML] CPU Utilization: 96.5%
[MONITORING] [local.openml_t_359954.pygmo_c.eucalyptus.0.H2OAutoML] Memory Usage: 45.0%
[MONITORING] [local.openml_t_359954.pygmo_c.eucalyptus.0.H2OAutoML] Disk Usage: 43.2%
[MONITORING] [local.openml_t_359954.pygmo_c.eucalyptus.0.H2OAutoML] CPU Utilization: 96.4%
[MONITORING] [local.openml_t_359954.pygmo_c.eucalyptus.0.H2OAutoML] Memory Usage: 45.0%
[MONITORING] [local.openml_t_359954.pygmo_c.eucalyptus.0.H2OAutoML] Disk Usage: 43.2%
[MONITORING] [local.openml_t_359954.pygmo_c.eucalyptus.0.H2OAutoML] CPU Utilization: 96.2%
[MONITORING] [local.openml_t_359954.pygmo_c.eucalyptus.0.H2OAutoML] Memory Usage: 45.0%
[MONITORING] [local.openml_t_359954.pygmo_c.eucalyptus.0.H2OAutoML] Disk Usage: 43.2%
[MONITORING] [local.openml_t_359954.pygmo_c.eucalyptus.0.H2OAutoML] CPU Utilization: 94.7%
[MONITORING] [local.openml_t_359954.pygmo_c.eucalyptus.0.H2OAutoML] Memory Usage: 45.2%
[MONITORING] [local.openml_t_359954.pygmo_c.eucalyptus.0.H2OAutoML] Disk Usage: 43.2%
[MONITORING] [local.openml_t_359954.pygmo_c.eucalyptus.0.H2OAutoML] CPU Utilization: 97.3%
[MONITORING] [local.openml_t_359954.pygmo_c.eucalyptus.0.H2OAutoML] Memory Usage: 45.2%
[MONITORING] [local.openml_t_359954.pygmo_c.eucalyptus.0.H2OAutoML] Disk Usage: 43.2%
[MONITORING] [local.openml_t_359954.pygmo_c.eucalyptus.0.H2OAutoML] CPU Utilization: 97.0%
[MONITORING] [local.openml_t_359954.pygmo_c.eucalyptus.0.H2OAutoML] Memory Usage: 45.3%
[MONITORING] [local.openml_t_359954.pygmo_c.eucalyptus.0.H2OAutoML] Disk Usage: 43.2%
[MONITORING] [local.openml_t_359954.pygmo_c.eucalyptus.0.H2OAutoML] CPU Utilization: 95.6%
[MONITORING] [local.openml_t_359954.pygmo_c.eucalyptus.0.H2OAutoML] Memory Usage: 45.3%
[MONITORING] [local.openml_t_359954.pygmo_c.eucalyptus.0.H2OAutoML] Disk Usage: 43.2%
[MONITORING] [local.openml_t_359954.pygmo_c.eucalyptus.0.H2OAutoML] CPU Utilization: 96.2%
[MONITORING] [local.openml_t_359954.pygmo_c.eucalyptus.0.H2OAutoML] Memory Usage: 45.3%
[MONITORING] [local.openml_t_359954.pygmo_c.eucalyptus.0.H2OAutoML] Disk Usage: 43.2%
[MONITORING] [local.openml_t_359954.pygmo_c.eucalyptus.0.H2OAutoML] CPU Utilization: 97.3%
[MONITORING] [local.openml_t_359954.pygmo_c.eucalyptus.0.H2OAutoML] Memory Usage: 45.4%
[MONITORING] [local.openml_t_359954.pygmo_c.eucalyptus.0.H2OAutoML] Disk Usage: 43.2%
[MONITORING] [local.openml_t_359954.pygmo_c.eucalyptus.0.H2OAutoML] CPU Utilization: 97.1%
[MONITORING] [local.openml_t_359954.pygmo_c.eucalyptus.0.H2OAutoML] Memory Usage: 45.4%
[MONITORING] [local.openml_t_359954.pygmo_c.eucalyptus.0.H2OAutoML] Disk Usage: 43.1%
[MONITORING] [local.openml_t_359954.pygmo_c.eucalyptus.0.H2OAutoML] CPU Utilization: 96.2%
[MONITORING] [local.openml_t_359954.pygmo_c.eucalyptus.0.H2OAutoML] Memory Usage: 45.4%
[MONITORING] [local.openml_t_359954.pygmo_c.eucalyptus.0.H2OAutoML] Disk Usage: 43.1%
[MONITORING] [local.openml_t_359954.pygmo_c.eucalyptus.0.H2OAutoML] CPU Utilization: 70.1%
[MONITORING] [local.openml_t_359954.pygmo_c.eucalyptus.0.H2OAutoML] Memory Usage: 45.6%
[MONITORING] [local.openml_t_359954.pygmo_c.eucalyptus.0.H2OAutoML] Disk Usage: 43.1%
[MONITORING] [local.openml_t_359954.pygmo_c.eucalyptus.0.H2OAutoML] CPU Utilization: 58.0%
[MONITORING] [local.openml_t_359954.pygmo_c.eucalyptus.0.H2OAutoML] Memory Usage: 46.1%
[MONITORING] [local.openml_t_359954.pygmo_c.eucalyptus.0.H2OAutoML] Disk Usage: 43.1%
AutoML progress: |███████████████████████████████████████████████████████████████| (done) 100%
stackedensemble prediction progress: |███████████████████████████████████████████| (done) 100%
H2O session _sid_ac5b closed.



Predictions preview:
                   average                   best                   good                    low                 none predictions truth
0    5.315346737070621E-4  0.0015807366289376503  0.0033270551095907056   0.024869921552395396   0.9696907520353693        none  none
1    9.461684558794118E-5   2.244885771806003E-5  5.3847262014108274E-5   8.744921061552045E-4   0.9989545949285247        none  none
2   0.0010388839966327373  1.0233927793599381E-4   3.036675557256501E-4   0.040921724934649524   0.9576333842350561        none  none
3   0.0060744025509656165  1.2195435789722495E-4  0.0025998233781250007    0.11644348003877722   0.8747603396742348        none  none
4     0.05040922486846682   0.025097837380205146    0.08511013243914667     0.5941190497367771   0.2452637555754042         low  none
5   2.1230935564121634E-4   4.236052619785706E-5  1.2615580078345184E-4  0.0010882367660425651   0.9985309375513349        none  none
6    1.291428145104646E-4  2.7994906380740268E-5   6.789145710443342E-5  0.0020748406145059293   0.9977001302074984        none  none
7    7.788078579350986E-5  1.9206106354422406E-5  4.2496291356421256E-5   9.902563554193395E-4   0.9988701604610765        none  none
8   1.2109256088917766E-4  1.7292060530621273E-5   3.968682167845146E-5  0.0031075147005785748   0.9967144138563232        none  none
9     0.00125673203982681   7.943769935299989E-5    0.00211386299799749   0.026545732330633027   0.9700042349321897        none  none
10   1.260866579922691E-4  3.4772017426713906E-5   7.784255165468086E-5  0.0019445749203231295   0.9978167238526033        none  none
11    0.03489616341928294  3.2828355535715275E-4    0.01464791483612659      0.316034925195669   0.6340927129935644        none  none
12   0.006148082223920998   0.001389267082683748  0.0069315544668458184    0.04168528924567555    0.943845806980874        none  none
13  1.4459903367839303E-4  3.7936243678828435E-5   8.653376592404637E-5   7.502999871028168E-4   0.9989806309696158        none  none
14  1.3540948972058292E-4   5.513931770656778E-5  1.5920027039458183E-4   0.009096854098694986   0.9905533968234832        none  none
15   8.567260493873575E-4  0.0019146917410268435   0.003350994927713694   0.026773771519105694   0.9671038157627664        none  none
16    0.02723562624487821    0.01070968234976548    0.03413655996272303     0.4636936807952865  0.46422445064734685        none  none
17  1.2815329367568971E-4  3.3237972911620225E-5   7.519827379330975E-5   0.002085314323122483   0.9976780961364968        none  none
18     0.1710970664041523   0.043253689809436315    0.13457933120176305     0.5756021889859536  0.07546772359869475         low   low
19   0.014596851577824447  4.3838038313323617E-4  0.0018371658302008026     0.3367143012408707   0.6464133009679707        none   low

Predictions saved to `/home/juradoi/experiments/automlbenchmark/results/h2oautoml.openml_t_359954.pygmo_c.local.20211209T220705/predictions/eucalyptus/0/predictions.csv`.
Loading metadata from `/home/juradoi/experiments/automlbenchmark/results/h2oautoml.openml_t_359954.pygmo_c.local.20211209T220705/predictions/eucalyptus/0/metadata.json`.
Loading predictions from `/home/juradoi/experiments/automlbenchmark/results/h2oautoml.openml_t_359954.pygmo_c.local.20211209T220705/predictions/eucalyptus/0/predictions.csv`.
Metric scores: { 'acc': 0.6891891891891891,
  'app_version': 'dev [master, beef024]',
  'balacc': 0.6405705405705406,
  'constraint': 'pygmo_c',
  'duration': nan,
  'fold': 0,
  'framework': 'H2OAutoML',
  'id': 'openml.org/t/359954',
  'info': None,
  'logloss': 0.7429040689028031,
  'metric': 'neg_logloss',
  'mode': 'local',
  'models_count': 163,
  'params': '',
  'predict_duration': 0.30875253677368164,
  'result': -0.7429040689028031,
  'seed': 1992891593,
  'task': 'eucalyptus',
  'training_duration': 3601.6744933128357,
  'type': 'multiclass',
  'utc': '2021-12-09T23:07:19',
  'version': '3.34.0.3'}
Job `local.openml_t_359954.pygmo_c.eucalyptus.0.H2OAutoML` executed in 3613.424 seconds.
All jobs executed in 3613.433 seconds.
[MONITORING] [local.openml_t_359954.pygmo_c.eucalyptus.0.H2OAutoML] CPU Utilization: 37.9%
[MONITORING] [local.openml_t_359954.pygmo_c.eucalyptus.0.H2OAutoML] Memory Usage: 2.0%
[MONITORING] [local.openml_t_359954.pygmo_c.eucalyptus.0.H2OAutoML] Disk Usage: 43.1%
Processing results for h2oautoml.openml_t_359954.pygmo_c.local.20211209T220705
Scores saved to `/home/juradoi/experiments/automlbenchmark/results/h2oautoml.openml_t_359954.pygmo_c.local.20211209T220705/scores/H2OAutoML.benchmark_openml_t_359954.csv`.
Scores saved to `/home/juradoi/experiments/automlbenchmark/results/h2oautoml.openml_t_359954.pygmo_c.local.20211209T220705/scores/results.csv`.
Scores saved to `/home/juradoi/experiments/automlbenchmark/results/results.csv`.
Summing up scores for current run:
                 id       task fold framework constraint    result      metric  duration       seed
openml.org/t/359954 eucalyptus    0 H2OAutoML    pygmo_c -0.742904 neg_logloss    3613.4 1992891593
