/var/spool/slurm/slurmd/job8494810/slurm_script: line 8: activate: No such file or directory
Running benchmark `H2OAutoML` on `openml/t/359968` framework in `local` mode.
Loading frameworks definitions from ['/home/juradoi/experiments/automlbenchmark/resources/frameworks.yaml'].
Loading benchmark constraint definitions from ['/home/juradoi/experiments/automlbenchmark/resources/constraints.yaml'].
Loading openml task 359968.

-------------------------------------------------------------
Starting job local.openml_t_359968.pygmo_c.churn.0.H2OAutoML.
Assigning 16 cores (total=16) for new task churn.
Assigning 91120 MB (total=95302 MB) for new churn task.
[MONITORING] [local.openml_t_359968.pygmo_c.churn.0.H2OAutoML] CPU Utilization: 15.7%
[MONITORING] [local.openml_t_359968.pygmo_c.churn.0.H2OAutoML] Memory Usage: 2.2%
[MONITORING] [local.openml_t_359968.pygmo_c.churn.0.H2OAutoML] Disk Usage: 43.2%
Running task churn on framework H2OAutoML with config:
TaskConfig({})
Running cmd `/home/juradoi/experiments/automlbenchmark/frameworks/H2OAutoML/venv/bin/python -W ignore /home/juradoi/experiments/automlbenchmark/frameworks/H2OAutoML/exec.py`
INFO:__main__:
**** H2O AutoML [v3.34.0.3] ****

INFO:__main__:Starting H2O cluster with 16 cores, 60747M memory.
Checking whether there is an H2O instance running at http://localhost:3024 ..... not found.
Attempting to start a local H2O server...
  Java Version: openjdk version "11.0.12" 2021-07-20; OpenJDK Runtime Environment (build 11.0.12+7-post-Debian-2deb10u1); OpenJDK 64-Bit Server VM (build 11.0.12+7-post-Debian-2deb10u1, mixed mode, sharing)
  Starting server from /home/juradoi/experiments/automlbenchmark/frameworks/H2OAutoML/venv/lib/python3.8/site-packages/h2o/backend/bin/h2o.jar
  Ice root: /tmp/tmpr2krza7f
  JVM stdout: /tmp/tmpr2krza7f/h2o_unknownUser_started_from_python.out
  JVM stderr: /tmp/tmpr2krza7f/h2o_unknownUser_started_from_python.err
  Server is running at http://127.0.0.1:3024
Connecting to H2O server at http://127.0.0.1:3024 ... successful.
--------------------------  ------------------------------------------------------------------
H2O_cluster_uptime:         01 secs
H2O_cluster_timezone:       Europe/Amsterdam
H2O_data_parsing_timezone:  UTC
H2O_cluster_version:        3.34.0.3
H2O_cluster_version_age:    2 months and 2 days
H2O_cluster_name:           H2O_from_python_unknownUser_7tgikk
H2O_cluster_total_nodes:    1
H2O_cluster_free_memory:    59.33 Gb
H2O_cluster_total_cores:    16
H2O_cluster_allowed_cores:  16
H2O_cluster_status:         locked, healthy
H2O_connection_url:         http://127.0.0.1:3024
H2O_connection_proxy:       {"http": null, "https": null}
H2O_internal_security:      False
H2O_API_Extensions:         Amazon S3, XGBoost, Algos, AutoML, Core V3, TargetEncoder, Core V4
Python_version:             3.8.12 final
--------------------------  ------------------------------------------------------------------
Parse progress: |████████████████████████████████████████████████████████████████| (done) 100%
Parse progress: |████████████████████████████████████████████████████████████████| (done) 100%
INFO:__main__:Running model on task churn, fold 0.
[MONITORING] [local.openml_t_359968.pygmo_c.churn.0.H2OAutoML] CPU Utilization: 62.9%
[MONITORING] [local.openml_t_359968.pygmo_c.churn.0.H2OAutoML] Memory Usage: 40.5%
[MONITORING] [local.openml_t_359968.pygmo_c.churn.0.H2OAutoML] Disk Usage: 43.2%
[MONITORING] [local.openml_t_359968.pygmo_c.churn.0.H2OAutoML] CPU Utilization: 79.7%
[MONITORING] [local.openml_t_359968.pygmo_c.churn.0.H2OAutoML] Memory Usage: 45.6%
[MONITORING] [local.openml_t_359968.pygmo_c.churn.0.H2OAutoML] Disk Usage: 43.2%
[MONITORING] [local.openml_t_359968.pygmo_c.churn.0.H2OAutoML] CPU Utilization: 79.6%
[MONITORING] [local.openml_t_359968.pygmo_c.churn.0.H2OAutoML] Memory Usage: 47.0%
[MONITORING] [local.openml_t_359968.pygmo_c.churn.0.H2OAutoML] Disk Usage: 43.2%
[MONITORING] [local.openml_t_359968.pygmo_c.churn.0.H2OAutoML] CPU Utilization: 79.6%
[MONITORING] [local.openml_t_359968.pygmo_c.churn.0.H2OAutoML] Memory Usage: 47.3%
[MONITORING] [local.openml_t_359968.pygmo_c.churn.0.H2OAutoML] Disk Usage: 43.2%
[MONITORING] [local.openml_t_359968.pygmo_c.churn.0.H2OAutoML] CPU Utilization: 80.7%
[MONITORING] [local.openml_t_359968.pygmo_c.churn.0.H2OAutoML] Memory Usage: 48.2%
[MONITORING] [local.openml_t_359968.pygmo_c.churn.0.H2OAutoML] Disk Usage: 43.2%
[MONITORING] [local.openml_t_359968.pygmo_c.churn.0.H2OAutoML] CPU Utilization: 79.4%
[MONITORING] [local.openml_t_359968.pygmo_c.churn.0.H2OAutoML] Memory Usage: 49.2%
[MONITORING] [local.openml_t_359968.pygmo_c.churn.0.H2OAutoML] Disk Usage: 43.2%
[MONITORING] [local.openml_t_359968.pygmo_c.churn.0.H2OAutoML] CPU Utilization: 78.1%
[MONITORING] [local.openml_t_359968.pygmo_c.churn.0.H2OAutoML] Memory Usage: 49.5%
[MONITORING] [local.openml_t_359968.pygmo_c.churn.0.H2OAutoML] Disk Usage: 43.2%
[MONITORING] [local.openml_t_359968.pygmo_c.churn.0.H2OAutoML] CPU Utilization: 78.2%
[MONITORING] [local.openml_t_359968.pygmo_c.churn.0.H2OAutoML] Memory Usage: 51.2%
[MONITORING] [local.openml_t_359968.pygmo_c.churn.0.H2OAutoML] Disk Usage: 43.2%
[MONITORING] [local.openml_t_359968.pygmo_c.churn.0.H2OAutoML] CPU Utilization: 76.7%
[MONITORING] [local.openml_t_359968.pygmo_c.churn.0.H2OAutoML] Memory Usage: 51.2%
[MONITORING] [local.openml_t_359968.pygmo_c.churn.0.H2OAutoML] Disk Usage: 43.2%
[MONITORING] [local.openml_t_359968.pygmo_c.churn.0.H2OAutoML] CPU Utilization: 70.4%
[MONITORING] [local.openml_t_359968.pygmo_c.churn.0.H2OAutoML] Memory Usage: 52.0%
[MONITORING] [local.openml_t_359968.pygmo_c.churn.0.H2OAutoML] Disk Usage: 43.2%
[MONITORING] [local.openml_t_359968.pygmo_c.churn.0.H2OAutoML] CPU Utilization: 71.3%
[MONITORING] [local.openml_t_359968.pygmo_c.churn.0.H2OAutoML] Memory Usage: 53.0%
[MONITORING] [local.openml_t_359968.pygmo_c.churn.0.H2OAutoML] Disk Usage: 43.2%
[MONITORING] [local.openml_t_359968.pygmo_c.churn.0.H2OAutoML] CPU Utilization: 70.8%
[MONITORING] [local.openml_t_359968.pygmo_c.churn.0.H2OAutoML] Memory Usage: 53.3%
[MONITORING] [local.openml_t_359968.pygmo_c.churn.0.H2OAutoML] Disk Usage: 43.2%
[MONITORING] [local.openml_t_359968.pygmo_c.churn.0.H2OAutoML] CPU Utilization: 74.9%
[MONITORING] [local.openml_t_359968.pygmo_c.churn.0.H2OAutoML] Memory Usage: 54.3%
[MONITORING] [local.openml_t_359968.pygmo_c.churn.0.H2OAutoML] Disk Usage: 43.2%
[MONITORING] [local.openml_t_359968.pygmo_c.churn.0.H2OAutoML] CPU Utilization: 98.1%
[MONITORING] [local.openml_t_359968.pygmo_c.churn.0.H2OAutoML] Memory Usage: 54.3%
[MONITORING] [local.openml_t_359968.pygmo_c.churn.0.H2OAutoML] Disk Usage: 43.2%
[MONITORING] [local.openml_t_359968.pygmo_c.churn.0.H2OAutoML] CPU Utilization: 98.5%
[MONITORING] [local.openml_t_359968.pygmo_c.churn.0.H2OAutoML] Memory Usage: 54.3%
[MONITORING] [local.openml_t_359968.pygmo_c.churn.0.H2OAutoML] Disk Usage: 43.2%
[MONITORING] [local.openml_t_359968.pygmo_c.churn.0.H2OAutoML] CPU Utilization: 99.7%
[MONITORING] [local.openml_t_359968.pygmo_c.churn.0.H2OAutoML] Memory Usage: 54.4%
[MONITORING] [local.openml_t_359968.pygmo_c.churn.0.H2OAutoML] Disk Usage: 43.2%
[MONITORING] [local.openml_t_359968.pygmo_c.churn.0.H2OAutoML] CPU Utilization: 97.7%
[MONITORING] [local.openml_t_359968.pygmo_c.churn.0.H2OAutoML] Memory Usage: 54.4%
[MONITORING] [local.openml_t_359968.pygmo_c.churn.0.H2OAutoML] Disk Usage: 43.2%
[MONITORING] [local.openml_t_359968.pygmo_c.churn.0.H2OAutoML] CPU Utilization: 98.2%
[MONITORING] [local.openml_t_359968.pygmo_c.churn.0.H2OAutoML] Memory Usage: 54.4%
[MONITORING] [local.openml_t_359968.pygmo_c.churn.0.H2OAutoML] Disk Usage: 43.2%
[MONITORING] [local.openml_t_359968.pygmo_c.churn.0.H2OAutoML] CPU Utilization: 97.3%
[MONITORING] [local.openml_t_359968.pygmo_c.churn.0.H2OAutoML] Memory Usage: 54.4%
[MONITORING] [local.openml_t_359968.pygmo_c.churn.0.H2OAutoML] Disk Usage: 43.2%
[MONITORING] [local.openml_t_359968.pygmo_c.churn.0.H2OAutoML] CPU Utilization: 96.9%
[MONITORING] [local.openml_t_359968.pygmo_c.churn.0.H2OAutoML] Memory Usage: 54.4%
[MONITORING] [local.openml_t_359968.pygmo_c.churn.0.H2OAutoML] Disk Usage: 43.2%
[MONITORING] [local.openml_t_359968.pygmo_c.churn.0.H2OAutoML] CPU Utilization: 98.5%
[MONITORING] [local.openml_t_359968.pygmo_c.churn.0.H2OAutoML] Memory Usage: 54.4%
[MONITORING] [local.openml_t_359968.pygmo_c.churn.0.H2OAutoML] Disk Usage: 43.2%
[MONITORING] [local.openml_t_359968.pygmo_c.churn.0.H2OAutoML] CPU Utilization: 98.2%
[MONITORING] [local.openml_t_359968.pygmo_c.churn.0.H2OAutoML] Memory Usage: 54.4%
[MONITORING] [local.openml_t_359968.pygmo_c.churn.0.H2OAutoML] Disk Usage: 43.2%
[MONITORING] [local.openml_t_359968.pygmo_c.churn.0.H2OAutoML] CPU Utilization: 98.1%
[MONITORING] [local.openml_t_359968.pygmo_c.churn.0.H2OAutoML] Memory Usage: 54.4%
[MONITORING] [local.openml_t_359968.pygmo_c.churn.0.H2OAutoML] Disk Usage: 43.2%
[MONITORING] [local.openml_t_359968.pygmo_c.churn.0.H2OAutoML] CPU Utilization: 97.9%
[MONITORING] [local.openml_t_359968.pygmo_c.churn.0.H2OAutoML] Memory Usage: 54.5%
[MONITORING] [local.openml_t_359968.pygmo_c.churn.0.H2OAutoML] Disk Usage: 43.2%
[MONITORING] [local.openml_t_359968.pygmo_c.churn.0.H2OAutoML] CPU Utilization: 95.2%
[MONITORING] [local.openml_t_359968.pygmo_c.churn.0.H2OAutoML] Memory Usage: 54.5%
[MONITORING] [local.openml_t_359968.pygmo_c.churn.0.H2OAutoML] Disk Usage: 43.2%
[MONITORING] [local.openml_t_359968.pygmo_c.churn.0.H2OAutoML] CPU Utilization: 98.6%
[MONITORING] [local.openml_t_359968.pygmo_c.churn.0.H2OAutoML] Memory Usage: 54.6%
[MONITORING] [local.openml_t_359968.pygmo_c.churn.0.H2OAutoML] Disk Usage: 43.2%
[MONITORING] [local.openml_t_359968.pygmo_c.churn.0.H2OAutoML] CPU Utilization: 96.7%
[MONITORING] [local.openml_t_359968.pygmo_c.churn.0.H2OAutoML] Memory Usage: 54.7%
[MONITORING] [local.openml_t_359968.pygmo_c.churn.0.H2OAutoML] Disk Usage: 43.2%
[MONITORING] [local.openml_t_359968.pygmo_c.churn.0.H2OAutoML] CPU Utilization: 96.8%
[MONITORING] [local.openml_t_359968.pygmo_c.churn.0.H2OAutoML] Memory Usage: 54.7%
[MONITORING] [local.openml_t_359968.pygmo_c.churn.0.H2OAutoML] Disk Usage: 43.2%
[MONITORING] [local.openml_t_359968.pygmo_c.churn.0.H2OAutoML] CPU Utilization: 96.4%
[MONITORING] [local.openml_t_359968.pygmo_c.churn.0.H2OAutoML] Memory Usage: 55.3%
[MONITORING] [local.openml_t_359968.pygmo_c.churn.0.H2OAutoML] Disk Usage: 43.2%
[MONITORING] [local.openml_t_359968.pygmo_c.churn.0.H2OAutoML] CPU Utilization: 68.9%
[MONITORING] [local.openml_t_359968.pygmo_c.churn.0.H2OAutoML] Memory Usage: 55.6%
[MONITORING] [local.openml_t_359968.pygmo_c.churn.0.H2OAutoML] Disk Usage: 43.2%
AutoML progress: |███████████████████████████████████████████████████████████████| (done) 100%
stackedensemble prediction progress: |███████████████████████████████████████████| (done) 100%
H2O session _sid_986b closed.



Predictions preview:
                      0                      1 predictions truth
0   0.9980546236038208  0.0019453584682196379           0     0
1   0.9988071322441101  0.0011928423773497343           0     0
2   0.9984143972396851  0.0015856125392019749           0     0
3   0.9970141053199768  0.0029859007336199284           0     0
4   0.9986358284950256  0.0013641533441841602           0     0
5   0.9997150897979736   2.849014999810606E-4           0     0
6   0.9993244409561157   6.755524082109332E-4           0     0
7   0.9994048476219177   5.951653583906591E-4           0     0
8   0.9992440938949585   7.559072109870613E-4           0     0
9   0.9996895790100098   3.104059724137187E-4           0     0
10  0.9986816644668579  0.0013183546252548695           0     0
11  0.9992788434028625    7.21135176718235E-4           0     0
12  0.9989337921142578  0.0010661929845809937           0     0
13  0.9980992078781128  0.0019007897935807705           0     0
14  0.9986832141876221  0.0013167597353458405           0     0
15  0.9756873250007629   0.024312656372785568           0     0
16  0.9994645118713379   5.354752065613866E-4           0     0
17  0.9990406632423401   9.593483409844339E-4           0     0
18  0.9991874694824219   8.125330787152052E-4           0     0
19  0.9942473769187927   0.005752640310674906           0     0

Predictions saved to `/home/juradoi/experiments/automlbenchmark/results/h2oautoml.openml_t_359968.pygmo_c.local.20211210T012736/predictions/churn/0/predictions.csv`.
Loading metadata from `/home/juradoi/experiments/automlbenchmark/results/h2oautoml.openml_t_359968.pygmo_c.local.20211210T012736/predictions/churn/0/metadata.json`.
Loading predictions from `/home/juradoi/experiments/automlbenchmark/results/h2oautoml.openml_t_359968.pygmo_c.local.20211210T012736/predictions/churn/0/predictions.csv`.
Metric scores: { 'acc': 0.964,
  'app_version': 'dev [master, beef024]',
  'auc': 0.9170099667774085,
  'balacc': 0.8833887043189369,
  'constraint': 'pygmo_c',
  'duration': nan,
  'fold': 0,
  'framework': 'H2OAutoML',
  'id': 'openml.org/t/359968',
  'info': None,
  'logloss': 0.2132331645445852,
  'metric': 'auc',
  'mode': 'local',
  'models_count': 644,
  'params': '',
  'predict_duration': 0.574113130569458,
  'result': 0.9170099667774085,
  'seed': 640198885,
  'task': 'churn',
  'training_duration': 3634.9393544197083,
  'type': 'binary',
  'utc': '2021-12-10T02:28:22',
  'version': '3.34.0.3'}
Job `local.openml_t_359968.pygmo_c.churn.0.H2OAutoML` executed in 3644.493 seconds.
All jobs executed in 3645.228 seconds.
[MONITORING] [local.openml_t_359968.pygmo_c.churn.0.H2OAutoML] CPU Utilization: 79.5%
[MONITORING] [local.openml_t_359968.pygmo_c.churn.0.H2OAutoML] Memory Usage: 2.2%
[MONITORING] [local.openml_t_359968.pygmo_c.churn.0.H2OAutoML] Disk Usage: 43.2%
Processing results for h2oautoml.openml_t_359968.pygmo_c.local.20211210T012736
Scores saved to `/home/juradoi/experiments/automlbenchmark/results/h2oautoml.openml_t_359968.pygmo_c.local.20211210T012736/scores/H2OAutoML.benchmark_openml_t_359968.csv`.
Scores saved to `/home/juradoi/experiments/automlbenchmark/results/h2oautoml.openml_t_359968.pygmo_c.local.20211210T012736/scores/results.csv`.
Scores saved to `/home/juradoi/experiments/automlbenchmark/results/results.csv`.
Summing up scores for current run:
                 id  task fold framework constraint  result metric  duration      seed
openml.org/t/359968 churn    0 H2OAutoML    pygmo_c 0.91701    auc    3644.5 640198885
