/var/spool/slurm/slurmd/job8493808/slurm_script: line 8: activate: No such file or directory
Running benchmark `H2OAutoML` on `openml/t/211979` framework in `local` mode.
Loading frameworks definitions from ['/home/juradoi/experiments/automlbenchmark/resources/frameworks.yaml'].
Loading benchmark constraint definitions from ['/home/juradoi/experiments/automlbenchmark/resources/constraints.yaml'].
Loading openml task 211979.

--------------------------------------------------------------
Starting job local.openml_t_211979.pygmo_c.jannis.0.H2OAutoML.
Assigning 16 cores (total=16) for new task jannis.
Assigning 91071 MB (total=95302 MB) for new jannis task.
[MONITORING] [local.openml_t_211979.pygmo_c.jannis.0.H2OAutoML] CPU Utilization: 16.3%
[MONITORING] [local.openml_t_211979.pygmo_c.jannis.0.H2OAutoML] Memory Usage: 2.3%
[MONITORING] [local.openml_t_211979.pygmo_c.jannis.0.H2OAutoML] Disk Usage: 43.2%
Running task jannis on framework H2OAutoML with config:
TaskConfig({})
Running cmd `/home/juradoi/experiments/automlbenchmark/frameworks/H2OAutoML/venv/bin/python -W ignore /home/juradoi/experiments/automlbenchmark/frameworks/H2OAutoML/exec.py`
INFO:__main__:
**** H2O AutoML [v3.34.0.3] ****

INFO:__main__:Starting H2O cluster with 16 cores, 60714M memory.
Checking whether there is an H2O instance running at http://localhost:13826 ..... not found.
Attempting to start a local H2O server...
  Java Version: openjdk version "11.0.12" 2021-07-20; OpenJDK Runtime Environment (build 11.0.12+7-post-Debian-2deb10u1); OpenJDK 64-Bit Server VM (build 11.0.12+7-post-Debian-2deb10u1, mixed mode, sharing)
  Starting server from /home/juradoi/experiments/automlbenchmark/frameworks/H2OAutoML/venv/lib/python3.8/site-packages/h2o/backend/bin/h2o.jar
  Ice root: /tmp/tmplmh47dgk
  JVM stdout: /tmp/tmplmh47dgk/h2o_unknownUser_started_from_python.out
  JVM stderr: /tmp/tmplmh47dgk/h2o_unknownUser_started_from_python.err
  Server is running at http://127.0.0.1:13826
Connecting to H2O server at http://127.0.0.1:13826 ... successful.
--------------------------  ------------------------------------------------------------------
H2O_cluster_uptime:         01 secs
H2O_cluster_timezone:       Europe/Amsterdam
H2O_data_parsing_timezone:  UTC
H2O_cluster_version:        3.34.0.3
H2O_cluster_version_age:    2 months and 2 days
H2O_cluster_name:           H2O_from_python_unknownUser_wrcde0
H2O_cluster_total_nodes:    1
H2O_cluster_free_memory:    59.30 Gb
H2O_cluster_total_cores:    16
H2O_cluster_allowed_cores:  16
H2O_cluster_status:         locked, healthy
H2O_connection_url:         http://127.0.0.1:13826
H2O_connection_proxy:       {"http": null, "https": null}
H2O_internal_security:      False
H2O_API_Extensions:         Amazon S3, XGBoost, Algos, AutoML, Core V3, TargetEncoder, Core V4
Python_version:             3.8.12 final
--------------------------  ------------------------------------------------------------------
Parse progress: |████████████████████████████████████████████████████████████████| (done) 100%
Parse progress: |████████████████████████████████████████████████████████████████| (done) 100%
INFO:__main__:Running model on task jannis, fold 0.
[MONITORING] [local.openml_t_211979.pygmo_c.jannis.0.H2OAutoML] CPU Utilization: 62.6%
[MONITORING] [local.openml_t_211979.pygmo_c.jannis.0.H2OAutoML] Memory Usage: 9.8%
[MONITORING] [local.openml_t_211979.pygmo_c.jannis.0.H2OAutoML] Disk Usage: 43.2%
[MONITORING] [local.openml_t_211979.pygmo_c.jannis.0.H2OAutoML] CPU Utilization: 85.9%
[MONITORING] [local.openml_t_211979.pygmo_c.jannis.0.H2OAutoML] Memory Usage: 45.0%
[MONITORING] [local.openml_t_211979.pygmo_c.jannis.0.H2OAutoML] Disk Usage: 43.2%
[MONITORING] [local.openml_t_211979.pygmo_c.jannis.0.H2OAutoML] CPU Utilization: 83.3%
[MONITORING] [local.openml_t_211979.pygmo_c.jannis.0.H2OAutoML] Memory Usage: 45.2%
[MONITORING] [local.openml_t_211979.pygmo_c.jannis.0.H2OAutoML] Disk Usage: 43.2%
[MONITORING] [local.openml_t_211979.pygmo_c.jannis.0.H2OAutoML] CPU Utilization: 80.1%
[MONITORING] [local.openml_t_211979.pygmo_c.jannis.0.H2OAutoML] Memory Usage: 45.8%
[MONITORING] [local.openml_t_211979.pygmo_c.jannis.0.H2OAutoML] Disk Usage: 43.2%
[MONITORING] [local.openml_t_211979.pygmo_c.jannis.0.H2OAutoML] CPU Utilization: 89.1%
[MONITORING] [local.openml_t_211979.pygmo_c.jannis.0.H2OAutoML] Memory Usage: 46.0%
[MONITORING] [local.openml_t_211979.pygmo_c.jannis.0.H2OAutoML] Disk Usage: 43.2%
[MONITORING] [local.openml_t_211979.pygmo_c.jannis.0.H2OAutoML] CPU Utilization: 83.4%
[MONITORING] [local.openml_t_211979.pygmo_c.jannis.0.H2OAutoML] Memory Usage: 46.2%
[MONITORING] [local.openml_t_211979.pygmo_c.jannis.0.H2OAutoML] Disk Usage: 43.2%
[MONITORING] [local.openml_t_211979.pygmo_c.jannis.0.H2OAutoML] CPU Utilization: 80.3%
[MONITORING] [local.openml_t_211979.pygmo_c.jannis.0.H2OAutoML] Memory Usage: 46.2%
[MONITORING] [local.openml_t_211979.pygmo_c.jannis.0.H2OAutoML] Disk Usage: 43.2%
[MONITORING] [local.openml_t_211979.pygmo_c.jannis.0.H2OAutoML] CPU Utilization: 87.3%
[MONITORING] [local.openml_t_211979.pygmo_c.jannis.0.H2OAutoML] Memory Usage: 46.6%
[MONITORING] [local.openml_t_211979.pygmo_c.jannis.0.H2OAutoML] Disk Usage: 43.2%
[MONITORING] [local.openml_t_211979.pygmo_c.jannis.0.H2OAutoML] CPU Utilization: 84.6%
[MONITORING] [local.openml_t_211979.pygmo_c.jannis.0.H2OAutoML] Memory Usage: 46.8%
[MONITORING] [local.openml_t_211979.pygmo_c.jannis.0.H2OAutoML] Disk Usage: 43.2%
[MONITORING] [local.openml_t_211979.pygmo_c.jannis.0.H2OAutoML] CPU Utilization: 87.2%
[MONITORING] [local.openml_t_211979.pygmo_c.jannis.0.H2OAutoML] Memory Usage: 47.2%
[MONITORING] [local.openml_t_211979.pygmo_c.jannis.0.H2OAutoML] Disk Usage: 43.2%
[MONITORING] [local.openml_t_211979.pygmo_c.jannis.0.H2OAutoML] CPU Utilization: 86.2%
[MONITORING] [local.openml_t_211979.pygmo_c.jannis.0.H2OAutoML] Memory Usage: 47.4%
[MONITORING] [local.openml_t_211979.pygmo_c.jannis.0.H2OAutoML] Disk Usage: 43.2%
[MONITORING] [local.openml_t_211979.pygmo_c.jannis.0.H2OAutoML] CPU Utilization: 87.7%
[MONITORING] [local.openml_t_211979.pygmo_c.jannis.0.H2OAutoML] Memory Usage: 47.5%
[MONITORING] [local.openml_t_211979.pygmo_c.jannis.0.H2OAutoML] Disk Usage: 43.2%
[MONITORING] [local.openml_t_211979.pygmo_c.jannis.0.H2OAutoML] CPU Utilization: 82.7%
[MONITORING] [local.openml_t_211979.pygmo_c.jannis.0.H2OAutoML] Memory Usage: 48.4%
[MONITORING] [local.openml_t_211979.pygmo_c.jannis.0.H2OAutoML] Disk Usage: 43.2%
[MONITORING] [local.openml_t_211979.pygmo_c.jannis.0.H2OAutoML] CPU Utilization: 84.5%
[MONITORING] [local.openml_t_211979.pygmo_c.jannis.0.H2OAutoML] Memory Usage: 48.4%
[MONITORING] [local.openml_t_211979.pygmo_c.jannis.0.H2OAutoML] Disk Usage: 43.2%
[MONITORING] [local.openml_t_211979.pygmo_c.jannis.0.H2OAutoML] CPU Utilization: 85.3%
[MONITORING] [local.openml_t_211979.pygmo_c.jannis.0.H2OAutoML] Memory Usage: 49.4%
[MONITORING] [local.openml_t_211979.pygmo_c.jannis.0.H2OAutoML] Disk Usage: 43.2%
[MONITORING] [local.openml_t_211979.pygmo_c.jannis.0.H2OAutoML] CPU Utilization: 81.4%
[MONITORING] [local.openml_t_211979.pygmo_c.jannis.0.H2OAutoML] Memory Usage: 51.5%
[MONITORING] [local.openml_t_211979.pygmo_c.jannis.0.H2OAutoML] Disk Usage: 43.2%
[MONITORING] [local.openml_t_211979.pygmo_c.jannis.0.H2OAutoML] CPU Utilization: 89.5%
[MONITORING] [local.openml_t_211979.pygmo_c.jannis.0.H2OAutoML] Memory Usage: 51.7%
[MONITORING] [local.openml_t_211979.pygmo_c.jannis.0.H2OAutoML] Disk Usage: 43.2%
[MONITORING] [local.openml_t_211979.pygmo_c.jannis.0.H2OAutoML] CPU Utilization: 86.0%
[MONITORING] [local.openml_t_211979.pygmo_c.jannis.0.H2OAutoML] Memory Usage: 51.8%
[MONITORING] [local.openml_t_211979.pygmo_c.jannis.0.H2OAutoML] Disk Usage: 43.2%
[MONITORING] [local.openml_t_211979.pygmo_c.jannis.0.H2OAutoML] CPU Utilization: 93.0%
[MONITORING] [local.openml_t_211979.pygmo_c.jannis.0.H2OAutoML] Memory Usage: 51.8%
[MONITORING] [local.openml_t_211979.pygmo_c.jannis.0.H2OAutoML] Disk Usage: 43.2%
[MONITORING] [local.openml_t_211979.pygmo_c.jannis.0.H2OAutoML] CPU Utilization: 89.5%
[MONITORING] [local.openml_t_211979.pygmo_c.jannis.0.H2OAutoML] Memory Usage: 51.8%
[MONITORING] [local.openml_t_211979.pygmo_c.jannis.0.H2OAutoML] Disk Usage: 43.2%
[MONITORING] [local.openml_t_211979.pygmo_c.jannis.0.H2OAutoML] CPU Utilization: 90.3%
[MONITORING] [local.openml_t_211979.pygmo_c.jannis.0.H2OAutoML] Memory Usage: 51.8%
[MONITORING] [local.openml_t_211979.pygmo_c.jannis.0.H2OAutoML] Disk Usage: 43.2%
[MONITORING] [local.openml_t_211979.pygmo_c.jannis.0.H2OAutoML] CPU Utilization: 86.3%
[MONITORING] [local.openml_t_211979.pygmo_c.jannis.0.H2OAutoML] Memory Usage: 51.8%
[MONITORING] [local.openml_t_211979.pygmo_c.jannis.0.H2OAutoML] Disk Usage: 43.2%
[MONITORING] [local.openml_t_211979.pygmo_c.jannis.0.H2OAutoML] CPU Utilization: 84.2%
[MONITORING] [local.openml_t_211979.pygmo_c.jannis.0.H2OAutoML] Memory Usage: 51.8%
[MONITORING] [local.openml_t_211979.pygmo_c.jannis.0.H2OAutoML] Disk Usage: 43.2%
[MONITORING] [local.openml_t_211979.pygmo_c.jannis.0.H2OAutoML] CPU Utilization: 84.4%
[MONITORING] [local.openml_t_211979.pygmo_c.jannis.0.H2OAutoML] Memory Usage: 51.8%
[MONITORING] [local.openml_t_211979.pygmo_c.jannis.0.H2OAutoML] Disk Usage: 43.2%
[MONITORING] [local.openml_t_211979.pygmo_c.jannis.0.H2OAutoML] CPU Utilization: 84.0%
[MONITORING] [local.openml_t_211979.pygmo_c.jannis.0.H2OAutoML] Memory Usage: 51.9%
[MONITORING] [local.openml_t_211979.pygmo_c.jannis.0.H2OAutoML] Disk Usage: 43.2%
[MONITORING] [local.openml_t_211979.pygmo_c.jannis.0.H2OAutoML] CPU Utilization: 95.2%
[MONITORING] [local.openml_t_211979.pygmo_c.jannis.0.H2OAutoML] Memory Usage: 51.9%
[MONITORING] [local.openml_t_211979.pygmo_c.jannis.0.H2OAutoML] Disk Usage: 43.2%
[MONITORING] [local.openml_t_211979.pygmo_c.jannis.0.H2OAutoML] CPU Utilization: 95.8%
[MONITORING] [local.openml_t_211979.pygmo_c.jannis.0.H2OAutoML] Memory Usage: 51.9%
[MONITORING] [local.openml_t_211979.pygmo_c.jannis.0.H2OAutoML] Disk Usage: 43.2%
[MONITORING] [local.openml_t_211979.pygmo_c.jannis.0.H2OAutoML] CPU Utilization: 94.6%
[MONITORING] [local.openml_t_211979.pygmo_c.jannis.0.H2OAutoML] Memory Usage: 51.9%
[MONITORING] [local.openml_t_211979.pygmo_c.jannis.0.H2OAutoML] Disk Usage: 43.2%
[MONITORING] [local.openml_t_211979.pygmo_c.jannis.0.H2OAutoML] CPU Utilization: 91.7%
[MONITORING] [local.openml_t_211979.pygmo_c.jannis.0.H2OAutoML] Memory Usage: 51.9%
[MONITORING] [local.openml_t_211979.pygmo_c.jannis.0.H2OAutoML] Disk Usage: 43.2%
[MONITORING] [local.openml_t_211979.pygmo_c.jannis.0.H2OAutoML] CPU Utilization: 93.4%
[MONITORING] [local.openml_t_211979.pygmo_c.jannis.0.H2OAutoML] Memory Usage: 51.9%
[MONITORING] [local.openml_t_211979.pygmo_c.jannis.0.H2OAutoML] Disk Usage: 43.2%
AutoML progress: |███████████████████████████████████████████████████████████████| (done) 100%
stackedensemble prediction progress: |███████████████████████████████████████████| (done) 100%
H2O session _sid_8e25 closed.



Predictions preview:
                         0                    1                    2                     3 predictions truth
0    0.005677411905894164  0.09842009152559412   0.8699429413234905    0.0259595552450211           2     2
1     0.02295354168692848   0.4695172766429468  0.37817042427267755   0.12935875739744715           1     2
2     0.04250775105112706   0.2931336508141638  0.06930961281878963    0.5950489853159194           3     2
3     0.07190793090584838  0.12643248409453434    0.764818213712934   0.03684137128668326           2     2
4   0.0019565521190132687   0.0625810103548508   0.9308156289913799   0.00464680853475607           2     2
5    0.005894903622753526   0.1558697543499289   0.8020220066805905   0.03621333534672718           2     2
6    0.004214600443406908   0.0545459730636194   0.9301443693410353  0.011095057151938516           2     2
7     0.00912809286858824   0.6192721512931236  0.04821274990008007   0.32338700593820796           1     2
8     0.03890507862302171   0.2959644523982744   0.5561405627189056   0.10898990625979842           2     2
9    0.004628036016797933   0.3818152387776862   0.5621285572898463   0.05142816791566959           2     2
10   0.004144809374729291   0.1356101534519334   0.8381180414516021  0.022126995721735293           2     2
11   0.008901384726586768  0.10920584467751754   0.8583032281741976  0.023589542421698168           2     2
12   0.036989746181495295   0.5617039661081568   0.3056241830455386   0.09568210466480931           1     2
13    0.03569926231928722   0.3547038052655209    0.533692420886927   0.07590451152826486           2     2
14  0.0065229597031557325   0.5608312123519468   0.3566503598559036   0.07599546808899395           1     2
15   0.004556812162049938  0.11387998438621594   0.8436743405974894  0.037888862854244754           2     2
16   0.006529149152402519   0.5643267132595231  0.37764284906417245    0.0515012885239019           1     2
17    0.01806825846478424  0.36968619717808204  0.49098146287038913   0.12126408148674457           2     2
18   0.007189455803065927    0.350758392028973   0.6095253926790383   0.03252675948892288           2     2
19    0.00925094048473991  0.14827776813258398   0.8206860779693581  0.021785213413318016           2     2

Predictions saved to `/home/juradoi/experiments/automlbenchmark/results/h2oautoml.openml_t_211979.pygmo_c.local.20211209T215227/predictions/jannis/0/predictions.csv`.
Loading metadata from `/home/juradoi/experiments/automlbenchmark/results/h2oautoml.openml_t_211979.pygmo_c.local.20211209T215227/predictions/jannis/0/metadata.json`.
Loading predictions from `/home/juradoi/experiments/automlbenchmark/results/h2oautoml.openml_t_211979.pygmo_c.local.20211209T215227/predictions/jannis/0/predictions.csv`.
Metric scores: { 'acc': 0.7313112013374732,
  'app_version': 'dev [master, beef024]',
  'balacc': 0.5638013928404904,
  'constraint': 'pygmo_c',
  'duration': nan,
  'fold': 0,
  'framework': 'H2OAutoML',
  'id': 'openml.org/t/211979',
  'info': None,
  'logloss': 0.6633286541861078,
  'metric': 'neg_logloss',
  'mode': 'local',
  'models_count': 59,
  'params': '',
  'predict_duration': 1.6250944137573242,
  'result': -0.6633286541861078,
  'seed': 1758435058,
  'task': 'jannis',
  'training_duration': 3620.5200622081757,
  'type': 'multiclass',
  'utc': '2021-12-09T22:53:17',
  'version': '3.34.0.3'}
Job `local.openml_t_211979.pygmo_c.jannis.0.H2OAutoML` executed in 3640.558 seconds.
All jobs executed in 3649.629 seconds.
[MONITORING] [local.openml_t_211979.pygmo_c.jannis.0.H2OAutoML] CPU Utilization: 87.1%
[MONITORING] [local.openml_t_211979.pygmo_c.jannis.0.H2OAutoML] Memory Usage: 2.3%
[MONITORING] [local.openml_t_211979.pygmo_c.jannis.0.H2OAutoML] Disk Usage: 43.2%
Processing results for h2oautoml.openml_t_211979.pygmo_c.local.20211209T215227
Scores saved to `/home/juradoi/experiments/automlbenchmark/results/h2oautoml.openml_t_211979.pygmo_c.local.20211209T215227/scores/H2OAutoML.benchmark_openml_t_211979.csv`.
Scores saved to `/home/juradoi/experiments/automlbenchmark/results/h2oautoml.openml_t_211979.pygmo_c.local.20211209T215227/scores/results.csv`.
Scores saved to `/home/juradoi/experiments/automlbenchmark/results/results.csv`.
Summing up scores for current run:
                 id   task fold framework constraint    result      metric  duration       seed
openml.org/t/211979 jannis    0 H2OAutoML    pygmo_c -0.663329 neg_logloss    3640.6 1758435058
