/var/spool/slurm/slurmd/job8493693/slurm_script: line 8: activate: No such file or directory
Running benchmark `H2OAutoML` on `openml/t/189922` framework in `local` mode.
Loading frameworks definitions from ['/home/juradoi/experiments/automlbenchmark/resources/frameworks.yaml'].
Loading benchmark constraint definitions from ['/home/juradoi/experiments/automlbenchmark/resources/constraints.yaml'].
Loading openml task 189922.

------------------------------------------------------------
Starting job local.openml_t_189922.pygmo_c.gina.0.H2OAutoML.
Assigning 16 cores (total=16) for new task gina.
Assigning 91143 MB (total=95302 MB) for new gina task.
[MONITORING] [local.openml_t_189922.pygmo_c.gina.0.H2OAutoML] CPU Utilization: 24.5%
[MONITORING] [local.openml_t_189922.pygmo_c.gina.0.H2OAutoML] Memory Usage: 2.2%
[MONITORING] [local.openml_t_189922.pygmo_c.gina.0.H2OAutoML] Disk Usage: 43.2%
Running task gina on framework H2OAutoML with config:
TaskConfig({})
Running cmd `/home/juradoi/experiments/automlbenchmark/frameworks/H2OAutoML/venv/bin/python -W ignore /home/juradoi/experiments/automlbenchmark/frameworks/H2OAutoML/exec.py`
INFO:__main__:
**** H2O AutoML [v3.34.0.3] ****

INFO:__main__:Starting H2O cluster with 16 cores, 60762M memory.
Checking whether there is an H2O instance running at http://localhost:30056 ..... not found.
Attempting to start a local H2O server...
  Java Version: openjdk version "11.0.12" 2021-07-20; OpenJDK Runtime Environment (build 11.0.12+7-post-Debian-2deb10u1); OpenJDK 64-Bit Server VM (build 11.0.12+7-post-Debian-2deb10u1, mixed mode, sharing)
  Starting server from /home/juradoi/experiments/automlbenchmark/frameworks/H2OAutoML/venv/lib/python3.8/site-packages/h2o/backend/bin/h2o.jar
  Ice root: /tmp/tmpex9_ey5l
  JVM stdout: /tmp/tmpex9_ey5l/h2o_unknownUser_started_from_python.out
  JVM stderr: /tmp/tmpex9_ey5l/h2o_unknownUser_started_from_python.err
  Server is running at http://127.0.0.1:30056
Connecting to H2O server at http://127.0.0.1:30056 ... successful.
--------------------------  ------------------------------------------------------------------
H2O_cluster_uptime:         01 secs
H2O_cluster_timezone:       Europe/Amsterdam
H2O_data_parsing_timezone:  UTC
H2O_cluster_version:        3.34.0.3
H2O_cluster_version_age:    2 months and 2 days
H2O_cluster_name:           H2O_from_python_unknownUser_dtcr84
H2O_cluster_total_nodes:    1
H2O_cluster_free_memory:    59.34 Gb
H2O_cluster_total_cores:    16
H2O_cluster_allowed_cores:  16
H2O_cluster_status:         locked, healthy
H2O_connection_url:         http://127.0.0.1:30056
H2O_connection_proxy:       {"http": null, "https": null}
H2O_internal_security:      False
H2O_API_Extensions:         Amazon S3, XGBoost, Algos, AutoML, Core V3, TargetEncoder, Core V4
Python_version:             3.8.12 final
--------------------------  ------------------------------------------------------------------
Parse progress: |████████████████████████████████████████████████████████████████| (done) 100%
Parse progress: |████████████████████████████████████████████████████████████████| (done) 100%
INFO:__main__:Running model on task gina, fold 0.
[MONITORING] [local.openml_t_189922.pygmo_c.gina.0.H2OAutoML] CPU Utilization: 71.9%
[MONITORING] [local.openml_t_189922.pygmo_c.gina.0.H2OAutoML] Memory Usage: 45.0%
[MONITORING] [local.openml_t_189922.pygmo_c.gina.0.H2OAutoML] Disk Usage: 43.2%
[MONITORING] [local.openml_t_189922.pygmo_c.gina.0.H2OAutoML] CPU Utilization: 80.0%
[MONITORING] [local.openml_t_189922.pygmo_c.gina.0.H2OAutoML] Memory Usage: 45.2%
[MONITORING] [local.openml_t_189922.pygmo_c.gina.0.H2OAutoML] Disk Usage: 43.2%
[MONITORING] [local.openml_t_189922.pygmo_c.gina.0.H2OAutoML] CPU Utilization: 80.5%
[MONITORING] [local.openml_t_189922.pygmo_c.gina.0.H2OAutoML] Memory Usage: 45.2%
[MONITORING] [local.openml_t_189922.pygmo_c.gina.0.H2OAutoML] Disk Usage: 43.2%
[MONITORING] [local.openml_t_189922.pygmo_c.gina.0.H2OAutoML] CPU Utilization: 71.9%
[MONITORING] [local.openml_t_189922.pygmo_c.gina.0.H2OAutoML] Memory Usage: 45.7%
[MONITORING] [local.openml_t_189922.pygmo_c.gina.0.H2OAutoML] Disk Usage: 43.2%
[MONITORING] [local.openml_t_189922.pygmo_c.gina.0.H2OAutoML] CPU Utilization: 78.8%
[MONITORING] [local.openml_t_189922.pygmo_c.gina.0.H2OAutoML] Memory Usage: 46.3%
[MONITORING] [local.openml_t_189922.pygmo_c.gina.0.H2OAutoML] Disk Usage: 43.2%
[MONITORING] [local.openml_t_189922.pygmo_c.gina.0.H2OAutoML] CPU Utilization: 78.6%
[MONITORING] [local.openml_t_189922.pygmo_c.gina.0.H2OAutoML] Memory Usage: 46.9%
[MONITORING] [local.openml_t_189922.pygmo_c.gina.0.H2OAutoML] Disk Usage: 43.2%
[MONITORING] [local.openml_t_189922.pygmo_c.gina.0.H2OAutoML] CPU Utilization: 78.3%
[MONITORING] [local.openml_t_189922.pygmo_c.gina.0.H2OAutoML] Memory Usage: 47.1%
[MONITORING] [local.openml_t_189922.pygmo_c.gina.0.H2OAutoML] Disk Usage: 43.2%
[MONITORING] [local.openml_t_189922.pygmo_c.gina.0.H2OAutoML] CPU Utilization: 78.7%
[MONITORING] [local.openml_t_189922.pygmo_c.gina.0.H2OAutoML] Memory Usage: 47.3%
[MONITORING] [local.openml_t_189922.pygmo_c.gina.0.H2OAutoML] Disk Usage: 43.2%
[MONITORING] [local.openml_t_189922.pygmo_c.gina.0.H2OAutoML] CPU Utilization: 81.3%
[MONITORING] [local.openml_t_189922.pygmo_c.gina.0.H2OAutoML] Memory Usage: 48.1%
[MONITORING] [local.openml_t_189922.pygmo_c.gina.0.H2OAutoML] Disk Usage: 43.2%
[MONITORING] [local.openml_t_189922.pygmo_c.gina.0.H2OAutoML] CPU Utilization: 78.3%
[MONITORING] [local.openml_t_189922.pygmo_c.gina.0.H2OAutoML] Memory Usage: 48.1%
[MONITORING] [local.openml_t_189922.pygmo_c.gina.0.H2OAutoML] Disk Usage: 43.2%
[MONITORING] [local.openml_t_189922.pygmo_c.gina.0.H2OAutoML] CPU Utilization: 82.0%
[MONITORING] [local.openml_t_189922.pygmo_c.gina.0.H2OAutoML] Memory Usage: 48.7%
[MONITORING] [local.openml_t_189922.pygmo_c.gina.0.H2OAutoML] Disk Usage: 43.2%
[MONITORING] [local.openml_t_189922.pygmo_c.gina.0.H2OAutoML] CPU Utilization: 83.9%
[MONITORING] [local.openml_t_189922.pygmo_c.gina.0.H2OAutoML] Memory Usage: 48.8%
[MONITORING] [local.openml_t_189922.pygmo_c.gina.0.H2OAutoML] Disk Usage: 43.2%
[MONITORING] [local.openml_t_189922.pygmo_c.gina.0.H2OAutoML] CPU Utilization: 82.9%
[MONITORING] [local.openml_t_189922.pygmo_c.gina.0.H2OAutoML] Memory Usage: 48.8%
[MONITORING] [local.openml_t_189922.pygmo_c.gina.0.H2OAutoML] Disk Usage: 43.2%
[MONITORING] [local.openml_t_189922.pygmo_c.gina.0.H2OAutoML] CPU Utilization: 83.5%
[MONITORING] [local.openml_t_189922.pygmo_c.gina.0.H2OAutoML] Memory Usage: 49.4%
[MONITORING] [local.openml_t_189922.pygmo_c.gina.0.H2OAutoML] Disk Usage: 43.2%
[MONITORING] [local.openml_t_189922.pygmo_c.gina.0.H2OAutoML] CPU Utilization: 81.5%
[MONITORING] [local.openml_t_189922.pygmo_c.gina.0.H2OAutoML] Memory Usage: 49.6%
[MONITORING] [local.openml_t_189922.pygmo_c.gina.0.H2OAutoML] Disk Usage: 43.2%
[MONITORING] [local.openml_t_189922.pygmo_c.gina.0.H2OAutoML] CPU Utilization: 85.2%
[MONITORING] [local.openml_t_189922.pygmo_c.gina.0.H2OAutoML] Memory Usage: 49.7%
[MONITORING] [local.openml_t_189922.pygmo_c.gina.0.H2OAutoML] Disk Usage: 43.2%
[MONITORING] [local.openml_t_189922.pygmo_c.gina.0.H2OAutoML] CPU Utilization: 83.9%
[MONITORING] [local.openml_t_189922.pygmo_c.gina.0.H2OAutoML] Memory Usage: 50.2%
[MONITORING] [local.openml_t_189922.pygmo_c.gina.0.H2OAutoML] Disk Usage: 43.2%
[MONITORING] [local.openml_t_189922.pygmo_c.gina.0.H2OAutoML] CPU Utilization: 84.3%
[MONITORING] [local.openml_t_189922.pygmo_c.gina.0.H2OAutoML] Memory Usage: 50.2%
[MONITORING] [local.openml_t_189922.pygmo_c.gina.0.H2OAutoML] Disk Usage: 43.2%
[MONITORING] [local.openml_t_189922.pygmo_c.gina.0.H2OAutoML] CPU Utilization: 87.1%
[MONITORING] [local.openml_t_189922.pygmo_c.gina.0.H2OAutoML] Memory Usage: 50.7%
[MONITORING] [local.openml_t_189922.pygmo_c.gina.0.H2OAutoML] Disk Usage: 43.2%
[MONITORING] [local.openml_t_189922.pygmo_c.gina.0.H2OAutoML] CPU Utilization: 79.2%
[MONITORING] [local.openml_t_189922.pygmo_c.gina.0.H2OAutoML] Memory Usage: 50.7%
[MONITORING] [local.openml_t_189922.pygmo_c.gina.0.H2OAutoML] Disk Usage: 43.2%
[MONITORING] [local.openml_t_189922.pygmo_c.gina.0.H2OAutoML] CPU Utilization: 82.8%
[MONITORING] [local.openml_t_189922.pygmo_c.gina.0.H2OAutoML] Memory Usage: 50.7%
[MONITORING] [local.openml_t_189922.pygmo_c.gina.0.H2OAutoML] Disk Usage: 43.2%
[MONITORING] [local.openml_t_189922.pygmo_c.gina.0.H2OAutoML] CPU Utilization: 82.2%
[MONITORING] [local.openml_t_189922.pygmo_c.gina.0.H2OAutoML] Memory Usage: 50.8%
[MONITORING] [local.openml_t_189922.pygmo_c.gina.0.H2OAutoML] Disk Usage: 43.2%
[MONITORING] [local.openml_t_189922.pygmo_c.gina.0.H2OAutoML] CPU Utilization: 80.6%
[MONITORING] [local.openml_t_189922.pygmo_c.gina.0.H2OAutoML] Memory Usage: 50.8%
[MONITORING] [local.openml_t_189922.pygmo_c.gina.0.H2OAutoML] Disk Usage: 43.2%
[MONITORING] [local.openml_t_189922.pygmo_c.gina.0.H2OAutoML] CPU Utilization: 81.0%
[MONITORING] [local.openml_t_189922.pygmo_c.gina.0.H2OAutoML] Memory Usage: 50.8%
[MONITORING] [local.openml_t_189922.pygmo_c.gina.0.H2OAutoML] Disk Usage: 43.2%
[MONITORING] [local.openml_t_189922.pygmo_c.gina.0.H2OAutoML] CPU Utilization: 87.8%
[MONITORING] [local.openml_t_189922.pygmo_c.gina.0.H2OAutoML] Memory Usage: 50.8%
[MONITORING] [local.openml_t_189922.pygmo_c.gina.0.H2OAutoML] Disk Usage: 43.2%
[MONITORING] [local.openml_t_189922.pygmo_c.gina.0.H2OAutoML] CPU Utilization: 88.9%
[MONITORING] [local.openml_t_189922.pygmo_c.gina.0.H2OAutoML] Memory Usage: 50.8%
[MONITORING] [local.openml_t_189922.pygmo_c.gina.0.H2OAutoML] Disk Usage: 43.2%
[MONITORING] [local.openml_t_189922.pygmo_c.gina.0.H2OAutoML] CPU Utilization: 91.3%
[MONITORING] [local.openml_t_189922.pygmo_c.gina.0.H2OAutoML] Memory Usage: 50.9%
[MONITORING] [local.openml_t_189922.pygmo_c.gina.0.H2OAutoML] Disk Usage: 43.2%
[MONITORING] [local.openml_t_189922.pygmo_c.gina.0.H2OAutoML] CPU Utilization: 90.8%
[MONITORING] [local.openml_t_189922.pygmo_c.gina.0.H2OAutoML] Memory Usage: 50.9%
[MONITORING] [local.openml_t_189922.pygmo_c.gina.0.H2OAutoML] Disk Usage: 43.2%
[MONITORING] [local.openml_t_189922.pygmo_c.gina.0.H2OAutoML] CPU Utilization: 87.0%
[MONITORING] [local.openml_t_189922.pygmo_c.gina.0.H2OAutoML] Memory Usage: 51.2%
[MONITORING] [local.openml_t_189922.pygmo_c.gina.0.H2OAutoML] Disk Usage: 43.2%
[MONITORING] [local.openml_t_189922.pygmo_c.gina.0.H2OAutoML] CPU Utilization: 79.2%
[MONITORING] [local.openml_t_189922.pygmo_c.gina.0.H2OAutoML] Memory Usage: 51.2%
[MONITORING] [local.openml_t_189922.pygmo_c.gina.0.H2OAutoML] Disk Usage: 43.2%
AutoML progress: |███████████████████████████████████████████████████████████████| (done) 100%
stackedensemble prediction progress: |███████████████████████████████████████████| (done) 100%
H2O session _sid_903e closed.



Predictions preview:
                         0                   1 predictions truth
0    0.008952332006559982    0.99104766799344           1     1
1    0.029319972805804118  0.9706800271941959           1     1
2     0.00832090816281661  0.9916790918371834           1     1
3    0.004056821737055238  0.9959431782629448           1     1
4    0.005097553247414122  0.9949024467525859           1     1
5   0.0035187631165168876  0.9964812368834831           1     1
6    0.028942325549920378  0.9710576744500796           1     1
7   0.0011690878063447263  0.9988309121936553           1     1
8   0.0037522968746989127  0.9962477031253011           1     1
9    0.009487757625963988   0.990512242374036           1     1
10    0.11184755870461172  0.8881524412953883           1     1
11   0.003935081717556521  0.9960649182824435           1     1
12   0.003713217456100093  0.9962867825438999           1     1
13    0.00451695670639396   0.995483043293606           1     1
14   0.002681109462287834  0.9973188905377122           1     1
15    0.27031841643651044  0.7296815835634896           1     1
16   0.011485572984483272  0.9885144270155167           1     1
17   0.004326149101618326  0.9956738508983817           1     1
18  0.0030897136481936593  0.9969102863518063           1     1
19   0.017827601352143008   0.982172398647857           1     1

Predictions saved to `/home/juradoi/experiments/automlbenchmark/results/h2oautoml.openml_t_189922.pygmo_c.local.20211209T211551/predictions/gina/0/predictions.csv`.
Loading metadata from `/home/juradoi/experiments/automlbenchmark/results/h2oautoml.openml_t_189922.pygmo_c.local.20211209T211551/predictions/gina/0/metadata.json`.
Loading predictions from `/home/juradoi/experiments/automlbenchmark/results/h2oautoml.openml_t_189922.pygmo_c.local.20211209T211551/predictions/gina/0/predictions.csv`.
Metric scores: { 'acc': 0.9620253164556962,
  'app_version': 'dev [master, beef024]',
  'auc': 0.993187737928271,
  'balacc': 0.9621318373071529,
  'constraint': 'pygmo_c',
  'duration': nan,
  'fold': 0,
  'framework': 'H2OAutoML',
  'id': 'openml.org/t/189922',
  'info': None,
  'logloss': 0.10833446029694925,
  'metric': 'auc',
  'mode': 'local',
  'models_count': 220,
  'params': '',
  'predict_duration': 0.3219263553619385,
  'result': 0.993187737928271,
  'seed': 1639884789,
  'task': 'gina',
  'training_duration': 3604.5283761024475,
  'type': 'binary',
  'utc': '2021-12-09T22:16:04',
  'version': '3.34.0.3'}
Job `local.openml_t_189922.pygmo_c.gina.0.H2OAutoML` executed in 3613.097 seconds.
All jobs executed in 3613.106 seconds.
[MONITORING] [local.openml_t_189922.pygmo_c.gina.0.H2OAutoML] CPU Utilization: 52.5%
[MONITORING] [local.openml_t_189922.pygmo_c.gina.0.H2OAutoML] Memory Usage: 2.2%
[MONITORING] [local.openml_t_189922.pygmo_c.gina.0.H2OAutoML] Disk Usage: 43.2%
Processing results for h2oautoml.openml_t_189922.pygmo_c.local.20211209T211551
Scores saved to `/home/juradoi/experiments/automlbenchmark/results/h2oautoml.openml_t_189922.pygmo_c.local.20211209T211551/scores/H2OAutoML.benchmark_openml_t_189922.csv`.
Scores saved to `/home/juradoi/experiments/automlbenchmark/results/h2oautoml.openml_t_189922.pygmo_c.local.20211209T211551/scores/results.csv`.
Scores saved to `/home/juradoi/experiments/automlbenchmark/results/results.csv`.
Summing up scores for current run:
                 id task fold framework constraint   result metric  duration       seed
openml.org/t/189922 gina    0 H2OAutoML    pygmo_c 0.993188    auc    3613.1 1639884789
