/var/spool/slurm/slurmd/job8496985/slurm_script: line 8: activate: No such file or directory
Running benchmark `H2OAutoML` on `openml/t/359984` framework in `local` mode.
Loading frameworks definitions from ['/home/juradoi/experiments/automlbenchmark/resources/frameworks.yaml'].
Loading benchmark constraint definitions from ['/home/juradoi/experiments/automlbenchmark/resources/constraints.yaml'].
Loading openml task 359984.

--------------------------------------------------------------
Starting job local.openml_t_359984.pygmo_c.helena.0.H2OAutoML.
Assigning 16 cores (total=16) for new task helena.
Assigning 91564 MB (total=95302 MB) for new helena task.
[MONITORING] [local.openml_t_359984.pygmo_c.helena.0.H2OAutoML] CPU Utilization: 13.1%
[MONITORING] [local.openml_t_359984.pygmo_c.helena.0.H2OAutoML] Memory Usage: 1.8%
[MONITORING] [local.openml_t_359984.pygmo_c.helena.0.H2OAutoML] Disk Usage: 43.2%
Running task helena on framework H2OAutoML with config:
TaskConfig({})
Running cmd `/home/juradoi/experiments/automlbenchmark/frameworks/H2OAutoML/venv/bin/python -W ignore /home/juradoi/experiments/automlbenchmark/frameworks/H2OAutoML/exec.py`
INFO:__main__:
**** H2O AutoML [v3.34.0.3] ****

INFO:__main__:Starting H2O cluster with 16 cores, 61043M memory.
Checking whether there is an H2O instance running at http://localhost:16727 ..... not found.
Attempting to start a local H2O server...
  Java Version: openjdk version "11.0.12" 2021-07-20; OpenJDK Runtime Environment (build 11.0.12+7-post-Debian-2deb10u1); OpenJDK 64-Bit Server VM (build 11.0.12+7-post-Debian-2deb10u1, mixed mode, sharing)
  Starting server from /home/juradoi/experiments/automlbenchmark/frameworks/H2OAutoML/venv/lib/python3.8/site-packages/h2o/backend/bin/h2o.jar
  Ice root: /tmp/tmpet98lg0y
  JVM stdout: /tmp/tmpet98lg0y/h2o_unknownUser_started_from_python.out
  JVM stderr: /tmp/tmpet98lg0y/h2o_unknownUser_started_from_python.err
  Server is running at http://127.0.0.1:16727
Connecting to H2O server at http://127.0.0.1:16727 ... successful.
--------------------------  ------------------------------------------------------------------
H2O_cluster_uptime:         01 secs
H2O_cluster_timezone:       Europe/Amsterdam
H2O_data_parsing_timezone:  UTC
H2O_cluster_version:        3.34.0.3
H2O_cluster_version_age:    2 months and 2 days
H2O_cluster_name:           H2O_from_python_unknownUser_lr2ztd
H2O_cluster_total_nodes:    1
H2O_cluster_free_memory:    59.62 Gb
H2O_cluster_total_cores:    16
H2O_cluster_allowed_cores:  16
H2O_cluster_status:         locked, healthy
H2O_connection_url:         http://127.0.0.1:16727
H2O_connection_proxy:       {"http": null, "https": null}
H2O_internal_security:      False
H2O_API_Extensions:         Amazon S3, XGBoost, Algos, AutoML, Core V3, TargetEncoder, Core V4
Python_version:             3.8.12 final
--------------------------  ------------------------------------------------------------------
Parse progress: |████████████████████████████████████████████████████████████████| (done) 100%
Parse progress: |████████████████████████████████████████████████████████████████| (done) 100%
INFO:__main__:Running model on task helena, fold 0.
[MONITORING] [local.openml_t_359984.pygmo_c.helena.0.H2OAutoML] CPU Utilization: 74.1%
[MONITORING] [local.openml_t_359984.pygmo_c.helena.0.H2OAutoML] Memory Usage: 9.1%
[MONITORING] [local.openml_t_359984.pygmo_c.helena.0.H2OAutoML] Disk Usage: 43.2%
[MONITORING] [local.openml_t_359984.pygmo_c.helena.0.H2OAutoML] CPU Utilization: 82.0%
[MONITORING] [local.openml_t_359984.pygmo_c.helena.0.H2OAutoML] Memory Usage: 9.2%
[MONITORING] [local.openml_t_359984.pygmo_c.helena.0.H2OAutoML] Disk Usage: 43.2%
[MONITORING] [local.openml_t_359984.pygmo_c.helena.0.H2OAutoML] CPU Utilization: 82.9%
[MONITORING] [local.openml_t_359984.pygmo_c.helena.0.H2OAutoML] Memory Usage: 9.3%
[MONITORING] [local.openml_t_359984.pygmo_c.helena.0.H2OAutoML] Disk Usage: 43.2%
[MONITORING] [local.openml_t_359984.pygmo_c.helena.0.H2OAutoML] CPU Utilization: 77.5%
[MONITORING] [local.openml_t_359984.pygmo_c.helena.0.H2OAutoML] Memory Usage: 11.4%
[MONITORING] [local.openml_t_359984.pygmo_c.helena.0.H2OAutoML] Disk Usage: 43.2%
[MONITORING] [local.openml_t_359984.pygmo_c.helena.0.H2OAutoML] CPU Utilization: 77.1%
[MONITORING] [local.openml_t_359984.pygmo_c.helena.0.H2OAutoML] Memory Usage: 45.3%
[MONITORING] [local.openml_t_359984.pygmo_c.helena.0.H2OAutoML] Disk Usage: 43.2%
[MONITORING] [local.openml_t_359984.pygmo_c.helena.0.H2OAutoML] CPU Utilization: 88.4%
[MONITORING] [local.openml_t_359984.pygmo_c.helena.0.H2OAutoML] Memory Usage: 45.4%
[MONITORING] [local.openml_t_359984.pygmo_c.helena.0.H2OAutoML] Disk Usage: 43.2%
[MONITORING] [local.openml_t_359984.pygmo_c.helena.0.H2OAutoML] CPU Utilization: 88.6%
[MONITORING] [local.openml_t_359984.pygmo_c.helena.0.H2OAutoML] Memory Usage: 45.4%
[MONITORING] [local.openml_t_359984.pygmo_c.helena.0.H2OAutoML] Disk Usage: 43.2%
[MONITORING] [local.openml_t_359984.pygmo_c.helena.0.H2OAutoML] CPU Utilization: 88.8%
[MONITORING] [local.openml_t_359984.pygmo_c.helena.0.H2OAutoML] Memory Usage: 45.4%
[MONITORING] [local.openml_t_359984.pygmo_c.helena.0.H2OAutoML] Disk Usage: 43.2%
[MONITORING] [local.openml_t_359984.pygmo_c.helena.0.H2OAutoML] CPU Utilization: 88.7%
[MONITORING] [local.openml_t_359984.pygmo_c.helena.0.H2OAutoML] Memory Usage: 45.4%
[MONITORING] [local.openml_t_359984.pygmo_c.helena.0.H2OAutoML] Disk Usage: 43.2%
[MONITORING] [local.openml_t_359984.pygmo_c.helena.0.H2OAutoML] CPU Utilization: 88.1%
[MONITORING] [local.openml_t_359984.pygmo_c.helena.0.H2OAutoML] Memory Usage: 45.5%
[MONITORING] [local.openml_t_359984.pygmo_c.helena.0.H2OAutoML] Disk Usage: 43.2%
[MONITORING] [local.openml_t_359984.pygmo_c.helena.0.H2OAutoML] CPU Utilization: 88.4%
[MONITORING] [local.openml_t_359984.pygmo_c.helena.0.H2OAutoML] Memory Usage: 45.4%
[MONITORING] [local.openml_t_359984.pygmo_c.helena.0.H2OAutoML] Disk Usage: 43.2%
[MONITORING] [local.openml_t_359984.pygmo_c.helena.0.H2OAutoML] CPU Utilization: 88.7%
[MONITORING] [local.openml_t_359984.pygmo_c.helena.0.H2OAutoML] Memory Usage: 45.4%
[MONITORING] [local.openml_t_359984.pygmo_c.helena.0.H2OAutoML] Disk Usage: 43.2%
[MONITORING] [local.openml_t_359984.pygmo_c.helena.0.H2OAutoML] CPU Utilization: 88.5%
[MONITORING] [local.openml_t_359984.pygmo_c.helena.0.H2OAutoML] Memory Usage: 45.4%
[MONITORING] [local.openml_t_359984.pygmo_c.helena.0.H2OAutoML] Disk Usage: 43.2%
[MONITORING] [local.openml_t_359984.pygmo_c.helena.0.H2OAutoML] CPU Utilization: 87.1%
[MONITORING] [local.openml_t_359984.pygmo_c.helena.0.H2OAutoML] Memory Usage: 46.1%
[MONITORING] [local.openml_t_359984.pygmo_c.helena.0.H2OAutoML] Disk Usage: 43.2%
[MONITORING] [local.openml_t_359984.pygmo_c.helena.0.H2OAutoML] CPU Utilization: 86.4%
[MONITORING] [local.openml_t_359984.pygmo_c.helena.0.H2OAutoML] Memory Usage: 47.3%
[MONITORING] [local.openml_t_359984.pygmo_c.helena.0.H2OAutoML] Disk Usage: 43.2%
[MONITORING] [local.openml_t_359984.pygmo_c.helena.0.H2OAutoML] CPU Utilization: 87.1%
[MONITORING] [local.openml_t_359984.pygmo_c.helena.0.H2OAutoML] Memory Usage: 47.8%
[MONITORING] [local.openml_t_359984.pygmo_c.helena.0.H2OAutoML] Disk Usage: 43.2%
[MONITORING] [local.openml_t_359984.pygmo_c.helena.0.H2OAutoML] CPU Utilization: 88.7%
[MONITORING] [local.openml_t_359984.pygmo_c.helena.0.H2OAutoML] Memory Usage: 49.3%
[MONITORING] [local.openml_t_359984.pygmo_c.helena.0.H2OAutoML] Disk Usage: 43.2%
[MONITORING] [local.openml_t_359984.pygmo_c.helena.0.H2OAutoML] CPU Utilization: 88.5%
[MONITORING] [local.openml_t_359984.pygmo_c.helena.0.H2OAutoML] Memory Usage: 50.4%
[MONITORING] [local.openml_t_359984.pygmo_c.helena.0.H2OAutoML] Disk Usage: 43.2%
[MONITORING] [local.openml_t_359984.pygmo_c.helena.0.H2OAutoML] CPU Utilization: 87.8%
[MONITORING] [local.openml_t_359984.pygmo_c.helena.0.H2OAutoML] Memory Usage: 50.6%
[MONITORING] [local.openml_t_359984.pygmo_c.helena.0.H2OAutoML] Disk Usage: 43.2%
[MONITORING] [local.openml_t_359984.pygmo_c.helena.0.H2OAutoML] CPU Utilization: 88.7%
[MONITORING] [local.openml_t_359984.pygmo_c.helena.0.H2OAutoML] Memory Usage: 51.3%
[MONITORING] [local.openml_t_359984.pygmo_c.helena.0.H2OAutoML] Disk Usage: 43.2%
[MONITORING] [local.openml_t_359984.pygmo_c.helena.0.H2OAutoML] CPU Utilization: 87.8%
[MONITORING] [local.openml_t_359984.pygmo_c.helena.0.H2OAutoML] Memory Usage: 51.3%
[MONITORING] [local.openml_t_359984.pygmo_c.helena.0.H2OAutoML] Disk Usage: 43.2%
[MONITORING] [local.openml_t_359984.pygmo_c.helena.0.H2OAutoML] CPU Utilization: 89.1%
[MONITORING] [local.openml_t_359984.pygmo_c.helena.0.H2OAutoML] Memory Usage: 51.3%
[MONITORING] [local.openml_t_359984.pygmo_c.helena.0.H2OAutoML] Disk Usage: 43.2%
[MONITORING] [local.openml_t_359984.pygmo_c.helena.0.H2OAutoML] CPU Utilization: 87.8%
[MONITORING] [local.openml_t_359984.pygmo_c.helena.0.H2OAutoML] Memory Usage: 51.4%
[MONITORING] [local.openml_t_359984.pygmo_c.helena.0.H2OAutoML] Disk Usage: 43.2%
