/var/spool/slurm/slurmd/job8493783/slurm_script: line 8: activate: No such file or directory
Running benchmark `H2OAutoML` on `openml/t/190410` framework in `local` mode.
Loading frameworks definitions from ['/home/juradoi/experiments/automlbenchmark/resources/frameworks.yaml'].
Loading benchmark constraint definitions from ['/home/juradoi/experiments/automlbenchmark/resources/constraints.yaml'].
Loading openml task 190410.

------------------------------------------------------------------
Starting job local.openml_t_190410.pygmo_c.philippine.0.H2OAutoML.
Assigning 16 cores (total=16) for new task philippine.
Assigning 91025 MB (total=95302 MB) for new philippine task.
[MONITORING] [local.openml_t_190410.pygmo_c.philippine.0.H2OAutoML] CPU Utilization: 17.7%
[MONITORING] [local.openml_t_190410.pygmo_c.philippine.0.H2OAutoML] Memory Usage: 2.3%
[MONITORING] [local.openml_t_190410.pygmo_c.philippine.0.H2OAutoML] Disk Usage: 43.2%
Running task philippine on framework H2OAutoML with config:
TaskConfig({})
Running cmd `/home/juradoi/experiments/automlbenchmark/frameworks/H2OAutoML/venv/bin/python -W ignore /home/juradoi/experiments/automlbenchmark/frameworks/H2OAutoML/exec.py`
INFO:__main__:
**** H2O AutoML [v3.34.0.3] ****

INFO:__main__:Starting H2O cluster with 16 cores, 60683M memory.
Checking whether there is an H2O instance running at http://localhost:29255 ..... not found.
Attempting to start a local H2O server...
  Java Version: openjdk version "11.0.12" 2021-07-20; OpenJDK Runtime Environment (build 11.0.12+7-post-Debian-2deb10u1); OpenJDK 64-Bit Server VM (build 11.0.12+7-post-Debian-2deb10u1, mixed mode, sharing)
  Starting server from /home/juradoi/experiments/automlbenchmark/frameworks/H2OAutoML/venv/lib/python3.8/site-packages/h2o/backend/bin/h2o.jar
  Ice root: /tmp/tmpo72xr_hg
  JVM stdout: /tmp/tmpo72xr_hg/h2o_unknownUser_started_from_python.out
  JVM stderr: /tmp/tmpo72xr_hg/h2o_unknownUser_started_from_python.err
  Server is running at http://127.0.0.1:29255
Connecting to H2O server at http://127.0.0.1:29255 ... successful.
--------------------------  ------------------------------------------------------------------
H2O_cluster_uptime:         01 secs
H2O_cluster_timezone:       Europe/Amsterdam
H2O_data_parsing_timezone:  UTC
H2O_cluster_version:        3.34.0.3
H2O_cluster_version_age:    2 months and 2 days
H2O_cluster_name:           H2O_from_python_unknownUser_zye8qh
H2O_cluster_total_nodes:    1
H2O_cluster_free_memory:    59.27 Gb
H2O_cluster_total_cores:    16
H2O_cluster_allowed_cores:  16
H2O_cluster_status:         locked, healthy
H2O_connection_url:         http://127.0.0.1:29255
H2O_connection_proxy:       {"http": null, "https": null}
H2O_internal_security:      False
H2O_API_Extensions:         Amazon S3, XGBoost, Algos, AutoML, Core V3, TargetEncoder, Core V4
Python_version:             3.8.12 final
--------------------------  ------------------------------------------------------------------
Parse progress: |████████████████████████████████████████████████████████████████| (done) 100%
Parse progress: |████████████████████████████████████████████████████████████████| (done) 100%
INFO:__main__:Running model on task philippine, fold 0.
[MONITORING] [local.openml_t_190410.pygmo_c.philippine.0.H2OAutoML] CPU Utilization: 67.2%
[MONITORING] [local.openml_t_190410.pygmo_c.philippine.0.H2OAutoML] Memory Usage: 27.7%
[MONITORING] [local.openml_t_190410.pygmo_c.philippine.0.H2OAutoML] Disk Usage: 43.2%
[MONITORING] [local.openml_t_190410.pygmo_c.philippine.0.H2OAutoML] CPU Utilization: 70.7%
[MONITORING] [local.openml_t_190410.pygmo_c.philippine.0.H2OAutoML] Memory Usage: 31.5%
[MONITORING] [local.openml_t_190410.pygmo_c.philippine.0.H2OAutoML] Disk Usage: 43.2%
[MONITORING] [local.openml_t_190410.pygmo_c.philippine.0.H2OAutoML] CPU Utilization: 71.6%
[MONITORING] [local.openml_t_190410.pygmo_c.philippine.0.H2OAutoML] Memory Usage: 46.0%
[MONITORING] [local.openml_t_190410.pygmo_c.philippine.0.H2OAutoML] Disk Usage: 43.2%
[MONITORING] [local.openml_t_190410.pygmo_c.philippine.0.H2OAutoML] CPU Utilization: 76.2%
[MONITORING] [local.openml_t_190410.pygmo_c.philippine.0.H2OAutoML] Memory Usage: 46.1%
[MONITORING] [local.openml_t_190410.pygmo_c.philippine.0.H2OAutoML] Disk Usage: 43.2%
[MONITORING] [local.openml_t_190410.pygmo_c.philippine.0.H2OAutoML] CPU Utilization: 69.0%
[MONITORING] [local.openml_t_190410.pygmo_c.philippine.0.H2OAutoML] Memory Usage: 46.5%
[MONITORING] [local.openml_t_190410.pygmo_c.philippine.0.H2OAutoML] Disk Usage: 43.2%
[MONITORING] [local.openml_t_190410.pygmo_c.philippine.0.H2OAutoML] CPU Utilization: 73.0%
[MONITORING] [local.openml_t_190410.pygmo_c.philippine.0.H2OAutoML] Memory Usage: 46.5%
[MONITORING] [local.openml_t_190410.pygmo_c.philippine.0.H2OAutoML] Disk Usage: 43.2%
[MONITORING] [local.openml_t_190410.pygmo_c.philippine.0.H2OAutoML] CPU Utilization: 75.1%
[MONITORING] [local.openml_t_190410.pygmo_c.philippine.0.H2OAutoML] Memory Usage: 46.5%
[MONITORING] [local.openml_t_190410.pygmo_c.philippine.0.H2OAutoML] Disk Usage: 43.2%
[MONITORING] [local.openml_t_190410.pygmo_c.philippine.0.H2OAutoML] CPU Utilization: 72.0%
[MONITORING] [local.openml_t_190410.pygmo_c.philippine.0.H2OAutoML] Memory Usage: 46.7%
[MONITORING] [local.openml_t_190410.pygmo_c.philippine.0.H2OAutoML] Disk Usage: 43.2%
[MONITORING] [local.openml_t_190410.pygmo_c.philippine.0.H2OAutoML] CPU Utilization: 66.8%
[MONITORING] [local.openml_t_190410.pygmo_c.philippine.0.H2OAutoML] Memory Usage: 46.7%
[MONITORING] [local.openml_t_190410.pygmo_c.philippine.0.H2OAutoML] Disk Usage: 43.2%
[MONITORING] [local.openml_t_190410.pygmo_c.philippine.0.H2OAutoML] CPU Utilization: 70.5%
[MONITORING] [local.openml_t_190410.pygmo_c.philippine.0.H2OAutoML] Memory Usage: 46.9%
[MONITORING] [local.openml_t_190410.pygmo_c.philippine.0.H2OAutoML] Disk Usage: 43.2%
[MONITORING] [local.openml_t_190410.pygmo_c.philippine.0.H2OAutoML] CPU Utilization: 71.2%
[MONITORING] [local.openml_t_190410.pygmo_c.philippine.0.H2OAutoML] Memory Usage: 46.9%
[MONITORING] [local.openml_t_190410.pygmo_c.philippine.0.H2OAutoML] Disk Usage: 43.2%
[MONITORING] [local.openml_t_190410.pygmo_c.philippine.0.H2OAutoML] CPU Utilization: 86.9%
[MONITORING] [local.openml_t_190410.pygmo_c.philippine.0.H2OAutoML] Memory Usage: 46.9%
[MONITORING] [local.openml_t_190410.pygmo_c.philippine.0.H2OAutoML] Disk Usage: 43.2%
[MONITORING] [local.openml_t_190410.pygmo_c.philippine.0.H2OAutoML] CPU Utilization: 93.7%
[MONITORING] [local.openml_t_190410.pygmo_c.philippine.0.H2OAutoML] Memory Usage: 47.0%
[MONITORING] [local.openml_t_190410.pygmo_c.philippine.0.H2OAutoML] Disk Usage: 43.2%
[MONITORING] [local.openml_t_190410.pygmo_c.philippine.0.H2OAutoML] CPU Utilization: 93.4%
[MONITORING] [local.openml_t_190410.pygmo_c.philippine.0.H2OAutoML] Memory Usage: 47.0%
[MONITORING] [local.openml_t_190410.pygmo_c.philippine.0.H2OAutoML] Disk Usage: 43.2%
[MONITORING] [local.openml_t_190410.pygmo_c.philippine.0.H2OAutoML] CPU Utilization: 94.7%
[MONITORING] [local.openml_t_190410.pygmo_c.philippine.0.H2OAutoML] Memory Usage: 47.0%
[MONITORING] [local.openml_t_190410.pygmo_c.philippine.0.H2OAutoML] Disk Usage: 43.2%
[MONITORING] [local.openml_t_190410.pygmo_c.philippine.0.H2OAutoML] CPU Utilization: 96.0%
[MONITORING] [local.openml_t_190410.pygmo_c.philippine.0.H2OAutoML] Memory Usage: 47.0%
[MONITORING] [local.openml_t_190410.pygmo_c.philippine.0.H2OAutoML] Disk Usage: 43.2%
[MONITORING] [local.openml_t_190410.pygmo_c.philippine.0.H2OAutoML] CPU Utilization: 91.0%
[MONITORING] [local.openml_t_190410.pygmo_c.philippine.0.H2OAutoML] Memory Usage: 47.0%
[MONITORING] [local.openml_t_190410.pygmo_c.philippine.0.H2OAutoML] Disk Usage: 43.2%
[MONITORING] [local.openml_t_190410.pygmo_c.philippine.0.H2OAutoML] CPU Utilization: 93.5%
[MONITORING] [local.openml_t_190410.pygmo_c.philippine.0.H2OAutoML] Memory Usage: 47.0%
[MONITORING] [local.openml_t_190410.pygmo_c.philippine.0.H2OAutoML] Disk Usage: 43.2%
[MONITORING] [local.openml_t_190410.pygmo_c.philippine.0.H2OAutoML] CPU Utilization: 93.4%
[MONITORING] [local.openml_t_190410.pygmo_c.philippine.0.H2OAutoML] Memory Usage: 47.0%
[MONITORING] [local.openml_t_190410.pygmo_c.philippine.0.H2OAutoML] Disk Usage: 43.2%
[MONITORING] [local.openml_t_190410.pygmo_c.philippine.0.H2OAutoML] CPU Utilization: 93.7%
[MONITORING] [local.openml_t_190410.pygmo_c.philippine.0.H2OAutoML] Memory Usage: 47.0%
[MONITORING] [local.openml_t_190410.pygmo_c.philippine.0.H2OAutoML] Disk Usage: 43.2%
[MONITORING] [local.openml_t_190410.pygmo_c.philippine.0.H2OAutoML] CPU Utilization: 94.4%
[MONITORING] [local.openml_t_190410.pygmo_c.philippine.0.H2OAutoML] Memory Usage: 47.0%
[MONITORING] [local.openml_t_190410.pygmo_c.philippine.0.H2OAutoML] Disk Usage: 43.2%
[MONITORING] [local.openml_t_190410.pygmo_c.philippine.0.H2OAutoML] CPU Utilization: 94.8%
[MONITORING] [local.openml_t_190410.pygmo_c.philippine.0.H2OAutoML] Memory Usage: 47.0%
[MONITORING] [local.openml_t_190410.pygmo_c.philippine.0.H2OAutoML] Disk Usage: 43.2%
[MONITORING] [local.openml_t_190410.pygmo_c.philippine.0.H2OAutoML] CPU Utilization: 94.5%
[MONITORING] [local.openml_t_190410.pygmo_c.philippine.0.H2OAutoML] Memory Usage: 47.1%
[MONITORING] [local.openml_t_190410.pygmo_c.philippine.0.H2OAutoML] Disk Usage: 43.2%
[MONITORING] [local.openml_t_190410.pygmo_c.philippine.0.H2OAutoML] CPU Utilization: 91.9%
[MONITORING] [local.openml_t_190410.pygmo_c.philippine.0.H2OAutoML] Memory Usage: 47.1%
[MONITORING] [local.openml_t_190410.pygmo_c.philippine.0.H2OAutoML] Disk Usage: 43.2%
[MONITORING] [local.openml_t_190410.pygmo_c.philippine.0.H2OAutoML] CPU Utilization: 93.8%
[MONITORING] [local.openml_t_190410.pygmo_c.philippine.0.H2OAutoML] Memory Usage: 47.2%
[MONITORING] [local.openml_t_190410.pygmo_c.philippine.0.H2OAutoML] Disk Usage: 43.2%
[MONITORING] [local.openml_t_190410.pygmo_c.philippine.0.H2OAutoML] CPU Utilization: 92.2%
[MONITORING] [local.openml_t_190410.pygmo_c.philippine.0.H2OAutoML] Memory Usage: 47.2%
[MONITORING] [local.openml_t_190410.pygmo_c.philippine.0.H2OAutoML] Disk Usage: 43.2%
[MONITORING] [local.openml_t_190410.pygmo_c.philippine.0.H2OAutoML] CPU Utilization: 93.5%
[MONITORING] [local.openml_t_190410.pygmo_c.philippine.0.H2OAutoML] Memory Usage: 47.2%
[MONITORING] [local.openml_t_190410.pygmo_c.philippine.0.H2OAutoML] Disk Usage: 43.2%
[MONITORING] [local.openml_t_190410.pygmo_c.philippine.0.H2OAutoML] CPU Utilization: 90.3%
[MONITORING] [local.openml_t_190410.pygmo_c.philippine.0.H2OAutoML] Memory Usage: 47.2%
[MONITORING] [local.openml_t_190410.pygmo_c.philippine.0.H2OAutoML] Disk Usage: 43.2%
[MONITORING] [local.openml_t_190410.pygmo_c.philippine.0.H2OAutoML] CPU Utilization: 86.8%
[MONITORING] [local.openml_t_190410.pygmo_c.philippine.0.H2OAutoML] Memory Usage: 47.2%
[MONITORING] [local.openml_t_190410.pygmo_c.philippine.0.H2OAutoML] Disk Usage: 43.2%
AutoML progress: |███████████████████████████████████████████████████████████████| (done) 100%
stackedensemble prediction progress: |███████████████████████████████████████████| (done) 100%
H2O session _sid_902b closed.



Predictions preview:
                        0                   1 predictions truth
0      0.034172648996871   0.965827351003129           1     1
1    0.06710925873127327  0.9328907412687267           1     1
2    0.03266214043560933  0.9673378595643907           1     1
3     0.0851684174899755  0.9148315825100245           1     1
4    0.03177107604405671  0.9682289239559433           1     1
5    0.04250706694075712  0.9574929330592429           1     1
6    0.29789415006571107  0.7021058499342889           1     1
7     0.5298107299482384  0.4701892700517616           1     1
8    0.05348814273361946  0.9465118572663805           1     1
9    0.11253924748643196   0.887460752513568           1     1
10   0.14581351378457164  0.8541864862154284           1     1
11    0.2191478177969255  0.7808521822030745           1     1
12   0.09845064899030165  0.9015493510096984           1     1
13  0.023299063418511512  0.9767009365814885           1     1
14   0.19028254111575005    0.80971745888425           1     1
15    0.3138994291785534  0.6861005708214466           1     1
16   0.29733016443464955  0.7026698355653505           1     1
17   0.41344023129373375  0.5865597687062662           1     1
18  0.050504848902340194  0.9494951510976598           1     1
19        0.481682963753      0.518317036247           1     1

Predictions saved to `/home/juradoi/experiments/automlbenchmark/results/h2oautoml.openml_t_190410.pygmo_c.local.20211209T214152/predictions/philippine/0/predictions.csv`.
Loading metadata from `/home/juradoi/experiments/automlbenchmark/results/h2oautoml.openml_t_190410.pygmo_c.local.20211209T214152/predictions/philippine/0/metadata.json`.
Loading predictions from `/home/juradoi/experiments/automlbenchmark/results/h2oautoml.openml_t_190410.pygmo_c.local.20211209T214152/predictions/philippine/0/predictions.csv`.
Metric scores: { 'acc': 0.7722602739726028,
  'app_version': 'dev [master, beef024]',
  'auc': 0.8700389378870332,
  'balacc': 0.7722602739726028,
  'constraint': 'pygmo_c',
  'duration': nan,
  'fold': 0,
  'framework': 'H2OAutoML',
  'id': 'openml.org/t/190410',
  'info': None,
  'logloss': 0.44944321592825454,
  'metric': 'auc',
  'mode': 'local',
  'models_count': 175,
  'params': '',
  'predict_duration': 0.345867395401001,
  'result': 0.8700389378870332,
  'seed': 426492291,
  'task': 'philippine',
  'training_duration': 3573.7208194732666,
  'type': 'binary',
  'utc': '2021-12-09T22:41:36',
  'version': '3.34.0.3'}
Job `local.openml_t_190410.pygmo_c.philippine.0.H2OAutoML` executed in 3584.595 seconds.
All jobs executed in 3584.604 seconds.
[MONITORING] [local.openml_t_190410.pygmo_c.philippine.0.H2OAutoML] CPU Utilization: 66.6%
[MONITORING] [local.openml_t_190410.pygmo_c.philippine.0.H2OAutoML] Memory Usage: 2.3%
[MONITORING] [local.openml_t_190410.pygmo_c.philippine.0.H2OAutoML] Disk Usage: 43.2%
Processing results for h2oautoml.openml_t_190410.pygmo_c.local.20211209T214152
Scores saved to `/home/juradoi/experiments/automlbenchmark/results/h2oautoml.openml_t_190410.pygmo_c.local.20211209T214152/scores/H2OAutoML.benchmark_openml_t_190410.csv`.
Scores saved to `/home/juradoi/experiments/automlbenchmark/results/h2oautoml.openml_t_190410.pygmo_c.local.20211209T214152/scores/results.csv`.
Scores saved to `/home/juradoi/experiments/automlbenchmark/results/results.csv`.
Summing up scores for current run:
                 id       task fold framework constraint   result metric  duration      seed
openml.org/t/190410 philippine    0 H2OAutoML    pygmo_c 0.870039    auc    3584.6 426492291
