/var/spool/slurm/slurmd/job8494828/slurm_script: line 8: activate: No such file or directory
Running benchmark `H2OAutoML` on `openml/t/359971` framework in `local` mode.
Loading frameworks definitions from ['/home/juradoi/experiments/automlbenchmark/resources/frameworks.yaml'].
Loading benchmark constraint definitions from ['/home/juradoi/experiments/automlbenchmark/resources/constraints.yaml'].
Loading openml task 359971.

------------------------------------------------------------------------
Starting job local.openml_t_359971.pygmo_c.PhishingWebsites.0.H2OAutoML.
Assigning 16 cores (total=16) for new task PhishingWebsites.
Assigning 91223 MB (total=95302 MB) for new PhishingWebsites task.
[MONITORING] [local.openml_t_359971.pygmo_c.PhishingWebsites.0.H2OAutoML] CPU Utilization: 14.7%
[MONITORING] [local.openml_t_359971.pygmo_c.PhishingWebsites.0.H2OAutoML] Memory Usage: 2.1%
[MONITORING] [local.openml_t_359971.pygmo_c.PhishingWebsites.0.H2OAutoML] Disk Usage: 43.2%
Running task PhishingWebsites on framework H2OAutoML with config:
TaskConfig({})
Running cmd `/home/juradoi/experiments/automlbenchmark/frameworks/H2OAutoML/venv/bin/python -W ignore /home/juradoi/experiments/automlbenchmark/frameworks/H2OAutoML/exec.py`
INFO:__main__:
**** H2O AutoML [v3.34.0.3] ****

INFO:__main__:Starting H2O cluster with 16 cores, 60815M memory.
Checking whether there is an H2O instance running at http://localhost:6904 ..... not found.
Attempting to start a local H2O server...
  Java Version: openjdk version "11.0.12" 2021-07-20; OpenJDK Runtime Environment (build 11.0.12+7-post-Debian-2deb10u1); OpenJDK 64-Bit Server VM (build 11.0.12+7-post-Debian-2deb10u1, mixed mode, sharing)
  Starting server from /home/juradoi/experiments/automlbenchmark/frameworks/H2OAutoML/venv/lib/python3.8/site-packages/h2o/backend/bin/h2o.jar
  Ice root: /tmp/tmpszun8xjw
  JVM stdout: /tmp/tmpszun8xjw/h2o_unknownUser_started_from_python.out
  JVM stderr: /tmp/tmpszun8xjw/h2o_unknownUser_started_from_python.err
  Server is running at http://127.0.0.1:6904
Connecting to H2O server at http://127.0.0.1:6904 ... successful.
--------------------------  ------------------------------------------------------------------
H2O_cluster_uptime:         01 secs
H2O_cluster_timezone:       Europe/Amsterdam
H2O_data_parsing_timezone:  UTC
H2O_cluster_version:        3.34.0.3
H2O_cluster_version_age:    2 months and 2 days
H2O_cluster_name:           H2O_from_python_unknownUser_z1tyda
H2O_cluster_total_nodes:    1
H2O_cluster_free_memory:    59.39 Gb
H2O_cluster_total_cores:    16
H2O_cluster_allowed_cores:  16
H2O_cluster_status:         locked, healthy
H2O_connection_url:         http://127.0.0.1:6904
H2O_connection_proxy:       {"http": null, "https": null}
H2O_internal_security:      False
H2O_API_Extensions:         Amazon S3, XGBoost, Algos, AutoML, Core V3, TargetEncoder, Core V4
Python_version:             3.8.12 final
--------------------------  ------------------------------------------------------------------
Parse progress: |████████████████████████████████████████████████████████████████| (done) 100%
Parse progress: |████████████████████████████████████████████████████████████████| (done) 100%
INFO:__main__:Running model on task PhishingWebsites, fold 0.
[MONITORING] [local.openml_t_359971.pygmo_c.PhishingWebsites.0.H2OAutoML] CPU Utilization: 58.0%
[MONITORING] [local.openml_t_359971.pygmo_c.PhishingWebsites.0.H2OAutoML] Memory Usage: 44.8%
[MONITORING] [local.openml_t_359971.pygmo_c.PhishingWebsites.0.H2OAutoML] Disk Usage: 43.2%
[MONITORING] [local.openml_t_359971.pygmo_c.PhishingWebsites.0.H2OAutoML] CPU Utilization: 67.9%
[MONITORING] [local.openml_t_359971.pygmo_c.PhishingWebsites.0.H2OAutoML] Memory Usage: 45.1%
[MONITORING] [local.openml_t_359971.pygmo_c.PhishingWebsites.0.H2OAutoML] Disk Usage: 43.2%
[MONITORING] [local.openml_t_359971.pygmo_c.PhishingWebsites.0.H2OAutoML] CPU Utilization: 70.3%
[MONITORING] [local.openml_t_359971.pygmo_c.PhishingWebsites.0.H2OAutoML] Memory Usage: 45.2%
[MONITORING] [local.openml_t_359971.pygmo_c.PhishingWebsites.0.H2OAutoML] Disk Usage: 43.2%
[MONITORING] [local.openml_t_359971.pygmo_c.PhishingWebsites.0.H2OAutoML] CPU Utilization: 69.1%
[MONITORING] [local.openml_t_359971.pygmo_c.PhishingWebsites.0.H2OAutoML] Memory Usage: 45.3%
[MONITORING] [local.openml_t_359971.pygmo_c.PhishingWebsites.0.H2OAutoML] Disk Usage: 43.2%
[MONITORING] [local.openml_t_359971.pygmo_c.PhishingWebsites.0.H2OAutoML] CPU Utilization: 68.5%
[MONITORING] [local.openml_t_359971.pygmo_c.PhishingWebsites.0.H2OAutoML] Memory Usage: 45.3%
[MONITORING] [local.openml_t_359971.pygmo_c.PhishingWebsites.0.H2OAutoML] Disk Usage: 43.2%
[MONITORING] [local.openml_t_359971.pygmo_c.PhishingWebsites.0.H2OAutoML] CPU Utilization: 68.0%
[MONITORING] [local.openml_t_359971.pygmo_c.PhishingWebsites.0.H2OAutoML] Memory Usage: 46.3%
[MONITORING] [local.openml_t_359971.pygmo_c.PhishingWebsites.0.H2OAutoML] Disk Usage: 43.2%
[MONITORING] [local.openml_t_359971.pygmo_c.PhishingWebsites.0.H2OAutoML] CPU Utilization: 67.5%
[MONITORING] [local.openml_t_359971.pygmo_c.PhishingWebsites.0.H2OAutoML] Memory Usage: 46.4%
[MONITORING] [local.openml_t_359971.pygmo_c.PhishingWebsites.0.H2OAutoML] Disk Usage: 43.2%
[MONITORING] [local.openml_t_359971.pygmo_c.PhishingWebsites.0.H2OAutoML] CPU Utilization: 75.4%
[MONITORING] [local.openml_t_359971.pygmo_c.PhishingWebsites.0.H2OAutoML] Memory Usage: 47.0%
[MONITORING] [local.openml_t_359971.pygmo_c.PhishingWebsites.0.H2OAutoML] Disk Usage: 43.2%
[MONITORING] [local.openml_t_359971.pygmo_c.PhishingWebsites.0.H2OAutoML] CPU Utilization: 68.2%
[MONITORING] [local.openml_t_359971.pygmo_c.PhishingWebsites.0.H2OAutoML] Memory Usage: 47.0%
[MONITORING] [local.openml_t_359971.pygmo_c.PhishingWebsites.0.H2OAutoML] Disk Usage: 43.2%
[MONITORING] [local.openml_t_359971.pygmo_c.PhishingWebsites.0.H2OAutoML] CPU Utilization: 72.0%
[MONITORING] [local.openml_t_359971.pygmo_c.PhishingWebsites.0.H2OAutoML] Memory Usage: 47.1%
[MONITORING] [local.openml_t_359971.pygmo_c.PhishingWebsites.0.H2OAutoML] Disk Usage: 43.2%
[MONITORING] [local.openml_t_359971.pygmo_c.PhishingWebsites.0.H2OAutoML] CPU Utilization: 70.6%
[MONITORING] [local.openml_t_359971.pygmo_c.PhishingWebsites.0.H2OAutoML] Memory Usage: 47.8%
[MONITORING] [local.openml_t_359971.pygmo_c.PhishingWebsites.0.H2OAutoML] Disk Usage: 43.2%
[MONITORING] [local.openml_t_359971.pygmo_c.PhishingWebsites.0.H2OAutoML] CPU Utilization: 70.8%
[MONITORING] [local.openml_t_359971.pygmo_c.PhishingWebsites.0.H2OAutoML] Memory Usage: 47.9%
[MONITORING] [local.openml_t_359971.pygmo_c.PhishingWebsites.0.H2OAutoML] Disk Usage: 43.2%
[MONITORING] [local.openml_t_359971.pygmo_c.PhishingWebsites.0.H2OAutoML] CPU Utilization: 74.0%
[MONITORING] [local.openml_t_359971.pygmo_c.PhishingWebsites.0.H2OAutoML] Memory Usage: 48.4%
[MONITORING] [local.openml_t_359971.pygmo_c.PhishingWebsites.0.H2OAutoML] Disk Usage: 43.2%
[MONITORING] [local.openml_t_359971.pygmo_c.PhishingWebsites.0.H2OAutoML] CPU Utilization: 72.0%
[MONITORING] [local.openml_t_359971.pygmo_c.PhishingWebsites.0.H2OAutoML] Memory Usage: 48.6%
[MONITORING] [local.openml_t_359971.pygmo_c.PhishingWebsites.0.H2OAutoML] Disk Usage: 43.2%
[MONITORING] [local.openml_t_359971.pygmo_c.PhishingWebsites.0.H2OAutoML] CPU Utilization: 66.6%
[MONITORING] [local.openml_t_359971.pygmo_c.PhishingWebsites.0.H2OAutoML] Memory Usage: 48.7%
[MONITORING] [local.openml_t_359971.pygmo_c.PhishingWebsites.0.H2OAutoML] Disk Usage: 43.2%
[MONITORING] [local.openml_t_359971.pygmo_c.PhishingWebsites.0.H2OAutoML] CPU Utilization: 57.9%
[MONITORING] [local.openml_t_359971.pygmo_c.PhishingWebsites.0.H2OAutoML] Memory Usage: 49.6%
[MONITORING] [local.openml_t_359971.pygmo_c.PhishingWebsites.0.H2OAutoML] Disk Usage: 43.2%
[MONITORING] [local.openml_t_359971.pygmo_c.PhishingWebsites.0.H2OAutoML] CPU Utilization: 60.4%
[MONITORING] [local.openml_t_359971.pygmo_c.PhishingWebsites.0.H2OAutoML] Memory Usage: 49.6%
[MONITORING] [local.openml_t_359971.pygmo_c.PhishingWebsites.0.H2OAutoML] Disk Usage: 43.2%
[MONITORING] [local.openml_t_359971.pygmo_c.PhishingWebsites.0.H2OAutoML] CPU Utilization: 63.1%
[MONITORING] [local.openml_t_359971.pygmo_c.PhishingWebsites.0.H2OAutoML] Memory Usage: 50.1%
[MONITORING] [local.openml_t_359971.pygmo_c.PhishingWebsites.0.H2OAutoML] Disk Usage: 43.2%
[MONITORING] [local.openml_t_359971.pygmo_c.PhishingWebsites.0.H2OAutoML] CPU Utilization: 63.0%
[MONITORING] [local.openml_t_359971.pygmo_c.PhishingWebsites.0.H2OAutoML] Memory Usage: 50.1%
[MONITORING] [local.openml_t_359971.pygmo_c.PhishingWebsites.0.H2OAutoML] Disk Usage: 43.2%
[MONITORING] [local.openml_t_359971.pygmo_c.PhishingWebsites.0.H2OAutoML] CPU Utilization: 62.1%
[MONITORING] [local.openml_t_359971.pygmo_c.PhishingWebsites.0.H2OAutoML] Memory Usage: 50.1%
[MONITORING] [local.openml_t_359971.pygmo_c.PhishingWebsites.0.H2OAutoML] Disk Usage: 43.2%
[MONITORING] [local.openml_t_359971.pygmo_c.PhishingWebsites.0.H2OAutoML] CPU Utilization: 63.3%
[MONITORING] [local.openml_t_359971.pygmo_c.PhishingWebsites.0.H2OAutoML] Memory Usage: 50.7%
[MONITORING] [local.openml_t_359971.pygmo_c.PhishingWebsites.0.H2OAutoML] Disk Usage: 43.2%
[MONITORING] [local.openml_t_359971.pygmo_c.PhishingWebsites.0.H2OAutoML] CPU Utilization: 67.0%
[MONITORING] [local.openml_t_359971.pygmo_c.PhishingWebsites.0.H2OAutoML] Memory Usage: 50.7%
[MONITORING] [local.openml_t_359971.pygmo_c.PhishingWebsites.0.H2OAutoML] Disk Usage: 43.2%
[MONITORING] [local.openml_t_359971.pygmo_c.PhishingWebsites.0.H2OAutoML] CPU Utilization: 65.7%
[MONITORING] [local.openml_t_359971.pygmo_c.PhishingWebsites.0.H2OAutoML] Memory Usage: 51.2%
[MONITORING] [local.openml_t_359971.pygmo_c.PhishingWebsites.0.H2OAutoML] Disk Usage: 43.2%
[MONITORING] [local.openml_t_359971.pygmo_c.PhishingWebsites.0.H2OAutoML] CPU Utilization: 82.4%
[MONITORING] [local.openml_t_359971.pygmo_c.PhishingWebsites.0.H2OAutoML] Memory Usage: 51.2%
[MONITORING] [local.openml_t_359971.pygmo_c.PhishingWebsites.0.H2OAutoML] Disk Usage: 43.2%
[MONITORING] [local.openml_t_359971.pygmo_c.PhishingWebsites.0.H2OAutoML] CPU Utilization: 93.9%
[MONITORING] [local.openml_t_359971.pygmo_c.PhishingWebsites.0.H2OAutoML] Memory Usage: 51.2%
[MONITORING] [local.openml_t_359971.pygmo_c.PhishingWebsites.0.H2OAutoML] Disk Usage: 43.2%
[MONITORING] [local.openml_t_359971.pygmo_c.PhishingWebsites.0.H2OAutoML] CPU Utilization: 93.0%
[MONITORING] [local.openml_t_359971.pygmo_c.PhishingWebsites.0.H2OAutoML] Memory Usage: 51.3%
[MONITORING] [local.openml_t_359971.pygmo_c.PhishingWebsites.0.H2OAutoML] Disk Usage: 43.2%
[MONITORING] [local.openml_t_359971.pygmo_c.PhishingWebsites.0.H2OAutoML] CPU Utilization: 93.1%
[MONITORING] [local.openml_t_359971.pygmo_c.PhishingWebsites.0.H2OAutoML] Memory Usage: 51.3%
[MONITORING] [local.openml_t_359971.pygmo_c.PhishingWebsites.0.H2OAutoML] Disk Usage: 43.2%
[MONITORING] [local.openml_t_359971.pygmo_c.PhishingWebsites.0.H2OAutoML] CPU Utilization: 90.8%
[MONITORING] [local.openml_t_359971.pygmo_c.PhishingWebsites.0.H2OAutoML] Memory Usage: 51.5%
[MONITORING] [local.openml_t_359971.pygmo_c.PhishingWebsites.0.H2OAutoML] Disk Usage: 43.2%
[MONITORING] [local.openml_t_359971.pygmo_c.PhishingWebsites.0.H2OAutoML] CPU Utilization: 92.0%
[MONITORING] [local.openml_t_359971.pygmo_c.PhishingWebsites.0.H2OAutoML] Memory Usage: 51.5%
[MONITORING] [local.openml_t_359971.pygmo_c.PhishingWebsites.0.H2OAutoML] Disk Usage: 43.2%
[MONITORING] [local.openml_t_359971.pygmo_c.PhishingWebsites.0.H2OAutoML] CPU Utilization: 82.0%
[MONITORING] [local.openml_t_359971.pygmo_c.PhishingWebsites.0.H2OAutoML] Memory Usage: 51.5%
[MONITORING] [local.openml_t_359971.pygmo_c.PhishingWebsites.0.H2OAutoML] Disk Usage: 43.2%
AutoML progress: |███████████████████████████████████████████████████████████████| (done) 100%
stackedensemble prediction progress: |███████████████████████████████████████████| (done) 100%
H2O session _sid_93b9 closed.



Predictions preview:
                        -1                   1 predictions truth
0    0.006402330916615906  0.9935976690833841           1     1
1    7.216826505112017E-4  0.9992783173494888           1     1
2     0.10949938956179572  0.8905006104382043           1     1
3    3.935337690991192E-4  0.9996064662309009           1     1
4   0.0015910362553801516  0.9984089637446198           1     1
5   0.0011127581693523014  0.9988872418306477           1     1
6    0.002078572547476343  0.9979214274525237           1     1
7   0.0023879028537908686  0.9976120971462091           1     1
8      0.7118967300567041  0.2881032699432959          -1     1
9    6.704672032534775E-4  0.9993295327967465           1     1
10  0.0063768001527518825  0.9936231998472481           1     1
11  0.0010322935041612302  0.9989677064958388           1     1
12  0.0019190520747639495   0.998080947925236           1     1
13    9.17130814292344E-4  0.9990828691857077           1     1
14   7.701123084309369E-4  0.9992298876915691           1     1
15   0.020626603501816998   0.979373396498183           1     1
16   5.116504709254954E-4  0.9994883495290745           1     1
17   6.617929473026196E-4  0.9993382070526974           1     1
18   4.711357297152441E-4  0.9995288642702848           1     1
19   0.001272557844701927  0.9987274421552981           1     1

Predictions saved to `/home/juradoi/experiments/automlbenchmark/results/h2oautoml.openml_t_359971.pygmo_c.local.20211210T013257/predictions/PhishingWebsites/0/predictions.csv`.
Loading metadata from `/home/juradoi/experiments/automlbenchmark/results/h2oautoml.openml_t_359971.pygmo_c.local.20211210T013257/predictions/PhishingWebsites/0/metadata.json`.
Loading predictions from `/home/juradoi/experiments/automlbenchmark/results/h2oautoml.openml_t_359971.pygmo_c.local.20211210T013257/predictions/PhishingWebsites/0/predictions.csv`.
Metric scores: { 'acc': 0.9638336347197106,
  'app_version': 'dev [master, beef024]',
  'auc': 0.9965660614895309,
  'balacc': 0.9608534322820037,
  'constraint': 'pygmo_c',
  'duration': nan,
  'fold': 0,
  'framework': 'H2OAutoML',
  'id': 'openml.org/t/359971',
  'info': None,
  'logloss': 0.08079596935040967,
  'metric': 'auc',
  'mode': 'local',
  'models_count': 232,
  'params': '',
  'predict_duration': 0.3438417911529541,
  'result': 0.9965660614895309,
  'seed': 405254195,
  'task': 'PhishingWebsites',
  'training_duration': 3605.6130249500275,
  'type': 'binary',
  'utc': '2021-12-10T02:33:14',
  'version': '3.34.0.3'}
Job `local.openml_t_359971.pygmo_c.PhishingWebsites.0.H2OAutoML` executed in 3616.897 seconds.
All jobs executed in 3616.911 seconds.
[MONITORING] [local.openml_t_359971.pygmo_c.PhishingWebsites.0.H2OAutoML] CPU Utilization: 66.9%
[MONITORING] [local.openml_t_359971.pygmo_c.PhishingWebsites.0.H2OAutoML] Memory Usage: 2.1%
[MONITORING] [local.openml_t_359971.pygmo_c.PhishingWebsites.0.H2OAutoML] Disk Usage: 43.2%
Processing results for h2oautoml.openml_t_359971.pygmo_c.local.20211210T013257
Scores saved to `/home/juradoi/experiments/automlbenchmark/results/h2oautoml.openml_t_359971.pygmo_c.local.20211210T013257/scores/H2OAutoML.benchmark_openml_t_359971.csv`.
Scores saved to `/home/juradoi/experiments/automlbenchmark/results/h2oautoml.openml_t_359971.pygmo_c.local.20211210T013257/scores/results.csv`.
Scores saved to `/home/juradoi/experiments/automlbenchmark/results/results.csv`.
Summing up scores for current run:
                 id             task fold framework constraint   result metric  duration      seed
openml.org/t/359971 PhishingWebsites    0 H2OAutoML    pygmo_c 0.996566    auc    3616.9 405254195
