/var/spool/slurm/slurmd/job8493032/slurm_script: line 8: activate: No such file or directory
Running benchmark `H2OAutoML` on `openml/t/146818` framework in `local` mode.
Loading frameworks definitions from ['/home/juradoi/experiments/automlbenchmark/resources/frameworks.yaml'].
Loading benchmark constraint definitions from ['/home/juradoi/experiments/automlbenchmark/resources/constraints.yaml'].
Loading openml task 146818.

------------------------------------------------------------------
Starting job local.openml_t_146818.pygmo_c.Australian.0.H2OAutoML.
Assigning 16 cores (total=16) for new task Australian.
Assigning 91060 MB (total=95302 MB) for new Australian task.
[MONITORING] [local.openml_t_146818.pygmo_c.Australian.0.H2OAutoML] CPU Utilization: 18.0%
[MONITORING] [local.openml_t_146818.pygmo_c.Australian.0.H2OAutoML] Memory Usage: 2.3%
[MONITORING] [local.openml_t_146818.pygmo_c.Australian.0.H2OAutoML] Disk Usage: 43.3%
Running task Australian on framework H2OAutoML with config:
TaskConfig({})
Running cmd `/home/juradoi/experiments/automlbenchmark/frameworks/H2OAutoML/venv/bin/python -W ignore /home/juradoi/experiments/automlbenchmark/frameworks/H2OAutoML/exec.py`
INFO:__main__:
**** H2O AutoML [v3.34.0.3] ****

INFO:__main__:Starting H2O cluster with 16 cores, 60707M memory.
Checking whether there is an H2O instance running at http://localhost:10969 ..... not found.
Attempting to start a local H2O server...
  Java Version: openjdk version "11.0.12" 2021-07-20; OpenJDK Runtime Environment (build 11.0.12+7-post-Debian-2deb10u1); OpenJDK 64-Bit Server VM (build 11.0.12+7-post-Debian-2deb10u1, mixed mode, sharing)
  Starting server from /home/juradoi/experiments/automlbenchmark/frameworks/H2OAutoML/venv/lib/python3.8/site-packages/h2o/backend/bin/h2o.jar
  Ice root: /tmp/tmplewbvkq_
  JVM stdout: /tmp/tmplewbvkq_/h2o_unknownUser_started_from_python.out
  JVM stderr: /tmp/tmplewbvkq_/h2o_unknownUser_started_from_python.err
  Server is running at http://127.0.0.1:10969
Connecting to H2O server at http://127.0.0.1:10969 ... successful.
--------------------------  ------------------------------------------------------------------
H2O_cluster_uptime:         01 secs
H2O_cluster_timezone:       Europe/Amsterdam
H2O_data_parsing_timezone:  UTC
H2O_cluster_version:        3.34.0.3
H2O_cluster_version_age:    2 months and 2 days
H2O_cluster_name:           H2O_from_python_unknownUser_ettyro
H2O_cluster_total_nodes:    1
H2O_cluster_free_memory:    59.30 Gb
H2O_cluster_total_cores:    16
H2O_cluster_allowed_cores:  16
H2O_cluster_status:         locked, healthy
H2O_connection_url:         http://127.0.0.1:10969
H2O_connection_proxy:       {"http": null, "https": null}
H2O_internal_security:      False
H2O_API_Extensions:         Amazon S3, XGBoost, Algos, AutoML, Core V3, TargetEncoder, Core V4
Python_version:             3.8.12 final
--------------------------  ------------------------------------------------------------------
Parse progress: |████████████████████████████████████████████████████████████████| (done) 100%
Parse progress: |████████████████████████████████████████████████████████████████| (done) 100%
INFO:__main__:Running model on task Australian, fold 0.
[MONITORING] [local.openml_t_146818.pygmo_c.Australian.0.H2OAutoML] CPU Utilization: 73.5%
[MONITORING] [local.openml_t_146818.pygmo_c.Australian.0.H2OAutoML] Memory Usage: 44.7%
[MONITORING] [local.openml_t_146818.pygmo_c.Australian.0.H2OAutoML] Disk Usage: 43.3%
[MONITORING] [local.openml_t_146818.pygmo_c.Australian.0.H2OAutoML] CPU Utilization: 97.7%
[MONITORING] [local.openml_t_146818.pygmo_c.Australian.0.H2OAutoML] Memory Usage: 45.0%
[MONITORING] [local.openml_t_146818.pygmo_c.Australian.0.H2OAutoML] Disk Usage: 43.3%
[MONITORING] [local.openml_t_146818.pygmo_c.Australian.0.H2OAutoML] CPU Utilization: 97.6%
[MONITORING] [local.openml_t_146818.pygmo_c.Australian.0.H2OAutoML] Memory Usage: 45.1%
[MONITORING] [local.openml_t_146818.pygmo_c.Australian.0.H2OAutoML] Disk Usage: 43.3%
[MONITORING] [local.openml_t_146818.pygmo_c.Australian.0.H2OAutoML] CPU Utilization: 97.3%
[MONITORING] [local.openml_t_146818.pygmo_c.Australian.0.H2OAutoML] Memory Usage: 45.1%
[MONITORING] [local.openml_t_146818.pygmo_c.Australian.0.H2OAutoML] Disk Usage: 43.3%
[MONITORING] [local.openml_t_146818.pygmo_c.Australian.0.H2OAutoML] CPU Utilization: 96.4%
[MONITORING] [local.openml_t_146818.pygmo_c.Australian.0.H2OAutoML] Memory Usage: 45.1%
[MONITORING] [local.openml_t_146818.pygmo_c.Australian.0.H2OAutoML] Disk Usage: 43.3%
[MONITORING] [local.openml_t_146818.pygmo_c.Australian.0.H2OAutoML] CPU Utilization: 97.6%
[MONITORING] [local.openml_t_146818.pygmo_c.Australian.0.H2OAutoML] Memory Usage: 45.2%
[MONITORING] [local.openml_t_146818.pygmo_c.Australian.0.H2OAutoML] Disk Usage: 43.3%
[MONITORING] [local.openml_t_146818.pygmo_c.Australian.0.H2OAutoML] CPU Utilization: 97.3%
[MONITORING] [local.openml_t_146818.pygmo_c.Australian.0.H2OAutoML] Memory Usage: 45.3%
[MONITORING] [local.openml_t_146818.pygmo_c.Australian.0.H2OAutoML] Disk Usage: 43.3%
[MONITORING] [local.openml_t_146818.pygmo_c.Australian.0.H2OAutoML] CPU Utilization: 96.9%
[MONITORING] [local.openml_t_146818.pygmo_c.Australian.0.H2OAutoML] Memory Usage: 45.3%
[MONITORING] [local.openml_t_146818.pygmo_c.Australian.0.H2OAutoML] Disk Usage: 43.3%
[MONITORING] [local.openml_t_146818.pygmo_c.Australian.0.H2OAutoML] CPU Utilization: 97.2%
[MONITORING] [local.openml_t_146818.pygmo_c.Australian.0.H2OAutoML] Memory Usage: 45.3%
[MONITORING] [local.openml_t_146818.pygmo_c.Australian.0.H2OAutoML] Disk Usage: 43.3%
[MONITORING] [local.openml_t_146818.pygmo_c.Australian.0.H2OAutoML] CPU Utilization: 96.7%
[MONITORING] [local.openml_t_146818.pygmo_c.Australian.0.H2OAutoML] Memory Usage: 45.3%
[MONITORING] [local.openml_t_146818.pygmo_c.Australian.0.H2OAutoML] Disk Usage: 43.3%
[MONITORING] [local.openml_t_146818.pygmo_c.Australian.0.H2OAutoML] CPU Utilization: 95.7%
[MONITORING] [local.openml_t_146818.pygmo_c.Australian.0.H2OAutoML] Memory Usage: 45.3%
[MONITORING] [local.openml_t_146818.pygmo_c.Australian.0.H2OAutoML] Disk Usage: 43.3%
[MONITORING] [local.openml_t_146818.pygmo_c.Australian.0.H2OAutoML] CPU Utilization: 97.4%
[MONITORING] [local.openml_t_146818.pygmo_c.Australian.0.H2OAutoML] Memory Usage: 45.3%
[MONITORING] [local.openml_t_146818.pygmo_c.Australian.0.H2OAutoML] Disk Usage: 43.3%
[MONITORING] [local.openml_t_146818.pygmo_c.Australian.0.H2OAutoML] CPU Utilization: 97.6%
[MONITORING] [local.openml_t_146818.pygmo_c.Australian.0.H2OAutoML] Memory Usage: 45.3%
[MONITORING] [local.openml_t_146818.pygmo_c.Australian.0.H2OAutoML] Disk Usage: 43.3%
[MONITORING] [local.openml_t_146818.pygmo_c.Australian.0.H2OAutoML] CPU Utilization: 97.7%
[MONITORING] [local.openml_t_146818.pygmo_c.Australian.0.H2OAutoML] Memory Usage: 45.3%
[MONITORING] [local.openml_t_146818.pygmo_c.Australian.0.H2OAutoML] Disk Usage: 43.3%
[MONITORING] [local.openml_t_146818.pygmo_c.Australian.0.H2OAutoML] CPU Utilization: 97.4%
[MONITORING] [local.openml_t_146818.pygmo_c.Australian.0.H2OAutoML] Memory Usage: 45.3%
[MONITORING] [local.openml_t_146818.pygmo_c.Australian.0.H2OAutoML] Disk Usage: 43.3%
[MONITORING] [local.openml_t_146818.pygmo_c.Australian.0.H2OAutoML] CPU Utilization: 96.9%
[MONITORING] [local.openml_t_146818.pygmo_c.Australian.0.H2OAutoML] Memory Usage: 45.3%
[MONITORING] [local.openml_t_146818.pygmo_c.Australian.0.H2OAutoML] Disk Usage: 43.3%
[MONITORING] [local.openml_t_146818.pygmo_c.Australian.0.H2OAutoML] CPU Utilization: 98.0%
[MONITORING] [local.openml_t_146818.pygmo_c.Australian.0.H2OAutoML] Memory Usage: 45.3%
[MONITORING] [local.openml_t_146818.pygmo_c.Australian.0.H2OAutoML] Disk Usage: 43.3%
[MONITORING] [local.openml_t_146818.pygmo_c.Australian.0.H2OAutoML] CPU Utilization: 97.2%
[MONITORING] [local.openml_t_146818.pygmo_c.Australian.0.H2OAutoML] Memory Usage: 45.3%
[MONITORING] [local.openml_t_146818.pygmo_c.Australian.0.H2OAutoML] Disk Usage: 43.3%
[MONITORING] [local.openml_t_146818.pygmo_c.Australian.0.H2OAutoML] CPU Utilization: 96.4%
[MONITORING] [local.openml_t_146818.pygmo_c.Australian.0.H2OAutoML] Memory Usage: 45.3%
[MONITORING] [local.openml_t_146818.pygmo_c.Australian.0.H2OAutoML] Disk Usage: 43.3%
[MONITORING] [local.openml_t_146818.pygmo_c.Australian.0.H2OAutoML] CPU Utilization: 97.6%
[MONITORING] [local.openml_t_146818.pygmo_c.Australian.0.H2OAutoML] Memory Usage: 45.3%
[MONITORING] [local.openml_t_146818.pygmo_c.Australian.0.H2OAutoML] Disk Usage: 43.3%
[MONITORING] [local.openml_t_146818.pygmo_c.Australian.0.H2OAutoML] CPU Utilization: 97.8%
[MONITORING] [local.openml_t_146818.pygmo_c.Australian.0.H2OAutoML] Memory Usage: 45.1%
[MONITORING] [local.openml_t_146818.pygmo_c.Australian.0.H2OAutoML] Disk Usage: 43.3%
[MONITORING] [local.openml_t_146818.pygmo_c.Australian.0.H2OAutoML] CPU Utilization: 97.0%
[MONITORING] [local.openml_t_146818.pygmo_c.Australian.0.H2OAutoML] Memory Usage: 45.1%
[MONITORING] [local.openml_t_146818.pygmo_c.Australian.0.H2OAutoML] Disk Usage: 43.3%
[MONITORING] [local.openml_t_146818.pygmo_c.Australian.0.H2OAutoML] CPU Utilization: 95.9%
[MONITORING] [local.openml_t_146818.pygmo_c.Australian.0.H2OAutoML] Memory Usage: 45.1%
[MONITORING] [local.openml_t_146818.pygmo_c.Australian.0.H2OAutoML] Disk Usage: 43.3%
[MONITORING] [local.openml_t_146818.pygmo_c.Australian.0.H2OAutoML] CPU Utilization: 97.2%
[MONITORING] [local.openml_t_146818.pygmo_c.Australian.0.H2OAutoML] Memory Usage: 45.2%
[MONITORING] [local.openml_t_146818.pygmo_c.Australian.0.H2OAutoML] Disk Usage: 43.3%
[MONITORING] [local.openml_t_146818.pygmo_c.Australian.0.H2OAutoML] CPU Utilization: 97.2%
[MONITORING] [local.openml_t_146818.pygmo_c.Australian.0.H2OAutoML] Memory Usage: 45.2%
[MONITORING] [local.openml_t_146818.pygmo_c.Australian.0.H2OAutoML] Disk Usage: 43.3%
[MONITORING] [local.openml_t_146818.pygmo_c.Australian.0.H2OAutoML] CPU Utilization: 97.6%
[MONITORING] [local.openml_t_146818.pygmo_c.Australian.0.H2OAutoML] Memory Usage: 45.2%
[MONITORING] [local.openml_t_146818.pygmo_c.Australian.0.H2OAutoML] Disk Usage: 43.3%
[MONITORING] [local.openml_t_146818.pygmo_c.Australian.0.H2OAutoML] CPU Utilization: 41.6%
[MONITORING] [local.openml_t_146818.pygmo_c.Australian.0.H2OAutoML] Memory Usage: 45.3%
[MONITORING] [local.openml_t_146818.pygmo_c.Australian.0.H2OAutoML] Disk Usage: 43.3%
[MONITORING] [local.openml_t_146818.pygmo_c.Australian.0.H2OAutoML] CPU Utilization: 41.1%
[MONITORING] [local.openml_t_146818.pygmo_c.Australian.0.H2OAutoML] Memory Usage: 47.1%
[MONITORING] [local.openml_t_146818.pygmo_c.Australian.0.H2OAutoML] Disk Usage: 43.3%
AutoML progress: |███████████████████████████████████████████████████████████████| (done) 100%
gbm prediction progress: |███████████████████████████████████████████████████████| (done) 100%
H2O session _sid_9eec closed.



Predictions preview:
                        0                    1 predictions truth
0    0.08355888583518234   0.9164411141648177           1     1
1    0.02769062634730668   0.9723093736526933           1     1
2   0.024818439231081735   0.9751815607689183           1     1
3   0.018005332321078926   0.9819946676789211           1     1
4     0.4337990975333075   0.5662009024666925           1     1
5    0.19607683928077158   0.8039231607192284           1     1
6   0.022260684218281535   0.9777393157817185           1     1
7    0.10333419212286632   0.8966658078771337           1     1
8    0.16308903300301048   0.8369109669969895           1     1
9   0.059593395974747554   0.9404066040252524           1     1
10    0.2261321177277369   0.7738678822722631           1     1
11   0.08114533276119729   0.9188546672388027           1     1
12   0.08155722124447418   0.9184427787555258           1     1
13    0.6395216520898899   0.3604783479101102           0     1
14   0.06662034798307936   0.9333796520169206           1     1
15   0.05612746215582798    0.943872537844172           1     1
16  0.013924455557909665   0.9860755444420903           1     1
17  0.037454568078918005    0.962545431921082           1     1
18    0.0963220355202834   0.9036779644797166           1     1
19    0.9660877151802107  0.03391228481978924           0     1

Predictions saved to `/home/juradoi/experiments/automlbenchmark/results/h2oautoml.openml_t_146818.pygmo_c.local.20211209T183454/predictions/Australian/0/predictions.csv`.
Loading metadata from `/home/juradoi/experiments/automlbenchmark/results/h2oautoml.openml_t_146818.pygmo_c.local.20211209T183454/predictions/Australian/0/metadata.json`.
Loading predictions from `/home/juradoi/experiments/automlbenchmark/results/h2oautoml.openml_t_146818.pygmo_c.local.20211209T183454/predictions/Australian/0/predictions.csv`.
Metric scores: { 'acc': 0.8840579710144928,
  'app_version': 'dev [master, beef024]',
  'auc': 0.9388794567062818,
  'balacc': 0.8858234295415959,
  'constraint': 'pygmo_c',
  'duration': nan,
  'fold': 0,
  'framework': 'H2OAutoML',
  'id': 'openml.org/t/146818',
  'info': None,
  'logloss': 0.2922824862254616,
  'metric': 'auc',
  'mode': 'local',
  'models_count': 723,
  'params': '',
  'predict_duration': 0.09654450416564941,
  'result': 0.9388794567062818,
  'seed': 740918098,
  'task': 'Australian',
  'training_duration': 3443.8293347358704,
  'type': 'binary',
  'utc': '2021-12-09T19:32:27',
  'version': '3.34.0.3'}
Job `local.openml_t_146818.pygmo_c.Australian.0.H2OAutoML` executed in 3452.957 seconds.
All jobs executed in 3452.964 seconds.
[MONITORING] [local.openml_t_146818.pygmo_c.Australian.0.H2OAutoML] CPU Utilization: 49.3%
[MONITORING] [local.openml_t_146818.pygmo_c.Australian.0.H2OAutoML] Memory Usage: 2.3%
[MONITORING] [local.openml_t_146818.pygmo_c.Australian.0.H2OAutoML] Disk Usage: 43.3%
Processing results for h2oautoml.openml_t_146818.pygmo_c.local.20211209T183454
Scores saved to `/home/juradoi/experiments/automlbenchmark/results/h2oautoml.openml_t_146818.pygmo_c.local.20211209T183454/scores/H2OAutoML.benchmark_openml_t_146818.csv`.
Scores saved to `/home/juradoi/experiments/automlbenchmark/results/h2oautoml.openml_t_146818.pygmo_c.local.20211209T183454/scores/results.csv`.
Scores saved to `/home/juradoi/experiments/automlbenchmark/results/results.csv`.
Summing up scores for current run:
                 id       task fold framework constraint   result metric  duration      seed
openml.org/t/146818 Australian    0 H2OAutoML    pygmo_c 0.938879    auc    3453.0 740918098
