/var/spool/slurm/slurmd/job8493995/slurm_script: line 8: activate: No such file or directory
Running benchmark `H2OAutoML` on `openml/t/359957` framework in `local` mode.
Loading frameworks definitions from ['/home/juradoi/experiments/automlbenchmark/resources/frameworks.yaml'].
Loading benchmark constraint definitions from ['/home/juradoi/experiments/automlbenchmark/resources/constraints.yaml'].
Loading openml task 359957.

--------------------------------------------------------------
Starting job local.openml_t_359957.pygmo_c.cnae-9.0.H2OAutoML.
Assigning 16 cores (total=16) for new task cnae-9.
Assigning 91129 MB (total=95302 MB) for new cnae-9 task.
[MONITORING] [local.openml_t_359957.pygmo_c.cnae-9.0.H2OAutoML] CPU Utilization: 15.2%
[MONITORING] [local.openml_t_359957.pygmo_c.cnae-9.0.H2OAutoML] Memory Usage: 2.2%
[MONITORING] [local.openml_t_359957.pygmo_c.cnae-9.0.H2OAutoML] Disk Usage: 43.2%
Running task cnae-9 on framework H2OAutoML with config:
TaskConfig({})
Running cmd `/home/juradoi/experiments/automlbenchmark/frameworks/H2OAutoML/venv/bin/python -W ignore /home/juradoi/experiments/automlbenchmark/frameworks/H2OAutoML/exec.py`
INFO:__main__:
**** H2O AutoML [v3.34.0.3] ****

INFO:__main__:Starting H2O cluster with 16 cores, 60753M memory.
Checking whether there is an H2O instance running at http://localhost:5425 ..... not found.
Attempting to start a local H2O server...
  Java Version: openjdk version "11.0.12" 2021-07-20; OpenJDK Runtime Environment (build 11.0.12+7-post-Debian-2deb10u1); OpenJDK 64-Bit Server VM (build 11.0.12+7-post-Debian-2deb10u1, mixed mode, sharing)
  Starting server from /home/juradoi/experiments/automlbenchmark/frameworks/H2OAutoML/venv/lib/python3.8/site-packages/h2o/backend/bin/h2o.jar
  Ice root: /tmp/tmpykk01bih
  JVM stdout: /tmp/tmpykk01bih/h2o_unknownUser_started_from_python.out
  JVM stderr: /tmp/tmpykk01bih/h2o_unknownUser_started_from_python.err
  Server is running at http://127.0.0.1:5425
Connecting to H2O server at http://127.0.0.1:5425 ... successful.
--------------------------  ------------------------------------------------------------------
H2O_cluster_uptime:         01 secs
H2O_cluster_timezone:       Europe/Amsterdam
H2O_data_parsing_timezone:  UTC
H2O_cluster_version:        3.34.0.3
H2O_cluster_version_age:    2 months and 2 days
H2O_cluster_name:           H2O_from_python_unknownUser_ikzcnn
H2O_cluster_total_nodes:    1
H2O_cluster_free_memory:    59.34 Gb
H2O_cluster_total_cores:    16
H2O_cluster_allowed_cores:  16
H2O_cluster_status:         locked, healthy
H2O_connection_url:         http://127.0.0.1:5425
H2O_connection_proxy:       {"http": null, "https": null}
H2O_internal_security:      False
H2O_API_Extensions:         Amazon S3, XGBoost, Algos, AutoML, Core V3, TargetEncoder, Core V4
Python_version:             3.8.12 final
--------------------------  ------------------------------------------------------------------
Parse progress: |████████████████████████████████████████████████████████████████| (done) 100%
Parse progress: |████████████████████████████████████████████████████████████████| (done) 100%
INFO:__main__:Running model on task cnae-9, fold 0.
[MONITORING] [local.openml_t_359957.pygmo_c.cnae-9.0.H2OAutoML] CPU Utilization: 69.8%
[MONITORING] [local.openml_t_359957.pygmo_c.cnae-9.0.H2OAutoML] Memory Usage: 44.6%
[MONITORING] [local.openml_t_359957.pygmo_c.cnae-9.0.H2OAutoML] Disk Usage: 43.2%
[MONITORING] [local.openml_t_359957.pygmo_c.cnae-9.0.H2OAutoML] CPU Utilization: 89.5%
[MONITORING] [local.openml_t_359957.pygmo_c.cnae-9.0.H2OAutoML] Memory Usage: 44.7%
[MONITORING] [local.openml_t_359957.pygmo_c.cnae-9.0.H2OAutoML] Disk Usage: 43.2%
[MONITORING] [local.openml_t_359957.pygmo_c.cnae-9.0.H2OAutoML] CPU Utilization: 92.2%
[MONITORING] [local.openml_t_359957.pygmo_c.cnae-9.0.H2OAutoML] Memory Usage: 44.9%
[MONITORING] [local.openml_t_359957.pygmo_c.cnae-9.0.H2OAutoML] Disk Usage: 43.2%
[MONITORING] [local.openml_t_359957.pygmo_c.cnae-9.0.H2OAutoML] CPU Utilization: 92.3%
[MONITORING] [local.openml_t_359957.pygmo_c.cnae-9.0.H2OAutoML] Memory Usage: 44.9%
[MONITORING] [local.openml_t_359957.pygmo_c.cnae-9.0.H2OAutoML] Disk Usage: 43.2%
[MONITORING] [local.openml_t_359957.pygmo_c.cnae-9.0.H2OAutoML] CPU Utilization: 83.8%
[MONITORING] [local.openml_t_359957.pygmo_c.cnae-9.0.H2OAutoML] Memory Usage: 45.0%
[MONITORING] [local.openml_t_359957.pygmo_c.cnae-9.0.H2OAutoML] Disk Usage: 43.2%
[MONITORING] [local.openml_t_359957.pygmo_c.cnae-9.0.H2OAutoML] CPU Utilization: 69.8%
[MONITORING] [local.openml_t_359957.pygmo_c.cnae-9.0.H2OAutoML] Memory Usage: 45.8%
[MONITORING] [local.openml_t_359957.pygmo_c.cnae-9.0.H2OAutoML] Disk Usage: 43.2%
[MONITORING] [local.openml_t_359957.pygmo_c.cnae-9.0.H2OAutoML] CPU Utilization: 68.9%
[MONITORING] [local.openml_t_359957.pygmo_c.cnae-9.0.H2OAutoML] Memory Usage: 46.6%
[MONITORING] [local.openml_t_359957.pygmo_c.cnae-9.0.H2OAutoML] Disk Usage: 43.2%
[MONITORING] [local.openml_t_359957.pygmo_c.cnae-9.0.H2OAutoML] CPU Utilization: 68.8%
[MONITORING] [local.openml_t_359957.pygmo_c.cnae-9.0.H2OAutoML] Memory Usage: 48.3%
[MONITORING] [local.openml_t_359957.pygmo_c.cnae-9.0.H2OAutoML] Disk Usage: 43.2%
[MONITORING] [local.openml_t_359957.pygmo_c.cnae-9.0.H2OAutoML] CPU Utilization: 73.1%
[MONITORING] [local.openml_t_359957.pygmo_c.cnae-9.0.H2OAutoML] Memory Usage: 49.3%
[MONITORING] [local.openml_t_359957.pygmo_c.cnae-9.0.H2OAutoML] Disk Usage: 43.2%
[MONITORING] [local.openml_t_359957.pygmo_c.cnae-9.0.H2OAutoML] CPU Utilization: 70.6%
[MONITORING] [local.openml_t_359957.pygmo_c.cnae-9.0.H2OAutoML] Memory Usage: 50.5%
[MONITORING] [local.openml_t_359957.pygmo_c.cnae-9.0.H2OAutoML] Disk Usage: 43.2%
[MONITORING] [local.openml_t_359957.pygmo_c.cnae-9.0.H2OAutoML] CPU Utilization: 69.9%
[MONITORING] [local.openml_t_359957.pygmo_c.cnae-9.0.H2OAutoML] Memory Usage: 52.0%
[MONITORING] [local.openml_t_359957.pygmo_c.cnae-9.0.H2OAutoML] Disk Usage: 43.2%
[MONITORING] [local.openml_t_359957.pygmo_c.cnae-9.0.H2OAutoML] CPU Utilization: 70.3%
[MONITORING] [local.openml_t_359957.pygmo_c.cnae-9.0.H2OAutoML] Memory Usage: 53.1%
[MONITORING] [local.openml_t_359957.pygmo_c.cnae-9.0.H2OAutoML] Disk Usage: 43.2%
[MONITORING] [local.openml_t_359957.pygmo_c.cnae-9.0.H2OAutoML] CPU Utilization: 71.3%
[MONITORING] [local.openml_t_359957.pygmo_c.cnae-9.0.H2OAutoML] Memory Usage: 53.9%
[MONITORING] [local.openml_t_359957.pygmo_c.cnae-9.0.H2OAutoML] Disk Usage: 43.2%
[MONITORING] [local.openml_t_359957.pygmo_c.cnae-9.0.H2OAutoML] CPU Utilization: 72.2%
[MONITORING] [local.openml_t_359957.pygmo_c.cnae-9.0.H2OAutoML] Memory Usage: 54.7%
[MONITORING] [local.openml_t_359957.pygmo_c.cnae-9.0.H2OAutoML] Disk Usage: 43.2%
[MONITORING] [local.openml_t_359957.pygmo_c.cnae-9.0.H2OAutoML] CPU Utilization: 71.2%
[MONITORING] [local.openml_t_359957.pygmo_c.cnae-9.0.H2OAutoML] Memory Usage: 55.8%
[MONITORING] [local.openml_t_359957.pygmo_c.cnae-9.0.H2OAutoML] Disk Usage: 43.2%
[MONITORING] [local.openml_t_359957.pygmo_c.cnae-9.0.H2OAutoML] CPU Utilization: 73.0%
[MONITORING] [local.openml_t_359957.pygmo_c.cnae-9.0.H2OAutoML] Memory Usage: 57.4%
[MONITORING] [local.openml_t_359957.pygmo_c.cnae-9.0.H2OAutoML] Disk Usage: 43.2%
[MONITORING] [local.openml_t_359957.pygmo_c.cnae-9.0.H2OAutoML] CPU Utilization: 83.6%
[MONITORING] [local.openml_t_359957.pygmo_c.cnae-9.0.H2OAutoML] Memory Usage: 58.1%
[MONITORING] [local.openml_t_359957.pygmo_c.cnae-9.0.H2OAutoML] Disk Usage: 43.2%
[MONITORING] [local.openml_t_359957.pygmo_c.cnae-9.0.H2OAutoML] CPU Utilization: 91.1%
[MONITORING] [local.openml_t_359957.pygmo_c.cnae-9.0.H2OAutoML] Memory Usage: 58.3%
[MONITORING] [local.openml_t_359957.pygmo_c.cnae-9.0.H2OAutoML] Disk Usage: 43.2%
[MONITORING] [local.openml_t_359957.pygmo_c.cnae-9.0.H2OAutoML] CPU Utilization: 92.8%
[MONITORING] [local.openml_t_359957.pygmo_c.cnae-9.0.H2OAutoML] Memory Usage: 59.0%
[MONITORING] [local.openml_t_359957.pygmo_c.cnae-9.0.H2OAutoML] Disk Usage: 43.2%
[MONITORING] [local.openml_t_359957.pygmo_c.cnae-9.0.H2OAutoML] CPU Utilization: 90.0%
[MONITORING] [local.openml_t_359957.pygmo_c.cnae-9.0.H2OAutoML] Memory Usage: 59.0%
[MONITORING] [local.openml_t_359957.pygmo_c.cnae-9.0.H2OAutoML] Disk Usage: 43.2%
[MONITORING] [local.openml_t_359957.pygmo_c.cnae-9.0.H2OAutoML] CPU Utilization: 91.0%
[MONITORING] [local.openml_t_359957.pygmo_c.cnae-9.0.H2OAutoML] Memory Usage: 59.0%
[MONITORING] [local.openml_t_359957.pygmo_c.cnae-9.0.H2OAutoML] Disk Usage: 43.2%
[MONITORING] [local.openml_t_359957.pygmo_c.cnae-9.0.H2OAutoML] CPU Utilization: 91.7%
[MONITORING] [local.openml_t_359957.pygmo_c.cnae-9.0.H2OAutoML] Memory Usage: 59.1%
[MONITORING] [local.openml_t_359957.pygmo_c.cnae-9.0.H2OAutoML] Disk Usage: 43.2%
[MONITORING] [local.openml_t_359957.pygmo_c.cnae-9.0.H2OAutoML] CPU Utilization: 91.0%
[MONITORING] [local.openml_t_359957.pygmo_c.cnae-9.0.H2OAutoML] Memory Usage: 59.1%
[MONITORING] [local.openml_t_359957.pygmo_c.cnae-9.0.H2OAutoML] Disk Usage: 43.2%
[MONITORING] [local.openml_t_359957.pygmo_c.cnae-9.0.H2OAutoML] CPU Utilization: 93.0%
[MONITORING] [local.openml_t_359957.pygmo_c.cnae-9.0.H2OAutoML] Memory Usage: 59.1%
[MONITORING] [local.openml_t_359957.pygmo_c.cnae-9.0.H2OAutoML] Disk Usage: 43.2%
[MONITORING] [local.openml_t_359957.pygmo_c.cnae-9.0.H2OAutoML] CPU Utilization: 89.4%
[MONITORING] [local.openml_t_359957.pygmo_c.cnae-9.0.H2OAutoML] Memory Usage: 59.1%
[MONITORING] [local.openml_t_359957.pygmo_c.cnae-9.0.H2OAutoML] Disk Usage: 43.2%
[MONITORING] [local.openml_t_359957.pygmo_c.cnae-9.0.H2OAutoML] CPU Utilization: 89.1%
[MONITORING] [local.openml_t_359957.pygmo_c.cnae-9.0.H2OAutoML] Memory Usage: 59.2%
[MONITORING] [local.openml_t_359957.pygmo_c.cnae-9.0.H2OAutoML] Disk Usage: 43.2%
[MONITORING] [local.openml_t_359957.pygmo_c.cnae-9.0.H2OAutoML] CPU Utilization: 89.0%
[MONITORING] [local.openml_t_359957.pygmo_c.cnae-9.0.H2OAutoML] Memory Usage: 59.2%
[MONITORING] [local.openml_t_359957.pygmo_c.cnae-9.0.H2OAutoML] Disk Usage: 43.2%
[MONITORING] [local.openml_t_359957.pygmo_c.cnae-9.0.H2OAutoML] CPU Utilization: 88.1%
[MONITORING] [local.openml_t_359957.pygmo_c.cnae-9.0.H2OAutoML] Memory Usage: 59.2%
[MONITORING] [local.openml_t_359957.pygmo_c.cnae-9.0.H2OAutoML] Disk Usage: 43.2%
[MONITORING] [local.openml_t_359957.pygmo_c.cnae-9.0.H2OAutoML] CPU Utilization: 82.3%
[MONITORING] [local.openml_t_359957.pygmo_c.cnae-9.0.H2OAutoML] Memory Usage: 59.3%
[MONITORING] [local.openml_t_359957.pygmo_c.cnae-9.0.H2OAutoML] Disk Usage: 43.2%
[MONITORING] [local.openml_t_359957.pygmo_c.cnae-9.0.H2OAutoML] CPU Utilization: 86.6%
[MONITORING] [local.openml_t_359957.pygmo_c.cnae-9.0.H2OAutoML] Memory Usage: 59.3%
[MONITORING] [local.openml_t_359957.pygmo_c.cnae-9.0.H2OAutoML] Disk Usage: 43.2%
AutoML progress: |███████████████████████████████████████████████████████████████| (done) 100%
stackedensemble prediction progress: |███████████████████████████████████████████| (done) 100%
H2O session _sid_97e5 closed.



Predictions preview:
                          1                      2                      3                      4                       5                       6                      7                      8                       9 predictions truth
0      8.97200353547329E-9   7.393411482745734E-9     0.9999948037614301   4.556656049266444E-6    5.791304381798421E-7  1.8256502769032113E-10   4.032004440049608E-9  3.9172051524216126E-8   7.000465430668898E-10           3     3
1     2.905721965836956E-7  1.0015589342505593E-7     0.9999686122372013    2.53894556411079E-5     5.37685530861846E-6    7.167684612391929E-9  4.8104518097877296E-8  1.5526265973882572E-7    2.018889645444029E-8           3     3
2     3.945886896708067E-6   3.480330444302526E-6     0.9991973034451141   7.479518098964962E-4    4.358561137837909E-5   2.1073544278879417E-7   8.649826002229254E-7  1.7259742391285454E-6    9.312239881504786E-7           3     3
3    2.7013266615584654E-4   8.123595841342488E-4     0.9803122557571593    0.01699581089073889    8.748558967387411E-4    6.316359180549917E-5  2.6341440168349924E-4  1.8247425322036925E-5    3.897597862618753E-4           3     3
4    2.1085785689219137E-8   9.712350458088276E-9     0.9999874860780621  1.0774821173653213E-5    1.616914926488035E-6   7.312660372567609E-10   9.332310933591223E-9   7.967035348875284E-8   1.6537712959351774E-9           3     3
5    1.0460291200515255E-4  2.5551592415931405E-5     0.9418180428825373    0.05716333607107697    7.843225469433909E-4   1.5711280658973142E-5   2.464365412613597E-5  4.5855791078146065E-5   1.7933269157849762E-5           3     3
6     0.007768175731832554   0.026647205444879276    0.43136524439170704     0.4485221420293307    0.003792852951735237    0.005038987910270494   0.012993850047196998   0.007168964273076326    0.056702577219971316           4     3
7     8.760877442523859E-4   0.012155678410726668    0.46223181954934783     0.4764980868209356   0.0030638433144379927    0.004183414388171045   0.018833319560262744   5.147700760158137E-4     0.02164298013584994           4     3
8     9.525366653599764E-6  3.3036218820698615E-5     0.9961462997863114  0.0036758891237577782   1.0918941175174609E-4   1.3847051872870774E-6  1.3337595583693296E-5   4.881798797106309E-6    6.455993136834782E-6           3     3
9     8.412549498029833E-6  3.6490651912026073E-6     0.9978349758585193   0.002083046099118886     4.94134458451297E-5    5.006538690373666E-7   2.249663664618436E-6  3.3345793734751222E-6   1.4418084920329654E-5           3     3
10    2.595044249813266E-7  1.6867320343467305E-7     0.9999413793110016   4.965939036333344E-5    8.128353589678498E-6    6.535934918186413E-9   9.408909398429569E-8  2.6778686499959496E-7    3.635552320599605E-8           3     3
11   2.7571006409625237E-7  1.1378166679892069E-5     0.9977663516924835  0.0021844937700022118   5.5512982793279296E-6   2.8231464058115993E-7  7.4711020111831464E-6  2.0995313733892243E-5     3.20063210563032E-6           3     3
12   2.6420200287780924E-9  1.3099341761769929E-6  3.5512720370244366E-8  1.3911960212162212E-8   7.452396159968107E-10    5.218707918246199E-9   4.202586326856562E-9     0.9999986250729281   2.7596611456259607E-9           8     8
13    0.029727281997025127    0.08582175432597881    0.10338805327158379     0.1381121392218868    0.016315240563423046     0.06262166234967899     0.2765447037784664  0.0018695281670677933     0.28559963632488916           9     8
14  3.1378717096458453E-10  2.3783364729580183E-7  2.1514697238246324E-8   4.139570091948473E-9  2.7100139157827434E-10   5.014205377545152E-10  1.0374025402542769E-9     0.9999997342605838  1.2788979212305616E-10           8     8
15   2.1355461906727468E-8   3.576920406871971E-6   8.748662742565755E-8   5.059278775151059E-8   2.5756932970112716E-9   1.6854127469326713E-8   6.329683253219887E-9     0.9999962354376077    2.447604219170624E-9           8     8
16   1.0707448552228105E-5  1.4424992997499908E-4  2.2550844370408217E-5    2.58840231299573E-5    4.665495870781478E-6   1.6523116478930523E-5  1.2597261556917473E-4     0.9996309852542452    1.846127180826073E-5           8     8
17   1.1617755991607075E-9   5.720311500841322E-7   1.829320820408322E-8   6.319961587842078E-9  3.1987704061023625E-10   1.2047517160894482E-9  1.6743250474537873E-9     0.9999993983940578   6.008930674210603E-10           8     8
18    6.429821640944808E-8   3.369586238514005E-5  4.0661525241662415E-6   3.009416220581068E-7   1.0569109367312066E-8   4.8385509305633786E-8   4.952741381165177E-8     0.9999617476081466   1.6655073333518392E-8           8     8
19    3.147509774046143E-8   8.853748431398948E-6   8.330511215781448E-7  2.4558992766898664E-7    7.678586033418587E-9   3.6465092883624994E-8  2.1632586772984298E-8     0.9999899642887191    6.070436793508542E-9           8     8

Predictions saved to `/home/juradoi/experiments/automlbenchmark/results/h2oautoml.openml_t_359957.pygmo_c.local.20211209T221454/predictions/cnae-9/0/predictions.csv`.
Loading metadata from `/home/juradoi/experiments/automlbenchmark/results/h2oautoml.openml_t_359957.pygmo_c.local.20211209T221454/predictions/cnae-9/0/metadata.json`.
Loading predictions from `/home/juradoi/experiments/automlbenchmark/results/h2oautoml.openml_t_359957.pygmo_c.local.20211209T221454/predictions/cnae-9/0/predictions.csv`.
Metric scores: { 'acc': 0.9629629629629629,
  'app_version': 'dev [master, beef024]',
  'balacc': 0.9629629629629629,
  'constraint': 'pygmo_c',
  'duration': nan,
  'fold': 0,
  'framework': 'H2OAutoML',
  'id': 'openml.org/t/359957',
  'info': None,
  'logloss': 0.10847467963003077,
  'metric': 'neg_logloss',
  'mode': 'local',
  'models_count': 393,
  'params': '',
  'predict_duration': 0.2996394634246826,
  'result': -0.10847467963003077,
  'seed': 771340224,
  'task': 'cnae-9',
  'training_duration': 3615.666213989258,
  'type': 'multiclass',
  'utc': '2021-12-09T23:15:22',
  'version': '3.34.0.3'}
Job `local.openml_t_359957.pygmo_c.cnae-9.0.H2OAutoML` executed in 3626.695 seconds.
All jobs executed in 3627.159 seconds.
[MONITORING] [local.openml_t_359957.pygmo_c.cnae-9.0.H2OAutoML] CPU Utilization: 65.8%
[MONITORING] [local.openml_t_359957.pygmo_c.cnae-9.0.H2OAutoML] Memory Usage: 2.2%
[MONITORING] [local.openml_t_359957.pygmo_c.cnae-9.0.H2OAutoML] Disk Usage: 43.2%
Processing results for h2oautoml.openml_t_359957.pygmo_c.local.20211209T221454
Scores saved to `/home/juradoi/experiments/automlbenchmark/results/h2oautoml.openml_t_359957.pygmo_c.local.20211209T221454/scores/H2OAutoML.benchmark_openml_t_359957.csv`.
Scores saved to `/home/juradoi/experiments/automlbenchmark/results/h2oautoml.openml_t_359957.pygmo_c.local.20211209T221454/scores/results.csv`.
Scores saved to `/home/juradoi/experiments/automlbenchmark/results/results.csv`.
Summing up scores for current run:
                 id   task fold framework constraint    result      metric  duration      seed
openml.org/t/359957 cnae-9    0 H2OAutoML    pygmo_c -0.108475 neg_logloss    3626.7 771340224
