/var/spool/slurm/slurmd/job8496983/slurm_script: line 8: activate: No such file or directory
Running benchmark `H2OAutoML` on `openml/t/359982` framework in `local` mode.
Loading frameworks definitions from ['/home/juradoi/experiments/automlbenchmark/resources/frameworks.yaml'].
Loading benchmark constraint definitions from ['/home/juradoi/experiments/automlbenchmark/resources/constraints.yaml'].
Loading openml task 359982.

----------------------------------------------------------------------
Starting job local.openml_t_359982.pygmo_c.bank-marketing.0.H2OAutoML.
Assigning 16 cores (total=16) for new task bank-marketing.
Assigning 91461 MB (total=95302 MB) for new bank-marketing task.
[MONITORING] [local.openml_t_359982.pygmo_c.bank-marketing.0.H2OAutoML] CPU Utilization: 14.0%
[MONITORING] [local.openml_t_359982.pygmo_c.bank-marketing.0.H2OAutoML] Memory Usage: 1.9%
[MONITORING] [local.openml_t_359982.pygmo_c.bank-marketing.0.H2OAutoML] Disk Usage: 43.2%
Running task bank-marketing on framework H2OAutoML with config:
TaskConfig({})
Running cmd `/home/juradoi/experiments/automlbenchmark/frameworks/H2OAutoML/venv/bin/python -W ignore /home/juradoi/experiments/automlbenchmark/frameworks/H2OAutoML/exec.py`
INFO:__main__:
**** H2O AutoML [v3.34.0.3] ****

INFO:__main__:Starting H2O cluster with 16 cores, 60974M memory.
Checking whether there is an H2O instance running at http://localhost:21086 ..... not found.
Attempting to start a local H2O server...
  Java Version: openjdk version "11.0.12" 2021-07-20; OpenJDK Runtime Environment (build 11.0.12+7-post-Debian-2deb10u1); OpenJDK 64-Bit Server VM (build 11.0.12+7-post-Debian-2deb10u1, mixed mode, sharing)
  Starting server from /home/juradoi/experiments/automlbenchmark/frameworks/H2OAutoML/venv/lib/python3.8/site-packages/h2o/backend/bin/h2o.jar
  Ice root: /tmp/tmpmjmti61y
  JVM stdout: /tmp/tmpmjmti61y/h2o_unknownUser_started_from_python.out
  JVM stderr: /tmp/tmpmjmti61y/h2o_unknownUser_started_from_python.err
  Server is running at http://127.0.0.1:21086
Connecting to H2O server at http://127.0.0.1:21086 ... successful.
--------------------------  ------------------------------------------------------------------
H2O_cluster_uptime:         02 secs
H2O_cluster_timezone:       Europe/Amsterdam
H2O_data_parsing_timezone:  UTC
H2O_cluster_version:        3.34.0.3
H2O_cluster_version_age:    2 months and 2 days
H2O_cluster_name:           H2O_from_python_unknownUser_old8d3
H2O_cluster_total_nodes:    1
H2O_cluster_free_memory:    59.55 Gb
H2O_cluster_total_cores:    16
H2O_cluster_allowed_cores:  16
H2O_cluster_status:         locked, healthy
H2O_connection_url:         http://127.0.0.1:21086
H2O_connection_proxy:       {"http": null, "https": null}
H2O_internal_security:      False
H2O_API_Extensions:         Amazon S3, XGBoost, Algos, AutoML, Core V3, TargetEncoder, Core V4
Python_version:             3.8.12 final
--------------------------  ------------------------------------------------------------------
Parse progress: |████████████████████████████████████████████████████████████████| (done) 100%
Parse progress: |████████████████████████████████████████████████████████████████| (done) 100%
INFO:__main__:Running model on task bank-marketing, fold 0.
[MONITORING] [local.openml_t_359982.pygmo_c.bank-marketing.0.H2OAutoML] CPU Utilization: 57.1%
[MONITORING] [local.openml_t_359982.pygmo_c.bank-marketing.0.H2OAutoML] Memory Usage: 40.6%
[MONITORING] [local.openml_t_359982.pygmo_c.bank-marketing.0.H2OAutoML] Disk Usage: 43.2%
[MONITORING] [local.openml_t_359982.pygmo_c.bank-marketing.0.H2OAutoML] CPU Utilization: 69.0%
[MONITORING] [local.openml_t_359982.pygmo_c.bank-marketing.0.H2OAutoML] Memory Usage: 41.1%
[MONITORING] [local.openml_t_359982.pygmo_c.bank-marketing.0.H2OAutoML] Disk Usage: 43.2%
[MONITORING] [local.openml_t_359982.pygmo_c.bank-marketing.0.H2OAutoML] CPU Utilization: 76.9%
[MONITORING] [local.openml_t_359982.pygmo_c.bank-marketing.0.H2OAutoML] Memory Usage: 41.2%
[MONITORING] [local.openml_t_359982.pygmo_c.bank-marketing.0.H2OAutoML] Disk Usage: 43.2%
[MONITORING] [local.openml_t_359982.pygmo_c.bank-marketing.0.H2OAutoML] CPU Utilization: 73.6%
[MONITORING] [local.openml_t_359982.pygmo_c.bank-marketing.0.H2OAutoML] Memory Usage: 41.4%
[MONITORING] [local.openml_t_359982.pygmo_c.bank-marketing.0.H2OAutoML] Disk Usage: 43.2%
[MONITORING] [local.openml_t_359982.pygmo_c.bank-marketing.0.H2OAutoML] CPU Utilization: 73.4%
[MONITORING] [local.openml_t_359982.pygmo_c.bank-marketing.0.H2OAutoML] Memory Usage: 41.5%
[MONITORING] [local.openml_t_359982.pygmo_c.bank-marketing.0.H2OAutoML] Disk Usage: 43.2%
[MONITORING] [local.openml_t_359982.pygmo_c.bank-marketing.0.H2OAutoML] CPU Utilization: 74.4%
[MONITORING] [local.openml_t_359982.pygmo_c.bank-marketing.0.H2OAutoML] Memory Usage: 41.6%
[MONITORING] [local.openml_t_359982.pygmo_c.bank-marketing.0.H2OAutoML] Disk Usage: 43.2%
[MONITORING] [local.openml_t_359982.pygmo_c.bank-marketing.0.H2OAutoML] CPU Utilization: 73.2%
[MONITORING] [local.openml_t_359982.pygmo_c.bank-marketing.0.H2OAutoML] Memory Usage: 41.7%
[MONITORING] [local.openml_t_359982.pygmo_c.bank-marketing.0.H2OAutoML] Disk Usage: 43.2%
[MONITORING] [local.openml_t_359982.pygmo_c.bank-marketing.0.H2OAutoML] CPU Utilization: 73.6%
[MONITORING] [local.openml_t_359982.pygmo_c.bank-marketing.0.H2OAutoML] Memory Usage: 41.7%
[MONITORING] [local.openml_t_359982.pygmo_c.bank-marketing.0.H2OAutoML] Disk Usage: 43.2%
[MONITORING] [local.openml_t_359982.pygmo_c.bank-marketing.0.H2OAutoML] CPU Utilization: 72.5%
[MONITORING] [local.openml_t_359982.pygmo_c.bank-marketing.0.H2OAutoML] Memory Usage: 42.0%
[MONITORING] [local.openml_t_359982.pygmo_c.bank-marketing.0.H2OAutoML] Disk Usage: 43.2%
[MONITORING] [local.openml_t_359982.pygmo_c.bank-marketing.0.H2OAutoML] CPU Utilization: 71.5%
[MONITORING] [local.openml_t_359982.pygmo_c.bank-marketing.0.H2OAutoML] Memory Usage: 43.5%
[MONITORING] [local.openml_t_359982.pygmo_c.bank-marketing.0.H2OAutoML] Disk Usage: 43.2%
[MONITORING] [local.openml_t_359982.pygmo_c.bank-marketing.0.H2OAutoML] CPU Utilization: 76.9%
[MONITORING] [local.openml_t_359982.pygmo_c.bank-marketing.0.H2OAutoML] Memory Usage: 43.9%
[MONITORING] [local.openml_t_359982.pygmo_c.bank-marketing.0.H2OAutoML] Disk Usage: 43.2%
[MONITORING] [local.openml_t_359982.pygmo_c.bank-marketing.0.H2OAutoML] CPU Utilization: 71.9%
[MONITORING] [local.openml_t_359982.pygmo_c.bank-marketing.0.H2OAutoML] Memory Usage: 47.0%
[MONITORING] [local.openml_t_359982.pygmo_c.bank-marketing.0.H2OAutoML] Disk Usage: 43.2%
[MONITORING] [local.openml_t_359982.pygmo_c.bank-marketing.0.H2OAutoML] CPU Utilization: 73.4%
[MONITORING] [local.openml_t_359982.pygmo_c.bank-marketing.0.H2OAutoML] Memory Usage: 47.1%
[MONITORING] [local.openml_t_359982.pygmo_c.bank-marketing.0.H2OAutoML] Disk Usage: 43.2%
[MONITORING] [local.openml_t_359982.pygmo_c.bank-marketing.0.H2OAutoML] CPU Utilization: 73.6%
[MONITORING] [local.openml_t_359982.pygmo_c.bank-marketing.0.H2OAutoML] Memory Usage: 47.9%
[MONITORING] [local.openml_t_359982.pygmo_c.bank-marketing.0.H2OAutoML] Disk Usage: 43.2%
[MONITORING] [local.openml_t_359982.pygmo_c.bank-marketing.0.H2OAutoML] CPU Utilization: 70.6%
[MONITORING] [local.openml_t_359982.pygmo_c.bank-marketing.0.H2OAutoML] Memory Usage: 48.0%
[MONITORING] [local.openml_t_359982.pygmo_c.bank-marketing.0.H2OAutoML] Disk Usage: 43.2%
[MONITORING] [local.openml_t_359982.pygmo_c.bank-marketing.0.H2OAutoML] CPU Utilization: 68.7%
[MONITORING] [local.openml_t_359982.pygmo_c.bank-marketing.0.H2OAutoML] Memory Usage: 48.5%
[MONITORING] [local.openml_t_359982.pygmo_c.bank-marketing.0.H2OAutoML] Disk Usage: 43.2%
[MONITORING] [local.openml_t_359982.pygmo_c.bank-marketing.0.H2OAutoML] CPU Utilization: 67.1%
[MONITORING] [local.openml_t_359982.pygmo_c.bank-marketing.0.H2OAutoML] Memory Usage: 48.5%
[MONITORING] [local.openml_t_359982.pygmo_c.bank-marketing.0.H2OAutoML] Disk Usage: 43.2%
[MONITORING] [local.openml_t_359982.pygmo_c.bank-marketing.0.H2OAutoML] CPU Utilization: 67.2%
[MONITORING] [local.openml_t_359982.pygmo_c.bank-marketing.0.H2OAutoML] Memory Usage: 48.6%
[MONITORING] [local.openml_t_359982.pygmo_c.bank-marketing.0.H2OAutoML] Disk Usage: 43.2%
[MONITORING] [local.openml_t_359982.pygmo_c.bank-marketing.0.H2OAutoML] CPU Utilization: 67.9%
[MONITORING] [local.openml_t_359982.pygmo_c.bank-marketing.0.H2OAutoML] Memory Usage: 49.1%
[MONITORING] [local.openml_t_359982.pygmo_c.bank-marketing.0.H2OAutoML] Disk Usage: 43.2%
[MONITORING] [local.openml_t_359982.pygmo_c.bank-marketing.0.H2OAutoML] CPU Utilization: 69.3%
[MONITORING] [local.openml_t_359982.pygmo_c.bank-marketing.0.H2OAutoML] Memory Usage: 49.2%
[MONITORING] [local.openml_t_359982.pygmo_c.bank-marketing.0.H2OAutoML] Disk Usage: 43.2%
[MONITORING] [local.openml_t_359982.pygmo_c.bank-marketing.0.H2OAutoML] CPU Utilization: 67.6%
[MONITORING] [local.openml_t_359982.pygmo_c.bank-marketing.0.H2OAutoML] Memory Usage: 49.6%
[MONITORING] [local.openml_t_359982.pygmo_c.bank-marketing.0.H2OAutoML] Disk Usage: 43.2%
[MONITORING] [local.openml_t_359982.pygmo_c.bank-marketing.0.H2OAutoML] CPU Utilization: 70.1%
[MONITORING] [local.openml_t_359982.pygmo_c.bank-marketing.0.H2OAutoML] Memory Usage: 49.6%
[MONITORING] [local.openml_t_359982.pygmo_c.bank-marketing.0.H2OAutoML] Disk Usage: 43.2%
[MONITORING] [local.openml_t_359982.pygmo_c.bank-marketing.0.H2OAutoML] CPU Utilization: 62.3%
[MONITORING] [local.openml_t_359982.pygmo_c.bank-marketing.0.H2OAutoML] Memory Usage: 49.6%
[MONITORING] [local.openml_t_359982.pygmo_c.bank-marketing.0.H2OAutoML] Disk Usage: 43.2%
[MONITORING] [local.openml_t_359982.pygmo_c.bank-marketing.0.H2OAutoML] CPU Utilization: 77.2%
[MONITORING] [local.openml_t_359982.pygmo_c.bank-marketing.0.H2OAutoML] Memory Usage: 50.1%
[MONITORING] [local.openml_t_359982.pygmo_c.bank-marketing.0.H2OAutoML] Disk Usage: 43.2%
