/var/spool/slurm/slurmd/job8492995/slurm_script: line 8: activate: No such file or directory
Running benchmark `H2OAutoML` on `openml/t/10090` framework in `local` mode.
Loading frameworks definitions from ['/home/juradoi/experiments/automlbenchmark/resources/frameworks.yaml'].
Loading benchmark constraint definitions from ['/home/juradoi/experiments/automlbenchmark/resources/constraints.yaml'].
Loading openml task 10090.

------------------------------------------------------------------------------
Starting job local.openml_t_10090.pygmo_c.amazon-commerce-reviews.0.H2OAutoML.
Assigning 16 cores (total=16) for new task amazon-commerce-reviews.
Assigning 91180 MB (total=95302 MB) for new amazon-commerce-reviews task.
[MONITORING] [local.openml_t_10090.pygmo_c.amazon-commerce-reviews.0.H2OAutoML] CPU Utilization: 14.7%
[MONITORING] [local.openml_t_10090.pygmo_c.amazon-commerce-reviews.0.H2OAutoML] Memory Usage: 2.2%
[MONITORING] [local.openml_t_10090.pygmo_c.amazon-commerce-reviews.0.H2OAutoML] Disk Usage: 43.2%
Running task amazon-commerce-reviews on framework H2OAutoML with config:
TaskConfig({})
Running cmd `/home/juradoi/experiments/automlbenchmark/frameworks/H2OAutoML/venv/bin/python -W ignore /home/juradoi/experiments/automlbenchmark/frameworks/H2OAutoML/exec.py`
INFO:__main__:
**** H2O AutoML [v3.34.0.3] ****

INFO:__main__:Starting H2O cluster with 16 cores, 60787M memory.
Checking whether there is an H2O instance running at http://localhost:6092 ..... not found.
Attempting to start a local H2O server...
  Java Version: openjdk version "11.0.12" 2021-07-20; OpenJDK Runtime Environment (build 11.0.12+7-post-Debian-2deb10u1); OpenJDK 64-Bit Server VM (build 11.0.12+7-post-Debian-2deb10u1, mixed mode, sharing)
  Starting server from /home/juradoi/experiments/automlbenchmark/frameworks/H2OAutoML/venv/lib/python3.8/site-packages/h2o/backend/bin/h2o.jar
  Ice root: /tmp/tmpw62znfvd
  JVM stdout: /tmp/tmpw62znfvd/h2o_unknownUser_started_from_python.out
  JVM stderr: /tmp/tmpw62znfvd/h2o_unknownUser_started_from_python.err
  Server is running at http://127.0.0.1:6092
Connecting to H2O server at http://127.0.0.1:6092 ... successful.
--------------------------  ------------------------------------------------------------------
H2O_cluster_uptime:         01 secs
H2O_cluster_timezone:       Europe/Amsterdam
H2O_data_parsing_timezone:  UTC
H2O_cluster_version:        3.34.0.3
H2O_cluster_version_age:    2 months and 2 days
H2O_cluster_name:           H2O_from_python_unknownUser_95wgid
H2O_cluster_total_nodes:    1
H2O_cluster_free_memory:    59.38 Gb
H2O_cluster_total_cores:    16
H2O_cluster_allowed_cores:  16
H2O_cluster_status:         locked, healthy
H2O_connection_url:         http://127.0.0.1:6092
H2O_connection_proxy:       {"http": null, "https": null}
H2O_internal_security:      False
H2O_API_Extensions:         Amazon S3, XGBoost, Algos, AutoML, Core V3, TargetEncoder, Core V4
Python_version:             3.8.12 final
--------------------------  ------------------------------------------------------------------
Parse progress: |████████████████████████████████████████████████████████████████| (done) 100%
Parse progress: |████████████████████████████████████████████████████████████████| (done) 100%
INFO:__main__:Running model on task amazon-commerce-reviews, fold 0.
[MONITORING] [local.openml_t_10090.pygmo_c.amazon-commerce-reviews.0.H2OAutoML] CPU Utilization: 64.1%
[MONITORING] [local.openml_t_10090.pygmo_c.amazon-commerce-reviews.0.H2OAutoML] Memory Usage: 14.2%
[MONITORING] [local.openml_t_10090.pygmo_c.amazon-commerce-reviews.0.H2OAutoML] Disk Usage: 43.2%
[MONITORING] [local.openml_t_10090.pygmo_c.amazon-commerce-reviews.0.H2OAutoML] CPU Utilization: 61.4%
[MONITORING] [local.openml_t_10090.pygmo_c.amazon-commerce-reviews.0.H2OAutoML] Memory Usage: 46.5%
[MONITORING] [local.openml_t_10090.pygmo_c.amazon-commerce-reviews.0.H2OAutoML] Disk Usage: 43.2%
[MONITORING] [local.openml_t_10090.pygmo_c.amazon-commerce-reviews.0.H2OAutoML] CPU Utilization: 62.2%
[MONITORING] [local.openml_t_10090.pygmo_c.amazon-commerce-reviews.0.H2OAutoML] Memory Usage: 47.3%
[MONITORING] [local.openml_t_10090.pygmo_c.amazon-commerce-reviews.0.H2OAutoML] Disk Usage: 43.2%
[MONITORING] [local.openml_t_10090.pygmo_c.amazon-commerce-reviews.0.H2OAutoML] CPU Utilization: 62.3%
[MONITORING] [local.openml_t_10090.pygmo_c.amazon-commerce-reviews.0.H2OAutoML] Memory Usage: 52.5%
[MONITORING] [local.openml_t_10090.pygmo_c.amazon-commerce-reviews.0.H2OAutoML] Disk Usage: 43.2%
[MONITORING] [local.openml_t_10090.pygmo_c.amazon-commerce-reviews.0.H2OAutoML] CPU Utilization: 60.3%
[MONITORING] [local.openml_t_10090.pygmo_c.amazon-commerce-reviews.0.H2OAutoML] Memory Usage: 52.6%
[MONITORING] [local.openml_t_10090.pygmo_c.amazon-commerce-reviews.0.H2OAutoML] Disk Usage: 43.2%
[MONITORING] [local.openml_t_10090.pygmo_c.amazon-commerce-reviews.0.H2OAutoML] CPU Utilization: 63.4%
[MONITORING] [local.openml_t_10090.pygmo_c.amazon-commerce-reviews.0.H2OAutoML] Memory Usage: 52.6%
[MONITORING] [local.openml_t_10090.pygmo_c.amazon-commerce-reviews.0.H2OAutoML] Disk Usage: 43.2%
[MONITORING] [local.openml_t_10090.pygmo_c.amazon-commerce-reviews.0.H2OAutoML] CPU Utilization: 60.9%
[MONITORING] [local.openml_t_10090.pygmo_c.amazon-commerce-reviews.0.H2OAutoML] Memory Usage: 53.7%
[MONITORING] [local.openml_t_10090.pygmo_c.amazon-commerce-reviews.0.H2OAutoML] Disk Usage: 43.2%
[MONITORING] [local.openml_t_10090.pygmo_c.amazon-commerce-reviews.0.H2OAutoML] CPU Utilization: 61.2%
[MONITORING] [local.openml_t_10090.pygmo_c.amazon-commerce-reviews.0.H2OAutoML] Memory Usage: 53.7%
[MONITORING] [local.openml_t_10090.pygmo_c.amazon-commerce-reviews.0.H2OAutoML] Disk Usage: 43.2%
[MONITORING] [local.openml_t_10090.pygmo_c.amazon-commerce-reviews.0.H2OAutoML] CPU Utilization: 61.9%
[MONITORING] [local.openml_t_10090.pygmo_c.amazon-commerce-reviews.0.H2OAutoML] Memory Usage: 54.1%
[MONITORING] [local.openml_t_10090.pygmo_c.amazon-commerce-reviews.0.H2OAutoML] Disk Usage: 43.2%
[MONITORING] [local.openml_t_10090.pygmo_c.amazon-commerce-reviews.0.H2OAutoML] CPU Utilization: 61.3%
[MONITORING] [local.openml_t_10090.pygmo_c.amazon-commerce-reviews.0.H2OAutoML] Memory Usage: 54.1%
[MONITORING] [local.openml_t_10090.pygmo_c.amazon-commerce-reviews.0.H2OAutoML] Disk Usage: 43.2%
[MONITORING] [local.openml_t_10090.pygmo_c.amazon-commerce-reviews.0.H2OAutoML] CPU Utilization: 62.8%
[MONITORING] [local.openml_t_10090.pygmo_c.amazon-commerce-reviews.0.H2OAutoML] Memory Usage: 54.1%
[MONITORING] [local.openml_t_10090.pygmo_c.amazon-commerce-reviews.0.H2OAutoML] Disk Usage: 43.2%
[MONITORING] [local.openml_t_10090.pygmo_c.amazon-commerce-reviews.0.H2OAutoML] CPU Utilization: 61.0%
[MONITORING] [local.openml_t_10090.pygmo_c.amazon-commerce-reviews.0.H2OAutoML] Memory Usage: 54.5%
[MONITORING] [local.openml_t_10090.pygmo_c.amazon-commerce-reviews.0.H2OAutoML] Disk Usage: 43.2%
[MONITORING] [local.openml_t_10090.pygmo_c.amazon-commerce-reviews.0.H2OAutoML] CPU Utilization: 61.6%
[MONITORING] [local.openml_t_10090.pygmo_c.amazon-commerce-reviews.0.H2OAutoML] Memory Usage: 54.5%
[MONITORING] [local.openml_t_10090.pygmo_c.amazon-commerce-reviews.0.H2OAutoML] Disk Usage: 43.2%
[MONITORING] [local.openml_t_10090.pygmo_c.amazon-commerce-reviews.0.H2OAutoML] CPU Utilization: 63.0%
[MONITORING] [local.openml_t_10090.pygmo_c.amazon-commerce-reviews.0.H2OAutoML] Memory Usage: 55.0%
[MONITORING] [local.openml_t_10090.pygmo_c.amazon-commerce-reviews.0.H2OAutoML] Disk Usage: 43.2%
[MONITORING] [local.openml_t_10090.pygmo_c.amazon-commerce-reviews.0.H2OAutoML] CPU Utilization: 62.5%
[MONITORING] [local.openml_t_10090.pygmo_c.amazon-commerce-reviews.0.H2OAutoML] Memory Usage: 62.5%
[MONITORING] [local.openml_t_10090.pygmo_c.amazon-commerce-reviews.0.H2OAutoML] Disk Usage: 43.2%
[MONITORING] [local.openml_t_10090.pygmo_c.amazon-commerce-reviews.0.H2OAutoML] CPU Utilization: 97.7%
[MONITORING] [local.openml_t_10090.pygmo_c.amazon-commerce-reviews.0.H2OAutoML] Memory Usage: 62.5%
[MONITORING] [local.openml_t_10090.pygmo_c.amazon-commerce-reviews.0.H2OAutoML] Disk Usage: 43.2%
[MONITORING] [local.openml_t_10090.pygmo_c.amazon-commerce-reviews.0.H2OAutoML] CPU Utilization: 98.4%
[MONITORING] [local.openml_t_10090.pygmo_c.amazon-commerce-reviews.0.H2OAutoML] Memory Usage: 62.5%
[MONITORING] [local.openml_t_10090.pygmo_c.amazon-commerce-reviews.0.H2OAutoML] Disk Usage: 43.2%
[MONITORING] [local.openml_t_10090.pygmo_c.amazon-commerce-reviews.0.H2OAutoML] CPU Utilization: 98.0%
[MONITORING] [local.openml_t_10090.pygmo_c.amazon-commerce-reviews.0.H2OAutoML] Memory Usage: 62.5%
[MONITORING] [local.openml_t_10090.pygmo_c.amazon-commerce-reviews.0.H2OAutoML] Disk Usage: 43.2%
[MONITORING] [local.openml_t_10090.pygmo_c.amazon-commerce-reviews.0.H2OAutoML] CPU Utilization: 98.2%
[MONITORING] [local.openml_t_10090.pygmo_c.amazon-commerce-reviews.0.H2OAutoML] Memory Usage: 62.5%
[MONITORING] [local.openml_t_10090.pygmo_c.amazon-commerce-reviews.0.H2OAutoML] Disk Usage: 43.2%
[MONITORING] [local.openml_t_10090.pygmo_c.amazon-commerce-reviews.0.H2OAutoML] CPU Utilization: 97.9%
[MONITORING] [local.openml_t_10090.pygmo_c.amazon-commerce-reviews.0.H2OAutoML] Memory Usage: 62.5%
[MONITORING] [local.openml_t_10090.pygmo_c.amazon-commerce-reviews.0.H2OAutoML] Disk Usage: 43.2%
[MONITORING] [local.openml_t_10090.pygmo_c.amazon-commerce-reviews.0.H2OAutoML] CPU Utilization: 97.1%
[MONITORING] [local.openml_t_10090.pygmo_c.amazon-commerce-reviews.0.H2OAutoML] Memory Usage: 62.5%
[MONITORING] [local.openml_t_10090.pygmo_c.amazon-commerce-reviews.0.H2OAutoML] Disk Usage: 43.2%
[MONITORING] [local.openml_t_10090.pygmo_c.amazon-commerce-reviews.0.H2OAutoML] CPU Utilization: 98.5%
[MONITORING] [local.openml_t_10090.pygmo_c.amazon-commerce-reviews.0.H2OAutoML] Memory Usage: 62.5%
[MONITORING] [local.openml_t_10090.pygmo_c.amazon-commerce-reviews.0.H2OAutoML] Disk Usage: 43.2%
[MONITORING] [local.openml_t_10090.pygmo_c.amazon-commerce-reviews.0.H2OAutoML] CPU Utilization: 97.8%
[MONITORING] [local.openml_t_10090.pygmo_c.amazon-commerce-reviews.0.H2OAutoML] Memory Usage: 62.5%
[MONITORING] [local.openml_t_10090.pygmo_c.amazon-commerce-reviews.0.H2OAutoML] Disk Usage: 43.2%
[MONITORING] [local.openml_t_10090.pygmo_c.amazon-commerce-reviews.0.H2OAutoML] CPU Utilization: 98.7%
[MONITORING] [local.openml_t_10090.pygmo_c.amazon-commerce-reviews.0.H2OAutoML] Memory Usage: 62.5%
[MONITORING] [local.openml_t_10090.pygmo_c.amazon-commerce-reviews.0.H2OAutoML] Disk Usage: 43.2%
[MONITORING] [local.openml_t_10090.pygmo_c.amazon-commerce-reviews.0.H2OAutoML] CPU Utilization: 97.3%
[MONITORING] [local.openml_t_10090.pygmo_c.amazon-commerce-reviews.0.H2OAutoML] Memory Usage: 62.5%
[MONITORING] [local.openml_t_10090.pygmo_c.amazon-commerce-reviews.0.H2OAutoML] Disk Usage: 43.2%
[MONITORING] [local.openml_t_10090.pygmo_c.amazon-commerce-reviews.0.H2OAutoML] CPU Utilization: 98.8%
[MONITORING] [local.openml_t_10090.pygmo_c.amazon-commerce-reviews.0.H2OAutoML] Memory Usage: 62.5%
[MONITORING] [local.openml_t_10090.pygmo_c.amazon-commerce-reviews.0.H2OAutoML] Disk Usage: 43.2%
[MONITORING] [local.openml_t_10090.pygmo_c.amazon-commerce-reviews.0.H2OAutoML] CPU Utilization: 98.6%
[MONITORING] [local.openml_t_10090.pygmo_c.amazon-commerce-reviews.0.H2OAutoML] Memory Usage: 62.5%
[MONITORING] [local.openml_t_10090.pygmo_c.amazon-commerce-reviews.0.H2OAutoML] Disk Usage: 43.2%
[MONITORING] [local.openml_t_10090.pygmo_c.amazon-commerce-reviews.0.H2OAutoML] CPU Utilization: 80.1%
[MONITORING] [local.openml_t_10090.pygmo_c.amazon-commerce-reviews.0.H2OAutoML] Memory Usage: 62.6%
[MONITORING] [local.openml_t_10090.pygmo_c.amazon-commerce-reviews.0.H2OAutoML] Disk Usage: 43.2%
[MONITORING] [local.openml_t_10090.pygmo_c.amazon-commerce-reviews.0.H2OAutoML] CPU Utilization: 96.7%
[MONITORING] [local.openml_t_10090.pygmo_c.amazon-commerce-reviews.0.H2OAutoML] Memory Usage: 62.6%
[MONITORING] [local.openml_t_10090.pygmo_c.amazon-commerce-reviews.0.H2OAutoML] Disk Usage: 43.2%
[MONITORING] [local.openml_t_10090.pygmo_c.amazon-commerce-reviews.0.H2OAutoML] CPU Utilization: 97.1%
[MONITORING] [local.openml_t_10090.pygmo_c.amazon-commerce-reviews.0.H2OAutoML] Memory Usage: 62.6%
[MONITORING] [local.openml_t_10090.pygmo_c.amazon-commerce-reviews.0.H2OAutoML] Disk Usage: 43.2%
AutoML progress: |███████████████████████████████████████████████████████████████| (done) 100%
xgboost prediction progress: |███████████████████████████████████████████████████| (done) 100%
H2O session _sid_a1f4 closed.



Predictions preview:
                   Agresti              Ashbacher                 Auken            Blankenship                 Brody                  Brown               Bukowsky                    CFH             Calvinnme                Chachra               Chandler                 Chell               Cholette                 Comdet                  Corn                  Cutey               Davisson                   Dent               Engineer                 Goonan                 Grove                   Harp                  Hayes                 Janson                Johnson                 Koenig                  Kolln             Lawyeraau                    Lee                Lovitt             Mahlers2nd                   Mark                  McKee                Merritt               Messick               Mitchell               Morrison                  Neal                 Nigam               Peterson                  Power                  Riley                Robert                   Shea                Sherwin                 Taylor                 Vernon                 Vision                Walters                 Wilson predictions       truth
0     0.03280503302812576   0.010316471569240093   0.03066355176270008   0.009245575405657291  0.023868678137660027   0.032221995294094086   0.012469826266169548   0.017095863819122314   0.02334722876548767   0.025218218564987183   0.010073463432490826  0.013447782024741173    0.01768205687403679    0.07137999683618546  0.026774225756525993   0.016248289495706558   0.012676353566348553   0.007703107316046953   0.007280590943992138   0.013087933883070946   0.01054956391453743   0.006916659884154797   0.013639588840305805   0.011432898230850697   0.004578801803290844    0.12630920112133026   0.005025758873671293    0.0762321874499321   0.009292392060160637  0.008210294879972935   0.017997704446315765   0.009511655196547508   0.016291789710521698   0.010325584560632706  0.004569546319544315   0.039296988397836685   0.009846693836152554  0.013702169060707092   0.03261050954461098   0.015247469767928123   0.016131754964590073   0.012644019909203053  0.008838231675326824   0.032601166516542435   0.008032411336898804   0.005033144727349281    0.02112698182463646   0.011904284358024597   0.014430050738155842    0.01406426727771759      Koenig      Koenig
1    0.010562727227807045   0.004668201319873333  0.049608562141656876   0.011047840118408203    0.0352238267660141   0.005905984900891781   0.011779607273638248   0.030306927859783173  0.018388215452432632   0.004317603074014187   0.018328014761209488  0.004560103639960289    0.04931638017296791    0.04734628647565842  0.036959752440452576   0.009574029594659805    0.03499810770153999   0.005923439748585224   0.007146561983972788   0.019748738035559654   0.01983962208032608  0.0066468981094658375    0.04510730877518654  0.0048700422048568726   0.004303329158574343    0.04460933431982994   0.028909699991345406  0.004320494364947081   0.005811498966068029  0.009886068291962147   0.017026450484991074    0.03446967527270317  0.0054361228831112385   0.006464926525950432   0.01060959417372942    0.01872589811682701    0.01743689738214016  0.008354149758815765   0.02842210978269577     0.0128521379083395   0.024387618526816368   0.033635493367910385  0.010395382530987263   0.006625231355428696    0.03958412632346153   0.003033502958714962    0.03405783697962761   0.009870612993836403   0.021200301125645638    0.06739670038223267      Wilson      Koenig
2     0.07274577766656876   0.011927880346775055  0.009557363577187061    0.00463533028960228   0.05277116969227791    0.02858733758330345   0.009673211723566055    0.03744448348879814   0.06006810441613197   0.004802917595952749   0.007837921380996704   0.02071104571223259    0.03986028581857681    0.01774515211582184  0.007687205448746681   0.016035430133342743   0.011249028146266937   0.009961587376892567   0.010996145196259022   0.005669141188263893  0.014981972984969616    0.00731978053227067   0.010821864940226078    0.02545805089175701   0.003516974626109004    0.07308948040008545   0.011258235201239586  0.005656919442117214    0.03580337390303612   0.05515805259346962   0.005198367405682802   0.022166255861520767   0.007584886625409126   0.015037200413644314   0.05708029121160507    0.04374454915523529   0.006622710265219212  0.012736843898892403  0.020645253360271454   0.007973792962729931   0.005276825278997421   0.013901982456445694   0.01581960916519165  0.0077795484103262424    0.02975577861070633   0.006714424584060907   0.007435137405991554   0.013569962233304977   0.011052344925701618  0.0068729836493730545      Koenig      Koenig
3     0.01997770555317402   0.009865745902061462   0.04119047150015831  0.0071819983422756195  0.010977275669574738   0.004645965062081814   0.030077416449785233   0.005223962478339672   0.03228577598929405   0.033601436764001846   0.018881916999816895  0.010946091264486313   0.020664410665631294   0.012498272582888603  0.029799124225974083   0.006658800411969423    0.00853485893458128    0.01026682648807764   0.007162514608353376    0.02722000889480114  0.007558239623904228   0.015077289193868637   0.011464559473097324    0.01814829558134079   0.005346660502254963     0.0355788879096508   0.008614598773419857  0.011265095323324203    0.06734360009431839  0.017123151570558548    0.02466241829097271    0.02276667393743992   0.014542588964104652  0.0037896709982305765  0.010524806566536427    0.11314208060503006   0.006277478765696287  0.017221391201019287   0.03829358518123627    0.02230403944849968   0.008010337129235268   0.020819928497076035  0.012771394103765488    0.06410147249698639   0.005043164826929569   0.003911851439625025   0.008426198735833168   0.027275558561086655   0.011436333879828453    0.01949811354279518    Mitchell  Mahlers2nd
4   0.0032373995054513216   0.006179875694215298   0.00697079673409462  0.0024153736885637045  0.005370526108890772   0.017192132771015167  0.0036768813151866198   0.013989623636007309  0.004739524330943823   0.008486481383442879   0.013149291276931763  0.006475401110947132  0.0063387746922671795   0.016357610002160072  0.004383763764053583   0.018956687301397324   0.017232730984687805   0.013742204755544662   0.009411755949258804   0.042386677116155624  0.014842373318970203  0.0026007331907749176   0.003209964372217655   0.006648346781730652   0.002178376307711005  0.0052193948067724705   0.003092296188697219  0.003897987073287368    0.01396377943456173  0.004525823052972555     0.5710436105728149   0.016548404470086098   0.004606734495609999  0.0019449336687102914  0.003564047859981656   0.005318913143128157  0.0027363221161067486  0.002844870323315263   0.01710161380469799    0.01159761007875204   0.003503335639834404     0.0217299722135067  0.010566659271717072    0.00423932122066617   0.008900727145373821  0.0023049768060445786  0.0037439879961311817    0.01715490221977234   0.003218519501388073     0.0064579788595438  Mahlers2nd  Mahlers2nd
5    0.008467522449791431   0.014598281122744083  0.006600473076105118   0.005000297911465168  0.021766718477010727    0.06817006319761276   0.006337141618132591    0.07255459576845169   0.00955968163907528   0.003124763024970889   0.008458608761429787  0.011604302562773228   0.004523038398474455   0.012728877365589142   0.01331242173910141   0.023912591859698296   0.009188181720674038   0.008173800073564053   0.007304356433451176    0.07254131883382797  0.019653987139463425   0.003555426374077797   0.003968303557485342   0.013668140396475792   0.006438846699893475    0.01596333645284176   0.003521590493619442  0.011120801791548729   0.027472665533423424  0.005604277830570936    0.08377745747566223   0.004633123055100441   0.008572079241275787   0.002724791644141078  0.008435889147222042    0.10783043503761292   0.004468958359211683  0.005011487752199173   0.03665853664278984   0.009302344173192978   0.005319796036928892   0.011434116400778294   0.03341645747423172     0.1367853730916977   0.015954215079545975   0.002812640042975545   0.004601708613336086   0.012375551275908947  0.0037622416857630014  0.0032284001354128122        Shea  Mahlers2nd
6    0.026134483516216278  0.0046957568265497684  0.031339164823293686    0.00764888059347868   0.01218743622303009    0.00952897034585476    0.01271266583353281   0.023367637768387794   0.07126091420650482   0.002817257307469845   0.003539817174896598   0.06297764182090759   0.010885972529649734   0.022235486656427383  0.034837257117033005    0.00414053350687027   0.011602764949202538   0.011347230523824692  0.0038252747617661953   0.008842920884490013  0.015045320615172386   0.013899574056267738   0.014259873889386654    0.05682200565934181   0.004393585026264191    0.03229469433426857    0.13599666953086853   0.01020597293972969  0.0053119417279958725  0.008916844613850117   0.005034661386162043    0.02280132658779621    0.01490666251629591  0.0028424181509763002   0.00491368118673563    0.07726452499628067   0.003993728198111057  0.037069302052259445  0.008832225576043129    0.01439084392040968   0.007714218460023403   0.020238284021615982  0.032749950885772705   0.015519924461841583   0.010834510438144207  0.0041123852133750916   0.008392318151891232   0.009321233257651329  0.0048609510995447636    0.02113226428627968       Kolln       Kolln
7    0.029499979689717293   0.008805991150438786  0.040255527943372726   0.002696502720937133   0.01239942479878664   0.013940449804067612    0.03431228548288345   0.030119527131319046  0.011333991773426533   0.018048077821731567   0.006427030544728041   0.01615240052342415   0.028100362047553062  0.0031874876003712416   0.02144310623407364    0.00974284578114748   0.024647731333971024  0.0046740747056901455  0.0052765971049666405   0.010645737871527672  0.057806894183158875   0.006233891472220421     0.0145862502977252   0.011916306801140308   0.005748397205024958    0.01314703281968832    0.24613408744335175  0.005213335156440735   0.009469028562307358   0.02634464204311371   0.006199253723025322   0.007290003355592489   0.013607016764581203   0.022666776552796364  0.005247798748314381   0.003955598454922438    0.01336528081446886  0.010004399344325066  0.006261842325329781    0.00948468130081892  0.0047349329106509686   0.011907164938747883  0.015435140579938889   0.006480259355157614   0.005361329764127731  0.0042944541200995445   0.010463885962963104   0.006315197795629501    0.03918219357728958       0.06943379342556       Kolln       Kolln
8    0.014147254638373852    0.00276378751732409   0.07986762374639511  0.0022087402176111937   0.00886278785765171  0.0036377906799316406  0.0022020149044692516   0.006682178471237421    0.0160149447619915   0.011922713369131088  0.0066959671676158905  0.003906335681676865   0.002699810778722167  0.0043441602028906345  0.007692115847021341  0.0034396315459161997  0.0051522464491426945    0.02279680222272873    0.00510115223005414   0.002804547781124711  0.024170126765966415   0.007426314055919647  0.0019471041159704328   0.015937674790620804  0.0013411079999059439   0.003292929846793413     0.4850630760192871  0.002284874441102147   0.010584816336631775  0.018429024145007133   0.021736374124884605    0.02567203715443611    0.00743893114849925   0.008193276822566986  0.004519553855061531  0.0060801152139902115   0.030516205355525017  0.013348680920898914  0.005686116870492697   0.006998877041041851    0.00561213493347168  0.0033348530996590853  0.006910770665854216   0.007381628733128309   0.004342499189078808  0.0029415187891572714   0.002985435537993908  0.0012757321819663048   0.020228976383805275    0.03137657418847084       Kolln       Kolln
9    0.002518240362405777   0.007236103527247906   0.03161696717143059   0.006998708937317133   0.00555082131177187   0.009856819175183773   0.007461296860128641  0.0031991724390536547  0.024660008028149605   0.003202766878530383  0.0042830584570765495  0.011309333145618439   0.007438839413225651    0.23859475553035736  0.009181022644042969   0.003798500867560506   0.019350072368979454    0.01706494577229023   0.002182413823902607   0.010541212745010853   0.03502374514937401  0.0040595391765236855   0.008800196461379528  0.0073559219017624855  0.0025127206463366747   0.010574991814792156  0.0024378823582082987  0.004819219931960106   0.012710141018033028  0.009992982260882854    0.04681776836514473   0.016570936888456345   0.014815719798207283  0.0047128633596003056  0.007218973245471716  0.0022876812145113945  0.0025780226569622755  0.007228146307170391  0.017222078517079353  0.0071573988534510136  0.0036998039577156305   0.006135317962616682  0.018491264432668686     0.2884499430656433  0.0040862783789634705  0.0020315279252827168  0.0056405216455459595   0.012164349667727947   0.002744011115282774   0.005614987574517727        Shea        Shea
10   0.006576409097760916   0.004100734833627939  0.008652785792946815   0.005606415215879679    0.0116054592654109    0.03150731697678566   0.004050328396260738   0.015749722719192505  0.022258641198277473   0.021541796624660492   0.022820893675088882  0.011840330436825752    0.06225495785474777   0.009169484488666058  0.008134603500366211    0.03971829265356064     0.0269702710211277    0.01181897521018982  0.0037796711549162865   0.027313167229294777   0.08674339950084686   0.004797655623406172   0.010008629411458969    0.00833368580788374   0.003223055275157094   0.011940302327275276   0.004095034208148718  0.007251565344631672  0.0077959890477359295   0.00830993801355362     0.0185527540743351    0.15975137054920197     0.0324455164372921    0.00905397068709135   0.00979531928896904   0.006215475965291262   0.004003207664936781  0.006073375232517719  0.028114372864365578    0.00807854812592268    0.03961969166994095    0.04923213645815849  0.027420975267887115   0.013857120648026466   0.027745630592107773  0.0033055460080504417   0.012250076979398727   0.012915908358991146   0.017771264538168907  0.0058281985111534595        Mark        Shea
11     0.0208429004997015   0.005208620801568031  0.007899371907114983   0.004370704293251038  0.014827823266386986    0.21733221411705017    0.02053110860288143   0.042233288288116455   0.06445074826478958   0.005918033421039581    0.05643774941563606   0.01209520548582077   0.015022384002804756   0.012502460740506649  0.005529981106519699   0.006555225234478712    0.03025900200009346    0.00927940383553505   0.009992260485887527   0.015463819727301598  0.009597268886864185   0.004941146820783615    0.01160477939993143   0.017854858189821243  0.0038638438563793898   0.007629794999957085   0.005573047790676355  0.027472449466586113   0.025879759341478348  0.033047378063201904    0.03274768218398094   0.028126487508416176   0.009695841930806637   0.004135684110224247  0.004276240710169077   0.004200230818241835   0.005677007604390383  0.018610281869769096   0.03029715083539486   0.009552987292408943   0.005914751440286636    0.01889636740088463  0.015088319778442383     0.0367916002869606    0.02116268500685692  0.0035610029008239508   0.009621101431548595   0.004431528504937887   0.004942151717841625    0.00805426761507988       Brown        Shea
12   0.005537528544664383   0.004227792378515005  0.011120999231934547    0.00436006486415863  0.007257458288222551    0.00934657920151949   0.007454291917383671   0.016134480014443398  0.022831961512565613    0.12175815552473068    0.07737643271684647  0.007676113396883011      0.035765141248703   0.023516317829489708   0.04249957203865051     0.0250422153621912    0.01249910332262516    0.00883098691701889   0.006936561316251755    0.07639499008655548  0.026814615353941917   0.010376734659075737   0.019067583605647087   0.007800521794706583    0.00652793375775218   0.022671159356832504   0.007892122492194176  0.017737261950969696    0.00813239999115467  0.009217476472258568   0.014063778333365917   0.007956045679748058   0.020352749153971672   0.004685134626924992  0.013760922476649284   0.006978391204029322   0.005558012053370476  0.005892903544008732  0.045602377504110336   0.013368668965995312   0.028933309018611908    0.01530440617352724  0.004897809121757746   0.011576525866985321   0.019645245745778084   0.011909415014088154    0.01147597935050726   0.014210551977157593    0.06560178846120834   0.015421418473124504     Chachra        Corn
13   0.007101890165358782   0.004362447187304497  0.004486371297389269   0.003236818825826049  0.016252733767032623  0.0050401948392391205   0.010295549407601357   0.010598289780318737   0.03536222502589226   0.014613091945648193    0.04068213328719139  0.008283393457531929   0.026163559406995773   0.009369784966111183   0.17407014966011047   0.019189102575182915   0.013280866667628288   0.009956995956599712    0.00918515957891941    0.01649230346083641  0.052812062203884125   0.004569322802126408   0.006343427114188671   0.009615321643650532   0.002581321634352207      0.017879668623209    0.01200324110686779  0.014202127233147621   0.005461917258799076   0.03446616232395172   0.020341595634818077    0.06102794408798218   0.011752070859074593     0.0061415727250278  0.005525529384613037    0.00550708407536149   0.012958556413650513  0.003452637931331992  0.017649684101343155   0.004224840551614761   0.004873356316238642    0.10991718620061874  0.007322981487959623   0.004576068837195635     0.0190108772367239  0.0028367743361741304   0.004267862997949123    0.02467714436352253    0.03195115923881531   0.044027455151081085        Corn        Corn
14   0.016503596678376198    0.01685766503214836  0.007554113864898682   0.003616318805143237   0.06372365355491638   0.012994649820029736   0.010212370194494724   0.008041379041969776    0.0362507589161396   0.007646717131137848   0.004566912539303303  0.022823914885520935   0.044644005596637726   0.009243193082511425   0.04583872854709625   0.030399829149246216   0.007539618760347366   0.010528083890676498   0.004474096931517124   0.031764786690473557  0.010522025637328625   0.004579504020512104    0.04753413051366806    0.06686554104089737    0.00434286892414093    0.00852985493838787   0.008676744066178799   0.00483354926109314    0.01663636788725853  0.028649909421801567   0.006440896540880203   0.026109816506505013    0.12477733939886093  0.0030566921923309565  0.009580377489328384   0.005920657888054848   0.005356428679078817   0.01792745850980282  0.007346808444708586   0.005290504079312086    0.06159751117229462   0.009671897627413273  0.005328848958015442  0.0071804155595600605   0.006360341794788837   0.010151226073503494    0.00997090246528387   0.050886500626802444   0.013509376905858517   0.017141103744506836       McKee        Corn
15   0.008699440397322178   0.008103366009891033   0.06296421587467194   0.004114971030503511  0.019566752016544342   0.010605407878756523    0.04884805157780647   0.011726533994078636  0.030674487352371216   0.005111825652420521     0.0059513826854527   0.01884514093399048   0.007506169844418764    0.01648251712322235  0.006860805209726095   0.009927183389663696    0.01192873902618885   0.005559027660638094   0.004552063066512346    0.01121247187256813   0.01228287536650896   0.014606542885303497     0.0205911323428154    0.05865093693137169    0.00444288132712245   0.007895235903561115   0.011828668415546417  0.017369823530316353    0.03767668828368187   0.08733534812927246    0.00626795319840312  0.0052864388562738895   0.034539975225925446   0.004458196926862001  0.010445539839565754   0.008748612366616726   0.050166379660367966   0.02429073490202427   0.01051984541118145   0.011448794975876808   0.022769011557102203   0.007344922050833702  0.016239767894148827   0.010107571259140968    0.00945247896015644   0.024536391720175743   0.037315502762794495    0.07103964686393738    0.01647844724357128    0.03662307560443878      Lovitt      Wilson
16    0.00495445029810071   0.012359850108623505  0.054680921137332916  0.0028091680724173784   0.01651989109814167   0.004661841318011284    0.04672021418809891  0.0031758209224790335  0.007731495890766382  0.0025437527801841497   0.009449279867112637  0.009954133071005344   0.006888334173709154  0.0061781336553394794  0.016763415187597275   0.033477988094091415   0.009216654114425182   0.004998105112463236  0.0028928867541253567  0.0030019674450159073  0.010464701801538467     0.0028810806106776   0.005668241530656815    0.03349100798368454  0.0039670467376708984   0.016028976067900658   0.004835680592805147  0.009234105236828327   0.009397517889738083   0.02898399904370308   0.017480360344052315   0.006226173602044582   0.013719909824430943  0.0025664702989161015   0.05013011768460274    0.00963285006582737   0.009706114418804646   0.00933807622641325  0.017015619203448296   0.061790917068719864    0.03230876475572586    0.03093854710459709   0.02724105305969715    0.01452044676989317  0.0049538700841367245   0.006912035867571831   0.050988975912332535  0.0036461995914578438   0.038579460233449936    0.20837338268756866      Wilson      Wilson
17   0.020781051367521286   0.012112579308450222  0.012669296003878117   0.009114296175539494  0.023521345108747482  0.0052829463966190815     0.0149201899766922   0.010217221453785896  0.018151259049773216    0.00919478852301836    0.00434100441634655   0.13134470582008362   0.032916512340307236   0.009423719719052315   0.03689951077103615   0.008492868393659592    0.06010947749018669   0.010924682952463627   0.006725729908794165   0.018316874280571938   0.03848101571202278  0.0035630306228995323   0.004237401764839888   0.009194658137857914  0.0029438247438520193   0.014543510973453522   0.008700133301317692  0.026540501043200493   0.003580900840461254   0.04046417772769928   0.011105125769972801   0.005197462160140276    0.06071921065449715   0.002924869768321514  0.027098603546619415    0.01638154126703739   0.009605608880519867  0.013949459418654442  0.005404043942689896    0.03705364093184471    0.00451777596026659   0.007468210067600012   0.01341993361711502    0.00788144487887621   0.004737836308777332   0.003019168972969055     0.0356072261929512   0.011324300430715084   0.010114002972841263    0.10476129502058029       Chell      Wilson
18   0.011207793839275837   0.007168103475123644  0.017462855204939842  0.0038307984359562397   0.02232426404953003    0.03946453332901001    0.01599523052573204   0.013355432078242302  0.022535020485520363    0.01686519756913185    0.01684904843568802  0.008625003509223461   0.022488482296466827    0.02082235738635063    0.0586794950067997   0.010869292542338371    0.00701368460431695   0.006646356545388699   0.005179202184081078    0.09429479390382767  0.011173322796821594   0.007736888714134693   0.008065443485975266   0.017336830496788025   0.006880347151309252   0.028922991827130318  0.0067764101549983025  0.012235359288752079   0.021145077422261238  0.014562387019395828   0.010159281082451344  0.0076094577088952065   0.033049825578927994   0.026570100337266922  0.019867051392793655   0.025205017998814583   0.011870313435792923  0.019494913518428802  0.015372018329799175    0.01081096101552248   0.006485051941126585    0.02126573584973812  0.007948603481054306   0.004872726276516914   0.036448121070861816   0.005076779052615166   0.014965470880270004    0.05875232815742493    0.07950461655855179   0.028159650042653084      Goonan      Goonan
19    0.00827114749699831   0.009898100979626179  0.011939670890569687   0.016742784529924393   0.04460741579532623    0.02075447328388691   0.021983252838253975   0.030093880370259285  0.010816716589033604   0.007284833583980799   0.008078043349087238   0.02308264933526516   0.028249694034457207   0.003892909735441208   0.08339398354291916   0.007292719557881355   0.008188965730369091   0.009780578315258026  0.0032863160595297813    0.07526496797800064   0.02417742647230625   0.003280356992036104   0.005325342528522015    0.00870429165661335   0.005907822400331497   0.022490035742521286   0.011803459376096725   0.00696667842566967    0.07090757042169571   0.01426838431507349  0.0066224695183336735   0.011912797577679157   0.007439295295625925  0.0026665807235985994  0.026063572615385056   0.010770678520202637   0.005812756717205048   0.05090948939323425   0.06603583693504333    0.01058342307806015   0.008509933948516846   0.010536463931202888  0.020173383876681328   0.004841716960072517   0.022111566737294197   0.009494497440755367   0.008219066075980663    0.05616395175457001    0.04784099757671356   0.006557020824402571        Corn      Goonan

Predictions saved to `/home/juradoi/experiments/automlbenchmark/results/h2oautoml.openml_t_10090.pygmo_c.local.20211209T182854/predictions/amazon-commerce-reviews/0/predictions.csv`.
Loading metadata from `/home/juradoi/experiments/automlbenchmark/results/h2oautoml.openml_t_10090.pygmo_c.local.20211209T182854/predictions/amazon-commerce-reviews/0/metadata.json`.
Loading predictions from `/home/juradoi/experiments/automlbenchmark/results/h2oautoml.openml_t_10090.pygmo_c.local.20211209T182854/predictions/amazon-commerce-reviews/0/predictions.csv`.
Metric scores: { 'acc': 0.56,
  'app_version': 'dev [master, beef024]',
  'balacc': 0.5599999999999998,
  'constraint': 'pygmo_c',
  'duration': nan,
  'fold': 0,
  'framework': 'H2OAutoML',
  'id': 'openml.org/t/10090',
  'info': None,
  'logloss': 1.9568098464533787,
  'metric': 'neg_logloss',
  'mode': 'local',
  'models_count': 6,
  'params': '',
  'predict_duration': 0.3500699996948242,
  'result': -1.9568098464533787,
  'seed': 2082775382,
  'task': 'amazon-commerce-reviews',
  'training_duration': 3634.315534353256,
  'type': 'multiclass',
  'utc': '2021-12-09T19:29:48',
  'version': '3.34.0.3'}
Job `local.openml_t_10090.pygmo_c.amazon-commerce-reviews.0.H2OAutoML` executed in 3653.420 seconds.
All jobs executed in 3653.456 seconds.
[MONITORING] [local.openml_t_10090.pygmo_c.amazon-commerce-reviews.0.H2OAutoML] CPU Utilization: 88.4%
[MONITORING] [local.openml_t_10090.pygmo_c.amazon-commerce-reviews.0.H2OAutoML] Memory Usage: 2.2%
[MONITORING] [local.openml_t_10090.pygmo_c.amazon-commerce-reviews.0.H2OAutoML] Disk Usage: 43.2%
Processing results for h2oautoml.openml_t_10090.pygmo_c.local.20211209T182854
Scores saved to `/home/juradoi/experiments/automlbenchmark/results/h2oautoml.openml_t_10090.pygmo_c.local.20211209T182854/scores/H2OAutoML.benchmark_openml_t_10090.csv`.
Scores saved to `/home/juradoi/experiments/automlbenchmark/results/h2oautoml.openml_t_10090.pygmo_c.local.20211209T182854/scores/results.csv`.
Scores saved to `/home/juradoi/experiments/automlbenchmark/results/results.csv`.
Summing up scores for current run:
                id                    task fold framework constraint   result      metric  duration       seed
openml.org/t/10090 amazon-commerce-reviews    0 H2OAutoML    pygmo_c -1.95681 neg_logloss    3653.4 2082775382
