/var/spool/slurm/slurmd/job8493634/slurm_script: line 8: activate: No such file or directory
Running benchmark `H2OAutoML` on `openml/t/168868` framework in `local` mode.
Loading frameworks definitions from ['/home/juradoi/experiments/automlbenchmark/resources/frameworks.yaml'].
Loading benchmark constraint definitions from ['/home/juradoi/experiments/automlbenchmark/resources/constraints.yaml'].
Loading openml task 168868.

------------------------------------------------------------------
Starting job local.openml_t_168868.pygmo_c.APSFailure.0.H2OAutoML.
Assigning 16 cores (total=16) for new task APSFailure.
Assigning 91143 MB (total=95302 MB) for new APSFailure task.
[MONITORING] [local.openml_t_168868.pygmo_c.APSFailure.0.H2OAutoML] CPU Utilization: 18.1%
[MONITORING] [local.openml_t_168868.pygmo_c.APSFailure.0.H2OAutoML] Memory Usage: 2.2%
[MONITORING] [local.openml_t_168868.pygmo_c.APSFailure.0.H2OAutoML] Disk Usage: 43.2%
Running task APSFailure on framework H2OAutoML with config:
TaskConfig({})
Running cmd `/home/juradoi/experiments/automlbenchmark/frameworks/H2OAutoML/venv/bin/python -W ignore /home/juradoi/experiments/automlbenchmark/frameworks/H2OAutoML/exec.py`
INFO:__main__:
**** H2O AutoML [v3.34.0.3] ****

INFO:__main__:Starting H2O cluster with 16 cores, 60762M memory.
Checking whether there is an H2O instance running at http://localhost:33233 ..... not found.
Attempting to start a local H2O server...
  Java Version: openjdk version "11.0.12" 2021-07-20; OpenJDK Runtime Environment (build 11.0.12+7-post-Debian-2deb10u1); OpenJDK 64-Bit Server VM (build 11.0.12+7-post-Debian-2deb10u1, mixed mode, sharing)
  Starting server from /home/juradoi/experiments/automlbenchmark/frameworks/H2OAutoML/venv/lib/python3.8/site-packages/h2o/backend/bin/h2o.jar
  Ice root: /tmp/tmpuypai246
  JVM stdout: /tmp/tmpuypai246/h2o_unknownUser_started_from_python.out
  JVM stderr: /tmp/tmpuypai246/h2o_unknownUser_started_from_python.err
  Server is running at http://127.0.0.1:33233
Connecting to H2O server at http://127.0.0.1:33233 ... successful.
--------------------------  ------------------------------------------------------------------
H2O_cluster_uptime:         01 secs
H2O_cluster_timezone:       Europe/Amsterdam
H2O_data_parsing_timezone:  UTC
H2O_cluster_version:        3.34.0.3
H2O_cluster_version_age:    2 months and 2 days
H2O_cluster_name:           H2O_from_python_unknownUser_v3ognh
H2O_cluster_total_nodes:    1
H2O_cluster_free_memory:    59.34 Gb
H2O_cluster_total_cores:    16
H2O_cluster_allowed_cores:  16
H2O_cluster_status:         locked, healthy
H2O_connection_url:         http://127.0.0.1:33233
H2O_connection_proxy:       {"http": null, "https": null}
H2O_internal_security:      False
H2O_API_Extensions:         Amazon S3, XGBoost, Algos, AutoML, Core V3, TargetEncoder, Core V4
Python_version:             3.8.12 final
--------------------------  ------------------------------------------------------------------
Parse progress: |████████████████████████████████████████████████████████████████| (done) 100%
Parse progress: |████████████████████████████████████████████████████████████████| (done) 100%
INFO:__main__:Running model on task APSFailure, fold 0.
[MONITORING] [local.openml_t_168868.pygmo_c.APSFailure.0.H2OAutoML] CPU Utilization: 84.0%
[MONITORING] [local.openml_t_168868.pygmo_c.APSFailure.0.H2OAutoML] Memory Usage: 12.2%
[MONITORING] [local.openml_t_168868.pygmo_c.APSFailure.0.H2OAutoML] Disk Usage: 43.2%
[MONITORING] [local.openml_t_168868.pygmo_c.APSFailure.0.H2OAutoML] CPU Utilization: 84.7%
[MONITORING] [local.openml_t_168868.pygmo_c.APSFailure.0.H2OAutoML] Memory Usage: 44.6%
[MONITORING] [local.openml_t_168868.pygmo_c.APSFailure.0.H2OAutoML] Disk Usage: 43.2%
[MONITORING] [local.openml_t_168868.pygmo_c.APSFailure.0.H2OAutoML] CPU Utilization: 81.6%
[MONITORING] [local.openml_t_168868.pygmo_c.APSFailure.0.H2OAutoML] Memory Usage: 45.1%
[MONITORING] [local.openml_t_168868.pygmo_c.APSFailure.0.H2OAutoML] Disk Usage: 43.2%
AutoML progress: |███████████████████
22:08:44.39: XRT_1_AutoML_1_20211209_220234 [DRF XRT (Extremely Randomized Trees)] failed: java.lang.AssertionError

[MONITORING] [local.openml_t_168868.pygmo_c.APSFailure.0.H2OAutoML] CPU Utilization: 83.1%
[MONITORING] [local.openml_t_168868.pygmo_c.APSFailure.0.H2OAutoML] Memory Usage: 45.1%
[MONITORING] [local.openml_t_168868.pygmo_c.APSFailure.0.H2OAutoML] Disk Usage: 43.2%
[MONITORING] [local.openml_t_168868.pygmo_c.APSFailure.0.H2OAutoML] CPU Utilization: 89.2%
[MONITORING] [local.openml_t_168868.pygmo_c.APSFailure.0.H2OAutoML] Memory Usage: 45.2%
[MONITORING] [local.openml_t_168868.pygmo_c.APSFailure.0.H2OAutoML] Disk Usage: 43.2%
[MONITORING] [local.openml_t_168868.pygmo_c.APSFailure.0.H2OAutoML] CPU Utilization: 85.5%
[MONITORING] [local.openml_t_168868.pygmo_c.APSFailure.0.H2OAutoML] Memory Usage: 45.1%
[MONITORING] [local.openml_t_168868.pygmo_c.APSFailure.0.H2OAutoML] Disk Usage: 43.2%
[MONITORING] [local.openml_t_168868.pygmo_c.APSFailure.0.H2OAutoML] CPU Utilization: 88.3%
[MONITORING] [local.openml_t_168868.pygmo_c.APSFailure.0.H2OAutoML] Memory Usage: 45.2%
[MONITORING] [local.openml_t_168868.pygmo_c.APSFailure.0.H2OAutoML] Disk Usage: 43.2%
[MONITORING] [local.openml_t_168868.pygmo_c.APSFailure.0.H2OAutoML] CPU Utilization: 88.8%
[MONITORING] [local.openml_t_168868.pygmo_c.APSFailure.0.H2OAutoML] Memory Usage: 45.1%
[MONITORING] [local.openml_t_168868.pygmo_c.APSFailure.0.H2OAutoML] Disk Usage: 43.2%
[MONITORING] [local.openml_t_168868.pygmo_c.APSFailure.0.H2OAutoML] CPU Utilization: 87.8%
[MONITORING] [local.openml_t_168868.pygmo_c.APSFailure.0.H2OAutoML] Memory Usage: 45.1%
[MONITORING] [local.openml_t_168868.pygmo_c.APSFailure.0.H2OAutoML] Disk Usage: 43.2%
[MONITORING] [local.openml_t_168868.pygmo_c.APSFailure.0.H2OAutoML] CPU Utilization: 86.5%
[MONITORING] [local.openml_t_168868.pygmo_c.APSFailure.0.H2OAutoML] Memory Usage: 45.2%
[MONITORING] [local.openml_t_168868.pygmo_c.APSFailure.0.H2OAutoML] Disk Usage: 43.2%
[MONITORING] [local.openml_t_168868.pygmo_c.APSFailure.0.H2OAutoML] CPU Utilization: 87.3%
[MONITORING] [local.openml_t_168868.pygmo_c.APSFailure.0.H2OAutoML] Memory Usage: 45.3%
[MONITORING] [local.openml_t_168868.pygmo_c.APSFailure.0.H2OAutoML] Disk Usage: 43.2%
[MONITORING] [local.openml_t_168868.pygmo_c.APSFailure.0.H2OAutoML] CPU Utilization: 87.2%
[MONITORING] [local.openml_t_168868.pygmo_c.APSFailure.0.H2OAutoML] Memory Usage: 45.2%
[MONITORING] [local.openml_t_168868.pygmo_c.APSFailure.0.H2OAutoML] Disk Usage: 43.2%
[MONITORING] [local.openml_t_168868.pygmo_c.APSFailure.0.H2OAutoML] CPU Utilization: 88.8%
[MONITORING] [local.openml_t_168868.pygmo_c.APSFailure.0.H2OAutoML] Memory Usage: 45.4%
[MONITORING] [local.openml_t_168868.pygmo_c.APSFailure.0.H2OAutoML] Disk Usage: 43.2%
[MONITORING] [local.openml_t_168868.pygmo_c.APSFailure.0.H2OAutoML] CPU Utilization: 87.8%
[MONITORING] [local.openml_t_168868.pygmo_c.APSFailure.0.H2OAutoML] Memory Usage: 45.4%
[MONITORING] [local.openml_t_168868.pygmo_c.APSFailure.0.H2OAutoML] Disk Usage: 43.2%
[MONITORING] [local.openml_t_168868.pygmo_c.APSFailure.0.H2OAutoML] CPU Utilization: 91.9%
[MONITORING] [local.openml_t_168868.pygmo_c.APSFailure.0.H2OAutoML] Memory Usage: 45.5%
[MONITORING] [local.openml_t_168868.pygmo_c.APSFailure.0.H2OAutoML] Disk Usage: 43.2%
[MONITORING] [local.openml_t_168868.pygmo_c.APSFailure.0.H2OAutoML] CPU Utilization: 88.6%
[MONITORING] [local.openml_t_168868.pygmo_c.APSFailure.0.H2OAutoML] Memory Usage: 45.4%
[MONITORING] [local.openml_t_168868.pygmo_c.APSFailure.0.H2OAutoML] Disk Usage: 43.2%
[MONITORING] [local.openml_t_168868.pygmo_c.APSFailure.0.H2OAutoML] CPU Utilization: 84.6%
[MONITORING] [local.openml_t_168868.pygmo_c.APSFailure.0.H2OAutoML] Memory Usage: 45.4%
[MONITORING] [local.openml_t_168868.pygmo_c.APSFailure.0.H2OAutoML] Disk Usage: 43.2%
[MONITORING] [local.openml_t_168868.pygmo_c.APSFailure.0.H2OAutoML] CPU Utilization: 84.1%
[MONITORING] [local.openml_t_168868.pygmo_c.APSFailure.0.H2OAutoML] Memory Usage: 45.6%
[MONITORING] [local.openml_t_168868.pygmo_c.APSFailure.0.H2OAutoML] Disk Usage: 43.2%
[MONITORING] [local.openml_t_168868.pygmo_c.APSFailure.0.H2OAutoML] CPU Utilization: 87.3%
[MONITORING] [local.openml_t_168868.pygmo_c.APSFailure.0.H2OAutoML] Memory Usage: 45.6%
[MONITORING] [local.openml_t_168868.pygmo_c.APSFailure.0.H2OAutoML] Disk Usage: 43.2%
[MONITORING] [local.openml_t_168868.pygmo_c.APSFailure.0.H2OAutoML] CPU Utilization: 89.6%
[MONITORING] [local.openml_t_168868.pygmo_c.APSFailure.0.H2OAutoML] Memory Usage: 45.9%
[MONITORING] [local.openml_t_168868.pygmo_c.APSFailure.0.H2OAutoML] Disk Usage: 43.2%
[MONITORING] [local.openml_t_168868.pygmo_c.APSFailure.0.H2OAutoML] CPU Utilization: 85.4%
[MONITORING] [local.openml_t_168868.pygmo_c.APSFailure.0.H2OAutoML] Memory Usage: 45.9%
[MONITORING] [local.openml_t_168868.pygmo_c.APSFailure.0.H2OAutoML] Disk Usage: 43.2%
[MONITORING] [local.openml_t_168868.pygmo_c.APSFailure.0.H2OAutoML] CPU Utilization: 86.3%
[MONITORING] [local.openml_t_168868.pygmo_c.APSFailure.0.H2OAutoML] Memory Usage: 45.9%
[MONITORING] [local.openml_t_168868.pygmo_c.APSFailure.0.H2OAutoML] Disk Usage: 43.2%
[MONITORING] [local.openml_t_168868.pygmo_c.APSFailure.0.H2OAutoML] CPU Utilization: 86.9%
[MONITORING] [local.openml_t_168868.pygmo_c.APSFailure.0.H2OAutoML] Memory Usage: 46.0%
[MONITORING] [local.openml_t_168868.pygmo_c.APSFailure.0.H2OAutoML] Disk Usage: 43.2%
[MONITORING] [local.openml_t_168868.pygmo_c.APSFailure.0.H2OAutoML] CPU Utilization: 86.5%
[MONITORING] [local.openml_t_168868.pygmo_c.APSFailure.0.H2OAutoML] Memory Usage: 46.0%
[MONITORING] [local.openml_t_168868.pygmo_c.APSFailure.0.H2OAutoML] Disk Usage: 43.2%
[MONITORING] [local.openml_t_168868.pygmo_c.APSFailure.0.H2OAutoML] CPU Utilization: 95.4%
[MONITORING] [local.openml_t_168868.pygmo_c.APSFailure.0.H2OAutoML] Memory Usage: 46.1%
[MONITORING] [local.openml_t_168868.pygmo_c.APSFailure.0.H2OAutoML] Disk Usage: 43.2%
[MONITORING] [local.openml_t_168868.pygmo_c.APSFailure.0.H2OAutoML] CPU Utilization: 95.4%
[MONITORING] [local.openml_t_168868.pygmo_c.APSFailure.0.H2OAutoML] Memory Usage: 46.1%
[MONITORING] [local.openml_t_168868.pygmo_c.APSFailure.0.H2OAutoML] Disk Usage: 43.2%
[MONITORING] [local.openml_t_168868.pygmo_c.APSFailure.0.H2OAutoML] CPU Utilization: 96.6%
[MONITORING] [local.openml_t_168868.pygmo_c.APSFailure.0.H2OAutoML] Memory Usage: 46.1%
[MONITORING] [local.openml_t_168868.pygmo_c.APSFailure.0.H2OAutoML] Disk Usage: 43.2%
[MONITORING] [local.openml_t_168868.pygmo_c.APSFailure.0.H2OAutoML] CPU Utilization: 96.9%
[MONITORING] [local.openml_t_168868.pygmo_c.APSFailure.0.H2OAutoML] Memory Usage: 46.1%
[MONITORING] [local.openml_t_168868.pygmo_c.APSFailure.0.H2OAutoML] Disk Usage: 43.2%
[MONITORING] [local.openml_t_168868.pygmo_c.APSFailure.0.H2OAutoML] CPU Utilization: 92.9%
[MONITORING] [local.openml_t_168868.pygmo_c.APSFailure.0.H2OAutoML] Memory Usage: 46.1%
[MONITORING] [local.openml_t_168868.pygmo_c.APSFailure.0.H2OAutoML] Disk Usage: 43.2%
[MONITORING] [local.openml_t_168868.pygmo_c.APSFailure.0.H2OAutoML] CPU Utilization: 87.8%
[MONITORING] [local.openml_t_168868.pygmo_c.APSFailure.0.H2OAutoML] Memory Usage: 46.3%
[MONITORING] [local.openml_t_168868.pygmo_c.APSFailure.0.H2OAutoML] Disk Usage: 43.2%
████████████████████████████████████████████| (done) 100%
stackedensemble prediction progress: |███████████████████████████████████████████| (done) 100%
H2O session _sid_8f27 closed.



Predictions preview:
                    neg                    pos predictions truth
0   0.9998890905628534   1.109094371466073E-4         neg   neg
1   0.9999410576014328   5.894239856723874E-5         neg   neg
2   0.9997878981296915  2.1210187030847827E-4         neg   neg
3   0.9998501531000173  1.4984689998264776E-4         neg   neg
4   0.9999168227463344    8.31772536656259E-5         neg   neg
5   0.9999273716173416   7.262838265838094E-5         neg   neg
6   0.9998832821882443  1.1671781175566265E-4         neg   neg
7   0.9995978625715173  4.0213742848274083E-4         neg   neg
8   0.9948370258779097   0.005162974122090299         neg   neg
9    0.999817281569129  1.8271843087101504E-4         neg   neg
10  0.9847970426862485   0.015202957313751575         neg   neg
11   0.978119429218043   0.021880570781957095         neg   neg
12  0.9992566351961409   7.433648038590976E-4         neg   neg
13  0.9988160654461493   0.001183934553850693         neg   neg
14  0.9994740487737568   5.259512262432549E-4         neg   neg
15  0.9999371529495444   6.284705045556098E-5         neg   neg
16  0.9999357456694353   6.425433056466478E-5         neg   neg
17  0.9998008649595623  1.9913504043764571E-4         neg   neg
18  0.9999741904248876  2.5809575112424256E-5         neg   neg
19  0.9997772251035324  2.2277489646763937E-4         neg   neg

Predictions saved to `/home/juradoi/experiments/automlbenchmark/results/h2oautoml.openml_t_168868.pygmo_c.local.20211209T210223/predictions/APSFailure/0/predictions.csv`.
Loading metadata from `/home/juradoi/experiments/automlbenchmark/results/h2oautoml.openml_t_168868.pygmo_c.local.20211209T210223/predictions/APSFailure/0/metadata.json`.
Loading predictions from `/home/juradoi/experiments/automlbenchmark/results/h2oautoml.openml_t_168868.pygmo_c.local.20211209T210223/predictions/APSFailure/0/predictions.csv`.
Metric scores: { 'acc': 0.9947368421052631,
  'app_version': 'dev [master, beef024]',
  'auc': 0.9910350918546093,
  'balacc': 0.897006252744684,
  'constraint': 'pygmo_c',
  'duration': nan,
  'fold': 0,
  'framework': 'H2OAutoML',
  'id': 'openml.org/t/168868',
  'info': None,
  'logloss': 0.014990320829991957,
  'metric': 'auc',
  'mode': 'local',
  'models_count': 85,
  'params': '',
  'predict_duration': 0.3173635005950928,
  'result': 0.9910350918546093,
  'seed': 2107506153,
  'task': 'APSFailure',
  'training_duration': 3601.9473118782043,
  'type': 'binary',
  'utc': '2021-12-09T22:02:38',
  'version': '3.34.0.3'}
Job `local.openml_t_168868.pygmo_c.APSFailure.0.H2OAutoML` executed in 3614.815 seconds.
All jobs executed in 3614.852 seconds.
[MONITORING] [local.openml_t_168868.pygmo_c.APSFailure.0.H2OAutoML] CPU Utilization: 47.9%
[MONITORING] [local.openml_t_168868.pygmo_c.APSFailure.0.H2OAutoML] Memory Usage: 2.2%
[MONITORING] [local.openml_t_168868.pygmo_c.APSFailure.0.H2OAutoML] Disk Usage: 43.2%
Processing results for h2oautoml.openml_t_168868.pygmo_c.local.20211209T210223
Scores saved to `/home/juradoi/experiments/automlbenchmark/results/h2oautoml.openml_t_168868.pygmo_c.local.20211209T210223/scores/H2OAutoML.benchmark_openml_t_168868.csv`.
Scores saved to `/home/juradoi/experiments/automlbenchmark/results/h2oautoml.openml_t_168868.pygmo_c.local.20211209T210223/scores/results.csv`.
Scores saved to `/home/juradoi/experiments/automlbenchmark/results/results.csv`.
Summing up scores for current run:
                 id       task fold framework constraint   result metric  duration       seed
openml.org/t/168868 APSFailure    0 H2OAutoML    pygmo_c 0.991035    auc    3614.8 2107506153
