/var/spool/slurm/slurmd/job8492999/slurm_script: line 8: activate: No such file or directory
Running benchmark `H2OAutoML` on `openml/t/10090` framework in `local` mode.
Loading frameworks definitions from ['/home/juradoi/experiments/automlbenchmark/resources/frameworks.yaml'].
Loading benchmark constraint definitions from ['/home/juradoi/experiments/automlbenchmark/resources/constraints.yaml'].
Loading openml task 10090.

------------------------------------------------------------------------------
Starting job local.openml_t_10090.pygmo_c.amazon-commerce-reviews.0.H2OAutoML.
Assigning 16 cores (total=16) for new task amazon-commerce-reviews.
Assigning 91138 MB (total=95302 MB) for new amazon-commerce-reviews task.
[MONITORING] [local.openml_t_10090.pygmo_c.amazon-commerce-reviews.0.H2OAutoML] CPU Utilization: 18.4%
[MONITORING] [local.openml_t_10090.pygmo_c.amazon-commerce-reviews.0.H2OAutoML] Memory Usage: 2.2%
[MONITORING] [local.openml_t_10090.pygmo_c.amazon-commerce-reviews.0.H2OAutoML] Disk Usage: 43.2%
Running task amazon-commerce-reviews on framework H2OAutoML with config:
TaskConfig({})
Running cmd `/home/juradoi/experiments/automlbenchmark/frameworks/H2OAutoML/venv/bin/python -W ignore /home/juradoi/experiments/automlbenchmark/frameworks/H2OAutoML/exec.py`
INFO:__main__:
**** H2O AutoML [v3.34.0.3] ****

INFO:__main__:Starting H2O cluster with 16 cores, 60759M memory.
Checking whether there is an H2O instance running at http://localhost:8645 ..... not found.
Attempting to start a local H2O server...
  Java Version: openjdk version "11.0.12" 2021-07-20; OpenJDK Runtime Environment (build 11.0.12+7-post-Debian-2deb10u1); OpenJDK 64-Bit Server VM (build 11.0.12+7-post-Debian-2deb10u1, mixed mode, sharing)
  Starting server from /home/juradoi/experiments/automlbenchmark/frameworks/H2OAutoML/venv/lib/python3.8/site-packages/h2o/backend/bin/h2o.jar
  Ice root: /tmp/tmp6wxa4cbb
  JVM stdout: /tmp/tmp6wxa4cbb/h2o_unknownUser_started_from_python.out
  JVM stderr: /tmp/tmp6wxa4cbb/h2o_unknownUser_started_from_python.err
  Server is running at http://127.0.0.1:8645
Connecting to H2O server at http://127.0.0.1:8645 ... successful.
--------------------------  ------------------------------------------------------------------
H2O_cluster_uptime:         01 secs
H2O_cluster_timezone:       Europe/Amsterdam
H2O_data_parsing_timezone:  UTC
H2O_cluster_version:        3.34.0.3
H2O_cluster_version_age:    2 months and 2 days
H2O_cluster_name:           H2O_from_python_unknownUser_yhmfra
H2O_cluster_total_nodes:    1
H2O_cluster_free_memory:    59.34 Gb
H2O_cluster_total_cores:    16
H2O_cluster_allowed_cores:  16
H2O_cluster_status:         locked, healthy
H2O_connection_url:         http://127.0.0.1:8645
H2O_connection_proxy:       {"http": null, "https": null}
H2O_internal_security:      False
H2O_API_Extensions:         Amazon S3, XGBoost, Algos, AutoML, Core V3, TargetEncoder, Core V4
Python_version:             3.8.12 final
--------------------------  ------------------------------------------------------------------
Parse progress: |████████████████████████████████████████████████████████████████| (done) 100%
Parse progress: |████████████████████████████████████████████████████████████████| (done) 100%
INFO:__main__:Running model on task amazon-commerce-reviews, fold 0.
[MONITORING] [local.openml_t_10090.pygmo_c.amazon-commerce-reviews.0.H2OAutoML] CPU Utilization: 64.5%
[MONITORING] [local.openml_t_10090.pygmo_c.amazon-commerce-reviews.0.H2OAutoML] Memory Usage: 28.8%
[MONITORING] [local.openml_t_10090.pygmo_c.amazon-commerce-reviews.0.H2OAutoML] Disk Usage: 43.2%
[MONITORING] [local.openml_t_10090.pygmo_c.amazon-commerce-reviews.0.H2OAutoML] CPU Utilization: 65.2%
[MONITORING] [local.openml_t_10090.pygmo_c.amazon-commerce-reviews.0.H2OAutoML] Memory Usage: 46.4%
[MONITORING] [local.openml_t_10090.pygmo_c.amazon-commerce-reviews.0.H2OAutoML] Disk Usage: 43.2%
[MONITORING] [local.openml_t_10090.pygmo_c.amazon-commerce-reviews.0.H2OAutoML] CPU Utilization: 67.7%
[MONITORING] [local.openml_t_10090.pygmo_c.amazon-commerce-reviews.0.H2OAutoML] Memory Usage: 52.2%
[MONITORING] [local.openml_t_10090.pygmo_c.amazon-commerce-reviews.0.H2OAutoML] Disk Usage: 43.2%
[MONITORING] [local.openml_t_10090.pygmo_c.amazon-commerce-reviews.0.H2OAutoML] CPU Utilization: 65.2%
[MONITORING] [local.openml_t_10090.pygmo_c.amazon-commerce-reviews.0.H2OAutoML] Memory Usage: 52.3%
[MONITORING] [local.openml_t_10090.pygmo_c.amazon-commerce-reviews.0.H2OAutoML] Disk Usage: 43.2%
[MONITORING] [local.openml_t_10090.pygmo_c.amazon-commerce-reviews.0.H2OAutoML] CPU Utilization: 67.6%
[MONITORING] [local.openml_t_10090.pygmo_c.amazon-commerce-reviews.0.H2OAutoML] Memory Usage: 53.8%
[MONITORING] [local.openml_t_10090.pygmo_c.amazon-commerce-reviews.0.H2OAutoML] Disk Usage: 43.2%
[MONITORING] [local.openml_t_10090.pygmo_c.amazon-commerce-reviews.0.H2OAutoML] CPU Utilization: 65.3%
[MONITORING] [local.openml_t_10090.pygmo_c.amazon-commerce-reviews.0.H2OAutoML] Memory Usage: 53.8%
[MONITORING] [local.openml_t_10090.pygmo_c.amazon-commerce-reviews.0.H2OAutoML] Disk Usage: 43.2%
[MONITORING] [local.openml_t_10090.pygmo_c.amazon-commerce-reviews.0.H2OAutoML] CPU Utilization: 67.6%
[MONITORING] [local.openml_t_10090.pygmo_c.amazon-commerce-reviews.0.H2OAutoML] Memory Usage: 54.4%
[MONITORING] [local.openml_t_10090.pygmo_c.amazon-commerce-reviews.0.H2OAutoML] Disk Usage: 43.2%
[MONITORING] [local.openml_t_10090.pygmo_c.amazon-commerce-reviews.0.H2OAutoML] CPU Utilization: 65.5%
[MONITORING] [local.openml_t_10090.pygmo_c.amazon-commerce-reviews.0.H2OAutoML] Memory Usage: 54.4%
[MONITORING] [local.openml_t_10090.pygmo_c.amazon-commerce-reviews.0.H2OAutoML] Disk Usage: 43.2%
[MONITORING] [local.openml_t_10090.pygmo_c.amazon-commerce-reviews.0.H2OAutoML] CPU Utilization: 67.5%
[MONITORING] [local.openml_t_10090.pygmo_c.amazon-commerce-reviews.0.H2OAutoML] Memory Usage: 54.5%
[MONITORING] [local.openml_t_10090.pygmo_c.amazon-commerce-reviews.0.H2OAutoML] Disk Usage: 43.2%
[MONITORING] [local.openml_t_10090.pygmo_c.amazon-commerce-reviews.0.H2OAutoML] CPU Utilization: 65.7%
[MONITORING] [local.openml_t_10090.pygmo_c.amazon-commerce-reviews.0.H2OAutoML] Memory Usage: 54.4%
[MONITORING] [local.openml_t_10090.pygmo_c.amazon-commerce-reviews.0.H2OAutoML] Disk Usage: 43.2%
[MONITORING] [local.openml_t_10090.pygmo_c.amazon-commerce-reviews.0.H2OAutoML] CPU Utilization: 67.1%
[MONITORING] [local.openml_t_10090.pygmo_c.amazon-commerce-reviews.0.H2OAutoML] Memory Usage: 55.2%
[MONITORING] [local.openml_t_10090.pygmo_c.amazon-commerce-reviews.0.H2OAutoML] Disk Usage: 43.2%
[MONITORING] [local.openml_t_10090.pygmo_c.amazon-commerce-reviews.0.H2OAutoML] CPU Utilization: 82.6%
[MONITORING] [local.openml_t_10090.pygmo_c.amazon-commerce-reviews.0.H2OAutoML] Memory Usage: 62.2%
[MONITORING] [local.openml_t_10090.pygmo_c.amazon-commerce-reviews.0.H2OAutoML] Disk Usage: 43.2%
[MONITORING] [local.openml_t_10090.pygmo_c.amazon-commerce-reviews.0.H2OAutoML] CPU Utilization: 98.3%
[MONITORING] [local.openml_t_10090.pygmo_c.amazon-commerce-reviews.0.H2OAutoML] Memory Usage: 62.2%
[MONITORING] [local.openml_t_10090.pygmo_c.amazon-commerce-reviews.0.H2OAutoML] Disk Usage: 43.2%
[MONITORING] [local.openml_t_10090.pygmo_c.amazon-commerce-reviews.0.H2OAutoML] CPU Utilization: 98.0%
[MONITORING] [local.openml_t_10090.pygmo_c.amazon-commerce-reviews.0.H2OAutoML] Memory Usage: 62.2%
[MONITORING] [local.openml_t_10090.pygmo_c.amazon-commerce-reviews.0.H2OAutoML] Disk Usage: 43.2%
[MONITORING] [local.openml_t_10090.pygmo_c.amazon-commerce-reviews.0.H2OAutoML] CPU Utilization: 98.4%
[MONITORING] [local.openml_t_10090.pygmo_c.amazon-commerce-reviews.0.H2OAutoML] Memory Usage: 62.2%
[MONITORING] [local.openml_t_10090.pygmo_c.amazon-commerce-reviews.0.H2OAutoML] Disk Usage: 43.2%
[MONITORING] [local.openml_t_10090.pygmo_c.amazon-commerce-reviews.0.H2OAutoML] CPU Utilization: 98.0%
[MONITORING] [local.openml_t_10090.pygmo_c.amazon-commerce-reviews.0.H2OAutoML] Memory Usage: 62.2%
[MONITORING] [local.openml_t_10090.pygmo_c.amazon-commerce-reviews.0.H2OAutoML] Disk Usage: 43.2%
[MONITORING] [local.openml_t_10090.pygmo_c.amazon-commerce-reviews.0.H2OAutoML] CPU Utilization: 98.1%
[MONITORING] [local.openml_t_10090.pygmo_c.amazon-commerce-reviews.0.H2OAutoML] Memory Usage: 62.2%
[MONITORING] [local.openml_t_10090.pygmo_c.amazon-commerce-reviews.0.H2OAutoML] Disk Usage: 43.2%
[MONITORING] [local.openml_t_10090.pygmo_c.amazon-commerce-reviews.0.H2OAutoML] CPU Utilization: 98.3%
[MONITORING] [local.openml_t_10090.pygmo_c.amazon-commerce-reviews.0.H2OAutoML] Memory Usage: 62.2%
[MONITORING] [local.openml_t_10090.pygmo_c.amazon-commerce-reviews.0.H2OAutoML] Disk Usage: 43.2%
[MONITORING] [local.openml_t_10090.pygmo_c.amazon-commerce-reviews.0.H2OAutoML] CPU Utilization: 98.1%
[MONITORING] [local.openml_t_10090.pygmo_c.amazon-commerce-reviews.0.H2OAutoML] Memory Usage: 62.2%
[MONITORING] [local.openml_t_10090.pygmo_c.amazon-commerce-reviews.0.H2OAutoML] Disk Usage: 43.2%
[MONITORING] [local.openml_t_10090.pygmo_c.amazon-commerce-reviews.0.H2OAutoML] CPU Utilization: 98.3%
[MONITORING] [local.openml_t_10090.pygmo_c.amazon-commerce-reviews.0.H2OAutoML] Memory Usage: 62.2%
[MONITORING] [local.openml_t_10090.pygmo_c.amazon-commerce-reviews.0.H2OAutoML] Disk Usage: 43.2%
[MONITORING] [local.openml_t_10090.pygmo_c.amazon-commerce-reviews.0.H2OAutoML] CPU Utilization: 97.8%
[MONITORING] [local.openml_t_10090.pygmo_c.amazon-commerce-reviews.0.H2OAutoML] Memory Usage: 62.2%
[MONITORING] [local.openml_t_10090.pygmo_c.amazon-commerce-reviews.0.H2OAutoML] Disk Usage: 43.2%
[MONITORING] [local.openml_t_10090.pygmo_c.amazon-commerce-reviews.0.H2OAutoML] CPU Utilization: 98.2%
[MONITORING] [local.openml_t_10090.pygmo_c.amazon-commerce-reviews.0.H2OAutoML] Memory Usage: 62.2%
[MONITORING] [local.openml_t_10090.pygmo_c.amazon-commerce-reviews.0.H2OAutoML] Disk Usage: 43.2%
[MONITORING] [local.openml_t_10090.pygmo_c.amazon-commerce-reviews.0.H2OAutoML] CPU Utilization: 97.8%
[MONITORING] [local.openml_t_10090.pygmo_c.amazon-commerce-reviews.0.H2OAutoML] Memory Usage: 62.2%
[MONITORING] [local.openml_t_10090.pygmo_c.amazon-commerce-reviews.0.H2OAutoML] Disk Usage: 43.2%
[MONITORING] [local.openml_t_10090.pygmo_c.amazon-commerce-reviews.0.H2OAutoML] CPU Utilization: 98.6%
[MONITORING] [local.openml_t_10090.pygmo_c.amazon-commerce-reviews.0.H2OAutoML] Memory Usage: 62.2%
[MONITORING] [local.openml_t_10090.pygmo_c.amazon-commerce-reviews.0.H2OAutoML] Disk Usage: 43.2%
[MONITORING] [local.openml_t_10090.pygmo_c.amazon-commerce-reviews.0.H2OAutoML] CPU Utilization: 99.0%
[MONITORING] [local.openml_t_10090.pygmo_c.amazon-commerce-reviews.0.H2OAutoML] Memory Usage: 62.2%
[MONITORING] [local.openml_t_10090.pygmo_c.amazon-commerce-reviews.0.H2OAutoML] Disk Usage: 43.2%
[MONITORING] [local.openml_t_10090.pygmo_c.amazon-commerce-reviews.0.H2OAutoML] CPU Utilization: 92.3%
[MONITORING] [local.openml_t_10090.pygmo_c.amazon-commerce-reviews.0.H2OAutoML] Memory Usage: 62.2%
[MONITORING] [local.openml_t_10090.pygmo_c.amazon-commerce-reviews.0.H2OAutoML] Disk Usage: 43.2%
[MONITORING] [local.openml_t_10090.pygmo_c.amazon-commerce-reviews.0.H2OAutoML] CPU Utilization: 87.2%
[MONITORING] [local.openml_t_10090.pygmo_c.amazon-commerce-reviews.0.H2OAutoML] Memory Usage: 62.3%
[MONITORING] [local.openml_t_10090.pygmo_c.amazon-commerce-reviews.0.H2OAutoML] Disk Usage: 43.2%
[MONITORING] [local.openml_t_10090.pygmo_c.amazon-commerce-reviews.0.H2OAutoML] CPU Utilization: 96.7%
[MONITORING] [local.openml_t_10090.pygmo_c.amazon-commerce-reviews.0.H2OAutoML] Memory Usage: 62.3%
[MONITORING] [local.openml_t_10090.pygmo_c.amazon-commerce-reviews.0.H2OAutoML] Disk Usage: 43.2%
[MONITORING] [local.openml_t_10090.pygmo_c.amazon-commerce-reviews.0.H2OAutoML] CPU Utilization: 95.8%
[MONITORING] [local.openml_t_10090.pygmo_c.amazon-commerce-reviews.0.H2OAutoML] Memory Usage: 62.3%
[MONITORING] [local.openml_t_10090.pygmo_c.amazon-commerce-reviews.0.H2OAutoML] Disk Usage: 43.2%
[MONITORING] [local.openml_t_10090.pygmo_c.amazon-commerce-reviews.0.H2OAutoML] CPU Utilization: 95.4%
[MONITORING] [local.openml_t_10090.pygmo_c.amazon-commerce-reviews.0.H2OAutoML] Memory Usage: 62.3%
[MONITORING] [local.openml_t_10090.pygmo_c.amazon-commerce-reviews.0.H2OAutoML] Disk Usage: 43.2%
AutoML progress: |███████████████████████████████████████████████████████████████| (done) 100%
xgboost prediction progress: |███████████████████████████████████████████████████| (done) 100%
H2O session _sid_aaf7 closed.



Predictions preview:
                   Agresti              Ashbacher                  Auken            Blankenship                  Brody                  Brown               Bukowsky                    CFH              Calvinnme                Chachra               Chandler                  Chell               Cholette                 Comdet                   Corn                  Cutey               Davisson                   Dent               Engineer                 Goonan                  Grove                   Harp                  Hayes                 Janson                Johnson                 Koenig                  Kolln              Lawyeraau                    Lee                 Lovitt             Mahlers2nd                   Mark                  McKee                Merritt                Messick               Mitchell               Morrison                   Neal                  Nigam               Peterson                  Power                  Riley                 Robert                   Shea                Sherwin                 Taylor                 Vernon                 Vision                Walters                 Wilson predictions       truth
0     0.09715916216373444  0.0035570021718740463   0.012877648696303368   0.008795537054538727  0.0052871922962367535    0.00992130022495985  0.0035973386839032173  0.0056181554682552814    0.06243233382701874   0.028161846101284027  0.0019786523189395666    0.00816669687628746  0.0047302269376814365    0.05386507883667946    0.07048533856868744   0.008937994949519634   0.006871751043945551   0.005155825521796942   0.008159120567142963   0.011862271465361118  0.0030573150143027306    0.01003868505358696   0.006458981428295374    0.01307588629424572   0.006214962340891361     0.2717709243297577   0.001360241905786097    0.01786734350025654    0.00964032206684351   0.004416703246533871   0.002879111561924219   0.008128500543534756   0.001940961112268269    0.00714467978104949   0.008958532474935055   0.011164028197526932   0.006421058438718319   0.005789262242615223   0.051080573350191116    0.02059035561978817    0.00897881668061018  0.0054155029356479645   0.006366254761815071   0.017263516783714294   0.004629115574061871   0.006272635888308287    0.04216156527400017   0.014365476556122303   0.006765925791114569  0.0021622981876134872      Koenig      Koenig
1    0.002153797307983041   0.002780042588710785   0.015128161758184433   0.005506797228008509   0.004193038679659367   0.001184177352115512    0.00518988911062479    0.01110642310231924   0.010833056643605232  0.0014485050924122334   0.020030999556183815   0.003178961807861924   0.006378951482474804   0.014732910320162773   0.005425852257758379   0.007756998296827078     0.0339902862906456   6.384049775078893E-4   0.006390613503754139  0.0053185755386948586   0.022031569853425026    0.01664331927895546    0.09565141797065735  0.0012404931476339698  0.0036944455932825804    0.22838802635669708   0.012897239997982979   0.004948711022734642   0.010945867747068405    0.02572833001613617   0.012728748843073845    0.03670192509889603  0.0019665947183966637  0.0025469218380749226    0.03836987540125847     0.0213466789573431   0.014346274547278881    0.03157952427864075   0.007624039426445961   0.010291785933077335    0.01662685163319111    0.08508329093456268   0.020662926137447357   0.012233709916472435  0.0063941325061023235  0.0026327993255108595    0.01829449087381363   0.005794238764792681   0.023121222853660583     0.0461181215941906      Koenig      Koenig
2      0.0770765170454979    0.00403737323358655   0.013558339327573776   0.006850973702967167    0.03390976041555405     0.0381937101483345   0.004369731992483139    0.02967080846428871    0.09526572376489639  0.0028562198858708143  0.0038661074358969927    0.01027591247111559    0.06331834197044373    0.01603703387081623   0.009274642914533615   0.007010659668594599   0.001759622828103602   0.012765713036060333   0.006455749738961458  0.0044258772395551205   0.012965300120413303   0.009951215237379074   0.011924916878342628   0.010291242972016335  0.0042578671127557755    0.14734546840190887    0.01465997938066721   0.003568090498447418   0.018040820956230164    0.07290737330913544  0.0015731994062662125   0.005231886636465788   0.005462654400616884   0.004600625019520521     0.0358440987765789    0.02062695473432541   0.004546825774013996   0.031210048124194145    0.04106372967362404  0.0035744740162044764  0.0017026686109602451   0.011352679692208767   0.024152105674147606   0.012682231143116951    0.00952955987304449   0.012782253324985504   0.004870756063610315   0.018451010808348656  0.0025612313766032457   0.001289942767471075      Koenig      Koenig
3     0.02794644609093666  0.0031332094222307205   0.005576994735747576   0.010506884194910526   0.008408023044466972   0.004455007612705231   0.004740597680211067   0.003525765845552087    0.07628495991230011    0.04522160068154335    0.01978622004389763   0.005908978637307882    0.00639950530603528  0.0066696153953671455    0.05649365484714508   0.003566602012142539   0.005116191226989031   0.008715633302927017   0.004396028816699982    0.01888457126915455   0.008416829630732536     0.0286237969994545   0.007426025345921516    0.02053104341030121   0.011161819100379944   0.012226490303874016   0.002311724005267024   0.019776970148086548    0.08547777682542801   0.035878926515579224    0.03316234424710274   0.028653232380747795   0.007969023659825325   0.005315398331731558   0.015754003077745438    0.04736284166574478   0.005513117182999849   0.006304946728050709     0.0636378601193428   0.037046901881694794   0.006257195025682449    0.02361496165394783  0.0024723962415009737    0.06101937219500542   0.007700683549046516   0.005970141384750605   0.005474543664604425   0.024656573310494423   0.008317112922668457    0.04622943699359894         Lee  Mahlers2nd
4   0.0016652100021019578   4.673620860558003E-4    7.11103028152138E-4   0.006078626494854689   5.217188154347241E-4   0.002199607202783227   3.844828170258552E-4   0.002846010494977236  0.0012846894096583128    0.00960227195173502  0.0040100496262311935  0.0021126894280314445  0.0018342710100114346   0.003819554578512907  0.0024166149087250233  0.0034584931563585997  0.0025992593728005886  0.0030031162314116955   6.761311669833958E-4   0.012467168271541595   0.002577264094725251   9.396753157489002E-4     5.7184201432392E-4  0.0012454731622710824   6.897961138747633E-4    0.00902231503278017  2.9868914862163365E-4  0.0015772132901474833  0.0017130753258243203  4.0905390051193535E-4     0.8755534887313843   0.001393206650391221   9.884926257655025E-4   7.867688545957208E-4   0.004389646463096142  0.0023156211245805025   6.905184709466994E-4   0.002206868724897504   0.008965183049440384  0.0017314123688265681  0.0012695015175268054  0.0026929595042020082   0.001988046569749713   9.176749153994024E-4   0.009304963983595371   6.497578579001129E-4   3.494643315207213E-4   6.307748844847083E-4   0.001009455882012844   9.633581503294408E-4  Mahlers2nd  Mahlers2nd
5     0.01260396558791399    0.01314715389162302     0.0095682293176651   0.005632051266729832   0.020265748724341393    0.00401213439181447   0.002411339432001114      0.098154716193676  0.0060783131048083305  0.0018386169103905559   0.004840183071792126   0.005201484076678753   0.001788939000107348   0.008561414666473866   0.011687136255204678   0.021635184064507484   0.013614255003631115  0.0029056542553007603   0.004784105811268091    0.13731732964515686   0.007885494269430637   0.004412952344864607    0.00458959536626935   0.002857142360880971    0.01061894278973341  0.0056755258701741695   0.003002991434186697  0.0017765634693205357   0.007607505656778812   0.012490605004131794    0.05486692860722542   0.006274684332311153   0.003954217303544283   0.004222399089485407   0.007304639555513859    0.12304691970348358   0.004225512966513634    0.00983218103647232    0.03204727545380592  0.0029021413065493107   0.003699397435411811  0.0063751982524991035   0.021215690299868584    0.18894493579864502    0.06203838065266609   0.004058324731886387  0.0019095877651125193   0.010143746621906757  0.0026114850770682096  0.0033611117396503687        Shea  Mahlers2nd
6    0.035293806344270706   0.002417677780613303    0.09927991777658463   0.004150224383920431   0.005595738533884287   0.001080429763533175    0.01585785299539566   0.008680433966219425    0.03354450315237045  0.0014244730118662119   0.002327325288206339    0.15144243836402893   0.004699907265603542   0.004287819378077984  0.0033284069504588842    9.24732128623873E-4    0.00418388145044446    0.00988752394914627   0.002448463812470436  0.0011957944370806217   0.003315587528049946   0.016204217448830605   0.014158869162201881    0.04575725644826889   0.005058738403022289    0.03945387527346611    0.20910412073135376   0.004868709482252598   0.008728839457035065   0.005888730753213167   0.004709797445684671   0.012141894549131393   0.009247471578419209   0.002542364876717329   0.006243516691029072     0.0694727897644043  0.0021719636861234903    0.01270986720919609  0.0069942716509103775     0.0184076689183712  0.0015837638638913631   0.014441687613725662   0.046183884143829346   0.008860761299729347   0.003263605060055852   0.005179605446755886     0.0098351389169693   0.013264689594507217   0.004091634880751371   0.004063359461724758       Kolln       Kolln
7   0.0034221778623759747   0.001467850641347468   0.015878403559327126   8.857883512973785E-4   0.002665803534910083   0.001329033519141376    0.00127450714353472     0.0267831701785326    6.82464858982712E-4   0.003411462064832449     0.0047098184004426   0.004140026401728392   0.005830640904605389  2.7426498127169907E-4  0.0012122755870223045   9.416380780749023E-4   0.012765860185027122  0.0013276900863274932  0.0025376726407557726   9.537909645587206E-4   0.006115444004535675  0.0016264306614175439   0.003810863709077239   0.009791112504899502    0.00238127657212317   0.002021798165515065     0.7781031131744385   0.003765454748645425   9.732202743180096E-4   0.003384229727089405   7.973216706886888E-4    8.70969204697758E-4   0.006482887547463179   0.018160764127969742   0.002675384981557727   0.001654978608712554  0.0038858188781887293  0.0035580741241574287   5.133418599143624E-4   0.002755192806944251   0.001957545755431056  0.0022546108812093735   0.004380892962217331   5.737533210776746E-4  0.0016534096794202924  0.0011635121190920472     0.0118569852784276  0.0013036447344347835  0.0048143938183784485   0.024219254031777382       Kolln       Kolln
8    0.007307494059205055   5.713672144338489E-4    0.06796980649232864   0.003708774922415614  0.0030812399927526712    5.60779997613281E-4   5.918333190493286E-4  0.0020323959179222584   0.003714204765856266  0.0025074612349271774    0.00489711482077837    0.00114877475425601  0.0026336912997066975   6.473024841398001E-4  0.0036660523619502783   6.408136105164886E-4   0.002023625187575817    0.01041901484131813  0.0028521663043648005  2.9911589808762074E-4    0.01770748570561409  0.0017881725216284394   0.008634993806481361  0.0028636311180889606   9.507524082437158E-4   5.333400331437588E-4     0.7477948069572449  0.0014187354827299714  0.0017249379307031631   0.023173600435256958  0.0019515634048730135  0.0034177168272435665   6.806239252910018E-4   0.001421064604073763  0.0030375965870916843    0.00393678480759263   0.004247385077178478   0.002846671501174569  0.0025676682125777006  0.0025872502010315657  0.0018077453132718801  0.0028823278844356537    0.00923137366771698   0.002806207397952676   0.006101006641983986  0.0012277436908334494  0.0030992229003459215   5.309649277478456E-4   0.015173562802374363  0.0025820420123636723       Kolln       Kolln
9     6.06059969868511E-4  0.0016593686304986477  0.0013089845888316631   0.024051083251833916   0.007537522818893194    0.00292921531945467   0.002773372922092676  0.0027193836867809296   0.025594649836421013   0.001463832799345255  0.0020890741143375635  0.0010794232366606593  0.0034287991002202034   0.024890538305044174  0.0033472541254013777   0.003307415172457695   0.008345075882971287   0.020206378772854805  0.0011274832068011165   0.010934150777757168   0.011687900871038437   0.003774764947593212   9.835902601480484E-4  0.0035249378997832537   0.001997241983190179  0.0031785599421709776   8.536265813745558E-4    8.51884251460433E-4   0.025042233988642693   0.012724848464131355   0.008007483556866646  0.0036737772170454264    0.00582907535135746  0.0043335771188139915   0.005232369527220726   0.001442336360923946  0.0015032743103802204   0.005141384433954954  0.0065018669702112675  0.0024307891726493835   0.002275318605825305   3.899935109075159E-4  0.0024871702771633863     0.7139943838119507   0.005644216202199459  0.0020157755352556705  0.0026146757882088423   0.006909613963216543  0.0032209265045821667   0.002333306008949876        Shea        Shea
10   0.014440436847507954  0.0018240084173157811  0.0031637579668313265   0.008126134052872658    0.00427899369969964    0.04792553186416626   0.003563474863767624    0.02581292763352394   0.011454509571194649   0.009491554461419582   0.017817391082644463   0.010172300972044468   0.041066646575927734   0.007940955460071564   0.008046142756938934    0.06361497193574905   0.012426056899130344    0.00574854388833046  0.0014244854683056474   0.007765517104417086    0.20929118990898132    0.00492106331512332   0.004137438256293535   0.007115798071026802   0.004184218123555183    0.01113531831651926  0.0010428261011838913    0.03496863692998886   0.006051103584468365   0.010345175862312317   0.005375029519200325    0.15071341395378113   0.029483843594789505   0.009931015782058239    0.00824352540075779   0.006010597571730614  0.0067364368587732315   0.010606164112687111   0.006962745916098356  0.0039260489866137505   0.028859972953796387    0.05689733102917671   0.008387668058276176   0.006310135126113892   0.020186670124530792   0.004223047289997339   0.002836219035089016   0.023499244824051857   0.005402335897088051   0.006111438851803541       Grove        Shea
11    0.04615312069654465  0.0033582577016204596   0.002343539847061038   0.005923122633248568   0.012635981664061546    0.09821303933858871   0.004945756401866674   0.016636207699775696    0.07729960978031158  0.0048990147188305855   0.021954726427793503   0.034718237817287445    0.00481398357078433   0.017511889338493347   0.026214532554149628   0.004757682327181101   0.027083585038781166  0.0030191896948963404  0.0028943668585270643   0.026725951582193375   0.004967663902789354   0.005922774784266949   0.014968110248446465   0.007988103665411472   0.005733928643167019   0.018888264894485474  0.0029120396357029676   0.008327330462634563    0.01403873786330223   0.019492633640766144   0.011657515540719032   0.015631545335054398   0.007753023877739906   0.005690720397979021  0.0031123743392527103  0.0025148927234113216   0.005113646853715181   0.008338072337210178    0.04700707271695137   0.006256393622606993   0.004350610543042421     0.0055496278218925   0.015164913609623909     0.2544057071208954    0.01948544569313526   0.005778980441391468   0.013132292777299881    0.01409320067614317   0.004306909628212452   0.005315656773746014        Shea        Shea
12  0.0029495765920728445   0.003581323893740773     0.0099228760227561   0.006183464080095291    0.00447829021140933   0.005883339326828718   0.002299850806593895   0.008453387767076492   0.002740316092967987    0.15813130140304565   0.045091480016708374   0.012806089594960213   0.026845915243029594   0.016747096553444862     0.1465573012828827    0.03221842646598816  0.0023902799002826214  0.0029823537915945053    0.00279838964343071    0.28913575410842896   0.006180380936712027   0.013304843567311764   0.007943078875541687   7.687364122830331E-4   0.004829151555895805   0.006774435751140118   0.002061091363430023   0.008446439169347286   0.004479960538446903  0.0014221089659258723  0.0025739537086337805  0.0025878134183585644   0.014701631851494312   0.002906585345044732  0.0030314952600747347   0.004546568728983402   0.005671233404427767   0.002021808410063386    0.03332921862602234   0.008044775575399399   0.017320239916443825   0.019596543163061142  0.0018853973597288132   0.011097656562924385   0.013944917358458042   0.005901800002902746  0.0039020911790430546   0.002838820917531848   0.003966792486608028  0.0017236194107681513      Goonan        Corn
13  0.0033110445365309715   0.018077082931995392  0.0011316299205645919    0.01714404672384262  0.0021106614731252193   0.003468969836831093  0.0020806563552469015   0.010485714301466942   0.007134437561035156   0.024305593222379684    0.14166298508644104   0.028250129893422127    0.07272206991910934    0.01669458858668804     0.0883440226316452   0.017986157909035683    0.02860896661877632   0.004867449402809143   0.006740230601280928   0.027575382962822914    0.01504264771938324   0.010266821831464767   0.005845002830028534   0.027852701023221016   0.004203357268124819   0.010119741782546043   0.002795327687636018   0.010179245844483376    0.00415507098659873   0.014189213514328003   0.009202851913869381   0.026947099715471268   0.010523158125579357   0.009976441040635109  0.0054460493847727776   0.026952318847179413   0.009560252539813519    0.03281325846910477    0.02379067800939083   0.004739794414490461    0.00436366954818368    0.06889722496271133  0.0041647907346487045     0.0215804111212492   0.010572763159871101   0.004861971363425255   0.003662576200440526   0.034360893070697784    0.05572725087404251   0.004505607299506664    Chandler        Corn
14  0.0037717525847256184     0.0666704997420311   0.005852304864674807  0.0038557834923267365    0.12458387762308121   0.021756520494818687  0.0028921926859766245  0.0026081856340169907    0.08319184184074402  0.0028990223072469234   0.002096591517329216   0.006238308269530535    0.09134417772293091   0.005412057042121887    0.03828802704811096    0.00849092472344637    0.00283968192525208   0.010512609034776688  0.0015369551256299019    0.07277034968137741   0.012068148702383041   0.005546252243220806   0.007058910559862852    0.01023892406374216   0.005274537485092878   0.014904922805726528   0.005319094751030207  0.0075574154034256935   0.006644322071224451   0.022002270445227623   0.004132426809519529    0.02597522921860218    0.07263433933258057    0.00438247574493289   0.030803514644503593    0.00949039962142706    0.00325369811616838    0.01329309307038784   0.005043133161962032   0.012212233617901802    0.08167161792516708   0.010910725221037865   0.014566455036401749  0.0043967245146632195  0.0030987379141151905   0.007497353479266167   0.008452843874692917    0.01341831311583519   0.013036923483014107   0.007503270637243986       Brody        Corn
15   0.018546713516116142  0.0020734111312776804    0.03972989693284035   0.004982815124094486    0.01093671191483736   0.003558469470590353    0.13486172258853912   0.004063121974468231    0.00432497076690197  0.0016938052140176296   0.005596088711172342   0.021979380398988724   0.008274788036942482   0.007973705418407917   0.003246888518333435   0.005237101577222347   0.004785516299307346   0.002242308808490634   0.002104099141433835   0.007931491360068321    0.02869378589093685   0.011935196816921234   0.006441130302846432    0.06443224847316742   0.005485692992806435   0.010022866539657116   0.004175694193691015  0.0057241227477788925   0.028325431048870087    0.13252036273479462   9.332637418992817E-4    0.00848357006907463   0.005723211914300919   0.005462657194584608   0.004198816139250994   0.027617797255516052   0.046994831413030624   0.016308533027768135   0.008872272446751595    0.02310662716627121   0.017840206623077393   0.003866165643557906   0.004847964737564325   0.013799414969980717   0.003424343653023243    0.02479671686887741   0.033975109457969666   0.011252128519117832   0.004725014325231314      0.141871839761734      Wilson      Wilson
16  0.0010286715114489198   0.029625317081809044   0.014021029695868492   0.004474219400435686   0.012529036961495876  0.0014374889433383942   0.015956208109855652   0.001931961509399116   0.009397284127771854  0.0013999268412590027   0.009722975082695484   0.007875745184719563   0.015303114429116249  0.0033837563823908567   0.011509669944643974   0.011479634791612625    0.02333931438624859  0.0037356826942414045  0.0016939607448875904   0.005112643353641033   0.009754721075296402   0.008005894720554352   0.004519549198448658    0.05382808670401573   0.005582239478826523   0.005495632067322731   0.002981063909828663   0.058277226984500885   0.006062345579266548   0.015643151476979256    0.01874304562807083   0.003977711778134108   0.034006983041763306   0.008075694553554058    0.01100621186196804    0.01340051181614399   0.007208042778074741   0.008718340657651424   0.011110739782452583   0.019902590662240982     0.0631425529718399   0.003094083396717906  0.0033814108464866877   0.015327615663409233    0.00910104438662529   0.006822163239121437   0.032190121710300446   5.120831774547696E-4    0.03545080125331879     0.3397207260131836      Wilson      Wilson
17   0.007976584136486053   0.005481671541929245  0.0032949591986835003   0.019172577187418938   0.006300392560660839   0.005997041240334511   0.023322122171521187    0.00793379358947277    0.00499746622517705    0.00764811784029007  0.0015207132091745734    0.16204950213432312   0.009240529499948025   0.012157592922449112    0.00803105067461729   0.005152998957782984    0.02936343103647232   0.004944407381117344   0.004531039856374264   0.004426664672791958    0.03581218421459198   0.006006615702062845   0.009740335866808891   0.005921517964452505   0.005473130848258734  0.0033390363678336143   0.002615543780848384   0.019579116255044937   0.008714751340448856   0.027135686948895454   0.003602909157052636   0.007796678692102432   0.029636599123477936   0.006899375468492508   0.005258358549326658   0.009621266275644302   0.017282146960496902  0.0042356387712061405   0.008068839088082314    0.08078870922327042    0.01234167069196701    0.06231526657938957   0.012488014064729214   0.006137494929134846   0.003888585837557912   0.005916759371757507   0.043839920312166214   0.018437057733535767   0.004560105502605438    0.19900400936603546      Wilson      Wilson
18  0.0019408321240916848   0.002123677870258689   0.018267832696437836   0.022106850519776344   0.021425874903798103   0.027292082086205482    0.04845411330461502   0.006518776994198561    0.00777796795591712   0.009724567644298077   0.032998841255903244   0.016811642795801163    0.00706497672945261  0.0031579998321831226    0.05450528487563133   0.019179189577698708   9.409833583049476E-4   0.004622237756848335  0.0014117241371423006     0.1681928038597107  0.0037187489215284586   0.009730224497616291   0.002548787510022521    0.03269040212035179   0.007258243393152952   0.010460063815116882   0.008702192455530167    0.03162898123264313   0.008925243280827999   0.017119374126195908   0.004102911334484816   0.003400804242119193    0.05210788547992706   0.014860550872981548    0.00998618546873331    0.03752223774790764   0.018400173634290695   0.011748173274099827    0.02202192321419716    0.00691468920558691  0.0068056462332606316   0.017594359815120697   0.014238240197300911   0.004556522238999605    0.10725642740726471   0.007960169576108456   0.022749649360775948   0.014496872201561928   0.010056985542178154   0.005919098854064941      Goonan      Goonan
19   0.001147155649960041   0.004485004115849733   0.004667394794523716   0.004417119547724724   0.005391398444771767  0.0038467966951429844   0.014464563690125942   0.004916553385555744    0.00855544675141573   9.766672737896442E-4  0.0017704353667795658   0.015289903618395329   0.019801750779151917  0.0029718384612351656   0.011347293853759766  0.0010421201586723328   0.008794784545898438  0.0017783073708415031    0.00132453883998096     0.5560967326164246   0.006350787356495857   0.003405733732506633  0.0016315880930051208  0.0019081037025898695   0.002480823779478669   0.013492160476744175  0.0013378714211285114  0.0032112097833305597    0.10501083731651306    0.02381521463394165   0.003024451667442918   0.001725285197608173     0.0177907757461071   0.001901333685964346    0.02365679293870926  0.0021073641255497932   0.003519074758514762   0.009387359023094177    0.04954425245523453   0.001651279628276825  0.0025100954808294773   0.005132205784320831   0.004669612273573875  0.0031137694604694843   0.005645965225994587   0.002774588530883193   0.004732592962682247   0.015694502741098404   0.003945508971810341  0.0017430721782147884      Goonan      Goonan

Predictions saved to `/home/juradoi/experiments/automlbenchmark/results/h2oautoml.openml_t_10090.pygmo_c.local.20211209T182825/predictions/amazon-commerce-reviews/0/predictions.csv`.
Loading metadata from `/home/juradoi/experiments/automlbenchmark/results/h2oautoml.openml_t_10090.pygmo_c.local.20211209T182825/predictions/amazon-commerce-reviews/0/metadata.json`.
Loading predictions from `/home/juradoi/experiments/automlbenchmark/results/h2oautoml.openml_t_10090.pygmo_c.local.20211209T182825/predictions/amazon-commerce-reviews/0/predictions.csv`.
Metric scores: { 'acc': 0.6933333333333334,
  'app_version': 'dev [master, beef024]',
  'balacc': 0.6933333333333332,
  'constraint': 'pygmo_c',
  'duration': nan,
  'fold': 0,
  'framework': 'H2OAutoML',
  'id': 'openml.org/t/10090',
  'info': None,
  'logloss': 1.5581615704973641,
  'metric': 'neg_logloss',
  'mode': 'local',
  'models_count': 7,
  'params': '',
  'predict_duration': 0.3345448970794678,
  'result': -1.5581615704973641,
  'seed': 2007337359,
  'task': 'amazon-commerce-reviews',
  'training_duration': 3605.4780690670013,
  'type': 'multiclass',
  'utc': '2021-12-09T19:28:45',
  'version': '3.34.0.3'}
Job `local.openml_t_10090.pygmo_c.amazon-commerce-reviews.0.H2OAutoML` executed in 3619.495 seconds.
All jobs executed in 3619.524 seconds.
[MONITORING] [local.openml_t_10090.pygmo_c.amazon-commerce-reviews.0.H2OAutoML] CPU Utilization: 81.6%
[MONITORING] [local.openml_t_10090.pygmo_c.amazon-commerce-reviews.0.H2OAutoML] Memory Usage: 2.2%
[MONITORING] [local.openml_t_10090.pygmo_c.amazon-commerce-reviews.0.H2OAutoML] Disk Usage: 43.2%
Processing results for h2oautoml.openml_t_10090.pygmo_c.local.20211209T182825
Scores saved to `/home/juradoi/experiments/automlbenchmark/results/h2oautoml.openml_t_10090.pygmo_c.local.20211209T182825/scores/H2OAutoML.benchmark_openml_t_10090.csv`.
Scores saved to `/home/juradoi/experiments/automlbenchmark/results/h2oautoml.openml_t_10090.pygmo_c.local.20211209T182825/scores/results.csv`.
Scores saved to `/home/juradoi/experiments/automlbenchmark/results/results.csv`.
Summing up scores for current run:
                id                    task fold framework constraint   result      metric  duration       seed
openml.org/t/10090 amazon-commerce-reviews    0 H2OAutoML    pygmo_c -1.55816 neg_logloss    3619.5 2007337359
