/var/spool/slurm/slurmd/job8496226/slurm_script: line 8: activate: No such file or directory
Running benchmark `H2OAutoML` on `openml/t/359975` framework in `local` mode.
Loading frameworks definitions from ['/home/juradoi/experiments/automlbenchmark/resources/frameworks.yaml'].
Loading benchmark constraint definitions from ['/home/juradoi/experiments/automlbenchmark/resources/constraints.yaml'].
Loading openml task 359975.

-----------------------------------------------------------------
Starting job local.openml_t_359975.pygmo_c.Satellite.0.H2OAutoML.
Assigning 16 cores (total=16) for new task Satellite.
Assigning 91156 MB (total=95302 MB) for new Satellite task.
[MONITORING] [local.openml_t_359975.pygmo_c.Satellite.0.H2OAutoML] CPU Utilization: 29.1%
[MONITORING] [local.openml_t_359975.pygmo_c.Satellite.0.H2OAutoML] Memory Usage: 2.2%
[MONITORING] [local.openml_t_359975.pygmo_c.Satellite.0.H2OAutoML] Disk Usage: 43.2%
Running task Satellite on framework H2OAutoML with config:
TaskConfig({})
Running cmd `/home/juradoi/experiments/automlbenchmark/frameworks/H2OAutoML/venv/bin/python -W ignore /home/juradoi/experiments/automlbenchmark/frameworks/H2OAutoML/exec.py`
INFO:__main__:
**** H2O AutoML [v3.34.0.3] ****

INFO:__main__:Starting H2O cluster with 16 cores, 60771M memory.
Checking whether there is an H2O instance running at http://localhost:21089 ..... not found.
Attempting to start a local H2O server...
  Java Version: openjdk version "11.0.12" 2021-07-20; OpenJDK Runtime Environment (build 11.0.12+7-post-Debian-2deb10u1); OpenJDK 64-Bit Server VM (build 11.0.12+7-post-Debian-2deb10u1, mixed mode, sharing)
  Starting server from /home/juradoi/experiments/automlbenchmark/frameworks/H2OAutoML/venv/lib/python3.8/site-packages/h2o/backend/bin/h2o.jar
  Ice root: /tmp/tmpv3ugveig
  JVM stdout: /tmp/tmpv3ugveig/h2o_unknownUser_started_from_python.out
  JVM stderr: /tmp/tmpv3ugveig/h2o_unknownUser_started_from_python.err
  Server is running at http://127.0.0.1:21089
Connecting to H2O server at http://127.0.0.1:21089 ... successful.
--------------------------  ------------------------------------------------------------------
H2O_cluster_uptime:         01 secs
H2O_cluster_timezone:       Europe/Amsterdam
H2O_data_parsing_timezone:  UTC
H2O_cluster_version:        3.34.0.3
H2O_cluster_version_age:    2 months and 2 days
H2O_cluster_name:           H2O_from_python_unknownUser_uq71hr
H2O_cluster_total_nodes:    1
H2O_cluster_free_memory:    59.36 Gb
H2O_cluster_total_cores:    16
H2O_cluster_allowed_cores:  16
H2O_cluster_status:         locked, healthy
H2O_connection_url:         http://127.0.0.1:21089
H2O_connection_proxy:       {"http": null, "https": null}
H2O_internal_security:      False
H2O_API_Extensions:         Amazon S3, XGBoost, Algos, AutoML, Core V3, TargetEncoder, Core V4
Python_version:             3.8.12 final
--------------------------  ------------------------------------------------------------------
Parse progress: |████████████████████████████████████████████████████████████████| (done) 100%
Parse progress: |████████████████████████████████████████████████████████████████| (done) 100%
INFO:__main__:Running model on task Satellite, fold 0.
[MONITORING] [local.openml_t_359975.pygmo_c.Satellite.0.H2OAutoML] CPU Utilization: 65.3%
[MONITORING] [local.openml_t_359975.pygmo_c.Satellite.0.H2OAutoML] Memory Usage: 44.6%
[MONITORING] [local.openml_t_359975.pygmo_c.Satellite.0.H2OAutoML] Disk Usage: 43.2%
[MONITORING] [local.openml_t_359975.pygmo_c.Satellite.0.H2OAutoML] CPU Utilization: 81.4%
[MONITORING] [local.openml_t_359975.pygmo_c.Satellite.0.H2OAutoML] Memory Usage: 46.5%
[MONITORING] [local.openml_t_359975.pygmo_c.Satellite.0.H2OAutoML] Disk Usage: 43.2%
[MONITORING] [local.openml_t_359975.pygmo_c.Satellite.0.H2OAutoML] CPU Utilization: 80.3%
[MONITORING] [local.openml_t_359975.pygmo_c.Satellite.0.H2OAutoML] Memory Usage: 46.8%
[MONITORING] [local.openml_t_359975.pygmo_c.Satellite.0.H2OAutoML] Disk Usage: 43.2%
[MONITORING] [local.openml_t_359975.pygmo_c.Satellite.0.H2OAutoML] CPU Utilization: 78.8%
[MONITORING] [local.openml_t_359975.pygmo_c.Satellite.0.H2OAutoML] Memory Usage: 48.2%
[MONITORING] [local.openml_t_359975.pygmo_c.Satellite.0.H2OAutoML] Disk Usage: 43.2%
[MONITORING] [local.openml_t_359975.pygmo_c.Satellite.0.H2OAutoML] CPU Utilization: 76.6%
[MONITORING] [local.openml_t_359975.pygmo_c.Satellite.0.H2OAutoML] Memory Usage: 48.7%
[MONITORING] [local.openml_t_359975.pygmo_c.Satellite.0.H2OAutoML] Disk Usage: 43.2%
[MONITORING] [local.openml_t_359975.pygmo_c.Satellite.0.H2OAutoML] CPU Utilization: 77.0%
[MONITORING] [local.openml_t_359975.pygmo_c.Satellite.0.H2OAutoML] Memory Usage: 49.0%
[MONITORING] [local.openml_t_359975.pygmo_c.Satellite.0.H2OAutoML] Disk Usage: 43.2%
[MONITORING] [local.openml_t_359975.pygmo_c.Satellite.0.H2OAutoML] CPU Utilization: 74.2%
[MONITORING] [local.openml_t_359975.pygmo_c.Satellite.0.H2OAutoML] Memory Usage: 50.2%
[MONITORING] [local.openml_t_359975.pygmo_c.Satellite.0.H2OAutoML] Disk Usage: 43.2%
[MONITORING] [local.openml_t_359975.pygmo_c.Satellite.0.H2OAutoML] CPU Utilization: 75.0%
[MONITORING] [local.openml_t_359975.pygmo_c.Satellite.0.H2OAutoML] Memory Usage: 50.3%
[MONITORING] [local.openml_t_359975.pygmo_c.Satellite.0.H2OAutoML] Disk Usage: 43.2%
[MONITORING] [local.openml_t_359975.pygmo_c.Satellite.0.H2OAutoML] CPU Utilization: 74.8%
[MONITORING] [local.openml_t_359975.pygmo_c.Satellite.0.H2OAutoML] Memory Usage: 50.4%
[MONITORING] [local.openml_t_359975.pygmo_c.Satellite.0.H2OAutoML] Disk Usage: 43.2%
[MONITORING] [local.openml_t_359975.pygmo_c.Satellite.0.H2OAutoML] CPU Utilization: 72.7%
[MONITORING] [local.openml_t_359975.pygmo_c.Satellite.0.H2OAutoML] Memory Usage: 51.5%
[MONITORING] [local.openml_t_359975.pygmo_c.Satellite.0.H2OAutoML] Disk Usage: 43.2%
[MONITORING] [local.openml_t_359975.pygmo_c.Satellite.0.H2OAutoML] CPU Utilization: 73.0%
[MONITORING] [local.openml_t_359975.pygmo_c.Satellite.0.H2OAutoML] Memory Usage: 52.1%
[MONITORING] [local.openml_t_359975.pygmo_c.Satellite.0.H2OAutoML] Disk Usage: 43.2%
[MONITORING] [local.openml_t_359975.pygmo_c.Satellite.0.H2OAutoML] CPU Utilization: 73.6%
[MONITORING] [local.openml_t_359975.pygmo_c.Satellite.0.H2OAutoML] Memory Usage: 52.6%
[MONITORING] [local.openml_t_359975.pygmo_c.Satellite.0.H2OAutoML] Disk Usage: 43.2%
[MONITORING] [local.openml_t_359975.pygmo_c.Satellite.0.H2OAutoML] CPU Utilization: 74.3%
[MONITORING] [local.openml_t_359975.pygmo_c.Satellite.0.H2OAutoML] Memory Usage: 52.6%
[MONITORING] [local.openml_t_359975.pygmo_c.Satellite.0.H2OAutoML] Disk Usage: 43.2%
[MONITORING] [local.openml_t_359975.pygmo_c.Satellite.0.H2OAutoML] CPU Utilization: 73.9%
[MONITORING] [local.openml_t_359975.pygmo_c.Satellite.0.H2OAutoML] Memory Usage: 53.2%
[MONITORING] [local.openml_t_359975.pygmo_c.Satellite.0.H2OAutoML] Disk Usage: 43.2%
[MONITORING] [local.openml_t_359975.pygmo_c.Satellite.0.H2OAutoML] CPU Utilization: 76.4%
[MONITORING] [local.openml_t_359975.pygmo_c.Satellite.0.H2OAutoML] Memory Usage: 53.9%
[MONITORING] [local.openml_t_359975.pygmo_c.Satellite.0.H2OAutoML] Disk Usage: 43.2%
[MONITORING] [local.openml_t_359975.pygmo_c.Satellite.0.H2OAutoML] CPU Utilization: 76.9%
[MONITORING] [local.openml_t_359975.pygmo_c.Satellite.0.H2OAutoML] Memory Usage: 54.5%
[MONITORING] [local.openml_t_359975.pygmo_c.Satellite.0.H2OAutoML] Disk Usage: 43.2%
[MONITORING] [local.openml_t_359975.pygmo_c.Satellite.0.H2OAutoML] CPU Utilization: 76.8%
[MONITORING] [local.openml_t_359975.pygmo_c.Satellite.0.H2OAutoML] Memory Usage: 55.3%
[MONITORING] [local.openml_t_359975.pygmo_c.Satellite.0.H2OAutoML] Disk Usage: 43.2%
[MONITORING] [local.openml_t_359975.pygmo_c.Satellite.0.H2OAutoML] CPU Utilization: 75.8%
[MONITORING] [local.openml_t_359975.pygmo_c.Satellite.0.H2OAutoML] Memory Usage: 56.0%
[MONITORING] [local.openml_t_359975.pygmo_c.Satellite.0.H2OAutoML] Disk Usage: 43.2%
[MONITORING] [local.openml_t_359975.pygmo_c.Satellite.0.H2OAutoML] CPU Utilization: 74.6%
[MONITORING] [local.openml_t_359975.pygmo_c.Satellite.0.H2OAutoML] Memory Usage: 56.9%
[MONITORING] [local.openml_t_359975.pygmo_c.Satellite.0.H2OAutoML] Disk Usage: 43.2%
[MONITORING] [local.openml_t_359975.pygmo_c.Satellite.0.H2OAutoML] CPU Utilization: 73.4%
[MONITORING] [local.openml_t_359975.pygmo_c.Satellite.0.H2OAutoML] Memory Usage: 57.5%
[MONITORING] [local.openml_t_359975.pygmo_c.Satellite.0.H2OAutoML] Disk Usage: 43.2%
[MONITORING] [local.openml_t_359975.pygmo_c.Satellite.0.H2OAutoML] CPU Utilization: 86.1%
[MONITORING] [local.openml_t_359975.pygmo_c.Satellite.0.H2OAutoML] Memory Usage: 57.6%
[MONITORING] [local.openml_t_359975.pygmo_c.Satellite.0.H2OAutoML] Disk Usage: 43.2%
[MONITORING] [local.openml_t_359975.pygmo_c.Satellite.0.H2OAutoML] CPU Utilization: 99.3%
[MONITORING] [local.openml_t_359975.pygmo_c.Satellite.0.H2OAutoML] Memory Usage: 58.2%
[MONITORING] [local.openml_t_359975.pygmo_c.Satellite.0.H2OAutoML] Disk Usage: 43.2%
[MONITORING] [local.openml_t_359975.pygmo_c.Satellite.0.H2OAutoML] CPU Utilization: 97.3%
[MONITORING] [local.openml_t_359975.pygmo_c.Satellite.0.H2OAutoML] Memory Usage: 58.2%
[MONITORING] [local.openml_t_359975.pygmo_c.Satellite.0.H2OAutoML] Disk Usage: 43.2%
[MONITORING] [local.openml_t_359975.pygmo_c.Satellite.0.H2OAutoML] CPU Utilization: 98.2%
[MONITORING] [local.openml_t_359975.pygmo_c.Satellite.0.H2OAutoML] Memory Usage: 58.2%
[MONITORING] [local.openml_t_359975.pygmo_c.Satellite.0.H2OAutoML] Disk Usage: 43.2%
[MONITORING] [local.openml_t_359975.pygmo_c.Satellite.0.H2OAutoML] CPU Utilization: 98.5%
[MONITORING] [local.openml_t_359975.pygmo_c.Satellite.0.H2OAutoML] Memory Usage: 58.2%
[MONITORING] [local.openml_t_359975.pygmo_c.Satellite.0.H2OAutoML] Disk Usage: 43.2%
[MONITORING] [local.openml_t_359975.pygmo_c.Satellite.0.H2OAutoML] CPU Utilization: 97.5%
[MONITORING] [local.openml_t_359975.pygmo_c.Satellite.0.H2OAutoML] Memory Usage: 58.2%
[MONITORING] [local.openml_t_359975.pygmo_c.Satellite.0.H2OAutoML] Disk Usage: 43.2%
[MONITORING] [local.openml_t_359975.pygmo_c.Satellite.0.H2OAutoML] CPU Utilization: 93.9%
[MONITORING] [local.openml_t_359975.pygmo_c.Satellite.0.H2OAutoML] Memory Usage: 59.2%
[MONITORING] [local.openml_t_359975.pygmo_c.Satellite.0.H2OAutoML] Disk Usage: 43.2%
[MONITORING] [local.openml_t_359975.pygmo_c.Satellite.0.H2OAutoML] CPU Utilization: 95.7%
[MONITORING] [local.openml_t_359975.pygmo_c.Satellite.0.H2OAutoML] Memory Usage: 59.3%
[MONITORING] [local.openml_t_359975.pygmo_c.Satellite.0.H2OAutoML] Disk Usage: 43.2%
[MONITORING] [local.openml_t_359975.pygmo_c.Satellite.0.H2OAutoML] CPU Utilization: 97.3%
[MONITORING] [local.openml_t_359975.pygmo_c.Satellite.0.H2OAutoML] Memory Usage: 59.3%
[MONITORING] [local.openml_t_359975.pygmo_c.Satellite.0.H2OAutoML] Disk Usage: 43.2%
[MONITORING] [local.openml_t_359975.pygmo_c.Satellite.0.H2OAutoML] CPU Utilization: 81.6%
[MONITORING] [local.openml_t_359975.pygmo_c.Satellite.0.H2OAutoML] Memory Usage: 59.8%
[MONITORING] [local.openml_t_359975.pygmo_c.Satellite.0.H2OAutoML] Disk Usage: 43.2%
AutoML progress: |███████████████████████████████████████████████████████████████| (done) 100%
deeplearning prediction progress: |██████████████████████████████████████████████| (done) 100%
H2O session _sid_9816 closed.


Predictions preview:
                    Anomaly              Normal predictions   truth
0    7.986847598213977E-11  0.9999999999201314      Normal  Normal
1    1.5180144933127152E-9  0.9999999984819854      Normal  Normal
2   1.1201767217363578E-13  0.9999999999998881      Normal  Normal
3   4.3539973893796314E-11  0.9999999999564599      Normal  Normal
4     5.148877677250099E-7  0.9999994851122322      Normal  Normal
5       7.5548621629232E-9  0.9999999924451378      Normal  Normal
6    0.0018395267380506035  0.9981604732619493      Normal  Normal
7    1.1007918535415461E-9  0.9999999988992081      Normal  Normal
8    2.8146060376983867E-9  0.9999999971853939      Normal  Normal
9    1.0455314952044568E-6  0.9999989544685048      Normal  Normal
10    6.733696437777464E-5  0.9999326630356223      Normal  Normal
11  2.4430717215088747E-11  0.9999999999755693      Normal  Normal
12    7.210389952857374E-6  0.9999927896100472      Normal  Normal
13   6.005828508793475E-10  0.9999999993994171      Normal  Normal
14     9.15823498910243E-9   0.999999990841765      Normal  Normal
15   5.301317853640992E-10  0.9999999994698683      Normal  Normal
16   1.0312979166217693E-7  0.9999998968702084      Normal  Normal
17   5.5489534869967404E-9  0.9999999944510465      Normal  Normal
18   4.491662289028933E-11  0.9999999999550835      Normal  Normal
19   3.2347809361820853E-7  0.9999996765219064      Normal  Normal

Predictions saved to `/home/juradoi/experiments/automlbenchmark/results/h2oautoml.openml_t_359975.pygmo_c.local.20211210T063555/predictions/Satellite/0/predictions.csv`.
Loading metadata from `/home/juradoi/experiments/automlbenchmark/results/h2oautoml.openml_t_359975.pygmo_c.local.20211210T063555/predictions/Satellite/0/metadata.json`.
Loading predictions from `/home/juradoi/experiments/automlbenchmark/results/h2oautoml.openml_t_359975.pygmo_c.local.20211210T063555/predictions/Satellite/0/predictions.csv`.
Metric scores: { 'acc': 0.9862745098039216,
  'app_version': 'dev [master, beef024]',
  'auc': 0.9693268957682477,
  'balacc': 0.5704345356432832,
  'constraint': 'pygmo_c',
  'duration': nan,
  'fold': 0,
  'framework': 'H2OAutoML',
  'id': 'openml.org/t/359975',
  'info': None,
  'logloss': 0.07451033399749431,
  'metric': 'auc',
  'mode': 'local',
  'models_count': 1078,
  'params': '',
  'predict_duration': 0.12131476402282715,
  'result': 0.9693268957682477,
  'seed': 892830772,
  'task': 'Satellite',
  'training_duration': 3605.1677911281586,
  'type': 'binary',
  'utc': '2021-12-10T07:36:10',
  'version': '3.34.0.3'}
Job `local.openml_t_359975.pygmo_c.Satellite.0.H2OAutoML` executed in 3614.777 seconds.
All jobs executed in 3614.791 seconds.
[MONITORING] [local.openml_t_359975.pygmo_c.Satellite.0.H2OAutoML] CPU Utilization: 47.7%
[MONITORING] [local.openml_t_359975.pygmo_c.Satellite.0.H2OAutoML] Memory Usage: 2.2%
[MONITORING] [local.openml_t_359975.pygmo_c.Satellite.0.H2OAutoML] Disk Usage: 43.2%
Processing results for h2oautoml.openml_t_359975.pygmo_c.local.20211210T063555
Scores saved to `/home/juradoi/experiments/automlbenchmark/results/h2oautoml.openml_t_359975.pygmo_c.local.20211210T063555/scores/H2OAutoML.benchmark_openml_t_359975.csv`.
Scores saved to `/home/juradoi/experiments/automlbenchmark/results/h2oautoml.openml_t_359975.pygmo_c.local.20211210T063555/scores/results.csv`.
Scores saved to `/home/juradoi/experiments/automlbenchmark/results/results.csv`.
Summing up scores for current run:
                 id      task fold framework constraint   result metric  duration      seed
openml.org/t/359975 Satellite    0 H2OAutoML    pygmo_c 0.969327    auc    3614.8 892830772
