/var/spool/slurm/slurmd/job8494147/slurm_script: line 8: activate: No such file or directory
Running benchmark `H2OAutoML` on `openml/t/359965` framework in `local` mode.
Loading frameworks definitions from ['/home/juradoi/experiments/automlbenchmark/resources/frameworks.yaml'].
Loading benchmark constraint definitions from ['/home/juradoi/experiments/automlbenchmark/resources/constraints.yaml'].
Loading openml task 359965.

----------------------------------------------------------------
Starting job local.openml_t_359965.pygmo_c.kr-vs-kp.0.H2OAutoML.
Assigning 16 cores (total=16) for new task kr-vs-kp.
Assigning 91049 MB (total=95302 MB) for new kr-vs-kp task.
[MONITORING] [local.openml_t_359965.pygmo_c.kr-vs-kp.0.H2OAutoML] CPU Utilization: 18.7%
[MONITORING] [local.openml_t_359965.pygmo_c.kr-vs-kp.0.H2OAutoML] Memory Usage: 2.3%
[MONITORING] [local.openml_t_359965.pygmo_c.kr-vs-kp.0.H2OAutoML] Disk Usage: 43.2%
Running task kr-vs-kp on framework H2OAutoML with config:
TaskConfig({})
Running cmd `/home/juradoi/experiments/automlbenchmark/frameworks/H2OAutoML/venv/bin/python -W ignore /home/juradoi/experiments/automlbenchmark/frameworks/H2OAutoML/exec.py`
INFO:__main__:
**** H2O AutoML [v3.34.0.3] ****

INFO:__main__:Starting H2O cluster with 16 cores, 60699M memory.
Checking whether there is an H2O instance running at http://localhost:24037 ..... not found.
Attempting to start a local H2O server...
  Java Version: openjdk version "11.0.12" 2021-07-20; OpenJDK Runtime Environment (build 11.0.12+7-post-Debian-2deb10u1); OpenJDK 64-Bit Server VM (build 11.0.12+7-post-Debian-2deb10u1, mixed mode, sharing)
  Starting server from /home/juradoi/experiments/automlbenchmark/frameworks/H2OAutoML/venv/lib/python3.8/site-packages/h2o/backend/bin/h2o.jar
  Ice root: /tmp/tmpiassk0id
  JVM stdout: /tmp/tmpiassk0id/h2o_unknownUser_started_from_python.out
  JVM stderr: /tmp/tmpiassk0id/h2o_unknownUser_started_from_python.err
  Server is running at http://127.0.0.1:24037
Connecting to H2O server at http://127.0.0.1:24037 ... successful.
--------------------------  ------------------------------------------------------------------
H2O_cluster_uptime:         01 secs
H2O_cluster_timezone:       Europe/Amsterdam
H2O_data_parsing_timezone:  UTC
H2O_cluster_version:        3.34.0.3
H2O_cluster_version_age:    2 months and 2 days
H2O_cluster_name:           H2O_from_python_unknownUser_hq3xpg
H2O_cluster_total_nodes:    1
H2O_cluster_free_memory:    59.28 Gb
H2O_cluster_total_cores:    16
H2O_cluster_allowed_cores:  16
H2O_cluster_status:         locked, healthy
H2O_connection_url:         http://127.0.0.1:24037
H2O_connection_proxy:       {"http": null, "https": null}
H2O_internal_security:      False
H2O_API_Extensions:         Amazon S3, XGBoost, Algos, AutoML, Core V3, TargetEncoder, Core V4
Python_version:             3.8.12 final
--------------------------  ------------------------------------------------------------------
Parse progress: |████████████████████████████████████████████████████████████████| (done) 100%
Parse progress: |████████████████████████████████████████████████████████████████| (done) 100%
Parse progress: |████████████████████████████████████████████████████████████████| (done) 100%
INFO:__main__:Running model on task kr-vs-kp, fold 0.
[MONITORING] [local.openml_t_359965.pygmo_c.kr-vs-kp.0.H2OAutoML] CPU Utilization: 59.7%
[MONITORING] [local.openml_t_359965.pygmo_c.kr-vs-kp.0.H2OAutoML] Memory Usage: 32.6%
[MONITORING] [local.openml_t_359965.pygmo_c.kr-vs-kp.0.H2OAutoML] Disk Usage: 43.2%
[MONITORING] [local.openml_t_359965.pygmo_c.kr-vs-kp.0.H2OAutoML] CPU Utilization: 72.6%
[MONITORING] [local.openml_t_359965.pygmo_c.kr-vs-kp.0.H2OAutoML] Memory Usage: 45.6%
[MONITORING] [local.openml_t_359965.pygmo_c.kr-vs-kp.0.H2OAutoML] Disk Usage: 43.2%
[MONITORING] [local.openml_t_359965.pygmo_c.kr-vs-kp.0.H2OAutoML] CPU Utilization: 76.0%
[MONITORING] [local.openml_t_359965.pygmo_c.kr-vs-kp.0.H2OAutoML] Memory Usage: 46.4%
[MONITORING] [local.openml_t_359965.pygmo_c.kr-vs-kp.0.H2OAutoML] Disk Usage: 43.2%
[MONITORING] [local.openml_t_359965.pygmo_c.kr-vs-kp.0.H2OAutoML] CPU Utilization: 75.3%
[MONITORING] [local.openml_t_359965.pygmo_c.kr-vs-kp.0.H2OAutoML] Memory Usage: 46.5%
[MONITORING] [local.openml_t_359965.pygmo_c.kr-vs-kp.0.H2OAutoML] Disk Usage: 43.2%
[MONITORING] [local.openml_t_359965.pygmo_c.kr-vs-kp.0.H2OAutoML] CPU Utilization: 74.2%
[MONITORING] [local.openml_t_359965.pygmo_c.kr-vs-kp.0.H2OAutoML] Memory Usage: 47.6%
[MONITORING] [local.openml_t_359965.pygmo_c.kr-vs-kp.0.H2OAutoML] Disk Usage: 43.2%
[MONITORING] [local.openml_t_359965.pygmo_c.kr-vs-kp.0.H2OAutoML] CPU Utilization: 74.6%
[MONITORING] [local.openml_t_359965.pygmo_c.kr-vs-kp.0.H2OAutoML] Memory Usage: 47.7%
[MONITORING] [local.openml_t_359965.pygmo_c.kr-vs-kp.0.H2OAutoML] Disk Usage: 43.2%
[MONITORING] [local.openml_t_359965.pygmo_c.kr-vs-kp.0.H2OAutoML] CPU Utilization: 75.8%
[MONITORING] [local.openml_t_359965.pygmo_c.kr-vs-kp.0.H2OAutoML] Memory Usage: 48.0%
[MONITORING] [local.openml_t_359965.pygmo_c.kr-vs-kp.0.H2OAutoML] Disk Usage: 43.2%
[MONITORING] [local.openml_t_359965.pygmo_c.kr-vs-kp.0.H2OAutoML] CPU Utilization: 75.8%
[MONITORING] [local.openml_t_359965.pygmo_c.kr-vs-kp.0.H2OAutoML] Memory Usage: 49.0%
[MONITORING] [local.openml_t_359965.pygmo_c.kr-vs-kp.0.H2OAutoML] Disk Usage: 43.2%
[MONITORING] [local.openml_t_359965.pygmo_c.kr-vs-kp.0.H2OAutoML] CPU Utilization: 72.2%
[MONITORING] [local.openml_t_359965.pygmo_c.kr-vs-kp.0.H2OAutoML] Memory Usage: 49.0%
[MONITORING] [local.openml_t_359965.pygmo_c.kr-vs-kp.0.H2OAutoML] Disk Usage: 43.2%
[MONITORING] [local.openml_t_359965.pygmo_c.kr-vs-kp.0.H2OAutoML] CPU Utilization: 72.6%
[MONITORING] [local.openml_t_359965.pygmo_c.kr-vs-kp.0.H2OAutoML] Memory Usage: 49.5%
[MONITORING] [local.openml_t_359965.pygmo_c.kr-vs-kp.0.H2OAutoML] Disk Usage: 43.2%
[MONITORING] [local.openml_t_359965.pygmo_c.kr-vs-kp.0.H2OAutoML] CPU Utilization: 68.3%
[MONITORING] [local.openml_t_359965.pygmo_c.kr-vs-kp.0.H2OAutoML] Memory Usage: 49.5%
[MONITORING] [local.openml_t_359965.pygmo_c.kr-vs-kp.0.H2OAutoML] Disk Usage: 43.2%
[MONITORING] [local.openml_t_359965.pygmo_c.kr-vs-kp.0.H2OAutoML] CPU Utilization: 69.9%
[MONITORING] [local.openml_t_359965.pygmo_c.kr-vs-kp.0.H2OAutoML] Memory Usage: 49.7%
[MONITORING] [local.openml_t_359965.pygmo_c.kr-vs-kp.0.H2OAutoML] Disk Usage: 43.2%
[MONITORING] [local.openml_t_359965.pygmo_c.kr-vs-kp.0.H2OAutoML] CPU Utilization: 71.5%
[MONITORING] [local.openml_t_359965.pygmo_c.kr-vs-kp.0.H2OAutoML] Memory Usage: 50.6%
[MONITORING] [local.openml_t_359965.pygmo_c.kr-vs-kp.0.H2OAutoML] Disk Usage: 43.2%
[MONITORING] [local.openml_t_359965.pygmo_c.kr-vs-kp.0.H2OAutoML] CPU Utilization: 71.4%
[MONITORING] [local.openml_t_359965.pygmo_c.kr-vs-kp.0.H2OAutoML] Memory Usage: 50.6%
[MONITORING] [local.openml_t_359965.pygmo_c.kr-vs-kp.0.H2OAutoML] Disk Usage: 43.2%
[MONITORING] [local.openml_t_359965.pygmo_c.kr-vs-kp.0.H2OAutoML] CPU Utilization: 63.0%
[MONITORING] [local.openml_t_359965.pygmo_c.kr-vs-kp.0.H2OAutoML] Memory Usage: 51.5%
[MONITORING] [local.openml_t_359965.pygmo_c.kr-vs-kp.0.H2OAutoML] Disk Usage: 43.2%
[MONITORING] [local.openml_t_359965.pygmo_c.kr-vs-kp.0.H2OAutoML] CPU Utilization: 58.7%
[MONITORING] [local.openml_t_359965.pygmo_c.kr-vs-kp.0.H2OAutoML] Memory Usage: 51.5%
[MONITORING] [local.openml_t_359965.pygmo_c.kr-vs-kp.0.H2OAutoML] Disk Usage: 43.2%
[MONITORING] [local.openml_t_359965.pygmo_c.kr-vs-kp.0.H2OAutoML] CPU Utilization: 61.9%
[MONITORING] [local.openml_t_359965.pygmo_c.kr-vs-kp.0.H2OAutoML] Memory Usage: 51.6%
[MONITORING] [local.openml_t_359965.pygmo_c.kr-vs-kp.0.H2OAutoML] Disk Usage: 43.2%
[MONITORING] [local.openml_t_359965.pygmo_c.kr-vs-kp.0.H2OAutoML] CPU Utilization: 63.0%
[MONITORING] [local.openml_t_359965.pygmo_c.kr-vs-kp.0.H2OAutoML] Memory Usage: 52.5%
[MONITORING] [local.openml_t_359965.pygmo_c.kr-vs-kp.0.H2OAutoML] Disk Usage: 43.2%
[MONITORING] [local.openml_t_359965.pygmo_c.kr-vs-kp.0.H2OAutoML] CPU Utilization: 60.4%
[MONITORING] [local.openml_t_359965.pygmo_c.kr-vs-kp.0.H2OAutoML] Memory Usage: 52.6%
[MONITORING] [local.openml_t_359965.pygmo_c.kr-vs-kp.0.H2OAutoML] Disk Usage: 43.2%
[MONITORING] [local.openml_t_359965.pygmo_c.kr-vs-kp.0.H2OAutoML] CPU Utilization: 61.7%
[MONITORING] [local.openml_t_359965.pygmo_c.kr-vs-kp.0.H2OAutoML] Memory Usage: 53.5%
[MONITORING] [local.openml_t_359965.pygmo_c.kr-vs-kp.0.H2OAutoML] Disk Usage: 43.2%
[MONITORING] [local.openml_t_359965.pygmo_c.kr-vs-kp.0.H2OAutoML] CPU Utilization: 62.1%
[MONITORING] [local.openml_t_359965.pygmo_c.kr-vs-kp.0.H2OAutoML] Memory Usage: 53.5%
[MONITORING] [local.openml_t_359965.pygmo_c.kr-vs-kp.0.H2OAutoML] Disk Usage: 43.2%
[MONITORING] [local.openml_t_359965.pygmo_c.kr-vs-kp.0.H2OAutoML] CPU Utilization: 61.5%
[MONITORING] [local.openml_t_359965.pygmo_c.kr-vs-kp.0.H2OAutoML] Memory Usage: 53.6%
[MONITORING] [local.openml_t_359965.pygmo_c.kr-vs-kp.0.H2OAutoML] Disk Usage: 43.2%
[MONITORING] [local.openml_t_359965.pygmo_c.kr-vs-kp.0.H2OAutoML] CPU Utilization: 58.0%
[MONITORING] [local.openml_t_359965.pygmo_c.kr-vs-kp.0.H2OAutoML] Memory Usage: 54.5%
[MONITORING] [local.openml_t_359965.pygmo_c.kr-vs-kp.0.H2OAutoML] Disk Usage: 43.2%
[MONITORING] [local.openml_t_359965.pygmo_c.kr-vs-kp.0.H2OAutoML] CPU Utilization: 83.2%
[MONITORING] [local.openml_t_359965.pygmo_c.kr-vs-kp.0.H2OAutoML] Memory Usage: 54.5%
[MONITORING] [local.openml_t_359965.pygmo_c.kr-vs-kp.0.H2OAutoML] Disk Usage: 43.2%
[MONITORING] [local.openml_t_359965.pygmo_c.kr-vs-kp.0.H2OAutoML] CPU Utilization: 92.2%
[MONITORING] [local.openml_t_359965.pygmo_c.kr-vs-kp.0.H2OAutoML] Memory Usage: 54.7%
[MONITORING] [local.openml_t_359965.pygmo_c.kr-vs-kp.0.H2OAutoML] Disk Usage: 43.2%
[MONITORING] [local.openml_t_359965.pygmo_c.kr-vs-kp.0.H2OAutoML] CPU Utilization: 92.7%
[MONITORING] [local.openml_t_359965.pygmo_c.kr-vs-kp.0.H2OAutoML] Memory Usage: 54.8%
[MONITORING] [local.openml_t_359965.pygmo_c.kr-vs-kp.0.H2OAutoML] Disk Usage: 43.2%
[MONITORING] [local.openml_t_359965.pygmo_c.kr-vs-kp.0.H2OAutoML] CPU Utilization: 93.5%
[MONITORING] [local.openml_t_359965.pygmo_c.kr-vs-kp.0.H2OAutoML] Memory Usage: 54.9%
[MONITORING] [local.openml_t_359965.pygmo_c.kr-vs-kp.0.H2OAutoML] Disk Usage: 43.2%
[MONITORING] [local.openml_t_359965.pygmo_c.kr-vs-kp.0.H2OAutoML] CPU Utilization: 91.5%
[MONITORING] [local.openml_t_359965.pygmo_c.kr-vs-kp.0.H2OAutoML] Memory Usage: 55.2%
[MONITORING] [local.openml_t_359965.pygmo_c.kr-vs-kp.0.H2OAutoML] Disk Usage: 43.2%
[MONITORING] [local.openml_t_359965.pygmo_c.kr-vs-kp.0.H2OAutoML] CPU Utilization: 94.1%
[MONITORING] [local.openml_t_359965.pygmo_c.kr-vs-kp.0.H2OAutoML] Memory Usage: 55.2%
[MONITORING] [local.openml_t_359965.pygmo_c.kr-vs-kp.0.H2OAutoML] Disk Usage: 43.2%
[MONITORING] [local.openml_t_359965.pygmo_c.kr-vs-kp.0.H2OAutoML] CPU Utilization: 81.7%
[MONITORING] [local.openml_t_359965.pygmo_c.kr-vs-kp.0.H2OAutoML] Memory Usage: 55.3%
[MONITORING] [local.openml_t_359965.pygmo_c.kr-vs-kp.0.H2OAutoML] Disk Usage: 43.2%
AutoML progress: |███████████████████████████████████████████████████████████████| (done) 100%
stackedensemble prediction progress: |███████████████████████████████████████████| (done) 100%
H2O session _sid_b206 closed.



Predictions preview:
                  nowin                    won predictions  truth
0   0.9999660858132089   3.391418679108059E-5       nowin  nowin
1   0.9999660937993775    3.39062006224476E-5       nowin  nowin
2   0.9999654209415823  3.4579058417741004E-5       nowin  nowin
3   0.9999694199261276   3.058007387231986E-5       nowin  nowin
4   0.9999702389816584  2.9761018341621403E-5       nowin  nowin
5   0.9999723732557178  2.7626744282243604E-5       nowin  nowin
6   0.9820137814957594   0.017986218504240595       nowin  nowin
7   0.9999754422143757  2.4557785624323255E-5       nowin  nowin
8   0.9999727931721221   2.720682787798151E-5       nowin  nowin
9   0.9912370484552729   0.008762951544727048       nowin  nowin
10  0.9344054467343005    0.06559455326569949       nowin  nowin
11  0.9989420847087733  0.0010579152912266459       nowin  nowin
12  0.9999628531058454   3.714689415460871E-5       nowin  nowin
13  0.9991736195584263   8.263804415736347E-4       nowin  nowin
14  0.9999583109293781  4.1689070621869254E-5       nowin  nowin
15  0.9986343969313518  0.0013656030686482286       nowin  nowin
16  0.9999672404476765    3.27595523234589E-5       nowin  nowin
17  0.9999000934487353    9.99065512646977E-5       nowin  nowin
18   0.999973446247587  2.6553752413029516E-5       nowin  nowin
19  0.9999723732542996  2.7626745700397474E-5       nowin  nowin

Predictions saved to `/home/juradoi/experiments/automlbenchmark/results/h2oautoml.openml_t_359965.pygmo_c.local.20211209T224754/predictions/kr-vs-kp/0/predictions.csv`.
Loading metadata from `/home/juradoi/experiments/automlbenchmark/results/h2oautoml.openml_t_359965.pygmo_c.local.20211209T224754/predictions/kr-vs-kp/0/metadata.json`.
Loading predictions from `/home/juradoi/experiments/automlbenchmark/results/h2oautoml.openml_t_359965.pygmo_c.local.20211209T224754/predictions/kr-vs-kp/0/predictions.csv`.
Metric scores: { 'acc': 0.99375,
  'app_version': 'dev [master, beef024]',
  'auc': 0.9999217251770969,
  'balacc': 0.993738014167743,
  'constraint': 'pygmo_c',
  'duration': nan,
  'fold': 0,
  'framework': 'H2OAutoML',
  'id': 'openml.org/t/359965',
  'info': None,
  'logloss': 0.011660774029534113,
  'metric': 'auc',
  'mode': 'local',
  'models_count': 427,
  'params': '',
  'predict_duration': 0.3374752998352051,
  'result': 0.9999217251770969,
  'seed': 910942211,
  'task': 'kr-vs-kp',
  'training_duration': 3604.0022938251495,
  'type': 'binary',
  'utc': '2021-12-09T23:48:08',
  'version': '3.34.0.3'}
Job `local.openml_t_359965.pygmo_c.kr-vs-kp.0.H2OAutoML` executed in 3614.042 seconds.
All jobs executed in 3614.050 seconds.
[MONITORING] [local.openml_t_359965.pygmo_c.kr-vs-kp.0.H2OAutoML] CPU Utilization: 56.7%
[MONITORING] [local.openml_t_359965.pygmo_c.kr-vs-kp.0.H2OAutoML] Memory Usage: 2.3%
[MONITORING] [local.openml_t_359965.pygmo_c.kr-vs-kp.0.H2OAutoML] Disk Usage: 43.2%
Processing results for h2oautoml.openml_t_359965.pygmo_c.local.20211209T224754
Scores saved to `/home/juradoi/experiments/automlbenchmark/results/h2oautoml.openml_t_359965.pygmo_c.local.20211209T224754/scores/H2OAutoML.benchmark_openml_t_359965.csv`.
Scores saved to `/home/juradoi/experiments/automlbenchmark/results/h2oautoml.openml_t_359965.pygmo_c.local.20211209T224754/scores/results.csv`.
Scores saved to `/home/juradoi/experiments/automlbenchmark/results/results.csv`.
Summing up scores for current run:
                 id     task fold framework constraint   result metric  duration      seed
openml.org/t/359965 kr-vs-kp    0 H2OAutoML    pygmo_c 0.999922    auc    3614.0 910942211
