/var/spool/slurm/slurmd/job8494827/slurm_script: line 8: activate: No such file or directory
Running benchmark `H2OAutoML` on `openml/t/359971` framework in `local` mode.
Loading frameworks definitions from ['/home/juradoi/experiments/automlbenchmark/resources/frameworks.yaml'].
Loading benchmark constraint definitions from ['/home/juradoi/experiments/automlbenchmark/resources/constraints.yaml'].
Loading openml task 359971.

------------------------------------------------------------------------
Starting job local.openml_t_359971.pygmo_c.PhishingWebsites.0.H2OAutoML.
Assigning 16 cores (total=16) for new task PhishingWebsites.
Assigning 91029 MB (total=95302 MB) for new PhishingWebsites task.
[MONITORING] [local.openml_t_359971.pygmo_c.PhishingWebsites.0.H2OAutoML] CPU Utilization: 17.3%
[MONITORING] [local.openml_t_359971.pygmo_c.PhishingWebsites.0.H2OAutoML] Memory Usage: 2.3%
[MONITORING] [local.openml_t_359971.pygmo_c.PhishingWebsites.0.H2OAutoML] Disk Usage: 43.6%
Running task PhishingWebsites on framework H2OAutoML with config:
TaskConfig({})
Running cmd `/home/juradoi/experiments/automlbenchmark/frameworks/H2OAutoML/venv/bin/python -W ignore /home/juradoi/experiments/automlbenchmark/frameworks/H2OAutoML/exec.py`
INFO:__main__:
**** H2O AutoML [v3.34.0.3] ****

INFO:__main__:Starting H2O cluster with 16 cores, 60686M memory.
Checking whether there is an H2O instance running at http://localhost:4741 ..... not found.
Attempting to start a local H2O server...
  Java Version: openjdk version "11.0.12" 2021-07-20; OpenJDK Runtime Environment (build 11.0.12+7-post-Debian-2deb10u1); OpenJDK 64-Bit Server VM (build 11.0.12+7-post-Debian-2deb10u1, mixed mode, sharing)
  Starting server from /home/juradoi/experiments/automlbenchmark/frameworks/H2OAutoML/venv/lib/python3.8/site-packages/h2o/backend/bin/h2o.jar
  Ice root: /tmp/tmpjf1v2vc9
  JVM stdout: /tmp/tmpjf1v2vc9/h2o_unknownUser_started_from_python.out
  JVM stderr: /tmp/tmpjf1v2vc9/h2o_unknownUser_started_from_python.err
  Server is running at http://127.0.0.1:4741
Connecting to H2O server at http://127.0.0.1:4741 ... successful.
--------------------------  ------------------------------------------------------------------
H2O_cluster_uptime:         01 secs
H2O_cluster_timezone:       Europe/Amsterdam
H2O_data_parsing_timezone:  UTC
H2O_cluster_version:        3.34.0.3
H2O_cluster_version_age:    2 months and 2 days
H2O_cluster_name:           H2O_from_python_unknownUser_gxhvuw
H2O_cluster_total_nodes:    1
H2O_cluster_free_memory:    59.27 Gb
H2O_cluster_total_cores:    16
H2O_cluster_allowed_cores:  16
H2O_cluster_status:         locked, healthy
H2O_connection_url:         http://127.0.0.1:4741
H2O_connection_proxy:       {"http": null, "https": null}
H2O_internal_security:      False
H2O_API_Extensions:         Amazon S3, XGBoost, Algos, AutoML, Core V3, TargetEncoder, Core V4
Python_version:             3.8.12 final
--------------------------  ------------------------------------------------------------------
Parse progress: |████████████████████████████████████████████████████████████████| (done) 100%
Parse progress: |████████████████████████████████████████████████████████████████| (done) 100%
INFO:__main__:Running model on task PhishingWebsites, fold 0.
[MONITORING] [local.openml_t_359971.pygmo_c.PhishingWebsites.0.H2OAutoML] CPU Utilization: 59.8%
[MONITORING] [local.openml_t_359971.pygmo_c.PhishingWebsites.0.H2OAutoML] Memory Usage: 44.7%
[MONITORING] [local.openml_t_359971.pygmo_c.PhishingWebsites.0.H2OAutoML] Disk Usage: 43.6%
[MONITORING] [local.openml_t_359971.pygmo_c.PhishingWebsites.0.H2OAutoML] CPU Utilization: 72.8%
[MONITORING] [local.openml_t_359971.pygmo_c.PhishingWebsites.0.H2OAutoML] Memory Usage: 45.1%
[MONITORING] [local.openml_t_359971.pygmo_c.PhishingWebsites.0.H2OAutoML] Disk Usage: 43.6%
[MONITORING] [local.openml_t_359971.pygmo_c.PhishingWebsites.0.H2OAutoML] CPU Utilization: 71.5%
[MONITORING] [local.openml_t_359971.pygmo_c.PhishingWebsites.0.H2OAutoML] Memory Usage: 45.6%
[MONITORING] [local.openml_t_359971.pygmo_c.PhishingWebsites.0.H2OAutoML] Disk Usage: 43.6%
[MONITORING] [local.openml_t_359971.pygmo_c.PhishingWebsites.0.H2OAutoML] CPU Utilization: 70.6%
[MONITORING] [local.openml_t_359971.pygmo_c.PhishingWebsites.0.H2OAutoML] Memory Usage: 45.8%
[MONITORING] [local.openml_t_359971.pygmo_c.PhishingWebsites.0.H2OAutoML] Disk Usage: 43.6%
[MONITORING] [local.openml_t_359971.pygmo_c.PhishingWebsites.0.H2OAutoML] CPU Utilization: 69.8%
[MONITORING] [local.openml_t_359971.pygmo_c.PhishingWebsites.0.H2OAutoML] Memory Usage: 46.5%
[MONITORING] [local.openml_t_359971.pygmo_c.PhishingWebsites.0.H2OAutoML] Disk Usage: 43.6%
[MONITORING] [local.openml_t_359971.pygmo_c.PhishingWebsites.0.H2OAutoML] CPU Utilization: 72.0%
[MONITORING] [local.openml_t_359971.pygmo_c.PhishingWebsites.0.H2OAutoML] Memory Usage: 46.8%
[MONITORING] [local.openml_t_359971.pygmo_c.PhishingWebsites.0.H2OAutoML] Disk Usage: 43.6%
[MONITORING] [local.openml_t_359971.pygmo_c.PhishingWebsites.0.H2OAutoML] CPU Utilization: 70.4%
[MONITORING] [local.openml_t_359971.pygmo_c.PhishingWebsites.0.H2OAutoML] Memory Usage: 47.7%
[MONITORING] [local.openml_t_359971.pygmo_c.PhishingWebsites.0.H2OAutoML] Disk Usage: 43.6%
[MONITORING] [local.openml_t_359971.pygmo_c.PhishingWebsites.0.H2OAutoML] CPU Utilization: 78.0%
[MONITORING] [local.openml_t_359971.pygmo_c.PhishingWebsites.0.H2OAutoML] Memory Usage: 47.7%
[MONITORING] [local.openml_t_359971.pygmo_c.PhishingWebsites.0.H2OAutoML] Disk Usage: 43.6%
[MONITORING] [local.openml_t_359971.pygmo_c.PhishingWebsites.0.H2OAutoML] CPU Utilization: 77.6%
[MONITORING] [local.openml_t_359971.pygmo_c.PhishingWebsites.0.H2OAutoML] Memory Usage: 47.8%
[MONITORING] [local.openml_t_359971.pygmo_c.PhishingWebsites.0.H2OAutoML] Disk Usage: 43.6%
[MONITORING] [local.openml_t_359971.pygmo_c.PhishingWebsites.0.H2OAutoML] CPU Utilization: 76.0%
[MONITORING] [local.openml_t_359971.pygmo_c.PhishingWebsites.0.H2OAutoML] Memory Usage: 48.5%
[MONITORING] [local.openml_t_359971.pygmo_c.PhishingWebsites.0.H2OAutoML] Disk Usage: 43.6%
[MONITORING] [local.openml_t_359971.pygmo_c.PhishingWebsites.0.H2OAutoML] CPU Utilization: 76.1%
[MONITORING] [local.openml_t_359971.pygmo_c.PhishingWebsites.0.H2OAutoML] Memory Usage: 48.5%
[MONITORING] [local.openml_t_359971.pygmo_c.PhishingWebsites.0.H2OAutoML] Disk Usage: 43.6%
[MONITORING] [local.openml_t_359971.pygmo_c.PhishingWebsites.0.H2OAutoML] CPU Utilization: 73.4%
[MONITORING] [local.openml_t_359971.pygmo_c.PhishingWebsites.0.H2OAutoML] Memory Usage: 49.4%
[MONITORING] [local.openml_t_359971.pygmo_c.PhishingWebsites.0.H2OAutoML] Disk Usage: 43.6%
[MONITORING] [local.openml_t_359971.pygmo_c.PhishingWebsites.0.H2OAutoML] CPU Utilization: 76.4%
[MONITORING] [local.openml_t_359971.pygmo_c.PhishingWebsites.0.H2OAutoML] Memory Usage: 49.5%
[MONITORING] [local.openml_t_359971.pygmo_c.PhishingWebsites.0.H2OAutoML] Disk Usage: 43.6%
[MONITORING] [local.openml_t_359971.pygmo_c.PhishingWebsites.0.H2OAutoML] CPU Utilization: 75.9%
[MONITORING] [local.openml_t_359971.pygmo_c.PhishingWebsites.0.H2OAutoML] Memory Usage: 49.5%
[MONITORING] [local.openml_t_359971.pygmo_c.PhishingWebsites.0.H2OAutoML] Disk Usage: 43.6%
[MONITORING] [local.openml_t_359971.pygmo_c.PhishingWebsites.0.H2OAutoML] CPU Utilization: 64.0%
[MONITORING] [local.openml_t_359971.pygmo_c.PhishingWebsites.0.H2OAutoML] Memory Usage: 50.1%
[MONITORING] [local.openml_t_359971.pygmo_c.PhishingWebsites.0.H2OAutoML] Disk Usage: 43.6%
[MONITORING] [local.openml_t_359971.pygmo_c.PhishingWebsites.0.H2OAutoML] CPU Utilization: 61.7%
[MONITORING] [local.openml_t_359971.pygmo_c.PhishingWebsites.0.H2OAutoML] Memory Usage: 50.4%
[MONITORING] [local.openml_t_359971.pygmo_c.PhishingWebsites.0.H2OAutoML] Disk Usage: 43.6%
[MONITORING] [local.openml_t_359971.pygmo_c.PhishingWebsites.0.H2OAutoML] CPU Utilization: 62.2%
[MONITORING] [local.openml_t_359971.pygmo_c.PhishingWebsites.0.H2OAutoML] Memory Usage: 51.3%
[MONITORING] [local.openml_t_359971.pygmo_c.PhishingWebsites.0.H2OAutoML] Disk Usage: 43.6%
[MONITORING] [local.openml_t_359971.pygmo_c.PhishingWebsites.0.H2OAutoML] CPU Utilization: 62.5%
[MONITORING] [local.openml_t_359971.pygmo_c.PhishingWebsites.0.H2OAutoML] Memory Usage: 51.4%
[MONITORING] [local.openml_t_359971.pygmo_c.PhishingWebsites.0.H2OAutoML] Disk Usage: 43.6%
[MONITORING] [local.openml_t_359971.pygmo_c.PhishingWebsites.0.H2OAutoML] CPU Utilization: 62.6%
[MONITORING] [local.openml_t_359971.pygmo_c.PhishingWebsites.0.H2OAutoML] Memory Usage: 51.4%
[MONITORING] [local.openml_t_359971.pygmo_c.PhishingWebsites.0.H2OAutoML] Disk Usage: 43.6%
[MONITORING] [local.openml_t_359971.pygmo_c.PhishingWebsites.0.H2OAutoML] CPU Utilization: 64.3%
[MONITORING] [local.openml_t_359971.pygmo_c.PhishingWebsites.0.H2OAutoML] Memory Usage: 52.2%
[MONITORING] [local.openml_t_359971.pygmo_c.PhishingWebsites.0.H2OAutoML] Disk Usage: 43.6%
[MONITORING] [local.openml_t_359971.pygmo_c.PhishingWebsites.0.H2OAutoML] CPU Utilization: 60.4%
[MONITORING] [local.openml_t_359971.pygmo_c.PhishingWebsites.0.H2OAutoML] Memory Usage: 52.3%
[MONITORING] [local.openml_t_359971.pygmo_c.PhishingWebsites.0.H2OAutoML] Disk Usage: 43.6%
[MONITORING] [local.openml_t_359971.pygmo_c.PhishingWebsites.0.H2OAutoML] CPU Utilization: 63.8%
[MONITORING] [local.openml_t_359971.pygmo_c.PhishingWebsites.0.H2OAutoML] Memory Usage: 53.0%
[MONITORING] [local.openml_t_359971.pygmo_c.PhishingWebsites.0.H2OAutoML] Disk Usage: 43.6%
[MONITORING] [local.openml_t_359971.pygmo_c.PhishingWebsites.0.H2OAutoML] CPU Utilization: 61.1%
[MONITORING] [local.openml_t_359971.pygmo_c.PhishingWebsites.0.H2OAutoML] Memory Usage: 53.1%
[MONITORING] [local.openml_t_359971.pygmo_c.PhishingWebsites.0.H2OAutoML] Disk Usage: 43.6%
[MONITORING] [local.openml_t_359971.pygmo_c.PhishingWebsites.0.H2OAutoML] CPU Utilization: 84.0%
[MONITORING] [local.openml_t_359971.pygmo_c.PhishingWebsites.0.H2OAutoML] Memory Usage: 53.1%
[MONITORING] [local.openml_t_359971.pygmo_c.PhishingWebsites.0.H2OAutoML] Disk Usage: 43.6%
[MONITORING] [local.openml_t_359971.pygmo_c.PhishingWebsites.0.H2OAutoML] CPU Utilization: 94.2%
[MONITORING] [local.openml_t_359971.pygmo_c.PhishingWebsites.0.H2OAutoML] Memory Usage: 53.4%
[MONITORING] [local.openml_t_359971.pygmo_c.PhishingWebsites.0.H2OAutoML] Disk Usage: 43.6%
[MONITORING] [local.openml_t_359971.pygmo_c.PhishingWebsites.0.H2OAutoML] CPU Utilization: 94.3%
[MONITORING] [local.openml_t_359971.pygmo_c.PhishingWebsites.0.H2OAutoML] Memory Usage: 53.4%
[MONITORING] [local.openml_t_359971.pygmo_c.PhishingWebsites.0.H2OAutoML] Disk Usage: 43.6%
[MONITORING] [local.openml_t_359971.pygmo_c.PhishingWebsites.0.H2OAutoML] CPU Utilization: 94.2%
[MONITORING] [local.openml_t_359971.pygmo_c.PhishingWebsites.0.H2OAutoML] Memory Usage: 53.4%
[MONITORING] [local.openml_t_359971.pygmo_c.PhishingWebsites.0.H2OAutoML] Disk Usage: 43.6%
[MONITORING] [local.openml_t_359971.pygmo_c.PhishingWebsites.0.H2OAutoML] CPU Utilization: 92.8%
[MONITORING] [local.openml_t_359971.pygmo_c.PhishingWebsites.0.H2OAutoML] Memory Usage: 53.6%
[MONITORING] [local.openml_t_359971.pygmo_c.PhishingWebsites.0.H2OAutoML] Disk Usage: 43.6%
[MONITORING] [local.openml_t_359971.pygmo_c.PhishingWebsites.0.H2OAutoML] CPU Utilization: 94.5%
[MONITORING] [local.openml_t_359971.pygmo_c.PhishingWebsites.0.H2OAutoML] Memory Usage: 53.6%
[MONITORING] [local.openml_t_359971.pygmo_c.PhishingWebsites.0.H2OAutoML] Disk Usage: 43.6%
[MONITORING] [local.openml_t_359971.pygmo_c.PhishingWebsites.0.H2OAutoML] CPU Utilization: 83.0%
[MONITORING] [local.openml_t_359971.pygmo_c.PhishingWebsites.0.H2OAutoML] Memory Usage: 53.7%
[MONITORING] [local.openml_t_359971.pygmo_c.PhishingWebsites.0.H2OAutoML] Disk Usage: 43.6%
AutoML progress: |███████████████████████████████████████████████████████████████| (done) 100%
stackedensemble prediction progress: |███████████████████████████████████████████| (done) 100%
H2O session _sid_943f closed.



Predictions preview:
                        -1                   1 predictions truth
0   0.0032404103192154032  0.9967595896807846           1     1
1    5.318927884429003E-4  0.9994681072115571           1     1
2     0.08039981628914294   0.919600183710857           1     1
3   1.9351008493528887E-4  0.9998064899150647           1     1
4   0.0011601277991206693  0.9988398722008793           1     1
5    0.001015093632232178  0.9989849063677678           1     1
6   0.0017865135497177054  0.9982134864502823           1     1
7   0.0023524947464117485  0.9976475052535883           1     1
8      0.6366506115676425  0.3633493884323575          -1     1
9   4.2109964664105437E-4   0.999578900353359           1     1
10   0.006151433060295752  0.9938485669397042           1     1
11   7.984751948016955E-4  0.9992015248051983           1     1
12   0.001775955830369047   0.998224044169631           1     1
13   5.910035395864099E-4  0.9994089964604136           1     1
14   5.927776876427648E-4  0.9994072223123572           1     1
15   0.011099268132444218  0.9889007318675558           1     1
16  2.8776892026882717E-4  0.9997122310797312           1     1
17   3.792964222649742E-4   0.999620703577735           1     1
18     2.6791218041744E-4  0.9997320878195826           1     1
19    8.35969532089198E-4  0.9991640304679108           1     1

Predictions saved to `/home/juradoi/experiments/automlbenchmark/results/h2oautoml.openml_t_359971.pygmo_c.local.20211210T013248/predictions/PhishingWebsites/0/predictions.csv`.
Loading metadata from `/home/juradoi/experiments/automlbenchmark/results/h2oautoml.openml_t_359971.pygmo_c.local.20211210T013248/predictions/PhishingWebsites/0/metadata.json`.
Loading predictions from `/home/juradoi/experiments/automlbenchmark/results/h2oautoml.openml_t_359971.pygmo_c.local.20211210T013248/predictions/PhishingWebsites/0/predictions.csv`.
Metric scores: { 'acc': 0.9647377938517179,
  'app_version': 'dev [master, beef024]',
  'auc': 0.9963507156109197,
  'balacc': 0.961665120593692,
  'constraint': 'pygmo_c',
  'duration': nan,
  'fold': 0,
  'framework': 'H2OAutoML',
  'id': 'openml.org/t/359971',
  'info': None,
  'logloss': 0.0818535632848091,
  'metric': 'auc',
  'mode': 'local',
  'models_count': 327,
  'params': '',
  'predict_duration': 0.3402435779571533,
  'result': 0.9963507156109197,
  'seed': 50707570,
  'task': 'PhishingWebsites',
  'training_duration': 3605.3385796546936,
  'type': 'binary',
  'utc': '2021-12-10T02:33:03',
  'version': '3.34.0.3'}
Job `local.openml_t_359971.pygmo_c.PhishingWebsites.0.H2OAutoML` executed in 3614.591 seconds.
All jobs executed in 3614.601 seconds.
[MONITORING] [local.openml_t_359971.pygmo_c.PhishingWebsites.0.H2OAutoML] CPU Utilization: 65.2%
[MONITORING] [local.openml_t_359971.pygmo_c.PhishingWebsites.0.H2OAutoML] Memory Usage: 2.3%
[MONITORING] [local.openml_t_359971.pygmo_c.PhishingWebsites.0.H2OAutoML] Disk Usage: 43.6%
Processing results for h2oautoml.openml_t_359971.pygmo_c.local.20211210T013248
Scores saved to `/home/juradoi/experiments/automlbenchmark/results/h2oautoml.openml_t_359971.pygmo_c.local.20211210T013248/scores/H2OAutoML.benchmark_openml_t_359971.csv`.
Scores saved to `/home/juradoi/experiments/automlbenchmark/results/h2oautoml.openml_t_359971.pygmo_c.local.20211210T013248/scores/results.csv`.
Scores saved to `/home/juradoi/experiments/automlbenchmark/results/results.csv`.
Summing up scores for current run:
                 id             task fold framework constraint   result metric  duration     seed
openml.org/t/359971 PhishingWebsites    0 H2OAutoML    pygmo_c 0.996351    auc    3614.6 50707570
