/var/spool/slurm/slurmd/job8492979/slurm_script: line 8: activate: No such file or directory
Running benchmark `H2OAutoML` on `openml/t/3945` framework in `local` mode.
Loading frameworks definitions from ['/home/juradoi/experiments/automlbenchmark/resources/frameworks.yaml'].
Loading benchmark constraint definitions from ['/home/juradoi/experiments/automlbenchmark/resources/constraints.yaml'].
Loading openml task 3945.

------------------------------------------------------------------------
Starting job local.openml_t_3945.pygmo_c.KDDCup09_appetency.0.H2OAutoML.
Assigning 16 cores (total=16) for new task KDDCup09_appetency.
Assigning 91066 MB (total=95302 MB) for new KDDCup09_appetency task.
[MONITORING] [local.openml_t_3945.pygmo_c.KDDCup09_appetency.0.H2OAutoML] CPU Utilization: 18.3%
[MONITORING] [local.openml_t_3945.pygmo_c.KDDCup09_appetency.0.H2OAutoML] Memory Usage: 2.3%
[MONITORING] [local.openml_t_3945.pygmo_c.KDDCup09_appetency.0.H2OAutoML] Disk Usage: 43.2%
Running task KDDCup09_appetency on framework H2OAutoML with config:
TaskConfig({})
Running cmd `/home/juradoi/experiments/automlbenchmark/frameworks/H2OAutoML/venv/bin/python -W ignore /home/juradoi/experiments/automlbenchmark/frameworks/H2OAutoML/exec.py`
INFO:__main__:
**** H2O AutoML [v3.34.0.3] ****

INFO:__main__:Starting H2O cluster with 16 cores, 60711M memory.
Checking whether there is an H2O instance running at http://localhost:21323 ..... not found.
Attempting to start a local H2O server...
  Java Version: openjdk version "11.0.12" 2021-07-20; OpenJDK Runtime Environment (build 11.0.12+7-post-Debian-2deb10u1); OpenJDK 64-Bit Server VM (build 11.0.12+7-post-Debian-2deb10u1, mixed mode, sharing)
  Starting server from /home/juradoi/experiments/automlbenchmark/frameworks/H2OAutoML/venv/lib/python3.8/site-packages/h2o/backend/bin/h2o.jar
  Ice root: /tmp/tmpld1osjkh
  JVM stdout: /tmp/tmpld1osjkh/h2o_unknownUser_started_from_python.out
  JVM stderr: /tmp/tmpld1osjkh/h2o_unknownUser_started_from_python.err
  Server is running at http://127.0.0.1:21323
Connecting to H2O server at http://127.0.0.1:21323 ... successful.
--------------------------  ------------------------------------------------------------------
H2O_cluster_uptime:         01 secs
H2O_cluster_timezone:       Europe/Amsterdam
H2O_data_parsing_timezone:  UTC
H2O_cluster_version:        3.34.0.3
H2O_cluster_version_age:    2 months and 2 days
H2O_cluster_name:           H2O_from_python_unknownUser_6jhcef
H2O_cluster_total_nodes:    1
H2O_cluster_free_memory:    59.30 Gb
H2O_cluster_total_cores:    16
H2O_cluster_allowed_cores:  16
H2O_cluster_status:         locked, healthy
H2O_connection_url:         http://127.0.0.1:21323
H2O_connection_proxy:       {"http": null, "https": null}
H2O_internal_security:      False
H2O_API_Extensions:         Amazon S3, XGBoost, Algos, AutoML, Core V3, TargetEncoder, Core V4
Python_version:             3.8.12 final
--------------------------  ------------------------------------------------------------------
Parse progress: |████████████████████████████████████████████████████████████████| (done) 100%
Parse progress: |████████████████████████████████████████████████████████████████| (done) 100%
Parse progress: |████████████████████████████████████████████████████████████████| (done) 100%
INFO:__main__:Running model on task KDDCup09_appetency, fold 0.
[MONITORING] [local.openml_t_3945.pygmo_c.KDDCup09_appetency.0.H2OAutoML] CPU Utilization: 48.6%
[MONITORING] [local.openml_t_3945.pygmo_c.KDDCup09_appetency.0.H2OAutoML] Memory Usage: 48.0%
[MONITORING] [local.openml_t_3945.pygmo_c.KDDCup09_appetency.0.H2OAutoML] Disk Usage: 43.2%
[MONITORING] [local.openml_t_3945.pygmo_c.KDDCup09_appetency.0.H2OAutoML] CPU Utilization: 61.6%
[MONITORING] [local.openml_t_3945.pygmo_c.KDDCup09_appetency.0.H2OAutoML] Memory Usage: 49.6%
[MONITORING] [local.openml_t_3945.pygmo_c.KDDCup09_appetency.0.H2OAutoML] Disk Usage: 43.2%
AutoML progress: |████████████████
19:27:16.61: XRT_1_AutoML_1_20211209_192233 [DRF XRT (Extremely Randomized Trees)] failed: java.lang.AssertionError

[MONITORING] [local.openml_t_3945.pygmo_c.KDDCup09_appetency.0.H2OAutoML] CPU Utilization: 67.9%
[MONITORING] [local.openml_t_3945.pygmo_c.KDDCup09_appetency.0.H2OAutoML] Memory Usage: 50.1%
[MONITORING] [local.openml_t_3945.pygmo_c.KDDCup09_appetency.0.H2OAutoML] Disk Usage: 43.2%
[MONITORING] [local.openml_t_3945.pygmo_c.KDDCup09_appetency.0.H2OAutoML] CPU Utilization: 78.5%
[MONITORING] [local.openml_t_3945.pygmo_c.KDDCup09_appetency.0.H2OAutoML] Memory Usage: 50.7%
[MONITORING] [local.openml_t_3945.pygmo_c.KDDCup09_appetency.0.H2OAutoML] Disk Usage: 43.2%
[MONITORING] [local.openml_t_3945.pygmo_c.KDDCup09_appetency.0.H2OAutoML] CPU Utilization: 58.7%
[MONITORING] [local.openml_t_3945.pygmo_c.KDDCup09_appetency.0.H2OAutoML] Memory Usage: 51.2%
[MONITORING] [local.openml_t_3945.pygmo_c.KDDCup09_appetency.0.H2OAutoML] Disk Usage: 43.2%
[MONITORING] [local.openml_t_3945.pygmo_c.KDDCup09_appetency.0.H2OAutoML] CPU Utilization: 59.9%
[MONITORING] [local.openml_t_3945.pygmo_c.KDDCup09_appetency.0.H2OAutoML] Memory Usage: 51.4%
[MONITORING] [local.openml_t_3945.pygmo_c.KDDCup09_appetency.0.H2OAutoML] Disk Usage: 43.2%
[MONITORING] [local.openml_t_3945.pygmo_c.KDDCup09_appetency.0.H2OAutoML] CPU Utilization: 63.4%
[MONITORING] [local.openml_t_3945.pygmo_c.KDDCup09_appetency.0.H2OAutoML] Memory Usage: 51.6%
[MONITORING] [local.openml_t_3945.pygmo_c.KDDCup09_appetency.0.H2OAutoML] Disk Usage: 43.2%
[MONITORING] [local.openml_t_3945.pygmo_c.KDDCup09_appetency.0.H2OAutoML] CPU Utilization: 60.1%
[MONITORING] [local.openml_t_3945.pygmo_c.KDDCup09_appetency.0.H2OAutoML] Memory Usage: 51.7%
[MONITORING] [local.openml_t_3945.pygmo_c.KDDCup09_appetency.0.H2OAutoML] Disk Usage: 43.2%
[MONITORING] [local.openml_t_3945.pygmo_c.KDDCup09_appetency.0.H2OAutoML] CPU Utilization: 58.1%
[MONITORING] [local.openml_t_3945.pygmo_c.KDDCup09_appetency.0.H2OAutoML] Memory Usage: 51.9%
[MONITORING] [local.openml_t_3945.pygmo_c.KDDCup09_appetency.0.H2OAutoML] Disk Usage: 43.2%
[MONITORING] [local.openml_t_3945.pygmo_c.KDDCup09_appetency.0.H2OAutoML] CPU Utilization: 60.4%
[MONITORING] [local.openml_t_3945.pygmo_c.KDDCup09_appetency.0.H2OAutoML] Memory Usage: 51.9%
[MONITORING] [local.openml_t_3945.pygmo_c.KDDCup09_appetency.0.H2OAutoML] Disk Usage: 43.2%
[MONITORING] [local.openml_t_3945.pygmo_c.KDDCup09_appetency.0.H2OAutoML] CPU Utilization: 64.0%
[MONITORING] [local.openml_t_3945.pygmo_c.KDDCup09_appetency.0.H2OAutoML] Memory Usage: 52.0%
[MONITORING] [local.openml_t_3945.pygmo_c.KDDCup09_appetency.0.H2OAutoML] Disk Usage: 43.2%
[MONITORING] [local.openml_t_3945.pygmo_c.KDDCup09_appetency.0.H2OAutoML] CPU Utilization: 60.3%
[MONITORING] [local.openml_t_3945.pygmo_c.KDDCup09_appetency.0.H2OAutoML] Memory Usage: 52.0%
[MONITORING] [local.openml_t_3945.pygmo_c.KDDCup09_appetency.0.H2OAutoML] Disk Usage: 43.2%
[MONITORING] [local.openml_t_3945.pygmo_c.KDDCup09_appetency.0.H2OAutoML] CPU Utilization: 53.5%
[MONITORING] [local.openml_t_3945.pygmo_c.KDDCup09_appetency.0.H2OAutoML] Memory Usage: 52.1%
[MONITORING] [local.openml_t_3945.pygmo_c.KDDCup09_appetency.0.H2OAutoML] Disk Usage: 43.2%
[MONITORING] [local.openml_t_3945.pygmo_c.KDDCup09_appetency.0.H2OAutoML] CPU Utilization: 70.9%
[MONITORING] [local.openml_t_3945.pygmo_c.KDDCup09_appetency.0.H2OAutoML] Memory Usage: 52.1%
[MONITORING] [local.openml_t_3945.pygmo_c.KDDCup09_appetency.0.H2OAutoML] Disk Usage: 43.2%
[MONITORING] [local.openml_t_3945.pygmo_c.KDDCup09_appetency.0.H2OAutoML] CPU Utilization: 60.2%
[MONITORING] [local.openml_t_3945.pygmo_c.KDDCup09_appetency.0.H2OAutoML] Memory Usage: 52.3%
[MONITORING] [local.openml_t_3945.pygmo_c.KDDCup09_appetency.0.H2OAutoML] Disk Usage: 43.2%
[MONITORING] [local.openml_t_3945.pygmo_c.KDDCup09_appetency.0.H2OAutoML] CPU Utilization: 59.5%
[MONITORING] [local.openml_t_3945.pygmo_c.KDDCup09_appetency.0.H2OAutoML] Memory Usage: 52.2%
[MONITORING] [local.openml_t_3945.pygmo_c.KDDCup09_appetency.0.H2OAutoML] Disk Usage: 43.2%
[MONITORING] [local.openml_t_3945.pygmo_c.KDDCup09_appetency.0.H2OAutoML] CPU Utilization: 67.4%
[MONITORING] [local.openml_t_3945.pygmo_c.KDDCup09_appetency.0.H2OAutoML] Memory Usage: 52.3%
[MONITORING] [local.openml_t_3945.pygmo_c.KDDCup09_appetency.0.H2OAutoML] Disk Usage: 43.2%
[MONITORING] [local.openml_t_3945.pygmo_c.KDDCup09_appetency.0.H2OAutoML] CPU Utilization: 69.9%
[MONITORING] [local.openml_t_3945.pygmo_c.KDDCup09_appetency.0.H2OAutoML] Memory Usage: 52.3%
[MONITORING] [local.openml_t_3945.pygmo_c.KDDCup09_appetency.0.H2OAutoML] Disk Usage: 43.2%
[MONITORING] [local.openml_t_3945.pygmo_c.KDDCup09_appetency.0.H2OAutoML] CPU Utilization: 67.4%
[MONITORING] [local.openml_t_3945.pygmo_c.KDDCup09_appetency.0.H2OAutoML] Memory Usage: 52.3%
[MONITORING] [local.openml_t_3945.pygmo_c.KDDCup09_appetency.0.H2OAutoML] Disk Usage: 43.2%
[MONITORING] [local.openml_t_3945.pygmo_c.KDDCup09_appetency.0.H2OAutoML] CPU Utilization: 65.7%
[MONITORING] [local.openml_t_3945.pygmo_c.KDDCup09_appetency.0.H2OAutoML] Memory Usage: 52.3%
[MONITORING] [local.openml_t_3945.pygmo_c.KDDCup09_appetency.0.H2OAutoML] Disk Usage: 43.2%
[MONITORING] [local.openml_t_3945.pygmo_c.KDDCup09_appetency.0.H2OAutoML] CPU Utilization: 66.1%
[MONITORING] [local.openml_t_3945.pygmo_c.KDDCup09_appetency.0.H2OAutoML] Memory Usage: 52.3%
[MONITORING] [local.openml_t_3945.pygmo_c.KDDCup09_appetency.0.H2OAutoML] Disk Usage: 43.2%
[MONITORING] [local.openml_t_3945.pygmo_c.KDDCup09_appetency.0.H2OAutoML] CPU Utilization: 66.3%
[MONITORING] [local.openml_t_3945.pygmo_c.KDDCup09_appetency.0.H2OAutoML] Memory Usage: 52.3%
[MONITORING] [local.openml_t_3945.pygmo_c.KDDCup09_appetency.0.H2OAutoML] Disk Usage: 43.2%
[MONITORING] [local.openml_t_3945.pygmo_c.KDDCup09_appetency.0.H2OAutoML] CPU Utilization: 69.9%
[MONITORING] [local.openml_t_3945.pygmo_c.KDDCup09_appetency.0.H2OAutoML] Memory Usage: 52.3%
[MONITORING] [local.openml_t_3945.pygmo_c.KDDCup09_appetency.0.H2OAutoML] Disk Usage: 43.2%
[MONITORING] [local.openml_t_3945.pygmo_c.KDDCup09_appetency.0.H2OAutoML] CPU Utilization: 70.8%
[MONITORING] [local.openml_t_3945.pygmo_c.KDDCup09_appetency.0.H2OAutoML] Memory Usage: 52.3%
[MONITORING] [local.openml_t_3945.pygmo_c.KDDCup09_appetency.0.H2OAutoML] Disk Usage: 43.2%
[MONITORING] [local.openml_t_3945.pygmo_c.KDDCup09_appetency.0.H2OAutoML] CPU Utilization: 83.9%
[MONITORING] [local.openml_t_3945.pygmo_c.KDDCup09_appetency.0.H2OAutoML] Memory Usage: 63.2%
[MONITORING] [local.openml_t_3945.pygmo_c.KDDCup09_appetency.0.H2OAutoML] Disk Usage: 43.2%
[MONITORING] [local.openml_t_3945.pygmo_c.KDDCup09_appetency.0.H2OAutoML] CPU Utilization: 87.2%
[MONITORING] [local.openml_t_3945.pygmo_c.KDDCup09_appetency.0.H2OAutoML] Memory Usage: 70.4%
[MONITORING] [local.openml_t_3945.pygmo_c.KDDCup09_appetency.0.H2OAutoML] Disk Usage: 43.2%
[MONITORING] [local.openml_t_3945.pygmo_c.KDDCup09_appetency.0.H2OAutoML] CPU Utilization: 85.8%
[MONITORING] [local.openml_t_3945.pygmo_c.KDDCup09_appetency.0.H2OAutoML] Memory Usage: 70.6%
[MONITORING] [local.openml_t_3945.pygmo_c.KDDCup09_appetency.0.H2OAutoML] Disk Usage: 43.2%
[MONITORING] [local.openml_t_3945.pygmo_c.KDDCup09_appetency.0.H2OAutoML] CPU Utilization: 81.0%
[MONITORING] [local.openml_t_3945.pygmo_c.KDDCup09_appetency.0.H2OAutoML] Memory Usage: 71.0%
[MONITORING] [local.openml_t_3945.pygmo_c.KDDCup09_appetency.0.H2OAutoML] Disk Usage: 43.2%
[MONITORING] [local.openml_t_3945.pygmo_c.KDDCup09_appetency.0.H2OAutoML] CPU Utilization: 75.7%
[MONITORING] [local.openml_t_3945.pygmo_c.KDDCup09_appetency.0.H2OAutoML] Memory Usage: 71.1%
[MONITORING] [local.openml_t_3945.pygmo_c.KDDCup09_appetency.0.H2OAutoML] Disk Usage: 43.2%
[MONITORING] [local.openml_t_3945.pygmo_c.KDDCup09_appetency.0.H2OAutoML] CPU Utilization: 73.1%
[MONITORING] [local.openml_t_3945.pygmo_c.KDDCup09_appetency.0.H2OAutoML] Memory Usage: 71.1%
[MONITORING] [local.openml_t_3945.pygmo_c.KDDCup09_appetency.0.H2OAutoML] Disk Usage: 43.2%
███████████████████████████████████████████████| (done) 100%
stackedensemble prediction progress: |███████████████████████████████████████████| (done) 100%
H2O session _sid_bccf closed.



Predictions preview:
                     -1                      1 predictions truth
0   0.9850765227231769   0.014923477276823085          -1    -1
1   0.9754478124260655   0.024552187573934493          -1    -1
2    0.992854039121476   0.007145960878524016          -1    -1
3   0.9826624950740559     0.0173375049259441          -1    -1
4   0.9880897366044369    0.01191026339556313          -1    -1
5   0.9355423167908328    0.06445768320916719          -1    -1
6   0.9977988322811043  0.0022011677188956717          -1    -1
7   0.9876730638887486   0.012326936111251362          -1    -1
8   0.9933328715533614   0.006667128446638689          -1    -1
9   0.9969272938537715  0.0030727061462284305          -1    -1
10  0.9959645102779556   0.004035489722044355          -1    -1
11  0.9955594781352562  0.0044405218647437465          -1    -1
12  0.9788925248664376     0.0211074751335624          -1    -1
13  0.9595884088336507   0.040411591166349244          -1    -1
14  0.9975683032811119  0.0024316967188881236          -1    -1
15  0.9899182339141638   0.010081766085836231          -1    -1
16  0.9831927508802804   0.016807249119719685          -1    -1
17  0.9890140016799792   0.010985998320020774          -1    -1
18  0.9939797853888268   0.006020214611173181          -1    -1
19  0.9841614035399328    0.01583859646006726          -1    -1

Predictions saved to `/home/juradoi/experiments/automlbenchmark/results/h2oautoml.openml_t_3945.pygmo_c.local.20211209T182222/predictions/KDDCup09_appetency/0/predictions.csv`.
Loading metadata from `/home/juradoi/experiments/automlbenchmark/results/h2oautoml.openml_t_3945.pygmo_c.local.20211209T182222/predictions/KDDCup09_appetency/0/metadata.json`.
Loading predictions from `/home/juradoi/experiments/automlbenchmark/results/h2oautoml.openml_t_3945.pygmo_c.local.20211209T182222/predictions/KDDCup09_appetency/0/predictions.csv`.
Metric scores: { 'acc': 0.956,
  'app_version': 'dev [master, beef024]',
  'auc': 0.8386630334561944,
  'balacc': 0.6355990564634769,
  'constraint': 'pygmo_c',
  'duration': nan,
  'fold': 0,
  'framework': 'H2OAutoML',
  'id': 'openml.org/t/3945',
  'info': None,
  'logloss': 0.07376841859648814,
  'metric': 'auc',
  'mode': 'local',
  'models_count': 144,
  'params': '',
  'predict_duration': 10.93152379989624,
  'result': 0.8386630334561944,
  'seed': 1830966149,
  'task': 'KDDCup09_appetency',
  'training_duration': 3609.6902089118958,
  'type': 'binary',
  'utc': '2021-12-09T19:22:55',
  'version': '3.34.0.3'}
Job `local.openml_t_3945.pygmo_c.KDDCup09_appetency.0.H2OAutoML` executed in 3633.306 seconds.
All jobs executed in 3633.342 seconds.
[MONITORING] [local.openml_t_3945.pygmo_c.KDDCup09_appetency.0.H2OAutoML] CPU Utilization: 43.7%
[MONITORING] [local.openml_t_3945.pygmo_c.KDDCup09_appetency.0.H2OAutoML] Memory Usage: 2.3%
[MONITORING] [local.openml_t_3945.pygmo_c.KDDCup09_appetency.0.H2OAutoML] Disk Usage: 43.2%
Processing results for h2oautoml.openml_t_3945.pygmo_c.local.20211209T182222
Scores saved to `/home/juradoi/experiments/automlbenchmark/results/h2oautoml.openml_t_3945.pygmo_c.local.20211209T182222/scores/H2OAutoML.benchmark_openml_t_3945.csv`.
Scores saved to `/home/juradoi/experiments/automlbenchmark/results/h2oautoml.openml_t_3945.pygmo_c.local.20211209T182222/scores/results.csv`.
Scores saved to `/home/juradoi/experiments/automlbenchmark/results/results.csv`.
Summing up scores for current run:
               id               task fold framework constraint   result metric  duration       seed
openml.org/t/3945 KDDCup09_appetency    0 H2OAutoML    pygmo_c 0.838663    auc    3633.3 1830966149
