/var/spool/slurm/slurmd/job8497026/slurm_script: line 8: activate: No such file or directory
Running benchmark `H2OAutoML` on `openml/t/359992` framework in `local` mode.
Loading frameworks definitions from ['/home/juradoi/experiments/automlbenchmark/resources/frameworks.yaml'].
Loading benchmark constraint definitions from ['/home/juradoi/experiments/automlbenchmark/resources/constraints.yaml'].
Loading openml task 359992.

------------------------------------------------------------------------------
Starting job local.openml_t_359992.pygmo_c.Click_prediction_small.0.H2OAutoML.
Assigning 16 cores (total=16) for new task Click_prediction_small.
Assigning 91011 MB (total=95302 MB) for new Click_prediction_small task.
[MONITORING] [local.openml_t_359992.pygmo_c.Click_prediction_small.0.H2OAutoML] CPU Utilization: 18.0%
[MONITORING] [local.openml_t_359992.pygmo_c.Click_prediction_small.0.H2OAutoML] Memory Usage: 2.4%
[MONITORING] [local.openml_t_359992.pygmo_c.Click_prediction_small.0.H2OAutoML] Disk Usage: 43.2%
Running task Click_prediction_small on framework H2OAutoML with config:
TaskConfig({})
Running cmd `/home/juradoi/experiments/automlbenchmark/frameworks/H2OAutoML/venv/bin/python -W ignore /home/juradoi/experiments/automlbenchmark/frameworks/H2OAutoML/exec.py`
INFO:__main__:
**** H2O AutoML [v3.34.0.3] ****

INFO:__main__:Starting H2O cluster with 16 cores, 60674M memory.
Checking whether there is an H2O instance running at http://localhost:30079 ..... not found.
Attempting to start a local H2O server...
  Java Version: openjdk version "11.0.12" 2021-07-20; OpenJDK Runtime Environment (build 11.0.12+7-post-Debian-2deb10u1); OpenJDK 64-Bit Server VM (build 11.0.12+7-post-Debian-2deb10u1, mixed mode, sharing)
  Starting server from /home/juradoi/experiments/automlbenchmark/frameworks/H2OAutoML/venv/lib/python3.8/site-packages/h2o/backend/bin/h2o.jar
  Ice root: /tmp/tmpl_4vp73k
  JVM stdout: /tmp/tmpl_4vp73k/h2o_unknownUser_started_from_python.out
  JVM stderr: /tmp/tmpl_4vp73k/h2o_unknownUser_started_from_python.err
  Server is running at http://127.0.0.1:30079
Connecting to H2O server at http://127.0.0.1:30079 ... successful.
--------------------------  ------------------------------------------------------------------
H2O_cluster_uptime:         01 secs
H2O_cluster_timezone:       Europe/Amsterdam
H2O_data_parsing_timezone:  UTC
H2O_cluster_version:        3.34.0.3
H2O_cluster_version_age:    2 months and 2 days
H2O_cluster_name:           H2O_from_python_unknownUser_y0atxb
H2O_cluster_total_nodes:    1
H2O_cluster_free_memory:    59.27 Gb
H2O_cluster_total_cores:    16
H2O_cluster_allowed_cores:  16
H2O_cluster_status:         locked, healthy
H2O_connection_url:         http://127.0.0.1:30079
H2O_connection_proxy:       {"http": null, "https": null}
H2O_internal_security:      False
H2O_API_Extensions:         Amazon S3, XGBoost, Algos, AutoML, Core V3, TargetEncoder, Core V4
Python_version:             3.8.12 final
--------------------------  ------------------------------------------------------------------
Parse progress: |████████████████████████████████████████████████████████████████| (done) 100%
Parse progress: |████████████████████████████████████████████████████████████████| (done) 100%
Parse progress: |████████████████████████████████████████████████████████████████| (done) 100%
INFO:__main__:Running model on task Click_prediction_small, fold 0.
[MONITORING] [local.openml_t_359992.pygmo_c.Click_prediction_small.0.H2OAutoML] CPU Utilization: 37.1%
[MONITORING] [local.openml_t_359992.pygmo_c.Click_prediction_small.0.H2OAutoML] Memory Usage: 49.6%
[MONITORING] [local.openml_t_359992.pygmo_c.Click_prediction_small.0.H2OAutoML] Disk Usage: 43.2%
[MONITORING] [local.openml_t_359992.pygmo_c.Click_prediction_small.0.H2OAutoML] CPU Utilization: 29.9%
[MONITORING] [local.openml_t_359992.pygmo_c.Click_prediction_small.0.H2OAutoML] Memory Usage: 49.9%
[MONITORING] [local.openml_t_359992.pygmo_c.Click_prediction_small.0.H2OAutoML] Disk Usage: 43.2%
[MONITORING] [local.openml_t_359992.pygmo_c.Click_prediction_small.0.H2OAutoML] CPU Utilization: 47.9%
[MONITORING] [local.openml_t_359992.pygmo_c.Click_prediction_small.0.H2OAutoML] Memory Usage: 52.2%
[MONITORING] [local.openml_t_359992.pygmo_c.Click_prediction_small.0.H2OAutoML] Disk Usage: 43.2%
[MONITORING] [local.openml_t_359992.pygmo_c.Click_prediction_small.0.H2OAutoML] CPU Utilization: 57.8%
[MONITORING] [local.openml_t_359992.pygmo_c.Click_prediction_small.0.H2OAutoML] Memory Usage: 61.6%
[MONITORING] [local.openml_t_359992.pygmo_c.Click_prediction_small.0.H2OAutoML] Disk Usage: 43.2%
[MONITORING] [local.openml_t_359992.pygmo_c.Click_prediction_small.0.H2OAutoML] CPU Utilization: 51.9%
[MONITORING] [local.openml_t_359992.pygmo_c.Click_prediction_small.0.H2OAutoML] Memory Usage: 65.4%
[MONITORING] [local.openml_t_359992.pygmo_c.Click_prediction_small.0.H2OAutoML] Disk Usage: 43.2%
[MONITORING] [local.openml_t_359992.pygmo_c.Click_prediction_small.0.H2OAutoML] CPU Utilization: 51.1%
[MONITORING] [local.openml_t_359992.pygmo_c.Click_prediction_small.0.H2OAutoML] Memory Usage: 65.5%
[MONITORING] [local.openml_t_359992.pygmo_c.Click_prediction_small.0.H2OAutoML] Disk Usage: 43.2%
[MONITORING] [local.openml_t_359992.pygmo_c.Click_prediction_small.0.H2OAutoML] CPU Utilization: 51.2%
[MONITORING] [local.openml_t_359992.pygmo_c.Click_prediction_small.0.H2OAutoML] Memory Usage: 65.7%
[MONITORING] [local.openml_t_359992.pygmo_c.Click_prediction_small.0.H2OAutoML] Disk Usage: 43.2%
[MONITORING] [local.openml_t_359992.pygmo_c.Click_prediction_small.0.H2OAutoML] CPU Utilization: 54.4%
[MONITORING] [local.openml_t_359992.pygmo_c.Click_prediction_small.0.H2OAutoML] Memory Usage: 65.6%
[MONITORING] [local.openml_t_359992.pygmo_c.Click_prediction_small.0.H2OAutoML] Disk Usage: 43.2%
[MONITORING] [local.openml_t_359992.pygmo_c.Click_prediction_small.0.H2OAutoML] CPU Utilization: 52.7%
[MONITORING] [local.openml_t_359992.pygmo_c.Click_prediction_small.0.H2OAutoML] Memory Usage: 65.7%
[MONITORING] [local.openml_t_359992.pygmo_c.Click_prediction_small.0.H2OAutoML] Disk Usage: 43.2%
[MONITORING] [local.openml_t_359992.pygmo_c.Click_prediction_small.0.H2OAutoML] CPU Utilization: 53.3%
[MONITORING] [local.openml_t_359992.pygmo_c.Click_prediction_small.0.H2OAutoML] Memory Usage: 66.0%
[MONITORING] [local.openml_t_359992.pygmo_c.Click_prediction_small.0.H2OAutoML] Disk Usage: 43.2%
[MONITORING] [local.openml_t_359992.pygmo_c.Click_prediction_small.0.H2OAutoML] CPU Utilization: 33.2%
[MONITORING] [local.openml_t_359992.pygmo_c.Click_prediction_small.0.H2OAutoML] Memory Usage: 66.0%
[MONITORING] [local.openml_t_359992.pygmo_c.Click_prediction_small.0.H2OAutoML] Disk Usage: 43.2%
[MONITORING] [local.openml_t_359992.pygmo_c.Click_prediction_small.0.H2OAutoML] CPU Utilization: 58.0%
[MONITORING] [local.openml_t_359992.pygmo_c.Click_prediction_small.0.H2OAutoML] Memory Usage: 69.0%
[MONITORING] [local.openml_t_359992.pygmo_c.Click_prediction_small.0.H2OAutoML] Disk Usage: 43.2%
[MONITORING] [local.openml_t_359992.pygmo_c.Click_prediction_small.0.H2OAutoML] CPU Utilization: 61.7%
[MONITORING] [local.openml_t_359992.pygmo_c.Click_prediction_small.0.H2OAutoML] Memory Usage: 69.6%
[MONITORING] [local.openml_t_359992.pygmo_c.Click_prediction_small.0.H2OAutoML] Disk Usage: 43.2%
[MONITORING] [local.openml_t_359992.pygmo_c.Click_prediction_small.0.H2OAutoML] CPU Utilization: 68.8%
[MONITORING] [local.openml_t_359992.pygmo_c.Click_prediction_small.0.H2OAutoML] Memory Usage: 69.6%
[MONITORING] [local.openml_t_359992.pygmo_c.Click_prediction_small.0.H2OAutoML] Disk Usage: 43.2%
[MONITORING] [local.openml_t_359992.pygmo_c.Click_prediction_small.0.H2OAutoML] CPU Utilization: 68.0%
[MONITORING] [local.openml_t_359992.pygmo_c.Click_prediction_small.0.H2OAutoML] Memory Usage: 69.8%
[MONITORING] [local.openml_t_359992.pygmo_c.Click_prediction_small.0.H2OAutoML] Disk Usage: 43.2%
[MONITORING] [local.openml_t_359992.pygmo_c.Click_prediction_small.0.H2OAutoML] CPU Utilization: 69.1%
[MONITORING] [local.openml_t_359992.pygmo_c.Click_prediction_small.0.H2OAutoML] Memory Usage: 69.9%
[MONITORING] [local.openml_t_359992.pygmo_c.Click_prediction_small.0.H2OAutoML] Disk Usage: 43.2%
[MONITORING] [local.openml_t_359992.pygmo_c.Click_prediction_small.0.H2OAutoML] CPU Utilization: 70.5%
[MONITORING] [local.openml_t_359992.pygmo_c.Click_prediction_small.0.H2OAutoML] Memory Usage: 69.9%
[MONITORING] [local.openml_t_359992.pygmo_c.Click_prediction_small.0.H2OAutoML] Disk Usage: 43.2%
[MONITORING] [local.openml_t_359992.pygmo_c.Click_prediction_small.0.H2OAutoML] CPU Utilization: 66.0%
[MONITORING] [local.openml_t_359992.pygmo_c.Click_prediction_small.0.H2OAutoML] Memory Usage: 69.9%
[MONITORING] [local.openml_t_359992.pygmo_c.Click_prediction_small.0.H2OAutoML] Disk Usage: 43.2%
[MONITORING] [local.openml_t_359992.pygmo_c.Click_prediction_small.0.H2OAutoML] CPU Utilization: 72.2%
[MONITORING] [local.openml_t_359992.pygmo_c.Click_prediction_small.0.H2OAutoML] Memory Usage: 69.9%
[MONITORING] [local.openml_t_359992.pygmo_c.Click_prediction_small.0.H2OAutoML] Disk Usage: 43.2%
