/var/spool/slurm/slurmd/job8494114/slurm_script: line 8: activate: No such file or directory
Running benchmark `H2OAutoML` on `openml/t/359963` framework in `local` mode.
Loading frameworks definitions from ['/home/juradoi/experiments/automlbenchmark/resources/frameworks.yaml'].
Loading benchmark constraint definitions from ['/home/juradoi/experiments/automlbenchmark/resources/constraints.yaml'].
Loading openml task 359963.

---------------------------------------------------------------
Starting job local.openml_t_359963.pygmo_c.segment.0.H2OAutoML.
Assigning 16 cores (total=16) for new task segment.
Assigning 91284 MB (total=95302 MB) for new segment task.
[MONITORING] [local.openml_t_359963.pygmo_c.segment.0.H2OAutoML] CPU Utilization: 18.8%
[MONITORING] [local.openml_t_359963.pygmo_c.segment.0.H2OAutoML] Memory Usage: 2.1%
[MONITORING] [local.openml_t_359963.pygmo_c.segment.0.H2OAutoML] Disk Usage: 43.2%
Running task segment on framework H2OAutoML with config:
TaskConfig({})
Running cmd `/home/juradoi/experiments/automlbenchmark/frameworks/H2OAutoML/venv/bin/python -W ignore /home/juradoi/experiments/automlbenchmark/frameworks/H2OAutoML/exec.py`
INFO:__main__:
**** H2O AutoML [v3.34.0.3] ****

INFO:__main__:Starting H2O cluster with 16 cores, 60856M memory.
Checking whether there is an H2O instance running at http://localhost:17564 ..... not found.
Attempting to start a local H2O server...
  Java Version: openjdk version "11.0.12" 2021-07-20; OpenJDK Runtime Environment (build 11.0.12+7-post-Debian-2deb10u1); OpenJDK 64-Bit Server VM (build 11.0.12+7-post-Debian-2deb10u1, mixed mode, sharing)
  Starting server from /home/juradoi/experiments/automlbenchmark/frameworks/H2OAutoML/venv/lib/python3.8/site-packages/h2o/backend/bin/h2o.jar
  Ice root: /tmp/tmp577wgusz
  JVM stdout: /tmp/tmp577wgusz/h2o_unknownUser_started_from_python.out
  JVM stderr: /tmp/tmp577wgusz/h2o_unknownUser_started_from_python.err
  Server is running at http://127.0.0.1:17564
Connecting to H2O server at http://127.0.0.1:17564 ... successful.
--------------------------  ------------------------------------------------------------------
H2O_cluster_uptime:         01 secs
H2O_cluster_timezone:       Europe/Amsterdam
H2O_data_parsing_timezone:  UTC
H2O_cluster_version:        3.34.0.3
H2O_cluster_version_age:    2 months and 2 days
H2O_cluster_name:           H2O_from_python_unknownUser_4itnf9
H2O_cluster_total_nodes:    1
H2O_cluster_free_memory:    59.44 Gb
H2O_cluster_total_cores:    16
H2O_cluster_allowed_cores:  16
H2O_cluster_status:         locked, healthy
H2O_connection_url:         http://127.0.0.1:17564
H2O_connection_proxy:       {"http": null, "https": null}
H2O_internal_security:      False
H2O_API_Extensions:         Amazon S3, XGBoost, Algos, AutoML, Core V3, TargetEncoder, Core V4
Python_version:             3.8.12 final
--------------------------  ------------------------------------------------------------------
Parse progress: |████████████████████████████████████████████████████████████████| (done) 100%
Parse progress: |████████████████████████████████████████████████████████████████| (done) 100%
INFO:__main__:Running model on task segment, fold 0.
[MONITORING] [local.openml_t_359963.pygmo_c.segment.0.H2OAutoML] CPU Utilization: 71.1%
[MONITORING] [local.openml_t_359963.pygmo_c.segment.0.H2OAutoML] Memory Usage: 36.9%
[MONITORING] [local.openml_t_359963.pygmo_c.segment.0.H2OAutoML] Disk Usage: 43.2%
[MONITORING] [local.openml_t_359963.pygmo_c.segment.0.H2OAutoML] CPU Utilization: 72.9%
[MONITORING] [local.openml_t_359963.pygmo_c.segment.0.H2OAutoML] Memory Usage: 37.5%
[MONITORING] [local.openml_t_359963.pygmo_c.segment.0.H2OAutoML] Disk Usage: 43.2%
[MONITORING] [local.openml_t_359963.pygmo_c.segment.0.H2OAutoML] CPU Utilization: 87.0%
[MONITORING] [local.openml_t_359963.pygmo_c.segment.0.H2OAutoML] Memory Usage: 47.9%
[MONITORING] [local.openml_t_359963.pygmo_c.segment.0.H2OAutoML] Disk Usage: 43.2%
[MONITORING] [local.openml_t_359963.pygmo_c.segment.0.H2OAutoML] CPU Utilization: 97.1%
[MONITORING] [local.openml_t_359963.pygmo_c.segment.0.H2OAutoML] Memory Usage: 48.6%
[MONITORING] [local.openml_t_359963.pygmo_c.segment.0.H2OAutoML] Disk Usage: 43.2%
[MONITORING] [local.openml_t_359963.pygmo_c.segment.0.H2OAutoML] CPU Utilization: 98.4%
[MONITORING] [local.openml_t_359963.pygmo_c.segment.0.H2OAutoML] Memory Usage: 48.6%
[MONITORING] [local.openml_t_359963.pygmo_c.segment.0.H2OAutoML] Disk Usage: 43.2%
[MONITORING] [local.openml_t_359963.pygmo_c.segment.0.H2OAutoML] CPU Utilization: 98.2%
[MONITORING] [local.openml_t_359963.pygmo_c.segment.0.H2OAutoML] Memory Usage: 48.6%
[MONITORING] [local.openml_t_359963.pygmo_c.segment.0.H2OAutoML] Disk Usage: 43.2%
[MONITORING] [local.openml_t_359963.pygmo_c.segment.0.H2OAutoML] CPU Utilization: 98.5%
[MONITORING] [local.openml_t_359963.pygmo_c.segment.0.H2OAutoML] Memory Usage: 48.7%
[MONITORING] [local.openml_t_359963.pygmo_c.segment.0.H2OAutoML] Disk Usage: 43.2%
[MONITORING] [local.openml_t_359963.pygmo_c.segment.0.H2OAutoML] CPU Utilization: 97.8%
[MONITORING] [local.openml_t_359963.pygmo_c.segment.0.H2OAutoML] Memory Usage: 48.7%
[MONITORING] [local.openml_t_359963.pygmo_c.segment.0.H2OAutoML] Disk Usage: 43.2%
[MONITORING] [local.openml_t_359963.pygmo_c.segment.0.H2OAutoML] CPU Utilization: 98.2%
[MONITORING] [local.openml_t_359963.pygmo_c.segment.0.H2OAutoML] Memory Usage: 48.7%
[MONITORING] [local.openml_t_359963.pygmo_c.segment.0.H2OAutoML] Disk Usage: 43.2%
[MONITORING] [local.openml_t_359963.pygmo_c.segment.0.H2OAutoML] CPU Utilization: 98.8%
[MONITORING] [local.openml_t_359963.pygmo_c.segment.0.H2OAutoML] Memory Usage: 48.7%
[MONITORING] [local.openml_t_359963.pygmo_c.segment.0.H2OAutoML] Disk Usage: 43.2%
[MONITORING] [local.openml_t_359963.pygmo_c.segment.0.H2OAutoML] CPU Utilization: 98.4%
[MONITORING] [local.openml_t_359963.pygmo_c.segment.0.H2OAutoML] Memory Usage: 48.7%
[MONITORING] [local.openml_t_359963.pygmo_c.segment.0.H2OAutoML] Disk Usage: 43.2%
[MONITORING] [local.openml_t_359963.pygmo_c.segment.0.H2OAutoML] CPU Utilization: 98.8%
[MONITORING] [local.openml_t_359963.pygmo_c.segment.0.H2OAutoML] Memory Usage: 48.7%
[MONITORING] [local.openml_t_359963.pygmo_c.segment.0.H2OAutoML] Disk Usage: 43.2%
[MONITORING] [local.openml_t_359963.pygmo_c.segment.0.H2OAutoML] CPU Utilization: 98.0%
[MONITORING] [local.openml_t_359963.pygmo_c.segment.0.H2OAutoML] Memory Usage: 48.7%
[MONITORING] [local.openml_t_359963.pygmo_c.segment.0.H2OAutoML] Disk Usage: 43.2%
[MONITORING] [local.openml_t_359963.pygmo_c.segment.0.H2OAutoML] CPU Utilization: 98.6%
[MONITORING] [local.openml_t_359963.pygmo_c.segment.0.H2OAutoML] Memory Usage: 48.7%
[MONITORING] [local.openml_t_359963.pygmo_c.segment.0.H2OAutoML] Disk Usage: 43.2%
[MONITORING] [local.openml_t_359963.pygmo_c.segment.0.H2OAutoML] CPU Utilization: 97.5%
[MONITORING] [local.openml_t_359963.pygmo_c.segment.0.H2OAutoML] Memory Usage: 48.7%
[MONITORING] [local.openml_t_359963.pygmo_c.segment.0.H2OAutoML] Disk Usage: 43.2%
[MONITORING] [local.openml_t_359963.pygmo_c.segment.0.H2OAutoML] CPU Utilization: 97.3%
[MONITORING] [local.openml_t_359963.pygmo_c.segment.0.H2OAutoML] Memory Usage: 49.0%
[MONITORING] [local.openml_t_359963.pygmo_c.segment.0.H2OAutoML] Disk Usage: 43.2%
[MONITORING] [local.openml_t_359963.pygmo_c.segment.0.H2OAutoML] CPU Utilization: 97.9%
[MONITORING] [local.openml_t_359963.pygmo_c.segment.0.H2OAutoML] Memory Usage: 49.0%
[MONITORING] [local.openml_t_359963.pygmo_c.segment.0.H2OAutoML] Disk Usage: 43.2%
[MONITORING] [local.openml_t_359963.pygmo_c.segment.0.H2OAutoML] CPU Utilization: 97.1%
[MONITORING] [local.openml_t_359963.pygmo_c.segment.0.H2OAutoML] Memory Usage: 49.0%
[MONITORING] [local.openml_t_359963.pygmo_c.segment.0.H2OAutoML] Disk Usage: 43.2%
[MONITORING] [local.openml_t_359963.pygmo_c.segment.0.H2OAutoML] CPU Utilization: 97.8%
[MONITORING] [local.openml_t_359963.pygmo_c.segment.0.H2OAutoML] Memory Usage: 49.0%
[MONITORING] [local.openml_t_359963.pygmo_c.segment.0.H2OAutoML] Disk Usage: 43.2%
[MONITORING] [local.openml_t_359963.pygmo_c.segment.0.H2OAutoML] CPU Utilization: 98.4%
[MONITORING] [local.openml_t_359963.pygmo_c.segment.0.H2OAutoML] Memory Usage: 49.0%
[MONITORING] [local.openml_t_359963.pygmo_c.segment.0.H2OAutoML] Disk Usage: 43.2%
[MONITORING] [local.openml_t_359963.pygmo_c.segment.0.H2OAutoML] CPU Utilization: 97.9%
[MONITORING] [local.openml_t_359963.pygmo_c.segment.0.H2OAutoML] Memory Usage: 49.1%
[MONITORING] [local.openml_t_359963.pygmo_c.segment.0.H2OAutoML] Disk Usage: 43.2%
[MONITORING] [local.openml_t_359963.pygmo_c.segment.0.H2OAutoML] CPU Utilization: 94.0%
[MONITORING] [local.openml_t_359963.pygmo_c.segment.0.H2OAutoML] Memory Usage: 49.1%
[MONITORING] [local.openml_t_359963.pygmo_c.segment.0.H2OAutoML] Disk Usage: 43.2%
[MONITORING] [local.openml_t_359963.pygmo_c.segment.0.H2OAutoML] CPU Utilization: 99.2%
[MONITORING] [local.openml_t_359963.pygmo_c.segment.0.H2OAutoML] Memory Usage: 49.1%
[MONITORING] [local.openml_t_359963.pygmo_c.segment.0.H2OAutoML] Disk Usage: 43.2%
[MONITORING] [local.openml_t_359963.pygmo_c.segment.0.H2OAutoML] CPU Utilization: 97.2%
[MONITORING] [local.openml_t_359963.pygmo_c.segment.0.H2OAutoML] Memory Usage: 49.1%
[MONITORING] [local.openml_t_359963.pygmo_c.segment.0.H2OAutoML] Disk Usage: 43.2%
[MONITORING] [local.openml_t_359963.pygmo_c.segment.0.H2OAutoML] CPU Utilization: 98.5%
[MONITORING] [local.openml_t_359963.pygmo_c.segment.0.H2OAutoML] Memory Usage: 49.1%
[MONITORING] [local.openml_t_359963.pygmo_c.segment.0.H2OAutoML] Disk Usage: 43.2%
[MONITORING] [local.openml_t_359963.pygmo_c.segment.0.H2OAutoML] CPU Utilization: 97.1%
[MONITORING] [local.openml_t_359963.pygmo_c.segment.0.H2OAutoML] Memory Usage: 49.1%
[MONITORING] [local.openml_t_359963.pygmo_c.segment.0.H2OAutoML] Disk Usage: 43.2%
[MONITORING] [local.openml_t_359963.pygmo_c.segment.0.H2OAutoML] CPU Utilization: 98.2%
[MONITORING] [local.openml_t_359963.pygmo_c.segment.0.H2OAutoML] Memory Usage: 49.1%
[MONITORING] [local.openml_t_359963.pygmo_c.segment.0.H2OAutoML] Disk Usage: 43.2%
[MONITORING] [local.openml_t_359963.pygmo_c.segment.0.H2OAutoML] CPU Utilization: 97.7%
[MONITORING] [local.openml_t_359963.pygmo_c.segment.0.H2OAutoML] Memory Usage: 49.1%
[MONITORING] [local.openml_t_359963.pygmo_c.segment.0.H2OAutoML] Disk Usage: 43.2%
[MONITORING] [local.openml_t_359963.pygmo_c.segment.0.H2OAutoML] CPU Utilization: 84.4%
[MONITORING] [local.openml_t_359963.pygmo_c.segment.0.H2OAutoML] Memory Usage: 49.3%
[MONITORING] [local.openml_t_359963.pygmo_c.segment.0.H2OAutoML] Disk Usage: 43.2%
[MONITORING] [local.openml_t_359963.pygmo_c.segment.0.H2OAutoML] CPU Utilization: 90.7%
[MONITORING] [local.openml_t_359963.pygmo_c.segment.0.H2OAutoML] Memory Usage: 49.3%
[MONITORING] [local.openml_t_359963.pygmo_c.segment.0.H2OAutoML] Disk Usage: 43.2%
AutoML progress: |███████████████████████████████████████████████████████████████| (done) 100%
gbm prediction progress: |███████████████████████████████████████████████████████| (done) 100%
H2O session _sid_aefa closed.



Predictions preview:
                 brickface                 cement                foliage                  grass                 path                    sky                 window predictions truth
0   0.0010315921103787324     0.2789026473002119  0.0016070566413610792  0.0010345008585460015   0.7153623898806986  0.0010333499635739654  0.0010284632452297357        path  path
1   0.0010036563949517591     0.7304314187307146   0.001307635499302114  0.0010067153488490775   0.2638482392333226   0.001005609660950954  0.0013967251319088388      cement  path
2    1.788186306692076E-4   0.011438272512702095   1.859439133442278E-4  1.5003907634321967E-4   0.9877234434504291   1.498942927010445E-4  1.7358812381109703E-4        path  path
3   5.1572077001330076E-5   5.769460696569457E-4   5.909627967827809E-5   5.155611652538733E-5   0.9991397164787802   5.166219813428995E-5   6.945078022358936E-5        path  path
4   2.1030859691545845E-4    0.01352603799946141   2.787081322976685E-4  2.1130072879578323E-4   0.9853112352764184   2.221279821830315E-4  2.4028128392845633E-4        path  path
5   1.6832539994551013E-4    0.02839439931449784  1.8913791973821408E-4  1.6054005600210088E-4   0.9707008753148386  1.6049459206731885E-4  2.2622740291035085E-4        path  path
6    0.003183684838490303     0.5693353860478946   0.002314332611959783  0.0016951934316978055   0.4176797957848606  0.0015477192078587232    0.00424388807723837      cement  path
7   0.0012457620174255294     0.3148466480912058  0.0012953217813164786  0.0010838450520784164   0.6789689097485182  0.0010854603485787847  0.0014740529608768026        path  path
8   2.3399257174047506E-4   0.009081009851189257   1.850526078732453E-4  1.5939595230517404E-4   0.9899794091723957  1.5949272413278944E-4  2.0164712036328605E-4        path  path
9    2.991879560170121E-5  3.2457315347309115E-4  3.8411698549848203E-5   2.993861394788176E-5   0.9995121382065321   3.404437257743154E-5  3.0975159317833734E-5        path  path
10   7.170942920973484E-5  0.0011796200784267312   9.434167666821098E-5  1.0418783659748311E-4   0.9962253694467393   7.202489136114202E-5    0.00225274664099744        path  path
11  2.0477184014455987E-4   0.013549200943769758   2.980368584628834E-4   2.050651401827699E-4    0.985176805437546  2.0484156441046895E-4  3.6127821548339033E-4        path  path
12  0.0011636742715305333     0.1705145103860823   8.320999680975159E-4   8.600264902820262E-4   0.8250406702671156   6.516385784639419E-4   9.373800384280894E-4        path  path
13   2.752274705879337E-4   0.029131932188181338  4.2349137855878736E-4  2.7641392678945224E-4   0.9693273501744397  2.7589275122034935E-4  2.8969211022239103E-4        path  path
14   6.067371014366879E-5   8.415135828528859E-4   6.614374072286348E-5   6.063773547706546E-5   0.9988395630650463   6.070366297212115E-5   7.076450278537794E-5        path  path
15   7.140455182465035E-4   0.015562232704856767   5.403219064372797E-4  4.6443884770926695E-4   0.9816857055877629  4.6460035942939815E-4   5.686550755578405E-4        path  path
16  2.7706471293089676E-4     0.8710532942629242   3.217957145057949E-4  3.6445780669946704E-4  0.12729591455805297   2.771064829189284E-4  4.1036646196746803E-4      cement  path
17  1.4245419061767375E-4   0.014623255244018906  1.2868954622092998E-4  1.0568599313828669E-4   0.9847902655537607  1.0550230566158616E-4  1.0414716658176947E-4        path  path
18  3.6816745932313354E-4   0.022121149162075228   2.512283580540129E-4  1.9285285851482241E-4   0.9765716902096806  1.7653590821083693E-4   3.183760441412297E-4        path  path
19   7.212611552024209E-5  0.0034149709490568798   8.614541880939604E-5   7.216599056842271E-5    0.996184623040199   7.881281521499898E-5   9.115567063106257E-5        path  path

Predictions saved to `/home/juradoi/experiments/automlbenchmark/results/h2oautoml.openml_t_359963.pygmo_c.local.20211209T223828/predictions/segment/0/predictions.csv`.
Loading metadata from `/home/juradoi/experiments/automlbenchmark/results/h2oautoml.openml_t_359963.pygmo_c.local.20211209T223828/predictions/segment/0/metadata.json`.
Loading predictions from `/home/juradoi/experiments/automlbenchmark/results/h2oautoml.openml_t_359963.pygmo_c.local.20211209T223828/predictions/segment/0/predictions.csv`.
Metric scores: { 'acc': 0.9523809523809523,
  'app_version': 'dev [master, beef024]',
  'balacc': 0.9523809523809524,
  'constraint': 'pygmo_c',
  'duration': nan,
  'fold': 0,
  'framework': 'H2OAutoML',
  'id': 'openml.org/t/359963',
  'info': None,
  'logloss': 0.14411085428183817,
  'metric': 'neg_logloss',
  'mode': 'local',
  'models_count': 190,
  'params': '',
  'predict_duration': 0.30091428756713867,
  'result': -0.14411085428183817,
  'seed': 418442413,
  'task': 'segment',
  'training_duration': 3612.9028720855713,
  'type': 'multiclass',
  'utc': '2021-12-09T23:38:50',
  'version': '3.34.0.3'}
Job `local.openml_t_359963.pygmo_c.segment.0.H2OAutoML` executed in 3621.908 seconds.
All jobs executed in 3621.915 seconds.
[MONITORING] [local.openml_t_359963.pygmo_c.segment.0.H2OAutoML] CPU Utilization: 71.6%
[MONITORING] [local.openml_t_359963.pygmo_c.segment.0.H2OAutoML] Memory Usage: 2.1%
[MONITORING] [local.openml_t_359963.pygmo_c.segment.0.H2OAutoML] Disk Usage: 43.2%
Processing results for h2oautoml.openml_t_359963.pygmo_c.local.20211209T223828
Scores saved to `/home/juradoi/experiments/automlbenchmark/results/h2oautoml.openml_t_359963.pygmo_c.local.20211209T223828/scores/H2OAutoML.benchmark_openml_t_359963.csv`.
Scores saved to `/home/juradoi/experiments/automlbenchmark/results/h2oautoml.openml_t_359963.pygmo_c.local.20211209T223828/scores/results.csv`.
Scores saved to `/home/juradoi/experiments/automlbenchmark/results/results.csv`.
Summing up scores for current run:
                 id    task fold framework constraint    result      metric  duration      seed
openml.org/t/359963 segment    0 H2OAutoML    pygmo_c -0.144111 neg_logloss    3621.9 418442413
