/var/spool/slurm/slurmd/job8494148/slurm_script: line 8: activate: No such file or directory
Running benchmark `H2OAutoML` on `openml/t/359965` framework in `local` mode.
Loading frameworks definitions from ['/home/juradoi/experiments/automlbenchmark/resources/frameworks.yaml'].
Loading benchmark constraint definitions from ['/home/juradoi/experiments/automlbenchmark/resources/constraints.yaml'].
Loading openml task 359965.

----------------------------------------------------------------
Starting job local.openml_t_359965.pygmo_c.kr-vs-kp.0.H2OAutoML.
Assigning 16 cores (total=16) for new task kr-vs-kp.
Assigning 91389 MB (total=95302 MB) for new kr-vs-kp task.
[MONITORING] [local.openml_t_359965.pygmo_c.kr-vs-kp.0.H2OAutoML] CPU Utilization: 19.6%
[MONITORING] [local.openml_t_359965.pygmo_c.kr-vs-kp.0.H2OAutoML] Memory Usage: 2.0%
[MONITORING] [local.openml_t_359965.pygmo_c.kr-vs-kp.0.H2OAutoML] Disk Usage: 43.2%
Running task kr-vs-kp on framework H2OAutoML with config:
TaskConfig({})
Running cmd `/home/juradoi/experiments/automlbenchmark/frameworks/H2OAutoML/venv/bin/python -W ignore /home/juradoi/experiments/automlbenchmark/frameworks/H2OAutoML/exec.py`
INFO:__main__:
**** H2O AutoML [v3.34.0.3] ****

INFO:__main__:Starting H2O cluster with 16 cores, 60926M memory.
Checking whether there is an H2O instance running at http://localhost:25234 ..... not found.
Attempting to start a local H2O server...
  Java Version: openjdk version "11.0.12" 2021-07-20; OpenJDK Runtime Environment (build 11.0.12+7-post-Debian-2deb10u1); OpenJDK 64-Bit Server VM (build 11.0.12+7-post-Debian-2deb10u1, mixed mode, sharing)
  Starting server from /home/juradoi/experiments/automlbenchmark/frameworks/H2OAutoML/venv/lib/python3.8/site-packages/h2o/backend/bin/h2o.jar
  Ice root: /tmp/tmp19264_iy
  JVM stdout: /tmp/tmp19264_iy/h2o_unknownUser_started_from_python.out
  JVM stderr: /tmp/tmp19264_iy/h2o_unknownUser_started_from_python.err
  Server is running at http://127.0.0.1:25234
Connecting to H2O server at http://127.0.0.1:25234 ... successful.
--------------------------  ------------------------------------------------------------------
H2O_cluster_uptime:         01 secs
H2O_cluster_timezone:       Europe/Amsterdam
H2O_data_parsing_timezone:  UTC
H2O_cluster_version:        3.34.0.3
H2O_cluster_version_age:    2 months and 2 days
H2O_cluster_name:           H2O_from_python_unknownUser_8z1byz
H2O_cluster_total_nodes:    1
H2O_cluster_free_memory:    59.50 Gb
H2O_cluster_total_cores:    16
H2O_cluster_allowed_cores:  16
H2O_cluster_status:         locked, healthy
H2O_connection_url:         http://127.0.0.1:25234
H2O_connection_proxy:       {"http": null, "https": null}
H2O_internal_security:      False
H2O_API_Extensions:         Amazon S3, XGBoost, Algos, AutoML, Core V3, TargetEncoder, Core V4
Python_version:             3.8.12 final
--------------------------  ------------------------------------------------------------------
Parse progress: |████████████████████████████████████████████████████████████████| (done) 100%
Parse progress: |████████████████████████████████████████████████████████████████| (done) 100%
Parse progress: |████████████████████████████████████████████████████████████████| (done) 100%
INFO:__main__:Running model on task kr-vs-kp, fold 0.
[MONITORING] [local.openml_t_359965.pygmo_c.kr-vs-kp.0.H2OAutoML] CPU Utilization: 64.0%
[MONITORING] [local.openml_t_359965.pygmo_c.kr-vs-kp.0.H2OAutoML] Memory Usage: 44.6%
[MONITORING] [local.openml_t_359965.pygmo_c.kr-vs-kp.0.H2OAutoML] Disk Usage: 43.2%
[MONITORING] [local.openml_t_359965.pygmo_c.kr-vs-kp.0.H2OAutoML] CPU Utilization: 74.2%
[MONITORING] [local.openml_t_359965.pygmo_c.kr-vs-kp.0.H2OAutoML] Memory Usage: 45.0%
[MONITORING] [local.openml_t_359965.pygmo_c.kr-vs-kp.0.H2OAutoML] Disk Usage: 43.2%
[MONITORING] [local.openml_t_359965.pygmo_c.kr-vs-kp.0.H2OAutoML] CPU Utilization: 73.9%
[MONITORING] [local.openml_t_359965.pygmo_c.kr-vs-kp.0.H2OAutoML] Memory Usage: 45.6%
[MONITORING] [local.openml_t_359965.pygmo_c.kr-vs-kp.0.H2OAutoML] Disk Usage: 43.2%
[MONITORING] [local.openml_t_359965.pygmo_c.kr-vs-kp.0.H2OAutoML] CPU Utilization: 74.9%
[MONITORING] [local.openml_t_359965.pygmo_c.kr-vs-kp.0.H2OAutoML] Memory Usage: 45.8%
[MONITORING] [local.openml_t_359965.pygmo_c.kr-vs-kp.0.H2OAutoML] Disk Usage: 43.2%
[MONITORING] [local.openml_t_359965.pygmo_c.kr-vs-kp.0.H2OAutoML] CPU Utilization: 73.7%
[MONITORING] [local.openml_t_359965.pygmo_c.kr-vs-kp.0.H2OAutoML] Memory Usage: 46.6%
[MONITORING] [local.openml_t_359965.pygmo_c.kr-vs-kp.0.H2OAutoML] Disk Usage: 43.3%
[MONITORING] [local.openml_t_359965.pygmo_c.kr-vs-kp.0.H2OAutoML] CPU Utilization: 71.0%
[MONITORING] [local.openml_t_359965.pygmo_c.kr-vs-kp.0.H2OAutoML] Memory Usage: 46.8%
[MONITORING] [local.openml_t_359965.pygmo_c.kr-vs-kp.0.H2OAutoML] Disk Usage: 43.2%
[MONITORING] [local.openml_t_359965.pygmo_c.kr-vs-kp.0.H2OAutoML] CPU Utilization: 72.4%
[MONITORING] [local.openml_t_359965.pygmo_c.kr-vs-kp.0.H2OAutoML] Memory Usage: 47.8%
[MONITORING] [local.openml_t_359965.pygmo_c.kr-vs-kp.0.H2OAutoML] Disk Usage: 43.2%
[MONITORING] [local.openml_t_359965.pygmo_c.kr-vs-kp.0.H2OAutoML] CPU Utilization: 72.9%
[MONITORING] [local.openml_t_359965.pygmo_c.kr-vs-kp.0.H2OAutoML] Memory Usage: 47.9%
[MONITORING] [local.openml_t_359965.pygmo_c.kr-vs-kp.0.H2OAutoML] Disk Usage: 43.2%
[MONITORING] [local.openml_t_359965.pygmo_c.kr-vs-kp.0.H2OAutoML] CPU Utilization: 73.3%
[MONITORING] [local.openml_t_359965.pygmo_c.kr-vs-kp.0.H2OAutoML] Memory Usage: 48.0%
[MONITORING] [local.openml_t_359965.pygmo_c.kr-vs-kp.0.H2OAutoML] Disk Usage: 43.2%
[MONITORING] [local.openml_t_359965.pygmo_c.kr-vs-kp.0.H2OAutoML] CPU Utilization: 70.9%
[MONITORING] [local.openml_t_359965.pygmo_c.kr-vs-kp.0.H2OAutoML] Memory Usage: 49.0%
[MONITORING] [local.openml_t_359965.pygmo_c.kr-vs-kp.0.H2OAutoML] Disk Usage: 43.2%
[MONITORING] [local.openml_t_359965.pygmo_c.kr-vs-kp.0.H2OAutoML] CPU Utilization: 74.1%
[MONITORING] [local.openml_t_359965.pygmo_c.kr-vs-kp.0.H2OAutoML] Memory Usage: 49.4%
[MONITORING] [local.openml_t_359965.pygmo_c.kr-vs-kp.0.H2OAutoML] Disk Usage: 43.2%
[MONITORING] [local.openml_t_359965.pygmo_c.kr-vs-kp.0.H2OAutoML] CPU Utilization: 72.0%
[MONITORING] [local.openml_t_359965.pygmo_c.kr-vs-kp.0.H2OAutoML] Memory Usage: 50.2%
[MONITORING] [local.openml_t_359965.pygmo_c.kr-vs-kp.0.H2OAutoML] Disk Usage: 43.2%
[MONITORING] [local.openml_t_359965.pygmo_c.kr-vs-kp.0.H2OAutoML] CPU Utilization: 71.1%
[MONITORING] [local.openml_t_359965.pygmo_c.kr-vs-kp.0.H2OAutoML] Memory Usage: 50.3%
[MONITORING] [local.openml_t_359965.pygmo_c.kr-vs-kp.0.H2OAutoML] Disk Usage: 43.2%
[MONITORING] [local.openml_t_359965.pygmo_c.kr-vs-kp.0.H2OAutoML] CPU Utilization: 70.2%
[MONITORING] [local.openml_t_359965.pygmo_c.kr-vs-kp.0.H2OAutoML] Memory Usage: 50.3%
[MONITORING] [local.openml_t_359965.pygmo_c.kr-vs-kp.0.H2OAutoML] Disk Usage: 43.2%
[MONITORING] [local.openml_t_359965.pygmo_c.kr-vs-kp.0.H2OAutoML] CPU Utilization: 60.0%
[MONITORING] [local.openml_t_359965.pygmo_c.kr-vs-kp.0.H2OAutoML] Memory Usage: 50.9%
[MONITORING] [local.openml_t_359965.pygmo_c.kr-vs-kp.0.H2OAutoML] Disk Usage: 43.2%
[MONITORING] [local.openml_t_359965.pygmo_c.kr-vs-kp.0.H2OAutoML] CPU Utilization: 61.6%
[MONITORING] [local.openml_t_359965.pygmo_c.kr-vs-kp.0.H2OAutoML] Memory Usage: 51.0%
[MONITORING] [local.openml_t_359965.pygmo_c.kr-vs-kp.0.H2OAutoML] Disk Usage: 43.2%
[MONITORING] [local.openml_t_359965.pygmo_c.kr-vs-kp.0.H2OAutoML] CPU Utilization: 61.7%
[MONITORING] [local.openml_t_359965.pygmo_c.kr-vs-kp.0.H2OAutoML] Memory Usage: 51.8%
[MONITORING] [local.openml_t_359965.pygmo_c.kr-vs-kp.0.H2OAutoML] Disk Usage: 43.2%
[MONITORING] [local.openml_t_359965.pygmo_c.kr-vs-kp.0.H2OAutoML] CPU Utilization: 59.2%
[MONITORING] [local.openml_t_359965.pygmo_c.kr-vs-kp.0.H2OAutoML] Memory Usage: 51.9%
[MONITORING] [local.openml_t_359965.pygmo_c.kr-vs-kp.0.H2OAutoML] Disk Usage: 43.2%
[MONITORING] [local.openml_t_359965.pygmo_c.kr-vs-kp.0.H2OAutoML] CPU Utilization: 58.9%
[MONITORING] [local.openml_t_359965.pygmo_c.kr-vs-kp.0.H2OAutoML] Memory Usage: 51.9%
[MONITORING] [local.openml_t_359965.pygmo_c.kr-vs-kp.0.H2OAutoML] Disk Usage: 43.2%
[MONITORING] [local.openml_t_359965.pygmo_c.kr-vs-kp.0.H2OAutoML] CPU Utilization: 61.6%
[MONITORING] [local.openml_t_359965.pygmo_c.kr-vs-kp.0.H2OAutoML] Memory Usage: 52.6%
[MONITORING] [local.openml_t_359965.pygmo_c.kr-vs-kp.0.H2OAutoML] Disk Usage: 43.2%
[MONITORING] [local.openml_t_359965.pygmo_c.kr-vs-kp.0.H2OAutoML] CPU Utilization: 59.7%
[MONITORING] [local.openml_t_359965.pygmo_c.kr-vs-kp.0.H2OAutoML] Memory Usage: 52.7%
[MONITORING] [local.openml_t_359965.pygmo_c.kr-vs-kp.0.H2OAutoML] Disk Usage: 43.2%
[MONITORING] [local.openml_t_359965.pygmo_c.kr-vs-kp.0.H2OAutoML] CPU Utilization: 63.2%
[MONITORING] [local.openml_t_359965.pygmo_c.kr-vs-kp.0.H2OAutoML] Memory Usage: 53.4%
[MONITORING] [local.openml_t_359965.pygmo_c.kr-vs-kp.0.H2OAutoML] Disk Usage: 43.2%
[MONITORING] [local.openml_t_359965.pygmo_c.kr-vs-kp.0.H2OAutoML] CPU Utilization: 63.8%
[MONITORING] [local.openml_t_359965.pygmo_c.kr-vs-kp.0.H2OAutoML] Memory Usage: 53.5%
[MONITORING] [local.openml_t_359965.pygmo_c.kr-vs-kp.0.H2OAutoML] Disk Usage: 43.2%
[MONITORING] [local.openml_t_359965.pygmo_c.kr-vs-kp.0.H2OAutoML] CPU Utilization: 82.2%
[MONITORING] [local.openml_t_359965.pygmo_c.kr-vs-kp.0.H2OAutoML] Memory Usage: 53.7%
[MONITORING] [local.openml_t_359965.pygmo_c.kr-vs-kp.0.H2OAutoML] Disk Usage: 43.2%
[MONITORING] [local.openml_t_359965.pygmo_c.kr-vs-kp.0.H2OAutoML] CPU Utilization: 92.5%
[MONITORING] [local.openml_t_359965.pygmo_c.kr-vs-kp.0.H2OAutoML] Memory Usage: 54.1%
[MONITORING] [local.openml_t_359965.pygmo_c.kr-vs-kp.0.H2OAutoML] Disk Usage: 43.2%
[MONITORING] [local.openml_t_359965.pygmo_c.kr-vs-kp.0.H2OAutoML] CPU Utilization: 91.9%
[MONITORING] [local.openml_t_359965.pygmo_c.kr-vs-kp.0.H2OAutoML] Memory Usage: 54.1%
[MONITORING] [local.openml_t_359965.pygmo_c.kr-vs-kp.0.H2OAutoML] Disk Usage: 43.2%
[MONITORING] [local.openml_t_359965.pygmo_c.kr-vs-kp.0.H2OAutoML] CPU Utilization: 92.8%
[MONITORING] [local.openml_t_359965.pygmo_c.kr-vs-kp.0.H2OAutoML] Memory Usage: 54.1%
[MONITORING] [local.openml_t_359965.pygmo_c.kr-vs-kp.0.H2OAutoML] Disk Usage: 43.2%
[MONITORING] [local.openml_t_359965.pygmo_c.kr-vs-kp.0.H2OAutoML] CPU Utilization: 89.1%
[MONITORING] [local.openml_t_359965.pygmo_c.kr-vs-kp.0.H2OAutoML] Memory Usage: 54.2%
[MONITORING] [local.openml_t_359965.pygmo_c.kr-vs-kp.0.H2OAutoML] Disk Usage: 43.2%
[MONITORING] [local.openml_t_359965.pygmo_c.kr-vs-kp.0.H2OAutoML] CPU Utilization: 92.3%
[MONITORING] [local.openml_t_359965.pygmo_c.kr-vs-kp.0.H2OAutoML] Memory Usage: 54.2%
[MONITORING] [local.openml_t_359965.pygmo_c.kr-vs-kp.0.H2OAutoML] Disk Usage: 43.2%
[MONITORING] [local.openml_t_359965.pygmo_c.kr-vs-kp.0.H2OAutoML] CPU Utilization: 79.0%
[MONITORING] [local.openml_t_359965.pygmo_c.kr-vs-kp.0.H2OAutoML] Memory Usage: 54.8%
[MONITORING] [local.openml_t_359965.pygmo_c.kr-vs-kp.0.H2OAutoML] Disk Usage: 43.2%
AutoML progress: |███████████████████████████████████████████████████████████████| (done) 100%
gbm prediction progress: |███████████████████████████████████████████████████████| (done) 100%
H2O session _sid_bb35 closed.



Predictions preview:
                  nowin                    won predictions  truth
0   0.9999220408520502   7.795914794986173E-5       nowin  nowin
1   0.9999262434292019   7.375657079806698E-5       nowin  nowin
2   0.9999220416953608    7.79583046391632E-5       nowin  nowin
3   0.9998863613105007  1.1363868949930917E-4       nowin  nowin
4   0.9999314399785295   6.856002147049958E-5       nowin  nowin
5   0.9999314399606523   6.856003934769496E-5       nowin  nowin
6   0.9966986254379759  0.0033013745620240945       nowin  nowin
7   0.9999314396592932   6.856034070683302E-5       nowin  nowin
8   0.9999180786826266   8.192131737344284E-5       nowin  nowin
9   0.9937891529151466   0.006210847084853426       nowin  nowin
10  0.9769983212976521    0.02300167870234791       nowin  nowin
11  0.9998349685995317  1.6503140046830923E-4       nowin  nowin
12  0.9999134213996677   8.657860033229715E-5       nowin  nowin
13   0.999847839750952  1.5216024904799296E-4       nowin  nowin
14   0.999931811011715   6.818898828493828E-5       nowin  nowin
15  0.9995683254258864   4.316745741136481E-4       nowin  nowin
16  0.9999251709173972   7.482908260279557E-5       nowin  nowin
17  0.9995778648390212   4.221351609787672E-4       nowin  nowin
18  0.9999301203256589   6.987967434117594E-5       nowin  nowin
19  0.9999314399397105   6.856006028955833E-5       nowin  nowin

Predictions saved to `/home/juradoi/experiments/automlbenchmark/results/h2oautoml.openml_t_359965.pygmo_c.local.20211209T224732/predictions/kr-vs-kp/0/predictions.csv`.
Loading metadata from `/home/juradoi/experiments/automlbenchmark/results/h2oautoml.openml_t_359965.pygmo_c.local.20211209T224732/predictions/kr-vs-kp/0/metadata.json`.
Loading predictions from `/home/juradoi/experiments/automlbenchmark/results/h2oautoml.openml_t_359965.pygmo_c.local.20211209T224732/predictions/kr-vs-kp/0/predictions.csv`.
Metric scores: { 'acc': 0.99375,
  'app_version': 'dev [master, beef024]',
  'auc': 0.9999608625885484,
  'balacc': 0.993738014167743,
  'constraint': 'pygmo_c',
  'duration': nan,
  'fold': 0,
  'framework': 'H2OAutoML',
  'id': 'openml.org/t/359965',
  'info': None,
  'logloss': 0.015719474682734616,
  'metric': 'auc',
  'mode': 'local',
  'models_count': 434,
  'params': '',
  'predict_duration': 0.3442409038543701,
  'result': 0.9999608625885484,
  'seed': 116209912,
  'task': 'kr-vs-kp',
  'training_duration': 3603.621521949768,
  'type': 'binary',
  'utc': '2021-12-09T23:47:53',
  'version': '3.34.0.3'}
Job `local.openml_t_359965.pygmo_c.kr-vs-kp.0.H2OAutoML` executed in 3614.943 seconds.
All jobs executed in 3620.712 seconds.
[MONITORING] [local.openml_t_359965.pygmo_c.kr-vs-kp.0.H2OAutoML] CPU Utilization: 50.3%
[MONITORING] [local.openml_t_359965.pygmo_c.kr-vs-kp.0.H2OAutoML] Memory Usage: 1.9%
[MONITORING] [local.openml_t_359965.pygmo_c.kr-vs-kp.0.H2OAutoML] Disk Usage: 43.2%
Processing results for h2oautoml.openml_t_359965.pygmo_c.local.20211209T224732
Scores saved to `/home/juradoi/experiments/automlbenchmark/results/h2oautoml.openml_t_359965.pygmo_c.local.20211209T224732/scores/H2OAutoML.benchmark_openml_t_359965.csv`.
Scores saved to `/home/juradoi/experiments/automlbenchmark/results/h2oautoml.openml_t_359965.pygmo_c.local.20211209T224732/scores/results.csv`.
Scores saved to `/home/juradoi/experiments/automlbenchmark/results/results.csv`.
Summing up scores for current run:
                 id     task fold framework constraint   result metric  duration      seed
openml.org/t/359965 kr-vs-kp    0 H2OAutoML    pygmo_c 0.999961    auc    3614.9 116209912
