/var/spool/slurm/slurmd/job8494112/slurm_script: line 8: activate: No such file or directory
Running benchmark `H2OAutoML` on `openml/t/359963` framework in `local` mode.
Loading frameworks definitions from ['/home/juradoi/experiments/automlbenchmark/resources/frameworks.yaml'].
Loading benchmark constraint definitions from ['/home/juradoi/experiments/automlbenchmark/resources/constraints.yaml'].
Loading openml task 359963.

---------------------------------------------------------------
Starting job local.openml_t_359963.pygmo_c.segment.0.H2OAutoML.
Assigning 16 cores (total=16) for new task segment.
Assigning 91055 MB (total=95302 MB) for new segment task.
[MONITORING] [local.openml_t_359963.pygmo_c.segment.0.H2OAutoML] CPU Utilization: 8.2%
[MONITORING] [local.openml_t_359963.pygmo_c.segment.0.H2OAutoML] Memory Usage: 2.3%
[MONITORING] [local.openml_t_359963.pygmo_c.segment.0.H2OAutoML] Disk Usage: 43.2%
Running task segment on framework H2OAutoML with config:
TaskConfig({})
Running cmd `/home/juradoi/experiments/automlbenchmark/frameworks/H2OAutoML/venv/bin/python -W ignore /home/juradoi/experiments/automlbenchmark/frameworks/H2OAutoML/exec.py`
INFO:__main__:
**** H2O AutoML [v3.34.0.3] ****

INFO:__main__:Starting H2O cluster with 16 cores, 60703M memory.
Checking whether there is an H2O instance running at http://localhost:15030 ..... not found.
Attempting to start a local H2O server...
  Java Version: openjdk version "11.0.12" 2021-07-20; OpenJDK Runtime Environment (build 11.0.12+7-post-Debian-2deb10u1); OpenJDK 64-Bit Server VM (build 11.0.12+7-post-Debian-2deb10u1, mixed mode, sharing)
  Starting server from /home/juradoi/experiments/automlbenchmark/frameworks/H2OAutoML/venv/lib/python3.8/site-packages/h2o/backend/bin/h2o.jar
  Ice root: /tmp/tmpyp7jok_o
  JVM stdout: /tmp/tmpyp7jok_o/h2o_unknownUser_started_from_python.out
  JVM stderr: /tmp/tmpyp7jok_o/h2o_unknownUser_started_from_python.err
  Server is running at http://127.0.0.1:15030
Connecting to H2O server at http://127.0.0.1:15030 ... successful.
--------------------------  ------------------------------------------------------------------
H2O_cluster_uptime:         02 secs
H2O_cluster_timezone:       Europe/Amsterdam
H2O_data_parsing_timezone:  UTC
H2O_cluster_version:        3.34.0.3
H2O_cluster_version_age:    2 months and 2 days
H2O_cluster_name:           H2O_from_python_unknownUser_mjg8k3
H2O_cluster_total_nodes:    1
H2O_cluster_free_memory:    59.28 Gb
H2O_cluster_total_cores:    16
H2O_cluster_allowed_cores:  16
H2O_cluster_status:         locked, healthy
H2O_connection_url:         http://127.0.0.1:15030
H2O_connection_proxy:       {"http": null, "https": null}
H2O_internal_security:      False
H2O_API_Extensions:         Amazon S3, XGBoost, Algos, AutoML, Core V3, TargetEncoder, Core V4
Python_version:             3.8.12 final
--------------------------  ------------------------------------------------------------------
Parse progress: |████████████████████████████████████████████████████████████████| (done) 100%
Parse progress: |████████████████████████████████████████████████████████████████| (done) 100%
INFO:__main__:Running model on task segment, fold 0.
[MONITORING] [local.openml_t_359963.pygmo_c.segment.0.H2OAutoML] CPU Utilization: 68.8%
[MONITORING] [local.openml_t_359963.pygmo_c.segment.0.H2OAutoML] Memory Usage: 41.9%
[MONITORING] [local.openml_t_359963.pygmo_c.segment.0.H2OAutoML] Disk Usage: 43.2%
[MONITORING] [local.openml_t_359963.pygmo_c.segment.0.H2OAutoML] CPU Utilization: 74.3%
[MONITORING] [local.openml_t_359963.pygmo_c.segment.0.H2OAutoML] Memory Usage: 42.4%
[MONITORING] [local.openml_t_359963.pygmo_c.segment.0.H2OAutoML] Disk Usage: 43.2%
[MONITORING] [local.openml_t_359963.pygmo_c.segment.0.H2OAutoML] CPU Utilization: 72.7%
[MONITORING] [local.openml_t_359963.pygmo_c.segment.0.H2OAutoML] Memory Usage: 44.2%
[MONITORING] [local.openml_t_359963.pygmo_c.segment.0.H2OAutoML] Disk Usage: 43.2%
[MONITORING] [local.openml_t_359963.pygmo_c.segment.0.H2OAutoML] CPU Utilization: 85.5%
[MONITORING] [local.openml_t_359963.pygmo_c.segment.0.H2OAutoML] Memory Usage: 45.0%
[MONITORING] [local.openml_t_359963.pygmo_c.segment.0.H2OAutoML] Disk Usage: 43.2%
[MONITORING] [local.openml_t_359963.pygmo_c.segment.0.H2OAutoML] CPU Utilization: 92.1%
[MONITORING] [local.openml_t_359963.pygmo_c.segment.0.H2OAutoML] Memory Usage: 48.5%
[MONITORING] [local.openml_t_359963.pygmo_c.segment.0.H2OAutoML] Disk Usage: 43.2%
[MONITORING] [local.openml_t_359963.pygmo_c.segment.0.H2OAutoML] CPU Utilization: 93.7%
[MONITORING] [local.openml_t_359963.pygmo_c.segment.0.H2OAutoML] Memory Usage: 48.5%
[MONITORING] [local.openml_t_359963.pygmo_c.segment.0.H2OAutoML] Disk Usage: 43.2%
[MONITORING] [local.openml_t_359963.pygmo_c.segment.0.H2OAutoML] CPU Utilization: 97.2%
[MONITORING] [local.openml_t_359963.pygmo_c.segment.0.H2OAutoML] Memory Usage: 48.5%
[MONITORING] [local.openml_t_359963.pygmo_c.segment.0.H2OAutoML] Disk Usage: 43.2%
[MONITORING] [local.openml_t_359963.pygmo_c.segment.0.H2OAutoML] CPU Utilization: 96.0%
[MONITORING] [local.openml_t_359963.pygmo_c.segment.0.H2OAutoML] Memory Usage: 48.7%
[MONITORING] [local.openml_t_359963.pygmo_c.segment.0.H2OAutoML] Disk Usage: 43.2%
[MONITORING] [local.openml_t_359963.pygmo_c.segment.0.H2OAutoML] CPU Utilization: 97.4%
[MONITORING] [local.openml_t_359963.pygmo_c.segment.0.H2OAutoML] Memory Usage: 48.8%
[MONITORING] [local.openml_t_359963.pygmo_c.segment.0.H2OAutoML] Disk Usage: 43.2%
[MONITORING] [local.openml_t_359963.pygmo_c.segment.0.H2OAutoML] CPU Utilization: 96.9%
[MONITORING] [local.openml_t_359963.pygmo_c.segment.0.H2OAutoML] Memory Usage: 48.8%
[MONITORING] [local.openml_t_359963.pygmo_c.segment.0.H2OAutoML] Disk Usage: 43.2%
[MONITORING] [local.openml_t_359963.pygmo_c.segment.0.H2OAutoML] CPU Utilization: 97.5%
[MONITORING] [local.openml_t_359963.pygmo_c.segment.0.H2OAutoML] Memory Usage: 48.8%
[MONITORING] [local.openml_t_359963.pygmo_c.segment.0.H2OAutoML] Disk Usage: 43.2%
[MONITORING] [local.openml_t_359963.pygmo_c.segment.0.H2OAutoML] CPU Utilization: 97.7%
[MONITORING] [local.openml_t_359963.pygmo_c.segment.0.H2OAutoML] Memory Usage: 48.8%
[MONITORING] [local.openml_t_359963.pygmo_c.segment.0.H2OAutoML] Disk Usage: 43.2%
[MONITORING] [local.openml_t_359963.pygmo_c.segment.0.H2OAutoML] CPU Utilization: 98.2%
[MONITORING] [local.openml_t_359963.pygmo_c.segment.0.H2OAutoML] Memory Usage: 48.8%
[MONITORING] [local.openml_t_359963.pygmo_c.segment.0.H2OAutoML] Disk Usage: 43.2%
[MONITORING] [local.openml_t_359963.pygmo_c.segment.0.H2OAutoML] CPU Utilization: 96.8%
[MONITORING] [local.openml_t_359963.pygmo_c.segment.0.H2OAutoML] Memory Usage: 48.8%
[MONITORING] [local.openml_t_359963.pygmo_c.segment.0.H2OAutoML] Disk Usage: 43.2%
[MONITORING] [local.openml_t_359963.pygmo_c.segment.0.H2OAutoML] CPU Utilization: 97.3%
[MONITORING] [local.openml_t_359963.pygmo_c.segment.0.H2OAutoML] Memory Usage: 49.5%
[MONITORING] [local.openml_t_359963.pygmo_c.segment.0.H2OAutoML] Disk Usage: 43.2%
[MONITORING] [local.openml_t_359963.pygmo_c.segment.0.H2OAutoML] CPU Utilization: 96.3%
[MONITORING] [local.openml_t_359963.pygmo_c.segment.0.H2OAutoML] Memory Usage: 49.5%
[MONITORING] [local.openml_t_359963.pygmo_c.segment.0.H2OAutoML] Disk Usage: 43.2%
[MONITORING] [local.openml_t_359963.pygmo_c.segment.0.H2OAutoML] CPU Utilization: 97.0%
[MONITORING] [local.openml_t_359963.pygmo_c.segment.0.H2OAutoML] Memory Usage: 49.5%
[MONITORING] [local.openml_t_359963.pygmo_c.segment.0.H2OAutoML] Disk Usage: 43.2%
[MONITORING] [local.openml_t_359963.pygmo_c.segment.0.H2OAutoML] CPU Utilization: 96.5%
[MONITORING] [local.openml_t_359963.pygmo_c.segment.0.H2OAutoML] Memory Usage: 49.5%
[MONITORING] [local.openml_t_359963.pygmo_c.segment.0.H2OAutoML] Disk Usage: 43.2%
[MONITORING] [local.openml_t_359963.pygmo_c.segment.0.H2OAutoML] CPU Utilization: 98.4%
[MONITORING] [local.openml_t_359963.pygmo_c.segment.0.H2OAutoML] Memory Usage: 49.5%
[MONITORING] [local.openml_t_359963.pygmo_c.segment.0.H2OAutoML] Disk Usage: 43.2%
[MONITORING] [local.openml_t_359963.pygmo_c.segment.0.H2OAutoML] CPU Utilization: 96.8%
[MONITORING] [local.openml_t_359963.pygmo_c.segment.0.H2OAutoML] Memory Usage: 49.5%
[MONITORING] [local.openml_t_359963.pygmo_c.segment.0.H2OAutoML] Disk Usage: 43.2%
[MONITORING] [local.openml_t_359963.pygmo_c.segment.0.H2OAutoML] CPU Utilization: 96.7%
[MONITORING] [local.openml_t_359963.pygmo_c.segment.0.H2OAutoML] Memory Usage: 49.6%
[MONITORING] [local.openml_t_359963.pygmo_c.segment.0.H2OAutoML] Disk Usage: 43.2%
[MONITORING] [local.openml_t_359963.pygmo_c.segment.0.H2OAutoML] CPU Utilization: 95.4%
[MONITORING] [local.openml_t_359963.pygmo_c.segment.0.H2OAutoML] Memory Usage: 49.6%
[MONITORING] [local.openml_t_359963.pygmo_c.segment.0.H2OAutoML] Disk Usage: 43.2%
[MONITORING] [local.openml_t_359963.pygmo_c.segment.0.H2OAutoML] CPU Utilization: 91.4%
[MONITORING] [local.openml_t_359963.pygmo_c.segment.0.H2OAutoML] Memory Usage: 49.7%
[MONITORING] [local.openml_t_359963.pygmo_c.segment.0.H2OAutoML] Disk Usage: 43.2%
[MONITORING] [local.openml_t_359963.pygmo_c.segment.0.H2OAutoML] CPU Utilization: 97.5%
[MONITORING] [local.openml_t_359963.pygmo_c.segment.0.H2OAutoML] Memory Usage: 49.7%
[MONITORING] [local.openml_t_359963.pygmo_c.segment.0.H2OAutoML] Disk Usage: 43.2%
[MONITORING] [local.openml_t_359963.pygmo_c.segment.0.H2OAutoML] CPU Utilization: 96.8%
[MONITORING] [local.openml_t_359963.pygmo_c.segment.0.H2OAutoML] Memory Usage: 49.7%
[MONITORING] [local.openml_t_359963.pygmo_c.segment.0.H2OAutoML] Disk Usage: 43.2%
[MONITORING] [local.openml_t_359963.pygmo_c.segment.0.H2OAutoML] CPU Utilization: 97.0%
[MONITORING] [local.openml_t_359963.pygmo_c.segment.0.H2OAutoML] Memory Usage: 49.7%
[MONITORING] [local.openml_t_359963.pygmo_c.segment.0.H2OAutoML] Disk Usage: 43.2%
[MONITORING] [local.openml_t_359963.pygmo_c.segment.0.H2OAutoML] CPU Utilization: 97.3%
[MONITORING] [local.openml_t_359963.pygmo_c.segment.0.H2OAutoML] Memory Usage: 49.8%
[MONITORING] [local.openml_t_359963.pygmo_c.segment.0.H2OAutoML] Disk Usage: 43.2%
[MONITORING] [local.openml_t_359963.pygmo_c.segment.0.H2OAutoML] CPU Utilization: 97.4%
[MONITORING] [local.openml_t_359963.pygmo_c.segment.0.H2OAutoML] Memory Usage: 49.8%
[MONITORING] [local.openml_t_359963.pygmo_c.segment.0.H2OAutoML] Disk Usage: 43.2%
[MONITORING] [local.openml_t_359963.pygmo_c.segment.0.H2OAutoML] CPU Utilization: 83.8%
[MONITORING] [local.openml_t_359963.pygmo_c.segment.0.H2OAutoML] Memory Usage: 49.8%
[MONITORING] [local.openml_t_359963.pygmo_c.segment.0.H2OAutoML] Disk Usage: 43.2%
[MONITORING] [local.openml_t_359963.pygmo_c.segment.0.H2OAutoML] CPU Utilization: 89.4%
[MONITORING] [local.openml_t_359963.pygmo_c.segment.0.H2OAutoML] Memory Usage: 50.3%
[MONITORING] [local.openml_t_359963.pygmo_c.segment.0.H2OAutoML] Disk Usage: 43.2%
AutoML progress: |███████████████████████████████████████████████████████████████| (done) 100%
gbm prediction progress: |███████████████████████████████████████████████████████| (done) 100%
H2O session _sid_aa5c closed.



Predictions preview:
                 brickface                 cement                foliage                  grass                 path                    sky                 window predictions truth
0    4.652552504815927E-4     0.5144399128201249   0.002136864172031793   4.334248911284419E-4  0.48127531376278704  4.3517128070594507E-4   8.140578227403162E-4      cement  path
1     5.27942023778692E-4     0.5903189203908844  0.0012676923734695781   5.291306516069016E-4   0.4052682266400533   5.568827975739557E-4   0.001531205122633299      cement  path
2   1.3818512728939436E-4   0.027478543823083696  2.5491743461481496E-4  1.0694199830105443E-4   0.9716661827632563  1.2652585257468384E-4  2.2870300088023715E-4        path  path
3   2.4027329840021312E-5   4.719482480876629E-4   8.347025043065157E-5    3.83847985516969E-5   0.9993179371879584  2.3290378706721705E-5   4.094180642466256E-5        path  path
4    6.595125527935457E-5    0.00595934098562024   2.675913015516567E-4   6.711844043008465E-5   0.9934673600106098   6.569544404018373E-5  1.0694256246877889E-4        path  path
5   2.2162025046173643E-4    0.04089852860421118  4.5798670872983753E-4  1.7425004241025495E-4   0.9576115818107831  1.8757487194586713E-4    4.48457711457905E-4        path  path
6   0.0015359510110770334     0.5151021330572482  0.0016769026265342827   9.654396785902465E-4   0.4741572594234081   6.700723880735178E-4   0.005892241815068744      cement  path
7    6.312107809289231E-4     0.4279688954343065  0.0014943553987159042    5.67796255517579E-4   0.5674103912297142    5.67171272958645E-4  0.0013601796278584041        path  path
8   1.2689228164728306E-4  0.0066610808326529386   2.134412387767283E-4   9.079480913036929E-5   0.9926185023394942    9.02184812767299E-5   1.990700170218186E-4        path  path
9   2.5658676136180797E-5  0.0011449274324415515   8.733112936917073E-5  2.6046352589252216E-5   0.9986443099263748   3.059153404380293E-5   4.113494904539067E-5        path  path
10   8.746832764046399E-5  0.0015399542600263102  1.2780241623244987E-4   5.108674654436527E-5   0.9968439146818632  4.7757850570883254E-5  0.0013020157171223098        path  path
11  1.0468258182549415E-4   0.016972959715166762    3.34109727875691E-4   1.714422470612565E-4   0.9821656660031194   9.326847147333237E-5  1.5787125347816602E-4        path  path
12   2.393948891662637E-4     0.1374891218676912   5.140424703154151E-4   2.619250034906699E-4   0.8608480545885528  1.9817290172266665E-4   4.492882790608919E-4        path  path
13  1.2948478827988938E-4    0.03367129326316199  3.4870887183153875E-4  1.3158298098164077E-4   0.9653561706010769  1.4330984156682032E-4   2.194496531009835E-4        path  path
14   6.238026991127174E-5   0.004548618480078027   1.739039469726183E-4  6.0328636918175186E-5    0.994990440215007  5.9462781540545335E-5   1.048656695721721E-4        path  path
15  2.1386087343891984E-4    0.01849461578564803  2.2673085747483793E-4  1.0208960869780938E-4   0.9806211502277902   9.489313013660253E-5   2.466595168137482E-4        path  path
16   5.105671600880311E-4     0.8251862432332908    6.81442272864594E-4  3.1469963237011427E-4  0.17240706553559076  2.9301810112478387E-4   6.069640646709695E-4      cement  path
17  1.5842956956645178E-4    0.04356106605738494  4.1219497339961867E-4   1.606538407361366E-4   0.9552518169833231  1.6228607489471558E-4   2.935525006951449E-4        path  path
18  2.2822149148025948E-4    0.02461756138564438  2.4199465732094403E-4   1.306888228847204E-4   0.9740390541296746  1.1068681969531514E-4   6.317926933000016E-4        path  path
19   9.576842465263861E-5   0.006457773637372395  1.6297782046075494E-4   8.876602466650314E-5    0.992951358273282   8.077838159541194E-5  1.6257743797041816E-4        path  path

Predictions saved to `/home/juradoi/experiments/automlbenchmark/results/h2oautoml.openml_t_359963.pygmo_c.local.20211209T223755/predictions/segment/0/predictions.csv`.
Loading metadata from `/home/juradoi/experiments/automlbenchmark/results/h2oautoml.openml_t_359963.pygmo_c.local.20211209T223755/predictions/segment/0/metadata.json`.
Loading predictions from `/home/juradoi/experiments/automlbenchmark/results/h2oautoml.openml_t_359963.pygmo_c.local.20211209T223755/predictions/segment/0/predictions.csv`.
Metric scores: { 'acc': 0.948051948051948,
  'app_version': 'dev [master, beef024]',
  'balacc': 0.9480519480519481,
  'constraint': 'pygmo_c',
  'duration': nan,
  'fold': 0,
  'framework': 'H2OAutoML',
  'id': 'openml.org/t/359963',
  'info': None,
  'logloss': 0.14100893825527241,
  'metric': 'neg_logloss',
  'mode': 'local',
  'models_count': 214,
  'params': '',
  'predict_duration': 0.32843565940856934,
  'result': -0.14100893825527241,
  'seed': 2023418058,
  'task': 'segment',
  'training_duration': 3607.5075521469116,
  'type': 'multiclass',
  'utc': '2021-12-09T23:38:16',
  'version': '3.34.0.3'}
Job `local.openml_t_359963.pygmo_c.segment.0.H2OAutoML` executed in 3619.545 seconds.
All jobs executed in 3620.094 seconds.
[MONITORING] [local.openml_t_359963.pygmo_c.segment.0.H2OAutoML] CPU Utilization: 72.8%
[MONITORING] [local.openml_t_359963.pygmo_c.segment.0.H2OAutoML] Memory Usage: 2.3%
[MONITORING] [local.openml_t_359963.pygmo_c.segment.0.H2OAutoML] Disk Usage: 43.2%
Processing results for h2oautoml.openml_t_359963.pygmo_c.local.20211209T223755
Scores saved to `/home/juradoi/experiments/automlbenchmark/results/h2oautoml.openml_t_359963.pygmo_c.local.20211209T223755/scores/H2OAutoML.benchmark_openml_t_359963.csv`.
Scores saved to `/home/juradoi/experiments/automlbenchmark/results/h2oautoml.openml_t_359963.pygmo_c.local.20211209T223755/scores/results.csv`.
Scores saved to `/home/juradoi/experiments/automlbenchmark/results/results.csv`.
Summing up scores for current run:
                 id    task fold framework constraint    result      metric  duration       seed
openml.org/t/359963 segment    0 H2OAutoML    pygmo_c -0.141009 neg_logloss    3619.5 2023418058
