/var/spool/slurm/slurmd/job8494836/slurm_script: line 8: activate: No such file or directory
Running benchmark `H2OAutoML` on `openml/t/359972` framework in `local` mode.
Loading frameworks definitions from ['/home/juradoi/experiments/automlbenchmark/resources/frameworks.yaml'].
Loading benchmark constraint definitions from ['/home/juradoi/experiments/automlbenchmark/resources/constraints.yaml'].
Loading openml task 359972.

---------------------------------------------------------------
Starting job local.openml_t_359972.pygmo_c.sylvine.0.H2OAutoML.
Assigning 16 cores (total=16) for new task sylvine.
Assigning 91102 MB (total=95302 MB) for new sylvine task.
[MONITORING] [local.openml_t_359972.pygmo_c.sylvine.0.H2OAutoML] CPU Utilization: 18.2%
[MONITORING] [local.openml_t_359972.pygmo_c.sylvine.0.H2OAutoML] Memory Usage: 2.3%
[MONITORING] [local.openml_t_359972.pygmo_c.sylvine.0.H2OAutoML] Disk Usage: 43.2%
Running task sylvine on framework H2OAutoML with config:
TaskConfig({})
Running cmd `/home/juradoi/experiments/automlbenchmark/frameworks/H2OAutoML/venv/bin/python -W ignore /home/juradoi/experiments/automlbenchmark/frameworks/H2OAutoML/exec.py`
INFO:__main__:
**** H2O AutoML [v3.34.0.3] ****

INFO:__main__:Starting H2O cluster with 16 cores, 60735M memory.
Checking whether there is an H2O instance running at http://localhost:25121 ..... not found.
Attempting to start a local H2O server...
  Java Version: openjdk version "11.0.12" 2021-07-20; OpenJDK Runtime Environment (build 11.0.12+7-post-Debian-2deb10u1); OpenJDK 64-Bit Server VM (build 11.0.12+7-post-Debian-2deb10u1, mixed mode, sharing)
  Starting server from /home/juradoi/experiments/automlbenchmark/frameworks/H2OAutoML/venv/lib/python3.8/site-packages/h2o/backend/bin/h2o.jar
  Ice root: /tmp/tmpmwy24oc0
  JVM stdout: /tmp/tmpmwy24oc0/h2o_unknownUser_started_from_python.out
  JVM stderr: /tmp/tmpmwy24oc0/h2o_unknownUser_started_from_python.err
  Server is running at http://127.0.0.1:25121
Connecting to H2O server at http://127.0.0.1:25121 ... successful.
--------------------------  ------------------------------------------------------------------
H2O_cluster_uptime:         01 secs
H2O_cluster_timezone:       Europe/Amsterdam
H2O_data_parsing_timezone:  UTC
H2O_cluster_version:        3.34.0.3
H2O_cluster_version_age:    2 months and 2 days
H2O_cluster_name:           H2O_from_python_unknownUser_e2bagb
H2O_cluster_total_nodes:    1
H2O_cluster_free_memory:    59.31 Gb
H2O_cluster_total_cores:    16
H2O_cluster_allowed_cores:  16
H2O_cluster_status:         locked, healthy
H2O_connection_url:         http://127.0.0.1:25121
H2O_connection_proxy:       {"http": null, "https": null}
H2O_internal_security:      False
H2O_API_Extensions:         Amazon S3, XGBoost, Algos, AutoML, Core V3, TargetEncoder, Core V4
Python_version:             3.8.12 final
--------------------------  ------------------------------------------------------------------
Parse progress: |████████████████████████████████████████████████████████████████| (done) 100%
Parse progress: |████████████████████████████████████████████████████████████████| (done) 100%
INFO:__main__:Running model on task sylvine, fold 0.
[MONITORING] [local.openml_t_359972.pygmo_c.sylvine.0.H2OAutoML] CPU Utilization: 55.3%
[MONITORING] [local.openml_t_359972.pygmo_c.sylvine.0.H2OAutoML] Memory Usage: 44.8%
[MONITORING] [local.openml_t_359972.pygmo_c.sylvine.0.H2OAutoML] Disk Usage: 43.2%
[MONITORING] [local.openml_t_359972.pygmo_c.sylvine.0.H2OAutoML] CPU Utilization: 78.9%
[MONITORING] [local.openml_t_359972.pygmo_c.sylvine.0.H2OAutoML] Memory Usage: 45.6%
[MONITORING] [local.openml_t_359972.pygmo_c.sylvine.0.H2OAutoML] Disk Usage: 43.2%
[MONITORING] [local.openml_t_359972.pygmo_c.sylvine.0.H2OAutoML] CPU Utilization: 80.2%
[MONITORING] [local.openml_t_359972.pygmo_c.sylvine.0.H2OAutoML] Memory Usage: 46.2%
[MONITORING] [local.openml_t_359972.pygmo_c.sylvine.0.H2OAutoML] Disk Usage: 43.2%
[MONITORING] [local.openml_t_359972.pygmo_c.sylvine.0.H2OAutoML] CPU Utilization: 79.4%
[MONITORING] [local.openml_t_359972.pygmo_c.sylvine.0.H2OAutoML] Memory Usage: 47.2%
[MONITORING] [local.openml_t_359972.pygmo_c.sylvine.0.H2OAutoML] Disk Usage: 43.2%
[MONITORING] [local.openml_t_359972.pygmo_c.sylvine.0.H2OAutoML] CPU Utilization: 81.6%
[MONITORING] [local.openml_t_359972.pygmo_c.sylvine.0.H2OAutoML] Memory Usage: 47.8%
[MONITORING] [local.openml_t_359972.pygmo_c.sylvine.0.H2OAutoML] Disk Usage: 43.2%
[MONITORING] [local.openml_t_359972.pygmo_c.sylvine.0.H2OAutoML] CPU Utilization: 79.9%
[MONITORING] [local.openml_t_359972.pygmo_c.sylvine.0.H2OAutoML] Memory Usage: 49.1%
[MONITORING] [local.openml_t_359972.pygmo_c.sylvine.0.H2OAutoML] Disk Usage: 43.2%
[MONITORING] [local.openml_t_359972.pygmo_c.sylvine.0.H2OAutoML] CPU Utilization: 78.5%
[MONITORING] [local.openml_t_359972.pygmo_c.sylvine.0.H2OAutoML] Memory Usage: 49.2%
[MONITORING] [local.openml_t_359972.pygmo_c.sylvine.0.H2OAutoML] Disk Usage: 43.2%
[MONITORING] [local.openml_t_359972.pygmo_c.sylvine.0.H2OAutoML] CPU Utilization: 78.5%
[MONITORING] [local.openml_t_359972.pygmo_c.sylvine.0.H2OAutoML] Memory Usage: 49.9%
[MONITORING] [local.openml_t_359972.pygmo_c.sylvine.0.H2OAutoML] Disk Usage: 43.2%
[MONITORING] [local.openml_t_359972.pygmo_c.sylvine.0.H2OAutoML] CPU Utilization: 70.7%
[MONITORING] [local.openml_t_359972.pygmo_c.sylvine.0.H2OAutoML] Memory Usage: 50.7%
[MONITORING] [local.openml_t_359972.pygmo_c.sylvine.0.H2OAutoML] Disk Usage: 43.2%
[MONITORING] [local.openml_t_359972.pygmo_c.sylvine.0.H2OAutoML] CPU Utilization: 66.4%
[MONITORING] [local.openml_t_359972.pygmo_c.sylvine.0.H2OAutoML] Memory Usage: 51.3%
[MONITORING] [local.openml_t_359972.pygmo_c.sylvine.0.H2OAutoML] Disk Usage: 43.2%
[MONITORING] [local.openml_t_359972.pygmo_c.sylvine.0.H2OAutoML] CPU Utilization: 69.9%
[MONITORING] [local.openml_t_359972.pygmo_c.sylvine.0.H2OAutoML] Memory Usage: 52.4%
[MONITORING] [local.openml_t_359972.pygmo_c.sylvine.0.H2OAutoML] Disk Usage: 43.2%
[MONITORING] [local.openml_t_359972.pygmo_c.sylvine.0.H2OAutoML] CPU Utilization: 66.7%
[MONITORING] [local.openml_t_359972.pygmo_c.sylvine.0.H2OAutoML] Memory Usage: 52.6%
[MONITORING] [local.openml_t_359972.pygmo_c.sylvine.0.H2OAutoML] Disk Usage: 43.2%
[MONITORING] [local.openml_t_359972.pygmo_c.sylvine.0.H2OAutoML] CPU Utilization: 64.1%
[MONITORING] [local.openml_t_359972.pygmo_c.sylvine.0.H2OAutoML] Memory Usage: 52.9%
[MONITORING] [local.openml_t_359972.pygmo_c.sylvine.0.H2OAutoML] Disk Usage: 43.2%
[MONITORING] [local.openml_t_359972.pygmo_c.sylvine.0.H2OAutoML] CPU Utilization: 70.1%
[MONITORING] [local.openml_t_359972.pygmo_c.sylvine.0.H2OAutoML] Memory Usage: 54.0%
[MONITORING] [local.openml_t_359972.pygmo_c.sylvine.0.H2OAutoML] Disk Usage: 43.2%
[MONITORING] [local.openml_t_359972.pygmo_c.sylvine.0.H2OAutoML] CPU Utilization: 65.9%
[MONITORING] [local.openml_t_359972.pygmo_c.sylvine.0.H2OAutoML] Memory Usage: 54.1%
[MONITORING] [local.openml_t_359972.pygmo_c.sylvine.0.H2OAutoML] Disk Usage: 43.2%
[MONITORING] [local.openml_t_359972.pygmo_c.sylvine.0.H2OAutoML] CPU Utilization: 73.0%
[MONITORING] [local.openml_t_359972.pygmo_c.sylvine.0.H2OAutoML] Memory Usage: 55.3%
[MONITORING] [local.openml_t_359972.pygmo_c.sylvine.0.H2OAutoML] Disk Usage: 43.2%
[MONITORING] [local.openml_t_359972.pygmo_c.sylvine.0.H2OAutoML] CPU Utilization: 69.3%
[MONITORING] [local.openml_t_359972.pygmo_c.sylvine.0.H2OAutoML] Memory Usage: 55.4%
[MONITORING] [local.openml_t_359972.pygmo_c.sylvine.0.H2OAutoML] Disk Usage: 43.2%
[MONITORING] [local.openml_t_359972.pygmo_c.sylvine.0.H2OAutoML] CPU Utilization: 69.3%
[MONITORING] [local.openml_t_359972.pygmo_c.sylvine.0.H2OAutoML] Memory Usage: 55.6%
[MONITORING] [local.openml_t_359972.pygmo_c.sylvine.0.H2OAutoML] Disk Usage: 43.2%
[MONITORING] [local.openml_t_359972.pygmo_c.sylvine.0.H2OAutoML] CPU Utilization: 66.5%
[MONITORING] [local.openml_t_359972.pygmo_c.sylvine.0.H2OAutoML] Memory Usage: 56.9%
[MONITORING] [local.openml_t_359972.pygmo_c.sylvine.0.H2OAutoML] Disk Usage: 43.2%
[MONITORING] [local.openml_t_359972.pygmo_c.sylvine.0.H2OAutoML] CPU Utilization: 71.0%
[MONITORING] [local.openml_t_359972.pygmo_c.sylvine.0.H2OAutoML] Memory Usage: 57.4%
[MONITORING] [local.openml_t_359972.pygmo_c.sylvine.0.H2OAutoML] Disk Usage: 43.2%
[MONITORING] [local.openml_t_359972.pygmo_c.sylvine.0.H2OAutoML] CPU Utilization: 79.7%
[MONITORING] [local.openml_t_359972.pygmo_c.sylvine.0.H2OAutoML] Memory Usage: 57.5%
[MONITORING] [local.openml_t_359972.pygmo_c.sylvine.0.H2OAutoML] Disk Usage: 43.2%
[MONITORING] [local.openml_t_359972.pygmo_c.sylvine.0.H2OAutoML] CPU Utilization: 98.3%
[MONITORING] [local.openml_t_359972.pygmo_c.sylvine.0.H2OAutoML] Memory Usage: 57.8%
[MONITORING] [local.openml_t_359972.pygmo_c.sylvine.0.H2OAutoML] Disk Usage: 43.2%
[MONITORING] [local.openml_t_359972.pygmo_c.sylvine.0.H2OAutoML] CPU Utilization: 98.0%
[MONITORING] [local.openml_t_359972.pygmo_c.sylvine.0.H2OAutoML] Memory Usage: 57.8%
[MONITORING] [local.openml_t_359972.pygmo_c.sylvine.0.H2OAutoML] Disk Usage: 43.2%
[MONITORING] [local.openml_t_359972.pygmo_c.sylvine.0.H2OAutoML] CPU Utilization: 97.9%
[MONITORING] [local.openml_t_359972.pygmo_c.sylvine.0.H2OAutoML] Memory Usage: 57.8%
[MONITORING] [local.openml_t_359972.pygmo_c.sylvine.0.H2OAutoML] Disk Usage: 43.2%
[MONITORING] [local.openml_t_359972.pygmo_c.sylvine.0.H2OAutoML] CPU Utilization: 96.9%
[MONITORING] [local.openml_t_359972.pygmo_c.sylvine.0.H2OAutoML] Memory Usage: 57.8%
[MONITORING] [local.openml_t_359972.pygmo_c.sylvine.0.H2OAutoML] Disk Usage: 43.2%
[MONITORING] [local.openml_t_359972.pygmo_c.sylvine.0.H2OAutoML] CPU Utilization: 97.9%
[MONITORING] [local.openml_t_359972.pygmo_c.sylvine.0.H2OAutoML] Memory Usage: 57.8%
[MONITORING] [local.openml_t_359972.pygmo_c.sylvine.0.H2OAutoML] Disk Usage: 43.2%
[MONITORING] [local.openml_t_359972.pygmo_c.sylvine.0.H2OAutoML] CPU Utilization: 94.7%
[MONITORING] [local.openml_t_359972.pygmo_c.sylvine.0.H2OAutoML] Memory Usage: 58.4%
[MONITORING] [local.openml_t_359972.pygmo_c.sylvine.0.H2OAutoML] Disk Usage: 43.2%
[MONITORING] [local.openml_t_359972.pygmo_c.sylvine.0.H2OAutoML] CPU Utilization: 96.5%
[MONITORING] [local.openml_t_359972.pygmo_c.sylvine.0.H2OAutoML] Memory Usage: 58.5%
[MONITORING] [local.openml_t_359972.pygmo_c.sylvine.0.H2OAutoML] Disk Usage: 43.2%
[MONITORING] [local.openml_t_359972.pygmo_c.sylvine.0.H2OAutoML] CPU Utilization: 97.0%
[MONITORING] [local.openml_t_359972.pygmo_c.sylvine.0.H2OAutoML] Memory Usage: 58.6%
[MONITORING] [local.openml_t_359972.pygmo_c.sylvine.0.H2OAutoML] Disk Usage: 43.2%
[MONITORING] [local.openml_t_359972.pygmo_c.sylvine.0.H2OAutoML] CPU Utilization: 80.7%
[MONITORING] [local.openml_t_359972.pygmo_c.sylvine.0.H2OAutoML] Memory Usage: 59.2%
[MONITORING] [local.openml_t_359972.pygmo_c.sylvine.0.H2OAutoML] Disk Usage: 43.2%
AutoML progress: |███████████████████████████████████████████████████████████████| (done) 100%
gbm prediction progress: |███████████████████████████████████████████████████████| (done) 100%
H2O session _sid_81ea closed.



Predictions preview:
                         0                    1 predictions truth
0    0.008797014244773083   0.9912029857552269           1     1
1    0.011090463593127486   0.9889095364068725           1     1
2    0.004802063802351042    0.995197936197649           1     1
3    0.004064967532551922   0.9959350324674481           1     1
4     0.02009073621837376   0.9799092637816262           1     1
5     0.00876013892347649   0.9912398610765235           1     1
6   0.0025732353409348985   0.9974267646590651           1     1
7   0.0022520219886154047   0.9977479780113846           1     1
8    0.008896176357864993    0.991103823642135           1     1
9   0.0031620198113578857   0.9968379801886421           1     1
10    0.02239472630858763   0.9776052736914124           1     1
11   0.015413045784758106   0.9845869542152419           1     1
12  0.0032648609994362365   0.9967351390005638           1     1
13    0.10113098492669881   0.8988690150733012           0     1
14  0.0030619469946684408   0.9969380530053316           1     1
15     0.9536065530076674  0.04639344699233264           0     1
16    0.05183844155961692   0.9481615584403831           0     1
17    0.12558071729587772   0.8744192827041223           0     1
18   0.007027986459290592   0.9929720135407094           1     1
19   0.009908527763482056   0.9900914722365179           1     1

Predictions saved to `/home/juradoi/experiments/automlbenchmark/results/h2oautoml.openml_t_359972.pygmo_c.local.20211210T013349/predictions/sylvine/0/predictions.csv`.
Loading metadata from `/home/juradoi/experiments/automlbenchmark/results/h2oautoml.openml_t_359972.pygmo_c.local.20211210T013349/predictions/sylvine/0/metadata.json`.
Loading predictions from `/home/juradoi/experiments/automlbenchmark/results/h2oautoml.openml_t_359972.pygmo_c.local.20211210T013349/predictions/sylvine/0/predictions.csv`.
Metric scores: { 'acc': 0.9142300194931774,
  'app_version': 'dev [master, beef024]',
  'auc': 0.9859861381322957,
  'balacc': 0.9143436892023347,
  'constraint': 'pygmo_c',
  'duration': nan,
  'fold': 0,
  'framework': 'H2OAutoML',
  'id': 'openml.org/t/359972',
  'info': None,
  'logloss': 0.15393042316752903,
  'metric': 'auc',
  'mode': 'local',
  'models_count': 907,
  'params': '',
  'predict_duration': 0.3368058204650879,
  'result': 0.9859861381322957,
  'seed': 803591786,
  'task': 'sylvine',
  'training_duration': 3605.5213351249695,
  'type': 'binary',
  'utc': '2021-12-10T02:34:04',
  'version': '3.34.0.3'}
Job `local.openml_t_359972.pygmo_c.sylvine.0.H2OAutoML` executed in 3615.128 seconds.
All jobs executed in 3615.137 seconds.
[MONITORING] [local.openml_t_359972.pygmo_c.sylvine.0.H2OAutoML] CPU Utilization: 53.5%
[MONITORING] [local.openml_t_359972.pygmo_c.sylvine.0.H2OAutoML] Memory Usage: 2.2%
[MONITORING] [local.openml_t_359972.pygmo_c.sylvine.0.H2OAutoML] Disk Usage: 43.2%
Processing results for h2oautoml.openml_t_359972.pygmo_c.local.20211210T013349
Scores saved to `/home/juradoi/experiments/automlbenchmark/results/h2oautoml.openml_t_359972.pygmo_c.local.20211210T013349/scores/H2OAutoML.benchmark_openml_t_359972.csv`.
Scores saved to `/home/juradoi/experiments/automlbenchmark/results/h2oautoml.openml_t_359972.pygmo_c.local.20211210T013349/scores/results.csv`.
Scores saved to `/home/juradoi/experiments/automlbenchmark/results/results.csv`.
Summing up scores for current run:
                 id    task fold framework constraint   result metric  duration      seed
openml.org/t/359972 sylvine    0 H2OAutoML    pygmo_c 0.985986    auc    3615.1 803591786
