/var/spool/slurm/slurmd/job8494146/slurm_script: line 8: activate: No such file or directory
Running benchmark `H2OAutoML` on `openml/t/359964` framework in `local` mode.
Loading frameworks definitions from ['/home/juradoi/experiments/automlbenchmark/resources/frameworks.yaml'].
Loading benchmark constraint definitions from ['/home/juradoi/experiments/automlbenchmark/resources/constraints.yaml'].
Loading openml task 359964.

-----------------------------------------------------------
Starting job local.openml_t_359964.pygmo_c.dna.0.H2OAutoML.
Assigning 16 cores (total=16) for new task dna.
Assigning 91286 MB (total=95302 MB) for new dna task.
[MONITORING] [local.openml_t_359964.pygmo_c.dna.0.H2OAutoML] CPU Utilization: 14.3%
[MONITORING] [local.openml_t_359964.pygmo_c.dna.0.H2OAutoML] Memory Usage: 2.1%
[MONITORING] [local.openml_t_359964.pygmo_c.dna.0.H2OAutoML] Disk Usage: 43.2%
Running task dna on framework H2OAutoML with config:
TaskConfig({})
Running cmd `/home/juradoi/experiments/automlbenchmark/frameworks/H2OAutoML/venv/bin/python -W ignore /home/juradoi/experiments/automlbenchmark/frameworks/H2OAutoML/exec.py`
INFO:__main__:
**** H2O AutoML [v3.34.0.3] ****

INFO:__main__:Starting H2O cluster with 16 cores, 60857M memory.
Checking whether there is an H2O instance running at http://localhost:16223 ..... not found.
Attempting to start a local H2O server...
  Java Version: openjdk version "11.0.12" 2021-07-20; OpenJDK Runtime Environment (build 11.0.12+7-post-Debian-2deb10u1); OpenJDK 64-Bit Server VM (build 11.0.12+7-post-Debian-2deb10u1, mixed mode, sharing)
  Starting server from /home/juradoi/experiments/automlbenchmark/frameworks/H2OAutoML/venv/lib/python3.8/site-packages/h2o/backend/bin/h2o.jar
  Ice root: /tmp/tmp_z50_d77
  JVM stdout: /tmp/tmp_z50_d77/h2o_unknownUser_started_from_python.out
  JVM stderr: /tmp/tmp_z50_d77/h2o_unknownUser_started_from_python.err
  Server is running at http://127.0.0.1:16223
Connecting to H2O server at http://127.0.0.1:16223 ... successful.
--------------------------  ------------------------------------------------------------------
H2O_cluster_uptime:         01 secs
H2O_cluster_timezone:       Europe/Amsterdam
H2O_data_parsing_timezone:  UTC
H2O_cluster_version:        3.34.0.3
H2O_cluster_version_age:    2 months and 2 days
H2O_cluster_name:           H2O_from_python_unknownUser_kxzyec
H2O_cluster_total_nodes:    1
H2O_cluster_free_memory:    59.44 Gb
H2O_cluster_total_cores:    16
H2O_cluster_allowed_cores:  16
H2O_cluster_status:         locked, healthy
H2O_connection_url:         http://127.0.0.1:16223
H2O_connection_proxy:       {"http": null, "https": null}
H2O_internal_security:      False
H2O_API_Extensions:         Amazon S3, XGBoost, Algos, AutoML, Core V3, TargetEncoder, Core V4
Python_version:             3.8.12 final
--------------------------  ------------------------------------------------------------------
Parse progress: |████████████████████████████████████████████████████████████████| (done) 100%
Parse progress: |████████████████████████████████████████████████████████████████| (done) 100%
INFO:__main__:Running model on task dna, fold 0.
AutoML progress: |███
23:46:20.50: GLM_1_AutoML_1_20211209_234606 [GLM def_1] failed: java.lang.AssertionError: Multinomial coefficents cannot be null.

[MONITORING] [local.openml_t_359964.pygmo_c.dna.0.H2OAutoML] CPU Utilization: 68.3%
[MONITORING] [local.openml_t_359964.pygmo_c.dna.0.H2OAutoML] Memory Usage: 44.6%
[MONITORING] [local.openml_t_359964.pygmo_c.dna.0.H2OAutoML] Disk Usage: 43.2%
[MONITORING] [local.openml_t_359964.pygmo_c.dna.0.H2OAutoML] CPU Utilization: 73.7%
[MONITORING] [local.openml_t_359964.pygmo_c.dna.0.H2OAutoML] Memory Usage: 45.1%
[MONITORING] [local.openml_t_359964.pygmo_c.dna.0.H2OAutoML] Disk Usage: 43.2%
[MONITORING] [local.openml_t_359964.pygmo_c.dna.0.H2OAutoML] CPU Utilization: 77.8%
[MONITORING] [local.openml_t_359964.pygmo_c.dna.0.H2OAutoML] Memory Usage: 45.4%
[MONITORING] [local.openml_t_359964.pygmo_c.dna.0.H2OAutoML] Disk Usage: 43.2%
[MONITORING] [local.openml_t_359964.pygmo_c.dna.0.H2OAutoML] CPU Utilization: 67.2%
[MONITORING] [local.openml_t_359964.pygmo_c.dna.0.H2OAutoML] Memory Usage: 45.6%
[MONITORING] [local.openml_t_359964.pygmo_c.dna.0.H2OAutoML] Disk Usage: 43.2%
[MONITORING] [local.openml_t_359964.pygmo_c.dna.0.H2OAutoML] CPU Utilization: 77.0%
[MONITORING] [local.openml_t_359964.pygmo_c.dna.0.H2OAutoML] Memory Usage: 45.9%
[MONITORING] [local.openml_t_359964.pygmo_c.dna.0.H2OAutoML] Disk Usage: 43.2%
[MONITORING] [local.openml_t_359964.pygmo_c.dna.0.H2OAutoML] CPU Utilization: 69.2%
[MONITORING] [local.openml_t_359964.pygmo_c.dna.0.H2OAutoML] Memory Usage: 46.0%
[MONITORING] [local.openml_t_359964.pygmo_c.dna.0.H2OAutoML] Disk Usage: 43.2%
[MONITORING] [local.openml_t_359964.pygmo_c.dna.0.H2OAutoML] CPU Utilization: 75.7%
[MONITORING] [local.openml_t_359964.pygmo_c.dna.0.H2OAutoML] Memory Usage: 46.0%
[MONITORING] [local.openml_t_359964.pygmo_c.dna.0.H2OAutoML] Disk Usage: 43.2%
[MONITORING] [local.openml_t_359964.pygmo_c.dna.0.H2OAutoML] CPU Utilization: 60.9%
[MONITORING] [local.openml_t_359964.pygmo_c.dna.0.H2OAutoML] Memory Usage: 46.1%
[MONITORING] [local.openml_t_359964.pygmo_c.dna.0.H2OAutoML] Disk Usage: 43.2%
[MONITORING] [local.openml_t_359964.pygmo_c.dna.0.H2OAutoML] CPU Utilization: 74.1%
[MONITORING] [local.openml_t_359964.pygmo_c.dna.0.H2OAutoML] Memory Usage: 46.0%
[MONITORING] [local.openml_t_359964.pygmo_c.dna.0.H2OAutoML] Disk Usage: 43.2%
[MONITORING] [local.openml_t_359964.pygmo_c.dna.0.H2OAutoML] CPU Utilization: 64.4%
[MONITORING] [local.openml_t_359964.pygmo_c.dna.0.H2OAutoML] Memory Usage: 46.1%
[MONITORING] [local.openml_t_359964.pygmo_c.dna.0.H2OAutoML] Disk Usage: 43.2%
[MONITORING] [local.openml_t_359964.pygmo_c.dna.0.H2OAutoML] CPU Utilization: 68.5%
[MONITORING] [local.openml_t_359964.pygmo_c.dna.0.H2OAutoML] Memory Usage: 46.1%
[MONITORING] [local.openml_t_359964.pygmo_c.dna.0.H2OAutoML] Disk Usage: 43.2%
[MONITORING] [local.openml_t_359964.pygmo_c.dna.0.H2OAutoML] CPU Utilization: 68.9%
[MONITORING] [local.openml_t_359964.pygmo_c.dna.0.H2OAutoML] Memory Usage: 46.1%
[MONITORING] [local.openml_t_359964.pygmo_c.dna.0.H2OAutoML] Disk Usage: 43.2%
[MONITORING] [local.openml_t_359964.pygmo_c.dna.0.H2OAutoML] CPU Utilization: 74.0%
[MONITORING] [local.openml_t_359964.pygmo_c.dna.0.H2OAutoML] Memory Usage: 46.2%
[MONITORING] [local.openml_t_359964.pygmo_c.dna.0.H2OAutoML] Disk Usage: 43.2%
[MONITORING] [local.openml_t_359964.pygmo_c.dna.0.H2OAutoML] CPU Utilization: 68.9%
[MONITORING] [local.openml_t_359964.pygmo_c.dna.0.H2OAutoML] Memory Usage: 46.2%
[MONITORING] [local.openml_t_359964.pygmo_c.dna.0.H2OAutoML] Disk Usage: 43.2%
[MONITORING] [local.openml_t_359964.pygmo_c.dna.0.H2OAutoML] CPU Utilization: 72.3%
[MONITORING] [local.openml_t_359964.pygmo_c.dna.0.H2OAutoML] Memory Usage: 46.3%
[MONITORING] [local.openml_t_359964.pygmo_c.dna.0.H2OAutoML] Disk Usage: 43.2%
[MONITORING] [local.openml_t_359964.pygmo_c.dna.0.H2OAutoML] CPU Utilization: 76.6%
[MONITORING] [local.openml_t_359964.pygmo_c.dna.0.H2OAutoML] Memory Usage: 46.3%
[MONITORING] [local.openml_t_359964.pygmo_c.dna.0.H2OAutoML] Disk Usage: 43.2%
[MONITORING] [local.openml_t_359964.pygmo_c.dna.0.H2OAutoML] CPU Utilization: 76.1%
[MONITORING] [local.openml_t_359964.pygmo_c.dna.0.H2OAutoML] Memory Usage: 46.3%
[MONITORING] [local.openml_t_359964.pygmo_c.dna.0.H2OAutoML] Disk Usage: 43.2%
[MONITORING] [local.openml_t_359964.pygmo_c.dna.0.H2OAutoML] CPU Utilization: 71.7%
[MONITORING] [local.openml_t_359964.pygmo_c.dna.0.H2OAutoML] Memory Usage: 46.5%
[MONITORING] [local.openml_t_359964.pygmo_c.dna.0.H2OAutoML] Disk Usage: 43.2%
[MONITORING] [local.openml_t_359964.pygmo_c.dna.0.H2OAutoML] CPU Utilization: 79.2%
[MONITORING] [local.openml_t_359964.pygmo_c.dna.0.H2OAutoML] Memory Usage: 46.5%
[MONITORING] [local.openml_t_359964.pygmo_c.dna.0.H2OAutoML] Disk Usage: 43.2%
[MONITORING] [local.openml_t_359964.pygmo_c.dna.0.H2OAutoML] CPU Utilization: 93.1%
[MONITORING] [local.openml_t_359964.pygmo_c.dna.0.H2OAutoML] Memory Usage: 46.6%
[MONITORING] [local.openml_t_359964.pygmo_c.dna.0.H2OAutoML] Disk Usage: 43.2%
[MONITORING] [local.openml_t_359964.pygmo_c.dna.0.H2OAutoML] CPU Utilization: 94.0%
[MONITORING] [local.openml_t_359964.pygmo_c.dna.0.H2OAutoML] Memory Usage: 46.6%
[MONITORING] [local.openml_t_359964.pygmo_c.dna.0.H2OAutoML] Disk Usage: 43.2%
[MONITORING] [local.openml_t_359964.pygmo_c.dna.0.H2OAutoML] CPU Utilization: 92.7%
[MONITORING] [local.openml_t_359964.pygmo_c.dna.0.H2OAutoML] Memory Usage: 46.6%
[MONITORING] [local.openml_t_359964.pygmo_c.dna.0.H2OAutoML] Disk Usage: 43.2%
[MONITORING] [local.openml_t_359964.pygmo_c.dna.0.H2OAutoML] CPU Utilization: 93.6%
[MONITORING] [local.openml_t_359964.pygmo_c.dna.0.H2OAutoML] Memory Usage: 46.6%
[MONITORING] [local.openml_t_359964.pygmo_c.dna.0.H2OAutoML] Disk Usage: 43.2%
[MONITORING] [local.openml_t_359964.pygmo_c.dna.0.H2OAutoML] CPU Utilization: 94.0%
[MONITORING] [local.openml_t_359964.pygmo_c.dna.0.H2OAutoML] Memory Usage: 46.6%
[MONITORING] [local.openml_t_359964.pygmo_c.dna.0.H2OAutoML] Disk Usage: 43.2%
[MONITORING] [local.openml_t_359964.pygmo_c.dna.0.H2OAutoML] CPU Utilization: 94.2%
[MONITORING] [local.openml_t_359964.pygmo_c.dna.0.H2OAutoML] Memory Usage: 47.3%
[MONITORING] [local.openml_t_359964.pygmo_c.dna.0.H2OAutoML] Disk Usage: 43.2%
[MONITORING] [local.openml_t_359964.pygmo_c.dna.0.H2OAutoML] CPU Utilization: 90.5%
[MONITORING] [local.openml_t_359964.pygmo_c.dna.0.H2OAutoML] Memory Usage: 47.3%
[MONITORING] [local.openml_t_359964.pygmo_c.dna.0.H2OAutoML] Disk Usage: 43.2%
[MONITORING] [local.openml_t_359964.pygmo_c.dna.0.H2OAutoML] CPU Utilization: 88.9%
[MONITORING] [local.openml_t_359964.pygmo_c.dna.0.H2OAutoML] Memory Usage: 47.3%
[MONITORING] [local.openml_t_359964.pygmo_c.dna.0.H2OAutoML] Disk Usage: 43.2%
[MONITORING] [local.openml_t_359964.pygmo_c.dna.0.H2OAutoML] CPU Utilization: 90.4%
[MONITORING] [local.openml_t_359964.pygmo_c.dna.0.H2OAutoML] Memory Usage: 47.3%
[MONITORING] [local.openml_t_359964.pygmo_c.dna.0.H2OAutoML] Disk Usage: 43.2%
[MONITORING] [local.openml_t_359964.pygmo_c.dna.0.H2OAutoML] CPU Utilization: 90.9%
[MONITORING] [local.openml_t_359964.pygmo_c.dna.0.H2OAutoML] Memory Usage: 47.3%
[MONITORING] [local.openml_t_359964.pygmo_c.dna.0.H2OAutoML] Disk Usage: 43.2%
[MONITORING] [local.openml_t_359964.pygmo_c.dna.0.H2OAutoML] CPU Utilization: 78.5%
[MONITORING] [local.openml_t_359964.pygmo_c.dna.0.H2OAutoML] Memory Usage: 47.3%
[MONITORING] [local.openml_t_359964.pygmo_c.dna.0.H2OAutoML] Disk Usage: 43.2%
████████████████████████████████████████████████████████████| (done) 100%
gbm prediction progress: |███████████████████████████████████████████████████████| (done) 100%
H2O session _sid_b1e4 closed.



Predictions preview:
                         1                      2                   3 predictions truth
0   2.3314187005607428E-5  1.5817823935706908E-4  0.9998185075736373           3     3
1    0.009000066435831938   0.002173081110208478  0.9888268524539595           3     3
2    2.605611045512925E-4  1.7123577777775601E-4   0.999568203117671           3     3
3   2.1993078228850886E-4   6.185925004733498E-4  0.9991614767172381           3     3
4    6.043621115192879E-4   8.548050248050042E-5  0.9993101573860003           3     3
5     0.22305481821756706  3.0840359699932813E-4  0.7766367781854336           3     3
6   1.3396583191933572E-4   1.028238409535992E-4   0.999763210327127           3     3
7   0.0037202786820505224  0.0055640349324410105  0.9907156863855083           3     3
8     0.13927453767180276  0.0017273817058579193  0.8589980806223393           3     3
9   0.0012134365994571782     0.6587001898635872  0.3400863735369556           2     3
10   2.756777759664439E-4   8.323235988806425E-5  0.9996410898641455           3     3
11  1.5841730072702095E-4  0.0010024271400307246  0.9988391555592422           3     3
12   4.637580150510705E-5   4.343073284901494E-5  0.9999101934656459           3     3
13   9.074357438978289E-4    0.03517128094131517  0.9639212833147871           3     3
14   4.492253824333739E-5   6.211068105639445E-5  0.9998929667807003           3     3
15  1.5380511423796113E-4   3.908752786248392E-5  0.9998071073578995           3     3
16  1.1743233656088178E-4   2.235988720059804E-4  0.9996589687914331           3     3
17  1.4830800648376143E-4  2.6975138351194804E-4  0.9995819406100043           3     3
18  1.3473671772294558E-4   2.032086320143616E-4  0.9996620546502627           3     3
19   0.002225718176755369   8.781082844529231E-4  0.9968961735387918           3     3

Predictions saved to `/home/juradoi/experiments/automlbenchmark/results/h2oautoml.openml_t_359964.pygmo_c.local.20211209T224555/predictions/dna/0/predictions.csv`.
Loading metadata from `/home/juradoi/experiments/automlbenchmark/results/h2oautoml.openml_t_359964.pygmo_c.local.20211209T224555/predictions/dna/0/metadata.json`.
Loading predictions from `/home/juradoi/experiments/automlbenchmark/results/h2oautoml.openml_t_359964.pygmo_c.local.20211209T224555/predictions/dna/0/predictions.csv`.
Metric scores: { 'acc': 0.9561128526645768,
  'app_version': 'dev [master, beef024]',
  'balacc': 0.943751080878538,
  'constraint': 'pygmo_c',
  'duration': nan,
  'fold': 0,
  'framework': 'H2OAutoML',
  'id': 'openml.org/t/359964',
  'info': None,
  'logloss': 0.11467800286398146,
  'metric': 'neg_logloss',
  'mode': 'local',
  'models_count': 126,
  'params': '',
  'predict_duration': 0.09027576446533203,
  'result': -0.11467800286398146,
  'seed': 1509176816,
  'task': 'dna',
  'training_duration': 3603.138330221176,
  'type': 'multiclass',
  'utc': '2021-12-09T23:46:11',
  'version': '3.34.0.3'}
Job `local.openml_t_359964.pygmo_c.dna.0.H2OAutoML` executed in 3616.075 seconds.
All jobs executed in 3616.085 seconds.
[MONITORING] [local.openml_t_359964.pygmo_c.dna.0.H2OAutoML] CPU Utilization: 49.8%
[MONITORING] [local.openml_t_359964.pygmo_c.dna.0.H2OAutoML] Memory Usage: 2.0%
[MONITORING] [local.openml_t_359964.pygmo_c.dna.0.H2OAutoML] Disk Usage: 43.2%
Processing results for h2oautoml.openml_t_359964.pygmo_c.local.20211209T224555
Scores saved to `/home/juradoi/experiments/automlbenchmark/results/h2oautoml.openml_t_359964.pygmo_c.local.20211209T224555/scores/H2OAutoML.benchmark_openml_t_359964.csv`.
Scores saved to `/home/juradoi/experiments/automlbenchmark/results/h2oautoml.openml_t_359964.pygmo_c.local.20211209T224555/scores/results.csv`.
Scores saved to `/home/juradoi/experiments/automlbenchmark/results/results.csv`.
Summing up scores for current run:
                 id task fold framework constraint    result      metric  duration       seed
openml.org/t/359964  dna    0 H2OAutoML    pygmo_c -0.114678 neg_logloss    3616.1 1509176816
