/var/spool/slurm/slurmd/job8493636/slurm_script: line 8: activate: No such file or directory
Running benchmark `H2OAutoML` on `openml/t/168868` framework in `local` mode.
Loading frameworks definitions from ['/home/juradoi/experiments/automlbenchmark/resources/frameworks.yaml'].
Loading benchmark constraint definitions from ['/home/juradoi/experiments/automlbenchmark/resources/constraints.yaml'].
Loading openml task 168868.

------------------------------------------------------------------
Starting job local.openml_t_168868.pygmo_c.APSFailure.0.H2OAutoML.
Assigning 16 cores (total=16) for new task APSFailure.
Assigning 91243 MB (total=95302 MB) for new APSFailure task.
[MONITORING] [local.openml_t_168868.pygmo_c.APSFailure.0.H2OAutoML] CPU Utilization: 14.1%
[MONITORING] [local.openml_t_168868.pygmo_c.APSFailure.0.H2OAutoML] Memory Usage: 2.1%
[MONITORING] [local.openml_t_168868.pygmo_c.APSFailure.0.H2OAutoML] Disk Usage: 43.2%
Running task APSFailure on framework H2OAutoML with config:
TaskConfig({})
Running cmd `/home/juradoi/experiments/automlbenchmark/frameworks/H2OAutoML/venv/bin/python -W ignore /home/juradoi/experiments/automlbenchmark/frameworks/H2OAutoML/exec.py`
INFO:__main__:
**** H2O AutoML [v3.34.0.3] ****

INFO:__main__:Starting H2O cluster with 16 cores, 60829M memory.
Checking whether there is an H2O instance running at http://localhost:2846 ..... not found.
Attempting to start a local H2O server...
  Java Version: openjdk version "11.0.12" 2021-07-20; OpenJDK Runtime Environment (build 11.0.12+7-post-Debian-2deb10u1); OpenJDK 64-Bit Server VM (build 11.0.12+7-post-Debian-2deb10u1, mixed mode, sharing)
  Starting server from /home/juradoi/experiments/automlbenchmark/frameworks/H2OAutoML/venv/lib/python3.8/site-packages/h2o/backend/bin/h2o.jar
  Ice root: /tmp/tmpluy9y1rs
  JVM stdout: /tmp/tmpluy9y1rs/h2o_unknownUser_started_from_python.out
  JVM stderr: /tmp/tmpluy9y1rs/h2o_unknownUser_started_from_python.err
  Server is running at http://127.0.0.1:2846
Connecting to H2O server at http://127.0.0.1:2846 ... successful.
--------------------------  ------------------------------------------------------------------
H2O_cluster_uptime:         01 secs
H2O_cluster_timezone:       Europe/Amsterdam
H2O_data_parsing_timezone:  UTC
H2O_cluster_version:        3.34.0.3
H2O_cluster_version_age:    2 months and 2 days
H2O_cluster_name:           H2O_from_python_unknownUser_avcww5
H2O_cluster_total_nodes:    1
H2O_cluster_free_memory:    59.41 Gb
H2O_cluster_total_cores:    16
H2O_cluster_allowed_cores:  16
H2O_cluster_status:         locked, healthy
H2O_connection_url:         http://127.0.0.1:2846
H2O_connection_proxy:       {"http": null, "https": null}
H2O_internal_security:      False
H2O_API_Extensions:         Amazon S3, XGBoost, Algos, AutoML, Core V3, TargetEncoder, Core V4
Python_version:             3.8.12 final
--------------------------  ------------------------------------------------------------------
Parse progress: |████████████████████████████████████████████████████████████████| (done) 100%
Parse progress: |████████████████████████████████████████████████████████████████| (done) 100%
INFO:__main__:Running model on task APSFailure, fold 0.
[MONITORING] [local.openml_t_168868.pygmo_c.APSFailure.0.H2OAutoML] CPU Utilization: 79.9%
[MONITORING] [local.openml_t_168868.pygmo_c.APSFailure.0.H2OAutoML] Memory Usage: 9.3%
[MONITORING] [local.openml_t_168868.pygmo_c.APSFailure.0.H2OAutoML] Disk Usage: 43.2%
[MONITORING] [local.openml_t_168868.pygmo_c.APSFailure.0.H2OAutoML] CPU Utilization: 89.4%
[MONITORING] [local.openml_t_168868.pygmo_c.APSFailure.0.H2OAutoML] Memory Usage: 44.3%
[MONITORING] [local.openml_t_168868.pygmo_c.APSFailure.0.H2OAutoML] Disk Usage: 43.2%
[MONITORING] [local.openml_t_168868.pygmo_c.APSFailure.0.H2OAutoML] CPU Utilization: 77.9%
[MONITORING] [local.openml_t_168868.pygmo_c.APSFailure.0.H2OAutoML] Memory Usage: 44.6%
[MONITORING] [local.openml_t_168868.pygmo_c.APSFailure.0.H2OAutoML] Disk Usage: 43.2%
[MONITORING] [local.openml_t_168868.pygmo_c.APSFailure.0.H2OAutoML] CPU Utilization: 80.2%
[MONITORING] [local.openml_t_168868.pygmo_c.APSFailure.0.H2OAutoML] Memory Usage: 44.9%
[MONITORING] [local.openml_t_168868.pygmo_c.APSFailure.0.H2OAutoML] Disk Usage: 43.2%
AutoML progress: |█████████████████
22:11:30.598: XRT_1_AutoML_1_20211209_220307 [DRF XRT (Extremely Randomized Trees)] failed: java.lang.AssertionError

[MONITORING] [local.openml_t_168868.pygmo_c.APSFailure.0.H2OAutoML] CPU Utilization: 83.2%
[MONITORING] [local.openml_t_168868.pygmo_c.APSFailure.0.H2OAutoML] Memory Usage: 45.0%
[MONITORING] [local.openml_t_168868.pygmo_c.APSFailure.0.H2OAutoML] Disk Usage: 43.2%
[MONITORING] [local.openml_t_168868.pygmo_c.APSFailure.0.H2OAutoML] CPU Utilization: 82.9%
[MONITORING] [local.openml_t_168868.pygmo_c.APSFailure.0.H2OAutoML] Memory Usage: 45.0%
[MONITORING] [local.openml_t_168868.pygmo_c.APSFailure.0.H2OAutoML] Disk Usage: 43.2%
[MONITORING] [local.openml_t_168868.pygmo_c.APSFailure.0.H2OAutoML] CPU Utilization: 87.1%
[MONITORING] [local.openml_t_168868.pygmo_c.APSFailure.0.H2OAutoML] Memory Usage: 45.0%
[MONITORING] [local.openml_t_168868.pygmo_c.APSFailure.0.H2OAutoML] Disk Usage: 43.2%
[MONITORING] [local.openml_t_168868.pygmo_c.APSFailure.0.H2OAutoML] CPU Utilization: 83.9%
[MONITORING] [local.openml_t_168868.pygmo_c.APSFailure.0.H2OAutoML] Memory Usage: 45.0%
[MONITORING] [local.openml_t_168868.pygmo_c.APSFailure.0.H2OAutoML] Disk Usage: 43.2%
[MONITORING] [local.openml_t_168868.pygmo_c.APSFailure.0.H2OAutoML] CPU Utilization: 82.2%
[MONITORING] [local.openml_t_168868.pygmo_c.APSFailure.0.H2OAutoML] Memory Usage: 44.9%
[MONITORING] [local.openml_t_168868.pygmo_c.APSFailure.0.H2OAutoML] Disk Usage: 43.2%
[MONITORING] [local.openml_t_168868.pygmo_c.APSFailure.0.H2OAutoML] CPU Utilization: 85.7%
[MONITORING] [local.openml_t_168868.pygmo_c.APSFailure.0.H2OAutoML] Memory Usage: 45.0%
[MONITORING] [local.openml_t_168868.pygmo_c.APSFailure.0.H2OAutoML] Disk Usage: 43.2%
[MONITORING] [local.openml_t_168868.pygmo_c.APSFailure.0.H2OAutoML] CPU Utilization: 84.9%
[MONITORING] [local.openml_t_168868.pygmo_c.APSFailure.0.H2OAutoML] Memory Usage: 45.0%
[MONITORING] [local.openml_t_168868.pygmo_c.APSFailure.0.H2OAutoML] Disk Usage: 43.2%
[MONITORING] [local.openml_t_168868.pygmo_c.APSFailure.0.H2OAutoML] CPU Utilization: 85.9%
[MONITORING] [local.openml_t_168868.pygmo_c.APSFailure.0.H2OAutoML] Memory Usage: 45.1%
[MONITORING] [local.openml_t_168868.pygmo_c.APSFailure.0.H2OAutoML] Disk Usage: 43.2%
[MONITORING] [local.openml_t_168868.pygmo_c.APSFailure.0.H2OAutoML] CPU Utilization: 88.7%
[MONITORING] [local.openml_t_168868.pygmo_c.APSFailure.0.H2OAutoML] Memory Usage: 45.0%
[MONITORING] [local.openml_t_168868.pygmo_c.APSFailure.0.H2OAutoML] Disk Usage: 43.2%
[MONITORING] [local.openml_t_168868.pygmo_c.APSFailure.0.H2OAutoML] CPU Utilization: 86.1%
[MONITORING] [local.openml_t_168868.pygmo_c.APSFailure.0.H2OAutoML] Memory Usage: 45.2%
[MONITORING] [local.openml_t_168868.pygmo_c.APSFailure.0.H2OAutoML] Disk Usage: 43.2%
[MONITORING] [local.openml_t_168868.pygmo_c.APSFailure.0.H2OAutoML] CPU Utilization: 85.0%
[MONITORING] [local.openml_t_168868.pygmo_c.APSFailure.0.H2OAutoML] Memory Usage: 45.2%
[MONITORING] [local.openml_t_168868.pygmo_c.APSFailure.0.H2OAutoML] Disk Usage: 43.2%
[MONITORING] [local.openml_t_168868.pygmo_c.APSFailure.0.H2OAutoML] CPU Utilization: 81.9%
[MONITORING] [local.openml_t_168868.pygmo_c.APSFailure.0.H2OAutoML] Memory Usage: 45.2%
[MONITORING] [local.openml_t_168868.pygmo_c.APSFailure.0.H2OAutoML] Disk Usage: 43.2%
[MONITORING] [local.openml_t_168868.pygmo_c.APSFailure.0.H2OAutoML] CPU Utilization: 88.5%
[MONITORING] [local.openml_t_168868.pygmo_c.APSFailure.0.H2OAutoML] Memory Usage: 44.9%
[MONITORING] [local.openml_t_168868.pygmo_c.APSFailure.0.H2OAutoML] Disk Usage: 43.2%
[MONITORING] [local.openml_t_168868.pygmo_c.APSFailure.0.H2OAutoML] CPU Utilization: 83.3%
[MONITORING] [local.openml_t_168868.pygmo_c.APSFailure.0.H2OAutoML] Memory Usage: 45.1%
[MONITORING] [local.openml_t_168868.pygmo_c.APSFailure.0.H2OAutoML] Disk Usage: 43.2%
[MONITORING] [local.openml_t_168868.pygmo_c.APSFailure.0.H2OAutoML] CPU Utilization: 86.8%
[MONITORING] [local.openml_t_168868.pygmo_c.APSFailure.0.H2OAutoML] Memory Usage: 45.1%
[MONITORING] [local.openml_t_168868.pygmo_c.APSFailure.0.H2OAutoML] Disk Usage: 43.2%
[MONITORING] [local.openml_t_168868.pygmo_c.APSFailure.0.H2OAutoML] CPU Utilization: 85.7%
[MONITORING] [local.openml_t_168868.pygmo_c.APSFailure.0.H2OAutoML] Memory Usage: 45.4%
[MONITORING] [local.openml_t_168868.pygmo_c.APSFailure.0.H2OAutoML] Disk Usage: 43.2%
[MONITORING] [local.openml_t_168868.pygmo_c.APSFailure.0.H2OAutoML] CPU Utilization: 87.0%
[MONITORING] [local.openml_t_168868.pygmo_c.APSFailure.0.H2OAutoML] Memory Usage: 45.4%
[MONITORING] [local.openml_t_168868.pygmo_c.APSFailure.0.H2OAutoML] Disk Usage: 43.2%
[MONITORING] [local.openml_t_168868.pygmo_c.APSFailure.0.H2OAutoML] CPU Utilization: 86.5%
[MONITORING] [local.openml_t_168868.pygmo_c.APSFailure.0.H2OAutoML] Memory Usage: 45.4%
[MONITORING] [local.openml_t_168868.pygmo_c.APSFailure.0.H2OAutoML] Disk Usage: 43.2%
[MONITORING] [local.openml_t_168868.pygmo_c.APSFailure.0.H2OAutoML] CPU Utilization: 80.5%
[MONITORING] [local.openml_t_168868.pygmo_c.APSFailure.0.H2OAutoML] Memory Usage: 45.5%
[MONITORING] [local.openml_t_168868.pygmo_c.APSFailure.0.H2OAutoML] Disk Usage: 43.2%
[MONITORING] [local.openml_t_168868.pygmo_c.APSFailure.0.H2OAutoML] CPU Utilization: 77.3%
[MONITORING] [local.openml_t_168868.pygmo_c.APSFailure.0.H2OAutoML] Memory Usage: 45.5%
[MONITORING] [local.openml_t_168868.pygmo_c.APSFailure.0.H2OAutoML] Disk Usage: 43.2%
[MONITORING] [local.openml_t_168868.pygmo_c.APSFailure.0.H2OAutoML] CPU Utilization: 88.5%
[MONITORING] [local.openml_t_168868.pygmo_c.APSFailure.0.H2OAutoML] Memory Usage: 45.6%
[MONITORING] [local.openml_t_168868.pygmo_c.APSFailure.0.H2OAutoML] Disk Usage: 43.2%
[MONITORING] [local.openml_t_168868.pygmo_c.APSFailure.0.H2OAutoML] CPU Utilization: 93.0%
[MONITORING] [local.openml_t_168868.pygmo_c.APSFailure.0.H2OAutoML] Memory Usage: 45.6%
[MONITORING] [local.openml_t_168868.pygmo_c.APSFailure.0.H2OAutoML] Disk Usage: 43.2%
[MONITORING] [local.openml_t_168868.pygmo_c.APSFailure.0.H2OAutoML] CPU Utilization: 93.3%
[MONITORING] [local.openml_t_168868.pygmo_c.APSFailure.0.H2OAutoML] Memory Usage: 45.6%
[MONITORING] [local.openml_t_168868.pygmo_c.APSFailure.0.H2OAutoML] Disk Usage: 43.2%
[MONITORING] [local.openml_t_168868.pygmo_c.APSFailure.0.H2OAutoML] CPU Utilization: 93.9%
[MONITORING] [local.openml_t_168868.pygmo_c.APSFailure.0.H2OAutoML] Memory Usage: 45.6%
[MONITORING] [local.openml_t_168868.pygmo_c.APSFailure.0.H2OAutoML] Disk Usage: 43.2%
[MONITORING] [local.openml_t_168868.pygmo_c.APSFailure.0.H2OAutoML] CPU Utilization: 91.1%
[MONITORING] [local.openml_t_168868.pygmo_c.APSFailure.0.H2OAutoML] Memory Usage: 45.6%
[MONITORING] [local.openml_t_168868.pygmo_c.APSFailure.0.H2OAutoML] Disk Usage: 43.2%
[MONITORING] [local.openml_t_168868.pygmo_c.APSFailure.0.H2OAutoML] CPU Utilization: 84.2%
[MONITORING] [local.openml_t_168868.pygmo_c.APSFailure.0.H2OAutoML] Memory Usage: 45.7%
[MONITORING] [local.openml_t_168868.pygmo_c.APSFailure.0.H2OAutoML] Disk Usage: 43.2%
██████████████████████████████████████████████| (done) 100%
stackedensemble prediction progress: |███████████████████████████████████████████| (done) 100%
H2O session _sid_b6b8 closed.



Predictions preview:
                    neg                    pos predictions truth
0   0.9998613959355961   1.386040644039669E-4         neg   neg
1   0.9999377494083875   6.225059161250509E-5         neg   neg
2   0.9994340965282418    5.65903471758183E-4         neg   neg
3   0.9998502617036716  1.4973829632831598E-4         neg   neg
4   0.9999143298998155   8.567010018443904E-5         neg   neg
5   0.9998282874070527  1.7171259294731795E-4         neg   neg
6   0.9998955814251265   1.044185748735584E-4         neg   neg
7   0.9996162730986997   3.837269013002775E-4         neg   neg
8   0.9973895800590005  0.0026104199409995054         neg   neg
9   0.9997606592023378  2.3934079766216995E-4         neg   neg
10  0.9938702875362553  0.0061297124637447005         neg   neg
11  0.9906022211167442    0.00939777888325582         neg   neg
12  0.9979056505303965   0.002094349469603549         neg   neg
13  0.9989433769576628   0.001056623042337233         neg   neg
14  0.9991319698516048    8.68030148395229E-4         neg   neg
15  0.9999111625373113   8.883746268871266E-5         neg   neg
16  0.9999077723037857    9.22276962143119E-5         neg   neg
17  0.9997454871777846   2.545128222154972E-4         neg   neg
18  0.9999501284547795   4.987154522049457E-5         neg   neg
19  0.9997627769752538  2.3722302474618473E-4         neg   neg

Predictions saved to `/home/juradoi/experiments/automlbenchmark/results/h2oautoml.openml_t_168868.pygmo_c.local.20211209T210254/predictions/APSFailure/0/predictions.csv`.
Loading metadata from `/home/juradoi/experiments/automlbenchmark/results/h2oautoml.openml_t_168868.pygmo_c.local.20211209T210254/predictions/APSFailure/0/metadata.json`.
Loading predictions from `/home/juradoi/experiments/automlbenchmark/results/h2oautoml.openml_t_168868.pygmo_c.local.20211209T210254/predictions/APSFailure/0/predictions.csv`.
Metric scores: { 'acc': 0.9944736842105263,
  'app_version': 'dev [master, beef024]',
  'auc': 0.9909935242573826,
  'balacc': 0.904037534073204,
  'constraint': 'pygmo_c',
  'duration': nan,
  'fold': 0,
  'framework': 'H2OAutoML',
  'id': 'openml.org/t/168868',
  'info': None,
  'logloss': 0.015240016199412667,
  'metric': 'auc',
  'mode': 'local',
  'models_count': 73,
  'params': '',
  'predict_duration': 0.3525736331939697,
  'result': 0.9909935242573826,
  'seed': 399430262,
  'task': 'APSFailure',
  'training_duration': 3602.4779827594757,
  'type': 'binary',
  'utc': '2021-12-09T22:03:11',
  'version': '3.34.0.3'}
Job `local.openml_t_168868.pygmo_c.APSFailure.0.H2OAutoML` executed in 3616.963 seconds.
All jobs executed in 3617.011 seconds.
[MONITORING] [local.openml_t_168868.pygmo_c.APSFailure.0.H2OAutoML] CPU Utilization: 49.3%
[MONITORING] [local.openml_t_168868.pygmo_c.APSFailure.0.H2OAutoML] Memory Usage: 2.1%
[MONITORING] [local.openml_t_168868.pygmo_c.APSFailure.0.H2OAutoML] Disk Usage: 43.2%
Processing results for h2oautoml.openml_t_168868.pygmo_c.local.20211209T210254
Scores saved to `/home/juradoi/experiments/automlbenchmark/results/h2oautoml.openml_t_168868.pygmo_c.local.20211209T210254/scores/H2OAutoML.benchmark_openml_t_168868.csv`.
Scores saved to `/home/juradoi/experiments/automlbenchmark/results/h2oautoml.openml_t_168868.pygmo_c.local.20211209T210254/scores/results.csv`.
Scores saved to `/home/juradoi/experiments/automlbenchmark/results/results.csv`.
Summing up scores for current run:
                 id       task fold framework constraint   result metric  duration      seed
openml.org/t/168868 APSFailure    0 H2OAutoML    pygmo_c 0.990994    auc    3617.0 399430262
