/var/spool/slurm/slurmd/job8493934/slurm_script: line 8: activate: No such file or directory
Running benchmark `H2OAutoML` on `openml/t/359955` framework in `local` mode.
Loading frameworks definitions from ['/home/juradoi/experiments/automlbenchmark/resources/frameworks.yaml'].
Loading benchmark constraint definitions from ['/home/juradoi/experiments/automlbenchmark/resources/constraints.yaml'].
Loading openml task 359955.

----------------------------------------------------------------------------------------
Starting job local.openml_t_359955.pygmo_c.blood-transfusion-service-center.0.H2OAutoML.
Assigning 16 cores (total=16) for new task blood-transfusion-service-center.
Assigning 91050 MB (total=95302 MB) for new blood-transfusion-service-center task.
[MONITORING] [local.openml_t_359955.pygmo_c.blood-transfusion-service-center.0.H2OAutoML] CPU Utilization: 22.4%
[MONITORING] [local.openml_t_359955.pygmo_c.blood-transfusion-service-center.0.H2OAutoML] Memory Usage: 2.3%
[MONITORING] [local.openml_t_359955.pygmo_c.blood-transfusion-service-center.0.H2OAutoML] Disk Usage: 43.2%
Running task blood-transfusion-service-center on framework H2OAutoML with config:
TaskConfig({})
Running cmd `/home/juradoi/experiments/automlbenchmark/frameworks/H2OAutoML/venv/bin/python -W ignore /home/juradoi/experiments/automlbenchmark/frameworks/H2OAutoML/exec.py`
INFO:__main__:
**** H2O AutoML [v3.34.0.3] ****

INFO:__main__:Starting H2O cluster with 16 cores, 60700M memory.
Checking whether there is an H2O instance running at http://localhost:10412 ..... not found.
Attempting to start a local H2O server...
  Java Version: openjdk version "11.0.12" 2021-07-20; OpenJDK Runtime Environment (build 11.0.12+7-post-Debian-2deb10u1); OpenJDK 64-Bit Server VM (build 11.0.12+7-post-Debian-2deb10u1, mixed mode, sharing)
  Starting server from /home/juradoi/experiments/automlbenchmark/frameworks/H2OAutoML/venv/lib/python3.8/site-packages/h2o/backend/bin/h2o.jar
  Ice root: /tmp/tmpcj5_9rdj
  JVM stdout: /tmp/tmpcj5_9rdj/h2o_unknownUser_started_from_python.out
  JVM stderr: /tmp/tmpcj5_9rdj/h2o_unknownUser_started_from_python.err
  Server is running at http://127.0.0.1:10412
Connecting to H2O server at http://127.0.0.1:10412 ... successful.
--------------------------  ------------------------------------------------------------------
H2O_cluster_uptime:         01 secs
H2O_cluster_timezone:       Europe/Amsterdam
H2O_data_parsing_timezone:  UTC
H2O_cluster_version:        3.34.0.3
H2O_cluster_version_age:    2 months and 2 days
H2O_cluster_name:           H2O_from_python_unknownUser_k0nyrm
H2O_cluster_total_nodes:    1
H2O_cluster_free_memory:    59.28 Gb
H2O_cluster_total_cores:    16
H2O_cluster_allowed_cores:  16
H2O_cluster_status:         locked, healthy
H2O_connection_url:         http://127.0.0.1:10412
H2O_connection_proxy:       {"http": null, "https": null}
H2O_internal_security:      False
H2O_API_Extensions:         Amazon S3, XGBoost, Algos, AutoML, Core V3, TargetEncoder, Core V4
Python_version:             3.8.12 final
--------------------------  ------------------------------------------------------------------
Parse progress: |████████████████████████████████████████████████████████████████| (done) 100%
Parse progress: |████████████████████████████████████████████████████████████████| (done) 100%
INFO:__main__:Running model on task blood-transfusion-service-center, fold 0.
[MONITORING] [local.openml_t_359955.pygmo_c.blood-transfusion-service-center.0.H2OAutoML] CPU Utilization: 76.5%
[MONITORING] [local.openml_t_359955.pygmo_c.blood-transfusion-service-center.0.H2OAutoML] Memory Usage: 10.8%
[MONITORING] [local.openml_t_359955.pygmo_c.blood-transfusion-service-center.0.H2OAutoML] Disk Usage: 43.2%
[MONITORING] [local.openml_t_359955.pygmo_c.blood-transfusion-service-center.0.H2OAutoML] CPU Utilization: 97.7%
[MONITORING] [local.openml_t_359955.pygmo_c.blood-transfusion-service-center.0.H2OAutoML] Memory Usage: 13.4%
[MONITORING] [local.openml_t_359955.pygmo_c.blood-transfusion-service-center.0.H2OAutoML] Disk Usage: 43.2%
[MONITORING] [local.openml_t_359955.pygmo_c.blood-transfusion-service-center.0.H2OAutoML] CPU Utilization: 97.4%
[MONITORING] [local.openml_t_359955.pygmo_c.blood-transfusion-service-center.0.H2OAutoML] Memory Usage: 32.7%
[MONITORING] [local.openml_t_359955.pygmo_c.blood-transfusion-service-center.0.H2OAutoML] Disk Usage: 43.2%
[MONITORING] [local.openml_t_359955.pygmo_c.blood-transfusion-service-center.0.H2OAutoML] CPU Utilization: 97.8%
[MONITORING] [local.openml_t_359955.pygmo_c.blood-transfusion-service-center.0.H2OAutoML] Memory Usage: 34.9%
[MONITORING] [local.openml_t_359955.pygmo_c.blood-transfusion-service-center.0.H2OAutoML] Disk Usage: 43.2%
[MONITORING] [local.openml_t_359955.pygmo_c.blood-transfusion-service-center.0.H2OAutoML] CPU Utilization: 97.3%
[MONITORING] [local.openml_t_359955.pygmo_c.blood-transfusion-service-center.0.H2OAutoML] Memory Usage: 34.9%
[MONITORING] [local.openml_t_359955.pygmo_c.blood-transfusion-service-center.0.H2OAutoML] Disk Usage: 43.2%
[MONITORING] [local.openml_t_359955.pygmo_c.blood-transfusion-service-center.0.H2OAutoML] CPU Utilization: 97.9%
[MONITORING] [local.openml_t_359955.pygmo_c.blood-transfusion-service-center.0.H2OAutoML] Memory Usage: 44.5%
[MONITORING] [local.openml_t_359955.pygmo_c.blood-transfusion-service-center.0.H2OAutoML] Disk Usage: 43.2%
[MONITORING] [local.openml_t_359955.pygmo_c.blood-transfusion-service-center.0.H2OAutoML] CPU Utilization: 97.6%
[MONITORING] [local.openml_t_359955.pygmo_c.blood-transfusion-service-center.0.H2OAutoML] Memory Usage: 44.7%
[MONITORING] [local.openml_t_359955.pygmo_c.blood-transfusion-service-center.0.H2OAutoML] Disk Usage: 43.2%
[MONITORING] [local.openml_t_359955.pygmo_c.blood-transfusion-service-center.0.H2OAutoML] CPU Utilization: 97.9%
[MONITORING] [local.openml_t_359955.pygmo_c.blood-transfusion-service-center.0.H2OAutoML] Memory Usage: 44.9%
[MONITORING] [local.openml_t_359955.pygmo_c.blood-transfusion-service-center.0.H2OAutoML] Disk Usage: 43.2%
[MONITORING] [local.openml_t_359955.pygmo_c.blood-transfusion-service-center.0.H2OAutoML] CPU Utilization: 97.9%
[MONITORING] [local.openml_t_359955.pygmo_c.blood-transfusion-service-center.0.H2OAutoML] Memory Usage: 44.9%
[MONITORING] [local.openml_t_359955.pygmo_c.blood-transfusion-service-center.0.H2OAutoML] Disk Usage: 43.2%
[MONITORING] [local.openml_t_359955.pygmo_c.blood-transfusion-service-center.0.H2OAutoML] CPU Utilization: 95.5%
[MONITORING] [local.openml_t_359955.pygmo_c.blood-transfusion-service-center.0.H2OAutoML] Memory Usage: 44.9%
[MONITORING] [local.openml_t_359955.pygmo_c.blood-transfusion-service-center.0.H2OAutoML] Disk Usage: 43.2%
[MONITORING] [local.openml_t_359955.pygmo_c.blood-transfusion-service-center.0.H2OAutoML] CPU Utilization: 98.1%
[MONITORING] [local.openml_t_359955.pygmo_c.blood-transfusion-service-center.0.H2OAutoML] Memory Usage: 44.9%
[MONITORING] [local.openml_t_359955.pygmo_c.blood-transfusion-service-center.0.H2OAutoML] Disk Usage: 43.2%
[MONITORING] [local.openml_t_359955.pygmo_c.blood-transfusion-service-center.0.H2OAutoML] CPU Utilization: 97.7%
[MONITORING] [local.openml_t_359955.pygmo_c.blood-transfusion-service-center.0.H2OAutoML] Memory Usage: 44.9%
[MONITORING] [local.openml_t_359955.pygmo_c.blood-transfusion-service-center.0.H2OAutoML] Disk Usage: 43.2%
[MONITORING] [local.openml_t_359955.pygmo_c.blood-transfusion-service-center.0.H2OAutoML] CPU Utilization: 97.6%
[MONITORING] [local.openml_t_359955.pygmo_c.blood-transfusion-service-center.0.H2OAutoML] Memory Usage: 44.9%
[MONITORING] [local.openml_t_359955.pygmo_c.blood-transfusion-service-center.0.H2OAutoML] Disk Usage: 43.2%
[MONITORING] [local.openml_t_359955.pygmo_c.blood-transfusion-service-center.0.H2OAutoML] CPU Utilization: 98.1%
[MONITORING] [local.openml_t_359955.pygmo_c.blood-transfusion-service-center.0.H2OAutoML] Memory Usage: 44.9%
[MONITORING] [local.openml_t_359955.pygmo_c.blood-transfusion-service-center.0.H2OAutoML] Disk Usage: 43.2%
[MONITORING] [local.openml_t_359955.pygmo_c.blood-transfusion-service-center.0.H2OAutoML] CPU Utilization: 97.6%
[MONITORING] [local.openml_t_359955.pygmo_c.blood-transfusion-service-center.0.H2OAutoML] Memory Usage: 44.9%
[MONITORING] [local.openml_t_359955.pygmo_c.blood-transfusion-service-center.0.H2OAutoML] Disk Usage: 43.2%
[MONITORING] [local.openml_t_359955.pygmo_c.blood-transfusion-service-center.0.H2OAutoML] CPU Utilization: 97.1%
[MONITORING] [local.openml_t_359955.pygmo_c.blood-transfusion-service-center.0.H2OAutoML] Memory Usage: 44.9%
[MONITORING] [local.openml_t_359955.pygmo_c.blood-transfusion-service-center.0.H2OAutoML] Disk Usage: 43.2%
[MONITORING] [local.openml_t_359955.pygmo_c.blood-transfusion-service-center.0.H2OAutoML] CPU Utilization: 97.6%
[MONITORING] [local.openml_t_359955.pygmo_c.blood-transfusion-service-center.0.H2OAutoML] Memory Usage: 44.9%
[MONITORING] [local.openml_t_359955.pygmo_c.blood-transfusion-service-center.0.H2OAutoML] Disk Usage: 43.2%
[MONITORING] [local.openml_t_359955.pygmo_c.blood-transfusion-service-center.0.H2OAutoML] CPU Utilization: 97.4%
[MONITORING] [local.openml_t_359955.pygmo_c.blood-transfusion-service-center.0.H2OAutoML] Memory Usage: 44.9%
[MONITORING] [local.openml_t_359955.pygmo_c.blood-transfusion-service-center.0.H2OAutoML] Disk Usage: 43.2%
[MONITORING] [local.openml_t_359955.pygmo_c.blood-transfusion-service-center.0.H2OAutoML] CPU Utilization: 97.7%
[MONITORING] [local.openml_t_359955.pygmo_c.blood-transfusion-service-center.0.H2OAutoML] Memory Usage: 44.9%
[MONITORING] [local.openml_t_359955.pygmo_c.blood-transfusion-service-center.0.H2OAutoML] Disk Usage: 43.2%
[MONITORING] [local.openml_t_359955.pygmo_c.blood-transfusion-service-center.0.H2OAutoML] CPU Utilization: 97.3%
[MONITORING] [local.openml_t_359955.pygmo_c.blood-transfusion-service-center.0.H2OAutoML] Memory Usage: 44.9%
[MONITORING] [local.openml_t_359955.pygmo_c.blood-transfusion-service-center.0.H2OAutoML] Disk Usage: 43.2%
[MONITORING] [local.openml_t_359955.pygmo_c.blood-transfusion-service-center.0.H2OAutoML] CPU Utilization: 96.7%
[MONITORING] [local.openml_t_359955.pygmo_c.blood-transfusion-service-center.0.H2OAutoML] Memory Usage: 44.9%
[MONITORING] [local.openml_t_359955.pygmo_c.blood-transfusion-service-center.0.H2OAutoML] Disk Usage: 43.2%
[MONITORING] [local.openml_t_359955.pygmo_c.blood-transfusion-service-center.0.H2OAutoML] CPU Utilization: 97.5%
[MONITORING] [local.openml_t_359955.pygmo_c.blood-transfusion-service-center.0.H2OAutoML] Memory Usage: 45.0%
[MONITORING] [local.openml_t_359955.pygmo_c.blood-transfusion-service-center.0.H2OAutoML] Disk Usage: 43.2%
[MONITORING] [local.openml_t_359955.pygmo_c.blood-transfusion-service-center.0.H2OAutoML] CPU Utilization: 97.0%
[MONITORING] [local.openml_t_359955.pygmo_c.blood-transfusion-service-center.0.H2OAutoML] Memory Usage: 45.0%
[MONITORING] [local.openml_t_359955.pygmo_c.blood-transfusion-service-center.0.H2OAutoML] Disk Usage: 43.2%
[MONITORING] [local.openml_t_359955.pygmo_c.blood-transfusion-service-center.0.H2OAutoML] CPU Utilization: 97.3%
[MONITORING] [local.openml_t_359955.pygmo_c.blood-transfusion-service-center.0.H2OAutoML] Memory Usage: 45.0%
[MONITORING] [local.openml_t_359955.pygmo_c.blood-transfusion-service-center.0.H2OAutoML] Disk Usage: 43.2%
[MONITORING] [local.openml_t_359955.pygmo_c.blood-transfusion-service-center.0.H2OAutoML] CPU Utilization: 97.1%
[MONITORING] [local.openml_t_359955.pygmo_c.blood-transfusion-service-center.0.H2OAutoML] Memory Usage: 45.0%
[MONITORING] [local.openml_t_359955.pygmo_c.blood-transfusion-service-center.0.H2OAutoML] Disk Usage: 43.2%
[MONITORING] [local.openml_t_359955.pygmo_c.blood-transfusion-service-center.0.H2OAutoML] CPU Utilization: 89.5%
[MONITORING] [local.openml_t_359955.pygmo_c.blood-transfusion-service-center.0.H2OAutoML] Memory Usage: 45.0%
[MONITORING] [local.openml_t_359955.pygmo_c.blood-transfusion-service-center.0.H2OAutoML] Disk Usage: 43.2%
[MONITORING] [local.openml_t_359955.pygmo_c.blood-transfusion-service-center.0.H2OAutoML] CPU Utilization: 93.7%
[MONITORING] [local.openml_t_359955.pygmo_c.blood-transfusion-service-center.0.H2OAutoML] Memory Usage: 45.0%
[MONITORING] [local.openml_t_359955.pygmo_c.blood-transfusion-service-center.0.H2OAutoML] Disk Usage: 43.2%
[MONITORING] [local.openml_t_359955.pygmo_c.blood-transfusion-service-center.0.H2OAutoML] CPU Utilization: 80.0%
[MONITORING] [local.openml_t_359955.pygmo_c.blood-transfusion-service-center.0.H2OAutoML] Memory Usage: 45.7%
[MONITORING] [local.openml_t_359955.pygmo_c.blood-transfusion-service-center.0.H2OAutoML] Disk Usage: 43.2%
AutoML progress: |███████████████████████████████████████████████████████████████| (done) 100%
deeplearning prediction progress: |██████████████████████████████████████████████| (done) 100%
H2O session _sid_b4c7 closed.



Predictions preview:
                       1                    2 predictions truth
0   0.29746521081027866   0.7025347891897213           2     2
1    0.8489810191502216  0.15101898084977836           1     2
2    0.6760061828775745  0.32399381712242553           2     2
3    0.8216128350129106  0.17838716498708937           1     2
4   0.43800547974160514   0.5619945202583948           2     2
5    0.5805000868074466   0.4194999131925534           2     2
6    0.7976026764381159   0.2023973235618841           1     2
7    0.3749974939810481   0.6250025060189518           2     2
8    0.7348389045405972  0.26516109545940286           1     2
9    0.7287896101085702  0.27121038989142976           1     2
10   0.6521724288494628  0.34782757115053725           2     2
11   0.5201408020900463   0.4798591979099538           2     2
12   0.9182630608750787   0.0817369391249213           1     2
13   0.8641762212724885  0.13582377872751142           1     2
14   0.8686616423446348   0.1313383576553652           1     2
15   0.5246341950603209  0.47536580493967906           2     2
16   0.8641762212724885  0.13582377872751142           1     2
17   0.8641762212724885  0.13582377872751142           1     2
18   0.8489810191502216  0.15101898084977836           1     1
19   0.8489810191502216  0.15101898084977836           1     1

Predictions saved to `/home/juradoi/experiments/automlbenchmark/results/h2oautoml.openml_t_359955.pygmo_c.local.20211209T220744/predictions/blood-transfusion-service-center/0/predictions.csv`.
Loading metadata from `/home/juradoi/experiments/automlbenchmark/results/h2oautoml.openml_t_359955.pygmo_c.local.20211209T220744/predictions/blood-transfusion-service-center/0/metadata.json`.
Loading predictions from `/home/juradoi/experiments/automlbenchmark/results/h2oautoml.openml_t_359955.pygmo_c.local.20211209T220744/predictions/blood-transfusion-service-center/0/predictions.csv`.
Metric scores: { 'acc': 0.76,
  'app_version': 'dev [master, beef024]',
  'auc': 0.7392787524366472,
  'balacc': 0.652046783625731,
  'constraint': 'pygmo_c',
  'duration': nan,
  'fold': 0,
  'framework': 'H2OAutoML',
  'id': 'openml.org/t/359955',
  'info': None,
  'logloss': 0.4931616347318176,
  'metric': 'auc',
  'mode': 'local',
  'models_count': 354,
  'params': '',
  'predict_duration': 0.10361385345458984,
  'result': 0.7392787524366472,
  'seed': 1692877363,
  'task': 'blood-transfusion-service-center',
  'training_duration': 3420.6269874572754,
  'type': 'binary',
  'utc': '2021-12-09T23:04:53',
  'version': '3.34.0.3'}
Job `local.openml_t_359955.pygmo_c.blood-transfusion-service-center.0.H2OAutoML` executed in 3428.913 seconds.
All jobs executed in 3428.920 seconds.
[MONITORING] [local.openml_t_359955.pygmo_c.blood-transfusion-service-center.0.H2OAutoML] CPU Utilization: 59.5%
[MONITORING] [local.openml_t_359955.pygmo_c.blood-transfusion-service-center.0.H2OAutoML] Memory Usage: 2.3%
[MONITORING] [local.openml_t_359955.pygmo_c.blood-transfusion-service-center.0.H2OAutoML] Disk Usage: 43.2%
Processing results for h2oautoml.openml_t_359955.pygmo_c.local.20211209T220744
Scores saved to `/home/juradoi/experiments/automlbenchmark/results/h2oautoml.openml_t_359955.pygmo_c.local.20211209T220744/scores/H2OAutoML.benchmark_openml_t_359955.csv`.
Scores saved to `/home/juradoi/experiments/automlbenchmark/results/h2oautoml.openml_t_359955.pygmo_c.local.20211209T220744/scores/results.csv`.
Scores saved to `/home/juradoi/experiments/automlbenchmark/results/results.csv`.
Summing up scores for current run:
                 id                             task fold framework constraint   result metric  duration       seed
openml.org/t/359955 blood-transfusion-service-center    0 H2OAutoML    pygmo_c 0.739279    auc    3428.9 1692877363
