/var/spool/slurm/slurmd/job8493695/slurm_script: line 8: activate: No such file or directory
Running benchmark `H2OAutoML` on `openml/t/190137` framework in `local` mode.
Loading frameworks definitions from ['/home/juradoi/experiments/automlbenchmark/resources/frameworks.yaml'].
Loading benchmark constraint definitions from ['/home/juradoi/experiments/automlbenchmark/resources/constraints.yaml'].
Loading openml task 190137.

-----------------------------------------------------------------------
Starting job local.openml_t_190137.pygmo_c.ozone-level-8hr.0.H2OAutoML.
Assigning 16 cores (total=16) for new task ozone-level-8hr.
Assigning 91237 MB (total=95302 MB) for new ozone-level-8hr task.
[MONITORING] [local.openml_t_190137.pygmo_c.ozone-level-8hr.0.H2OAutoML] CPU Utilization: 18.3%
[MONITORING] [local.openml_t_190137.pygmo_c.ozone-level-8hr.0.H2OAutoML] Memory Usage: 2.1%
[MONITORING] [local.openml_t_190137.pygmo_c.ozone-level-8hr.0.H2OAutoML] Disk Usage: 43.2%
Running task ozone-level-8hr on framework H2OAutoML with config:
TaskConfig({})
Running cmd `/home/juradoi/experiments/automlbenchmark/frameworks/H2OAutoML/venv/bin/python -W ignore /home/juradoi/experiments/automlbenchmark/frameworks/H2OAutoML/exec.py`
INFO:__main__:
**** H2O AutoML [v3.34.0.3] ****

INFO:__main__:Starting H2O cluster with 16 cores, 60825M memory.
Checking whether there is an H2O instance running at http://localhost:10061 ..... not found.
Attempting to start a local H2O server...
  Java Version: openjdk version "11.0.12" 2021-07-20; OpenJDK Runtime Environment (build 11.0.12+7-post-Debian-2deb10u1); OpenJDK 64-Bit Server VM (build 11.0.12+7-post-Debian-2deb10u1, mixed mode, sharing)
  Starting server from /home/juradoi/experiments/automlbenchmark/frameworks/H2OAutoML/venv/lib/python3.8/site-packages/h2o/backend/bin/h2o.jar
  Ice root: /tmp/tmpntm142vp
  JVM stdout: /tmp/tmpntm142vp/h2o_unknownUser_started_from_python.out
  JVM stderr: /tmp/tmpntm142vp/h2o_unknownUser_started_from_python.err
  Server is running at http://127.0.0.1:10061
Connecting to H2O server at http://127.0.0.1:10061 ... successful.
--------------------------  ------------------------------------------------------------------
H2O_cluster_uptime:         01 secs
H2O_cluster_timezone:       Europe/Amsterdam
H2O_data_parsing_timezone:  UTC
H2O_cluster_version:        3.34.0.3
H2O_cluster_version_age:    2 months and 2 days
H2O_cluster_name:           H2O_from_python_unknownUser_gqmjk2
H2O_cluster_total_nodes:    1
H2O_cluster_free_memory:    59.41 Gb
H2O_cluster_total_cores:    16
H2O_cluster_allowed_cores:  16
H2O_cluster_status:         locked, healthy
H2O_connection_url:         http://127.0.0.1:10061
H2O_connection_proxy:       {"http": null, "https": null}
H2O_internal_security:      False
H2O_API_Extensions:         Amazon S3, XGBoost, Algos, AutoML, Core V3, TargetEncoder, Core V4
Python_version:             3.8.12 final
--------------------------  ------------------------------------------------------------------
Parse progress: |████████████████████████████████████████████████████████████████| (done) 100%
Parse progress: |████████████████████████████████████████████████████████████████| (done) 100%
INFO:__main__:Running model on task ozone-level-8hr, fold 0.
[MONITORING] [local.openml_t_190137.pygmo_c.ozone-level-8hr.0.H2OAutoML] CPU Utilization: 50.7%
[MONITORING] [local.openml_t_190137.pygmo_c.ozone-level-8hr.0.H2OAutoML] Memory Usage: 44.8%
[MONITORING] [local.openml_t_190137.pygmo_c.ozone-level-8hr.0.H2OAutoML] Disk Usage: 43.2%
[MONITORING] [local.openml_t_190137.pygmo_c.ozone-level-8hr.0.H2OAutoML] CPU Utilization: 62.0%
[MONITORING] [local.openml_t_190137.pygmo_c.ozone-level-8hr.0.H2OAutoML] Memory Usage: 44.9%
[MONITORING] [local.openml_t_190137.pygmo_c.ozone-level-8hr.0.H2OAutoML] Disk Usage: 43.2%
[MONITORING] [local.openml_t_190137.pygmo_c.ozone-level-8hr.0.H2OAutoML] CPU Utilization: 74.5%
[MONITORING] [local.openml_t_190137.pygmo_c.ozone-level-8hr.0.H2OAutoML] Memory Usage: 45.5%
[MONITORING] [local.openml_t_190137.pygmo_c.ozone-level-8hr.0.H2OAutoML] Disk Usage: 43.2%
[MONITORING] [local.openml_t_190137.pygmo_c.ozone-level-8hr.0.H2OAutoML] CPU Utilization: 94.4%
[MONITORING] [local.openml_t_190137.pygmo_c.ozone-level-8hr.0.H2OAutoML] Memory Usage: 45.5%
[MONITORING] [local.openml_t_190137.pygmo_c.ozone-level-8hr.0.H2OAutoML] Disk Usage: 43.2%
[MONITORING] [local.openml_t_190137.pygmo_c.ozone-level-8hr.0.H2OAutoML] CPU Utilization: 93.3%
[MONITORING] [local.openml_t_190137.pygmo_c.ozone-level-8hr.0.H2OAutoML] Memory Usage: 45.7%
[MONITORING] [local.openml_t_190137.pygmo_c.ozone-level-8hr.0.H2OAutoML] Disk Usage: 43.2%
[MONITORING] [local.openml_t_190137.pygmo_c.ozone-level-8hr.0.H2OAutoML] CPU Utilization: 94.9%
[MONITORING] [local.openml_t_190137.pygmo_c.ozone-level-8hr.0.H2OAutoML] Memory Usage: 45.7%
[MONITORING] [local.openml_t_190137.pygmo_c.ozone-level-8hr.0.H2OAutoML] Disk Usage: 43.2%
[MONITORING] [local.openml_t_190137.pygmo_c.ozone-level-8hr.0.H2OAutoML] CPU Utilization: 95.3%
[MONITORING] [local.openml_t_190137.pygmo_c.ozone-level-8hr.0.H2OAutoML] Memory Usage: 45.7%
[MONITORING] [local.openml_t_190137.pygmo_c.ozone-level-8hr.0.H2OAutoML] Disk Usage: 43.2%
[MONITORING] [local.openml_t_190137.pygmo_c.ozone-level-8hr.0.H2OAutoML] CPU Utilization: 93.8%
[MONITORING] [local.openml_t_190137.pygmo_c.ozone-level-8hr.0.H2OAutoML] Memory Usage: 45.7%
[MONITORING] [local.openml_t_190137.pygmo_c.ozone-level-8hr.0.H2OAutoML] Disk Usage: 43.2%
[MONITORING] [local.openml_t_190137.pygmo_c.ozone-level-8hr.0.H2OAutoML] CPU Utilization: 95.3%
[MONITORING] [local.openml_t_190137.pygmo_c.ozone-level-8hr.0.H2OAutoML] Memory Usage: 45.7%
[MONITORING] [local.openml_t_190137.pygmo_c.ozone-level-8hr.0.H2OAutoML] Disk Usage: 43.2%
[MONITORING] [local.openml_t_190137.pygmo_c.ozone-level-8hr.0.H2OAutoML] CPU Utilization: 96.5%
[MONITORING] [local.openml_t_190137.pygmo_c.ozone-level-8hr.0.H2OAutoML] Memory Usage: 45.7%
[MONITORING] [local.openml_t_190137.pygmo_c.ozone-level-8hr.0.H2OAutoML] Disk Usage: 43.2%
[MONITORING] [local.openml_t_190137.pygmo_c.ozone-level-8hr.0.H2OAutoML] CPU Utilization: 94.9%
[MONITORING] [local.openml_t_190137.pygmo_c.ozone-level-8hr.0.H2OAutoML] Memory Usage: 45.7%
[MONITORING] [local.openml_t_190137.pygmo_c.ozone-level-8hr.0.H2OAutoML] Disk Usage: 43.2%
[MONITORING] [local.openml_t_190137.pygmo_c.ozone-level-8hr.0.H2OAutoML] CPU Utilization: 95.2%
[MONITORING] [local.openml_t_190137.pygmo_c.ozone-level-8hr.0.H2OAutoML] Memory Usage: 45.7%
[MONITORING] [local.openml_t_190137.pygmo_c.ozone-level-8hr.0.H2OAutoML] Disk Usage: 43.2%
[MONITORING] [local.openml_t_190137.pygmo_c.ozone-level-8hr.0.H2OAutoML] CPU Utilization: 94.5%
[MONITORING] [local.openml_t_190137.pygmo_c.ozone-level-8hr.0.H2OAutoML] Memory Usage: 45.7%
[MONITORING] [local.openml_t_190137.pygmo_c.ozone-level-8hr.0.H2OAutoML] Disk Usage: 43.2%
[MONITORING] [local.openml_t_190137.pygmo_c.ozone-level-8hr.0.H2OAutoML] CPU Utilization: 95.1%
[MONITORING] [local.openml_t_190137.pygmo_c.ozone-level-8hr.0.H2OAutoML] Memory Usage: 45.7%
[MONITORING] [local.openml_t_190137.pygmo_c.ozone-level-8hr.0.H2OAutoML] Disk Usage: 43.2%
[MONITORING] [local.openml_t_190137.pygmo_c.ozone-level-8hr.0.H2OAutoML] CPU Utilization: 94.2%
[MONITORING] [local.openml_t_190137.pygmo_c.ozone-level-8hr.0.H2OAutoML] Memory Usage: 45.7%
[MONITORING] [local.openml_t_190137.pygmo_c.ozone-level-8hr.0.H2OAutoML] Disk Usage: 43.2%
[MONITORING] [local.openml_t_190137.pygmo_c.ozone-level-8hr.0.H2OAutoML] CPU Utilization: 96.1%
[MONITORING] [local.openml_t_190137.pygmo_c.ozone-level-8hr.0.H2OAutoML] Memory Usage: 45.8%
[MONITORING] [local.openml_t_190137.pygmo_c.ozone-level-8hr.0.H2OAutoML] Disk Usage: 43.2%
[MONITORING] [local.openml_t_190137.pygmo_c.ozone-level-8hr.0.H2OAutoML] CPU Utilization: 94.1%
[MONITORING] [local.openml_t_190137.pygmo_c.ozone-level-8hr.0.H2OAutoML] Memory Usage: 45.8%
[MONITORING] [local.openml_t_190137.pygmo_c.ozone-level-8hr.0.H2OAutoML] Disk Usage: 43.2%
[MONITORING] [local.openml_t_190137.pygmo_c.ozone-level-8hr.0.H2OAutoML] CPU Utilization: 94.5%
[MONITORING] [local.openml_t_190137.pygmo_c.ozone-level-8hr.0.H2OAutoML] Memory Usage: 45.8%
[MONITORING] [local.openml_t_190137.pygmo_c.ozone-level-8hr.0.H2OAutoML] Disk Usage: 43.2%
[MONITORING] [local.openml_t_190137.pygmo_c.ozone-level-8hr.0.H2OAutoML] CPU Utilization: 94.3%
[MONITORING] [local.openml_t_190137.pygmo_c.ozone-level-8hr.0.H2OAutoML] Memory Usage: 45.8%
[MONITORING] [local.openml_t_190137.pygmo_c.ozone-level-8hr.0.H2OAutoML] Disk Usage: 43.2%
[MONITORING] [local.openml_t_190137.pygmo_c.ozone-level-8hr.0.H2OAutoML] CPU Utilization: 94.1%
[MONITORING] [local.openml_t_190137.pygmo_c.ozone-level-8hr.0.H2OAutoML] Memory Usage: 45.8%
[MONITORING] [local.openml_t_190137.pygmo_c.ozone-level-8hr.0.H2OAutoML] Disk Usage: 43.2%
[MONITORING] [local.openml_t_190137.pygmo_c.ozone-level-8hr.0.H2OAutoML] CPU Utilization: 92.6%
[MONITORING] [local.openml_t_190137.pygmo_c.ozone-level-8hr.0.H2OAutoML] Memory Usage: 45.8%
[MONITORING] [local.openml_t_190137.pygmo_c.ozone-level-8hr.0.H2OAutoML] Disk Usage: 43.2%
[MONITORING] [local.openml_t_190137.pygmo_c.ozone-level-8hr.0.H2OAutoML] CPU Utilization: 95.5%
[MONITORING] [local.openml_t_190137.pygmo_c.ozone-level-8hr.0.H2OAutoML] Memory Usage: 45.8%
[MONITORING] [local.openml_t_190137.pygmo_c.ozone-level-8hr.0.H2OAutoML] Disk Usage: 43.2%
[MONITORING] [local.openml_t_190137.pygmo_c.ozone-level-8hr.0.H2OAutoML] CPU Utilization: 94.0%
[MONITORING] [local.openml_t_190137.pygmo_c.ozone-level-8hr.0.H2OAutoML] Memory Usage: 45.8%
[MONITORING] [local.openml_t_190137.pygmo_c.ozone-level-8hr.0.H2OAutoML] Disk Usage: 43.2%
[MONITORING] [local.openml_t_190137.pygmo_c.ozone-level-8hr.0.H2OAutoML] CPU Utilization: 94.5%
[MONITORING] [local.openml_t_190137.pygmo_c.ozone-level-8hr.0.H2OAutoML] Memory Usage: 45.9%
[MONITORING] [local.openml_t_190137.pygmo_c.ozone-level-8hr.0.H2OAutoML] Disk Usage: 43.2%
[MONITORING] [local.openml_t_190137.pygmo_c.ozone-level-8hr.0.H2OAutoML] CPU Utilization: 94.2%
[MONITORING] [local.openml_t_190137.pygmo_c.ozone-level-8hr.0.H2OAutoML] Memory Usage: 45.9%
[MONITORING] [local.openml_t_190137.pygmo_c.ozone-level-8hr.0.H2OAutoML] Disk Usage: 43.2%
[MONITORING] [local.openml_t_190137.pygmo_c.ozone-level-8hr.0.H2OAutoML] CPU Utilization: 94.3%
[MONITORING] [local.openml_t_190137.pygmo_c.ozone-level-8hr.0.H2OAutoML] Memory Usage: 45.9%
[MONITORING] [local.openml_t_190137.pygmo_c.ozone-level-8hr.0.H2OAutoML] Disk Usage: 43.2%
[MONITORING] [local.openml_t_190137.pygmo_c.ozone-level-8hr.0.H2OAutoML] CPU Utilization: 93.0%
[MONITORING] [local.openml_t_190137.pygmo_c.ozone-level-8hr.0.H2OAutoML] Memory Usage: 45.9%
[MONITORING] [local.openml_t_190137.pygmo_c.ozone-level-8hr.0.H2OAutoML] Disk Usage: 43.2%
[MONITORING] [local.openml_t_190137.pygmo_c.ozone-level-8hr.0.H2OAutoML] CPU Utilization: 93.9%
[MONITORING] [local.openml_t_190137.pygmo_c.ozone-level-8hr.0.H2OAutoML] Memory Usage: 45.9%
[MONITORING] [local.openml_t_190137.pygmo_c.ozone-level-8hr.0.H2OAutoML] Disk Usage: 43.2%
[MONITORING] [local.openml_t_190137.pygmo_c.ozone-level-8hr.0.H2OAutoML] CPU Utilization: 72.1%
[MONITORING] [local.openml_t_190137.pygmo_c.ozone-level-8hr.0.H2OAutoML] Memory Usage: 46.0%
[MONITORING] [local.openml_t_190137.pygmo_c.ozone-level-8hr.0.H2OAutoML] Disk Usage: 43.2%
AutoML progress: |███████████████████████████████████████████████████████████████| (done) 100%
stackedensemble prediction progress: |███████████████████████████████████████████| (done) 100%
H2O session _sid_a2c4 closed.



Predictions preview:
                      1                      2 predictions truth
0   0.9890815125900965    0.01091848740990353           1     1
1    0.959178199331777    0.04082180066822304           1     1
2   0.9970808397638569  0.0029191602361430956           1     1
3   0.9996696839247006   3.303160752994302E-4           1     1
4   0.9970850303316089   0.002914969668391148           1     1
5   0.9999554537296687   4.454627033133469E-5           1     1
6    0.995947522683095   0.004052477316904981           1     1
7   0.9968763821294586   0.003123617870541403           1     1
8   0.9950539092606481   0.004946090739351979           1     1
9   0.9985218001872019  0.0014781998127980712           1     1
10  0.9635363061363049   0.036463693863695065           1     1
11  0.9940853426200864   0.005914657379913626           1     1
12  0.9564275540242979   0.043572445975702145           1     1
13  0.9684014792543961    0.03159852074560389           1     1
14  0.9976833046794967   0.002316695320503278           1     1
15  0.9994080092345909   5.919907654090285E-4           1     1
16  0.9985700788668754  0.0014299211331246192           1     1
17   0.997912488595171  0.0020875114048289688           1     1
18  0.9938259386929054   0.006174061307094607           1     1
19  0.9876102604579778   0.012389739542022151           1     1

Predictions saved to `/home/juradoi/experiments/automlbenchmark/results/h2oautoml.openml_t_190137.pygmo_c.local.20211209T211551/predictions/ozone-level-8hr/0/predictions.csv`.
Loading metadata from `/home/juradoi/experiments/automlbenchmark/results/h2oautoml.openml_t_190137.pygmo_c.local.20211209T211551/predictions/ozone-level-8hr/0/metadata.json`.
Loading predictions from `/home/juradoi/experiments/automlbenchmark/results/h2oautoml.openml_t_190137.pygmo_c.local.20211209T211551/predictions/ozone-level-8hr/0/predictions.csv`.
Metric scores: { 'acc': 0.9291338582677166,
  'app_version': 'dev [master, beef024]',
  'auc': 0.9537815126050421,
  'balacc': 0.8747373949579832,
  'constraint': 'pygmo_c',
  'duration': nan,
  'fold': 0,
  'framework': 'H2OAutoML',
  'id': 'openml.org/t/190137',
  'info': None,
  'logloss': 0.12653835983348724,
  'metric': 'auc',
  'mode': 'local',
  'models_count': 204,
  'params': '',
  'predict_duration': 0.09701180458068848,
  'result': 0.9537815126050421,
  'seed': 1577928454,
  'task': 'ozone-level-8hr',
  'training_duration': 3536.338504076004,
  'type': 'binary',
  'utc': '2021-12-09T22:14:56',
  'version': '3.34.0.3'}
Job `local.openml_t_190137.pygmo_c.ozone-level-8hr.0.H2OAutoML` executed in 3544.111 seconds.
All jobs executed in 3544.741 seconds.
[MONITORING] [local.openml_t_190137.pygmo_c.ozone-level-8hr.0.H2OAutoML] CPU Utilization: 66.5%
[MONITORING] [local.openml_t_190137.pygmo_c.ozone-level-8hr.0.H2OAutoML] Memory Usage: 2.1%
[MONITORING] [local.openml_t_190137.pygmo_c.ozone-level-8hr.0.H2OAutoML] Disk Usage: 43.2%
Processing results for h2oautoml.openml_t_190137.pygmo_c.local.20211209T211551
Scores saved to `/home/juradoi/experiments/automlbenchmark/results/h2oautoml.openml_t_190137.pygmo_c.local.20211209T211551/scores/H2OAutoML.benchmark_openml_t_190137.csv`.
Scores saved to `/home/juradoi/experiments/automlbenchmark/results/h2oautoml.openml_t_190137.pygmo_c.local.20211209T211551/scores/results.csv`.
Scores saved to `/home/juradoi/experiments/automlbenchmark/results/results.csv`.
Summing up scores for current run:
                 id            task fold framework constraint   result metric  duration       seed
openml.org/t/190137 ozone-level-8hr    0 H2OAutoML    pygmo_c 0.953782    auc    3544.1 1577928454
