/var/spool/slurm/slurmd/job8493689/slurm_script: line 8: activate: No such file or directory
Running benchmark `H2OAutoML` on `openml/t/190137` framework in `local` mode.
Loading frameworks definitions from ['/home/juradoi/experiments/automlbenchmark/resources/frameworks.yaml'].
Loading benchmark constraint definitions from ['/home/juradoi/experiments/automlbenchmark/resources/constraints.yaml'].
Loading openml task 190137.

-----------------------------------------------------------------------
Starting job local.openml_t_190137.pygmo_c.ozone-level-8hr.0.H2OAutoML.
Assigning 16 cores (total=16) for new task ozone-level-8hr.
Assigning 91205 MB (total=95302 MB) for new ozone-level-8hr task.
[MONITORING] [local.openml_t_190137.pygmo_c.ozone-level-8hr.0.H2OAutoML] CPU Utilization: 12.3%
[MONITORING] [local.openml_t_190137.pygmo_c.ozone-level-8hr.0.H2OAutoML] Memory Usage: 2.2%
[MONITORING] [local.openml_t_190137.pygmo_c.ozone-level-8hr.0.H2OAutoML] Disk Usage: 43.2%
Running task ozone-level-8hr on framework H2OAutoML with config:
TaskConfig({})
Running cmd `/home/juradoi/experiments/automlbenchmark/frameworks/H2OAutoML/venv/bin/python -W ignore /home/juradoi/experiments/automlbenchmark/frameworks/H2OAutoML/exec.py`
INFO:__main__:
**** H2O AutoML [v3.34.0.3] ****

INFO:__main__:Starting H2O cluster with 16 cores, 60803M memory.
Checking whether there is an H2O instance running at http://localhost:6521 ..... not found.
Attempting to start a local H2O server...
  Java Version: openjdk version "11.0.12" 2021-07-20; OpenJDK Runtime Environment (build 11.0.12+7-post-Debian-2deb10u1); OpenJDK 64-Bit Server VM (build 11.0.12+7-post-Debian-2deb10u1, mixed mode, sharing)
  Starting server from /home/juradoi/experiments/automlbenchmark/frameworks/H2OAutoML/venv/lib/python3.8/site-packages/h2o/backend/bin/h2o.jar
  Ice root: /tmp/tmp02_uzdhk
  JVM stdout: /tmp/tmp02_uzdhk/h2o_unknownUser_started_from_python.out
  JVM stderr: /tmp/tmp02_uzdhk/h2o_unknownUser_started_from_python.err
  Server is running at http://127.0.0.1:6521
Connecting to H2O server at http://127.0.0.1:6521 ... successful.
--------------------------  ------------------------------------------------------------------
H2O_cluster_uptime:         02 secs
H2O_cluster_timezone:       Europe/Amsterdam
H2O_data_parsing_timezone:  UTC
H2O_cluster_version:        3.34.0.3
H2O_cluster_version_age:    2 months and 2 days
H2O_cluster_name:           H2O_from_python_unknownUser_t6ioqx
H2O_cluster_total_nodes:    1
H2O_cluster_free_memory:    59.39 Gb
H2O_cluster_total_cores:    16
H2O_cluster_allowed_cores:  16
H2O_cluster_status:         locked, healthy
H2O_connection_url:         http://127.0.0.1:6521
H2O_connection_proxy:       {"http": null, "https": null}
H2O_internal_security:      False
H2O_API_Extensions:         Amazon S3, XGBoost, Algos, AutoML, Core V3, TargetEncoder, Core V4
Python_version:             3.8.12 final
--------------------------  ------------------------------------------------------------------
Parse progress: |████████████████████████████████████████████████████████████████| (done) 100%
Parse progress: |████████████████████████████████████████████████████████████████| (done) 100%
INFO:__main__:Running model on task ozone-level-8hr, fold 0.
[MONITORING] [local.openml_t_190137.pygmo_c.ozone-level-8hr.0.H2OAutoML] CPU Utilization: 66.7%
[MONITORING] [local.openml_t_190137.pygmo_c.ozone-level-8hr.0.H2OAutoML] Memory Usage: 21.0%
[MONITORING] [local.openml_t_190137.pygmo_c.ozone-level-8hr.0.H2OAutoML] Disk Usage: 43.2%
[MONITORING] [local.openml_t_190137.pygmo_c.ozone-level-8hr.0.H2OAutoML] CPU Utilization: 75.3%
[MONITORING] [local.openml_t_190137.pygmo_c.ozone-level-8hr.0.H2OAutoML] Memory Usage: 45.4%
[MONITORING] [local.openml_t_190137.pygmo_c.ozone-level-8hr.0.H2OAutoML] Disk Usage: 43.2%
[MONITORING] [local.openml_t_190137.pygmo_c.ozone-level-8hr.0.H2OAutoML] CPU Utilization: 63.5%
[MONITORING] [local.openml_t_190137.pygmo_c.ozone-level-8hr.0.H2OAutoML] Memory Usage: 45.5%
[MONITORING] [local.openml_t_190137.pygmo_c.ozone-level-8hr.0.H2OAutoML] Disk Usage: 43.2%
[MONITORING] [local.openml_t_190137.pygmo_c.ozone-level-8hr.0.H2OAutoML] CPU Utilization: 63.5%
[MONITORING] [local.openml_t_190137.pygmo_c.ozone-level-8hr.0.H2OAutoML] Memory Usage: 45.5%
[MONITORING] [local.openml_t_190137.pygmo_c.ozone-level-8hr.0.H2OAutoML] Disk Usage: 43.2%
[MONITORING] [local.openml_t_190137.pygmo_c.ozone-level-8hr.0.H2OAutoML] CPU Utilization: 78.5%
[MONITORING] [local.openml_t_190137.pygmo_c.ozone-level-8hr.0.H2OAutoML] Memory Usage: 45.9%
[MONITORING] [local.openml_t_190137.pygmo_c.ozone-level-8hr.0.H2OAutoML] Disk Usage: 43.2%
[MONITORING] [local.openml_t_190137.pygmo_c.ozone-level-8hr.0.H2OAutoML] CPU Utilization: 94.4%
[MONITORING] [local.openml_t_190137.pygmo_c.ozone-level-8hr.0.H2OAutoML] Memory Usage: 46.0%
[MONITORING] [local.openml_t_190137.pygmo_c.ozone-level-8hr.0.H2OAutoML] Disk Usage: 43.2%
[MONITORING] [local.openml_t_190137.pygmo_c.ozone-level-8hr.0.H2OAutoML] CPU Utilization: 93.1%
[MONITORING] [local.openml_t_190137.pygmo_c.ozone-level-8hr.0.H2OAutoML] Memory Usage: 46.2%
[MONITORING] [local.openml_t_190137.pygmo_c.ozone-level-8hr.0.H2OAutoML] Disk Usage: 43.2%
[MONITORING] [local.openml_t_190137.pygmo_c.ozone-level-8hr.0.H2OAutoML] CPU Utilization: 93.6%
[MONITORING] [local.openml_t_190137.pygmo_c.ozone-level-8hr.0.H2OAutoML] Memory Usage: 46.2%
[MONITORING] [local.openml_t_190137.pygmo_c.ozone-level-8hr.0.H2OAutoML] Disk Usage: 43.2%
[MONITORING] [local.openml_t_190137.pygmo_c.ozone-level-8hr.0.H2OAutoML] CPU Utilization: 93.6%
[MONITORING] [local.openml_t_190137.pygmo_c.ozone-level-8hr.0.H2OAutoML] Memory Usage: 46.2%
[MONITORING] [local.openml_t_190137.pygmo_c.ozone-level-8hr.0.H2OAutoML] Disk Usage: 43.2%
[MONITORING] [local.openml_t_190137.pygmo_c.ozone-level-8hr.0.H2OAutoML] CPU Utilization: 93.0%
[MONITORING] [local.openml_t_190137.pygmo_c.ozone-level-8hr.0.H2OAutoML] Memory Usage: 46.2%
[MONITORING] [local.openml_t_190137.pygmo_c.ozone-level-8hr.0.H2OAutoML] Disk Usage: 43.2%
[MONITORING] [local.openml_t_190137.pygmo_c.ozone-level-8hr.0.H2OAutoML] CPU Utilization: 94.7%
[MONITORING] [local.openml_t_190137.pygmo_c.ozone-level-8hr.0.H2OAutoML] Memory Usage: 46.2%
[MONITORING] [local.openml_t_190137.pygmo_c.ozone-level-8hr.0.H2OAutoML] Disk Usage: 43.2%
[MONITORING] [local.openml_t_190137.pygmo_c.ozone-level-8hr.0.H2OAutoML] CPU Utilization: 95.1%
[MONITORING] [local.openml_t_190137.pygmo_c.ozone-level-8hr.0.H2OAutoML] Memory Usage: 46.2%
[MONITORING] [local.openml_t_190137.pygmo_c.ozone-level-8hr.0.H2OAutoML] Disk Usage: 43.2%
[MONITORING] [local.openml_t_190137.pygmo_c.ozone-level-8hr.0.H2OAutoML] CPU Utilization: 94.4%
[MONITORING] [local.openml_t_190137.pygmo_c.ozone-level-8hr.0.H2OAutoML] Memory Usage: 46.2%
[MONITORING] [local.openml_t_190137.pygmo_c.ozone-level-8hr.0.H2OAutoML] Disk Usage: 43.2%
[MONITORING] [local.openml_t_190137.pygmo_c.ozone-level-8hr.0.H2OAutoML] CPU Utilization: 94.6%
[MONITORING] [local.openml_t_190137.pygmo_c.ozone-level-8hr.0.H2OAutoML] Memory Usage: 46.2%
[MONITORING] [local.openml_t_190137.pygmo_c.ozone-level-8hr.0.H2OAutoML] Disk Usage: 43.2%
[MONITORING] [local.openml_t_190137.pygmo_c.ozone-level-8hr.0.H2OAutoML] CPU Utilization: 95.2%
[MONITORING] [local.openml_t_190137.pygmo_c.ozone-level-8hr.0.H2OAutoML] Memory Usage: 46.2%
[MONITORING] [local.openml_t_190137.pygmo_c.ozone-level-8hr.0.H2OAutoML] Disk Usage: 43.2%
[MONITORING] [local.openml_t_190137.pygmo_c.ozone-level-8hr.0.H2OAutoML] CPU Utilization: 93.3%
[MONITORING] [local.openml_t_190137.pygmo_c.ozone-level-8hr.0.H2OAutoML] Memory Usage: 46.2%
[MONITORING] [local.openml_t_190137.pygmo_c.ozone-level-8hr.0.H2OAutoML] Disk Usage: 43.2%
[MONITORING] [local.openml_t_190137.pygmo_c.ozone-level-8hr.0.H2OAutoML] CPU Utilization: 93.4%
[MONITORING] [local.openml_t_190137.pygmo_c.ozone-level-8hr.0.H2OAutoML] Memory Usage: 46.2%
[MONITORING] [local.openml_t_190137.pygmo_c.ozone-level-8hr.0.H2OAutoML] Disk Usage: 43.2%
[MONITORING] [local.openml_t_190137.pygmo_c.ozone-level-8hr.0.H2OAutoML] CPU Utilization: 93.7%
[MONITORING] [local.openml_t_190137.pygmo_c.ozone-level-8hr.0.H2OAutoML] Memory Usage: 46.2%
[MONITORING] [local.openml_t_190137.pygmo_c.ozone-level-8hr.0.H2OAutoML] Disk Usage: 43.2%
[MONITORING] [local.openml_t_190137.pygmo_c.ozone-level-8hr.0.H2OAutoML] CPU Utilization: 92.4%
[MONITORING] [local.openml_t_190137.pygmo_c.ozone-level-8hr.0.H2OAutoML] Memory Usage: 46.2%
[MONITORING] [local.openml_t_190137.pygmo_c.ozone-level-8hr.0.H2OAutoML] Disk Usage: 43.2%
[MONITORING] [local.openml_t_190137.pygmo_c.ozone-level-8hr.0.H2OAutoML] CPU Utilization: 92.9%
[MONITORING] [local.openml_t_190137.pygmo_c.ozone-level-8hr.0.H2OAutoML] Memory Usage: 46.2%
[MONITORING] [local.openml_t_190137.pygmo_c.ozone-level-8hr.0.H2OAutoML] Disk Usage: 43.2%
[MONITORING] [local.openml_t_190137.pygmo_c.ozone-level-8hr.0.H2OAutoML] CPU Utilization: 93.9%
[MONITORING] [local.openml_t_190137.pygmo_c.ozone-level-8hr.0.H2OAutoML] Memory Usage: 46.2%
[MONITORING] [local.openml_t_190137.pygmo_c.ozone-level-8hr.0.H2OAutoML] Disk Usage: 43.2%
[MONITORING] [local.openml_t_190137.pygmo_c.ozone-level-8hr.0.H2OAutoML] CPU Utilization: 91.5%
[MONITORING] [local.openml_t_190137.pygmo_c.ozone-level-8hr.0.H2OAutoML] Memory Usage: 46.2%
[MONITORING] [local.openml_t_190137.pygmo_c.ozone-level-8hr.0.H2OAutoML] Disk Usage: 43.2%
[MONITORING] [local.openml_t_190137.pygmo_c.ozone-level-8hr.0.H2OAutoML] CPU Utilization: 92.8%
[MONITORING] [local.openml_t_190137.pygmo_c.ozone-level-8hr.0.H2OAutoML] Memory Usage: 46.3%
[MONITORING] [local.openml_t_190137.pygmo_c.ozone-level-8hr.0.H2OAutoML] Disk Usage: 43.2%
[MONITORING] [local.openml_t_190137.pygmo_c.ozone-level-8hr.0.H2OAutoML] CPU Utilization: 93.0%
[MONITORING] [local.openml_t_190137.pygmo_c.ozone-level-8hr.0.H2OAutoML] Memory Usage: 46.2%
[MONITORING] [local.openml_t_190137.pygmo_c.ozone-level-8hr.0.H2OAutoML] Disk Usage: 43.2%
[MONITORING] [local.openml_t_190137.pygmo_c.ozone-level-8hr.0.H2OAutoML] CPU Utilization: 92.9%
[MONITORING] [local.openml_t_190137.pygmo_c.ozone-level-8hr.0.H2OAutoML] Memory Usage: 46.3%
[MONITORING] [local.openml_t_190137.pygmo_c.ozone-level-8hr.0.H2OAutoML] Disk Usage: 43.2%
[MONITORING] [local.openml_t_190137.pygmo_c.ozone-level-8hr.0.H2OAutoML] CPU Utilization: 92.6%
[MONITORING] [local.openml_t_190137.pygmo_c.ozone-level-8hr.0.H2OAutoML] Memory Usage: 46.3%
[MONITORING] [local.openml_t_190137.pygmo_c.ozone-level-8hr.0.H2OAutoML] Disk Usage: 43.2%
[MONITORING] [local.openml_t_190137.pygmo_c.ozone-level-8hr.0.H2OAutoML] CPU Utilization: 92.9%
[MONITORING] [local.openml_t_190137.pygmo_c.ozone-level-8hr.0.H2OAutoML] Memory Usage: 46.3%
[MONITORING] [local.openml_t_190137.pygmo_c.ozone-level-8hr.0.H2OAutoML] Disk Usage: 43.2%
[MONITORING] [local.openml_t_190137.pygmo_c.ozone-level-8hr.0.H2OAutoML] CPU Utilization: 93.1%
[MONITORING] [local.openml_t_190137.pygmo_c.ozone-level-8hr.0.H2OAutoML] Memory Usage: 46.3%
[MONITORING] [local.openml_t_190137.pygmo_c.ozone-level-8hr.0.H2OAutoML] Disk Usage: 43.2%
[MONITORING] [local.openml_t_190137.pygmo_c.ozone-level-8hr.0.H2OAutoML] CPU Utilization: 71.0%
[MONITORING] [local.openml_t_190137.pygmo_c.ozone-level-8hr.0.H2OAutoML] Memory Usage: 46.3%
[MONITORING] [local.openml_t_190137.pygmo_c.ozone-level-8hr.0.H2OAutoML] Disk Usage: 43.2%
AutoML progress: |███████████████████████████████████████████████████████████████| (done) 100%
gbm prediction progress: |███████████████████████████████████████████████████████| (done) 100%
H2O session _sid_81ae closed.



Predictions preview:
                      1                      2 predictions truth
0    0.984998541957831   0.015001458042169007           1     1
1   0.9874030847292691   0.012596915270730894           1     1
2   0.9952546762577844   0.004745323742215608           1     1
3    0.996992557524775   0.003007442475225021           1     1
4   0.9972064738563838  0.0027935261436161595           1     1
5   0.9969993074897072  0.0030006925102928294           1     1
6   0.9870801534506427   0.012919846549357253           1     1
7   0.9949286441285462   0.005071355871453808           1     1
8    0.993537388635635  0.0064626113643649966           1     1
9   0.9934253066738321   0.006574693326167859           1     1
10  0.9733517875301388    0.02664821246986119           1     1
11  0.9950776541024837   0.004922345897516325           1     1
12  0.9428075282429039    0.05719247175709603           1     1
13  0.9592161537488304    0.04078384625116956           1     1
14  0.9950993755082358  0.0049006244917642215           1     1
15  0.9961136604267469  0.0038863395732531038           1     1
16  0.9940449501231612   0.005955049876838803           1     1
17  0.9979923196607124  0.0020076803392875624           1     1
18  0.9971966599915287  0.0028033400084713066           1     1
19   0.991736273516007   0.008263726483992932           1     1

Predictions saved to `/home/juradoi/experiments/automlbenchmark/results/h2oautoml.openml_t_190137.pygmo_c.local.20211209T211632/predictions/ozone-level-8hr/0/predictions.csv`.
Loading metadata from `/home/juradoi/experiments/automlbenchmark/results/h2oautoml.openml_t_190137.pygmo_c.local.20211209T211632/predictions/ozone-level-8hr/0/metadata.json`.
Loading predictions from `/home/juradoi/experiments/automlbenchmark/results/h2oautoml.openml_t_190137.pygmo_c.local.20211209T211632/predictions/ozone-level-8hr/0/predictions.csv`.
Metric scores: { 'acc': 0.9409448818897638,
  'app_version': 'dev [master, beef024]',
  'auc': 0.9472163865546218,
  'balacc': 0.7352941176470589,
  'constraint': 'pygmo_c',
  'duration': nan,
  'fold': 0,
  'framework': 'H2OAutoML',
  'id': 'openml.org/t/190137',
  'info': None,
  'logloss': 0.12858150200163765,
  'metric': 'auc',
  'mode': 'local',
  'models_count': 179,
  'params': '',
  'predict_duration': 0.11563467979431152,
  'result': 0.9472163865546218,
  'seed': 1506926650,
  'task': 'ozone-level-8hr',
  'training_duration': 3548.6111268997192,
  'type': 'binary',
  'utc': '2021-12-09T22:15:54',
  'version': '3.34.0.3'}
Job `local.openml_t_190137.pygmo_c.ozone-level-8hr.0.H2OAutoML` executed in 3561.266 seconds.
All jobs executed in 3561.276 seconds.
[MONITORING] [local.openml_t_190137.pygmo_c.ozone-level-8hr.0.H2OAutoML] CPU Utilization: 69.6%
[MONITORING] [local.openml_t_190137.pygmo_c.ozone-level-8hr.0.H2OAutoML] Memory Usage: 2.1%
[MONITORING] [local.openml_t_190137.pygmo_c.ozone-level-8hr.0.H2OAutoML] Disk Usage: 43.2%
Processing results for h2oautoml.openml_t_190137.pygmo_c.local.20211209T211632
Scores saved to `/home/juradoi/experiments/automlbenchmark/results/h2oautoml.openml_t_190137.pygmo_c.local.20211209T211632/scores/H2OAutoML.benchmark_openml_t_190137.csv`.
Scores saved to `/home/juradoi/experiments/automlbenchmark/results/h2oautoml.openml_t_190137.pygmo_c.local.20211209T211632/scores/results.csv`.
Scores saved to `/home/juradoi/experiments/automlbenchmark/results/results.csv`.
Summing up scores for current run:
                 id            task fold framework constraint   result metric  duration       seed
openml.org/t/190137 ozone-level-8hr    0 H2OAutoML    pygmo_c 0.947216    auc    3561.3 1506926650
