/var/spool/slurm/slurmd/job8493781/slurm_script: line 8: activate: No such file or directory
Running benchmark `H2OAutoML` on `openml/t/190410` framework in `local` mode.
Loading frameworks definitions from ['/home/juradoi/experiments/automlbenchmark/resources/frameworks.yaml'].
Loading benchmark constraint definitions from ['/home/juradoi/experiments/automlbenchmark/resources/constraints.yaml'].
Loading openml task 190410.

------------------------------------------------------------------
Starting job local.openml_t_190410.pygmo_c.philippine.0.H2OAutoML.
Assigning 16 cores (total=16) for new task philippine.
Assigning 91501 MB (total=95302 MB) for new philippine task.
[MONITORING] [local.openml_t_190410.pygmo_c.philippine.0.H2OAutoML] CPU Utilization: 10.8%
[MONITORING] [local.openml_t_190410.pygmo_c.philippine.0.H2OAutoML] Memory Usage: 1.8%
[MONITORING] [local.openml_t_190410.pygmo_c.philippine.0.H2OAutoML] Disk Usage: 43.1%
Running task philippine on framework H2OAutoML with config:
TaskConfig({})
Running cmd `/home/juradoi/experiments/automlbenchmark/frameworks/H2OAutoML/venv/bin/python -W ignore /home/juradoi/experiments/automlbenchmark/frameworks/H2OAutoML/exec.py`
INFO:__main__:
**** H2O AutoML [v3.34.0.3] ****

INFO:__main__:Starting H2O cluster with 16 cores, 61001M memory.
Checking whether there is an H2O instance running at http://localhost:8057 ..... not found.
Attempting to start a local H2O server...
  Java Version: openjdk version "11.0.12" 2021-07-20; OpenJDK Runtime Environment (build 11.0.12+7-post-Debian-2deb10u1); OpenJDK 64-Bit Server VM (build 11.0.12+7-post-Debian-2deb10u1, mixed mode, sharing)
  Starting server from /home/juradoi/experiments/automlbenchmark/frameworks/H2OAutoML/venv/lib/python3.8/site-packages/h2o/backend/bin/h2o.jar
  Ice root: /tmp/tmpehx5ddaq
  JVM stdout: /tmp/tmpehx5ddaq/h2o_unknownUser_started_from_python.out
  JVM stderr: /tmp/tmpehx5ddaq/h2o_unknownUser_started_from_python.err
  Server is running at http://127.0.0.1:8057
Connecting to H2O server at http://127.0.0.1:8057 ... successful.
--------------------------  ------------------------------------------------------------------
H2O_cluster_uptime:         01 secs
H2O_cluster_timezone:       Europe/Amsterdam
H2O_data_parsing_timezone:  UTC
H2O_cluster_version:        3.34.0.3
H2O_cluster_version_age:    2 months and 2 days
H2O_cluster_name:           H2O_from_python_unknownUser_6sfqi3
H2O_cluster_total_nodes:    1
H2O_cluster_free_memory:    59.58 Gb
H2O_cluster_total_cores:    16
H2O_cluster_allowed_cores:  16
H2O_cluster_status:         locked, healthy
H2O_connection_url:         http://127.0.0.1:8057
H2O_connection_proxy:       {"http": null, "https": null}
H2O_internal_security:      False
H2O_API_Extensions:         Amazon S3, XGBoost, Algos, AutoML, Core V3, TargetEncoder, Core V4
Python_version:             3.8.12 final
--------------------------  ------------------------------------------------------------------
Parse progress: |████████████████████████████████████████████████████████████████| (done) 100%
Parse progress: |████████████████████████████████████████████████████████████████| (done) 100%
INFO:__main__:Running model on task philippine, fold 0.
[MONITORING] [local.openml_t_190410.pygmo_c.philippine.0.H2OAutoML] CPU Utilization: 59.2%
[MONITORING] [local.openml_t_190410.pygmo_c.philippine.0.H2OAutoML] Memory Usage: 26.2%
[MONITORING] [local.openml_t_190410.pygmo_c.philippine.0.H2OAutoML] Disk Usage: 43.1%
[MONITORING] [local.openml_t_190410.pygmo_c.philippine.0.H2OAutoML] CPU Utilization: 62.8%
[MONITORING] [local.openml_t_190410.pygmo_c.philippine.0.H2OAutoML] Memory Usage: 44.6%
[MONITORING] [local.openml_t_190410.pygmo_c.philippine.0.H2OAutoML] Disk Usage: 43.1%
[MONITORING] [local.openml_t_190410.pygmo_c.philippine.0.H2OAutoML] CPU Utilization: 73.8%
[MONITORING] [local.openml_t_190410.pygmo_c.philippine.0.H2OAutoML] Memory Usage: 45.3%
[MONITORING] [local.openml_t_190410.pygmo_c.philippine.0.H2OAutoML] Disk Usage: 43.1%
[MONITORING] [local.openml_t_190410.pygmo_c.philippine.0.H2OAutoML] CPU Utilization: 74.3%
[MONITORING] [local.openml_t_190410.pygmo_c.philippine.0.H2OAutoML] Memory Usage: 45.6%
[MONITORING] [local.openml_t_190410.pygmo_c.philippine.0.H2OAutoML] Disk Usage: 43.1%
[MONITORING] [local.openml_t_190410.pygmo_c.philippine.0.H2OAutoML] CPU Utilization: 76.2%
[MONITORING] [local.openml_t_190410.pygmo_c.philippine.0.H2OAutoML] Memory Usage: 45.8%
[MONITORING] [local.openml_t_190410.pygmo_c.philippine.0.H2OAutoML] Disk Usage: 43.1%
[MONITORING] [local.openml_t_190410.pygmo_c.philippine.0.H2OAutoML] CPU Utilization: 73.7%
[MONITORING] [local.openml_t_190410.pygmo_c.philippine.0.H2OAutoML] Memory Usage: 45.9%
[MONITORING] [local.openml_t_190410.pygmo_c.philippine.0.H2OAutoML] Disk Usage: 43.1%
[MONITORING] [local.openml_t_190410.pygmo_c.philippine.0.H2OAutoML] CPU Utilization: 76.7%
[MONITORING] [local.openml_t_190410.pygmo_c.philippine.0.H2OAutoML] Memory Usage: 45.9%
[MONITORING] [local.openml_t_190410.pygmo_c.philippine.0.H2OAutoML] Disk Usage: 43.1%
[MONITORING] [local.openml_t_190410.pygmo_c.philippine.0.H2OAutoML] CPU Utilization: 74.3%
[MONITORING] [local.openml_t_190410.pygmo_c.philippine.0.H2OAutoML] Memory Usage: 46.2%
[MONITORING] [local.openml_t_190410.pygmo_c.philippine.0.H2OAutoML] Disk Usage: 43.1%
[MONITORING] [local.openml_t_190410.pygmo_c.philippine.0.H2OAutoML] CPU Utilization: 78.2%
[MONITORING] [local.openml_t_190410.pygmo_c.philippine.0.H2OAutoML] Memory Usage: 46.2%
[MONITORING] [local.openml_t_190410.pygmo_c.philippine.0.H2OAutoML] Disk Usage: 43.1%
[MONITORING] [local.openml_t_190410.pygmo_c.philippine.0.H2OAutoML] CPU Utilization: 79.0%
[MONITORING] [local.openml_t_190410.pygmo_c.philippine.0.H2OAutoML] Memory Usage: 46.3%
[MONITORING] [local.openml_t_190410.pygmo_c.philippine.0.H2OAutoML] Disk Usage: 43.1%
[MONITORING] [local.openml_t_190410.pygmo_c.philippine.0.H2OAutoML] CPU Utilization: 94.3%
[MONITORING] [local.openml_t_190410.pygmo_c.philippine.0.H2OAutoML] Memory Usage: 46.3%
[MONITORING] [local.openml_t_190410.pygmo_c.philippine.0.H2OAutoML] Disk Usage: 43.1%
[MONITORING] [local.openml_t_190410.pygmo_c.philippine.0.H2OAutoML] CPU Utilization: 93.0%
[MONITORING] [local.openml_t_190410.pygmo_c.philippine.0.H2OAutoML] Memory Usage: 46.3%
[MONITORING] [local.openml_t_190410.pygmo_c.philippine.0.H2OAutoML] Disk Usage: 43.1%
[MONITORING] [local.openml_t_190410.pygmo_c.philippine.0.H2OAutoML] CPU Utilization: 94.5%
[MONITORING] [local.openml_t_190410.pygmo_c.philippine.0.H2OAutoML] Memory Usage: 47.0%
[MONITORING] [local.openml_t_190410.pygmo_c.philippine.0.H2OAutoML] Disk Usage: 43.1%
[MONITORING] [local.openml_t_190410.pygmo_c.philippine.0.H2OAutoML] CPU Utilization: 95.3%
[MONITORING] [local.openml_t_190410.pygmo_c.philippine.0.H2OAutoML] Memory Usage: 47.0%
[MONITORING] [local.openml_t_190410.pygmo_c.philippine.0.H2OAutoML] Disk Usage: 43.1%
[MONITORING] [local.openml_t_190410.pygmo_c.philippine.0.H2OAutoML] CPU Utilization: 95.3%
[MONITORING] [local.openml_t_190410.pygmo_c.philippine.0.H2OAutoML] Memory Usage: 47.0%
[MONITORING] [local.openml_t_190410.pygmo_c.philippine.0.H2OAutoML] Disk Usage: 43.1%
[MONITORING] [local.openml_t_190410.pygmo_c.philippine.0.H2OAutoML] CPU Utilization: 95.1%
[MONITORING] [local.openml_t_190410.pygmo_c.philippine.0.H2OAutoML] Memory Usage: 47.0%
[MONITORING] [local.openml_t_190410.pygmo_c.philippine.0.H2OAutoML] Disk Usage: 43.1%
[MONITORING] [local.openml_t_190410.pygmo_c.philippine.0.H2OAutoML] CPU Utilization: 94.4%
[MONITORING] [local.openml_t_190410.pygmo_c.philippine.0.H2OAutoML] Memory Usage: 47.0%
[MONITORING] [local.openml_t_190410.pygmo_c.philippine.0.H2OAutoML] Disk Usage: 43.1%
[MONITORING] [local.openml_t_190410.pygmo_c.philippine.0.H2OAutoML] CPU Utilization: 93.5%
[MONITORING] [local.openml_t_190410.pygmo_c.philippine.0.H2OAutoML] Memory Usage: 47.0%
[MONITORING] [local.openml_t_190410.pygmo_c.philippine.0.H2OAutoML] Disk Usage: 43.1%
[MONITORING] [local.openml_t_190410.pygmo_c.philippine.0.H2OAutoML] CPU Utilization: 93.2%
[MONITORING] [local.openml_t_190410.pygmo_c.philippine.0.H2OAutoML] Memory Usage: 47.0%
[MONITORING] [local.openml_t_190410.pygmo_c.philippine.0.H2OAutoML] Disk Usage: 43.1%
[MONITORING] [local.openml_t_190410.pygmo_c.philippine.0.H2OAutoML] CPU Utilization: 92.9%
[MONITORING] [local.openml_t_190410.pygmo_c.philippine.0.H2OAutoML] Memory Usage: 47.1%
[MONITORING] [local.openml_t_190410.pygmo_c.philippine.0.H2OAutoML] Disk Usage: 43.1%
[MONITORING] [local.openml_t_190410.pygmo_c.philippine.0.H2OAutoML] CPU Utilization: 94.7%
[MONITORING] [local.openml_t_190410.pygmo_c.philippine.0.H2OAutoML] Memory Usage: 47.1%
[MONITORING] [local.openml_t_190410.pygmo_c.philippine.0.H2OAutoML] Disk Usage: 43.1%
[MONITORING] [local.openml_t_190410.pygmo_c.philippine.0.H2OAutoML] CPU Utilization: 94.7%
[MONITORING] [local.openml_t_190410.pygmo_c.philippine.0.H2OAutoML] Memory Usage: 47.1%
[MONITORING] [local.openml_t_190410.pygmo_c.philippine.0.H2OAutoML] Disk Usage: 43.1%
[MONITORING] [local.openml_t_190410.pygmo_c.philippine.0.H2OAutoML] CPU Utilization: 92.7%
[MONITORING] [local.openml_t_190410.pygmo_c.philippine.0.H2OAutoML] Memory Usage: 47.1%
[MONITORING] [local.openml_t_190410.pygmo_c.philippine.0.H2OAutoML] Disk Usage: 43.1%
[MONITORING] [local.openml_t_190410.pygmo_c.philippine.0.H2OAutoML] CPU Utilization: 92.0%
[MONITORING] [local.openml_t_190410.pygmo_c.philippine.0.H2OAutoML] Memory Usage: 47.1%
[MONITORING] [local.openml_t_190410.pygmo_c.philippine.0.H2OAutoML] Disk Usage: 43.1%
[MONITORING] [local.openml_t_190410.pygmo_c.philippine.0.H2OAutoML] CPU Utilization: 93.6%
[MONITORING] [local.openml_t_190410.pygmo_c.philippine.0.H2OAutoML] Memory Usage: 47.1%
[MONITORING] [local.openml_t_190410.pygmo_c.philippine.0.H2OAutoML] Disk Usage: 43.1%
[MONITORING] [local.openml_t_190410.pygmo_c.philippine.0.H2OAutoML] CPU Utilization: 93.9%
[MONITORING] [local.openml_t_190410.pygmo_c.philippine.0.H2OAutoML] Memory Usage: 47.1%
[MONITORING] [local.openml_t_190410.pygmo_c.philippine.0.H2OAutoML] Disk Usage: 43.1%
[MONITORING] [local.openml_t_190410.pygmo_c.philippine.0.H2OAutoML] CPU Utilization: 93.3%
[MONITORING] [local.openml_t_190410.pygmo_c.philippine.0.H2OAutoML] Memory Usage: 47.1%
[MONITORING] [local.openml_t_190410.pygmo_c.philippine.0.H2OAutoML] Disk Usage: 43.1%
[MONITORING] [local.openml_t_190410.pygmo_c.philippine.0.H2OAutoML] CPU Utilization: 92.5%
[MONITORING] [local.openml_t_190410.pygmo_c.philippine.0.H2OAutoML] Memory Usage: 47.1%
[MONITORING] [local.openml_t_190410.pygmo_c.philippine.0.H2OAutoML] Disk Usage: 43.1%
[MONITORING] [local.openml_t_190410.pygmo_c.philippine.0.H2OAutoML] CPU Utilization: 86.4%
[MONITORING] [local.openml_t_190410.pygmo_c.philippine.0.H2OAutoML] Memory Usage: 47.1%
[MONITORING] [local.openml_t_190410.pygmo_c.philippine.0.H2OAutoML] Disk Usage: 43.1%
AutoML progress: |███████████████████████████████████████████████████████████████| (done) 100%
stackedensemble prediction progress: |███████████████████████████████████████████| (done) 100%
H2O session _sid_a076 closed.



Predictions preview:
                        0                    1 predictions truth
0    0.04023961345690352   0.9597603865430965           1     1
1    0.08942966786162798    0.910570332138372           1     1
2    0.03014357413033486   0.9698564258696651           1     1
3    0.07276933052889345   0.9272306694711066           1     1
4    0.02753763689976485   0.9724623631002351           1     1
5    0.06177739138040683   0.9382226086195932           1     1
6    0.20069184920695793   0.7993081507930421           1     1
7     0.5675803480474226   0.4324196519525773           1     1
8    0.04000675977501289   0.9599932402249871           1     1
9     0.1020202118410316   0.8979797881589684           1     1
10   0.13204719342618987   0.8679528065738101           1     1
11   0.17826728306501427   0.8217327169349857           1     1
12     0.137860217521367    0.862139782478633           1     1
13  0.024256083536562723   0.9757439164634373           1     1
14   0.12962985549227213   0.8703701445077279           1     1
15    0.2799652309299139   0.7200347690700861           1     1
16   0.38606657443708303    0.613933425562917           1     1
17   0.49073009328374584   0.5092699067162542           1     1
18  0.035986030097719834   0.9640139699022802           1     1
19    0.6337980120762763  0.36620198792372366           1     1

Predictions saved to `/home/juradoi/experiments/automlbenchmark/results/h2oautoml.openml_t_190410.pygmo_c.local.20211209T214052/predictions/philippine/0/predictions.csv`.
Loading metadata from `/home/juradoi/experiments/automlbenchmark/results/h2oautoml.openml_t_190410.pygmo_c.local.20211209T214052/predictions/philippine/0/metadata.json`.
Loading predictions from `/home/juradoi/experiments/automlbenchmark/results/h2oautoml.openml_t_190410.pygmo_c.local.20211209T214052/predictions/philippine/0/predictions.csv`.
Metric scores: { 'acc': 0.7773972602739726,
  'app_version': 'dev [master, beef024]',
  'auc': 0.8658284856445861,
  'balacc': 0.7773972602739726,
  'constraint': 'pygmo_c',
  'duration': nan,
  'fold': 0,
  'framework': 'H2OAutoML',
  'id': 'openml.org/t/190410',
  'info': None,
  'logloss': 0.4570702213595134,
  'metric': 'auc',
  'mode': 'local',
  'models_count': 109,
  'params': '',
  'predict_duration': 0.33820104598999023,
  'result': 0.8658284856445861,
  'seed': 1446756002,
  'task': 'philippine',
  'training_duration': 3569.7525174617767,
  'type': 'binary',
  'utc': '2021-12-09T22:40:41',
  'version': '3.34.0.3'}
Job `local.openml_t_190410.pygmo_c.philippine.0.H2OAutoML` executed in 3585.794 seconds.
All jobs executed in 3588.496 seconds.
[MONITORING] [local.openml_t_190410.pygmo_c.philippine.0.H2OAutoML] CPU Utilization: 64.5%
[MONITORING] [local.openml_t_190410.pygmo_c.philippine.0.H2OAutoML] Memory Usage: 1.9%
[MONITORING] [local.openml_t_190410.pygmo_c.philippine.0.H2OAutoML] Disk Usage: 43.1%
Processing results for h2oautoml.openml_t_190410.pygmo_c.local.20211209T214052
Scores saved to `/home/juradoi/experiments/automlbenchmark/results/h2oautoml.openml_t_190410.pygmo_c.local.20211209T214052/scores/H2OAutoML.benchmark_openml_t_190410.csv`.
Scores saved to `/home/juradoi/experiments/automlbenchmark/results/h2oautoml.openml_t_190410.pygmo_c.local.20211209T214052/scores/results.csv`.
Scores saved to `/home/juradoi/experiments/automlbenchmark/results/results.csv`.
Summing up scores for current run:
                 id       task fold framework constraint   result metric  duration       seed
openml.org/t/190410 philippine    0 H2OAutoML    pygmo_c 0.865828    auc    3585.8 1446756002
