/var/spool/slurm/slurmd/job8493086/slurm_script: line 8: activate: No such file or directory
Running benchmark `H2OAutoML` on `openml/t/168757` framework in `local` mode.
Loading frameworks definitions from ['/home/juradoi/experiments/automlbenchmark/resources/frameworks.yaml'].
Loading benchmark constraint definitions from ['/home/juradoi/experiments/automlbenchmark/resources/constraints.yaml'].
Loading openml task 168757.

----------------------------------------------------------------
Starting job local.openml_t_168757.pygmo_c.credit-g.0.H2OAutoML.
Assigning 16 cores (total=16) for new task credit-g.
Assigning 91006 MB (total=95302 MB) for new credit-g task.
[MONITORING] [local.openml_t_168757.pygmo_c.credit-g.0.H2OAutoML] CPU Utilization: 18.7%
[MONITORING] [local.openml_t_168757.pygmo_c.credit-g.0.H2OAutoML] Memory Usage: 2.4%
[MONITORING] [local.openml_t_168757.pygmo_c.credit-g.0.H2OAutoML] Disk Usage: 45.7%
Running task credit-g on framework H2OAutoML with config:
TaskConfig({})
Running cmd `/home/juradoi/experiments/automlbenchmark/frameworks/H2OAutoML/venv/bin/python -W ignore /home/juradoi/experiments/automlbenchmark/frameworks/H2OAutoML/exec.py`
INFO:__main__:
**** H2O AutoML [v3.34.0.3] ****

INFO:__main__:Starting H2O cluster with 16 cores, 60671M memory.
Checking whether there is an H2O instance running at http://localhost:4340 ..... not found.
Attempting to start a local H2O server...
  Java Version: openjdk version "11.0.12" 2021-07-20; OpenJDK Runtime Environment (build 11.0.12+7-post-Debian-2deb10u1); OpenJDK 64-Bit Server VM (build 11.0.12+7-post-Debian-2deb10u1, mixed mode, sharing)
  Starting server from /home/juradoi/experiments/automlbenchmark/frameworks/H2OAutoML/venv/lib/python3.8/site-packages/h2o/backend/bin/h2o.jar
  Ice root: /tmp/tmp0xvi62l5
  JVM stdout: /tmp/tmp0xvi62l5/h2o_unknownUser_started_from_python.out
  JVM stderr: /tmp/tmp0xvi62l5/h2o_unknownUser_started_from_python.err
  Server is running at http://127.0.0.1:4340
Connecting to H2O server at http://127.0.0.1:4340 ... successful.
--------------------------  ------------------------------------------------------------------
H2O_cluster_uptime:         01 secs
H2O_cluster_timezone:       Europe/Amsterdam
H2O_data_parsing_timezone:  UTC
H2O_cluster_version:        3.34.0.3
H2O_cluster_version_age:    2 months and 2 days
H2O_cluster_name:           H2O_from_python_unknownUser_uayv2j
H2O_cluster_total_nodes:    1
H2O_cluster_free_memory:    59.25 Gb
H2O_cluster_total_cores:    16
H2O_cluster_allowed_cores:  16
H2O_cluster_status:         locked, healthy
H2O_connection_url:         http://127.0.0.1:4340
H2O_connection_proxy:       {"http": null, "https": null}
H2O_internal_security:      False
H2O_API_Extensions:         Amazon S3, XGBoost, Algos, AutoML, Core V3, TargetEncoder, Core V4
Python_version:             3.8.12 final
--------------------------  ------------------------------------------------------------------
Parse progress: |████████████████████████████████████████████████████████████████| (done) 100%
Parse progress: |████████████████████████████████████████████████████████████████| (done) 100%
Parse progress: |████████████████████████████████████████████████████████████████| (done) 100%
INFO:__main__:Running model on task credit-g, fold 0.
[MONITORING] [local.openml_t_168757.pygmo_c.credit-g.0.H2OAutoML] CPU Utilization: 78.7%
[MONITORING] [local.openml_t_168757.pygmo_c.credit-g.0.H2OAutoML] Memory Usage: 27.2%
[MONITORING] [local.openml_t_168757.pygmo_c.credit-g.0.H2OAutoML] Disk Usage: 45.7%
[MONITORING] [local.openml_t_168757.pygmo_c.credit-g.0.H2OAutoML] CPU Utilization: 96.4%
[MONITORING] [local.openml_t_168757.pygmo_c.credit-g.0.H2OAutoML] Memory Usage: 44.6%
[MONITORING] [local.openml_t_168757.pygmo_c.credit-g.0.H2OAutoML] Disk Usage: 45.7%
[MONITORING] [local.openml_t_168757.pygmo_c.credit-g.0.H2OAutoML] CPU Utilization: 96.9%
[MONITORING] [local.openml_t_168757.pygmo_c.credit-g.0.H2OAutoML] Memory Usage: 44.8%
[MONITORING] [local.openml_t_168757.pygmo_c.credit-g.0.H2OAutoML] Disk Usage: 45.7%
[MONITORING] [local.openml_t_168757.pygmo_c.credit-g.0.H2OAutoML] CPU Utilization: 96.6%
[MONITORING] [local.openml_t_168757.pygmo_c.credit-g.0.H2OAutoML] Memory Usage: 44.9%
[MONITORING] [local.openml_t_168757.pygmo_c.credit-g.0.H2OAutoML] Disk Usage: 45.7%
[MONITORING] [local.openml_t_168757.pygmo_c.credit-g.0.H2OAutoML] CPU Utilization: 97.2%
[MONITORING] [local.openml_t_168757.pygmo_c.credit-g.0.H2OAutoML] Memory Usage: 45.0%
[MONITORING] [local.openml_t_168757.pygmo_c.credit-g.0.H2OAutoML] Disk Usage: 45.7%
[MONITORING] [local.openml_t_168757.pygmo_c.credit-g.0.H2OAutoML] CPU Utilization: 97.3%
[MONITORING] [local.openml_t_168757.pygmo_c.credit-g.0.H2OAutoML] Memory Usage: 45.0%
[MONITORING] [local.openml_t_168757.pygmo_c.credit-g.0.H2OAutoML] Disk Usage: 45.7%
[MONITORING] [local.openml_t_168757.pygmo_c.credit-g.0.H2OAutoML] CPU Utilization: 97.4%
[MONITORING] [local.openml_t_168757.pygmo_c.credit-g.0.H2OAutoML] Memory Usage: 45.1%
[MONITORING] [local.openml_t_168757.pygmo_c.credit-g.0.H2OAutoML] Disk Usage: 45.7%
[MONITORING] [local.openml_t_168757.pygmo_c.credit-g.0.H2OAutoML] CPU Utilization: 97.7%
[MONITORING] [local.openml_t_168757.pygmo_c.credit-g.0.H2OAutoML] Memory Usage: 45.1%
[MONITORING] [local.openml_t_168757.pygmo_c.credit-g.0.H2OAutoML] Disk Usage: 45.7%
[MONITORING] [local.openml_t_168757.pygmo_c.credit-g.0.H2OAutoML] CPU Utilization: 97.4%
[MONITORING] [local.openml_t_168757.pygmo_c.credit-g.0.H2OAutoML] Memory Usage: 45.2%
[MONITORING] [local.openml_t_168757.pygmo_c.credit-g.0.H2OAutoML] Disk Usage: 45.7%
[MONITORING] [local.openml_t_168757.pygmo_c.credit-g.0.H2OAutoML] CPU Utilization: 97.2%
[MONITORING] [local.openml_t_168757.pygmo_c.credit-g.0.H2OAutoML] Memory Usage: 45.3%
[MONITORING] [local.openml_t_168757.pygmo_c.credit-g.0.H2OAutoML] Disk Usage: 45.7%
[MONITORING] [local.openml_t_168757.pygmo_c.credit-g.0.H2OAutoML] CPU Utilization: 98.0%
[MONITORING] [local.openml_t_168757.pygmo_c.credit-g.0.H2OAutoML] Memory Usage: 45.3%
[MONITORING] [local.openml_t_168757.pygmo_c.credit-g.0.H2OAutoML] Disk Usage: 45.7%
[MONITORING] [local.openml_t_168757.pygmo_c.credit-g.0.H2OAutoML] CPU Utilization: 96.7%
[MONITORING] [local.openml_t_168757.pygmo_c.credit-g.0.H2OAutoML] Memory Usage: 45.4%
[MONITORING] [local.openml_t_168757.pygmo_c.credit-g.0.H2OAutoML] Disk Usage: 45.7%
[MONITORING] [local.openml_t_168757.pygmo_c.credit-g.0.H2OAutoML] CPU Utilization: 97.8%
[MONITORING] [local.openml_t_168757.pygmo_c.credit-g.0.H2OAutoML] Memory Usage: 45.4%
[MONITORING] [local.openml_t_168757.pygmo_c.credit-g.0.H2OAutoML] Disk Usage: 45.7%
[MONITORING] [local.openml_t_168757.pygmo_c.credit-g.0.H2OAutoML] CPU Utilization: 97.2%
[MONITORING] [local.openml_t_168757.pygmo_c.credit-g.0.H2OAutoML] Memory Usage: 45.5%
[MONITORING] [local.openml_t_168757.pygmo_c.credit-g.0.H2OAutoML] Disk Usage: 45.7%
[MONITORING] [local.openml_t_168757.pygmo_c.credit-g.0.H2OAutoML] CPU Utilization: 97.6%
[MONITORING] [local.openml_t_168757.pygmo_c.credit-g.0.H2OAutoML] Memory Usage: 45.5%
[MONITORING] [local.openml_t_168757.pygmo_c.credit-g.0.H2OAutoML] Disk Usage: 45.7%
[MONITORING] [local.openml_t_168757.pygmo_c.credit-g.0.H2OAutoML] CPU Utilization: 97.3%
[MONITORING] [local.openml_t_168757.pygmo_c.credit-g.0.H2OAutoML] Memory Usage: 45.5%
[MONITORING] [local.openml_t_168757.pygmo_c.credit-g.0.H2OAutoML] Disk Usage: 45.7%
[MONITORING] [local.openml_t_168757.pygmo_c.credit-g.0.H2OAutoML] CPU Utilization: 97.4%
[MONITORING] [local.openml_t_168757.pygmo_c.credit-g.0.H2OAutoML] Memory Usage: 45.6%
[MONITORING] [local.openml_t_168757.pygmo_c.credit-g.0.H2OAutoML] Disk Usage: 45.7%
[MONITORING] [local.openml_t_168757.pygmo_c.credit-g.0.H2OAutoML] CPU Utilization: 97.4%
[MONITORING] [local.openml_t_168757.pygmo_c.credit-g.0.H2OAutoML] Memory Usage: 45.6%
[MONITORING] [local.openml_t_168757.pygmo_c.credit-g.0.H2OAutoML] Disk Usage: 45.7%
[MONITORING] [local.openml_t_168757.pygmo_c.credit-g.0.H2OAutoML] CPU Utilization: 97.3%
[MONITORING] [local.openml_t_168757.pygmo_c.credit-g.0.H2OAutoML] Memory Usage: 45.7%
[MONITORING] [local.openml_t_168757.pygmo_c.credit-g.0.H2OAutoML] Disk Usage: 45.7%
[MONITORING] [local.openml_t_168757.pygmo_c.credit-g.0.H2OAutoML] CPU Utilization: 96.5%
[MONITORING] [local.openml_t_168757.pygmo_c.credit-g.0.H2OAutoML] Memory Usage: 45.7%
[MONITORING] [local.openml_t_168757.pygmo_c.credit-g.0.H2OAutoML] Disk Usage: 45.7%
[MONITORING] [local.openml_t_168757.pygmo_c.credit-g.0.H2OAutoML] CPU Utilization: 95.0%
[MONITORING] [local.openml_t_168757.pygmo_c.credit-g.0.H2OAutoML] Memory Usage: 45.7%
[MONITORING] [local.openml_t_168757.pygmo_c.credit-g.0.H2OAutoML] Disk Usage: 45.7%
[MONITORING] [local.openml_t_168757.pygmo_c.credit-g.0.H2OAutoML] CPU Utilization: 96.7%
[MONITORING] [local.openml_t_168757.pygmo_c.credit-g.0.H2OAutoML] Memory Usage: 45.8%
[MONITORING] [local.openml_t_168757.pygmo_c.credit-g.0.H2OAutoML] Disk Usage: 45.7%
[MONITORING] [local.openml_t_168757.pygmo_c.credit-g.0.H2OAutoML] CPU Utilization: 97.9%
[MONITORING] [local.openml_t_168757.pygmo_c.credit-g.0.H2OAutoML] Memory Usage: 45.9%
[MONITORING] [local.openml_t_168757.pygmo_c.credit-g.0.H2OAutoML] Disk Usage: 45.7%
[MONITORING] [local.openml_t_168757.pygmo_c.credit-g.0.H2OAutoML] CPU Utilization: 97.3%
[MONITORING] [local.openml_t_168757.pygmo_c.credit-g.0.H2OAutoML] Memory Usage: 46.1%
[MONITORING] [local.openml_t_168757.pygmo_c.credit-g.0.H2OAutoML] Disk Usage: 45.7%
[MONITORING] [local.openml_t_168757.pygmo_c.credit-g.0.H2OAutoML] CPU Utilization: 97.5%
[MONITORING] [local.openml_t_168757.pygmo_c.credit-g.0.H2OAutoML] Memory Usage: 46.1%
[MONITORING] [local.openml_t_168757.pygmo_c.credit-g.0.H2OAutoML] Disk Usage: 45.7%
[MONITORING] [local.openml_t_168757.pygmo_c.credit-g.0.H2OAutoML] CPU Utilization: 97.4%
[MONITORING] [local.openml_t_168757.pygmo_c.credit-g.0.H2OAutoML] Memory Usage: 46.1%
[MONITORING] [local.openml_t_168757.pygmo_c.credit-g.0.H2OAutoML] Disk Usage: 45.7%
[MONITORING] [local.openml_t_168757.pygmo_c.credit-g.0.H2OAutoML] CPU Utilization: 97.4%
[MONITORING] [local.openml_t_168757.pygmo_c.credit-g.0.H2OAutoML] Memory Usage: 46.2%
[MONITORING] [local.openml_t_168757.pygmo_c.credit-g.0.H2OAutoML] Disk Usage: 45.7%
[MONITORING] [local.openml_t_168757.pygmo_c.credit-g.0.H2OAutoML] CPU Utilization: 96.8%
[MONITORING] [local.openml_t_168757.pygmo_c.credit-g.0.H2OAutoML] Memory Usage: 46.2%
[MONITORING] [local.openml_t_168757.pygmo_c.credit-g.0.H2OAutoML] Disk Usage: 45.7%
[MONITORING] [local.openml_t_168757.pygmo_c.credit-g.0.H2OAutoML] CPU Utilization: 57.6%
[MONITORING] [local.openml_t_168757.pygmo_c.credit-g.0.H2OAutoML] Memory Usage: 47.3%
[MONITORING] [local.openml_t_168757.pygmo_c.credit-g.0.H2OAutoML] Disk Usage: 45.7%
AutoML progress: |███████████████████████████████████████████████████████████████| (done) 100%
stackedensemble prediction progress: |███████████████████████████████████████████| (done) 100%
H2O session _sid_be57 closed.



Predictions preview:
                       bad                 good predictions truth
0     0.05143529240053446   0.9485647075994655        good  good
1   0.0031791133967024043   0.9968208866032976        good  good
2     0.19183859936127434   0.8081614006387257        good  good
3      0.5018657960003399  0.49813420399966013        good  good
4     0.10915900502077325   0.8908409949792268        good  good
5     0.13071485840506403    0.869285141594936        good  good
6      0.3821147221943645   0.6178852778056355        good  good
7      0.5492298786098176  0.45077012139018235        good  good
8     0.15344221883799003     0.84655778116201        good  good
9     0.09841313728693712   0.9015868627130629        good  good
10    0.06878969494389131   0.9312103050561087        good  good
11     0.2771992000672442   0.7228007999327558        good  good
12      0.061559779120686    0.938440220879314        good  good
13  0.0036736744771764807   0.9963263255228235        good  good
14    0.06304992335365722   0.9369500766463428        good  good
15    0.11735003905193075   0.8826499609480692        good  good
16     0.3295652636924652   0.6704347363075348        good  good
17    0.05952753198159011   0.9404724680184099        good  good
18     0.2907249589646308   0.7092750410353692        good  good
19    0.05056514875755824   0.9494348512424418        good  good

Predictions saved to `/home/juradoi/experiments/automlbenchmark/results/h2oautoml.openml_t_168757.pygmo_c.local.20211209T184354/predictions/credit-g/0/predictions.csv`.
Loading metadata from `/home/juradoi/experiments/automlbenchmark/results/h2oautoml.openml_t_168757.pygmo_c.local.20211209T184354/predictions/credit-g/0/metadata.json`.
Loading predictions from `/home/juradoi/experiments/automlbenchmark/results/h2oautoml.openml_t_168757.pygmo_c.local.20211209T184354/predictions/credit-g/0/predictions.csv`.
Metric scores: { 'acc': 0.78,
  'app_version': 'dev [master, beef024]',
  'auc': 0.8566666666666668,
  'balacc': 0.6619047619047619,
  'constraint': 'pygmo_c',
  'duration': nan,
  'fold': 0,
  'framework': 'H2OAutoML',
  'id': 'openml.org/t/168757',
  'info': None,
  'logloss': 0.43809632518505287,
  'metric': 'auc',
  'mode': 'local',
  'models_count': 413,
  'params': '',
  'predict_duration': 0.10777521133422852,
  'result': 0.8566666666666668,
  'seed': 1839809880,
  'task': 'credit-g',
  'training_duration': 3527.8065423965454,
  'type': 'binary',
  'utc': '2021-12-09T19:42:52',
  'version': '3.34.0.3'}
Job `local.openml_t_168757.pygmo_c.credit-g.0.H2OAutoML` executed in 3537.445 seconds.
All jobs executed in 3537.452 seconds.
[MONITORING] [local.openml_t_168757.pygmo_c.credit-g.0.H2OAutoML] CPU Utilization: 68.6%
[MONITORING] [local.openml_t_168757.pygmo_c.credit-g.0.H2OAutoML] Memory Usage: 2.4%
[MONITORING] [local.openml_t_168757.pygmo_c.credit-g.0.H2OAutoML] Disk Usage: 45.7%
Processing results for h2oautoml.openml_t_168757.pygmo_c.local.20211209T184354
Scores saved to `/home/juradoi/experiments/automlbenchmark/results/h2oautoml.openml_t_168757.pygmo_c.local.20211209T184354/scores/H2OAutoML.benchmark_openml_t_168757.csv`.
Scores saved to `/home/juradoi/experiments/automlbenchmark/results/h2oautoml.openml_t_168757.pygmo_c.local.20211209T184354/scores/results.csv`.
Scores saved to `/home/juradoi/experiments/automlbenchmark/results/results.csv`.
Summing up scores for current run:
                 id     task fold framework constraint   result metric  duration       seed
openml.org/t/168757 credit-g    0 H2OAutoML    pygmo_c 0.856667    auc    3537.4 1839809880
