/var/spool/slurm/slurmd/job8496232/slurm_script: line 8: activate: No such file or directory
Running benchmark `H2OAutoML` on `openml/t/359975` framework in `local` mode.
Loading frameworks definitions from ['/home/juradoi/experiments/automlbenchmark/resources/frameworks.yaml'].
Loading benchmark constraint definitions from ['/home/juradoi/experiments/automlbenchmark/resources/constraints.yaml'].
Loading openml task 359975.

-----------------------------------------------------------------
Starting job local.openml_t_359975.pygmo_c.Satellite.0.H2OAutoML.
Assigning 16 cores (total=16) for new task Satellite.
Assigning 91126 MB (total=95302 MB) for new Satellite task.
[MONITORING] [local.openml_t_359975.pygmo_c.Satellite.0.H2OAutoML] CPU Utilization: 15.5%
[MONITORING] [local.openml_t_359975.pygmo_c.Satellite.0.H2OAutoML] Memory Usage: 2.2%
[MONITORING] [local.openml_t_359975.pygmo_c.Satellite.0.H2OAutoML] Disk Usage: 43.2%
Running task Satellite on framework H2OAutoML with config:
TaskConfig({})
Running cmd `/home/juradoi/experiments/automlbenchmark/frameworks/H2OAutoML/venv/bin/python -W ignore /home/juradoi/experiments/automlbenchmark/frameworks/H2OAutoML/exec.py`
INFO:__main__:
**** H2O AutoML [v3.34.0.3] ****

INFO:__main__:Starting H2O cluster with 16 cores, 60751M memory.
Checking whether there is an H2O instance running at http://localhost:11582 ..... not found.
Attempting to start a local H2O server...
  Java Version: openjdk version "11.0.12" 2021-07-20; OpenJDK Runtime Environment (build 11.0.12+7-post-Debian-2deb10u1); OpenJDK 64-Bit Server VM (build 11.0.12+7-post-Debian-2deb10u1, mixed mode, sharing)
  Starting server from /home/juradoi/experiments/automlbenchmark/frameworks/H2OAutoML/venv/lib/python3.8/site-packages/h2o/backend/bin/h2o.jar
  Ice root: /tmp/tmp0lp2gehl
  JVM stdout: /tmp/tmp0lp2gehl/h2o_unknownUser_started_from_python.out
  JVM stderr: /tmp/tmp0lp2gehl/h2o_unknownUser_started_from_python.err
  Server is running at http://127.0.0.1:11582
Connecting to H2O server at http://127.0.0.1:11582 ... successful.
--------------------------  ------------------------------------------------------------------
H2O_cluster_uptime:         01 secs
H2O_cluster_timezone:       Europe/Amsterdam
H2O_data_parsing_timezone:  UTC
H2O_cluster_version:        3.34.0.3
H2O_cluster_version_age:    2 months and 2 days
H2O_cluster_name:           H2O_from_python_unknownUser_ewpmwn
H2O_cluster_total_nodes:    1
H2O_cluster_free_memory:    59.33 Gb
H2O_cluster_total_cores:    16
H2O_cluster_allowed_cores:  16
H2O_cluster_status:         locked, healthy
H2O_connection_url:         http://127.0.0.1:11582
H2O_connection_proxy:       {"http": null, "https": null}
H2O_internal_security:      False
H2O_API_Extensions:         Amazon S3, XGBoost, Algos, AutoML, Core V3, TargetEncoder, Core V4
Python_version:             3.8.12 final
--------------------------  ------------------------------------------------------------------
Parse progress: |████████████████████████████████████████████████████████████████| (done) 100%
Parse progress: |████████████████████████████████████████████████████████████████| (done) 100%
INFO:__main__:Running model on task Satellite, fold 0.
[MONITORING] [local.openml_t_359975.pygmo_c.Satellite.0.H2OAutoML] CPU Utilization: 64.1%
[MONITORING] [local.openml_t_359975.pygmo_c.Satellite.0.H2OAutoML] Memory Usage: 45.0%
[MONITORING] [local.openml_t_359975.pygmo_c.Satellite.0.H2OAutoML] Disk Usage: 43.2%
[MONITORING] [local.openml_t_359975.pygmo_c.Satellite.0.H2OAutoML] CPU Utilization: 78.5%
[MONITORING] [local.openml_t_359975.pygmo_c.Satellite.0.H2OAutoML] Memory Usage: 45.8%
[MONITORING] [local.openml_t_359975.pygmo_c.Satellite.0.H2OAutoML] Disk Usage: 43.2%
[MONITORING] [local.openml_t_359975.pygmo_c.Satellite.0.H2OAutoML] CPU Utilization: 78.5%
[MONITORING] [local.openml_t_359975.pygmo_c.Satellite.0.H2OAutoML] Memory Usage: 47.3%
[MONITORING] [local.openml_t_359975.pygmo_c.Satellite.0.H2OAutoML] Disk Usage: 43.2%
[MONITORING] [local.openml_t_359975.pygmo_c.Satellite.0.H2OAutoML] CPU Utilization: 77.7%
[MONITORING] [local.openml_t_359975.pygmo_c.Satellite.0.H2OAutoML] Memory Usage: 48.0%
[MONITORING] [local.openml_t_359975.pygmo_c.Satellite.0.H2OAutoML] Disk Usage: 43.2%
[MONITORING] [local.openml_t_359975.pygmo_c.Satellite.0.H2OAutoML] CPU Utilization: 78.5%
[MONITORING] [local.openml_t_359975.pygmo_c.Satellite.0.H2OAutoML] Memory Usage: 49.7%
[MONITORING] [local.openml_t_359975.pygmo_c.Satellite.0.H2OAutoML] Disk Usage: 43.2%
[MONITORING] [local.openml_t_359975.pygmo_c.Satellite.0.H2OAutoML] CPU Utilization: 77.8%
[MONITORING] [local.openml_t_359975.pygmo_c.Satellite.0.H2OAutoML] Memory Usage: 49.8%
[MONITORING] [local.openml_t_359975.pygmo_c.Satellite.0.H2OAutoML] Disk Usage: 43.2%
[MONITORING] [local.openml_t_359975.pygmo_c.Satellite.0.H2OAutoML] CPU Utilization: 76.7%
[MONITORING] [local.openml_t_359975.pygmo_c.Satellite.0.H2OAutoML] Memory Usage: 50.8%
[MONITORING] [local.openml_t_359975.pygmo_c.Satellite.0.H2OAutoML] Disk Usage: 43.2%
[MONITORING] [local.openml_t_359975.pygmo_c.Satellite.0.H2OAutoML] CPU Utilization: 77.4%
[MONITORING] [local.openml_t_359975.pygmo_c.Satellite.0.H2OAutoML] Memory Usage: 51.9%
[MONITORING] [local.openml_t_359975.pygmo_c.Satellite.0.H2OAutoML] Disk Usage: 43.2%
[MONITORING] [local.openml_t_359975.pygmo_c.Satellite.0.H2OAutoML] CPU Utilization: 76.6%
[MONITORING] [local.openml_t_359975.pygmo_c.Satellite.0.H2OAutoML] Memory Usage: 52.0%
[MONITORING] [local.openml_t_359975.pygmo_c.Satellite.0.H2OAutoML] Disk Usage: 43.2%
[MONITORING] [local.openml_t_359975.pygmo_c.Satellite.0.H2OAutoML] CPU Utilization: 77.0%
[MONITORING] [local.openml_t_359975.pygmo_c.Satellite.0.H2OAutoML] Memory Usage: 52.5%
[MONITORING] [local.openml_t_359975.pygmo_c.Satellite.0.H2OAutoML] Disk Usage: 43.2%
[MONITORING] [local.openml_t_359975.pygmo_c.Satellite.0.H2OAutoML] CPU Utilization: 76.4%
[MONITORING] [local.openml_t_359975.pygmo_c.Satellite.0.H2OAutoML] Memory Usage: 53.7%
[MONITORING] [local.openml_t_359975.pygmo_c.Satellite.0.H2OAutoML] Disk Usage: 43.2%
[MONITORING] [local.openml_t_359975.pygmo_c.Satellite.0.H2OAutoML] CPU Utilization: 75.4%
[MONITORING] [local.openml_t_359975.pygmo_c.Satellite.0.H2OAutoML] Memory Usage: 54.6%
[MONITORING] [local.openml_t_359975.pygmo_c.Satellite.0.H2OAutoML] Disk Usage: 43.2%
[MONITORING] [local.openml_t_359975.pygmo_c.Satellite.0.H2OAutoML] CPU Utilization: 74.4%
[MONITORING] [local.openml_t_359975.pygmo_c.Satellite.0.H2OAutoML] Memory Usage: 55.2%
[MONITORING] [local.openml_t_359975.pygmo_c.Satellite.0.H2OAutoML] Disk Usage: 43.2%
[MONITORING] [local.openml_t_359975.pygmo_c.Satellite.0.H2OAutoML] CPU Utilization: 74.1%
[MONITORING] [local.openml_t_359975.pygmo_c.Satellite.0.H2OAutoML] Memory Usage: 55.5%
[MONITORING] [local.openml_t_359975.pygmo_c.Satellite.0.H2OAutoML] Disk Usage: 43.2%
[MONITORING] [local.openml_t_359975.pygmo_c.Satellite.0.H2OAutoML] CPU Utilization: 74.7%
[MONITORING] [local.openml_t_359975.pygmo_c.Satellite.0.H2OAutoML] Memory Usage: 56.1%
[MONITORING] [local.openml_t_359975.pygmo_c.Satellite.0.H2OAutoML] Disk Usage: 43.2%
[MONITORING] [local.openml_t_359975.pygmo_c.Satellite.0.H2OAutoML] CPU Utilization: 74.4%
[MONITORING] [local.openml_t_359975.pygmo_c.Satellite.0.H2OAutoML] Memory Usage: 56.6%
[MONITORING] [local.openml_t_359975.pygmo_c.Satellite.0.H2OAutoML] Disk Usage: 43.2%
[MONITORING] [local.openml_t_359975.pygmo_c.Satellite.0.H2OAutoML] CPU Utilization: 74.2%
[MONITORING] [local.openml_t_359975.pygmo_c.Satellite.0.H2OAutoML] Memory Usage: 57.0%
[MONITORING] [local.openml_t_359975.pygmo_c.Satellite.0.H2OAutoML] Disk Usage: 43.2%
[MONITORING] [local.openml_t_359975.pygmo_c.Satellite.0.H2OAutoML] CPU Utilization: 74.5%
[MONITORING] [local.openml_t_359975.pygmo_c.Satellite.0.H2OAutoML] Memory Usage: 58.1%
[MONITORING] [local.openml_t_359975.pygmo_c.Satellite.0.H2OAutoML] Disk Usage: 43.2%
[MONITORING] [local.openml_t_359975.pygmo_c.Satellite.0.H2OAutoML] CPU Utilization: 74.9%
[MONITORING] [local.openml_t_359975.pygmo_c.Satellite.0.H2OAutoML] Memory Usage: 58.2%
[MONITORING] [local.openml_t_359975.pygmo_c.Satellite.0.H2OAutoML] Disk Usage: 43.2%
[MONITORING] [local.openml_t_359975.pygmo_c.Satellite.0.H2OAutoML] CPU Utilization: 96.6%
[MONITORING] [local.openml_t_359975.pygmo_c.Satellite.0.H2OAutoML] Memory Usage: 58.2%
[MONITORING] [local.openml_t_359975.pygmo_c.Satellite.0.H2OAutoML] Disk Usage: 43.2%
[MONITORING] [local.openml_t_359975.pygmo_c.Satellite.0.H2OAutoML] CPU Utilization: 97.3%
[MONITORING] [local.openml_t_359975.pygmo_c.Satellite.0.H2OAutoML] Memory Usage: 58.3%
[MONITORING] [local.openml_t_359975.pygmo_c.Satellite.0.H2OAutoML] Disk Usage: 43.2%
[MONITORING] [local.openml_t_359975.pygmo_c.Satellite.0.H2OAutoML] CPU Utilization: 97.9%
[MONITORING] [local.openml_t_359975.pygmo_c.Satellite.0.H2OAutoML] Memory Usage: 58.3%
[MONITORING] [local.openml_t_359975.pygmo_c.Satellite.0.H2OAutoML] Disk Usage: 43.2%
[MONITORING] [local.openml_t_359975.pygmo_c.Satellite.0.H2OAutoML] CPU Utilization: 98.5%
[MONITORING] [local.openml_t_359975.pygmo_c.Satellite.0.H2OAutoML] Memory Usage: 58.5%
[MONITORING] [local.openml_t_359975.pygmo_c.Satellite.0.H2OAutoML] Disk Usage: 43.2%
[MONITORING] [local.openml_t_359975.pygmo_c.Satellite.0.H2OAutoML] CPU Utilization: 96.7%
[MONITORING] [local.openml_t_359975.pygmo_c.Satellite.0.H2OAutoML] Memory Usage: 58.5%
[MONITORING] [local.openml_t_359975.pygmo_c.Satellite.0.H2OAutoML] Disk Usage: 43.2%
[MONITORING] [local.openml_t_359975.pygmo_c.Satellite.0.H2OAutoML] CPU Utilization: 98.0%
[MONITORING] [local.openml_t_359975.pygmo_c.Satellite.0.H2OAutoML] Memory Usage: 58.5%
[MONITORING] [local.openml_t_359975.pygmo_c.Satellite.0.H2OAutoML] Disk Usage: 43.2%
[MONITORING] [local.openml_t_359975.pygmo_c.Satellite.0.H2OAutoML] CPU Utilization: 98.2%
[MONITORING] [local.openml_t_359975.pygmo_c.Satellite.0.H2OAutoML] Memory Usage: 58.5%
[MONITORING] [local.openml_t_359975.pygmo_c.Satellite.0.H2OAutoML] Disk Usage: 43.2%
[MONITORING] [local.openml_t_359975.pygmo_c.Satellite.0.H2OAutoML] CPU Utilization: 89.9%
[MONITORING] [local.openml_t_359975.pygmo_c.Satellite.0.H2OAutoML] Memory Usage: 59.2%
[MONITORING] [local.openml_t_359975.pygmo_c.Satellite.0.H2OAutoML] Disk Usage: 43.2%
[MONITORING] [local.openml_t_359975.pygmo_c.Satellite.0.H2OAutoML] CPU Utilization: 98.4%
[MONITORING] [local.openml_t_359975.pygmo_c.Satellite.0.H2OAutoML] Memory Usage: 59.2%
[MONITORING] [local.openml_t_359975.pygmo_c.Satellite.0.H2OAutoML] Disk Usage: 43.2%
[MONITORING] [local.openml_t_359975.pygmo_c.Satellite.0.H2OAutoML] CPU Utilization: 95.9%
[MONITORING] [local.openml_t_359975.pygmo_c.Satellite.0.H2OAutoML] Memory Usage: 60.0%
[MONITORING] [local.openml_t_359975.pygmo_c.Satellite.0.H2OAutoML] Disk Usage: 43.2%
[MONITORING] [local.openml_t_359975.pygmo_c.Satellite.0.H2OAutoML] CPU Utilization: 92.3%
[MONITORING] [local.openml_t_359975.pygmo_c.Satellite.0.H2OAutoML] Memory Usage: 60.2%
[MONITORING] [local.openml_t_359975.pygmo_c.Satellite.0.H2OAutoML] Disk Usage: 43.2%
AutoML progress: |███████████████████████████████████████████████████████████████| (done) 100%
stackedensemble prediction progress: |███████████████████████████████████████████| (done) 100%
H2O session _sid_b2e0 closed.



Predictions preview:
                   Anomaly              Normal predictions   truth
0    0.001541411554462857  0.9984585884455371      Normal  Normal
1   0.0015692568931219286  0.9984307431068781      Normal  Normal
2   0.0015668483606072758  0.9984331516393927      Normal  Normal
3    0.001541411554462857  0.9984585884455371      Normal  Normal
4    0.001541411554462857  0.9984585884455371      Normal  Normal
5    0.001541411554462857  0.9984585884455371      Normal  Normal
6    0.002843289493067336  0.9971567105069327      Normal  Normal
7    0.001541411554462857  0.9984585884455371      Normal  Normal
8   0.0037536833963057736  0.9962463166036942      Normal  Normal
9   0.0016433726378622948  0.9983566273621377      Normal  Normal
10  0.0029506613399844506  0.9970493386600155      Normal  Normal
11   0.001541411554462857  0.9984585884455371      Normal  Normal
12  0.0026880787800651618  0.9973119212199348      Normal  Normal
13   0.001541411554462857  0.9984585884455371      Normal  Normal
14   0.001541411554462857  0.9984585884455371      Normal  Normal
15   0.001541411554462857  0.9984585884455371      Normal  Normal
16   0.001548187349890262  0.9984518126501097      Normal  Normal
17   0.001541411554462857  0.9984585884455371      Normal  Normal
18   0.005533136372223191  0.9944668636277768      Normal  Normal
19  0.0015930709507359087  0.9984069290492641      Normal  Normal

Predictions saved to `/home/juradoi/experiments/automlbenchmark/results/h2oautoml.openml_t_359975.pygmo_c.local.20211210T063537/predictions/Satellite/0/predictions.csv`.
Loading metadata from `/home/juradoi/experiments/automlbenchmark/results/h2oautoml.openml_t_359975.pygmo_c.local.20211210T063537/predictions/Satellite/0/metadata.json`.
Loading predictions from `/home/juradoi/experiments/automlbenchmark/results/h2oautoml.openml_t_359975.pygmo_c.local.20211210T063537/predictions/Satellite/0/predictions.csv`.
Metric scores: { 'acc': 0.9862745098039216,
  'app_version': 'dev [master, beef024]',
  'auc': 0.988923601249645,
  'balacc': 0.6408690712865663,
  'constraint': 'pygmo_c',
  'duration': nan,
  'fold': 0,
  'framework': 'H2OAutoML',
  'id': 'openml.org/t/359975',
  'info': None,
  'logloss': 0.03712608362954088,
  'metric': 'auc',
  'mode': 'local',
  'models_count': 1503,
  'params': '',
  'predict_duration': 0.34812378883361816,
  'result': 0.988923601249645,
  'seed': 470675007,
  'task': 'Satellite',
  'training_duration': 3604.6125893592834,
  'type': 'binary',
  'utc': '2021-12-10T07:35:52',
  'version': '3.34.0.3'}
Job `local.openml_t_359975.pygmo_c.Satellite.0.H2OAutoML` executed in 3614.473 seconds.
All jobs executed in 3615.134 seconds.
[MONITORING] [local.openml_t_359975.pygmo_c.Satellite.0.H2OAutoML] CPU Utilization: 36.7%
[MONITORING] [local.openml_t_359975.pygmo_c.Satellite.0.H2OAutoML] Memory Usage: 2.2%
[MONITORING] [local.openml_t_359975.pygmo_c.Satellite.0.H2OAutoML] Disk Usage: 43.2%
Processing results for h2oautoml.openml_t_359975.pygmo_c.local.20211210T063537
Scores saved to `/home/juradoi/experiments/automlbenchmark/results/h2oautoml.openml_t_359975.pygmo_c.local.20211210T063537/scores/H2OAutoML.benchmark_openml_t_359975.csv`.
Scores saved to `/home/juradoi/experiments/automlbenchmark/results/h2oautoml.openml_t_359975.pygmo_c.local.20211210T063537/scores/results.csv`.
Scores saved to `/home/juradoi/experiments/automlbenchmark/results/results.csv`.
Summing up scores for current run:
                 id      task fold framework constraint   result metric  duration      seed
openml.org/t/359975 Satellite    0 H2OAutoML    pygmo_c 0.988924    auc    3614.5 470675007
