/var/spool/slurm/slurmd/job8493637/slurm_script: line 8: activate: No such file or directory
Running benchmark `H2OAutoML` on `openml/t/168909` framework in `local` mode.
Loading frameworks definitions from ['/home/juradoi/experiments/automlbenchmark/resources/frameworks.yaml'].
Loading benchmark constraint definitions from ['/home/juradoi/experiments/automlbenchmark/resources/constraints.yaml'].
Loading openml task 168909.

---------------------------------------------------------------
Starting job local.openml_t_168909.pygmo_c.dilbert.0.H2OAutoML.
[MONITORING] [local.openml_t_168909.pygmo_c.dilbert.0.H2OAutoML] CPU Utilization: 18.6%
Assigning 16 cores (total=16) for new task dilbert.
[MONITORING] [local.openml_t_168909.pygmo_c.dilbert.0.H2OAutoML] Memory Usage: 2.4%
Assigning 90988 MB (total=95302 MB) for new dilbert task.
[MONITORING] [local.openml_t_168909.pygmo_c.dilbert.0.H2OAutoML] Disk Usage: 43.2%
Running task dilbert on framework H2OAutoML with config:
TaskConfig({})
Running cmd `/home/juradoi/experiments/automlbenchmark/frameworks/H2OAutoML/venv/bin/python -W ignore /home/juradoi/experiments/automlbenchmark/frameworks/H2OAutoML/exec.py`
INFO:__main__:
**** H2O AutoML [v3.34.0.3] ****

INFO:__main__:Starting H2O cluster with 16 cores, 60659M memory.
Checking whether there is an H2O instance running at http://localhost:10141 ..... not found.
Attempting to start a local H2O server...
  Java Version: openjdk version "11.0.12" 2021-07-20; OpenJDK Runtime Environment (build 11.0.12+7-post-Debian-2deb10u1); OpenJDK 64-Bit Server VM (build 11.0.12+7-post-Debian-2deb10u1, mixed mode, sharing)
  Starting server from /home/juradoi/experiments/automlbenchmark/frameworks/H2OAutoML/venv/lib/python3.8/site-packages/h2o/backend/bin/h2o.jar
  Ice root: /tmp/tmpqdne4fml
  JVM stdout: /tmp/tmpqdne4fml/h2o_unknownUser_started_from_python.out
  JVM stderr: /tmp/tmpqdne4fml/h2o_unknownUser_started_from_python.err
  Server is running at http://127.0.0.1:10141
Connecting to H2O server at http://127.0.0.1:10141 ... successful.
--------------------------  ------------------------------------------------------------------
H2O_cluster_uptime:         01 secs
H2O_cluster_timezone:       Europe/Amsterdam
H2O_data_parsing_timezone:  UTC
H2O_cluster_version:        3.34.0.3
H2O_cluster_version_age:    2 months and 2 days
H2O_cluster_name:           H2O_from_python_unknownUser_yt8wca
H2O_cluster_total_nodes:    1
H2O_cluster_free_memory:    59.25 Gb
H2O_cluster_total_cores:    16
H2O_cluster_allowed_cores:  16
H2O_cluster_status:         locked, healthy
H2O_connection_url:         http://127.0.0.1:10141
H2O_connection_proxy:       {"http": null, "https": null}
H2O_internal_security:      False
H2O_API_Extensions:         Amazon S3, XGBoost, Algos, AutoML, Core V3, TargetEncoder, Core V4
Python_version:             3.8.12 final
--------------------------  ------------------------------------------------------------------
Parse progress: |████████████████████████████████████████████████████████████████| (done) 100%
Parse progress: |████████████████████████████████████████████████████████████████| (done) 100%
INFO:__main__:Running model on task dilbert, fold 0.
[MONITORING] [local.openml_t_168909.pygmo_c.dilbert.0.H2OAutoML] CPU Utilization: 84.8%
[MONITORING] [local.openml_t_168909.pygmo_c.dilbert.0.H2OAutoML] Memory Usage: 10.4%
[MONITORING] [local.openml_t_168909.pygmo_c.dilbert.0.H2OAutoML] Disk Usage: 43.2%
[MONITORING] [local.openml_t_168909.pygmo_c.dilbert.0.H2OAutoML] CPU Utilization: 91.5%
[MONITORING] [local.openml_t_168909.pygmo_c.dilbert.0.H2OAutoML] Memory Usage: 44.8%
[MONITORING] [local.openml_t_168909.pygmo_c.dilbert.0.H2OAutoML] Disk Usage: 43.2%
[MONITORING] [local.openml_t_168909.pygmo_c.dilbert.0.H2OAutoML] CPU Utilization: 91.8%
[MONITORING] [local.openml_t_168909.pygmo_c.dilbert.0.H2OAutoML] Memory Usage: 44.9%
[MONITORING] [local.openml_t_168909.pygmo_c.dilbert.0.H2OAutoML] Disk Usage: 43.2%
[MONITORING] [local.openml_t_168909.pygmo_c.dilbert.0.H2OAutoML] CPU Utilization: 91.5%
[MONITORING] [local.openml_t_168909.pygmo_c.dilbert.0.H2OAutoML] Memory Usage: 44.9%
[MONITORING] [local.openml_t_168909.pygmo_c.dilbert.0.H2OAutoML] Disk Usage: 43.2%
[MONITORING] [local.openml_t_168909.pygmo_c.dilbert.0.H2OAutoML] CPU Utilization: 91.6%
[MONITORING] [local.openml_t_168909.pygmo_c.dilbert.0.H2OAutoML] Memory Usage: 44.9%
[MONITORING] [local.openml_t_168909.pygmo_c.dilbert.0.H2OAutoML] Disk Usage: 43.2%
[MONITORING] [local.openml_t_168909.pygmo_c.dilbert.0.H2OAutoML] CPU Utilization: 90.8%
[MONITORING] [local.openml_t_168909.pygmo_c.dilbert.0.H2OAutoML] Memory Usage: 45.0%
[MONITORING] [local.openml_t_168909.pygmo_c.dilbert.0.H2OAutoML] Disk Usage: 43.2%
[MONITORING] [local.openml_t_168909.pygmo_c.dilbert.0.H2OAutoML] CPU Utilization: 91.8%
[MONITORING] [local.openml_t_168909.pygmo_c.dilbert.0.H2OAutoML] Memory Usage: 45.0%
[MONITORING] [local.openml_t_168909.pygmo_c.dilbert.0.H2OAutoML] Disk Usage: 43.2%
[MONITORING] [local.openml_t_168909.pygmo_c.dilbert.0.H2OAutoML] CPU Utilization: 91.7%
[MONITORING] [local.openml_t_168909.pygmo_c.dilbert.0.H2OAutoML] Memory Usage: 45.1%
[MONITORING] [local.openml_t_168909.pygmo_c.dilbert.0.H2OAutoML] Disk Usage: 43.2%
[MONITORING] [local.openml_t_168909.pygmo_c.dilbert.0.H2OAutoML] CPU Utilization: 91.8%
[MONITORING] [local.openml_t_168909.pygmo_c.dilbert.0.H2OAutoML] Memory Usage: 45.1%
[MONITORING] [local.openml_t_168909.pygmo_c.dilbert.0.H2OAutoML] Disk Usage: 43.2%
[MONITORING] [local.openml_t_168909.pygmo_c.dilbert.0.H2OAutoML] CPU Utilization: 91.8%
[MONITORING] [local.openml_t_168909.pygmo_c.dilbert.0.H2OAutoML] Memory Usage: 45.1%
[MONITORING] [local.openml_t_168909.pygmo_c.dilbert.0.H2OAutoML] Disk Usage: 43.2%
[MONITORING] [local.openml_t_168909.pygmo_c.dilbert.0.H2OAutoML] CPU Utilization: 91.5%
[MONITORING] [local.openml_t_168909.pygmo_c.dilbert.0.H2OAutoML] Memory Usage: 45.1%
[MONITORING] [local.openml_t_168909.pygmo_c.dilbert.0.H2OAutoML] Disk Usage: 43.2%
[MONITORING] [local.openml_t_168909.pygmo_c.dilbert.0.H2OAutoML] CPU Utilization: 91.9%
[MONITORING] [local.openml_t_168909.pygmo_c.dilbert.0.H2OAutoML] Memory Usage: 45.2%
[MONITORING] [local.openml_t_168909.pygmo_c.dilbert.0.H2OAutoML] Disk Usage: 43.2%
[MONITORING] [local.openml_t_168909.pygmo_c.dilbert.0.H2OAutoML] CPU Utilization: 95.0%
[MONITORING] [local.openml_t_168909.pygmo_c.dilbert.0.H2OAutoML] Memory Usage: 45.4%
[MONITORING] [local.openml_t_168909.pygmo_c.dilbert.0.H2OAutoML] Disk Usage: 43.2%
[MONITORING] [local.openml_t_168909.pygmo_c.dilbert.0.H2OAutoML] CPU Utilization: 95.0%
[MONITORING] [local.openml_t_168909.pygmo_c.dilbert.0.H2OAutoML] Memory Usage: 45.4%
[MONITORING] [local.openml_t_168909.pygmo_c.dilbert.0.H2OAutoML] Disk Usage: 43.2%
[MONITORING] [local.openml_t_168909.pygmo_c.dilbert.0.H2OAutoML] CPU Utilization: 95.0%
[MONITORING] [local.openml_t_168909.pygmo_c.dilbert.0.H2OAutoML] Memory Usage: 45.4%
[MONITORING] [local.openml_t_168909.pygmo_c.dilbert.0.H2OAutoML] Disk Usage: 43.2%
[MONITORING] [local.openml_t_168909.pygmo_c.dilbert.0.H2OAutoML] CPU Utilization: 95.0%
[MONITORING] [local.openml_t_168909.pygmo_c.dilbert.0.H2OAutoML] Memory Usage: 45.4%
[MONITORING] [local.openml_t_168909.pygmo_c.dilbert.0.H2OAutoML] Disk Usage: 43.2%
[MONITORING] [local.openml_t_168909.pygmo_c.dilbert.0.H2OAutoML] CPU Utilization: 95.2%
[MONITORING] [local.openml_t_168909.pygmo_c.dilbert.0.H2OAutoML] Memory Usage: 45.4%
[MONITORING] [local.openml_t_168909.pygmo_c.dilbert.0.H2OAutoML] Disk Usage: 43.2%
[MONITORING] [local.openml_t_168909.pygmo_c.dilbert.0.H2OAutoML] CPU Utilization: 95.1%
[MONITORING] [local.openml_t_168909.pygmo_c.dilbert.0.H2OAutoML] Memory Usage: 45.4%
[MONITORING] [local.openml_t_168909.pygmo_c.dilbert.0.H2OAutoML] Disk Usage: 43.2%
[MONITORING] [local.openml_t_168909.pygmo_c.dilbert.0.H2OAutoML] CPU Utilization: 95.2%
[MONITORING] [local.openml_t_168909.pygmo_c.dilbert.0.H2OAutoML] Memory Usage: 45.4%
[MONITORING] [local.openml_t_168909.pygmo_c.dilbert.0.H2OAutoML] Disk Usage: 43.2%
[MONITORING] [local.openml_t_168909.pygmo_c.dilbert.0.H2OAutoML] CPU Utilization: 95.1%
[MONITORING] [local.openml_t_168909.pygmo_c.dilbert.0.H2OAutoML] Memory Usage: 45.4%
[MONITORING] [local.openml_t_168909.pygmo_c.dilbert.0.H2OAutoML] Disk Usage: 43.2%
[MONITORING] [local.openml_t_168909.pygmo_c.dilbert.0.H2OAutoML] CPU Utilization: 95.2%
[MONITORING] [local.openml_t_168909.pygmo_c.dilbert.0.H2OAutoML] Memory Usage: 45.5%
[MONITORING] [local.openml_t_168909.pygmo_c.dilbert.0.H2OAutoML] Disk Usage: 43.2%
[MONITORING] [local.openml_t_168909.pygmo_c.dilbert.0.H2OAutoML] CPU Utilization: 95.0%
[MONITORING] [local.openml_t_168909.pygmo_c.dilbert.0.H2OAutoML] Memory Usage: 45.5%
[MONITORING] [local.openml_t_168909.pygmo_c.dilbert.0.H2OAutoML] Disk Usage: 43.2%
[MONITORING] [local.openml_t_168909.pygmo_c.dilbert.0.H2OAutoML] CPU Utilization: 95.1%
[MONITORING] [local.openml_t_168909.pygmo_c.dilbert.0.H2OAutoML] Memory Usage: 45.5%
[MONITORING] [local.openml_t_168909.pygmo_c.dilbert.0.H2OAutoML] Disk Usage: 43.2%
[MONITORING] [local.openml_t_168909.pygmo_c.dilbert.0.H2OAutoML] CPU Utilization: 94.9%
[MONITORING] [local.openml_t_168909.pygmo_c.dilbert.0.H2OAutoML] Memory Usage: 45.5%
[MONITORING] [local.openml_t_168909.pygmo_c.dilbert.0.H2OAutoML] Disk Usage: 43.2%
[MONITORING] [local.openml_t_168909.pygmo_c.dilbert.0.H2OAutoML] CPU Utilization: 92.4%
[MONITORING] [local.openml_t_168909.pygmo_c.dilbert.0.H2OAutoML] Memory Usage: 45.8%
[MONITORING] [local.openml_t_168909.pygmo_c.dilbert.0.H2OAutoML] Disk Usage: 43.2%
[MONITORING] [local.openml_t_168909.pygmo_c.dilbert.0.H2OAutoML] CPU Utilization: 88.4%
[MONITORING] [local.openml_t_168909.pygmo_c.dilbert.0.H2OAutoML] Memory Usage: 45.5%
[MONITORING] [local.openml_t_168909.pygmo_c.dilbert.0.H2OAutoML] Disk Usage: 43.2%
[MONITORING] [local.openml_t_168909.pygmo_c.dilbert.0.H2OAutoML] CPU Utilization: 93.9%
[MONITORING] [local.openml_t_168909.pygmo_c.dilbert.0.H2OAutoML] Memory Usage: 45.6%
[MONITORING] [local.openml_t_168909.pygmo_c.dilbert.0.H2OAutoML] Disk Usage: 43.2%
[MONITORING] [local.openml_t_168909.pygmo_c.dilbert.0.H2OAutoML] CPU Utilization: 94.6%
[MONITORING] [local.openml_t_168909.pygmo_c.dilbert.0.H2OAutoML] Memory Usage: 45.6%
[MONITORING] [local.openml_t_168909.pygmo_c.dilbert.0.H2OAutoML] Disk Usage: 43.2%
[MONITORING] [local.openml_t_168909.pygmo_c.dilbert.0.H2OAutoML] CPU Utilization: 91.9%
[MONITORING] [local.openml_t_168909.pygmo_c.dilbert.0.H2OAutoML] Memory Usage: 46.1%
[MONITORING] [local.openml_t_168909.pygmo_c.dilbert.0.H2OAutoML] Disk Usage: 43.2%
[MONITORING] [local.openml_t_168909.pygmo_c.dilbert.0.H2OAutoML] CPU Utilization: 86.3%
[MONITORING] [local.openml_t_168909.pygmo_c.dilbert.0.H2OAutoML] Memory Usage: 45.7%
[MONITORING] [local.openml_t_168909.pygmo_c.dilbert.0.H2OAutoML] Disk Usage: 43.2%
AutoML progress: |███████████████████████████████████████████████████████████████| (done) 100%
stackedensemble prediction progress: |███████████████████████████████████████████| (done) 100%
H2O session _sid_bdf4 closed.



Predictions preview:
                         0                   1                      2                      3                      4 predictions truth
0    6.321702195963988E-6    0.99997233126244  1.1595515144986777E-5  1.5359258000426644E-6   8.215594419108946E-6           1     1
1   2.8305097416997697E-4  0.9996692665828707   2.628349880372705E-5   5.282818156678486E-6   1.611612599891591E-5           1     1
2   0.0010398880469661568   0.998826083439924   2.348958970349486E-5  2.9346015934936625E-5   8.119290747125677E-5           1     1
3    0.019667704145616142  0.9796815915810955   3.045542527798191E-4   6.597372189525699E-5  2.8017629861307837E-4           1     1
4    1.574447741372529E-4   0.999817038021384   6.633998710424673E-6  4.2347990319993295E-6  1.4648406736009562E-5           1     1
5    0.002962761553397504  0.9966296492243398  1.8540281293648827E-5  4.6863108624929474E-5   3.421858323439271E-4           1     1
6    1.246876497294561E-4  0.9994467615019392   2.567535977192874E-4   8.143720011670064E-5   9.036005049547656E-5           1     1
7    7.670198167082011E-7  0.9999972604176264   7.923729514193852E-7  2.4142187474506767E-7   9.387677307544198E-7           1     1
8    6.369863943445603E-7  0.9999961606455354  1.1047552764710754E-6   4.148590320462276E-7   1.682753761741156E-6           1     1
9    9.474238005860287E-7  0.9999959763209033   4.623391343211245E-7     4.7158196894325E-7   2.142334192746451E-6           1     1
10   6.596914707392237E-5  0.9998861890128407   9.288023117668356E-6   7.725662039382003E-6   3.082815492831451E-5           1     1
11  0.0068796833076974736  0.9918695992442127   7.240828781836818E-4   3.096459083590063E-4  2.1698866154718838E-4           1     1
12   6.958976266679119E-4  0.9992738195211573  1.5978914709352423E-5  2.9189099379174426E-6   1.138502752761663E-5           1     1
13  2.6668514655682874E-6  0.9999952360006301  3.8246232978771886E-7    3.01400685316597E-7  1.4132848890750075E-6           1     1
14  1.3212854467079617E-6  0.9999933804240765    5.90794525856524E-7  3.8117534944347807E-7   4.326320601569301E-6           1     1
15   1.420667336941395E-4  0.9998104912557804  1.4254953566434637E-5   9.601513147730523E-6  2.3585543811261523E-5           1     1
16  3.1359224146053674E-6  0.9999931388215171  1.6052712079423978E-6   4.552150665125355E-7  1.6647697938501665E-6           1     1
17   7.140064696720873E-4  0.9992132409267991   3.814804938430619E-5   1.551896595021796E-5  1.9085588194299227E-5           1     1
18   7.083974206192597E-6   0.999937166683684  1.3049446952153178E-5   3.917588616447866E-6  3.8782306540924564E-5           1     1
19   1.225067430935312E-4  0.9991988644443207   2.470173563185219E-4  1.7056714379829567E-5  4.1455474188739784E-4           1     1

Predictions saved to `/home/juradoi/experiments/automlbenchmark/results/h2oautoml.openml_t_168909.pygmo_c.local.20211209T210454/predictions/dilbert/0/predictions.csv`.
Loading metadata from `/home/juradoi/experiments/automlbenchmark/results/h2oautoml.openml_t_168909.pygmo_c.local.20211209T210454/predictions/dilbert/0/metadata.json`.
Loading predictions from `/home/juradoi/experiments/automlbenchmark/results/h2oautoml.openml_t_168909.pygmo_c.local.20211209T210454/predictions/dilbert/0/predictions.csv`.
Metric scores: { 'acc': 0.989,
  'app_version': 'dev [master, beef024]',
  'balacc': 0.989132086982232,
  'constraint': 'pygmo_c',
  'duration': nan,
  'fold': 0,
  'framework': 'H2OAutoML',
  'id': 'openml.org/t/168909',
  'info': None,
  'logloss': 0.037620374073998555,
  'metric': 'neg_logloss',
  'mode': 'local',
  'models_count': 19,
  'params': '',
  'predict_duration': 0.29485249519348145,
  'result': -0.037620374073998555,
  'seed': 1653713524,
  'task': 'dilbert',
  'training_duration': 3603.080726146698,
  'type': 'multiclass',
  'utc': '2021-12-09T22:05:09',
  'version': '3.34.0.3'}
Job `local.openml_t_168909.pygmo_c.dilbert.0.H2OAutoML` executed in 3614.993 seconds.
All jobs executed in 3615.011 seconds.
[MONITORING] [local.openml_t_168909.pygmo_c.dilbert.0.H2OAutoML] CPU Utilization: 68.0%
[MONITORING] [local.openml_t_168909.pygmo_c.dilbert.0.H2OAutoML] Memory Usage: 2.4%
[MONITORING] [local.openml_t_168909.pygmo_c.dilbert.0.H2OAutoML] Disk Usage: 43.2%
Processing results for h2oautoml.openml_t_168909.pygmo_c.local.20211209T210454
Scores saved to `/home/juradoi/experiments/automlbenchmark/results/h2oautoml.openml_t_168909.pygmo_c.local.20211209T210454/scores/H2OAutoML.benchmark_openml_t_168909.csv`.
Scores saved to `/home/juradoi/experiments/automlbenchmark/results/h2oautoml.openml_t_168909.pygmo_c.local.20211209T210454/scores/results.csv`.
Scores saved to `/home/juradoi/experiments/automlbenchmark/results/results.csv`.
Summing up scores for current run:
                 id    task fold framework constraint   result      metric  duration       seed
openml.org/t/168909 dilbert    0 H2OAutoML    pygmo_c -0.03762 neg_logloss    3615.0 1653713524
