/var/spool/slurm/slurmd/job8493041/slurm_script: line 8: activate: No such file or directory
Running benchmark `H2OAutoML` on `openml/t/146820` framework in `local` mode.
Loading frameworks definitions from ['/home/juradoi/experiments/automlbenchmark/resources/frameworks.yaml'].
Loading benchmark constraint definitions from ['/home/juradoi/experiments/automlbenchmark/resources/constraints.yaml'].
Loading openml task 146820.
--- Logging error ---
Traceback (most recent call last):

  File "/home/juradoi/miniconda3/envs/venv/lib/python3.8/logging/__init__.py", line 1088, in emit
    stream.write(msg + self.terminator)

UnicodeEncodeError: 'latin-1' codec can't encode characters in position 1558-1559: ordinal not in range(256)

Call stack:
  File "runbenchmark.py", line 163, in <module>
    bench = amlb.Benchmark(args.framework, args.benchmark, args.constraint)

  File "/home/juradoi/experiments/automlbenchmark/amlb/benchmark.py", line 84, in __init__
    self.benchmark_def, self.benchmark_name, self.benchmark_path = rget().benchmark_definition(benchmark_name, self.constraint_def)

  File "/home/juradoi/experiments/automlbenchmark/amlb/resources.py", line 195, in benchmark_definition
    log.debug("Available task definitions:\n%s", tasks)

Message: 'Available task definitions:\n%s'
Arguments: ([{'name': 'wilt', 'description': "**Author**: Brian Johnson     \n**Source**: [UCI] (https://archive.ics.uci.edu/ml/datasets/Wilt)  \n**Please cite**: Johnson, B., Tateishi, R., Hoan, N., 2013. A hybrid pansharpening approach and multiscale object-based image analysis for mapping diseased pine and oak trees. International Journal of Remote Sensing, 34 (20), 6969-6982.   \n\n__Changes w.r.t. version 1: renamed variables such that they match description.__\n\n\n### Dataset:  \nWilt Data Set \n\n### Abstract:    \nHigh-resolution Remote Sensing data set (Quickbird). Small number of training samples of diseased trees, large number for other land cover. Testing data set from stratified random sample of image.\n\n### Source:\n  \nBrian Johnson; \nInstitute for Global Environmental Strategies; \n2108-11 Kamiyamaguchi, Hayama, Kanagawa,240-0115 Japan; \nEmail: Johnson '@' iges.or.jp \n\n\n### Data Set Information:  \n\nThis data set contains some training and testing data from a remote sensing study by Johnson et al. (2013) that involved detecting diseased trees in Quickbird imagery. There are few training samples for the 'diseased trees' class (74) and many for 'other land cover' class (4265). \n\nThe data set consists of image segments, generated by segmenting the pansharpened image. The segments contain spectral information from the Quickbird multispectral image bands and texture information from the panchromatic (Pan) image band. The testing data set is for the row with â\u20ac\u0153Segmentation scale 15â\u20ac\x9d segments and â\u20ac\u0153original multi-spectral imageâ\u20ac\x9d Spectral information in Table 2 of the reference (i.e. row 5). Please see the reference below for more information on the data set, and please cite the reference if you use this data set. Enjoy! \n\n### Attribute Information:\n\nclass: 'w' (diseased trees), 'n' (all other land cover)   \nGLCM_Pan: GLCM mean texture (Pan band)   \nMean_G: Mean green value   \nMean_R: Mean red value   \nMean_NIR: Mean NIR value   \nSD_Pan: Standard deviation (Pan band)   \n\n\n### Relevant Papers:\n\nJohnson, B., Tateishi, R., Hoan, N., 2013. A hybrid pansharpening approach and multiscale object-based image analysis for mapping diseased pine and oak trees. International Journal of Remote Sensing, 34 (20), 6969-6982.", 'openml_task_id': 146820, 'id': 'openml.org/t/146820', 'folds': 1, 'max_runtime_seconds': 3600, 'cores': 16, 'max_mem_size_mb': -1, 'min_vol_size_mb': -1, 'metric': None, 'ec2_instance_type': 'm5.4xlarge', 'ec2_volume_type': 'standard'}, {'folds': 1, 'max_runtime_seconds': 3600, 'cores': 16, 'name': '__defaults__', 'max_mem_size_mb': -1, 'min_vol_size_mb': -1, 'id': None, 'metric': None, 'ec2_instance_type': 'm5.4xlarge', 'ec2_volume_type': 'standard', 'enabled': False}],)
--- Logging error ---
Traceback (most recent call last):

  File "/home/juradoi/miniconda3/envs/venv/lib/python3.8/logging/__init__.py", line 1088, in emit
    stream.write(msg + self.terminator)

UnicodeEncodeError: 'latin-1' codec can't encode characters in position 1558-1559: ordinal not in range(256)

Call stack:
  File "runbenchmark.py", line 163, in <module>
    bench = amlb.Benchmark(args.framework, args.benchmark, args.constraint)

  File "/home/juradoi/experiments/automlbenchmark/amlb/benchmark.py", line 85, in __init__
    log.debug("Using benchmark definition: %s.", self.benchmark_def)

Message: 'Using benchmark definition: %s.'
Arguments: ([{'name': 'wilt', 'description': "**Author**: Brian Johnson     \n**Source**: [UCI] (https://archive.ics.uci.edu/ml/datasets/Wilt)  \n**Please cite**: Johnson, B., Tateishi, R., Hoan, N., 2013. A hybrid pansharpening approach and multiscale object-based image analysis for mapping diseased pine and oak trees. International Journal of Remote Sensing, 34 (20), 6969-6982.   \n\n__Changes w.r.t. version 1: renamed variables such that they match description.__\n\n\n### Dataset:  \nWilt Data Set \n\n### Abstract:    \nHigh-resolution Remote Sensing data set (Quickbird). Small number of training samples of diseased trees, large number for other land cover. Testing data set from stratified random sample of image.\n\n### Source:\n  \nBrian Johnson; \nInstitute for Global Environmental Strategies; \n2108-11 Kamiyamaguchi, Hayama, Kanagawa,240-0115 Japan; \nEmail: Johnson '@' iges.or.jp \n\n\n### Data Set Information:  \n\nThis data set contains some training and testing data from a remote sensing study by Johnson et al. (2013) that involved detecting diseased trees in Quickbird imagery. There are few training samples for the 'diseased trees' class (74) and many for 'other land cover' class (4265). \n\nThe data set consists of image segments, generated by segmenting the pansharpened image. The segments contain spectral information from the Quickbird multispectral image bands and texture information from the panchromatic (Pan) image band. The testing data set is for the row with â\u20ac\u0153Segmentation scale 15â\u20ac\x9d segments and â\u20ac\u0153original multi-spectral imageâ\u20ac\x9d Spectral information in Table 2 of the reference (i.e. row 5). Please see the reference below for more information on the data set, and please cite the reference if you use this data set. Enjoy! \n\n### Attribute Information:\n\nclass: 'w' (diseased trees), 'n' (all other land cover)   \nGLCM_Pan: GLCM mean texture (Pan band)   \nMean_G: Mean green value   \nMean_R: Mean red value   \nMean_NIR: Mean NIR value   \nSD_Pan: Standard deviation (Pan band)   \n\n\n### Relevant Papers:\n\nJohnson, B., Tateishi, R., Hoan, N., 2013. A hybrid pansharpening approach and multiscale object-based image analysis for mapping diseased pine and oak trees. International Journal of Remote Sensing, 34 (20), 6969-6982.", 'openml_task_id': 146820, 'id': 'openml.org/t/146820', 'folds': 1, 'max_runtime_seconds': 3600, 'cores': 16, 'max_mem_size_mb': -1, 'min_vol_size_mb': -1, 'metric': None, 'ec2_instance_type': 'm5.4xlarge', 'ec2_volume_type': 'standard'}, {'folds': 1, 'max_runtime_seconds': 3600, 'cores': 16, 'name': '__defaults__', 'max_mem_size_mb': -1, 'min_vol_size_mb': -1, 'id': None, 'metric': None, 'ec2_instance_type': 'm5.4xlarge', 'ec2_volume_type': 'standard', 'enabled': False}],)

------------------------------------------------------------
Starting job local.openml_t_146820.pygmo_c.wilt.0.H2OAutoML.
Assigning 16 cores (total=16) for new task wilt.
Assigning 91363 MB (total=95302 MB) for new wilt task.
[MONITORING] [local.openml_t_146820.pygmo_c.wilt.0.H2OAutoML] CPU Utilization: 12.3%
[MONITORING] [local.openml_t_146820.pygmo_c.wilt.0.H2OAutoML] Memory Usage: 2.0%
[MONITORING] [local.openml_t_146820.pygmo_c.wilt.0.H2OAutoML] Disk Usage: 43.2%
Running task wilt on framework H2OAutoML with config:
TaskConfig({})
Running cmd `/home/juradoi/experiments/automlbenchmark/frameworks/H2OAutoML/venv/bin/python -W ignore /home/juradoi/experiments/automlbenchmark/frameworks/H2OAutoML/exec.py`
INFO:__main__:
**** H2O AutoML [v3.34.0.3] ****

INFO:__main__:Starting H2O cluster with 16 cores, 60909M memory.
Checking whether there is an H2O instance running at http://localhost:27909 ..... not found.
Attempting to start a local H2O server...
  Java Version: openjdk version "11.0.12" 2021-07-20; OpenJDK Runtime Environment (build 11.0.12+7-post-Debian-2deb10u1); OpenJDK 64-Bit Server VM (build 11.0.12+7-post-Debian-2deb10u1, mixed mode, sharing)
  Starting server from /home/juradoi/experiments/automlbenchmark/frameworks/H2OAutoML/venv/lib/python3.8/site-packages/h2o/backend/bin/h2o.jar
  Ice root: /tmp/tmp52n6vnn1
  JVM stdout: /tmp/tmp52n6vnn1/h2o_unknownUser_started_from_python.out
  JVM stderr: /tmp/tmp52n6vnn1/h2o_unknownUser_started_from_python.err
  Server is running at http://127.0.0.1:27909
Connecting to H2O server at http://127.0.0.1:27909 ... successful.
--------------------------  ------------------------------------------------------------------
H2O_cluster_uptime:         01 secs
H2O_cluster_timezone:       Europe/Amsterdam
H2O_data_parsing_timezone:  UTC
H2O_cluster_version:        3.34.0.3
H2O_cluster_version_age:    2 months and 2 days
H2O_cluster_name:           H2O_from_python_unknownUser_vzm5vf
H2O_cluster_total_nodes:    1
H2O_cluster_free_memory:    59.48 Gb
H2O_cluster_total_cores:    16
H2O_cluster_allowed_cores:  16
H2O_cluster_status:         locked, healthy
H2O_connection_url:         http://127.0.0.1:27909
H2O_connection_proxy:       {"http": null, "https": null}
H2O_internal_security:      False
H2O_API_Extensions:         Amazon S3, XGBoost, Algos, AutoML, Core V3, TargetEncoder, Core V4
Python_version:             3.8.12 final
--------------------------  ------------------------------------------------------------------
Parse progress: |â–ˆâ–ˆâ–ˆâ–ˆâ–ˆâ–ˆâ–ˆâ–ˆâ–ˆâ–ˆâ–ˆâ–ˆâ–ˆâ–ˆâ–ˆâ–ˆâ–ˆâ–ˆâ–ˆâ–ˆâ–ˆâ–ˆâ–ˆâ–ˆâ–ˆâ–ˆâ–ˆâ–ˆâ–ˆâ–ˆâ–ˆâ–ˆâ–ˆâ–ˆâ–ˆâ–ˆâ–ˆâ–ˆâ–ˆâ–ˆâ–ˆâ–ˆâ–ˆâ–ˆâ–ˆâ–ˆâ–ˆâ–ˆâ–ˆâ–ˆâ–ˆâ–ˆâ–ˆâ–ˆâ–ˆâ–ˆâ–ˆâ–ˆâ–ˆâ–ˆâ–ˆâ–ˆâ–ˆâ–ˆ| (done) 100%
Parse progress: |â–ˆâ–ˆâ–ˆâ–ˆâ–ˆâ–ˆâ–ˆâ–ˆâ–ˆâ–ˆâ–ˆâ–ˆâ–ˆâ–ˆâ–ˆâ–ˆâ–ˆâ–ˆâ–ˆâ–ˆâ–ˆâ–ˆâ–ˆâ–ˆâ–ˆâ–ˆâ–ˆâ–ˆâ–ˆâ–ˆâ–ˆâ–ˆâ–ˆâ–ˆâ–ˆâ–ˆâ–ˆâ–ˆâ–ˆâ–ˆâ–ˆâ–ˆâ–ˆâ–ˆâ–ˆâ–ˆâ–ˆâ–ˆâ–ˆâ–ˆâ–ˆâ–ˆâ–ˆâ–ˆâ–ˆâ–ˆâ–ˆâ–ˆâ–ˆâ–ˆâ–ˆâ–ˆâ–ˆâ–ˆ| (done) 100%
INFO:__main__:Running model on task wilt, fold 0.
[MONITORING] [local.openml_t_146820.pygmo_c.wilt.0.H2OAutoML] CPU Utilization: 65.4%
[MONITORING] [local.openml_t_146820.pygmo_c.wilt.0.H2OAutoML] Memory Usage: 39.8%
[MONITORING] [local.openml_t_146820.pygmo_c.wilt.0.H2OAutoML] Disk Usage: 43.2%
[MONITORING] [local.openml_t_146820.pygmo_c.wilt.0.H2OAutoML] CPU Utilization: 75.3%
[MONITORING] [local.openml_t_146820.pygmo_c.wilt.0.H2OAutoML] Memory Usage: 42.2%
[MONITORING] [local.openml_t_146820.pygmo_c.wilt.0.H2OAutoML] Disk Usage: 43.2%
[MONITORING] [local.openml_t_146820.pygmo_c.wilt.0.H2OAutoML] CPU Utilization: 73.0%
[MONITORING] [local.openml_t_146820.pygmo_c.wilt.0.H2OAutoML] Memory Usage: 46.5%
[MONITORING] [local.openml_t_146820.pygmo_c.wilt.0.H2OAutoML] Disk Usage: 43.2%
[MONITORING] [local.openml_t_146820.pygmo_c.wilt.0.H2OAutoML] CPU Utilization: 77.8%
[MONITORING] [local.openml_t_146820.pygmo_c.wilt.0.H2OAutoML] Memory Usage: 46.7%
[MONITORING] [local.openml_t_146820.pygmo_c.wilt.0.H2OAutoML] Disk Usage: 43.2%
[MONITORING] [local.openml_t_146820.pygmo_c.wilt.0.H2OAutoML] CPU Utilization: 74.9%
[MONITORING] [local.openml_t_146820.pygmo_c.wilt.0.H2OAutoML] Memory Usage: 46.9%
[MONITORING] [local.openml_t_146820.pygmo_c.wilt.0.H2OAutoML] Disk Usage: 43.2%
[MONITORING] [local.openml_t_146820.pygmo_c.wilt.0.H2OAutoML] CPU Utilization: 74.7%
[MONITORING] [local.openml_t_146820.pygmo_c.wilt.0.H2OAutoML] Memory Usage: 48.1%
[MONITORING] [local.openml_t_146820.pygmo_c.wilt.0.H2OAutoML] Disk Usage: 43.2%
[MONITORING] [local.openml_t_146820.pygmo_c.wilt.0.H2OAutoML] CPU Utilization: 73.5%
[MONITORING] [local.openml_t_146820.pygmo_c.wilt.0.H2OAutoML] Memory Usage: 48.3%
[MONITORING] [local.openml_t_146820.pygmo_c.wilt.0.H2OAutoML] Disk Usage: 43.2%
[MONITORING] [local.openml_t_146820.pygmo_c.wilt.0.H2OAutoML] CPU Utilization: 73.7%
[MONITORING] [local.openml_t_146820.pygmo_c.wilt.0.H2OAutoML] Memory Usage: 49.5%
[MONITORING] [local.openml_t_146820.pygmo_c.wilt.0.H2OAutoML] Disk Usage: 43.2%
[MONITORING] [local.openml_t_146820.pygmo_c.wilt.0.H2OAutoML] CPU Utilization: 74.1%
[MONITORING] [local.openml_t_146820.pygmo_c.wilt.0.H2OAutoML] Memory Usage: 49.6%
[MONITORING] [local.openml_t_146820.pygmo_c.wilt.0.H2OAutoML] Disk Usage: 43.2%
[MONITORING] [local.openml_t_146820.pygmo_c.wilt.0.H2OAutoML] CPU Utilization: 74.0%
[MONITORING] [local.openml_t_146820.pygmo_c.wilt.0.H2OAutoML] Memory Usage: 49.6%
[MONITORING] [local.openml_t_146820.pygmo_c.wilt.0.H2OAutoML] Disk Usage: 43.2%
[MONITORING] [local.openml_t_146820.pygmo_c.wilt.0.H2OAutoML] CPU Utilization: 70.8%
[MONITORING] [local.openml_t_146820.pygmo_c.wilt.0.H2OAutoML] Memory Usage: 50.5%
[MONITORING] [local.openml_t_146820.pygmo_c.wilt.0.H2OAutoML] Disk Usage: 43.2%
[MONITORING] [local.openml_t_146820.pygmo_c.wilt.0.H2OAutoML] CPU Utilization: 70.6%
[MONITORING] [local.openml_t_146820.pygmo_c.wilt.0.H2OAutoML] Memory Usage: 50.5%
[MONITORING] [local.openml_t_146820.pygmo_c.wilt.0.H2OAutoML] Disk Usage: 43.2%
[MONITORING] [local.openml_t_146820.pygmo_c.wilt.0.H2OAutoML] CPU Utilization: 76.7%
[MONITORING] [local.openml_t_146820.pygmo_c.wilt.0.H2OAutoML] Memory Usage: 51.0%
[MONITORING] [local.openml_t_146820.pygmo_c.wilt.0.H2OAutoML] Disk Usage: 43.2%
[MONITORING] [local.openml_t_146820.pygmo_c.wilt.0.H2OAutoML] CPU Utilization: 72.2%
[MONITORING] [local.openml_t_146820.pygmo_c.wilt.0.H2OAutoML] Memory Usage: 51.0%
[MONITORING] [local.openml_t_146820.pygmo_c.wilt.0.H2OAutoML] Disk Usage: 43.2%
[MONITORING] [local.openml_t_146820.pygmo_c.wilt.0.H2OAutoML] CPU Utilization: 69.4%
[MONITORING] [local.openml_t_146820.pygmo_c.wilt.0.H2OAutoML] Memory Usage: 51.3%
[MONITORING] [local.openml_t_146820.pygmo_c.wilt.0.H2OAutoML] Disk Usage: 43.2%
[MONITORING] [local.openml_t_146820.pygmo_c.wilt.0.H2OAutoML] CPU Utilization: 67.1%
[MONITORING] [local.openml_t_146820.pygmo_c.wilt.0.H2OAutoML] Memory Usage: 52.3%
[MONITORING] [local.openml_t_146820.pygmo_c.wilt.0.H2OAutoML] Disk Usage: 43.2%
[MONITORING] [local.openml_t_146820.pygmo_c.wilt.0.H2OAutoML] CPU Utilization: 67.4%
[MONITORING] [local.openml_t_146820.pygmo_c.wilt.0.H2OAutoML] Memory Usage: 53.2%
[MONITORING] [local.openml_t_146820.pygmo_c.wilt.0.H2OAutoML] Disk Usage: 43.2%
[MONITORING] [local.openml_t_146820.pygmo_c.wilt.0.H2OAutoML] CPU Utilization: 68.5%
[MONITORING] [local.openml_t_146820.pygmo_c.wilt.0.H2OAutoML] Memory Usage: 54.3%
[MONITORING] [local.openml_t_146820.pygmo_c.wilt.0.H2OAutoML] Disk Usage: 43.2%
[MONITORING] [local.openml_t_146820.pygmo_c.wilt.0.H2OAutoML] CPU Utilization: 68.1%
[MONITORING] [local.openml_t_146820.pygmo_c.wilt.0.H2OAutoML] Memory Usage: 54.4%
[MONITORING] [local.openml_t_146820.pygmo_c.wilt.0.H2OAutoML] Disk Usage: 43.2%
[MONITORING] [local.openml_t_146820.pygmo_c.wilt.0.H2OAutoML] CPU Utilization: 67.2%
[MONITORING] [local.openml_t_146820.pygmo_c.wilt.0.H2OAutoML] Memory Usage: 54.8%
[MONITORING] [local.openml_t_146820.pygmo_c.wilt.0.H2OAutoML] Disk Usage: 43.2%
[MONITORING] [local.openml_t_146820.pygmo_c.wilt.0.H2OAutoML] CPU Utilization: 68.0%
[MONITORING] [local.openml_t_146820.pygmo_c.wilt.0.H2OAutoML] Memory Usage: 55.6%
[MONITORING] [local.openml_t_146820.pygmo_c.wilt.0.H2OAutoML] Disk Usage: 43.2%
[MONITORING] [local.openml_t_146820.pygmo_c.wilt.0.H2OAutoML] CPU Utilization: 67.3%
[MONITORING] [local.openml_t_146820.pygmo_c.wilt.0.H2OAutoML] Memory Usage: 55.7%
[MONITORING] [local.openml_t_146820.pygmo_c.wilt.0.H2OAutoML] Disk Usage: 43.2%
[MONITORING] [local.openml_t_146820.pygmo_c.wilt.0.H2OAutoML] CPU Utilization: 68.2%
[MONITORING] [local.openml_t_146820.pygmo_c.wilt.0.H2OAutoML] Memory Usage: 56.9%
[MONITORING] [local.openml_t_146820.pygmo_c.wilt.0.H2OAutoML] Disk Usage: 43.2%
[MONITORING] [local.openml_t_146820.pygmo_c.wilt.0.H2OAutoML] CPU Utilization: 88.4%
[MONITORING] [local.openml_t_146820.pygmo_c.wilt.0.H2OAutoML] Memory Usage: 57.0%
[MONITORING] [local.openml_t_146820.pygmo_c.wilt.0.H2OAutoML] Disk Usage: 43.2%
[MONITORING] [local.openml_t_146820.pygmo_c.wilt.0.H2OAutoML] CPU Utilization: 96.9%
[MONITORING] [local.openml_t_146820.pygmo_c.wilt.0.H2OAutoML] Memory Usage: 57.0%
[MONITORING] [local.openml_t_146820.pygmo_c.wilt.0.H2OAutoML] Disk Usage: 43.2%
[MONITORING] [local.openml_t_146820.pygmo_c.wilt.0.H2OAutoML] CPU Utilization: 97.8%
[MONITORING] [local.openml_t_146820.pygmo_c.wilt.0.H2OAutoML] Memory Usage: 57.1%
[MONITORING] [local.openml_t_146820.pygmo_c.wilt.0.H2OAutoML] Disk Usage: 43.2%
[MONITORING] [local.openml_t_146820.pygmo_c.wilt.0.H2OAutoML] CPU Utilization: 96.3%
[MONITORING] [local.openml_t_146820.pygmo_c.wilt.0.H2OAutoML] Memory Usage: 57.1%
[MONITORING] [local.openml_t_146820.pygmo_c.wilt.0.H2OAutoML] Disk Usage: 43.2%
[MONITORING] [local.openml_t_146820.pygmo_c.wilt.0.H2OAutoML] CPU Utilization: 91.8%
[MONITORING] [local.openml_t_146820.pygmo_c.wilt.0.H2OAutoML] Memory Usage: 57.2%
[MONITORING] [local.openml_t_146820.pygmo_c.wilt.0.H2OAutoML] Disk Usage: 43.2%
[MONITORING] [local.openml_t_146820.pygmo_c.wilt.0.H2OAutoML] CPU Utilization: 95.9%
[MONITORING] [local.openml_t_146820.pygmo_c.wilt.0.H2OAutoML] Memory Usage: 57.2%
[MONITORING] [local.openml_t_146820.pygmo_c.wilt.0.H2OAutoML] Disk Usage: 43.2%
[MONITORING] [local.openml_t_146820.pygmo_c.wilt.0.H2OAutoML] CPU Utilization: 85.1%
[MONITORING] [local.openml_t_146820.pygmo_c.wilt.0.H2OAutoML] Memory Usage: 57.2%
[MONITORING] [local.openml_t_146820.pygmo_c.wilt.0.H2OAutoML] Disk Usage: 43.2%
AutoML progress: |â–ˆâ–ˆâ–ˆâ–ˆâ–ˆâ–ˆâ–ˆâ–ˆâ–ˆâ–ˆâ–ˆâ–ˆâ–ˆâ–ˆâ–ˆâ–ˆâ–ˆâ–ˆâ–ˆâ–ˆâ–ˆâ–ˆâ–ˆâ–ˆâ–ˆâ–ˆâ–ˆâ–ˆâ–ˆâ–ˆâ–ˆâ–ˆâ–ˆâ–ˆâ–ˆâ–ˆâ–ˆâ–ˆâ–ˆâ–ˆâ–ˆâ–ˆâ–ˆâ–ˆâ–ˆâ–ˆâ–ˆâ–ˆâ–ˆâ–ˆâ–ˆâ–ˆâ–ˆâ–ˆâ–ˆâ–ˆâ–ˆâ–ˆâ–ˆâ–ˆâ–ˆâ–ˆâ–ˆ| (done) 100%
gbm prediction progress: |â–ˆâ–ˆâ–ˆâ–ˆâ–ˆâ–ˆâ–ˆâ–ˆâ–ˆâ–ˆâ–ˆâ–ˆâ–ˆâ–ˆâ–ˆâ–ˆâ–ˆâ–ˆâ–ˆâ–ˆâ–ˆâ–ˆâ–ˆâ–ˆâ–ˆâ–ˆâ–ˆâ–ˆâ–ˆâ–ˆâ–ˆâ–ˆâ–ˆâ–ˆâ–ˆâ–ˆâ–ˆâ–ˆâ–ˆâ–ˆâ–ˆâ–ˆâ–ˆâ–ˆâ–ˆâ–ˆâ–ˆâ–ˆâ–ˆâ–ˆâ–ˆâ–ˆâ–ˆâ–ˆâ–ˆ| (done) 100%
H2O session _sid_be58 closed.



Predictions preview:
                      1                      2 predictions truth
0   0.9714464588654922   0.028553541134507837           1     1
1   0.9992092968963902   7.907031036098838E-4           1     1
2   0.9993988566497067   6.011433502932299E-4           1     1
3     0.99960716471382    3.92835286179898E-4           1     1
4   0.9981706110463412   0.001829388953658858           1     1
5   0.9961876027299998  0.0038123972700001485           1     1
6   0.9990056700476814   9.943299523186466E-4           1     1
7   0.9989703537656848   0.001029646234315228           1     1
8   0.9983219658075029  0.0016780341924970776           1     1
9   0.9995084391103997   4.915608896003236E-4           1     1
10  0.9994329566907331   5.670433092669501E-4           1     1
11  0.9996023261418434  3.9767385815658147E-4           1     1
12  0.9997743177700967   2.256822299033182E-4           1     1
13  0.9984646333861326  0.0015353666138674732           1     1
14  0.9991960961580606   8.039038419393858E-4           1     1
15  0.9992463663226947   7.536336773053404E-4           1     1
16  0.9996278552847305  3.7214471526949774E-4           1     1
17  0.9994787847811414   5.212152188586204E-4           1     1
18  0.9949115197009776   0.005088480299022394           1     1
19  0.9991938471148331   8.061528851669217E-4           1     1

Predictions saved to `/home/juradoi/experiments/automlbenchmark/results/h2oautoml.openml_t_146820.pygmo_c.local.20211209T183734/predictions/wilt/0/predictions.csv`.
Loading metadata from `/home/juradoi/experiments/automlbenchmark/results/h2oautoml.openml_t_146820.pygmo_c.local.20211209T183734/predictions/wilt/0/metadata.json`.
Loading predictions from `/home/juradoi/experiments/automlbenchmark/results/h2oautoml.openml_t_146820.pygmo_c.local.20211209T183734/predictions/wilt/0/predictions.csv`.
Metric scores: { 'acc': 0.9855371900826446,
  'app_version': 'dev [master, beef024]',
  'auc': 0.9910144440712125,
  'balacc': 0.9016627477326167,
  'constraint': 'pygmo_c',
  'duration': nan,
  'fold': 0,
  'framework': 'H2OAutoML',
  'id': 'openml.org/t/146820',
  'info': None,
  'logloss': 0.05759375673087937,
  'metric': 'auc',
  'mode': 'local',
  'models_count': 800,
  'params': '',
  'predict_duration': 0.34547972679138184,
  'result': 0.9910144440712125,
  'seed': 1541726895,
  'task': 'wilt',
  'training_duration': 3606.1532909870148,
  'type': 'binary',
  'utc': '2021-12-09T19:37:52',
  'version': '3.34.0.3'}
Job `local.openml_t_146820.pygmo_c.wilt.0.H2OAutoML` executed in 3618.537 seconds.
All jobs executed in 3618.548 seconds.
[MONITORING] [local.openml_t_146820.pygmo_c.wilt.0.H2OAutoML] CPU Utilization: 37.5%
[MONITORING] [local.openml_t_146820.pygmo_c.wilt.0.H2OAutoML] Memory Usage: 2.0%
[MONITORING] [local.openml_t_146820.pygmo_c.wilt.0.H2OAutoML] Disk Usage: 43.2%
Processing results for h2oautoml.openml_t_146820.pygmo_c.local.20211209T183734
Scores saved to `/home/juradoi/experiments/automlbenchmark/results/h2oautoml.openml_t_146820.pygmo_c.local.20211209T183734/scores/H2OAutoML.benchmark_openml_t_146820.csv`.
Scores saved to `/home/juradoi/experiments/automlbenchmark/results/h2oautoml.openml_t_146820.pygmo_c.local.20211209T183734/scores/results.csv`.
Scores saved to `/home/juradoi/experiments/automlbenchmark/results/results.csv`.
Summing up scores for current run:
                 id task fold framework constraint   result metric  duration       seed
openml.org/t/146820 wilt    0 H2OAutoML    pygmo_c 0.991014    auc    3618.5 1541726895
