/var/spool/slurm/slurmd/job8494834/slurm_script: line 8: activate: No such file or directory
Running benchmark `H2OAutoML` on `openml/t/359973` framework in `local` mode.
Loading frameworks definitions from ['/home/juradoi/experiments/automlbenchmark/resources/frameworks.yaml'].
Loading benchmark constraint definitions from ['/home/juradoi/experiments/automlbenchmark/resources/constraints.yaml'].
Loading openml task 359973.

-----------------------------------------------------------------
Starting job local.openml_t_359973.pygmo_c.christine.0.H2OAutoML.
Assigning 16 cores (total=16) for new task christine.
Assigning 91048 MB (total=95302 MB) for new christine task.
[MONITORING] [local.openml_t_359973.pygmo_c.christine.0.H2OAutoML] CPU Utilization: 19.9%
[MONITORING] [local.openml_t_359973.pygmo_c.christine.0.H2OAutoML] Memory Usage: 2.3%
[MONITORING] [local.openml_t_359973.pygmo_c.christine.0.H2OAutoML] Disk Usage: 43.2%
Running task christine on framework H2OAutoML with config:
TaskConfig({})
Running cmd `/home/juradoi/experiments/automlbenchmark/frameworks/H2OAutoML/venv/bin/python -W ignore /home/juradoi/experiments/automlbenchmark/frameworks/H2OAutoML/exec.py`
INFO:__main__:
**** H2O AutoML [v3.34.0.3] ****

INFO:__main__:Starting H2O cluster with 16 cores, 60699M memory.
Checking whether there is an H2O instance running at http://localhost:27438 ..... not found.
Attempting to start a local H2O server...
  Java Version: openjdk version "11.0.12" 2021-07-20; OpenJDK Runtime Environment (build 11.0.12+7-post-Debian-2deb10u1); OpenJDK 64-Bit Server VM (build 11.0.12+7-post-Debian-2deb10u1, mixed mode, sharing)
  Starting server from /home/juradoi/experiments/automlbenchmark/frameworks/H2OAutoML/venv/lib/python3.8/site-packages/h2o/backend/bin/h2o.jar
  Ice root: /tmp/tmpb23ikauj
  JVM stdout: /tmp/tmpb23ikauj/h2o_unknownUser_started_from_python.out
  JVM stderr: /tmp/tmpb23ikauj/h2o_unknownUser_started_from_python.err
  Server is running at http://127.0.0.1:27438
Connecting to H2O server at http://127.0.0.1:27438 ... successful.
--------------------------  ------------------------------------------------------------------
H2O_cluster_uptime:         01 secs
H2O_cluster_timezone:       Europe/Amsterdam
H2O_data_parsing_timezone:  UTC
H2O_cluster_version:        3.34.0.3
H2O_cluster_version_age:    2 months and 2 days
H2O_cluster_name:           H2O_from_python_unknownUser_nc3gzi
H2O_cluster_total_nodes:    1
H2O_cluster_free_memory:    59.28 Gb
H2O_cluster_total_cores:    16
H2O_cluster_allowed_cores:  16
H2O_cluster_status:         locked, healthy
H2O_connection_url:         http://127.0.0.1:27438
H2O_connection_proxy:       {"http": null, "https": null}
H2O_internal_security:      False
H2O_API_Extensions:         Amazon S3, XGBoost, Algos, AutoML, Core V3, TargetEncoder, Core V4
Python_version:             3.8.12 final
--------------------------  ------------------------------------------------------------------
Parse progress: |████████████████████████████████████████████████████████████████| (done) 100%
Parse progress: |████████████████████████████████████████████████████████████████| (done) 100%
INFO:__main__:Running model on task christine, fold 0.
[MONITORING] [local.openml_t_359973.pygmo_c.christine.0.H2OAutoML] CPU Utilization: 70.8%
[MONITORING] [local.openml_t_359973.pygmo_c.christine.0.H2OAutoML] Memory Usage: 43.3%
[MONITORING] [local.openml_t_359973.pygmo_c.christine.0.H2OAutoML] Disk Usage: 43.2%
[MONITORING] [local.openml_t_359973.pygmo_c.christine.0.H2OAutoML] CPU Utilization: 91.2%
[MONITORING] [local.openml_t_359973.pygmo_c.christine.0.H2OAutoML] Memory Usage: 45.3%
[MONITORING] [local.openml_t_359973.pygmo_c.christine.0.H2OAutoML] Disk Usage: 43.2%
[MONITORING] [local.openml_t_359973.pygmo_c.christine.0.H2OAutoML] CPU Utilization: 83.2%
[MONITORING] [local.openml_t_359973.pygmo_c.christine.0.H2OAutoML] Memory Usage: 45.5%
[MONITORING] [local.openml_t_359973.pygmo_c.christine.0.H2OAutoML] Disk Usage: 43.2%
[MONITORING] [local.openml_t_359973.pygmo_c.christine.0.H2OAutoML] CPU Utilization: 71.8%
[MONITORING] [local.openml_t_359973.pygmo_c.christine.0.H2OAutoML] Memory Usage: 45.7%
[MONITORING] [local.openml_t_359973.pygmo_c.christine.0.H2OAutoML] Disk Usage: 43.2%
[MONITORING] [local.openml_t_359973.pygmo_c.christine.0.H2OAutoML] CPU Utilization: 85.8%
[MONITORING] [local.openml_t_359973.pygmo_c.christine.0.H2OAutoML] Memory Usage: 45.7%
[MONITORING] [local.openml_t_359973.pygmo_c.christine.0.H2OAutoML] Disk Usage: 43.2%
[MONITORING] [local.openml_t_359973.pygmo_c.christine.0.H2OAutoML] CPU Utilization: 77.8%
[MONITORING] [local.openml_t_359973.pygmo_c.christine.0.H2OAutoML] Memory Usage: 45.7%
[MONITORING] [local.openml_t_359973.pygmo_c.christine.0.H2OAutoML] Disk Usage: 43.2%
[MONITORING] [local.openml_t_359973.pygmo_c.christine.0.H2OAutoML] CPU Utilization: 70.6%
[MONITORING] [local.openml_t_359973.pygmo_c.christine.0.H2OAutoML] Memory Usage: 45.8%
[MONITORING] [local.openml_t_359973.pygmo_c.christine.0.H2OAutoML] Disk Usage: 43.2%
[MONITORING] [local.openml_t_359973.pygmo_c.christine.0.H2OAutoML] CPU Utilization: 81.1%
[MONITORING] [local.openml_t_359973.pygmo_c.christine.0.H2OAutoML] Memory Usage: 46.4%
[MONITORING] [local.openml_t_359973.pygmo_c.christine.0.H2OAutoML] Disk Usage: 43.2%
[MONITORING] [local.openml_t_359973.pygmo_c.christine.0.H2OAutoML] CPU Utilization: 82.4%
[MONITORING] [local.openml_t_359973.pygmo_c.christine.0.H2OAutoML] Memory Usage: 46.6%
[MONITORING] [local.openml_t_359973.pygmo_c.christine.0.H2OAutoML] Disk Usage: 43.2%
[MONITORING] [local.openml_t_359973.pygmo_c.christine.0.H2OAutoML] CPU Utilization: 81.5%
[MONITORING] [local.openml_t_359973.pygmo_c.christine.0.H2OAutoML] Memory Usage: 46.6%
[MONITORING] [local.openml_t_359973.pygmo_c.christine.0.H2OAutoML] Disk Usage: 43.2%
[MONITORING] [local.openml_t_359973.pygmo_c.christine.0.H2OAutoML] CPU Utilization: 88.3%
[MONITORING] [local.openml_t_359973.pygmo_c.christine.0.H2OAutoML] Memory Usage: 46.4%
[MONITORING] [local.openml_t_359973.pygmo_c.christine.0.H2OAutoML] Disk Usage: 43.2%
[MONITORING] [local.openml_t_359973.pygmo_c.christine.0.H2OAutoML] CPU Utilization: 84.5%
[MONITORING] [local.openml_t_359973.pygmo_c.christine.0.H2OAutoML] Memory Usage: 46.8%
[MONITORING] [local.openml_t_359973.pygmo_c.christine.0.H2OAutoML] Disk Usage: 43.2%
[MONITORING] [local.openml_t_359973.pygmo_c.christine.0.H2OAutoML] CPU Utilization: 94.4%
[MONITORING] [local.openml_t_359973.pygmo_c.christine.0.H2OAutoML] Memory Usage: 46.8%
[MONITORING] [local.openml_t_359973.pygmo_c.christine.0.H2OAutoML] Disk Usage: 43.2%
[MONITORING] [local.openml_t_359973.pygmo_c.christine.0.H2OAutoML] CPU Utilization: 76.1%
[MONITORING] [local.openml_t_359973.pygmo_c.christine.0.H2OAutoML] Memory Usage: 46.9%
[MONITORING] [local.openml_t_359973.pygmo_c.christine.0.H2OAutoML] Disk Usage: 43.2%
[MONITORING] [local.openml_t_359973.pygmo_c.christine.0.H2OAutoML] CPU Utilization: 81.2%
[MONITORING] [local.openml_t_359973.pygmo_c.christine.0.H2OAutoML] Memory Usage: 46.9%
[MONITORING] [local.openml_t_359973.pygmo_c.christine.0.H2OAutoML] Disk Usage: 43.2%
[MONITORING] [local.openml_t_359973.pygmo_c.christine.0.H2OAutoML] CPU Utilization: 86.8%
[MONITORING] [local.openml_t_359973.pygmo_c.christine.0.H2OAutoML] Memory Usage: 46.9%
[MONITORING] [local.openml_t_359973.pygmo_c.christine.0.H2OAutoML] Disk Usage: 43.2%
[MONITORING] [local.openml_t_359973.pygmo_c.christine.0.H2OAutoML] CPU Utilization: 81.5%
[MONITORING] [local.openml_t_359973.pygmo_c.christine.0.H2OAutoML] Memory Usage: 46.9%
[MONITORING] [local.openml_t_359973.pygmo_c.christine.0.H2OAutoML] Disk Usage: 43.2%
[MONITORING] [local.openml_t_359973.pygmo_c.christine.0.H2OAutoML] CPU Utilization: 84.8%
[MONITORING] [local.openml_t_359973.pygmo_c.christine.0.H2OAutoML] Memory Usage: 46.9%
[MONITORING] [local.openml_t_359973.pygmo_c.christine.0.H2OAutoML] Disk Usage: 43.2%
[MONITORING] [local.openml_t_359973.pygmo_c.christine.0.H2OAutoML] CPU Utilization: 78.7%
[MONITORING] [local.openml_t_359973.pygmo_c.christine.0.H2OAutoML] Memory Usage: 47.1%
[MONITORING] [local.openml_t_359973.pygmo_c.christine.0.H2OAutoML] Disk Usage: 43.2%
[MONITORING] [local.openml_t_359973.pygmo_c.christine.0.H2OAutoML] CPU Utilization: 84.6%
[MONITORING] [local.openml_t_359973.pygmo_c.christine.0.H2OAutoML] Memory Usage: 47.1%
[MONITORING] [local.openml_t_359973.pygmo_c.christine.0.H2OAutoML] Disk Usage: 43.2%
[MONITORING] [local.openml_t_359973.pygmo_c.christine.0.H2OAutoML] CPU Utilization: 75.5%
[MONITORING] [local.openml_t_359973.pygmo_c.christine.0.H2OAutoML] Memory Usage: 47.1%
[MONITORING] [local.openml_t_359973.pygmo_c.christine.0.H2OAutoML] Disk Usage: 43.2%
[MONITORING] [local.openml_t_359973.pygmo_c.christine.0.H2OAutoML] CPU Utilization: 78.8%
[MONITORING] [local.openml_t_359973.pygmo_c.christine.0.H2OAutoML] Memory Usage: 47.1%
[MONITORING] [local.openml_t_359973.pygmo_c.christine.0.H2OAutoML] Disk Usage: 43.2%
[MONITORING] [local.openml_t_359973.pygmo_c.christine.0.H2OAutoML] CPU Utilization: 91.7%
[MONITORING] [local.openml_t_359973.pygmo_c.christine.0.H2OAutoML] Memory Usage: 47.1%
[MONITORING] [local.openml_t_359973.pygmo_c.christine.0.H2OAutoML] Disk Usage: 43.2%
[MONITORING] [local.openml_t_359973.pygmo_c.christine.0.H2OAutoML] CPU Utilization: 92.0%
[MONITORING] [local.openml_t_359973.pygmo_c.christine.0.H2OAutoML] Memory Usage: 47.1%
[MONITORING] [local.openml_t_359973.pygmo_c.christine.0.H2OAutoML] Disk Usage: 43.2%
[MONITORING] [local.openml_t_359973.pygmo_c.christine.0.H2OAutoML] CPU Utilization: 92.4%
[MONITORING] [local.openml_t_359973.pygmo_c.christine.0.H2OAutoML] Memory Usage: 47.1%
[MONITORING] [local.openml_t_359973.pygmo_c.christine.0.H2OAutoML] Disk Usage: 43.2%
[MONITORING] [local.openml_t_359973.pygmo_c.christine.0.H2OAutoML] CPU Utilization: 92.5%
[MONITORING] [local.openml_t_359973.pygmo_c.christine.0.H2OAutoML] Memory Usage: 47.1%
[MONITORING] [local.openml_t_359973.pygmo_c.christine.0.H2OAutoML] Disk Usage: 43.2%
[MONITORING] [local.openml_t_359973.pygmo_c.christine.0.H2OAutoML] CPU Utilization: 90.2%
[MONITORING] [local.openml_t_359973.pygmo_c.christine.0.H2OAutoML] Memory Usage: 47.1%
[MONITORING] [local.openml_t_359973.pygmo_c.christine.0.H2OAutoML] Disk Usage: 43.2%
[MONITORING] [local.openml_t_359973.pygmo_c.christine.0.H2OAutoML] CPU Utilization: 89.7%
[MONITORING] [local.openml_t_359973.pygmo_c.christine.0.H2OAutoML] Memory Usage: 47.1%
[MONITORING] [local.openml_t_359973.pygmo_c.christine.0.H2OAutoML] Disk Usage: 43.2%
[MONITORING] [local.openml_t_359973.pygmo_c.christine.0.H2OAutoML] CPU Utilization: 91.7%
[MONITORING] [local.openml_t_359973.pygmo_c.christine.0.H2OAutoML] Memory Usage: 47.1%
[MONITORING] [local.openml_t_359973.pygmo_c.christine.0.H2OAutoML] Disk Usage: 43.2%
[MONITORING] [local.openml_t_359973.pygmo_c.christine.0.H2OAutoML] CPU Utilization: 83.2%
[MONITORING] [local.openml_t_359973.pygmo_c.christine.0.H2OAutoML] Memory Usage: 47.2%
[MONITORING] [local.openml_t_359973.pygmo_c.christine.0.H2OAutoML] Disk Usage: 43.2%
AutoML progress: |███████████████████████████████████████████████████████████████| (done) 100%
stackedensemble prediction progress: |███████████████████████████████████████████| (done) 100%
H2O session _sid_b792 closed.



Predictions preview:
                       0                    1 predictions truth
0    0.8615808318473765   0.1384191681526235           0     0
1    0.4373744449412419   0.5626255550587581           1     0
2    0.6644691033343832  0.33553089666561675           0     0
3    0.8716833693509157  0.12831663064908425           0     0
4    0.7393676776470117   0.2606323223529883           0     0
5     0.677347794281991    0.322652205718009           0     0
6    0.4558025928668722   0.5441974071331278           1     0
7     0.722691215266916    0.277308784733084           0     0
8    0.6848024382924944   0.3151975617075056           0     0
9    0.9328043800895592  0.06719561991044075           0     0
10  0.49596722510782487   0.5040327748921751           1     0
11   0.8589136265059379  0.14108637349406206           0     0
12   0.6524748123570155  0.34752518764298446           0     0
13    0.322317457644692    0.677682542355308           1     0
14   0.5633480565620246   0.4366519434379755           1     0
15  0.40682704783132306   0.5931729521686769           1     0
16   0.5137703743291177  0.48622962567088235           1     0
17   0.8510405533563036  0.14895944664369645           0     0
18   0.3082755981264247   0.6917244018735753           1     0
19   0.8301368722352901  0.16986312776470994           0     0

Predictions saved to `/home/juradoi/experiments/automlbenchmark/results/h2oautoml.openml_t_359973.pygmo_c.local.20211210T013346/predictions/christine/0/predictions.csv`.
Loading metadata from `/home/juradoi/experiments/automlbenchmark/results/h2oautoml.openml_t_359973.pygmo_c.local.20211210T013346/predictions/christine/0/metadata.json`.
Loading predictions from `/home/juradoi/experiments/automlbenchmark/results/h2oautoml.openml_t_359973.pygmo_c.local.20211210T013346/predictions/christine/0/predictions.csv`.
Metric scores: { 'acc': 0.7361623616236163,
  'app_version': 'dev [master, beef024]',
  'auc': 0.8401029397747852,
  'balacc': 0.7361623616236163,
  'constraint': 'pygmo_c',
  'duration': nan,
  'fold': 0,
  'framework': 'H2OAutoML',
  'id': 'openml.org/t/359973',
  'info': None,
  'logloss': 0.4995188141147858,
  'metric': 'auc',
  'mode': 'local',
  'models_count': 96,
  'params': '',
  'predict_duration': 0.5408711433410645,
  'result': 0.8401029397747852,
  'seed': 1898700213,
  'task': 'christine',
  'training_duration': 3602.590147972107,
  'type': 'binary',
  'utc': '2021-12-10T02:34:22',
  'version': '3.34.0.3'}
Job `local.openml_t_359973.pygmo_c.christine.0.H2OAutoML` executed in 3628.576 seconds.
All jobs executed in 3635.792 seconds.
[MONITORING] [local.openml_t_359973.pygmo_c.christine.0.H2OAutoML] CPU Utilization: 58.4%
[MONITORING] [local.openml_t_359973.pygmo_c.christine.0.H2OAutoML] Memory Usage: 2.4%
[MONITORING] [local.openml_t_359973.pygmo_c.christine.0.H2OAutoML] Disk Usage: 43.2%
Processing results for h2oautoml.openml_t_359973.pygmo_c.local.20211210T013346
Scores saved to `/home/juradoi/experiments/automlbenchmark/results/h2oautoml.openml_t_359973.pygmo_c.local.20211210T013346/scores/H2OAutoML.benchmark_openml_t_359973.csv`.
Scores saved to `/home/juradoi/experiments/automlbenchmark/results/h2oautoml.openml_t_359973.pygmo_c.local.20211210T013346/scores/results.csv`.
Scores saved to `/home/juradoi/experiments/automlbenchmark/results/results.csv`.
Summing up scores for current run:
                 id      task fold framework constraint   result metric  duration       seed
openml.org/t/359973 christine    0 H2OAutoML    pygmo_c 0.840103    auc    3628.6 1898700213
