/var/spool/slurm/slurmd/job8494009/slurm_script: line 8: activate: No such file or directory
Running benchmark `H2OAutoML` on `openml/t/359958` framework in `local` mode.
Loading frameworks definitions from ['/home/juradoi/experiments/automlbenchmark/resources/frameworks.yaml'].
Loading benchmark constraint definitions from ['/home/juradoi/experiments/automlbenchmark/resources/constraints.yaml'].
Loading openml task 359958.

-----------------------------------------------------------
Starting job local.openml_t_359958.pygmo_c.pc4.0.H2OAutoML.
Assigning 16 cores (total=16) for new task pc4.
Assigning 91256 MB (total=95302 MB) for new pc4 task.
[MONITORING] [local.openml_t_359958.pygmo_c.pc4.0.H2OAutoML] CPU Utilization: 18.1%
[MONITORING] [local.openml_t_359958.pygmo_c.pc4.0.H2OAutoML] Memory Usage: 2.1%
[MONITORING] [local.openml_t_359958.pygmo_c.pc4.0.H2OAutoML] Disk Usage: 43.2%
Running task pc4 on framework H2OAutoML with config:
TaskConfig({})
Running cmd `/home/juradoi/experiments/automlbenchmark/frameworks/H2OAutoML/venv/bin/python -W ignore /home/juradoi/experiments/automlbenchmark/frameworks/H2OAutoML/exec.py`
INFO:__main__:
**** H2O AutoML [v3.34.0.3] ****

INFO:__main__:Starting H2O cluster with 16 cores, 60837M memory.
Checking whether there is an H2O instance running at http://localhost:29015 ..... not found.
Attempting to start a local H2O server...
  Java Version: openjdk version "11.0.12" 2021-07-20; OpenJDK Runtime Environment (build 11.0.12+7-post-Debian-2deb10u1); OpenJDK 64-Bit Server VM (build 11.0.12+7-post-Debian-2deb10u1, mixed mode, sharing)
  Starting server from /home/juradoi/experiments/automlbenchmark/frameworks/H2OAutoML/venv/lib/python3.8/site-packages/h2o/backend/bin/h2o.jar
  Ice root: /tmp/tmpwqq9prua
  JVM stdout: /tmp/tmpwqq9prua/h2o_unknownUser_started_from_python.out
  JVM stderr: /tmp/tmpwqq9prua/h2o_unknownUser_started_from_python.err
  Server is running at http://127.0.0.1:29015
Connecting to H2O server at http://127.0.0.1:29015 ... successful.
--------------------------  ------------------------------------------------------------------
H2O_cluster_uptime:         01 secs
H2O_cluster_timezone:       Europe/Amsterdam
H2O_data_parsing_timezone:  UTC
H2O_cluster_version:        3.34.0.3
H2O_cluster_version_age:    2 months and 2 days
H2O_cluster_name:           H2O_from_python_unknownUser_2ti1y9
H2O_cluster_total_nodes:    1
H2O_cluster_free_memory:    59.42 Gb
H2O_cluster_total_cores:    16
H2O_cluster_allowed_cores:  16
H2O_cluster_status:         locked, healthy
H2O_connection_url:         http://127.0.0.1:29015
H2O_connection_proxy:       {"http": null, "https": null}
H2O_internal_security:      False
H2O_API_Extensions:         Amazon S3, XGBoost, Algos, AutoML, Core V3, TargetEncoder, Core V4
Python_version:             3.8.12 final
--------------------------  ------------------------------------------------------------------
Parse progress: |████████████████████████████████████████████████████████████████| (done) 100%
Parse progress: |████████████████████████████████████████████████████████████████| (done) 100%
INFO:__main__:Running model on task pc4, fold 0.
[MONITORING] [local.openml_t_359958.pygmo_c.pc4.0.H2OAutoML] CPU Utilization: 67.9%
[MONITORING] [local.openml_t_359958.pygmo_c.pc4.0.H2OAutoML] Memory Usage: 39.5%
[MONITORING] [local.openml_t_359958.pygmo_c.pc4.0.H2OAutoML] Disk Usage: 43.2%
[MONITORING] [local.openml_t_359958.pygmo_c.pc4.0.H2OAutoML] CPU Utilization: 98.4%
[MONITORING] [local.openml_t_359958.pygmo_c.pc4.0.H2OAutoML] Memory Usage: 39.5%
[MONITORING] [local.openml_t_359958.pygmo_c.pc4.0.H2OAutoML] Disk Usage: 43.2%
[MONITORING] [local.openml_t_359958.pygmo_c.pc4.0.H2OAutoML] CPU Utilization: 98.2%
[MONITORING] [local.openml_t_359958.pygmo_c.pc4.0.H2OAutoML] Memory Usage: 44.9%
[MONITORING] [local.openml_t_359958.pygmo_c.pc4.0.H2OAutoML] Disk Usage: 43.2%
[MONITORING] [local.openml_t_359958.pygmo_c.pc4.0.H2OAutoML] CPU Utilization: 97.0%
[MONITORING] [local.openml_t_359958.pygmo_c.pc4.0.H2OAutoML] Memory Usage: 44.9%
[MONITORING] [local.openml_t_359958.pygmo_c.pc4.0.H2OAutoML] Disk Usage: 43.2%
[MONITORING] [local.openml_t_359958.pygmo_c.pc4.0.H2OAutoML] CPU Utilization: 97.8%
[MONITORING] [local.openml_t_359958.pygmo_c.pc4.0.H2OAutoML] Memory Usage: 45.2%
[MONITORING] [local.openml_t_359958.pygmo_c.pc4.0.H2OAutoML] Disk Usage: 43.2%
[MONITORING] [local.openml_t_359958.pygmo_c.pc4.0.H2OAutoML] CPU Utilization: 97.0%
[MONITORING] [local.openml_t_359958.pygmo_c.pc4.0.H2OAutoML] Memory Usage: 45.2%
[MONITORING] [local.openml_t_359958.pygmo_c.pc4.0.H2OAutoML] Disk Usage: 43.2%
[MONITORING] [local.openml_t_359958.pygmo_c.pc4.0.H2OAutoML] CPU Utilization: 98.4%
[MONITORING] [local.openml_t_359958.pygmo_c.pc4.0.H2OAutoML] Memory Usage: 45.2%
[MONITORING] [local.openml_t_359958.pygmo_c.pc4.0.H2OAutoML] Disk Usage: 43.2%
[MONITORING] [local.openml_t_359958.pygmo_c.pc4.0.H2OAutoML] CPU Utilization: 98.1%
[MONITORING] [local.openml_t_359958.pygmo_c.pc4.0.H2OAutoML] Memory Usage: 45.3%
[MONITORING] [local.openml_t_359958.pygmo_c.pc4.0.H2OAutoML] Disk Usage: 43.2%
[MONITORING] [local.openml_t_359958.pygmo_c.pc4.0.H2OAutoML] CPU Utilization: 97.1%
[MONITORING] [local.openml_t_359958.pygmo_c.pc4.0.H2OAutoML] Memory Usage: 45.3%
[MONITORING] [local.openml_t_359958.pygmo_c.pc4.0.H2OAutoML] Disk Usage: 43.2%
[MONITORING] [local.openml_t_359958.pygmo_c.pc4.0.H2OAutoML] CPU Utilization: 97.0%
[MONITORING] [local.openml_t_359958.pygmo_c.pc4.0.H2OAutoML] Memory Usage: 45.3%
[MONITORING] [local.openml_t_359958.pygmo_c.pc4.0.H2OAutoML] Disk Usage: 43.2%
[MONITORING] [local.openml_t_359958.pygmo_c.pc4.0.H2OAutoML] CPU Utilization: 98.9%
[MONITORING] [local.openml_t_359958.pygmo_c.pc4.0.H2OAutoML] Memory Usage: 45.3%
[MONITORING] [local.openml_t_359958.pygmo_c.pc4.0.H2OAutoML] Disk Usage: 43.2%
[MONITORING] [local.openml_t_359958.pygmo_c.pc4.0.H2OAutoML] CPU Utilization: 98.0%
[MONITORING] [local.openml_t_359958.pygmo_c.pc4.0.H2OAutoML] Memory Usage: 45.3%
[MONITORING] [local.openml_t_359958.pygmo_c.pc4.0.H2OAutoML] Disk Usage: 43.2%
[MONITORING] [local.openml_t_359958.pygmo_c.pc4.0.H2OAutoML] CPU Utilization: 98.3%
[MONITORING] [local.openml_t_359958.pygmo_c.pc4.0.H2OAutoML] Memory Usage: 45.5%
[MONITORING] [local.openml_t_359958.pygmo_c.pc4.0.H2OAutoML] Disk Usage: 43.2%
[MONITORING] [local.openml_t_359958.pygmo_c.pc4.0.H2OAutoML] CPU Utilization: 98.0%
[MONITORING] [local.openml_t_359958.pygmo_c.pc4.0.H2OAutoML] Memory Usage: 45.5%
[MONITORING] [local.openml_t_359958.pygmo_c.pc4.0.H2OAutoML] Disk Usage: 43.2%
[MONITORING] [local.openml_t_359958.pygmo_c.pc4.0.H2OAutoML] CPU Utilization: 97.7%
[MONITORING] [local.openml_t_359958.pygmo_c.pc4.0.H2OAutoML] Memory Usage: 45.6%
[MONITORING] [local.openml_t_359958.pygmo_c.pc4.0.H2OAutoML] Disk Usage: 43.2%
[MONITORING] [local.openml_t_359958.pygmo_c.pc4.0.H2OAutoML] CPU Utilization: 98.5%
[MONITORING] [local.openml_t_359958.pygmo_c.pc4.0.H2OAutoML] Memory Usage: 45.6%
[MONITORING] [local.openml_t_359958.pygmo_c.pc4.0.H2OAutoML] Disk Usage: 43.2%
[MONITORING] [local.openml_t_359958.pygmo_c.pc4.0.H2OAutoML] CPU Utilization: 97.0%
[MONITORING] [local.openml_t_359958.pygmo_c.pc4.0.H2OAutoML] Memory Usage: 45.6%
[MONITORING] [local.openml_t_359958.pygmo_c.pc4.0.H2OAutoML] Disk Usage: 43.2%
[MONITORING] [local.openml_t_359958.pygmo_c.pc4.0.H2OAutoML] CPU Utilization: 97.7%
[MONITORING] [local.openml_t_359958.pygmo_c.pc4.0.H2OAutoML] Memory Usage: 45.6%
[MONITORING] [local.openml_t_359958.pygmo_c.pc4.0.H2OAutoML] Disk Usage: 43.2%
[MONITORING] [local.openml_t_359958.pygmo_c.pc4.0.H2OAutoML] CPU Utilization: 97.2%
[MONITORING] [local.openml_t_359958.pygmo_c.pc4.0.H2OAutoML] Memory Usage: 45.6%
[MONITORING] [local.openml_t_359958.pygmo_c.pc4.0.H2OAutoML] Disk Usage: 43.2%
[MONITORING] [local.openml_t_359958.pygmo_c.pc4.0.H2OAutoML] CPU Utilization: 97.6%
[MONITORING] [local.openml_t_359958.pygmo_c.pc4.0.H2OAutoML] Memory Usage: 45.7%
[MONITORING] [local.openml_t_359958.pygmo_c.pc4.0.H2OAutoML] Disk Usage: 43.2%
[MONITORING] [local.openml_t_359958.pygmo_c.pc4.0.H2OAutoML] CPU Utilization: 95.3%
[MONITORING] [local.openml_t_359958.pygmo_c.pc4.0.H2OAutoML] Memory Usage: 45.8%
[MONITORING] [local.openml_t_359958.pygmo_c.pc4.0.H2OAutoML] Disk Usage: 43.2%
[MONITORING] [local.openml_t_359958.pygmo_c.pc4.0.H2OAutoML] CPU Utilization: 98.7%
[MONITORING] [local.openml_t_359958.pygmo_c.pc4.0.H2OAutoML] Memory Usage: 45.9%
[MONITORING] [local.openml_t_359958.pygmo_c.pc4.0.H2OAutoML] Disk Usage: 43.2%
[MONITORING] [local.openml_t_359958.pygmo_c.pc4.0.H2OAutoML] CPU Utilization: 97.3%
[MONITORING] [local.openml_t_359958.pygmo_c.pc4.0.H2OAutoML] Memory Usage: 45.9%
[MONITORING] [local.openml_t_359958.pygmo_c.pc4.0.H2OAutoML] Disk Usage: 43.2%
[MONITORING] [local.openml_t_359958.pygmo_c.pc4.0.H2OAutoML] CPU Utilization: 97.7%
[MONITORING] [local.openml_t_359958.pygmo_c.pc4.0.H2OAutoML] Memory Usage: 45.9%
[MONITORING] [local.openml_t_359958.pygmo_c.pc4.0.H2OAutoML] Disk Usage: 43.2%
[MONITORING] [local.openml_t_359958.pygmo_c.pc4.0.H2OAutoML] CPU Utilization: 97.1%
[MONITORING] [local.openml_t_359958.pygmo_c.pc4.0.H2OAutoML] Memory Usage: 45.9%
[MONITORING] [local.openml_t_359958.pygmo_c.pc4.0.H2OAutoML] Disk Usage: 43.2%
[MONITORING] [local.openml_t_359958.pygmo_c.pc4.0.H2OAutoML] CPU Utilization: 98.7%
[MONITORING] [local.openml_t_359958.pygmo_c.pc4.0.H2OAutoML] Memory Usage: 46.0%
[MONITORING] [local.openml_t_359958.pygmo_c.pc4.0.H2OAutoML] Disk Usage: 43.2%
[MONITORING] [local.openml_t_359958.pygmo_c.pc4.0.H2OAutoML] CPU Utilization: 95.8%
[MONITORING] [local.openml_t_359958.pygmo_c.pc4.0.H2OAutoML] Memory Usage: 46.0%
[MONITORING] [local.openml_t_359958.pygmo_c.pc4.0.H2OAutoML] Disk Usage: 43.2%
[MONITORING] [local.openml_t_359958.pygmo_c.pc4.0.H2OAutoML] CPU Utilization: 98.0%
[MONITORING] [local.openml_t_359958.pygmo_c.pc4.0.H2OAutoML] Memory Usage: 46.1%
[MONITORING] [local.openml_t_359958.pygmo_c.pc4.0.H2OAutoML] Disk Usage: 43.2%
[MONITORING] [local.openml_t_359958.pygmo_c.pc4.0.H2OAutoML] CPU Utilization: 65.9%
[MONITORING] [local.openml_t_359958.pygmo_c.pc4.0.H2OAutoML] Memory Usage: 46.5%
[MONITORING] [local.openml_t_359958.pygmo_c.pc4.0.H2OAutoML] Disk Usage: 43.2%
AutoML progress: |███████████████████████████████████████████████████████████████| (done) 100%
stackedensemble prediction progress: |███████████████████████████████████████████| (done) 100%
H2O session _sid_98df closed.



Predictions preview:
                  False                   True predictions  truth
0   0.9223915187714801    0.07760848122851995       False  False
1   0.7142155208989319     0.2857844791010681       False  False
2   0.9986429623331727  0.0013570376668272325       False  False
3    0.961411846965188    0.03858815303481202       False  False
4   0.9986030599759367  0.0013969400240633387       False  False
5   0.9954049796024111  0.0045950203975888265       False  False
6   0.9934315529336422   0.006568447066357791       False  False
7   0.9735039156141433    0.02649608438585674       False  False
8   0.9950159595068954   0.004984040493104635       False  False
9   0.9324032061591004    0.06759679384089955       False  False
10  0.9947460898311485    0.00525391016885145       False  False
11  0.8813285372826722    0.11867146271732781       False  False
12  0.9969063601815936  0.0030936398184063653       False  False
13   0.994191929887405   0.005808070112594964       False  False
14  0.7633710204930324    0.23662897950696765       False  False
15  0.9941200130160863    0.00587998698391364       False  False
16    0.99856020238566   0.001439797614339963       False  False
17  0.9986153338740905  0.0013846661259095136       False  False
18  0.9965161908699517  0.0034838091300482908       False  False
19  0.9985385668608413  0.0014614331391586493       False  False

Predictions saved to `/home/juradoi/experiments/automlbenchmark/results/h2oautoml.openml_t_359958.pygmo_c.local.20211209T221545/predictions/pc4/0/predictions.csv`.
Loading metadata from `/home/juradoi/experiments/automlbenchmark/results/h2oautoml.openml_t_359958.pygmo_c.local.20211209T221545/predictions/pc4/0/metadata.json`.
Loading predictions from `/home/juradoi/experiments/automlbenchmark/results/h2oautoml.openml_t_359958.pygmo_c.local.20211209T221545/predictions/pc4/0/predictions.csv`.
Metric scores: { 'acc': 0.910958904109589,
  'app_version': 'dev [master, beef024]',
  'auc': 0.94140625,
  'balacc': 0.7821180555555556,
  'constraint': 'pygmo_c',
  'duration': nan,
  'fold': 0,
  'framework': 'H2OAutoML',
  'id': 'openml.org/t/359958',
  'info': None,
  'logloss': 0.1991059299875327,
  'metric': 'auc',
  'mode': 'local',
  'models_count': 261,
  'params': '',
  'predict_duration': 0.0988459587097168,
  'result': 0.94140625,
  'seed': 981623711,
  'task': 'pc4',
  'training_duration': 3525.940369129181,
  'type': 'binary',
  'utc': '2021-12-09T23:14:40',
  'version': '3.34.0.3'}
Job `local.openml_t_359958.pygmo_c.pc4.0.H2OAutoML` executed in 3535.034 seconds.
All jobs executed in 3535.041 seconds.
[MONITORING] [local.openml_t_359958.pygmo_c.pc4.0.H2OAutoML] CPU Utilization: 71.0%
[MONITORING] [local.openml_t_359958.pygmo_c.pc4.0.H2OAutoML] Memory Usage: 2.1%
[MONITORING] [local.openml_t_359958.pygmo_c.pc4.0.H2OAutoML] Disk Usage: 43.2%
Processing results for h2oautoml.openml_t_359958.pygmo_c.local.20211209T221545
Scores saved to `/home/juradoi/experiments/automlbenchmark/results/h2oautoml.openml_t_359958.pygmo_c.local.20211209T221545/scores/H2OAutoML.benchmark_openml_t_359958.csv`.
Scores saved to `/home/juradoi/experiments/automlbenchmark/results/h2oautoml.openml_t_359958.pygmo_c.local.20211209T221545/scores/results.csv`.
Scores saved to `/home/juradoi/experiments/automlbenchmark/results/results.csv`.
Summing up scores for current run:
                 id task fold framework constraint   result metric  duration      seed
openml.org/t/359958  pc4    0 H2OAutoML    pygmo_c 0.941406    auc    3535.0 981623711
