/var/spool/slurm/slurmd/job8496228/slurm_script: line 8: activate: No such file or directory
Running benchmark `H2OAutoML` on `openml/t/359974` framework in `local` mode.
Loading frameworks definitions from ['/home/juradoi/experiments/automlbenchmark/resources/frameworks.yaml'].
Loading benchmark constraint definitions from ['/home/juradoi/experiments/automlbenchmark/resources/constraints.yaml'].
Loading openml task 359974.

--------------------------------------------------------------------------
Starting job local.openml_t_359974.pygmo_c.wine-quality-white.0.H2OAutoML.
Assigning 16 cores (total=16) for new task wine-quality-white.
Assigning 91019 MB (total=95302 MB) for new wine-quality-white task.
[MONITORING] [local.openml_t_359974.pygmo_c.wine-quality-white.0.H2OAutoML] CPU Utilization: 17.3%
[MONITORING] [local.openml_t_359974.pygmo_c.wine-quality-white.0.H2OAutoML] Memory Usage: 2.3%
[MONITORING] [local.openml_t_359974.pygmo_c.wine-quality-white.0.H2OAutoML] Disk Usage: 43.2%
Running task wine-quality-white on framework H2OAutoML with config:
TaskConfig({})
Running cmd `/home/juradoi/experiments/automlbenchmark/frameworks/H2OAutoML/venv/bin/python -W ignore /home/juradoi/experiments/automlbenchmark/frameworks/H2OAutoML/exec.py`
INFO:__main__:
**** H2O AutoML [v3.34.0.3] ****

INFO:__main__:Starting H2O cluster with 16 cores, 60679M memory.
Checking whether there is an H2O instance running at http://localhost:7679 ..... not found.
Attempting to start a local H2O server...
  Java Version: openjdk version "11.0.12" 2021-07-20; OpenJDK Runtime Environment (build 11.0.12+7-post-Debian-2deb10u1); OpenJDK 64-Bit Server VM (build 11.0.12+7-post-Debian-2deb10u1, mixed mode, sharing)
  Starting server from /home/juradoi/experiments/automlbenchmark/frameworks/H2OAutoML/venv/lib/python3.8/site-packages/h2o/backend/bin/h2o.jar
  Ice root: /tmp/tmp4pynlf8_
  JVM stdout: /tmp/tmp4pynlf8_/h2o_unknownUser_started_from_python.out
  JVM stderr: /tmp/tmp4pynlf8_/h2o_unknownUser_started_from_python.err
  Server is running at http://127.0.0.1:7679
Connecting to H2O server at http://127.0.0.1:7679 ... successful.
--------------------------  ------------------------------------------------------------------
H2O_cluster_uptime:         01 secs
H2O_cluster_timezone:       Europe/Amsterdam
H2O_data_parsing_timezone:  UTC
H2O_cluster_version:        3.34.0.3
H2O_cluster_version_age:    2 months and 2 days
H2O_cluster_name:           H2O_from_python_unknownUser_h8gn4p
H2O_cluster_total_nodes:    1
H2O_cluster_free_memory:    59.27 Gb
H2O_cluster_total_cores:    16
H2O_cluster_allowed_cores:  16
H2O_cluster_status:         locked, healthy
H2O_connection_url:         http://127.0.0.1:7679
H2O_connection_proxy:       {"http": null, "https": null}
H2O_internal_security:      False
H2O_API_Extensions:         Amazon S3, XGBoost, Algos, AutoML, Core V3, TargetEncoder, Core V4
Python_version:             3.8.12 final
--------------------------  ------------------------------------------------------------------
Parse progress: |████████████████████████████████████████████████████████████████| (done) 100%
Parse progress: |████████████████████████████████████████████████████████████████| (done) 100%
INFO:__main__:Running model on task wine-quality-white, fold 0.
[MONITORING] [local.openml_t_359974.pygmo_c.wine-quality-white.0.H2OAutoML] CPU Utilization: 72.1%
[MONITORING] [local.openml_t_359974.pygmo_c.wine-quality-white.0.H2OAutoML] Memory Usage: 44.7%
[MONITORING] [local.openml_t_359974.pygmo_c.wine-quality-white.0.H2OAutoML] Disk Usage: 43.2%
[MONITORING] [local.openml_t_359974.pygmo_c.wine-quality-white.0.H2OAutoML] CPU Utilization: 79.5%
[MONITORING] [local.openml_t_359974.pygmo_c.wine-quality-white.0.H2OAutoML] Memory Usage: 44.8%
[MONITORING] [local.openml_t_359974.pygmo_c.wine-quality-white.0.H2OAutoML] Disk Usage: 43.2%
[MONITORING] [local.openml_t_359974.pygmo_c.wine-quality-white.0.H2OAutoML] CPU Utilization: 92.4%
[MONITORING] [local.openml_t_359974.pygmo_c.wine-quality-white.0.H2OAutoML] Memory Usage: 46.8%
[MONITORING] [local.openml_t_359974.pygmo_c.wine-quality-white.0.H2OAutoML] Disk Usage: 43.2%
[MONITORING] [local.openml_t_359974.pygmo_c.wine-quality-white.0.H2OAutoML] CPU Utilization: 98.9%
[MONITORING] [local.openml_t_359974.pygmo_c.wine-quality-white.0.H2OAutoML] Memory Usage: 46.8%
[MONITORING] [local.openml_t_359974.pygmo_c.wine-quality-white.0.H2OAutoML] Disk Usage: 43.2%
[MONITORING] [local.openml_t_359974.pygmo_c.wine-quality-white.0.H2OAutoML] CPU Utilization: 98.7%
[MONITORING] [local.openml_t_359974.pygmo_c.wine-quality-white.0.H2OAutoML] Memory Usage: 47.2%
[MONITORING] [local.openml_t_359974.pygmo_c.wine-quality-white.0.H2OAutoML] Disk Usage: 43.2%
[MONITORING] [local.openml_t_359974.pygmo_c.wine-quality-white.0.H2OAutoML] CPU Utilization: 98.5%
[MONITORING] [local.openml_t_359974.pygmo_c.wine-quality-white.0.H2OAutoML] Memory Usage: 47.2%
[MONITORING] [local.openml_t_359974.pygmo_c.wine-quality-white.0.H2OAutoML] Disk Usage: 43.2%
[MONITORING] [local.openml_t_359974.pygmo_c.wine-quality-white.0.H2OAutoML] CPU Utilization: 97.4%
[MONITORING] [local.openml_t_359974.pygmo_c.wine-quality-white.0.H2OAutoML] Memory Usage: 47.2%
[MONITORING] [local.openml_t_359974.pygmo_c.wine-quality-white.0.H2OAutoML] Disk Usage: 43.2%
[MONITORING] [local.openml_t_359974.pygmo_c.wine-quality-white.0.H2OAutoML] CPU Utilization: 98.2%
[MONITORING] [local.openml_t_359974.pygmo_c.wine-quality-white.0.H2OAutoML] Memory Usage: 47.3%
[MONITORING] [local.openml_t_359974.pygmo_c.wine-quality-white.0.H2OAutoML] Disk Usage: 43.2%
[MONITORING] [local.openml_t_359974.pygmo_c.wine-quality-white.0.H2OAutoML] CPU Utilization: 98.8%
[MONITORING] [local.openml_t_359974.pygmo_c.wine-quality-white.0.H2OAutoML] Memory Usage: 47.3%
[MONITORING] [local.openml_t_359974.pygmo_c.wine-quality-white.0.H2OAutoML] Disk Usage: 43.2%
[MONITORING] [local.openml_t_359974.pygmo_c.wine-quality-white.0.H2OAutoML] CPU Utilization: 98.1%
[MONITORING] [local.openml_t_359974.pygmo_c.wine-quality-white.0.H2OAutoML] Memory Usage: 47.3%
[MONITORING] [local.openml_t_359974.pygmo_c.wine-quality-white.0.H2OAutoML] Disk Usage: 43.2%
[MONITORING] [local.openml_t_359974.pygmo_c.wine-quality-white.0.H2OAutoML] CPU Utilization: 98.4%
[MONITORING] [local.openml_t_359974.pygmo_c.wine-quality-white.0.H2OAutoML] Memory Usage: 47.3%
[MONITORING] [local.openml_t_359974.pygmo_c.wine-quality-white.0.H2OAutoML] Disk Usage: 43.2%
[MONITORING] [local.openml_t_359974.pygmo_c.wine-quality-white.0.H2OAutoML] CPU Utilization: 98.2%
[MONITORING] [local.openml_t_359974.pygmo_c.wine-quality-white.0.H2OAutoML] Memory Usage: 47.3%
[MONITORING] [local.openml_t_359974.pygmo_c.wine-quality-white.0.H2OAutoML] Disk Usage: 43.2%
[MONITORING] [local.openml_t_359974.pygmo_c.wine-quality-white.0.H2OAutoML] CPU Utilization: 98.7%
[MONITORING] [local.openml_t_359974.pygmo_c.wine-quality-white.0.H2OAutoML] Memory Usage: 47.3%
[MONITORING] [local.openml_t_359974.pygmo_c.wine-quality-white.0.H2OAutoML] Disk Usage: 43.2%
[MONITORING] [local.openml_t_359974.pygmo_c.wine-quality-white.0.H2OAutoML] CPU Utilization: 98.3%
[MONITORING] [local.openml_t_359974.pygmo_c.wine-quality-white.0.H2OAutoML] Memory Usage: 47.3%
[MONITORING] [local.openml_t_359974.pygmo_c.wine-quality-white.0.H2OAutoML] Disk Usage: 43.2%
[MONITORING] [local.openml_t_359974.pygmo_c.wine-quality-white.0.H2OAutoML] CPU Utilization: 99.0%
[MONITORING] [local.openml_t_359974.pygmo_c.wine-quality-white.0.H2OAutoML] Memory Usage: 47.4%
[MONITORING] [local.openml_t_359974.pygmo_c.wine-quality-white.0.H2OAutoML] Disk Usage: 43.2%
[MONITORING] [local.openml_t_359974.pygmo_c.wine-quality-white.0.H2OAutoML] CPU Utilization: 98.3%
[MONITORING] [local.openml_t_359974.pygmo_c.wine-quality-white.0.H2OAutoML] Memory Usage: 47.4%
[MONITORING] [local.openml_t_359974.pygmo_c.wine-quality-white.0.H2OAutoML] Disk Usage: 43.2%
[MONITORING] [local.openml_t_359974.pygmo_c.wine-quality-white.0.H2OAutoML] CPU Utilization: 97.9%
[MONITORING] [local.openml_t_359974.pygmo_c.wine-quality-white.0.H2OAutoML] Memory Usage: 47.4%
[MONITORING] [local.openml_t_359974.pygmo_c.wine-quality-white.0.H2OAutoML] Disk Usage: 43.2%
[MONITORING] [local.openml_t_359974.pygmo_c.wine-quality-white.0.H2OAutoML] CPU Utilization: 97.7%
[MONITORING] [local.openml_t_359974.pygmo_c.wine-quality-white.0.H2OAutoML] Memory Usage: 47.4%
[MONITORING] [local.openml_t_359974.pygmo_c.wine-quality-white.0.H2OAutoML] Disk Usage: 43.2%
[MONITORING] [local.openml_t_359974.pygmo_c.wine-quality-white.0.H2OAutoML] CPU Utilization: 98.5%
[MONITORING] [local.openml_t_359974.pygmo_c.wine-quality-white.0.H2OAutoML] Memory Usage: 47.4%
[MONITORING] [local.openml_t_359974.pygmo_c.wine-quality-white.0.H2OAutoML] Disk Usage: 43.2%
[MONITORING] [local.openml_t_359974.pygmo_c.wine-quality-white.0.H2OAutoML] CPU Utilization: 98.3%
[MONITORING] [local.openml_t_359974.pygmo_c.wine-quality-white.0.H2OAutoML] Memory Usage: 47.4%
[MONITORING] [local.openml_t_359974.pygmo_c.wine-quality-white.0.H2OAutoML] Disk Usage: 43.2%
[MONITORING] [local.openml_t_359974.pygmo_c.wine-quality-white.0.H2OAutoML] CPU Utilization: 98.0%
[MONITORING] [local.openml_t_359974.pygmo_c.wine-quality-white.0.H2OAutoML] Memory Usage: 47.4%
[MONITORING] [local.openml_t_359974.pygmo_c.wine-quality-white.0.H2OAutoML] Disk Usage: 43.2%
[MONITORING] [local.openml_t_359974.pygmo_c.wine-quality-white.0.H2OAutoML] CPU Utilization: 93.0%
[MONITORING] [local.openml_t_359974.pygmo_c.wine-quality-white.0.H2OAutoML] Memory Usage: 47.4%
[MONITORING] [local.openml_t_359974.pygmo_c.wine-quality-white.0.H2OAutoML] Disk Usage: 43.2%
[MONITORING] [local.openml_t_359974.pygmo_c.wine-quality-white.0.H2OAutoML] CPU Utilization: 98.2%
[MONITORING] [local.openml_t_359974.pygmo_c.wine-quality-white.0.H2OAutoML] Memory Usage: 47.6%
[MONITORING] [local.openml_t_359974.pygmo_c.wine-quality-white.0.H2OAutoML] Disk Usage: 43.2%
[MONITORING] [local.openml_t_359974.pygmo_c.wine-quality-white.0.H2OAutoML] CPU Utilization: 98.9%
[MONITORING] [local.openml_t_359974.pygmo_c.wine-quality-white.0.H2OAutoML] Memory Usage: 47.6%
[MONITORING] [local.openml_t_359974.pygmo_c.wine-quality-white.0.H2OAutoML] Disk Usage: 43.2%
[MONITORING] [local.openml_t_359974.pygmo_c.wine-quality-white.0.H2OAutoML] CPU Utilization: 97.8%
[MONITORING] [local.openml_t_359974.pygmo_c.wine-quality-white.0.H2OAutoML] Memory Usage: 47.7%
[MONITORING] [local.openml_t_359974.pygmo_c.wine-quality-white.0.H2OAutoML] Disk Usage: 43.2%
[MONITORING] [local.openml_t_359974.pygmo_c.wine-quality-white.0.H2OAutoML] CPU Utilization: 98.5%
[MONITORING] [local.openml_t_359974.pygmo_c.wine-quality-white.0.H2OAutoML] Memory Usage: 47.7%
[MONITORING] [local.openml_t_359974.pygmo_c.wine-quality-white.0.H2OAutoML] Disk Usage: 43.2%
[MONITORING] [local.openml_t_359974.pygmo_c.wine-quality-white.0.H2OAutoML] CPU Utilization: 97.7%
[MONITORING] [local.openml_t_359974.pygmo_c.wine-quality-white.0.H2OAutoML] Memory Usage: 47.7%
[MONITORING] [local.openml_t_359974.pygmo_c.wine-quality-white.0.H2OAutoML] Disk Usage: 43.2%
[MONITORING] [local.openml_t_359974.pygmo_c.wine-quality-white.0.H2OAutoML] CPU Utilization: 97.5%
[MONITORING] [local.openml_t_359974.pygmo_c.wine-quality-white.0.H2OAutoML] Memory Usage: 47.7%
[MONITORING] [local.openml_t_359974.pygmo_c.wine-quality-white.0.H2OAutoML] Disk Usage: 43.2%
[MONITORING] [local.openml_t_359974.pygmo_c.wine-quality-white.0.H2OAutoML] CPU Utilization: 84.0%
[MONITORING] [local.openml_t_359974.pygmo_c.wine-quality-white.0.H2OAutoML] Memory Usage: 47.9%
[MONITORING] [local.openml_t_359974.pygmo_c.wine-quality-white.0.H2OAutoML] Disk Usage: 43.2%
[MONITORING] [local.openml_t_359974.pygmo_c.wine-quality-white.0.H2OAutoML] CPU Utilization: 92.6%
[MONITORING] [local.openml_t_359974.pygmo_c.wine-quality-white.0.H2OAutoML] Memory Usage: 48.0%
[MONITORING] [local.openml_t_359974.pygmo_c.wine-quality-white.0.H2OAutoML] Disk Usage: 43.2%
AutoML progress: |███████████████████████████████████████████████████████████████| (done) 100%
stackedensemble prediction progress: |███████████████████████████████████████████| (done) 100%
H2O session _sid_aeda closed.



Predictions preview:
                         1                      2                     3                    4                     5                      6                      7 predictions truth
0    0.008625016284416757   0.019927608849758038    0.3226218866780519  0.45954078236720536   0.16029713287974287   0.022044322770299427   0.006943250170525596           4     4
1    0.001342862166396088  0.0024456643560665133  0.015407928286249392   0.9608000582789652  0.015109273804837361   0.003760234926430636  0.0011339781810545844           4     4
2    0.006817279201618167    0.01231575313681524   0.23544361762994992   0.6364570641206213   0.07644611460106553    0.02702922251020723   0.005490948799722757           4     4
3   0.0015529382997565128     0.0028164225369361  0.020065802458108625   0.9577943256274396  0.012253170574573173    0.00420317330578813  0.0013141671973978463           4     4
4    0.006847836024198218   0.020930677478152564    0.1780408416161469   0.6915338065340226   0.08128054464196523   0.015853696734694958   0.005512596970819608           4     4
5   0.0034993674685294346  0.0068136533802716105    0.1350362695759451   0.8072036126834808  0.031212275413592058   0.013337933572301636   0.002896887905879223           4     4
6   0.0014629680785665706   0.003062881102516578    0.0142049562517334   0.9712575324216539  0.006267892642450402  0.0025235339072100307  0.0012202355958691336           4     4
7   0.0014278123172340577    0.00268843970309455    0.0113069870887253    0.963553820554405  0.015950924790250072   0.003863716710405179  0.0012082988358858473           4     4
8   0.0058963693124073485   0.022249441430436966   0.38956177184806995   0.5493182947980619  0.018490690073435286   0.009734606527038512  0.0047488260105501105           4     4
9    0.005472557225116517     0.0098411359738147    0.3755293676289065   0.5304039393750806   0.05958193025988614    0.01476558986811332   0.004405479669082249           4     4
10   0.001069526870584588   0.003189693341578468   0.00642366510858371   0.9708117530531536  0.009037825125727863     0.0085624221588258   9.051143415457845E-4           4     4
11    0.00142272525342777  0.0033616388820690343    0.0702955794827941   0.9125182464040176  0.007363811964410644  0.0038507394708571885   0.001187258542423814           4     4
12  0.0016213762816310673   0.004390886584421738  0.022027842080990564   0.9610743674555098  0.006726009159464688  0.0027903493805326524  0.0013691690574494388           4     4
13    0.00737553471183806    0.03269988048150529   0.26808467468422154   0.5542800374067716     0.115662883818503   0.015959587626601737   0.005937401270558878           4     4
14    0.01025812887958366   0.018588570887162183   0.18016213599805753   0.4306496592903668    0.2847981107965515    0.06728546712022991   0.008257927028048407           4     4
15  0.0014384655203343005  0.0028360735920333327  0.009222352557199153   0.9672654512435893  0.013722583789257031    0.00430011419065189  0.0012149591069349026           4     4
16   0.001480171928799293   0.002781066457933791  0.012192558128723654   0.9405411498626988     0.036137800121487  0.0056350147305649426  0.0012322387697924063           4     4
17   0.008246693886211482   0.020373878994513636   0.13744379734191453    0.474642378978057   0.33604173660659886    0.01661281846813377    0.00663869572457071           4     4
18  0.0044547271774784385   0.014856634949216912   0.45162766177368785  0.47936431431661247   0.03745822442622937   0.008651538219437068  0.0035868991373380022           4     4
19   0.007580869528996682    0.01373715735883813   0.17126600099803685   0.5987156633783501   0.18738780573617336   0.015206523589047853   0.006105979410557024           4     4

Predictions saved to `/home/juradoi/experiments/automlbenchmark/results/h2oautoml.openml_t_359974.pygmo_c.local.20211210T063436/predictions/wine-quality-white/0/predictions.csv`.
Loading metadata from `/home/juradoi/experiments/automlbenchmark/results/h2oautoml.openml_t_359974.pygmo_c.local.20211210T063436/predictions/wine-quality-white/0/metadata.json`.
Loading predictions from `/home/juradoi/experiments/automlbenchmark/results/h2oautoml.openml_t_359974.pygmo_c.local.20211210T063436/predictions/wine-quality-white/0/predictions.csv`.
Metric scores: { 'acc': 0.673469387755102,
  'app_version': 'dev [master, beef024]',
  'balacc': 0.4816478646253022,
  'constraint': 'pygmo_c',
  'duration': nan,
  'fold': 0,
  'framework': 'H2OAutoML',
  'id': 'openml.org/t/359974',
  'info': None,
  'logloss': 0.7424605216701953,
  'metric': 'neg_logloss',
  'mode': 'local',
  'models_count': 152,
  'params': '',
  'predict_duration': 0.5107316970825195,
  'result': -0.7424605216701953,
  'seed': 1569927887,
  'task': 'wine-quality-white',
  'training_duration': 3606.7621779441833,
  'type': 'multiclass',
  'utc': '2021-12-10T07:34:52',
  'version': '3.34.0.3'}
Job `local.openml_t_359974.pygmo_c.wine-quality-white.0.H2OAutoML` executed in 3616.015 seconds.
All jobs executed in 3616.023 seconds.
[MONITORING] [local.openml_t_359974.pygmo_c.wine-quality-white.0.H2OAutoML] CPU Utilization: 77.2%
[MONITORING] [local.openml_t_359974.pygmo_c.wine-quality-white.0.H2OAutoML] Memory Usage: 2.3%
[MONITORING] [local.openml_t_359974.pygmo_c.wine-quality-white.0.H2OAutoML] Disk Usage: 43.2%
Processing results for h2oautoml.openml_t_359974.pygmo_c.local.20211210T063436
Scores saved to `/home/juradoi/experiments/automlbenchmark/results/h2oautoml.openml_t_359974.pygmo_c.local.20211210T063436/scores/H2OAutoML.benchmark_openml_t_359974.csv`.
Scores saved to `/home/juradoi/experiments/automlbenchmark/results/h2oautoml.openml_t_359974.pygmo_c.local.20211210T063436/scores/results.csv`.
Scores saved to `/home/juradoi/experiments/automlbenchmark/results/results.csv`.
Summing up scores for current run:
                 id               task fold framework constraint    result      metric  duration       seed
openml.org/t/359974 wine-quality-white    0 H2OAutoML    pygmo_c -0.742461 neg_logloss    3616.0 1569927887
