/var/spool/slurm/slurmd/job8493646/slurm_script: line 8: activate: No such file or directory
Running benchmark `H2OAutoML` on `openml/t/168911` framework in `local` mode.
Loading frameworks definitions from ['/home/juradoi/experiments/automlbenchmark/resources/frameworks.yaml'].
Loading benchmark constraint definitions from ['/home/juradoi/experiments/automlbenchmark/resources/constraints.yaml'].
Loading openml task 168911.

---------------------------------------------------------------
Starting job local.openml_t_168911.pygmo_c.jasmine.0.H2OAutoML.
Assigning 16 cores (total=16) for new task jasmine.
Assigning 91022 MB (total=95302 MB) for new jasmine task.
[MONITORING] [local.openml_t_168911.pygmo_c.jasmine.0.H2OAutoML] CPU Utilization: 18.1%
[MONITORING] [local.openml_t_168911.pygmo_c.jasmine.0.H2OAutoML] Memory Usage: 2.3%
[MONITORING] [local.openml_t_168911.pygmo_c.jasmine.0.H2OAutoML] Disk Usage: 43.2%
Running task jasmine on framework H2OAutoML with config:
TaskConfig({})
Running cmd `/home/juradoi/experiments/automlbenchmark/frameworks/H2OAutoML/venv/bin/python -W ignore /home/juradoi/experiments/automlbenchmark/frameworks/H2OAutoML/exec.py`
INFO:__main__:
**** H2O AutoML [v3.34.0.3] ****

INFO:__main__:Starting H2O cluster with 16 cores, 60681M memory.
Checking whether there is an H2O instance running at http://localhost:11269 ..... not found.
Attempting to start a local H2O server...
  Java Version: openjdk version "11.0.12" 2021-07-20; OpenJDK Runtime Environment (build 11.0.12+7-post-Debian-2deb10u1); OpenJDK 64-Bit Server VM (build 11.0.12+7-post-Debian-2deb10u1, mixed mode, sharing)
  Starting server from /home/juradoi/experiments/automlbenchmark/frameworks/H2OAutoML/venv/lib/python3.8/site-packages/h2o/backend/bin/h2o.jar
  Ice root: /tmp/tmp1gh53zo_
  JVM stdout: /tmp/tmp1gh53zo_/h2o_unknownUser_started_from_python.out
  JVM stderr: /tmp/tmp1gh53zo_/h2o_unknownUser_started_from_python.err
  Server is running at http://127.0.0.1:11269
Connecting to H2O server at http://127.0.0.1:11269 ... successful.
--------------------------  ------------------------------------------------------------------
H2O_cluster_uptime:         01 secs
H2O_cluster_timezone:       Europe/Amsterdam
H2O_data_parsing_timezone:  UTC
H2O_cluster_version:        3.34.0.3
H2O_cluster_version_age:    2 months and 2 days
H2O_cluster_name:           H2O_from_python_unknownUser_d6tfu0
H2O_cluster_total_nodes:    1
H2O_cluster_free_memory:    59.27 Gb
H2O_cluster_total_cores:    16
H2O_cluster_allowed_cores:  16
H2O_cluster_status:         locked, healthy
H2O_connection_url:         http://127.0.0.1:11269
H2O_connection_proxy:       {"http": null, "https": null}
H2O_internal_security:      False
H2O_API_Extensions:         Amazon S3, XGBoost, Algos, AutoML, Core V3, TargetEncoder, Core V4
Python_version:             3.8.12 final
--------------------------  ------------------------------------------------------------------
Parse progress: |████████████████████████████████████████████████████████████████| (done) 100%
Parse progress: |████████████████████████████████████████████████████████████████| (done) 100%
Parse progress: |████████████████████████████████████████████████████████████████| (done) 100%
INFO:__main__:Running model on task jasmine, fold 0.
[MONITORING] [local.openml_t_168911.pygmo_c.jasmine.0.H2OAutoML] CPU Utilization: 55.0%
[MONITORING] [local.openml_t_168911.pygmo_c.jasmine.0.H2OAutoML] Memory Usage: 33.8%
[MONITORING] [local.openml_t_168911.pygmo_c.jasmine.0.H2OAutoML] Disk Usage: 43.2%
[MONITORING] [local.openml_t_168911.pygmo_c.jasmine.0.H2OAutoML] CPU Utilization: 83.2%
[MONITORING] [local.openml_t_168911.pygmo_c.jasmine.0.H2OAutoML] Memory Usage: 45.2%
[MONITORING] [local.openml_t_168911.pygmo_c.jasmine.0.H2OAutoML] Disk Usage: 43.2%
[MONITORING] [local.openml_t_168911.pygmo_c.jasmine.0.H2OAutoML] CPU Utilization: 88.9%
[MONITORING] [local.openml_t_168911.pygmo_c.jasmine.0.H2OAutoML] Memory Usage: 45.2%
[MONITORING] [local.openml_t_168911.pygmo_c.jasmine.0.H2OAutoML] Disk Usage: 43.2%
[MONITORING] [local.openml_t_168911.pygmo_c.jasmine.0.H2OAutoML] CPU Utilization: 88.1%
[MONITORING] [local.openml_t_168911.pygmo_c.jasmine.0.H2OAutoML] Memory Usage: 45.3%
[MONITORING] [local.openml_t_168911.pygmo_c.jasmine.0.H2OAutoML] Disk Usage: 43.2%
[MONITORING] [local.openml_t_168911.pygmo_c.jasmine.0.H2OAutoML] CPU Utilization: 89.8%
[MONITORING] [local.openml_t_168911.pygmo_c.jasmine.0.H2OAutoML] Memory Usage: 45.3%
[MONITORING] [local.openml_t_168911.pygmo_c.jasmine.0.H2OAutoML] Disk Usage: 43.2%
[MONITORING] [local.openml_t_168911.pygmo_c.jasmine.0.H2OAutoML] CPU Utilization: 89.3%
[MONITORING] [local.openml_t_168911.pygmo_c.jasmine.0.H2OAutoML] Memory Usage: 45.4%
[MONITORING] [local.openml_t_168911.pygmo_c.jasmine.0.H2OAutoML] Disk Usage: 43.2%
[MONITORING] [local.openml_t_168911.pygmo_c.jasmine.0.H2OAutoML] CPU Utilization: 89.4%
[MONITORING] [local.openml_t_168911.pygmo_c.jasmine.0.H2OAutoML] Memory Usage: 45.4%
[MONITORING] [local.openml_t_168911.pygmo_c.jasmine.0.H2OAutoML] Disk Usage: 43.2%
[MONITORING] [local.openml_t_168911.pygmo_c.jasmine.0.H2OAutoML] CPU Utilization: 88.6%
[MONITORING] [local.openml_t_168911.pygmo_c.jasmine.0.H2OAutoML] Memory Usage: 45.4%
[MONITORING] [local.openml_t_168911.pygmo_c.jasmine.0.H2OAutoML] Disk Usage: 43.2%
[MONITORING] [local.openml_t_168911.pygmo_c.jasmine.0.H2OAutoML] CPU Utilization: 88.2%
[MONITORING] [local.openml_t_168911.pygmo_c.jasmine.0.H2OAutoML] Memory Usage: 45.4%
[MONITORING] [local.openml_t_168911.pygmo_c.jasmine.0.H2OAutoML] Disk Usage: 43.2%
[MONITORING] [local.openml_t_168911.pygmo_c.jasmine.0.H2OAutoML] CPU Utilization: 87.8%
[MONITORING] [local.openml_t_168911.pygmo_c.jasmine.0.H2OAutoML] Memory Usage: 45.4%
[MONITORING] [local.openml_t_168911.pygmo_c.jasmine.0.H2OAutoML] Disk Usage: 43.2%
[MONITORING] [local.openml_t_168911.pygmo_c.jasmine.0.H2OAutoML] CPU Utilization: 88.0%
[MONITORING] [local.openml_t_168911.pygmo_c.jasmine.0.H2OAutoML] Memory Usage: 45.4%
[MONITORING] [local.openml_t_168911.pygmo_c.jasmine.0.H2OAutoML] Disk Usage: 43.2%
[MONITORING] [local.openml_t_168911.pygmo_c.jasmine.0.H2OAutoML] CPU Utilization: 87.8%
[MONITORING] [local.openml_t_168911.pygmo_c.jasmine.0.H2OAutoML] Memory Usage: 45.4%
[MONITORING] [local.openml_t_168911.pygmo_c.jasmine.0.H2OAutoML] Disk Usage: 43.2%
[MONITORING] [local.openml_t_168911.pygmo_c.jasmine.0.H2OAutoML] CPU Utilization: 89.8%
[MONITORING] [local.openml_t_168911.pygmo_c.jasmine.0.H2OAutoML] Memory Usage: 45.4%
[MONITORING] [local.openml_t_168911.pygmo_c.jasmine.0.H2OAutoML] Disk Usage: 43.2%
[MONITORING] [local.openml_t_168911.pygmo_c.jasmine.0.H2OAutoML] CPU Utilization: 90.4%
[MONITORING] [local.openml_t_168911.pygmo_c.jasmine.0.H2OAutoML] Memory Usage: 45.4%
[MONITORING] [local.openml_t_168911.pygmo_c.jasmine.0.H2OAutoML] Disk Usage: 43.2%
[MONITORING] [local.openml_t_168911.pygmo_c.jasmine.0.H2OAutoML] CPU Utilization: 90.8%
[MONITORING] [local.openml_t_168911.pygmo_c.jasmine.0.H2OAutoML] Memory Usage: 45.4%
[MONITORING] [local.openml_t_168911.pygmo_c.jasmine.0.H2OAutoML] Disk Usage: 43.2%
[MONITORING] [local.openml_t_168911.pygmo_c.jasmine.0.H2OAutoML] CPU Utilization: 92.5%
[MONITORING] [local.openml_t_168911.pygmo_c.jasmine.0.H2OAutoML] Memory Usage: 45.5%
[MONITORING] [local.openml_t_168911.pygmo_c.jasmine.0.H2OAutoML] Disk Usage: 43.2%
[MONITORING] [local.openml_t_168911.pygmo_c.jasmine.0.H2OAutoML] CPU Utilization: 89.2%
[MONITORING] [local.openml_t_168911.pygmo_c.jasmine.0.H2OAutoML] Memory Usage: 45.5%
[MONITORING] [local.openml_t_168911.pygmo_c.jasmine.0.H2OAutoML] Disk Usage: 43.2%
[MONITORING] [local.openml_t_168911.pygmo_c.jasmine.0.H2OAutoML] CPU Utilization: 89.7%
[MONITORING] [local.openml_t_168911.pygmo_c.jasmine.0.H2OAutoML] Memory Usage: 45.5%
[MONITORING] [local.openml_t_168911.pygmo_c.jasmine.0.H2OAutoML] Disk Usage: 43.2%
[MONITORING] [local.openml_t_168911.pygmo_c.jasmine.0.H2OAutoML] CPU Utilization: 90.5%
[MONITORING] [local.openml_t_168911.pygmo_c.jasmine.0.H2OAutoML] Memory Usage: 45.5%
[MONITORING] [local.openml_t_168911.pygmo_c.jasmine.0.H2OAutoML] Disk Usage: 43.2%
[MONITORING] [local.openml_t_168911.pygmo_c.jasmine.0.H2OAutoML] CPU Utilization: 90.8%
[MONITORING] [local.openml_t_168911.pygmo_c.jasmine.0.H2OAutoML] Memory Usage: 45.5%
[MONITORING] [local.openml_t_168911.pygmo_c.jasmine.0.H2OAutoML] Disk Usage: 43.2%
[MONITORING] [local.openml_t_168911.pygmo_c.jasmine.0.H2OAutoML] CPU Utilization: 90.0%
[MONITORING] [local.openml_t_168911.pygmo_c.jasmine.0.H2OAutoML] Memory Usage: 45.6%
[MONITORING] [local.openml_t_168911.pygmo_c.jasmine.0.H2OAutoML] Disk Usage: 43.2%
[MONITORING] [local.openml_t_168911.pygmo_c.jasmine.0.H2OAutoML] CPU Utilization: 91.8%
[MONITORING] [local.openml_t_168911.pygmo_c.jasmine.0.H2OAutoML] Memory Usage: 45.6%
[MONITORING] [local.openml_t_168911.pygmo_c.jasmine.0.H2OAutoML] Disk Usage: 43.2%
[MONITORING] [local.openml_t_168911.pygmo_c.jasmine.0.H2OAutoML] CPU Utilization: 89.7%
[MONITORING] [local.openml_t_168911.pygmo_c.jasmine.0.H2OAutoML] Memory Usage: 45.6%
[MONITORING] [local.openml_t_168911.pygmo_c.jasmine.0.H2OAutoML] Disk Usage: 43.2%
[MONITORING] [local.openml_t_168911.pygmo_c.jasmine.0.H2OAutoML] CPU Utilization: 90.4%
[MONITORING] [local.openml_t_168911.pygmo_c.jasmine.0.H2OAutoML] Memory Usage: 45.6%
[MONITORING] [local.openml_t_168911.pygmo_c.jasmine.0.H2OAutoML] Disk Usage: 43.2%
[MONITORING] [local.openml_t_168911.pygmo_c.jasmine.0.H2OAutoML] CPU Utilization: 90.5%
[MONITORING] [local.openml_t_168911.pygmo_c.jasmine.0.H2OAutoML] Memory Usage: 45.7%
[MONITORING] [local.openml_t_168911.pygmo_c.jasmine.0.H2OAutoML] Disk Usage: 43.2%
[MONITORING] [local.openml_t_168911.pygmo_c.jasmine.0.H2OAutoML] CPU Utilization: 90.5%
[MONITORING] [local.openml_t_168911.pygmo_c.jasmine.0.H2OAutoML] Memory Usage: 45.7%
[MONITORING] [local.openml_t_168911.pygmo_c.jasmine.0.H2OAutoML] Disk Usage: 43.2%
[MONITORING] [local.openml_t_168911.pygmo_c.jasmine.0.H2OAutoML] CPU Utilization: 89.1%
[MONITORING] [local.openml_t_168911.pygmo_c.jasmine.0.H2OAutoML] Memory Usage: 45.7%
[MONITORING] [local.openml_t_168911.pygmo_c.jasmine.0.H2OAutoML] Disk Usage: 43.2%
[MONITORING] [local.openml_t_168911.pygmo_c.jasmine.0.H2OAutoML] CPU Utilization: 91.5%
[MONITORING] [local.openml_t_168911.pygmo_c.jasmine.0.H2OAutoML] Memory Usage: 45.7%
[MONITORING] [local.openml_t_168911.pygmo_c.jasmine.0.H2OAutoML] Disk Usage: 43.2%
[MONITORING] [local.openml_t_168911.pygmo_c.jasmine.0.H2OAutoML] CPU Utilization: 64.9%
[MONITORING] [local.openml_t_168911.pygmo_c.jasmine.0.H2OAutoML] Memory Usage: 45.9%
[MONITORING] [local.openml_t_168911.pygmo_c.jasmine.0.H2OAutoML] Disk Usage: 43.2%
AutoML progress: |███████████████████████████████████████████████████████████████| (done) 100%
stackedensemble prediction progress: |███████████████████████████████████████████| (done) 100%
H2O session _sid_8cc4 closed.



Predictions preview:
                       0                   1 predictions truth
0    0.2902074002883335  0.7097925997116665           1     1
1   0.13619344647298348  0.8638065535270165           1     1
2   0.14608694137085954  0.8539130586291405           1     1
3   0.44040304717060874  0.5595969528293913           1     1
4   0.12488755299107146  0.8751124470089285           1     1
5   0.12968855991655026  0.8703114400834497           1     1
6   0.27223907427097216  0.7277609257290278           1     1
7    0.5010426333161468  0.4989573666838531           1     1
8    0.2209257933285277  0.7790742066714723           1     1
9    0.3627328490590349  0.6372671509409651           1     1
10   0.2667373958565412  0.7332626041434588           1     1
11   0.6198791155060289  0.3801208844939711           0     1
12  0.09220711752925315  0.9077928824707469           1     1
13   0.4540159975663567  0.5459840024336433           1     1
14  0.31906696846389615  0.6809330315361038           1     1
15  0.13946831256809966  0.8605316874319003           1     1
16  0.08635351884691445  0.9136464811530856           1     1
17   0.2597063137537591  0.7402936862462409           1     1
18  0.35686475232467696   0.643135247675323           1     1
19  0.07527621136303309  0.9247237886369669           1     1

Predictions saved to `/home/juradoi/experiments/automlbenchmark/results/h2oautoml.openml_t_168911.pygmo_c.local.20211209T210953/predictions/jasmine/0/predictions.csv`.
Loading metadata from `/home/juradoi/experiments/automlbenchmark/results/h2oautoml.openml_t_168911.pygmo_c.local.20211209T210953/predictions/jasmine/0/metadata.json`.
Loading predictions from `/home/juradoi/experiments/automlbenchmark/results/h2oautoml.openml_t_168911.pygmo_c.local.20211209T210953/predictions/jasmine/0/predictions.csv`.
Metric scores: { 'acc': 0.8327759197324415,
  'app_version': 'dev [master, beef024]',
  'auc': 0.8792393736017896,
  'balacc': 0.8325055928411633,
  'constraint': 'pygmo_c',
  'duration': nan,
  'fold': 0,
  'framework': 'H2OAutoML',
  'id': 'openml.org/t/168911',
  'info': None,
  'logloss': 0.3972725293931096,
  'metric': 'auc',
  'mode': 'local',
  'models_count': 122,
  'params': '',
  'predict_duration': 0.3244037628173828,
  'result': 0.8792393736017896,
  'seed': 1589539597,
  'task': 'jasmine',
  'training_duration': 3532.8704369068146,
  'type': 'binary',
  'utc': '2021-12-09T22:08:57',
  'version': '3.34.0.3'}
Job `local.openml_t_168911.pygmo_c.jasmine.0.H2OAutoML` executed in 3543.238 seconds.
All jobs executed in 3543.246 seconds.
[MONITORING] [local.openml_t_168911.pygmo_c.jasmine.0.H2OAutoML] CPU Utilization: 68.7%
[MONITORING] [local.openml_t_168911.pygmo_c.jasmine.0.H2OAutoML] Memory Usage: 2.3%
[MONITORING] [local.openml_t_168911.pygmo_c.jasmine.0.H2OAutoML] Disk Usage: 43.2%
Processing results for h2oautoml.openml_t_168911.pygmo_c.local.20211209T210953
Scores saved to `/home/juradoi/experiments/automlbenchmark/results/h2oautoml.openml_t_168911.pygmo_c.local.20211209T210953/scores/H2OAutoML.benchmark_openml_t_168911.csv`.
Scores saved to `/home/juradoi/experiments/automlbenchmark/results/h2oautoml.openml_t_168911.pygmo_c.local.20211209T210953/scores/results.csv`.
Scores saved to `/home/juradoi/experiments/automlbenchmark/results/results.csv`.
Summing up scores for current run:
                 id    task fold framework constraint   result metric  duration       seed
openml.org/t/168911 jasmine    0 H2OAutoML    pygmo_c 0.879239    auc    3543.2 1589539597
