/var/spool/slurm/slurmd/job8494057/slurm_script: line 8: activate: No such file or directory
Running benchmark `H2OAutoML` on `openml/t/359962` framework in `local` mode.
Loading frameworks definitions from ['/home/juradoi/experiments/automlbenchmark/resources/frameworks.yaml'].
Loading benchmark constraint definitions from ['/home/juradoi/experiments/automlbenchmark/resources/constraints.yaml'].
Loading openml task 359962.

-----------------------------------------------------------
Starting job local.openml_t_359962.pygmo_c.kc1.0.H2OAutoML.
Assigning 16 cores (total=16) for new task kc1.
Assigning 91093 MB (total=95302 MB) for new kc1 task.
[MONITORING] [local.openml_t_359962.pygmo_c.kc1.0.H2OAutoML] CPU Utilization: 15.4%
[MONITORING] [local.openml_t_359962.pygmo_c.kc1.0.H2OAutoML] Memory Usage: 2.3%
[MONITORING] [local.openml_t_359962.pygmo_c.kc1.0.H2OAutoML] Disk Usage: 43.3%
Running task kc1 on framework H2OAutoML with config:
TaskConfig({})
Running cmd `/home/juradoi/experiments/automlbenchmark/frameworks/H2OAutoML/venv/bin/python -W ignore /home/juradoi/experiments/automlbenchmark/frameworks/H2OAutoML/exec.py`
INFO:__main__:
**** H2O AutoML [v3.34.0.3] ****

INFO:__main__:Starting H2O cluster with 16 cores, 60729M memory.
Checking whether there is an H2O instance running at http://localhost:12344 ..... not found.
Attempting to start a local H2O server...
  Java Version: openjdk version "11.0.12" 2021-07-20; OpenJDK Runtime Environment (build 11.0.12+7-post-Debian-2deb10u1); OpenJDK 64-Bit Server VM (build 11.0.12+7-post-Debian-2deb10u1, mixed mode, sharing)
  Starting server from /home/juradoi/experiments/automlbenchmark/frameworks/H2OAutoML/venv/lib/python3.8/site-packages/h2o/backend/bin/h2o.jar
  Ice root: /tmp/tmpb7eqtnmi
  JVM stdout: /tmp/tmpb7eqtnmi/h2o_unknownUser_started_from_python.out
  JVM stderr: /tmp/tmpb7eqtnmi/h2o_unknownUser_started_from_python.err
  Server is running at http://127.0.0.1:12344
Connecting to H2O server at http://127.0.0.1:12344 ... successful.
--------------------------  ------------------------------------------------------------------
H2O_cluster_uptime:         02 secs
H2O_cluster_timezone:       Europe/Amsterdam
H2O_data_parsing_timezone:  UTC
H2O_cluster_version:        3.34.0.3
H2O_cluster_version_age:    2 months and 2 days
H2O_cluster_name:           H2O_from_python_unknownUser_k61nho
H2O_cluster_total_nodes:    1
H2O_cluster_free_memory:    59.31 Gb
H2O_cluster_total_cores:    16
H2O_cluster_allowed_cores:  16
H2O_cluster_status:         locked, healthy
H2O_connection_url:         http://127.0.0.1:12344
H2O_connection_proxy:       {"http": null, "https": null}
H2O_internal_security:      False
H2O_API_Extensions:         Amazon S3, XGBoost, Algos, AutoML, Core V3, TargetEncoder, Core V4
Python_version:             3.8.12 final
--------------------------  ------------------------------------------------------------------
Parse progress: |████████████████████████████████████████████████████████████████| (done) 100%
Parse progress: |████████████████████████████████████████████████████████████████| (done) 100%
INFO:__main__:Running model on task kc1, fold 0.
[MONITORING] [local.openml_t_359962.pygmo_c.kc1.0.H2OAutoML] CPU Utilization: 75.1%
[MONITORING] [local.openml_t_359962.pygmo_c.kc1.0.H2OAutoML] Memory Usage: 33.1%
[MONITORING] [local.openml_t_359962.pygmo_c.kc1.0.H2OAutoML] Disk Usage: 43.3%
[MONITORING] [local.openml_t_359962.pygmo_c.kc1.0.H2OAutoML] CPU Utilization: 98.6%
[MONITORING] [local.openml_t_359962.pygmo_c.kc1.0.H2OAutoML] Memory Usage: 43.7%
[MONITORING] [local.openml_t_359962.pygmo_c.kc1.0.H2OAutoML] Disk Usage: 43.3%
[MONITORING] [local.openml_t_359962.pygmo_c.kc1.0.H2OAutoML] CPU Utilization: 97.6%
[MONITORING] [local.openml_t_359962.pygmo_c.kc1.0.H2OAutoML] Memory Usage: 44.4%
[MONITORING] [local.openml_t_359962.pygmo_c.kc1.0.H2OAutoML] Disk Usage: 43.3%
[MONITORING] [local.openml_t_359962.pygmo_c.kc1.0.H2OAutoML] CPU Utilization: 98.6%
[MONITORING] [local.openml_t_359962.pygmo_c.kc1.0.H2OAutoML] Memory Usage: 44.5%
[MONITORING] [local.openml_t_359962.pygmo_c.kc1.0.H2OAutoML] Disk Usage: 43.3%
[MONITORING] [local.openml_t_359962.pygmo_c.kc1.0.H2OAutoML] CPU Utilization: 97.1%
[MONITORING] [local.openml_t_359962.pygmo_c.kc1.0.H2OAutoML] Memory Usage: 45.0%
[MONITORING] [local.openml_t_359962.pygmo_c.kc1.0.H2OAutoML] Disk Usage: 43.3%
[MONITORING] [local.openml_t_359962.pygmo_c.kc1.0.H2OAutoML] CPU Utilization: 98.3%
[MONITORING] [local.openml_t_359962.pygmo_c.kc1.0.H2OAutoML] Memory Usage: 45.0%
[MONITORING] [local.openml_t_359962.pygmo_c.kc1.0.H2OAutoML] Disk Usage: 43.3%
[MONITORING] [local.openml_t_359962.pygmo_c.kc1.0.H2OAutoML] CPU Utilization: 97.6%
[MONITORING] [local.openml_t_359962.pygmo_c.kc1.0.H2OAutoML] Memory Usage: 45.0%
[MONITORING] [local.openml_t_359962.pygmo_c.kc1.0.H2OAutoML] Disk Usage: 43.3%
[MONITORING] [local.openml_t_359962.pygmo_c.kc1.0.H2OAutoML] CPU Utilization: 98.0%
[MONITORING] [local.openml_t_359962.pygmo_c.kc1.0.H2OAutoML] Memory Usage: 45.1%
[MONITORING] [local.openml_t_359962.pygmo_c.kc1.0.H2OAutoML] Disk Usage: 43.3%
[MONITORING] [local.openml_t_359962.pygmo_c.kc1.0.H2OAutoML] CPU Utilization: 98.1%
[MONITORING] [local.openml_t_359962.pygmo_c.kc1.0.H2OAutoML] Memory Usage: 45.1%
[MONITORING] [local.openml_t_359962.pygmo_c.kc1.0.H2OAutoML] Disk Usage: 43.3%
[MONITORING] [local.openml_t_359962.pygmo_c.kc1.0.H2OAutoML] CPU Utilization: 98.0%
[MONITORING] [local.openml_t_359962.pygmo_c.kc1.0.H2OAutoML] Memory Usage: 45.1%
[MONITORING] [local.openml_t_359962.pygmo_c.kc1.0.H2OAutoML] Disk Usage: 43.3%
[MONITORING] [local.openml_t_359962.pygmo_c.kc1.0.H2OAutoML] CPU Utilization: 98.7%
[MONITORING] [local.openml_t_359962.pygmo_c.kc1.0.H2OAutoML] Memory Usage: 45.9%
[MONITORING] [local.openml_t_359962.pygmo_c.kc1.0.H2OAutoML] Disk Usage: 43.3%
[MONITORING] [local.openml_t_359962.pygmo_c.kc1.0.H2OAutoML] CPU Utilization: 98.5%
[MONITORING] [local.openml_t_359962.pygmo_c.kc1.0.H2OAutoML] Memory Usage: 45.9%
[MONITORING] [local.openml_t_359962.pygmo_c.kc1.0.H2OAutoML] Disk Usage: 43.3%
[MONITORING] [local.openml_t_359962.pygmo_c.kc1.0.H2OAutoML] CPU Utilization: 98.2%
[MONITORING] [local.openml_t_359962.pygmo_c.kc1.0.H2OAutoML] Memory Usage: 45.9%
[MONITORING] [local.openml_t_359962.pygmo_c.kc1.0.H2OAutoML] Disk Usage: 43.3%
[MONITORING] [local.openml_t_359962.pygmo_c.kc1.0.H2OAutoML] CPU Utilization: 98.1%
[MONITORING] [local.openml_t_359962.pygmo_c.kc1.0.H2OAutoML] Memory Usage: 45.9%
[MONITORING] [local.openml_t_359962.pygmo_c.kc1.0.H2OAutoML] Disk Usage: 43.3%
[MONITORING] [local.openml_t_359962.pygmo_c.kc1.0.H2OAutoML] CPU Utilization: 97.2%
[MONITORING] [local.openml_t_359962.pygmo_c.kc1.0.H2OAutoML] Memory Usage: 45.9%
[MONITORING] [local.openml_t_359962.pygmo_c.kc1.0.H2OAutoML] Disk Usage: 43.3%
[MONITORING] [local.openml_t_359962.pygmo_c.kc1.0.H2OAutoML] CPU Utilization: 98.8%
[MONITORING] [local.openml_t_359962.pygmo_c.kc1.0.H2OAutoML] Memory Usage: 45.9%
[MONITORING] [local.openml_t_359962.pygmo_c.kc1.0.H2OAutoML] Disk Usage: 43.3%
[MONITORING] [local.openml_t_359962.pygmo_c.kc1.0.H2OAutoML] CPU Utilization: 96.4%
[MONITORING] [local.openml_t_359962.pygmo_c.kc1.0.H2OAutoML] Memory Usage: 45.9%
[MONITORING] [local.openml_t_359962.pygmo_c.kc1.0.H2OAutoML] Disk Usage: 43.3%
[MONITORING] [local.openml_t_359962.pygmo_c.kc1.0.H2OAutoML] CPU Utilization: 96.9%
[MONITORING] [local.openml_t_359962.pygmo_c.kc1.0.H2OAutoML] Memory Usage: 46.1%
[MONITORING] [local.openml_t_359962.pygmo_c.kc1.0.H2OAutoML] Disk Usage: 43.3%
[MONITORING] [local.openml_t_359962.pygmo_c.kc1.0.H2OAutoML] CPU Utilization: 97.5%
[MONITORING] [local.openml_t_359962.pygmo_c.kc1.0.H2OAutoML] Memory Usage: 46.1%
[MONITORING] [local.openml_t_359962.pygmo_c.kc1.0.H2OAutoML] Disk Usage: 43.3%
[MONITORING] [local.openml_t_359962.pygmo_c.kc1.0.H2OAutoML] CPU Utilization: 96.9%
[MONITORING] [local.openml_t_359962.pygmo_c.kc1.0.H2OAutoML] Memory Usage: 46.1%
[MONITORING] [local.openml_t_359962.pygmo_c.kc1.0.H2OAutoML] Disk Usage: 43.3%
[MONITORING] [local.openml_t_359962.pygmo_c.kc1.0.H2OAutoML] CPU Utilization: 96.8%
[MONITORING] [local.openml_t_359962.pygmo_c.kc1.0.H2OAutoML] Memory Usage: 46.3%
[MONITORING] [local.openml_t_359962.pygmo_c.kc1.0.H2OAutoML] Disk Usage: 43.3%
[MONITORING] [local.openml_t_359962.pygmo_c.kc1.0.H2OAutoML] CPU Utilization: 97.8%
[MONITORING] [local.openml_t_359962.pygmo_c.kc1.0.H2OAutoML] Memory Usage: 46.3%
[MONITORING] [local.openml_t_359962.pygmo_c.kc1.0.H2OAutoML] Disk Usage: 43.3%
[MONITORING] [local.openml_t_359962.pygmo_c.kc1.0.H2OAutoML] CPU Utilization: 98.9%
[MONITORING] [local.openml_t_359962.pygmo_c.kc1.0.H2OAutoML] Memory Usage: 46.4%
[MONITORING] [local.openml_t_359962.pygmo_c.kc1.0.H2OAutoML] Disk Usage: 43.3%
[MONITORING] [local.openml_t_359962.pygmo_c.kc1.0.H2OAutoML] CPU Utilization: 97.9%
[MONITORING] [local.openml_t_359962.pygmo_c.kc1.0.H2OAutoML] Memory Usage: 46.4%
[MONITORING] [local.openml_t_359962.pygmo_c.kc1.0.H2OAutoML] Disk Usage: 43.3%
[MONITORING] [local.openml_t_359962.pygmo_c.kc1.0.H2OAutoML] CPU Utilization: 98.5%
[MONITORING] [local.openml_t_359962.pygmo_c.kc1.0.H2OAutoML] Memory Usage: 46.4%
[MONITORING] [local.openml_t_359962.pygmo_c.kc1.0.H2OAutoML] Disk Usage: 43.3%
[MONITORING] [local.openml_t_359962.pygmo_c.kc1.0.H2OAutoML] CPU Utilization: 96.9%
[MONITORING] [local.openml_t_359962.pygmo_c.kc1.0.H2OAutoML] Memory Usage: 46.4%
[MONITORING] [local.openml_t_359962.pygmo_c.kc1.0.H2OAutoML] Disk Usage: 43.3%
[MONITORING] [local.openml_t_359962.pygmo_c.kc1.0.H2OAutoML] CPU Utilization: 98.7%
[MONITORING] [local.openml_t_359962.pygmo_c.kc1.0.H2OAutoML] Memory Usage: 46.4%
[MONITORING] [local.openml_t_359962.pygmo_c.kc1.0.H2OAutoML] Disk Usage: 43.3%
[MONITORING] [local.openml_t_359962.pygmo_c.kc1.0.H2OAutoML] CPU Utilization: 98.3%
[MONITORING] [local.openml_t_359962.pygmo_c.kc1.0.H2OAutoML] Memory Usage: 46.4%
[MONITORING] [local.openml_t_359962.pygmo_c.kc1.0.H2OAutoML] Disk Usage: 43.3%
[MONITORING] [local.openml_t_359962.pygmo_c.kc1.0.H2OAutoML] CPU Utilization: 69.0%
[MONITORING] [local.openml_t_359962.pygmo_c.kc1.0.H2OAutoML] Memory Usage: 47.0%
[MONITORING] [local.openml_t_359962.pygmo_c.kc1.0.H2OAutoML] Disk Usage: 43.3%
AutoML progress: |███████████████████████████████████████████████████████████████| (done) 100%
gbm prediction progress: |███████████████████████████████████████████████████████| (done) 100%
H2O session _sid_8015 closed.



Predictions preview:
                  False                  True predictions  truth
0   0.9738306927291372  0.026169307270862738       False  False
1   0.9738306927291372  0.026169307270862738       False  False
2   0.9738306927291372  0.026169307270862738       False  False
3   0.9712240872259749  0.028775912774025147       False  False
4   0.8956814007794305   0.10431859922056952       False  False
5   0.9738306927291372  0.026169307270862738       False  False
6   0.9707968561052328   0.02920314389476714       False  False
7   0.9001291969678544   0.09987080303214553       False  False
8   0.9210784100773083   0.07892158992269173       False  False
9   0.9738306927291372  0.026169307270862738       False  False
10  0.7171809488091003    0.2828190511908996       False  False
11  0.8531850079656091    0.1468149920343908       False  False
12  0.9237461881148974   0.07625381188510261       False  False
13  0.9540704260670075   0.04592957393299248       False  False
14  0.9738306927291372  0.026169307270862738       False  False
15  0.9707968561052328   0.02920314389476714       False  False
16  0.9738306927291372  0.026169307270862738       False  False
17  0.9738306927291372  0.026169307270862738       False  False
18  0.8587089303697106    0.1412910696302893       False  False
19  0.9682707079016345   0.03172929209836552       False  False

Predictions saved to `/home/juradoi/experiments/automlbenchmark/results/h2oautoml.openml_t_359962.pygmo_c.local.20211209T222823/predictions/kc1/0/predictions.csv`.
Loading metadata from `/home/juradoi/experiments/automlbenchmark/results/h2oautoml.openml_t_359962.pygmo_c.local.20211209T222823/predictions/kc1/0/metadata.json`.
Loading predictions from `/home/juradoi/experiments/automlbenchmark/results/h2oautoml.openml_t_359962.pygmo_c.local.20211209T222823/predictions/kc1/0/predictions.csv`.
Metric scores: { 'acc': 0.8483412322274881,
  'app_version': 'dev [master, beef024]',
  'auc': 0.8194832402234636,
  'balacc': 0.6539804469273742,
  'constraint': 'pygmo_c',
  'duration': nan,
  'fold': 0,
  'framework': 'H2OAutoML',
  'id': 'openml.org/t/359962',
  'info': None,
  'logloss': 0.32634735854878594,
  'metric': 'auc',
  'mode': 'local',
  'models_count': 286,
  'params': '',
  'predict_duration': 0.09885382652282715,
  'result': 0.8194832402234636,
  'seed': 498365100,
  'task': 'kc1',
  'training_duration': 3528.4153304100037,
  'type': 'binary',
  'utc': '2021-12-09T23:27:23',
  'version': '3.34.0.3'}
Job `local.openml_t_359962.pygmo_c.kc1.0.H2OAutoML` executed in 3539.018 seconds.
All jobs executed in 3539.465 seconds.
[MONITORING] [local.openml_t_359962.pygmo_c.kc1.0.H2OAutoML] CPU Utilization: 63.3%
[MONITORING] [local.openml_t_359962.pygmo_c.kc1.0.H2OAutoML] Memory Usage: 2.3%
[MONITORING] [local.openml_t_359962.pygmo_c.kc1.0.H2OAutoML] Disk Usage: 43.3%
Processing results for h2oautoml.openml_t_359962.pygmo_c.local.20211209T222823
Scores saved to `/home/juradoi/experiments/automlbenchmark/results/h2oautoml.openml_t_359962.pygmo_c.local.20211209T222823/scores/H2OAutoML.benchmark_openml_t_359962.csv`.
Scores saved to `/home/juradoi/experiments/automlbenchmark/results/h2oautoml.openml_t_359962.pygmo_c.local.20211209T222823/scores/results.csv`.
Scores saved to `/home/juradoi/experiments/automlbenchmark/results/results.csv`.
Summing up scores for current run:
                 id task fold framework constraint   result metric  duration      seed
openml.org/t/359962  kc1    0 H2OAutoML    pygmo_c 0.819483    auc    3539.0 498365100
