/var/spool/slurm/slurmd/job8494040/slurm_script: line 8: activate: No such file or directory
Running benchmark `H2OAutoML` on `openml/t/359959` framework in `local` mode.
Loading frameworks definitions from ['/home/juradoi/experiments/automlbenchmark/resources/frameworks.yaml'].
Loading benchmark constraint definitions from ['/home/juradoi/experiments/automlbenchmark/resources/constraints.yaml'].
Loading openml task 359959.

-----------------------------------------------------------
Starting job local.openml_t_359959.pygmo_c.cmc.0.H2OAutoML.
[MONITORING] [local.openml_t_359959.pygmo_c.cmc.0.H2OAutoML] CPU Utilization: 14.5%
Assigning 16 cores (total=16) for new task cmc.
[MONITORING] [local.openml_t_359959.pygmo_c.cmc.0.H2OAutoML] Memory Usage: 1.9%
[MONITORING] [local.openml_t_359959.pygmo_c.cmc.0.H2OAutoML] Disk Usage: 43.2%
Assigning 91468 MB (total=95302 MB) for new cmc task.
Running task cmc on framework H2OAutoML with config:
TaskConfig({})
Running cmd `/home/juradoi/experiments/automlbenchmark/frameworks/H2OAutoML/venv/bin/python -W ignore /home/juradoi/experiments/automlbenchmark/frameworks/H2OAutoML/exec.py`
INFO:__main__:
**** H2O AutoML [v3.34.0.3] ****

INFO:__main__:Starting H2O cluster with 16 cores, 60979M memory.
Checking whether there is an H2O instance running at http://localhost:32633 ..... not found.
Attempting to start a local H2O server...
  Java Version: openjdk version "11.0.12" 2021-07-20; OpenJDK Runtime Environment (build 11.0.12+7-post-Debian-2deb10u1); OpenJDK 64-Bit Server VM (build 11.0.12+7-post-Debian-2deb10u1, mixed mode, sharing)
  Starting server from /home/juradoi/experiments/automlbenchmark/frameworks/H2OAutoML/venv/lib/python3.8/site-packages/h2o/backend/bin/h2o.jar
  Ice root: /tmp/tmp860ajxkp
  JVM stdout: /tmp/tmp860ajxkp/h2o_unknownUser_started_from_python.out
  JVM stderr: /tmp/tmp860ajxkp/h2o_unknownUser_started_from_python.err
  Server is running at http://127.0.0.1:32633
Connecting to H2O server at http://127.0.0.1:32633 ... successful.
--------------------------  ------------------------------------------------------------------
H2O_cluster_uptime:         01 secs
H2O_cluster_timezone:       Europe/Amsterdam
H2O_data_parsing_timezone:  UTC
H2O_cluster_version:        3.34.0.3
H2O_cluster_version_age:    2 months and 2 days
H2O_cluster_name:           H2O_from_python_unknownUser_8wasvw
H2O_cluster_total_nodes:    1
H2O_cluster_free_memory:    59.56 Gb
H2O_cluster_total_cores:    16
H2O_cluster_allowed_cores:  16
H2O_cluster_status:         locked, healthy
H2O_connection_url:         http://127.0.0.1:32633
H2O_connection_proxy:       {"http": null, "https": null}
H2O_internal_security:      False
H2O_API_Extensions:         Amazon S3, XGBoost, Algos, AutoML, Core V3, TargetEncoder, Core V4
Python_version:             3.8.12 final
--------------------------  ------------------------------------------------------------------
Parse progress: |████████████████████████████████████████████████████████████████| (done) 100%
Parse progress: |████████████████████████████████████████████████████████████████| (done) 100%
INFO:__main__:Running model on task cmc, fold 0.
AutoML progress: |█
23:19:34.634: GLM_1_AutoML_1_20211209_231930 [GLM def_1] failed: java.lang.ArrayIndexOutOfBoundsException: Index 24 out of bounds for length 24

[MONITORING] [local.openml_t_359959.pygmo_c.cmc.0.H2OAutoML] CPU Utilization: 72.3%
[MONITORING] [local.openml_t_359959.pygmo_c.cmc.0.H2OAutoML] Memory Usage: 31.7%
[MONITORING] [local.openml_t_359959.pygmo_c.cmc.0.H2OAutoML] Disk Usage: 43.2%
[MONITORING] [local.openml_t_359959.pygmo_c.cmc.0.H2OAutoML] CPU Utilization: 97.8%
[MONITORING] [local.openml_t_359959.pygmo_c.cmc.0.H2OAutoML] Memory Usage: 39.6%
[MONITORING] [local.openml_t_359959.pygmo_c.cmc.0.H2OAutoML] Disk Usage: 43.2%
[MONITORING] [local.openml_t_359959.pygmo_c.cmc.0.H2OAutoML] CPU Utilization: 98.0%
[MONITORING] [local.openml_t_359959.pygmo_c.cmc.0.H2OAutoML] Memory Usage: 40.5%
[MONITORING] [local.openml_t_359959.pygmo_c.cmc.0.H2OAutoML] Disk Usage: 43.2%
[MONITORING] [local.openml_t_359959.pygmo_c.cmc.0.H2OAutoML] CPU Utilization: 97.7%
[MONITORING] [local.openml_t_359959.pygmo_c.cmc.0.H2OAutoML] Memory Usage: 44.3%
[MONITORING] [local.openml_t_359959.pygmo_c.cmc.0.H2OAutoML] Disk Usage: 43.2%
[MONITORING] [local.openml_t_359959.pygmo_c.cmc.0.H2OAutoML] CPU Utilization: 97.3%
[MONITORING] [local.openml_t_359959.pygmo_c.cmc.0.H2OAutoML] Memory Usage: 44.4%
[MONITORING] [local.openml_t_359959.pygmo_c.cmc.0.H2OAutoML] Disk Usage: 43.2%
[MONITORING] [local.openml_t_359959.pygmo_c.cmc.0.H2OAutoML] CPU Utilization: 97.5%
[MONITORING] [local.openml_t_359959.pygmo_c.cmc.0.H2OAutoML] Memory Usage: 44.4%
[MONITORING] [local.openml_t_359959.pygmo_c.cmc.0.H2OAutoML] Disk Usage: 43.2%
[MONITORING] [local.openml_t_359959.pygmo_c.cmc.0.H2OAutoML] CPU Utilization: 97.5%
[MONITORING] [local.openml_t_359959.pygmo_c.cmc.0.H2OAutoML] Memory Usage: 44.4%
[MONITORING] [local.openml_t_359959.pygmo_c.cmc.0.H2OAutoML] Disk Usage: 43.2%
[MONITORING] [local.openml_t_359959.pygmo_c.cmc.0.H2OAutoML] CPU Utilization: 97.7%
[MONITORING] [local.openml_t_359959.pygmo_c.cmc.0.H2OAutoML] Memory Usage: 44.5%
[MONITORING] [local.openml_t_359959.pygmo_c.cmc.0.H2OAutoML] Disk Usage: 43.2%
[MONITORING] [local.openml_t_359959.pygmo_c.cmc.0.H2OAutoML] CPU Utilization: 98.4%
[MONITORING] [local.openml_t_359959.pygmo_c.cmc.0.H2OAutoML] Memory Usage: 44.5%
[MONITORING] [local.openml_t_359959.pygmo_c.cmc.0.H2OAutoML] Disk Usage: 43.2%
[MONITORING] [local.openml_t_359959.pygmo_c.cmc.0.H2OAutoML] CPU Utilization: 97.8%
[MONITORING] [local.openml_t_359959.pygmo_c.cmc.0.H2OAutoML] Memory Usage: 44.5%
[MONITORING] [local.openml_t_359959.pygmo_c.cmc.0.H2OAutoML] Disk Usage: 43.2%
[MONITORING] [local.openml_t_359959.pygmo_c.cmc.0.H2OAutoML] CPU Utilization: 97.9%
[MONITORING] [local.openml_t_359959.pygmo_c.cmc.0.H2OAutoML] Memory Usage: 44.5%
[MONITORING] [local.openml_t_359959.pygmo_c.cmc.0.H2OAutoML] Disk Usage: 43.2%
[MONITORING] [local.openml_t_359959.pygmo_c.cmc.0.H2OAutoML] CPU Utilization: 98.1%
[MONITORING] [local.openml_t_359959.pygmo_c.cmc.0.H2OAutoML] Memory Usage: 44.5%
[MONITORING] [local.openml_t_359959.pygmo_c.cmc.0.H2OAutoML] Disk Usage: 43.2%
[MONITORING] [local.openml_t_359959.pygmo_c.cmc.0.H2OAutoML] CPU Utilization: 97.9%
[MONITORING] [local.openml_t_359959.pygmo_c.cmc.0.H2OAutoML] Memory Usage: 44.5%
[MONITORING] [local.openml_t_359959.pygmo_c.cmc.0.H2OAutoML] Disk Usage: 43.2%
[MONITORING] [local.openml_t_359959.pygmo_c.cmc.0.H2OAutoML] CPU Utilization: 97.4%
[MONITORING] [local.openml_t_359959.pygmo_c.cmc.0.H2OAutoML] Memory Usage: 44.5%
[MONITORING] [local.openml_t_359959.pygmo_c.cmc.0.H2OAutoML] Disk Usage: 43.2%
[MONITORING] [local.openml_t_359959.pygmo_c.cmc.0.H2OAutoML] CPU Utilization: 97.4%
[MONITORING] [local.openml_t_359959.pygmo_c.cmc.0.H2OAutoML] Memory Usage: 44.5%
[MONITORING] [local.openml_t_359959.pygmo_c.cmc.0.H2OAutoML] Disk Usage: 43.2%
[MONITORING] [local.openml_t_359959.pygmo_c.cmc.0.H2OAutoML] CPU Utilization: 98.1%
[MONITORING] [local.openml_t_359959.pygmo_c.cmc.0.H2OAutoML] Memory Usage: 44.6%
[MONITORING] [local.openml_t_359959.pygmo_c.cmc.0.H2OAutoML] Disk Usage: 43.2%
[MONITORING] [local.openml_t_359959.pygmo_c.cmc.0.H2OAutoML] CPU Utilization: 97.9%
[MONITORING] [local.openml_t_359959.pygmo_c.cmc.0.H2OAutoML] Memory Usage: 44.6%
[MONITORING] [local.openml_t_359959.pygmo_c.cmc.0.H2OAutoML] Disk Usage: 43.2%
[MONITORING] [local.openml_t_359959.pygmo_c.cmc.0.H2OAutoML] CPU Utilization: 97.9%
[MONITORING] [local.openml_t_359959.pygmo_c.cmc.0.H2OAutoML] Memory Usage: 44.6%
[MONITORING] [local.openml_t_359959.pygmo_c.cmc.0.H2OAutoML] Disk Usage: 43.2%
[MONITORING] [local.openml_t_359959.pygmo_c.cmc.0.H2OAutoML] CPU Utilization: 97.6%
[MONITORING] [local.openml_t_359959.pygmo_c.cmc.0.H2OAutoML] Memory Usage: 44.6%
[MONITORING] [local.openml_t_359959.pygmo_c.cmc.0.H2OAutoML] Disk Usage: 43.2%
[MONITORING] [local.openml_t_359959.pygmo_c.cmc.0.H2OAutoML] CPU Utilization: 97.4%
[MONITORING] [local.openml_t_359959.pygmo_c.cmc.0.H2OAutoML] Memory Usage: 44.6%
[MONITORING] [local.openml_t_359959.pygmo_c.cmc.0.H2OAutoML] Disk Usage: 43.2%
[MONITORING] [local.openml_t_359959.pygmo_c.cmc.0.H2OAutoML] CPU Utilization: 88.6%
[MONITORING] [local.openml_t_359959.pygmo_c.cmc.0.H2OAutoML] Memory Usage: 44.7%
[MONITORING] [local.openml_t_359959.pygmo_c.cmc.0.H2OAutoML] Disk Usage: 43.2%
[MONITORING] [local.openml_t_359959.pygmo_c.cmc.0.H2OAutoML] CPU Utilization: 97.7%
[MONITORING] [local.openml_t_359959.pygmo_c.cmc.0.H2OAutoML] Memory Usage: 44.7%
[MONITORING] [local.openml_t_359959.pygmo_c.cmc.0.H2OAutoML] Disk Usage: 43.2%
[MONITORING] [local.openml_t_359959.pygmo_c.cmc.0.H2OAutoML] CPU Utilization: 97.4%
[MONITORING] [local.openml_t_359959.pygmo_c.cmc.0.H2OAutoML] Memory Usage: 44.7%
[MONITORING] [local.openml_t_359959.pygmo_c.cmc.0.H2OAutoML] Disk Usage: 43.2%
[MONITORING] [local.openml_t_359959.pygmo_c.cmc.0.H2OAutoML] CPU Utilization: 97.8%
[MONITORING] [local.openml_t_359959.pygmo_c.cmc.0.H2OAutoML] Memory Usage: 44.7%
[MONITORING] [local.openml_t_359959.pygmo_c.cmc.0.H2OAutoML] Disk Usage: 43.2%
[MONITORING] [local.openml_t_359959.pygmo_c.cmc.0.H2OAutoML] CPU Utilization: 97.6%
[MONITORING] [local.openml_t_359959.pygmo_c.cmc.0.H2OAutoML] Memory Usage: 44.7%
[MONITORING] [local.openml_t_359959.pygmo_c.cmc.0.H2OAutoML] Disk Usage: 43.2%
[MONITORING] [local.openml_t_359959.pygmo_c.cmc.0.H2OAutoML] CPU Utilization: 95.9%
[MONITORING] [local.openml_t_359959.pygmo_c.cmc.0.H2OAutoML] Memory Usage: 44.7%
[MONITORING] [local.openml_t_359959.pygmo_c.cmc.0.H2OAutoML] Disk Usage: 43.2%
[MONITORING] [local.openml_t_359959.pygmo_c.cmc.0.H2OAutoML] CPU Utilization: 97.9%
[MONITORING] [local.openml_t_359959.pygmo_c.cmc.0.H2OAutoML] Memory Usage: 44.7%
[MONITORING] [local.openml_t_359959.pygmo_c.cmc.0.H2OAutoML] Disk Usage: 43.2%
[MONITORING] [local.openml_t_359959.pygmo_c.cmc.0.H2OAutoML] CPU Utilization: 97.5%
[MONITORING] [local.openml_t_359959.pygmo_c.cmc.0.H2OAutoML] Memory Usage: 44.7%
[MONITORING] [local.openml_t_359959.pygmo_c.cmc.0.H2OAutoML] Disk Usage: 43.2%
[MONITORING] [local.openml_t_359959.pygmo_c.cmc.0.H2OAutoML] CPU Utilization: 64.2%
[MONITORING] [local.openml_t_359959.pygmo_c.cmc.0.H2OAutoML] Memory Usage: 44.9%
[MONITORING] [local.openml_t_359959.pygmo_c.cmc.0.H2OAutoML] Disk Usage: 43.2%
██████████████████████████████████████████████████████████████| (done) 100%
gbm prediction progress: |███████████████████████████████████████████████████████| (done) 100%
H2O session _sid_9dcb closed.



Predictions preview:
                       1                     2                    3 predictions truth
0     0.291316726267846   0.26263658977617366   0.4460466839559803           3     1
1    0.5179275790589025   0.23064429384427587   0.2514281270968217           1     1
2    0.6868493852982862   0.13010116029955493  0.18304945440215875           1     1
3    0.7967078342482616    0.1168236361475084     0.08646852960423           1     1
4   0.48536678038790954    0.1621317601765718   0.3525014594355185           1     1
5   0.25975591223145555   0.33033678643006786   0.4099073013384766           3     1
6    0.7800945287372267   0.11905080537576003  0.10085466588701325           1     1
7    0.5557404800098187    0.1656235149865649   0.2786360050036163           1     1
8    0.5220422511592209   0.16563982749023942  0.31231792135053976           1     1
9    0.6320461618926125   0.08977729506539794  0.27817654304198947           1     1
10   0.3313661364337012   0.10244608571899873      0.5661877778473           3     1
11   0.9008643277121248   0.03389830570299249  0.06523736658488269           1     1
12   0.9224244516217533  0.044105286270721036  0.03347026210752562           1     1
13  0.34103449630169264   0.17654480305469566  0.48242070064361164           3     1
14  0.38982986411321263    0.1137982568911363   0.4963718789956511           3     1
15   0.7102090453566695   0.09247428135253426  0.19731667329079616           1     1
16   0.3191321987501535   0.16433981645991827   0.5165279847899282           3     1
17  0.17765418223803245   0.35551725869365935   0.4668285590683082           3     1
18   0.5000770706862555     0.165782685112008  0.33414024420173644           1     1
19   0.9099670259969564   0.04607724118284072  0.04395573282020266           1     1

Predictions saved to `/home/juradoi/experiments/automlbenchmark/results/h2oautoml.openml_t_359959.pygmo_c.local.20211209T221921/predictions/cmc/0/predictions.csv`.
Loading metadata from `/home/juradoi/experiments/automlbenchmark/results/h2oautoml.openml_t_359959.pygmo_c.local.20211209T221921/predictions/cmc/0/metadata.json`.
Loading predictions from `/home/juradoi/experiments/automlbenchmark/results/h2oautoml.openml_t_359959.pygmo_c.local.20211209T221921/predictions/cmc/0/predictions.csv`.
Metric scores: { 'acc': 0.5945945945945946,
  'app_version': 'dev [master, beef024]',
  'balacc': 0.5653594771241829,
  'constraint': 'pygmo_c',
  'duration': nan,
  'fold': 0,
  'framework': 'H2OAutoML',
  'id': 'openml.org/t/359959',
  'info': None,
  'logloss': 0.8557880997419843,
  'metric': 'neg_logloss',
  'mode': 'local',
  'models_count': 456,
  'params': '',
  'predict_duration': 0.07473254203796387,
  'result': -0.8557880997419843,
  'seed': 343801329,
  'task': 'cmc',
  'training_duration': 3560.180140018463,
  'type': 'multiclass',
  'utc': '2021-12-09T23:18:51',
  'version': '3.34.0.3'}
Job `local.openml_t_359959.pygmo_c.cmc.0.H2OAutoML` executed in 3569.394 seconds.
All jobs executed in 3569.843 seconds.
[MONITORING] [local.openml_t_359959.pygmo_c.cmc.0.H2OAutoML] CPU Utilization: 46.9%
[MONITORING] [local.openml_t_359959.pygmo_c.cmc.0.H2OAutoML] Memory Usage: 1.8%
[MONITORING] [local.openml_t_359959.pygmo_c.cmc.0.H2OAutoML] Disk Usage: 43.2%
Processing results for h2oautoml.openml_t_359959.pygmo_c.local.20211209T221921
Scores saved to `/home/juradoi/experiments/automlbenchmark/results/h2oautoml.openml_t_359959.pygmo_c.local.20211209T221921/scores/H2OAutoML.benchmark_openml_t_359959.csv`.
Scores saved to `/home/juradoi/experiments/automlbenchmark/results/h2oautoml.openml_t_359959.pygmo_c.local.20211209T221921/scores/results.csv`.
Scores saved to `/home/juradoi/experiments/automlbenchmark/results/results.csv`.
Summing up scores for current run:
                 id task fold framework constraint    result      metric  duration      seed
openml.org/t/359959  cmc    0 H2OAutoML    pygmo_c -0.855788 neg_logloss    3569.4 343801329
