/var/spool/slurm/slurmd/job8494008/slurm_script: line 8: activate: No such file or directory
Running benchmark `H2OAutoML` on `openml/t/359958` framework in `local` mode.
Loading frameworks definitions from ['/home/juradoi/experiments/automlbenchmark/resources/frameworks.yaml'].
Loading benchmark constraint definitions from ['/home/juradoi/experiments/automlbenchmark/resources/constraints.yaml'].
Loading openml task 359958.

-----------------------------------------------------------
Starting job local.openml_t_359958.pygmo_c.pc4.0.H2OAutoML.
Assigning 16 cores (total=16) for new task pc4.
Assigning 91127 MB (total=95302 MB) for new pc4 task.
[MONITORING] [local.openml_t_359958.pygmo_c.pc4.0.H2OAutoML] CPU Utilization: 20.5%
[MONITORING] [local.openml_t_359958.pygmo_c.pc4.0.H2OAutoML] Memory Usage: 2.2%
[MONITORING] [local.openml_t_359958.pygmo_c.pc4.0.H2OAutoML] Disk Usage: 43.2%
Running task pc4 on framework H2OAutoML with config:
TaskConfig({})
Running cmd `/home/juradoi/experiments/automlbenchmark/frameworks/H2OAutoML/venv/bin/python -W ignore /home/juradoi/experiments/automlbenchmark/frameworks/H2OAutoML/exec.py`
INFO:__main__:
**** H2O AutoML [v3.34.0.3] ****

INFO:__main__:Starting H2O cluster with 16 cores, 60751M memory.
Checking whether there is an H2O instance running at http://localhost:17719 ..... not found.
Attempting to start a local H2O server...
  Java Version: openjdk version "11.0.12" 2021-07-20; OpenJDK Runtime Environment (build 11.0.12+7-post-Debian-2deb10u1); OpenJDK 64-Bit Server VM (build 11.0.12+7-post-Debian-2deb10u1, mixed mode, sharing)
  Starting server from /home/juradoi/experiments/automlbenchmark/frameworks/H2OAutoML/venv/lib/python3.8/site-packages/h2o/backend/bin/h2o.jar
  Ice root: /tmp/tmpswmaj6sq
  JVM stdout: /tmp/tmpswmaj6sq/h2o_unknownUser_started_from_python.out
  JVM stderr: /tmp/tmpswmaj6sq/h2o_unknownUser_started_from_python.err
  Server is running at http://127.0.0.1:17719
Connecting to H2O server at http://127.0.0.1:17719 ... successful.
--------------------------  ------------------------------------------------------------------
H2O_cluster_uptime:         01 secs
H2O_cluster_timezone:       Europe/Amsterdam
H2O_data_parsing_timezone:  UTC
H2O_cluster_version:        3.34.0.3
H2O_cluster_version_age:    2 months and 2 days
H2O_cluster_name:           H2O_from_python_unknownUser_j0xzfy
H2O_cluster_total_nodes:    1
H2O_cluster_free_memory:    59.33 Gb
H2O_cluster_total_cores:    16
H2O_cluster_allowed_cores:  16
H2O_cluster_status:         locked, healthy
H2O_connection_url:         http://127.0.0.1:17719
H2O_connection_proxy:       {"http": null, "https": null}
H2O_internal_security:      False
H2O_API_Extensions:         Amazon S3, XGBoost, Algos, AutoML, Core V3, TargetEncoder, Core V4
Python_version:             3.8.12 final
--------------------------  ------------------------------------------------------------------
Parse progress: |████████████████████████████████████████████████████████████████| (done) 100%
Parse progress: |████████████████████████████████████████████████████████████████| (done) 100%
INFO:__main__:Running model on task pc4, fold 0.
[MONITORING] [local.openml_t_359958.pygmo_c.pc4.0.H2OAutoML] CPU Utilization: 72.4%
[MONITORING] [local.openml_t_359958.pygmo_c.pc4.0.H2OAutoML] Memory Usage: 45.3%
[MONITORING] [local.openml_t_359958.pygmo_c.pc4.0.H2OAutoML] Disk Usage: 43.2%
[MONITORING] [local.openml_t_359958.pygmo_c.pc4.0.H2OAutoML] CPU Utilization: 97.5%
[MONITORING] [local.openml_t_359958.pygmo_c.pc4.0.H2OAutoML] Memory Usage: 45.3%
[MONITORING] [local.openml_t_359958.pygmo_c.pc4.0.H2OAutoML] Disk Usage: 43.2%
[MONITORING] [local.openml_t_359958.pygmo_c.pc4.0.H2OAutoML] CPU Utilization: 96.8%
[MONITORING] [local.openml_t_359958.pygmo_c.pc4.0.H2OAutoML] Memory Usage: 45.6%
[MONITORING] [local.openml_t_359958.pygmo_c.pc4.0.H2OAutoML] Disk Usage: 43.2%
[MONITORING] [local.openml_t_359958.pygmo_c.pc4.0.H2OAutoML] CPU Utilization: 97.7%
[MONITORING] [local.openml_t_359958.pygmo_c.pc4.0.H2OAutoML] Memory Usage: 45.6%
[MONITORING] [local.openml_t_359958.pygmo_c.pc4.0.H2OAutoML] Disk Usage: 43.2%
[MONITORING] [local.openml_t_359958.pygmo_c.pc4.0.H2OAutoML] CPU Utilization: 97.9%
[MONITORING] [local.openml_t_359958.pygmo_c.pc4.0.H2OAutoML] Memory Usage: 45.6%
[MONITORING] [local.openml_t_359958.pygmo_c.pc4.0.H2OAutoML] Disk Usage: 43.2%
[MONITORING] [local.openml_t_359958.pygmo_c.pc4.0.H2OAutoML] CPU Utilization: 98.3%
[MONITORING] [local.openml_t_359958.pygmo_c.pc4.0.H2OAutoML] Memory Usage: 45.7%
[MONITORING] [local.openml_t_359958.pygmo_c.pc4.0.H2OAutoML] Disk Usage: 43.2%
[MONITORING] [local.openml_t_359958.pygmo_c.pc4.0.H2OAutoML] CPU Utilization: 97.6%
[MONITORING] [local.openml_t_359958.pygmo_c.pc4.0.H2OAutoML] Memory Usage: 45.7%
[MONITORING] [local.openml_t_359958.pygmo_c.pc4.0.H2OAutoML] Disk Usage: 43.2%
[MONITORING] [local.openml_t_359958.pygmo_c.pc4.0.H2OAutoML] CPU Utilization: 97.3%
[MONITORING] [local.openml_t_359958.pygmo_c.pc4.0.H2OAutoML] Memory Usage: 45.8%
[MONITORING] [local.openml_t_359958.pygmo_c.pc4.0.H2OAutoML] Disk Usage: 43.2%
[MONITORING] [local.openml_t_359958.pygmo_c.pc4.0.H2OAutoML] CPU Utilization: 98.5%
[MONITORING] [local.openml_t_359958.pygmo_c.pc4.0.H2OAutoML] Memory Usage: 45.8%
[MONITORING] [local.openml_t_359958.pygmo_c.pc4.0.H2OAutoML] Disk Usage: 43.2%
[MONITORING] [local.openml_t_359958.pygmo_c.pc4.0.H2OAutoML] CPU Utilization: 97.7%
[MONITORING] [local.openml_t_359958.pygmo_c.pc4.0.H2OAutoML] Memory Usage: 45.8%
[MONITORING] [local.openml_t_359958.pygmo_c.pc4.0.H2OAutoML] Disk Usage: 43.2%
[MONITORING] [local.openml_t_359958.pygmo_c.pc4.0.H2OAutoML] CPU Utilization: 96.9%
[MONITORING] [local.openml_t_359958.pygmo_c.pc4.0.H2OAutoML] Memory Usage: 45.9%
[MONITORING] [local.openml_t_359958.pygmo_c.pc4.0.H2OAutoML] Disk Usage: 43.2%
[MONITORING] [local.openml_t_359958.pygmo_c.pc4.0.H2OAutoML] CPU Utilization: 97.4%
[MONITORING] [local.openml_t_359958.pygmo_c.pc4.0.H2OAutoML] Memory Usage: 45.9%
[MONITORING] [local.openml_t_359958.pygmo_c.pc4.0.H2OAutoML] Disk Usage: 43.2%
[MONITORING] [local.openml_t_359958.pygmo_c.pc4.0.H2OAutoML] CPU Utilization: 97.2%
[MONITORING] [local.openml_t_359958.pygmo_c.pc4.0.H2OAutoML] Memory Usage: 45.9%
[MONITORING] [local.openml_t_359958.pygmo_c.pc4.0.H2OAutoML] Disk Usage: 43.2%
[MONITORING] [local.openml_t_359958.pygmo_c.pc4.0.H2OAutoML] CPU Utilization: 97.6%
[MONITORING] [local.openml_t_359958.pygmo_c.pc4.0.H2OAutoML] Memory Usage: 45.9%
[MONITORING] [local.openml_t_359958.pygmo_c.pc4.0.H2OAutoML] Disk Usage: 43.2%
[MONITORING] [local.openml_t_359958.pygmo_c.pc4.0.H2OAutoML] CPU Utilization: 98.0%
[MONITORING] [local.openml_t_359958.pygmo_c.pc4.0.H2OAutoML] Memory Usage: 45.9%
[MONITORING] [local.openml_t_359958.pygmo_c.pc4.0.H2OAutoML] Disk Usage: 43.2%
[MONITORING] [local.openml_t_359958.pygmo_c.pc4.0.H2OAutoML] CPU Utilization: 97.8%
[MONITORING] [local.openml_t_359958.pygmo_c.pc4.0.H2OAutoML] Memory Usage: 46.0%
[MONITORING] [local.openml_t_359958.pygmo_c.pc4.0.H2OAutoML] Disk Usage: 43.2%
[MONITORING] [local.openml_t_359958.pygmo_c.pc4.0.H2OAutoML] CPU Utilization: 97.4%
[MONITORING] [local.openml_t_359958.pygmo_c.pc4.0.H2OAutoML] Memory Usage: 46.0%
[MONITORING] [local.openml_t_359958.pygmo_c.pc4.0.H2OAutoML] Disk Usage: 43.2%
[MONITORING] [local.openml_t_359958.pygmo_c.pc4.0.H2OAutoML] CPU Utilization: 96.7%
[MONITORING] [local.openml_t_359958.pygmo_c.pc4.0.H2OAutoML] Memory Usage: 46.1%
[MONITORING] [local.openml_t_359958.pygmo_c.pc4.0.H2OAutoML] Disk Usage: 43.2%
[MONITORING] [local.openml_t_359958.pygmo_c.pc4.0.H2OAutoML] CPU Utilization: 98.2%
[MONITORING] [local.openml_t_359958.pygmo_c.pc4.0.H2OAutoML] Memory Usage: 46.1%
[MONITORING] [local.openml_t_359958.pygmo_c.pc4.0.H2OAutoML] Disk Usage: 43.2%
[MONITORING] [local.openml_t_359958.pygmo_c.pc4.0.H2OAutoML] CPU Utilization: 97.5%
[MONITORING] [local.openml_t_359958.pygmo_c.pc4.0.H2OAutoML] Memory Usage: 46.1%
[MONITORING] [local.openml_t_359958.pygmo_c.pc4.0.H2OAutoML] Disk Usage: 43.2%
[MONITORING] [local.openml_t_359958.pygmo_c.pc4.0.H2OAutoML] CPU Utilization: 96.2%
[MONITORING] [local.openml_t_359958.pygmo_c.pc4.0.H2OAutoML] Memory Usage: 46.2%
[MONITORING] [local.openml_t_359958.pygmo_c.pc4.0.H2OAutoML] Disk Usage: 43.2%
[MONITORING] [local.openml_t_359958.pygmo_c.pc4.0.H2OAutoML] CPU Utilization: 98.0%
[MONITORING] [local.openml_t_359958.pygmo_c.pc4.0.H2OAutoML] Memory Usage: 46.2%
[MONITORING] [local.openml_t_359958.pygmo_c.pc4.0.H2OAutoML] Disk Usage: 43.2%
[MONITORING] [local.openml_t_359958.pygmo_c.pc4.0.H2OAutoML] CPU Utilization: 97.7%
[MONITORING] [local.openml_t_359958.pygmo_c.pc4.0.H2OAutoML] Memory Usage: 46.3%
[MONITORING] [local.openml_t_359958.pygmo_c.pc4.0.H2OAutoML] Disk Usage: 43.2%
[MONITORING] [local.openml_t_359958.pygmo_c.pc4.0.H2OAutoML] CPU Utilization: 98.4%
[MONITORING] [local.openml_t_359958.pygmo_c.pc4.0.H2OAutoML] Memory Usage: 46.3%
[MONITORING] [local.openml_t_359958.pygmo_c.pc4.0.H2OAutoML] Disk Usage: 43.2%
[MONITORING] [local.openml_t_359958.pygmo_c.pc4.0.H2OAutoML] CPU Utilization: 96.6%
[MONITORING] [local.openml_t_359958.pygmo_c.pc4.0.H2OAutoML] Memory Usage: 46.4%
[MONITORING] [local.openml_t_359958.pygmo_c.pc4.0.H2OAutoML] Disk Usage: 43.2%
[MONITORING] [local.openml_t_359958.pygmo_c.pc4.0.H2OAutoML] CPU Utilization: 98.5%
[MONITORING] [local.openml_t_359958.pygmo_c.pc4.0.H2OAutoML] Memory Usage: 46.4%
[MONITORING] [local.openml_t_359958.pygmo_c.pc4.0.H2OAutoML] Disk Usage: 43.2%
[MONITORING] [local.openml_t_359958.pygmo_c.pc4.0.H2OAutoML] CPU Utilization: 96.0%
[MONITORING] [local.openml_t_359958.pygmo_c.pc4.0.H2OAutoML] Memory Usage: 46.4%
[MONITORING] [local.openml_t_359958.pygmo_c.pc4.0.H2OAutoML] Disk Usage: 43.2%
[MONITORING] [local.openml_t_359958.pygmo_c.pc4.0.H2OAutoML] CPU Utilization: 98.5%
[MONITORING] [local.openml_t_359958.pygmo_c.pc4.0.H2OAutoML] Memory Usage: 46.5%
[MONITORING] [local.openml_t_359958.pygmo_c.pc4.0.H2OAutoML] Disk Usage: 43.2%
[MONITORING] [local.openml_t_359958.pygmo_c.pc4.0.H2OAutoML] CPU Utilization: 64.5%
[MONITORING] [local.openml_t_359958.pygmo_c.pc4.0.H2OAutoML] Memory Usage: 46.8%
[MONITORING] [local.openml_t_359958.pygmo_c.pc4.0.H2OAutoML] Disk Usage: 43.2%
AutoML progress: |███████████████████████████████████████████████████████████████| (done) 100%
stackedensemble prediction progress: |███████████████████████████████████████████| (done) 100%
H2O session _sid_88a8 closed.



Predictions preview:
                  False                   True predictions  truth
0   0.9182538828213163     0.0817461171786838       False  False
1   0.5860769481776675     0.4139230518223325        True  False
2      0.9999957397844    4.26021559992065E-6       False  False
3   0.8470670615853912    0.15293293841460878       False  False
4   0.9999974492499473  2.5507500526975035E-6       False  False
5   0.9997245068394001   2.754931605999337E-4       False  False
6   0.9380108378376417   0.061989162162358336       False  False
7   0.9541021876356284     0.0458978123643716       False  False
8   0.9801742966509408    0.01982570334905918       False  False
9   0.8938010913740848    0.10619890862591513       False  False
10  0.9957957353416726   0.004204264658327405       False  False
11  0.5798806008434649     0.4201193991565351        True  False
12  0.9999546126062848   4.538739371513935E-5       False  False
13  0.9536343117995223    0.04636568820047773       False  False
14  0.5916801573892607    0.40831984261073934        True  False
15  0.9861041131505254   0.013895886849474645       False  False
16  0.9999665777269767   3.342227302328669E-5       False  False
17  0.9999976382042315  2.3617957685015353E-6       False  False
18  0.9999951431589288  4.8568410711853344E-6       False  False
19   0.999997715798758  2.2842012420280094E-6       False  False

Predictions saved to `/home/juradoi/experiments/automlbenchmark/results/h2oautoml.openml_t_359958.pygmo_c.local.20211209T221532/predictions/pc4/0/predictions.csv`.
Loading metadata from `/home/juradoi/experiments/automlbenchmark/results/h2oautoml.openml_t_359958.pygmo_c.local.20211209T221532/predictions/pc4/0/metadata.json`.
Loading predictions from `/home/juradoi/experiments/automlbenchmark/results/h2oautoml.openml_t_359958.pygmo_c.local.20211209T221532/predictions/pc4/0/predictions.csv`.
Metric scores: { 'acc': 0.8835616438356164,
  'app_version': 'dev [master, beef024]',
  'auc': 0.9509548611111112,
  'balacc': 0.8381076388888888,
  'constraint': 'pygmo_c',
  'duration': nan,
  'fold': 0,
  'framework': 'H2OAutoML',
  'id': 'openml.org/t/359958',
  'info': None,
  'logloss': 0.17439046558683008,
  'metric': 'auc',
  'mode': 'local',
  'models_count': 256,
  'params': '',
  'predict_duration': 0.09574508666992188,
  'result': 0.9509548611111112,
  'seed': 1352964256,
  'task': 'pc4',
  'training_duration': 3527.580157995224,
  'type': 'binary',
  'utc': '2021-12-09T23:14:29',
  'version': '3.34.0.3'}
Job `local.openml_t_359958.pygmo_c.pc4.0.H2OAutoML` executed in 3536.188 seconds.
All jobs executed in 3536.196 seconds.
[MONITORING] [local.openml_t_359958.pygmo_c.pc4.0.H2OAutoML] CPU Utilization: 71.0%
[MONITORING] [local.openml_t_359958.pygmo_c.pc4.0.H2OAutoML] Memory Usage: 2.2%
[MONITORING] [local.openml_t_359958.pygmo_c.pc4.0.H2OAutoML] Disk Usage: 43.2%
Processing results for h2oautoml.openml_t_359958.pygmo_c.local.20211209T221532
Scores saved to `/home/juradoi/experiments/automlbenchmark/results/h2oautoml.openml_t_359958.pygmo_c.local.20211209T221532/scores/H2OAutoML.benchmark_openml_t_359958.csv`.
Scores saved to `/home/juradoi/experiments/automlbenchmark/results/h2oautoml.openml_t_359958.pygmo_c.local.20211209T221532/scores/results.csv`.
Scores saved to `/home/juradoi/experiments/automlbenchmark/results/results.csv`.
Summing up scores for current run:
                 id task fold framework constraint   result metric  duration       seed
openml.org/t/359958  pc4    0 H2OAutoML    pygmo_c 0.950955    auc    3536.2 1352964256
