/var/spool/slurm/slurmd/job8493931/slurm_script: line 8: activate: No such file or directory
Running benchmark `H2OAutoML` on `openml/t/359955` framework in `local` mode.
Loading frameworks definitions from ['/home/juradoi/experiments/automlbenchmark/resources/frameworks.yaml'].
Loading benchmark constraint definitions from ['/home/juradoi/experiments/automlbenchmark/resources/constraints.yaml'].
Loading openml task 359955.
[MONITORING] [local.openml_t_359955.pygmo_c.blood-transfusion-service-center.0.H2OAutoML] CPU Utilization: 18.5%

----------------------------------------------------------------------------------------
Starting job local.openml_t_359955.pygmo_c.blood-transfusion-service-center.0.H2OAutoML.
Assigning 16 cores (total=16) for new task blood-transfusion-service-center.
[MONITORING] [local.openml_t_359955.pygmo_c.blood-transfusion-service-center.0.H2OAutoML] Memory Usage: 2.2%
[MONITORING] [local.openml_t_359955.pygmo_c.blood-transfusion-service-center.0.H2OAutoML] Disk Usage: 43.2%
Assigning 91117 MB (total=95302 MB) for new blood-transfusion-service-center task.
Running task blood-transfusion-service-center on framework H2OAutoML with config:
TaskConfig({})
Running cmd `/home/juradoi/experiments/automlbenchmark/frameworks/H2OAutoML/venv/bin/python -W ignore /home/juradoi/experiments/automlbenchmark/frameworks/H2OAutoML/exec.py`
INFO:__main__:
**** H2O AutoML [v3.34.0.3] ****

INFO:__main__:Starting H2O cluster with 16 cores, 60745M memory.
Checking whether there is an H2O instance running at http://localhost:16241 ..... not found.
Attempting to start a local H2O server...
  Java Version: openjdk version "11.0.12" 2021-07-20; OpenJDK Runtime Environment (build 11.0.12+7-post-Debian-2deb10u1); OpenJDK 64-Bit Server VM (build 11.0.12+7-post-Debian-2deb10u1, mixed mode, sharing)
  Starting server from /home/juradoi/experiments/automlbenchmark/frameworks/H2OAutoML/venv/lib/python3.8/site-packages/h2o/backend/bin/h2o.jar
  Ice root: /tmp/tmp9uitf02n
  JVM stdout: /tmp/tmp9uitf02n/h2o_unknownUser_started_from_python.out
  JVM stderr: /tmp/tmp9uitf02n/h2o_unknownUser_started_from_python.err
  Server is running at http://127.0.0.1:16241
Connecting to H2O server at http://127.0.0.1:16241 ... successful.
--------------------------  ------------------------------------------------------------------
H2O_cluster_uptime:         01 secs
H2O_cluster_timezone:       Europe/Amsterdam
H2O_data_parsing_timezone:  UTC
H2O_cluster_version:        3.34.0.3
H2O_cluster_version_age:    2 months and 2 days
H2O_cluster_name:           H2O_from_python_unknownUser_pcd4b8
H2O_cluster_total_nodes:    1
H2O_cluster_free_memory:    59.33 Gb
H2O_cluster_total_cores:    16
H2O_cluster_allowed_cores:  16
H2O_cluster_status:         locked, healthy
H2O_connection_url:         http://127.0.0.1:16241
H2O_connection_proxy:       {"http": null, "https": null}
H2O_internal_security:      False
H2O_API_Extensions:         Amazon S3, XGBoost, Algos, AutoML, Core V3, TargetEncoder, Core V4
Python_version:             3.8.12 final
--------------------------  ------------------------------------------------------------------
Parse progress: |████████████████████████████████████████████████████████████████| (done) 100%
Parse progress: |████████████████████████████████████████████████████████████████| (done) 100%
INFO:__main__:Running model on task blood-transfusion-service-center, fold 0.
[MONITORING] [local.openml_t_359955.pygmo_c.blood-transfusion-service-center.0.H2OAutoML] CPU Utilization: 77.8%
[MONITORING] [local.openml_t_359955.pygmo_c.blood-transfusion-service-center.0.H2OAutoML] Memory Usage: 9.4%
[MONITORING] [local.openml_t_359955.pygmo_c.blood-transfusion-service-center.0.H2OAutoML] Disk Usage: 43.2%
[MONITORING] [local.openml_t_359955.pygmo_c.blood-transfusion-service-center.0.H2OAutoML] CPU Utilization: 97.4%
[MONITORING] [local.openml_t_359955.pygmo_c.blood-transfusion-service-center.0.H2OAutoML] Memory Usage: 19.6%
[MONITORING] [local.openml_t_359955.pygmo_c.blood-transfusion-service-center.0.H2OAutoML] Disk Usage: 43.2%
[MONITORING] [local.openml_t_359955.pygmo_c.blood-transfusion-service-center.0.H2OAutoML] CPU Utilization: 98.1%
[MONITORING] [local.openml_t_359955.pygmo_c.blood-transfusion-service-center.0.H2OAutoML] Memory Usage: 38.6%
[MONITORING] [local.openml_t_359955.pygmo_c.blood-transfusion-service-center.0.H2OAutoML] Disk Usage: 43.2%
[MONITORING] [local.openml_t_359955.pygmo_c.blood-transfusion-service-center.0.H2OAutoML] CPU Utilization: 97.1%
[MONITORING] [local.openml_t_359955.pygmo_c.blood-transfusion-service-center.0.H2OAutoML] Memory Usage: 44.1%
[MONITORING] [local.openml_t_359955.pygmo_c.blood-transfusion-service-center.0.H2OAutoML] Disk Usage: 43.2%
[MONITORING] [local.openml_t_359955.pygmo_c.blood-transfusion-service-center.0.H2OAutoML] CPU Utilization: 97.6%
[MONITORING] [local.openml_t_359955.pygmo_c.blood-transfusion-service-center.0.H2OAutoML] Memory Usage: 44.5%
[MONITORING] [local.openml_t_359955.pygmo_c.blood-transfusion-service-center.0.H2OAutoML] Disk Usage: 43.2%
[MONITORING] [local.openml_t_359955.pygmo_c.blood-transfusion-service-center.0.H2OAutoML] CPU Utilization: 96.9%
[MONITORING] [local.openml_t_359955.pygmo_c.blood-transfusion-service-center.0.H2OAutoML] Memory Usage: 44.5%
[MONITORING] [local.openml_t_359955.pygmo_c.blood-transfusion-service-center.0.H2OAutoML] Disk Usage: 43.2%
[MONITORING] [local.openml_t_359955.pygmo_c.blood-transfusion-service-center.0.H2OAutoML] CPU Utilization: 98.0%
[MONITORING] [local.openml_t_359955.pygmo_c.blood-transfusion-service-center.0.H2OAutoML] Memory Usage: 44.6%
[MONITORING] [local.openml_t_359955.pygmo_c.blood-transfusion-service-center.0.H2OAutoML] Disk Usage: 43.2%
[MONITORING] [local.openml_t_359955.pygmo_c.blood-transfusion-service-center.0.H2OAutoML] CPU Utilization: 95.2%
[MONITORING] [local.openml_t_359955.pygmo_c.blood-transfusion-service-center.0.H2OAutoML] Memory Usage: 44.6%
[MONITORING] [local.openml_t_359955.pygmo_c.blood-transfusion-service-center.0.H2OAutoML] Disk Usage: 43.2%
[MONITORING] [local.openml_t_359955.pygmo_c.blood-transfusion-service-center.0.H2OAutoML] CPU Utilization: 97.7%
[MONITORING] [local.openml_t_359955.pygmo_c.blood-transfusion-service-center.0.H2OAutoML] Memory Usage: 44.6%
[MONITORING] [local.openml_t_359955.pygmo_c.blood-transfusion-service-center.0.H2OAutoML] Disk Usage: 43.2%
[MONITORING] [local.openml_t_359955.pygmo_c.blood-transfusion-service-center.0.H2OAutoML] CPU Utilization: 97.5%
[MONITORING] [local.openml_t_359955.pygmo_c.blood-transfusion-service-center.0.H2OAutoML] Memory Usage: 44.6%
[MONITORING] [local.openml_t_359955.pygmo_c.blood-transfusion-service-center.0.H2OAutoML] Disk Usage: 43.2%
[MONITORING] [local.openml_t_359955.pygmo_c.blood-transfusion-service-center.0.H2OAutoML] CPU Utilization: 97.9%
[MONITORING] [local.openml_t_359955.pygmo_c.blood-transfusion-service-center.0.H2OAutoML] Memory Usage: 44.6%
[MONITORING] [local.openml_t_359955.pygmo_c.blood-transfusion-service-center.0.H2OAutoML] Disk Usage: 43.2%
[MONITORING] [local.openml_t_359955.pygmo_c.blood-transfusion-service-center.0.H2OAutoML] CPU Utilization: 97.3%
[MONITORING] [local.openml_t_359955.pygmo_c.blood-transfusion-service-center.0.H2OAutoML] Memory Usage: 44.6%
[MONITORING] [local.openml_t_359955.pygmo_c.blood-transfusion-service-center.0.H2OAutoML] Disk Usage: 43.2%
[MONITORING] [local.openml_t_359955.pygmo_c.blood-transfusion-service-center.0.H2OAutoML] CPU Utilization: 97.9%
[MONITORING] [local.openml_t_359955.pygmo_c.blood-transfusion-service-center.0.H2OAutoML] Memory Usage: 44.7%
[MONITORING] [local.openml_t_359955.pygmo_c.blood-transfusion-service-center.0.H2OAutoML] Disk Usage: 43.2%
[MONITORING] [local.openml_t_359955.pygmo_c.blood-transfusion-service-center.0.H2OAutoML] CPU Utilization: 97.7%
[MONITORING] [local.openml_t_359955.pygmo_c.blood-transfusion-service-center.0.H2OAutoML] Memory Usage: 44.7%
[MONITORING] [local.openml_t_359955.pygmo_c.blood-transfusion-service-center.0.H2OAutoML] Disk Usage: 43.2%
[MONITORING] [local.openml_t_359955.pygmo_c.blood-transfusion-service-center.0.H2OAutoML] CPU Utilization: 97.2%
[MONITORING] [local.openml_t_359955.pygmo_c.blood-transfusion-service-center.0.H2OAutoML] Memory Usage: 44.7%
[MONITORING] [local.openml_t_359955.pygmo_c.blood-transfusion-service-center.0.H2OAutoML] Disk Usage: 43.2%
[MONITORING] [local.openml_t_359955.pygmo_c.blood-transfusion-service-center.0.H2OAutoML] CPU Utilization: 97.5%
[MONITORING] [local.openml_t_359955.pygmo_c.blood-transfusion-service-center.0.H2OAutoML] Memory Usage: 44.7%
[MONITORING] [local.openml_t_359955.pygmo_c.blood-transfusion-service-center.0.H2OAutoML] Disk Usage: 43.2%
[MONITORING] [local.openml_t_359955.pygmo_c.blood-transfusion-service-center.0.H2OAutoML] CPU Utilization: 97.6%
[MONITORING] [local.openml_t_359955.pygmo_c.blood-transfusion-service-center.0.H2OAutoML] Memory Usage: 44.7%
[MONITORING] [local.openml_t_359955.pygmo_c.blood-transfusion-service-center.0.H2OAutoML] Disk Usage: 43.2%
[MONITORING] [local.openml_t_359955.pygmo_c.blood-transfusion-service-center.0.H2OAutoML] CPU Utilization: 98.4%
[MONITORING] [local.openml_t_359955.pygmo_c.blood-transfusion-service-center.0.H2OAutoML] Memory Usage: 44.7%
[MONITORING] [local.openml_t_359955.pygmo_c.blood-transfusion-service-center.0.H2OAutoML] Disk Usage: 43.2%
[MONITORING] [local.openml_t_359955.pygmo_c.blood-transfusion-service-center.0.H2OAutoML] CPU Utilization: 96.7%
[MONITORING] [local.openml_t_359955.pygmo_c.blood-transfusion-service-center.0.H2OAutoML] Memory Usage: 44.7%
[MONITORING] [local.openml_t_359955.pygmo_c.blood-transfusion-service-center.0.H2OAutoML] Disk Usage: 43.2%
[MONITORING] [local.openml_t_359955.pygmo_c.blood-transfusion-service-center.0.H2OAutoML] CPU Utilization: 97.3%
[MONITORING] [local.openml_t_359955.pygmo_c.blood-transfusion-service-center.0.H2OAutoML] Memory Usage: 44.7%
[MONITORING] [local.openml_t_359955.pygmo_c.blood-transfusion-service-center.0.H2OAutoML] Disk Usage: 43.2%
[MONITORING] [local.openml_t_359955.pygmo_c.blood-transfusion-service-center.0.H2OAutoML] CPU Utilization: 97.3%
[MONITORING] [local.openml_t_359955.pygmo_c.blood-transfusion-service-center.0.H2OAutoML] Memory Usage: 44.7%
[MONITORING] [local.openml_t_359955.pygmo_c.blood-transfusion-service-center.0.H2OAutoML] Disk Usage: 43.2%
[MONITORING] [local.openml_t_359955.pygmo_c.blood-transfusion-service-center.0.H2OAutoML] CPU Utilization: 97.0%
[MONITORING] [local.openml_t_359955.pygmo_c.blood-transfusion-service-center.0.H2OAutoML] Memory Usage: 44.7%
[MONITORING] [local.openml_t_359955.pygmo_c.blood-transfusion-service-center.0.H2OAutoML] Disk Usage: 43.2%
[MONITORING] [local.openml_t_359955.pygmo_c.blood-transfusion-service-center.0.H2OAutoML] CPU Utilization: 97.5%
[MONITORING] [local.openml_t_359955.pygmo_c.blood-transfusion-service-center.0.H2OAutoML] Memory Usage: 44.7%
[MONITORING] [local.openml_t_359955.pygmo_c.blood-transfusion-service-center.0.H2OAutoML] Disk Usage: 43.2%
[MONITORING] [local.openml_t_359955.pygmo_c.blood-transfusion-service-center.0.H2OAutoML] CPU Utilization: 96.7%
[MONITORING] [local.openml_t_359955.pygmo_c.blood-transfusion-service-center.0.H2OAutoML] Memory Usage: 44.7%
[MONITORING] [local.openml_t_359955.pygmo_c.blood-transfusion-service-center.0.H2OAutoML] Disk Usage: 43.2%
[MONITORING] [local.openml_t_359955.pygmo_c.blood-transfusion-service-center.0.H2OAutoML] CPU Utilization: 98.0%
[MONITORING] [local.openml_t_359955.pygmo_c.blood-transfusion-service-center.0.H2OAutoML] Memory Usage: 44.7%
[MONITORING] [local.openml_t_359955.pygmo_c.blood-transfusion-service-center.0.H2OAutoML] Disk Usage: 43.2%
[MONITORING] [local.openml_t_359955.pygmo_c.blood-transfusion-service-center.0.H2OAutoML] CPU Utilization: 82.2%
[MONITORING] [local.openml_t_359955.pygmo_c.blood-transfusion-service-center.0.H2OAutoML] Memory Usage: 44.7%
[MONITORING] [local.openml_t_359955.pygmo_c.blood-transfusion-service-center.0.H2OAutoML] Disk Usage: 43.2%
[MONITORING] [local.openml_t_359955.pygmo_c.blood-transfusion-service-center.0.H2OAutoML] CPU Utilization: 97.0%
[MONITORING] [local.openml_t_359955.pygmo_c.blood-transfusion-service-center.0.H2OAutoML] Memory Usage: 44.8%
[MONITORING] [local.openml_t_359955.pygmo_c.blood-transfusion-service-center.0.H2OAutoML] Disk Usage: 43.2%
[MONITORING] [local.openml_t_359955.pygmo_c.blood-transfusion-service-center.0.H2OAutoML] CPU Utilization: 96.9%
[MONITORING] [local.openml_t_359955.pygmo_c.blood-transfusion-service-center.0.H2OAutoML] Memory Usage: 44.8%
[MONITORING] [local.openml_t_359955.pygmo_c.blood-transfusion-service-center.0.H2OAutoML] Disk Usage: 43.2%
AutoML progress: |███████████████████████████████████████████████████████████████| (done) 100%
deeplearning prediction progress: |██████████████████████████████████████████████| (done) 100%
H2O session _sid_bdb9 closed.



Predictions preview:
                      1                    2 predictions truth
0   0.6707916582834019   0.3292083417165981           2     2
1   0.7165000230734492  0.28349997692655077           1     2
2   0.5694355945255507   0.4305644054744494           2     2
3   0.5942663688098632  0.40573363119013683           2     2
4   0.7578128513686472  0.24218714863135277           1     2
5   0.8193143044828233   0.1806856955171767           1     2
6   0.7154805954143333   0.2845194045856667           1     2
7   0.6989759625574682  0.30102403744253187           2     2
8   0.7203165012917246  0.27968349870827536           1     2
9   0.8227100977550075  0.17728990224499253           1     2
10  0.5590648890627948  0.44093511093720505           2     2
11  0.6891319960666813  0.31086800393331876           2     2
12  0.7500454289659121  0.24995457103408797           1     2
13  0.6299442195781203  0.37005578042187975           2     2
14  0.8344719691822347  0.16552803081776538           1     2
15  0.7422793091587203  0.25772069084127963           1     2
16  0.6299442195781203  0.37005578042187975           2     2
17  0.6299442195781203  0.37005578042187975           2     2
18  0.7165000230734492  0.28349997692655077           1     1
19  0.7165000230734492  0.28349997692655077           1     1

Predictions saved to `/home/juradoi/experiments/automlbenchmark/results/h2oautoml.openml_t_359955.pygmo_c.local.20211209T220716/predictions/blood-transfusion-service-center/0/predictions.csv`.
Loading metadata from `/home/juradoi/experiments/automlbenchmark/results/h2oautoml.openml_t_359955.pygmo_c.local.20211209T220716/predictions/blood-transfusion-service-center/0/metadata.json`.
Loading predictions from `/home/juradoi/experiments/automlbenchmark/results/h2oautoml.openml_t_359955.pygmo_c.local.20211209T220716/predictions/blood-transfusion-service-center/0/predictions.csv`.
Metric scores: { 'acc': 0.5733333333333334,
  'app_version': 'dev [master, beef024]',
  'auc': 0.5141325536062378,
  'balacc': 0.5482456140350878,
  'constraint': 'pygmo_c',
  'duration': nan,
  'fold': 0,
  'framework': 'H2OAutoML',
  'id': 'openml.org/t/359955',
  'info': None,
  'logloss': 0.5699231887416297,
  'metric': 'auc',
  'mode': 'local',
  'models_count': 150,
  'params': '',
  'predict_duration': 0.10368728637695312,
  'result': 0.5141325536062378,
  'seed': 830354164,
  'task': 'blood-transfusion-service-center',
  'training_duration': 3395.4451699256897,
  'type': 'binary',
  'utc': '2021-12-09T23:04:00',
  'version': '3.34.0.3'}
Job `local.openml_t_359955.pygmo_c.blood-transfusion-service-center.0.H2OAutoML` executed in 3403.727 seconds.
All jobs executed in 3404.093 seconds.
[MONITORING] [local.openml_t_359955.pygmo_c.blood-transfusion-service-center.0.H2OAutoML] CPU Utilization: 87.0%
[MONITORING] [local.openml_t_359955.pygmo_c.blood-transfusion-service-center.0.H2OAutoML] Memory Usage: 2.3%
[MONITORING] [local.openml_t_359955.pygmo_c.blood-transfusion-service-center.0.H2OAutoML] Disk Usage: 43.2%
Processing results for h2oautoml.openml_t_359955.pygmo_c.local.20211209T220716
Scores saved to `/home/juradoi/experiments/automlbenchmark/results/h2oautoml.openml_t_359955.pygmo_c.local.20211209T220716/scores/H2OAutoML.benchmark_openml_t_359955.csv`.
Scores saved to `/home/juradoi/experiments/automlbenchmark/results/h2oautoml.openml_t_359955.pygmo_c.local.20211209T220716/scores/results.csv`.
Scores saved to `/home/juradoi/experiments/automlbenchmark/results/results.csv`.
Summing up scores for current run:
                 id                             task fold framework constraint   result metric  duration      seed
openml.org/t/359955 blood-transfusion-service-center    0 H2OAutoML    pygmo_c 0.514133    auc    3403.7 830354164
