/var/spool/slurm/slurmd/job8494832/slurm_script: line 8: activate: No such file or directory
Running benchmark `H2OAutoML` on `openml/t/359972` framework in `local` mode.
Loading frameworks definitions from ['/home/juradoi/experiments/automlbenchmark/resources/frameworks.yaml'].
Loading benchmark constraint definitions from ['/home/juradoi/experiments/automlbenchmark/resources/constraints.yaml'].
Loading openml task 359972.

---------------------------------------------------------------
Starting job local.openml_t_359972.pygmo_c.sylvine.0.H2OAutoML.
Assigning 16 cores (total=16) for new task sylvine.
Assigning 91022 MB (total=95302 MB) for new sylvine task.
[MONITORING] [local.openml_t_359972.pygmo_c.sylvine.0.H2OAutoML] CPU Utilization: 16.7%
[MONITORING] [local.openml_t_359972.pygmo_c.sylvine.0.H2OAutoML] Memory Usage: 2.3%
[MONITORING] [local.openml_t_359972.pygmo_c.sylvine.0.H2OAutoML] Disk Usage: 43.2%
Running task sylvine on framework H2OAutoML with config:
TaskConfig({})
Running cmd `/home/juradoi/experiments/automlbenchmark/frameworks/H2OAutoML/venv/bin/python -W ignore /home/juradoi/experiments/automlbenchmark/frameworks/H2OAutoML/exec.py`
INFO:__main__:
**** H2O AutoML [v3.34.0.3] ****

INFO:__main__:Starting H2O cluster with 16 cores, 60681M memory.
Checking whether there is an H2O instance running at http://localhost:30807 ..... not found.
Attempting to start a local H2O server...
  Java Version: openjdk version "11.0.12" 2021-07-20; OpenJDK Runtime Environment (build 11.0.12+7-post-Debian-2deb10u1); OpenJDK 64-Bit Server VM (build 11.0.12+7-post-Debian-2deb10u1, mixed mode, sharing)
  Starting server from /home/juradoi/experiments/automlbenchmark/frameworks/H2OAutoML/venv/lib/python3.8/site-packages/h2o/backend/bin/h2o.jar
  Ice root: /tmp/tmpcnwklzaq
  JVM stdout: /tmp/tmpcnwklzaq/h2o_unknownUser_started_from_python.out
  JVM stderr: /tmp/tmpcnwklzaq/h2o_unknownUser_started_from_python.err
  Server is running at http://127.0.0.1:30807
Connecting to H2O server at http://127.0.0.1:30807 ... successful.
--------------------------  ------------------------------------------------------------------
H2O_cluster_uptime:         01 secs
H2O_cluster_timezone:       Europe/Amsterdam
H2O_data_parsing_timezone:  UTC
H2O_cluster_version:        3.34.0.3
H2O_cluster_version_age:    2 months and 2 days
H2O_cluster_name:           H2O_from_python_unknownUser_t64yaz
H2O_cluster_total_nodes:    1
H2O_cluster_free_memory:    59.27 Gb
H2O_cluster_total_cores:    16
H2O_cluster_allowed_cores:  16
H2O_cluster_status:         locked, healthy
H2O_connection_url:         http://127.0.0.1:30807
H2O_connection_proxy:       {"http": null, "https": null}
H2O_internal_security:      False
H2O_API_Extensions:         Amazon S3, XGBoost, Algos, AutoML, Core V3, TargetEncoder, Core V4
Python_version:             3.8.12 final
--------------------------  ------------------------------------------------------------------
Parse progress: |████████████████████████████████████████████████████████████████| (done) 100%
Parse progress: |████████████████████████████████████████████████████████████████| (done) 100%
INFO:__main__:Running model on task sylvine, fold 0.
[MONITORING] [local.openml_t_359972.pygmo_c.sylvine.0.H2OAutoML] CPU Utilization: 65.8%
[MONITORING] [local.openml_t_359972.pygmo_c.sylvine.0.H2OAutoML] Memory Usage: 43.7%
[MONITORING] [local.openml_t_359972.pygmo_c.sylvine.0.H2OAutoML] Disk Usage: 43.2%
[MONITORING] [local.openml_t_359972.pygmo_c.sylvine.0.H2OAutoML] CPU Utilization: 79.1%
[MONITORING] [local.openml_t_359972.pygmo_c.sylvine.0.H2OAutoML] Memory Usage: 45.2%
[MONITORING] [local.openml_t_359972.pygmo_c.sylvine.0.H2OAutoML] Disk Usage: 43.2%
[MONITORING] [local.openml_t_359972.pygmo_c.sylvine.0.H2OAutoML] CPU Utilization: 79.6%
[MONITORING] [local.openml_t_359972.pygmo_c.sylvine.0.H2OAutoML] Memory Usage: 46.6%
[MONITORING] [local.openml_t_359972.pygmo_c.sylvine.0.H2OAutoML] Disk Usage: 43.2%
[MONITORING] [local.openml_t_359972.pygmo_c.sylvine.0.H2OAutoML] CPU Utilization: 78.7%
[MONITORING] [local.openml_t_359972.pygmo_c.sylvine.0.H2OAutoML] Memory Usage: 47.1%
[MONITORING] [local.openml_t_359972.pygmo_c.sylvine.0.H2OAutoML] Disk Usage: 43.2%
[MONITORING] [local.openml_t_359972.pygmo_c.sylvine.0.H2OAutoML] CPU Utilization: 68.7%
[MONITORING] [local.openml_t_359972.pygmo_c.sylvine.0.H2OAutoML] Memory Usage: 48.3%
[MONITORING] [local.openml_t_359972.pygmo_c.sylvine.0.H2OAutoML] Disk Usage: 43.2%
[MONITORING] [local.openml_t_359972.pygmo_c.sylvine.0.H2OAutoML] CPU Utilization: 70.1%
[MONITORING] [local.openml_t_359972.pygmo_c.sylvine.0.H2OAutoML] Memory Usage: 49.1%
[MONITORING] [local.openml_t_359972.pygmo_c.sylvine.0.H2OAutoML] Disk Usage: 43.2%
[MONITORING] [local.openml_t_359972.pygmo_c.sylvine.0.H2OAutoML] CPU Utilization: 62.8%
[MONITORING] [local.openml_t_359972.pygmo_c.sylvine.0.H2OAutoML] Memory Usage: 49.2%
[MONITORING] [local.openml_t_359972.pygmo_c.sylvine.0.H2OAutoML] Disk Usage: 43.2%
[MONITORING] [local.openml_t_359972.pygmo_c.sylvine.0.H2OAutoML] CPU Utilization: 69.0%
[MONITORING] [local.openml_t_359972.pygmo_c.sylvine.0.H2OAutoML] Memory Usage: 50.2%
[MONITORING] [local.openml_t_359972.pygmo_c.sylvine.0.H2OAutoML] Disk Usage: 43.2%
[MONITORING] [local.openml_t_359972.pygmo_c.sylvine.0.H2OAutoML] CPU Utilization: 68.6%
[MONITORING] [local.openml_t_359972.pygmo_c.sylvine.0.H2OAutoML] Memory Usage: 50.9%
[MONITORING] [local.openml_t_359972.pygmo_c.sylvine.0.H2OAutoML] Disk Usage: 43.2%
[MONITORING] [local.openml_t_359972.pygmo_c.sylvine.0.H2OAutoML] CPU Utilization: 68.0%
[MONITORING] [local.openml_t_359972.pygmo_c.sylvine.0.H2OAutoML] Memory Usage: 51.3%
[MONITORING] [local.openml_t_359972.pygmo_c.sylvine.0.H2OAutoML] Disk Usage: 43.2%
[MONITORING] [local.openml_t_359972.pygmo_c.sylvine.0.H2OAutoML] CPU Utilization: 68.5%
[MONITORING] [local.openml_t_359972.pygmo_c.sylvine.0.H2OAutoML] Memory Usage: 52.2%
[MONITORING] [local.openml_t_359972.pygmo_c.sylvine.0.H2OAutoML] Disk Usage: 43.2%
[MONITORING] [local.openml_t_359972.pygmo_c.sylvine.0.H2OAutoML] CPU Utilization: 70.4%
[MONITORING] [local.openml_t_359972.pygmo_c.sylvine.0.H2OAutoML] Memory Usage: 52.3%
[MONITORING] [local.openml_t_359972.pygmo_c.sylvine.0.H2OAutoML] Disk Usage: 43.2%
[MONITORING] [local.openml_t_359972.pygmo_c.sylvine.0.H2OAutoML] CPU Utilization: 66.6%
[MONITORING] [local.openml_t_359972.pygmo_c.sylvine.0.H2OAutoML] Memory Usage: 53.3%
[MONITORING] [local.openml_t_359972.pygmo_c.sylvine.0.H2OAutoML] Disk Usage: 43.2%
[MONITORING] [local.openml_t_359972.pygmo_c.sylvine.0.H2OAutoML] CPU Utilization: 70.3%
[MONITORING] [local.openml_t_359972.pygmo_c.sylvine.0.H2OAutoML] Memory Usage: 53.4%
[MONITORING] [local.openml_t_359972.pygmo_c.sylvine.0.H2OAutoML] Disk Usage: 43.2%
[MONITORING] [local.openml_t_359972.pygmo_c.sylvine.0.H2OAutoML] CPU Utilization: 69.6%
[MONITORING] [local.openml_t_359972.pygmo_c.sylvine.0.H2OAutoML] Memory Usage: 54.0%
[MONITORING] [local.openml_t_359972.pygmo_c.sylvine.0.H2OAutoML] Disk Usage: 43.2%
[MONITORING] [local.openml_t_359972.pygmo_c.sylvine.0.H2OAutoML] CPU Utilization: 71.7%
[MONITORING] [local.openml_t_359972.pygmo_c.sylvine.0.H2OAutoML] Memory Usage: 54.8%
[MONITORING] [local.openml_t_359972.pygmo_c.sylvine.0.H2OAutoML] Disk Usage: 43.2%
[MONITORING] [local.openml_t_359972.pygmo_c.sylvine.0.H2OAutoML] CPU Utilization: 68.4%
[MONITORING] [local.openml_t_359972.pygmo_c.sylvine.0.H2OAutoML] Memory Usage: 55.7%
[MONITORING] [local.openml_t_359972.pygmo_c.sylvine.0.H2OAutoML] Disk Usage: 43.2%
[MONITORING] [local.openml_t_359972.pygmo_c.sylvine.0.H2OAutoML] CPU Utilization: 70.4%
[MONITORING] [local.openml_t_359972.pygmo_c.sylvine.0.H2OAutoML] Memory Usage: 56.6%
[MONITORING] [local.openml_t_359972.pygmo_c.sylvine.0.H2OAutoML] Disk Usage: 43.2%
[MONITORING] [local.openml_t_359972.pygmo_c.sylvine.0.H2OAutoML] CPU Utilization: 71.9%
[MONITORING] [local.openml_t_359972.pygmo_c.sylvine.0.H2OAutoML] Memory Usage: 56.7%
[MONITORING] [local.openml_t_359972.pygmo_c.sylvine.0.H2OAutoML] Disk Usage: 43.2%
[MONITORING] [local.openml_t_359972.pygmo_c.sylvine.0.H2OAutoML] CPU Utilization: 97.3%
[MONITORING] [local.openml_t_359972.pygmo_c.sylvine.0.H2OAutoML] Memory Usage: 56.7%
[MONITORING] [local.openml_t_359972.pygmo_c.sylvine.0.H2OAutoML] Disk Usage: 43.2%
[MONITORING] [local.openml_t_359972.pygmo_c.sylvine.0.H2OAutoML] CPU Utilization: 98.1%
[MONITORING] [local.openml_t_359972.pygmo_c.sylvine.0.H2OAutoML] Memory Usage: 57.0%
[MONITORING] [local.openml_t_359972.pygmo_c.sylvine.0.H2OAutoML] Disk Usage: 43.2%
[MONITORING] [local.openml_t_359972.pygmo_c.sylvine.0.H2OAutoML] CPU Utilization: 97.0%
[MONITORING] [local.openml_t_359972.pygmo_c.sylvine.0.H2OAutoML] Memory Usage: 57.0%
[MONITORING] [local.openml_t_359972.pygmo_c.sylvine.0.H2OAutoML] Disk Usage: 43.2%
[MONITORING] [local.openml_t_359972.pygmo_c.sylvine.0.H2OAutoML] CPU Utilization: 98.9%
[MONITORING] [local.openml_t_359972.pygmo_c.sylvine.0.H2OAutoML] Memory Usage: 57.0%
[MONITORING] [local.openml_t_359972.pygmo_c.sylvine.0.H2OAutoML] Disk Usage: 43.2%
[MONITORING] [local.openml_t_359972.pygmo_c.sylvine.0.H2OAutoML] CPU Utilization: 97.7%
[MONITORING] [local.openml_t_359972.pygmo_c.sylvine.0.H2OAutoML] Memory Usage: 57.0%
[MONITORING] [local.openml_t_359972.pygmo_c.sylvine.0.H2OAutoML] Disk Usage: 43.2%
[MONITORING] [local.openml_t_359972.pygmo_c.sylvine.0.H2OAutoML] CPU Utilization: 98.2%
[MONITORING] [local.openml_t_359972.pygmo_c.sylvine.0.H2OAutoML] Memory Usage: 57.0%
[MONITORING] [local.openml_t_359972.pygmo_c.sylvine.0.H2OAutoML] Disk Usage: 43.2%
[MONITORING] [local.openml_t_359972.pygmo_c.sylvine.0.H2OAutoML] CPU Utilization: 98.4%
[MONITORING] [local.openml_t_359972.pygmo_c.sylvine.0.H2OAutoML] Memory Usage: 57.0%
[MONITORING] [local.openml_t_359972.pygmo_c.sylvine.0.H2OAutoML] Disk Usage: 43.2%
[MONITORING] [local.openml_t_359972.pygmo_c.sylvine.0.H2OAutoML] CPU Utilization: 93.7%
[MONITORING] [local.openml_t_359972.pygmo_c.sylvine.0.H2OAutoML] Memory Usage: 57.8%
[MONITORING] [local.openml_t_359972.pygmo_c.sylvine.0.H2OAutoML] Disk Usage: 43.2%
[MONITORING] [local.openml_t_359972.pygmo_c.sylvine.0.H2OAutoML] CPU Utilization: 96.1%
[MONITORING] [local.openml_t_359972.pygmo_c.sylvine.0.H2OAutoML] Memory Usage: 58.2%
[MONITORING] [local.openml_t_359972.pygmo_c.sylvine.0.H2OAutoML] Disk Usage: 43.2%
[MONITORING] [local.openml_t_359972.pygmo_c.sylvine.0.H2OAutoML] CPU Utilization: 97.5%
[MONITORING] [local.openml_t_359972.pygmo_c.sylvine.0.H2OAutoML] Memory Usage: 58.2%
[MONITORING] [local.openml_t_359972.pygmo_c.sylvine.0.H2OAutoML] Disk Usage: 43.2%
[MONITORING] [local.openml_t_359972.pygmo_c.sylvine.0.H2OAutoML] CPU Utilization: 79.6%
[MONITORING] [local.openml_t_359972.pygmo_c.sylvine.0.H2OAutoML] Memory Usage: 58.3%
[MONITORING] [local.openml_t_359972.pygmo_c.sylvine.0.H2OAutoML] Disk Usage: 43.2%
AutoML progress: |███████████████████████████████████████████████████████████████| (done) 100%
stackedensemble prediction progress: |███████████████████████████████████████████| (done) 100%
H2O session _sid_bf47 closed.



Predictions preview:
                        0                     1 predictions truth
0   0.020542272139716267    0.9794577278602837           1     1
1   0.012392063409271348    0.9876079365907287           1     1
2   0.011866663554055856    0.9881333364459441           1     1
3   0.008158861472829071    0.9918411385271709           1     1
4     0.0590436807354604    0.9409563192645396           1     1
5    0.01873201194316032    0.9812679880568397           1     1
6   0.009136008757184788    0.9908639912428152           1     1
7   0.004432628287018514    0.9955673717129815           1     1
8    0.04693739341082581    0.9530626065891742           1     1
9   0.015412014125848139    0.9845879858741519           1     1
10   0.06653971702462258    0.9334602829753774           1     1
11  0.041494858527048706    0.9585051414729513           1     1
12   0.00767632300072052    0.9923236769992795           1     1
13   0.17648150635122972    0.8235184936487703           1     1
14   0.00554256259834085    0.9944574374016592           1     1
15    0.9820902255938424  0.017909774406157625           0     1
16   0.08893220882016184    0.9110677911798382           1     1
17   0.11156147673077255    0.8884385232692275           1     1
18  0.044080273300139305    0.9559197266998607           1     1
19  0.029957828564992517    0.9700421714350075           1     1

Predictions saved to `/home/juradoi/experiments/automlbenchmark/results/h2oautoml.openml_t_359972.pygmo_c.local.20211210T013318/predictions/sylvine/0/predictions.csv`.
Loading metadata from `/home/juradoi/experiments/automlbenchmark/results/h2oautoml.openml_t_359972.pygmo_c.local.20211210T013318/predictions/sylvine/0/metadata.json`.
Loading predictions from `/home/juradoi/experiments/automlbenchmark/results/h2oautoml.openml_t_359972.pygmo_c.local.20211210T013318/predictions/sylvine/0/predictions.csv`.
Metric scores: { 'acc': 0.9415204678362573,
  'app_version': 'dev [master, beef024]',
  'auc': 0.9850285749027237,
  'balacc': 0.9414366488326849,
  'constraint': 'pygmo_c',
  'duration': nan,
  'fold': 0,
  'framework': 'H2OAutoML',
  'id': 'openml.org/t/359972',
  'info': None,
  'logloss': 0.14129402970110072,
  'metric': 'auc',
  'mode': 'local',
  'models_count': 937,
  'params': '',
  'predict_duration': 0.3322923183441162,
  'result': 0.9850285749027237,
  'seed': 829816226,
  'task': 'sylvine',
  'training_duration': 3605.6202726364136,
  'type': 'binary',
  'utc': '2021-12-10T02:33:34',
  'version': '3.34.0.3'}
Job `local.openml_t_359972.pygmo_c.sylvine.0.H2OAutoML` executed in 3615.070 seconds.
All jobs executed in 3615.696 seconds.
[MONITORING] [local.openml_t_359972.pygmo_c.sylvine.0.H2OAutoML] CPU Utilization: 52.6%
[MONITORING] [local.openml_t_359972.pygmo_c.sylvine.0.H2OAutoML] Memory Usage: 2.3%
[MONITORING] [local.openml_t_359972.pygmo_c.sylvine.0.H2OAutoML] Disk Usage: 43.2%
Processing results for h2oautoml.openml_t_359972.pygmo_c.local.20211210T013318
Scores saved to `/home/juradoi/experiments/automlbenchmark/results/h2oautoml.openml_t_359972.pygmo_c.local.20211210T013318/scores/H2OAutoML.benchmark_openml_t_359972.csv`.
Scores saved to `/home/juradoi/experiments/automlbenchmark/results/h2oautoml.openml_t_359972.pygmo_c.local.20211210T013318/scores/results.csv`.
Scores saved to `/home/juradoi/experiments/automlbenchmark/results/results.csv`.
Summing up scores for current run:
                 id    task fold framework constraint   result metric  duration      seed
openml.org/t/359972 sylvine    0 H2OAutoML    pygmo_c 0.985029    auc    3615.1 829816226
