/var/spool/slurm/slurmd/job8493741/slurm_script: line 8: activate: No such file or directory
Running benchmark `H2OAutoML` on `openml/t/190392` framework in `local` mode.
Loading frameworks definitions from ['/home/juradoi/experiments/automlbenchmark/resources/frameworks.yaml'].
Loading benchmark constraint definitions from ['/home/juradoi/experiments/automlbenchmark/resources/constraints.yaml'].
Loading openml task 190392.

----------------------------------------------------------------
Starting job local.openml_t_190392.pygmo_c.madeline.0.H2OAutoML.
Assigning 16 cores (total=16) for new task madeline.
Assigning 91085 MB (total=95302 MB) for new madeline task.
[MONITORING] [local.openml_t_190392.pygmo_c.madeline.0.H2OAutoML] CPU Utilization: 12.7%
[MONITORING] [local.openml_t_190392.pygmo_c.madeline.0.H2OAutoML] Memory Usage: 2.3%
[MONITORING] [local.openml_t_190392.pygmo_c.madeline.0.H2OAutoML] Disk Usage: 43.2%
Running task madeline on framework H2OAutoML with config:
TaskConfig({})
Running cmd `/home/juradoi/experiments/automlbenchmark/frameworks/H2OAutoML/venv/bin/python -W ignore /home/juradoi/experiments/automlbenchmark/frameworks/H2OAutoML/exec.py`
INFO:__main__:
**** H2O AutoML [v3.34.0.3] ****

INFO:__main__:Starting H2O cluster with 16 cores, 60723M memory.
Checking whether there is an H2O instance running at http://localhost:13685 ..... not found.
Attempting to start a local H2O server...
  Java Version: openjdk version "11.0.12" 2021-07-20; OpenJDK Runtime Environment (build 11.0.12+7-post-Debian-2deb10u1); OpenJDK 64-Bit Server VM (build 11.0.12+7-post-Debian-2deb10u1, mixed mode, sharing)
  Starting server from /home/juradoi/experiments/automlbenchmark/frameworks/H2OAutoML/venv/lib/python3.8/site-packages/h2o/backend/bin/h2o.jar
  Ice root: /tmp/tmpxkhjb2o5
  JVM stdout: /tmp/tmpxkhjb2o5/h2o_unknownUser_started_from_python.out
  JVM stderr: /tmp/tmpxkhjb2o5/h2o_unknownUser_started_from_python.err
  Server is running at http://127.0.0.1:13685
Connecting to H2O server at http://127.0.0.1:13685 ... successful.
--------------------------  ------------------------------------------------------------------
H2O_cluster_uptime:         02 secs
H2O_cluster_timezone:       Europe/Amsterdam
H2O_data_parsing_timezone:  UTC
H2O_cluster_version:        3.34.0.3
H2O_cluster_version_age:    2 months and 2 days
H2O_cluster_name:           H2O_from_python_unknownUser_7qu2vc
H2O_cluster_total_nodes:    1
H2O_cluster_free_memory:    59.31 Gb
H2O_cluster_total_cores:    16
H2O_cluster_allowed_cores:  16
H2O_cluster_status:         locked, healthy
H2O_connection_url:         http://127.0.0.1:13685
H2O_connection_proxy:       {"http": null, "https": null}
H2O_internal_security:      False
H2O_API_Extensions:         Amazon S3, XGBoost, Algos, AutoML, Core V3, TargetEncoder, Core V4
Python_version:             3.8.12 final
--------------------------  ------------------------------------------------------------------
Parse progress: |████████████████████████████████████████████████████████████████| (done) 100%
Parse progress: |████████████████████████████████████████████████████████████████| (done) 100%
INFO:__main__:Running model on task madeline, fold 0.
[MONITORING] [local.openml_t_190392.pygmo_c.madeline.0.H2OAutoML] CPU Utilization: 63.8%
[MONITORING] [local.openml_t_190392.pygmo_c.madeline.0.H2OAutoML] Memory Usage: 44.8%
[MONITORING] [local.openml_t_190392.pygmo_c.madeline.0.H2OAutoML] Disk Usage: 43.2%
[MONITORING] [local.openml_t_190392.pygmo_c.madeline.0.H2OAutoML] CPU Utilization: 67.1%
[MONITORING] [local.openml_t_190392.pygmo_c.madeline.0.H2OAutoML] Memory Usage: 45.0%
[MONITORING] [local.openml_t_190392.pygmo_c.madeline.0.H2OAutoML] Disk Usage: 43.2%
[MONITORING] [local.openml_t_190392.pygmo_c.madeline.0.H2OAutoML] CPU Utilization: 71.7%
[MONITORING] [local.openml_t_190392.pygmo_c.madeline.0.H2OAutoML] Memory Usage: 45.2%
[MONITORING] [local.openml_t_190392.pygmo_c.madeline.0.H2OAutoML] Disk Usage: 43.2%
[MONITORING] [local.openml_t_190392.pygmo_c.madeline.0.H2OAutoML] CPU Utilization: 70.8%
[MONITORING] [local.openml_t_190392.pygmo_c.madeline.0.H2OAutoML] Memory Usage: 45.2%
[MONITORING] [local.openml_t_190392.pygmo_c.madeline.0.H2OAutoML] Disk Usage: 43.2%
[MONITORING] [local.openml_t_190392.pygmo_c.madeline.0.H2OAutoML] CPU Utilization: 73.7%
[MONITORING] [local.openml_t_190392.pygmo_c.madeline.0.H2OAutoML] Memory Usage: 45.3%
[MONITORING] [local.openml_t_190392.pygmo_c.madeline.0.H2OAutoML] Disk Usage: 43.2%
[MONITORING] [local.openml_t_190392.pygmo_c.madeline.0.H2OAutoML] CPU Utilization: 76.1%
[MONITORING] [local.openml_t_190392.pygmo_c.madeline.0.H2OAutoML] Memory Usage: 46.0%
[MONITORING] [local.openml_t_190392.pygmo_c.madeline.0.H2OAutoML] Disk Usage: 43.2%
[MONITORING] [local.openml_t_190392.pygmo_c.madeline.0.H2OAutoML] CPU Utilization: 75.4%
[MONITORING] [local.openml_t_190392.pygmo_c.madeline.0.H2OAutoML] Memory Usage: 46.2%
[MONITORING] [local.openml_t_190392.pygmo_c.madeline.0.H2OAutoML] Disk Usage: 43.2%
[MONITORING] [local.openml_t_190392.pygmo_c.madeline.0.H2OAutoML] CPU Utilization: 78.2%
[MONITORING] [local.openml_t_190392.pygmo_c.madeline.0.H2OAutoML] Memory Usage: 47.2%
[MONITORING] [local.openml_t_190392.pygmo_c.madeline.0.H2OAutoML] Disk Usage: 43.2%
[MONITORING] [local.openml_t_190392.pygmo_c.madeline.0.H2OAutoML] CPU Utilization: 80.2%
[MONITORING] [local.openml_t_190392.pygmo_c.madeline.0.H2OAutoML] Memory Usage: 47.2%
[MONITORING] [local.openml_t_190392.pygmo_c.madeline.0.H2OAutoML] Disk Usage: 43.2%
[MONITORING] [local.openml_t_190392.pygmo_c.madeline.0.H2OAutoML] CPU Utilization: 77.9%
[MONITORING] [local.openml_t_190392.pygmo_c.madeline.0.H2OAutoML] Memory Usage: 47.3%
[MONITORING] [local.openml_t_190392.pygmo_c.madeline.0.H2OAutoML] Disk Usage: 43.2%
[MONITORING] [local.openml_t_190392.pygmo_c.madeline.0.H2OAutoML] CPU Utilization: 80.2%
[MONITORING] [local.openml_t_190392.pygmo_c.madeline.0.H2OAutoML] Memory Usage: 47.8%
[MONITORING] [local.openml_t_190392.pygmo_c.madeline.0.H2OAutoML] Disk Usage: 43.2%
[MONITORING] [local.openml_t_190392.pygmo_c.madeline.0.H2OAutoML] CPU Utilization: 79.4%
[MONITORING] [local.openml_t_190392.pygmo_c.madeline.0.H2OAutoML] Memory Usage: 47.8%
[MONITORING] [local.openml_t_190392.pygmo_c.madeline.0.H2OAutoML] Disk Usage: 43.2%
[MONITORING] [local.openml_t_190392.pygmo_c.madeline.0.H2OAutoML] CPU Utilization: 80.0%
[MONITORING] [local.openml_t_190392.pygmo_c.madeline.0.H2OAutoML] Memory Usage: 48.4%
[MONITORING] [local.openml_t_190392.pygmo_c.madeline.0.H2OAutoML] Disk Usage: 43.2%
[MONITORING] [local.openml_t_190392.pygmo_c.madeline.0.H2OAutoML] CPU Utilization: 79.8%
[MONITORING] [local.openml_t_190392.pygmo_c.madeline.0.H2OAutoML] Memory Usage: 48.4%
[MONITORING] [local.openml_t_190392.pygmo_c.madeline.0.H2OAutoML] Disk Usage: 43.2%
[MONITORING] [local.openml_t_190392.pygmo_c.madeline.0.H2OAutoML] CPU Utilization: 76.6%
[MONITORING] [local.openml_t_190392.pygmo_c.madeline.0.H2OAutoML] Memory Usage: 48.4%
[MONITORING] [local.openml_t_190392.pygmo_c.madeline.0.H2OAutoML] Disk Usage: 43.2%
[MONITORING] [local.openml_t_190392.pygmo_c.madeline.0.H2OAutoML] CPU Utilization: 73.5%
[MONITORING] [local.openml_t_190392.pygmo_c.madeline.0.H2OAutoML] Memory Usage: 49.0%
[MONITORING] [local.openml_t_190392.pygmo_c.madeline.0.H2OAutoML] Disk Usage: 43.2%
[MONITORING] [local.openml_t_190392.pygmo_c.madeline.0.H2OAutoML] CPU Utilization: 72.9%
[MONITORING] [local.openml_t_190392.pygmo_c.madeline.0.H2OAutoML] Memory Usage: 49.0%
[MONITORING] [local.openml_t_190392.pygmo_c.madeline.0.H2OAutoML] Disk Usage: 43.2%
[MONITORING] [local.openml_t_190392.pygmo_c.madeline.0.H2OAutoML] CPU Utilization: 72.0%
[MONITORING] [local.openml_t_190392.pygmo_c.madeline.0.H2OAutoML] Memory Usage: 49.3%
[MONITORING] [local.openml_t_190392.pygmo_c.madeline.0.H2OAutoML] Disk Usage: 43.2%
[MONITORING] [local.openml_t_190392.pygmo_c.madeline.0.H2OAutoML] CPU Utilization: 72.4%
[MONITORING] [local.openml_t_190392.pygmo_c.madeline.0.H2OAutoML] Memory Usage: 49.3%
[MONITORING] [local.openml_t_190392.pygmo_c.madeline.0.H2OAutoML] Disk Usage: 43.2%
[MONITORING] [local.openml_t_190392.pygmo_c.madeline.0.H2OAutoML] CPU Utilization: 74.7%
[MONITORING] [local.openml_t_190392.pygmo_c.madeline.0.H2OAutoML] Memory Usage: 49.4%
[MONITORING] [local.openml_t_190392.pygmo_c.madeline.0.H2OAutoML] Disk Usage: 43.2%
[MONITORING] [local.openml_t_190392.pygmo_c.madeline.0.H2OAutoML] CPU Utilization: 74.3%
[MONITORING] [local.openml_t_190392.pygmo_c.madeline.0.H2OAutoML] Memory Usage: 49.4%
[MONITORING] [local.openml_t_190392.pygmo_c.madeline.0.H2OAutoML] Disk Usage: 43.2%
[MONITORING] [local.openml_t_190392.pygmo_c.madeline.0.H2OAutoML] CPU Utilization: 75.1%
[MONITORING] [local.openml_t_190392.pygmo_c.madeline.0.H2OAutoML] Memory Usage: 49.4%
[MONITORING] [local.openml_t_190392.pygmo_c.madeline.0.H2OAutoML] Disk Usage: 43.2%
[MONITORING] [local.openml_t_190392.pygmo_c.madeline.0.H2OAutoML] CPU Utilization: 74.2%
[MONITORING] [local.openml_t_190392.pygmo_c.madeline.0.H2OAutoML] Memory Usage: 49.7%
[MONITORING] [local.openml_t_190392.pygmo_c.madeline.0.H2OAutoML] Disk Usage: 43.2%
[MONITORING] [local.openml_t_190392.pygmo_c.madeline.0.H2OAutoML] CPU Utilization: 78.8%
[MONITORING] [local.openml_t_190392.pygmo_c.madeline.0.H2OAutoML] Memory Usage: 49.7%
[MONITORING] [local.openml_t_190392.pygmo_c.madeline.0.H2OAutoML] Disk Usage: 43.2%
[MONITORING] [local.openml_t_190392.pygmo_c.madeline.0.H2OAutoML] CPU Utilization: 92.0%
[MONITORING] [local.openml_t_190392.pygmo_c.madeline.0.H2OAutoML] Memory Usage: 49.7%
[MONITORING] [local.openml_t_190392.pygmo_c.madeline.0.H2OAutoML] Disk Usage: 43.2%
[MONITORING] [local.openml_t_190392.pygmo_c.madeline.0.H2OAutoML] CPU Utilization: 90.6%
[MONITORING] [local.openml_t_190392.pygmo_c.madeline.0.H2OAutoML] Memory Usage: 49.7%
[MONITORING] [local.openml_t_190392.pygmo_c.madeline.0.H2OAutoML] Disk Usage: 43.2%
[MONITORING] [local.openml_t_190392.pygmo_c.madeline.0.H2OAutoML] CPU Utilization: 91.3%
[MONITORING] [local.openml_t_190392.pygmo_c.madeline.0.H2OAutoML] Memory Usage: 49.8%
[MONITORING] [local.openml_t_190392.pygmo_c.madeline.0.H2OAutoML] Disk Usage: 43.2%
[MONITORING] [local.openml_t_190392.pygmo_c.madeline.0.H2OAutoML] CPU Utilization: 88.9%
[MONITORING] [local.openml_t_190392.pygmo_c.madeline.0.H2OAutoML] Memory Usage: 51.1%
[MONITORING] [local.openml_t_190392.pygmo_c.madeline.0.H2OAutoML] Disk Usage: 43.2%
[MONITORING] [local.openml_t_190392.pygmo_c.madeline.0.H2OAutoML] CPU Utilization: 90.4%
[MONITORING] [local.openml_t_190392.pygmo_c.madeline.0.H2OAutoML] Memory Usage: 51.1%
[MONITORING] [local.openml_t_190392.pygmo_c.madeline.0.H2OAutoML] Disk Usage: 43.2%
[MONITORING] [local.openml_t_190392.pygmo_c.madeline.0.H2OAutoML] CPU Utilization: 79.8%
[MONITORING] [local.openml_t_190392.pygmo_c.madeline.0.H2OAutoML] Memory Usage: 51.2%
[MONITORING] [local.openml_t_190392.pygmo_c.madeline.0.H2OAutoML] Disk Usage: 43.2%
AutoML progress: |███████████████████████████████████████████████████████████████| (done) 100%
stackedensemble prediction progress: |███████████████████████████████████████████| (done) 100%
H2O session _sid_a2c8 closed.



Predictions preview:
                        0                     1 predictions truth
0     0.0480602517461054    0.9519397482538946           1     1
1   0.060226414129496364    0.9397735858705036           1     1
2    0.07567487418700802     0.924325125812992           1     1
3    0.03485468796514035    0.9651453120348596           1     1
4    0.11083002104225126    0.8891699789577487           1     1
5     0.2543547505046738    0.7456452494953262           1     1
6     0.9617266816209371  0.038273318379062844           0     1
7   0.043094632993123994     0.956905367006876           1     1
8     0.3001975445364592    0.6998024554635408           1     1
9     0.5763012204475181    0.4236987795524819           1     1
10   0.24000706939244099     0.759992930607559           1     1
11   0.07071271786332656    0.9292872821366734           1     1
12    0.0760376685640265    0.9239623314359735           1     1
13   0.08175825487588395     0.918241745124116           1     1
14   0.05537254307017636    0.9446274569298236           1     1
15    0.8616777078229151   0.13832229217708492           0     1
16   0.28022754298202734    0.7197724570179727           1     1
17   0.41721513669325805     0.582784863306742           1     1
18   0.19313929070902736    0.8068607092909726           1     1
19    0.3911351581220963    0.6088648418779037           1     1

Predictions saved to `/home/juradoi/experiments/automlbenchmark/results/h2oautoml.openml_t_190392.pygmo_c.local.20211209T213017/predictions/madeline/0/predictions.csv`.
Loading metadata from `/home/juradoi/experiments/automlbenchmark/results/h2oautoml.openml_t_190392.pygmo_c.local.20211209T213017/predictions/madeline/0/metadata.json`.
Loading predictions from `/home/juradoi/experiments/automlbenchmark/results/h2oautoml.openml_t_190392.pygmo_c.local.20211209T213017/predictions/madeline/0/predictions.csv`.
Metric scores: { 'acc': 0.8535031847133758,
  'app_version': 'dev [master, beef024]',
  'auc': 0.9201963648166182,
  'balacc': 0.8533349561830574,
  'constraint': 'pygmo_c',
  'duration': nan,
  'fold': 0,
  'framework': 'H2OAutoML',
  'id': 'openml.org/t/190392',
  'info': None,
  'logloss': 0.35808119869222776,
  'metric': 'auc',
  'mode': 'local',
  'models_count': 418,
  'params': '',
  'predict_duration': 0.34983086585998535,
  'result': 0.9201963648166182,
  'seed': 201851470,
  'task': 'madeline',
  'training_duration': 3604.171815633774,
  'type': 'binary',
  'utc': '2021-12-09T22:30:35',
  'version': '3.34.0.3'}
Job `local.openml_t_190392.pygmo_c.madeline.0.H2OAutoML` executed in 3617.883 seconds.
All jobs executed in 3617.893 seconds.
[MONITORING] [local.openml_t_190392.pygmo_c.madeline.0.H2OAutoML] CPU Utilization: 59.9%
[MONITORING] [local.openml_t_190392.pygmo_c.madeline.0.H2OAutoML] Memory Usage: 2.3%
[MONITORING] [local.openml_t_190392.pygmo_c.madeline.0.H2OAutoML] Disk Usage: 43.2%
Processing results for h2oautoml.openml_t_190392.pygmo_c.local.20211209T213017
Scores saved to `/home/juradoi/experiments/automlbenchmark/results/h2oautoml.openml_t_190392.pygmo_c.local.20211209T213017/scores/H2OAutoML.benchmark_openml_t_190392.csv`.
Scores saved to `/home/juradoi/experiments/automlbenchmark/results/h2oautoml.openml_t_190392.pygmo_c.local.20211209T213017/scores/results.csv`.
Scores saved to `/home/juradoi/experiments/automlbenchmark/results/results.csv`.
Summing up scores for current run:
                 id     task fold framework constraint   result metric  duration      seed
openml.org/t/190392 madeline    0 H2OAutoML    pygmo_c 0.920196    auc    3617.9 201851470
