/var/spool/slurm/slurmd/job8493805/slurm_script: line 8: activate: No such file or directory
Running benchmark `H2OAutoML` on `openml/t/211979` framework in `local` mode.
Loading frameworks definitions from ['/home/juradoi/experiments/automlbenchmark/resources/frameworks.yaml'].
Loading benchmark constraint definitions from ['/home/juradoi/experiments/automlbenchmark/resources/constraints.yaml'].
Loading openml task 211979.

--------------------------------------------------------------
Starting job local.openml_t_211979.pygmo_c.jannis.0.H2OAutoML.
Assigning 16 cores (total=16) for new task jannis.
Assigning 91083 MB (total=95302 MB) for new jannis task.
[MONITORING] [local.openml_t_211979.pygmo_c.jannis.0.H2OAutoML] CPU Utilization: 12.9%
[MONITORING] [local.openml_t_211979.pygmo_c.jannis.0.H2OAutoML] Memory Usage: 2.3%
[MONITORING] [local.openml_t_211979.pygmo_c.jannis.0.H2OAutoML] Disk Usage: 43.2%
Running task jannis on framework H2OAutoML with config:
TaskConfig({})
Running cmd `/home/juradoi/experiments/automlbenchmark/frameworks/H2OAutoML/venv/bin/python -W ignore /home/juradoi/experiments/automlbenchmark/frameworks/H2OAutoML/exec.py`
INFO:__main__:
**** H2O AutoML [v3.34.0.3] ****

INFO:__main__:Starting H2O cluster with 16 cores, 60722M memory.
Checking whether there is an H2O instance running at http://localhost:24308 ..... not found.
Attempting to start a local H2O server...
  Java Version: openjdk version "11.0.12" 2021-07-20; OpenJDK Runtime Environment (build 11.0.12+7-post-Debian-2deb10u1); OpenJDK 64-Bit Server VM (build 11.0.12+7-post-Debian-2deb10u1, mixed mode, sharing)
  Starting server from /home/juradoi/experiments/automlbenchmark/frameworks/H2OAutoML/venv/lib/python3.8/site-packages/h2o/backend/bin/h2o.jar
  Ice root: /tmp/tmptnf1le5p
  JVM stdout: /tmp/tmptnf1le5p/h2o_unknownUser_started_from_python.out
  JVM stderr: /tmp/tmptnf1le5p/h2o_unknownUser_started_from_python.err
  Server is running at http://127.0.0.1:24308
Connecting to H2O server at http://127.0.0.1:24308 ... successful.
--------------------------  ------------------------------------------------------------------
H2O_cluster_uptime:         01 secs
H2O_cluster_timezone:       Europe/Amsterdam
H2O_data_parsing_timezone:  UTC
H2O_cluster_version:        3.34.0.3
H2O_cluster_version_age:    2 months and 2 days
H2O_cluster_name:           H2O_from_python_unknownUser_fn1qw5
H2O_cluster_total_nodes:    1
H2O_cluster_free_memory:    59.31 Gb
H2O_cluster_total_cores:    16
H2O_cluster_allowed_cores:  16
H2O_cluster_status:         locked, healthy
H2O_connection_url:         http://127.0.0.1:24308
H2O_connection_proxy:       {"http": null, "https": null}
H2O_internal_security:      False
H2O_API_Extensions:         Amazon S3, XGBoost, Algos, AutoML, Core V3, TargetEncoder, Core V4
Python_version:             3.8.12 final
--------------------------  ------------------------------------------------------------------
Parse progress: |████████████████████████████████████████████████████████████████| (done) 100%
Parse progress: |████████████████████████████████████████████████████████████████| (done) 100%
INFO:__main__:Running model on task jannis, fold 0.
[MONITORING] [local.openml_t_211979.pygmo_c.jannis.0.H2OAutoML] CPU Utilization: 68.5%
[MONITORING] [local.openml_t_211979.pygmo_c.jannis.0.H2OAutoML] Memory Usage: 9.6%
[MONITORING] [local.openml_t_211979.pygmo_c.jannis.0.H2OAutoML] Disk Usage: 43.2%
[MONITORING] [local.openml_t_211979.pygmo_c.jannis.0.H2OAutoML] CPU Utilization: 85.2%
[MONITORING] [local.openml_t_211979.pygmo_c.jannis.0.H2OAutoML] Memory Usage: 28.8%
[MONITORING] [local.openml_t_211979.pygmo_c.jannis.0.H2OAutoML] Disk Usage: 43.2%
[MONITORING] [local.openml_t_211979.pygmo_c.jannis.0.H2OAutoML] CPU Utilization: 86.4%
[MONITORING] [local.openml_t_211979.pygmo_c.jannis.0.H2OAutoML] Memory Usage: 44.4%
[MONITORING] [local.openml_t_211979.pygmo_c.jannis.0.H2OAutoML] Disk Usage: 43.2%
[MONITORING] [local.openml_t_211979.pygmo_c.jannis.0.H2OAutoML] CPU Utilization: 81.6%
[MONITORING] [local.openml_t_211979.pygmo_c.jannis.0.H2OAutoML] Memory Usage: 45.3%
[MONITORING] [local.openml_t_211979.pygmo_c.jannis.0.H2OAutoML] Disk Usage: 43.2%
[MONITORING] [local.openml_t_211979.pygmo_c.jannis.0.H2OAutoML] CPU Utilization: 80.1%
[MONITORING] [local.openml_t_211979.pygmo_c.jannis.0.H2OAutoML] Memory Usage: 45.7%
[MONITORING] [local.openml_t_211979.pygmo_c.jannis.0.H2OAutoML] Disk Usage: 43.2%
[MONITORING] [local.openml_t_211979.pygmo_c.jannis.0.H2OAutoML] CPU Utilization: 83.4%
[MONITORING] [local.openml_t_211979.pygmo_c.jannis.0.H2OAutoML] Memory Usage: 45.8%
[MONITORING] [local.openml_t_211979.pygmo_c.jannis.0.H2OAutoML] Disk Usage: 43.2%
[MONITORING] [local.openml_t_211979.pygmo_c.jannis.0.H2OAutoML] CPU Utilization: 87.6%
[MONITORING] [local.openml_t_211979.pygmo_c.jannis.0.H2OAutoML] Memory Usage: 45.8%
[MONITORING] [local.openml_t_211979.pygmo_c.jannis.0.H2OAutoML] Disk Usage: 43.2%
[MONITORING] [local.openml_t_211979.pygmo_c.jannis.0.H2OAutoML] CPU Utilization: 81.3%
[MONITORING] [local.openml_t_211979.pygmo_c.jannis.0.H2OAutoML] Memory Usage: 46.1%
[MONITORING] [local.openml_t_211979.pygmo_c.jannis.0.H2OAutoML] Disk Usage: 43.2%
[MONITORING] [local.openml_t_211979.pygmo_c.jannis.0.H2OAutoML] CPU Utilization: 77.2%
[MONITORING] [local.openml_t_211979.pygmo_c.jannis.0.H2OAutoML] Memory Usage: 46.1%
[MONITORING] [local.openml_t_211979.pygmo_c.jannis.0.H2OAutoML] Disk Usage: 43.2%
[MONITORING] [local.openml_t_211979.pygmo_c.jannis.0.H2OAutoML] CPU Utilization: 85.3%
[MONITORING] [local.openml_t_211979.pygmo_c.jannis.0.H2OAutoML] Memory Usage: 46.3%
[MONITORING] [local.openml_t_211979.pygmo_c.jannis.0.H2OAutoML] Disk Usage: 43.2%
[MONITORING] [local.openml_t_211979.pygmo_c.jannis.0.H2OAutoML] CPU Utilization: 81.3%
[MONITORING] [local.openml_t_211979.pygmo_c.jannis.0.H2OAutoML] Memory Usage: 46.6%
[MONITORING] [local.openml_t_211979.pygmo_c.jannis.0.H2OAutoML] Disk Usage: 43.2%
[MONITORING] [local.openml_t_211979.pygmo_c.jannis.0.H2OAutoML] CPU Utilization: 87.5%
[MONITORING] [local.openml_t_211979.pygmo_c.jannis.0.H2OAutoML] Memory Usage: 46.8%
[MONITORING] [local.openml_t_211979.pygmo_c.jannis.0.H2OAutoML] Disk Usage: 43.2%
[MONITORING] [local.openml_t_211979.pygmo_c.jannis.0.H2OAutoML] CPU Utilization: 84.3%
[MONITORING] [local.openml_t_211979.pygmo_c.jannis.0.H2OAutoML] Memory Usage: 47.0%
[MONITORING] [local.openml_t_211979.pygmo_c.jannis.0.H2OAutoML] Disk Usage: 43.2%
[MONITORING] [local.openml_t_211979.pygmo_c.jannis.0.H2OAutoML] CPU Utilization: 84.0%
[MONITORING] [local.openml_t_211979.pygmo_c.jannis.0.H2OAutoML] Memory Usage: 47.2%
[MONITORING] [local.openml_t_211979.pygmo_c.jannis.0.H2OAutoML] Disk Usage: 43.2%
[MONITORING] [local.openml_t_211979.pygmo_c.jannis.0.H2OAutoML] CPU Utilization: 81.8%
[MONITORING] [local.openml_t_211979.pygmo_c.jannis.0.H2OAutoML] Memory Usage: 47.4%
[MONITORING] [local.openml_t_211979.pygmo_c.jannis.0.H2OAutoML] Disk Usage: 43.2%
[MONITORING] [local.openml_t_211979.pygmo_c.jannis.0.H2OAutoML] CPU Utilization: 83.2%
[MONITORING] [local.openml_t_211979.pygmo_c.jannis.0.H2OAutoML] Memory Usage: 47.5%
[MONITORING] [local.openml_t_211979.pygmo_c.jannis.0.H2OAutoML] Disk Usage: 43.2%
[MONITORING] [local.openml_t_211979.pygmo_c.jannis.0.H2OAutoML] CPU Utilization: 83.6%
[MONITORING] [local.openml_t_211979.pygmo_c.jannis.0.H2OAutoML] Memory Usage: 47.6%
[MONITORING] [local.openml_t_211979.pygmo_c.jannis.0.H2OAutoML] Disk Usage: 43.2%
[MONITORING] [local.openml_t_211979.pygmo_c.jannis.0.H2OAutoML] CPU Utilization: 77.8%
[MONITORING] [local.openml_t_211979.pygmo_c.jannis.0.H2OAutoML] Memory Usage: 47.7%
[MONITORING] [local.openml_t_211979.pygmo_c.jannis.0.H2OAutoML] Disk Usage: 43.2%
[MONITORING] [local.openml_t_211979.pygmo_c.jannis.0.H2OAutoML] CPU Utilization: 83.3%
[MONITORING] [local.openml_t_211979.pygmo_c.jannis.0.H2OAutoML] Memory Usage: 47.9%
[MONITORING] [local.openml_t_211979.pygmo_c.jannis.0.H2OAutoML] Disk Usage: 43.2%
[MONITORING] [local.openml_t_211979.pygmo_c.jannis.0.H2OAutoML] CPU Utilization: 90.6%
[MONITORING] [local.openml_t_211979.pygmo_c.jannis.0.H2OAutoML] Memory Usage: 47.9%
[MONITORING] [local.openml_t_211979.pygmo_c.jannis.0.H2OAutoML] Disk Usage: 43.2%
[MONITORING] [local.openml_t_211979.pygmo_c.jannis.0.H2OAutoML] CPU Utilization: 91.3%
[MONITORING] [local.openml_t_211979.pygmo_c.jannis.0.H2OAutoML] Memory Usage: 47.9%
[MONITORING] [local.openml_t_211979.pygmo_c.jannis.0.H2OAutoML] Disk Usage: 43.2%
[MONITORING] [local.openml_t_211979.pygmo_c.jannis.0.H2OAutoML] CPU Utilization: 86.6%
[MONITORING] [local.openml_t_211979.pygmo_c.jannis.0.H2OAutoML] Memory Usage: 47.9%
[MONITORING] [local.openml_t_211979.pygmo_c.jannis.0.H2OAutoML] Disk Usage: 43.2%
[MONITORING] [local.openml_t_211979.pygmo_c.jannis.0.H2OAutoML] CPU Utilization: 88.3%
[MONITORING] [local.openml_t_211979.pygmo_c.jannis.0.H2OAutoML] Memory Usage: 48.3%
[MONITORING] [local.openml_t_211979.pygmo_c.jannis.0.H2OAutoML] Disk Usage: 43.2%
[MONITORING] [local.openml_t_211979.pygmo_c.jannis.0.H2OAutoML] CPU Utilization: 72.7%
[MONITORING] [local.openml_t_211979.pygmo_c.jannis.0.H2OAutoML] Memory Usage: 48.3%
[MONITORING] [local.openml_t_211979.pygmo_c.jannis.0.H2OAutoML] Disk Usage: 43.2%
[MONITORING] [local.openml_t_211979.pygmo_c.jannis.0.H2OAutoML] CPU Utilization: 67.0%
[MONITORING] [local.openml_t_211979.pygmo_c.jannis.0.H2OAutoML] Memory Usage: 48.4%
[MONITORING] [local.openml_t_211979.pygmo_c.jannis.0.H2OAutoML] Disk Usage: 43.2%
[MONITORING] [local.openml_t_211979.pygmo_c.jannis.0.H2OAutoML] CPU Utilization: 80.6%
[MONITORING] [local.openml_t_211979.pygmo_c.jannis.0.H2OAutoML] Memory Usage: 48.4%
[MONITORING] [local.openml_t_211979.pygmo_c.jannis.0.H2OAutoML] Disk Usage: 43.2%
[MONITORING] [local.openml_t_211979.pygmo_c.jannis.0.H2OAutoML] CPU Utilization: 94.1%
[MONITORING] [local.openml_t_211979.pygmo_c.jannis.0.H2OAutoML] Memory Usage: 48.4%
[MONITORING] [local.openml_t_211979.pygmo_c.jannis.0.H2OAutoML] Disk Usage: 43.2%
[MONITORING] [local.openml_t_211979.pygmo_c.jannis.0.H2OAutoML] CPU Utilization: 94.6%
[MONITORING] [local.openml_t_211979.pygmo_c.jannis.0.H2OAutoML] Memory Usage: 48.5%
[MONITORING] [local.openml_t_211979.pygmo_c.jannis.0.H2OAutoML] Disk Usage: 43.2%
[MONITORING] [local.openml_t_211979.pygmo_c.jannis.0.H2OAutoML] CPU Utilization: 90.7%
[MONITORING] [local.openml_t_211979.pygmo_c.jannis.0.H2OAutoML] Memory Usage: 48.5%
[MONITORING] [local.openml_t_211979.pygmo_c.jannis.0.H2OAutoML] Disk Usage: 43.2%
[MONITORING] [local.openml_t_211979.pygmo_c.jannis.0.H2OAutoML] CPU Utilization: 91.0%
[MONITORING] [local.openml_t_211979.pygmo_c.jannis.0.H2OAutoML] Memory Usage: 49.0%
[MONITORING] [local.openml_t_211979.pygmo_c.jannis.0.H2OAutoML] Disk Usage: 43.2%
AutoML progress: |███████████████████████████████████████████████████████████████| (done) 100%
stackedensemble prediction progress: |███████████████████████████████████████████| (done) 100%
H2O session _sid_a630 closed.



Predictions preview:
                         0                    1                     2                     3 predictions truth
0    0.004726857349631951  0.08612407105208997    0.8797203672841976  0.029428704314080584           2     2
1    0.018105592368716908   0.4914120084993681   0.35807140786646086    0.1324109912654541           1     2
2    0.058445481272559024   0.2504038608329418  0.060875902902855106    0.6302747549916441           3     2
3     0.06969052378560885  0.12652324922630642    0.7604740996865221   0.04331212730156261           2     2
4   0.0016992819200931902  0.04701653894730401     0.945980991780083  0.005303187352519698           2     2
5   0.0034888737142944617  0.10230925422271202    0.8614520867809741   0.03274978528201941           2     2
6    0.002681776362041734  0.03456823852546302    0.9534912208870175  0.009258764225477716           2     2
7    0.016557867629736867   0.5728884494572946  0.049650577593226164   0.36090310531974246           1     2
8     0.04828282471499896  0.29190662235000325    0.5447387915517186   0.11507176138327939           2     2
9    0.004337734714934071  0.34654640506405154    0.5868575899525084   0.06225827026850602           2     2
10   0.004539257684412208  0.11639705713659197    0.8452232396741086   0.03384044550488734           2     2
11   0.010397131942431975  0.10216370042456675    0.8633700454452933  0.024069122187707917           2     2
12    0.04441498206128504   0.5312425929298261    0.2922206992309139     0.132121725777975           1     2
13   0.040788544217330094  0.33776288406186067    0.5363007804645853   0.08514779125622399           2     2
14    0.00403695768618282   0.4923700212673699    0.4122391698549881   0.09135385119145933           1     2
15   0.003841641239529472  0.11243724200225128    0.8507845594519938   0.03293655730622538           2     2
16   0.008592917052519262   0.6443378727459805    0.2782054016017283   0.06886380859977202           1     2
17   0.017615299597919066   0.3232562456933301    0.5355126311256186   0.12361582358313215           2     2
18   0.008060679611988707   0.3242720109339605    0.6296778174985241   0.03798949195552645           2     2
19   0.006813012257453387  0.12326985173987383    0.8484157212305026   0.02150141477217029           2     2

Predictions saved to `/home/juradoi/experiments/automlbenchmark/results/h2oautoml.openml_t_211979.pygmo_c.local.20211209T215328/predictions/jannis/0/predictions.csv`.
Loading metadata from `/home/juradoi/experiments/automlbenchmark/results/h2oautoml.openml_t_211979.pygmo_c.local.20211209T215328/predictions/jannis/0/metadata.json`.
Loading predictions from `/home/juradoi/experiments/automlbenchmark/results/h2oautoml.openml_t_211979.pygmo_c.local.20211209T215328/predictions/jannis/0/predictions.csv`.
Metric scores: { 'acc': 0.729400525435873,
  'app_version': 'dev [master, beef024]',
  'balacc': 0.5579776501586292,
  'constraint': 'pygmo_c',
  'duration': nan,
  'fold': 0,
  'framework': 'H2OAutoML',
  'id': 'openml.org/t/211979',
  'info': None,
  'logloss': 0.6641311241768493,
  'metric': 'neg_logloss',
  'mode': 'local',
  'models_count': 47,
  'params': '',
  'predict_duration': 2.0118813514709473,
  'result': -0.6641311241768493,
  'seed': 777516674,
  'task': 'jannis',
  'training_duration': 3619.8509814739227,
  'type': 'multiclass',
  'utc': '2021-12-09T22:54:05',
  'version': '3.34.0.3'}
Job `local.openml_t_211979.pygmo_c.jannis.0.H2OAutoML` executed in 3636.780 seconds.
All jobs executed in 3636.830 seconds.
[MONITORING] [local.openml_t_211979.pygmo_c.jannis.0.H2OAutoML] CPU Utilization: 78.8%
[MONITORING] [local.openml_t_211979.pygmo_c.jannis.0.H2OAutoML] Memory Usage: 2.3%
[MONITORING] [local.openml_t_211979.pygmo_c.jannis.0.H2OAutoML] Disk Usage: 43.2%
Processing results for h2oautoml.openml_t_211979.pygmo_c.local.20211209T215328
Scores saved to `/home/juradoi/experiments/automlbenchmark/results/h2oautoml.openml_t_211979.pygmo_c.local.20211209T215328/scores/H2OAutoML.benchmark_openml_t_211979.csv`.
Scores saved to `/home/juradoi/experiments/automlbenchmark/results/h2oautoml.openml_t_211979.pygmo_c.local.20211209T215328/scores/results.csv`.
Scores saved to `/home/juradoi/experiments/automlbenchmark/results/results.csv`.
Summing up scores for current run:
                 id   task fold framework constraint    result      metric  duration      seed
openml.org/t/211979 jannis    0 H2OAutoML    pygmo_c -0.664131 neg_logloss    3636.8 777516674
