/var/spool/slurm/slurmd/job8493653/slurm_script: line 8: activate: No such file or directory
Running benchmark `H2OAutoML` on `openml/t/168911` framework in `local` mode.
Loading frameworks definitions from ['/home/juradoi/experiments/automlbenchmark/resources/frameworks.yaml'].
Loading benchmark constraint definitions from ['/home/juradoi/experiments/automlbenchmark/resources/constraints.yaml'].
Loading openml task 168911.

---------------------------------------------------------------
Starting job local.openml_t_168911.pygmo_c.jasmine.0.H2OAutoML.
Assigning 16 cores (total=16) for new task jasmine.
Assigning 91053 MB (total=95302 MB) for new jasmine task.
[MONITORING] [local.openml_t_168911.pygmo_c.jasmine.0.H2OAutoML] CPU Utilization: 15.5%
[MONITORING] [local.openml_t_168911.pygmo_c.jasmine.0.H2OAutoML] Memory Usage: 2.3%
[MONITORING] [local.openml_t_168911.pygmo_c.jasmine.0.H2OAutoML] Disk Usage: 43.2%
Running task jasmine on framework H2OAutoML with config:
TaskConfig({})
Running cmd `/home/juradoi/experiments/automlbenchmark/frameworks/H2OAutoML/venv/bin/python -W ignore /home/juradoi/experiments/automlbenchmark/frameworks/H2OAutoML/exec.py`
INFO:__main__:
**** H2O AutoML [v3.34.0.3] ****

INFO:__main__:Starting H2O cluster with 16 cores, 60702M memory.
Checking whether there is an H2O instance running at http://localhost:27089 ..... not found.
Attempting to start a local H2O server...
  Java Version: openjdk version "11.0.12" 2021-07-20; OpenJDK Runtime Environment (build 11.0.12+7-post-Debian-2deb10u1); OpenJDK 64-Bit Server VM (build 11.0.12+7-post-Debian-2deb10u1, mixed mode, sharing)
  Starting server from /home/juradoi/experiments/automlbenchmark/frameworks/H2OAutoML/venv/lib/python3.8/site-packages/h2o/backend/bin/h2o.jar
  Ice root: /tmp/tmpm4gxv71g
  JVM stdout: /tmp/tmpm4gxv71g/h2o_unknownUser_started_from_python.out
  JVM stderr: /tmp/tmpm4gxv71g/h2o_unknownUser_started_from_python.err
  Server is running at http://127.0.0.1:27089
Connecting to H2O server at http://127.0.0.1:27089 ... successful.
--------------------------  ------------------------------------------------------------------
H2O_cluster_uptime:         01 secs
H2O_cluster_timezone:       Europe/Amsterdam
H2O_data_parsing_timezone:  UTC
H2O_cluster_version:        3.34.0.3
H2O_cluster_version_age:    2 months and 2 days
H2O_cluster_name:           H2O_from_python_unknownUser_pv5zll
H2O_cluster_total_nodes:    1
H2O_cluster_free_memory:    59.28 Gb
H2O_cluster_total_cores:    16
H2O_cluster_allowed_cores:  16
H2O_cluster_status:         locked, healthy
H2O_connection_url:         http://127.0.0.1:27089
H2O_connection_proxy:       {"http": null, "https": null}
H2O_internal_security:      False
H2O_API_Extensions:         Amazon S3, XGBoost, Algos, AutoML, Core V3, TargetEncoder, Core V4
Python_version:             3.8.12 final
--------------------------  ------------------------------------------------------------------
Parse progress: |████████████████████████████████████████████████████████████████| (done) 100%
Parse progress: |████████████████████████████████████████████████████████████████| (done) 100%
Parse progress: |████████████████████████████████████████████████████████████████| (done) 100%
INFO:__main__:Running model on task jasmine, fold 0.
[MONITORING] [local.openml_t_168911.pygmo_c.jasmine.0.H2OAutoML] CPU Utilization: 59.7%
[MONITORING] [local.openml_t_168911.pygmo_c.jasmine.0.H2OAutoML] Memory Usage: 30.0%
[MONITORING] [local.openml_t_168911.pygmo_c.jasmine.0.H2OAutoML] Disk Usage: 43.2%
[MONITORING] [local.openml_t_168911.pygmo_c.jasmine.0.H2OAutoML] CPU Utilization: 83.0%
[MONITORING] [local.openml_t_168911.pygmo_c.jasmine.0.H2OAutoML] Memory Usage: 45.1%
[MONITORING] [local.openml_t_168911.pygmo_c.jasmine.0.H2OAutoML] Disk Usage: 43.2%
[MONITORING] [local.openml_t_168911.pygmo_c.jasmine.0.H2OAutoML] CPU Utilization: 90.4%
[MONITORING] [local.openml_t_168911.pygmo_c.jasmine.0.H2OAutoML] Memory Usage: 45.5%
[MONITORING] [local.openml_t_168911.pygmo_c.jasmine.0.H2OAutoML] Disk Usage: 43.2%
[MONITORING] [local.openml_t_168911.pygmo_c.jasmine.0.H2OAutoML] CPU Utilization: 90.7%
[MONITORING] [local.openml_t_168911.pygmo_c.jasmine.0.H2OAutoML] Memory Usage: 45.5%
[MONITORING] [local.openml_t_168911.pygmo_c.jasmine.0.H2OAutoML] Disk Usage: 43.2%
[MONITORING] [local.openml_t_168911.pygmo_c.jasmine.0.H2OAutoML] CPU Utilization: 88.6%
[MONITORING] [local.openml_t_168911.pygmo_c.jasmine.0.H2OAutoML] Memory Usage: 45.5%
[MONITORING] [local.openml_t_168911.pygmo_c.jasmine.0.H2OAutoML] Disk Usage: 43.2%
[MONITORING] [local.openml_t_168911.pygmo_c.jasmine.0.H2OAutoML] CPU Utilization: 90.2%
[MONITORING] [local.openml_t_168911.pygmo_c.jasmine.0.H2OAutoML] Memory Usage: 45.5%
[MONITORING] [local.openml_t_168911.pygmo_c.jasmine.0.H2OAutoML] Disk Usage: 43.2%
[MONITORING] [local.openml_t_168911.pygmo_c.jasmine.0.H2OAutoML] CPU Utilization: 90.1%
[MONITORING] [local.openml_t_168911.pygmo_c.jasmine.0.H2OAutoML] Memory Usage: 45.5%
[MONITORING] [local.openml_t_168911.pygmo_c.jasmine.0.H2OAutoML] Disk Usage: 43.2%
[MONITORING] [local.openml_t_168911.pygmo_c.jasmine.0.H2OAutoML] CPU Utilization: 89.8%
[MONITORING] [local.openml_t_168911.pygmo_c.jasmine.0.H2OAutoML] Memory Usage: 45.6%
[MONITORING] [local.openml_t_168911.pygmo_c.jasmine.0.H2OAutoML] Disk Usage: 43.2%
[MONITORING] [local.openml_t_168911.pygmo_c.jasmine.0.H2OAutoML] CPU Utilization: 91.2%
[MONITORING] [local.openml_t_168911.pygmo_c.jasmine.0.H2OAutoML] Memory Usage: 45.6%
[MONITORING] [local.openml_t_168911.pygmo_c.jasmine.0.H2OAutoML] Disk Usage: 43.2%
[MONITORING] [local.openml_t_168911.pygmo_c.jasmine.0.H2OAutoML] CPU Utilization: 91.6%
[MONITORING] [local.openml_t_168911.pygmo_c.jasmine.0.H2OAutoML] Memory Usage: 45.6%
[MONITORING] [local.openml_t_168911.pygmo_c.jasmine.0.H2OAutoML] Disk Usage: 43.2%
[MONITORING] [local.openml_t_168911.pygmo_c.jasmine.0.H2OAutoML] CPU Utilization: 91.6%
[MONITORING] [local.openml_t_168911.pygmo_c.jasmine.0.H2OAutoML] Memory Usage: 45.7%
[MONITORING] [local.openml_t_168911.pygmo_c.jasmine.0.H2OAutoML] Disk Usage: 43.2%
[MONITORING] [local.openml_t_168911.pygmo_c.jasmine.0.H2OAutoML] CPU Utilization: 89.9%
[MONITORING] [local.openml_t_168911.pygmo_c.jasmine.0.H2OAutoML] Memory Usage: 45.7%
[MONITORING] [local.openml_t_168911.pygmo_c.jasmine.0.H2OAutoML] Disk Usage: 43.2%
[MONITORING] [local.openml_t_168911.pygmo_c.jasmine.0.H2OAutoML] CPU Utilization: 90.0%
[MONITORING] [local.openml_t_168911.pygmo_c.jasmine.0.H2OAutoML] Memory Usage: 45.7%
[MONITORING] [local.openml_t_168911.pygmo_c.jasmine.0.H2OAutoML] Disk Usage: 43.2%
[MONITORING] [local.openml_t_168911.pygmo_c.jasmine.0.H2OAutoML] CPU Utilization: 91.6%
[MONITORING] [local.openml_t_168911.pygmo_c.jasmine.0.H2OAutoML] Memory Usage: 45.7%
[MONITORING] [local.openml_t_168911.pygmo_c.jasmine.0.H2OAutoML] Disk Usage: 43.2%
[MONITORING] [local.openml_t_168911.pygmo_c.jasmine.0.H2OAutoML] CPU Utilization: 91.2%
[MONITORING] [local.openml_t_168911.pygmo_c.jasmine.0.H2OAutoML] Memory Usage: 45.7%
[MONITORING] [local.openml_t_168911.pygmo_c.jasmine.0.H2OAutoML] Disk Usage: 43.2%
[MONITORING] [local.openml_t_168911.pygmo_c.jasmine.0.H2OAutoML] CPU Utilization: 91.9%
[MONITORING] [local.openml_t_168911.pygmo_c.jasmine.0.H2OAutoML] Memory Usage: 45.7%
[MONITORING] [local.openml_t_168911.pygmo_c.jasmine.0.H2OAutoML] Disk Usage: 43.2%
[MONITORING] [local.openml_t_168911.pygmo_c.jasmine.0.H2OAutoML] CPU Utilization: 91.8%
[MONITORING] [local.openml_t_168911.pygmo_c.jasmine.0.H2OAutoML] Memory Usage: 45.7%
[MONITORING] [local.openml_t_168911.pygmo_c.jasmine.0.H2OAutoML] Disk Usage: 43.2%
[MONITORING] [local.openml_t_168911.pygmo_c.jasmine.0.H2OAutoML] CPU Utilization: 88.8%
[MONITORING] [local.openml_t_168911.pygmo_c.jasmine.0.H2OAutoML] Memory Usage: 45.7%
[MONITORING] [local.openml_t_168911.pygmo_c.jasmine.0.H2OAutoML] Disk Usage: 43.2%
[MONITORING] [local.openml_t_168911.pygmo_c.jasmine.0.H2OAutoML] CPU Utilization: 89.9%
[MONITORING] [local.openml_t_168911.pygmo_c.jasmine.0.H2OAutoML] Memory Usage: 45.7%
[MONITORING] [local.openml_t_168911.pygmo_c.jasmine.0.H2OAutoML] Disk Usage: 43.2%
[MONITORING] [local.openml_t_168911.pygmo_c.jasmine.0.H2OAutoML] CPU Utilization: 88.7%
[MONITORING] [local.openml_t_168911.pygmo_c.jasmine.0.H2OAutoML] Memory Usage: 45.7%
[MONITORING] [local.openml_t_168911.pygmo_c.jasmine.0.H2OAutoML] Disk Usage: 43.2%
[MONITORING] [local.openml_t_168911.pygmo_c.jasmine.0.H2OAutoML] CPU Utilization: 87.9%
[MONITORING] [local.openml_t_168911.pygmo_c.jasmine.0.H2OAutoML] Memory Usage: 45.8%
[MONITORING] [local.openml_t_168911.pygmo_c.jasmine.0.H2OAutoML] Disk Usage: 43.2%
[MONITORING] [local.openml_t_168911.pygmo_c.jasmine.0.H2OAutoML] CPU Utilization: 90.2%
[MONITORING] [local.openml_t_168911.pygmo_c.jasmine.0.H2OAutoML] Memory Usage: 45.8%
[MONITORING] [local.openml_t_168911.pygmo_c.jasmine.0.H2OAutoML] Disk Usage: 43.2%
[MONITORING] [local.openml_t_168911.pygmo_c.jasmine.0.H2OAutoML] CPU Utilization: 93.3%
[MONITORING] [local.openml_t_168911.pygmo_c.jasmine.0.H2OAutoML] Memory Usage: 45.8%
[MONITORING] [local.openml_t_168911.pygmo_c.jasmine.0.H2OAutoML] Disk Usage: 43.2%
[MONITORING] [local.openml_t_168911.pygmo_c.jasmine.0.H2OAutoML] CPU Utilization: 89.9%
[MONITORING] [local.openml_t_168911.pygmo_c.jasmine.0.H2OAutoML] Memory Usage: 45.8%
[MONITORING] [local.openml_t_168911.pygmo_c.jasmine.0.H2OAutoML] Disk Usage: 43.2%
[MONITORING] [local.openml_t_168911.pygmo_c.jasmine.0.H2OAutoML] CPU Utilization: 90.2%
[MONITORING] [local.openml_t_168911.pygmo_c.jasmine.0.H2OAutoML] Memory Usage: 45.8%
[MONITORING] [local.openml_t_168911.pygmo_c.jasmine.0.H2OAutoML] Disk Usage: 43.2%
[MONITORING] [local.openml_t_168911.pygmo_c.jasmine.0.H2OAutoML] CPU Utilization: 91.8%
[MONITORING] [local.openml_t_168911.pygmo_c.jasmine.0.H2OAutoML] Memory Usage: 45.8%
[MONITORING] [local.openml_t_168911.pygmo_c.jasmine.0.H2OAutoML] Disk Usage: 43.2%
[MONITORING] [local.openml_t_168911.pygmo_c.jasmine.0.H2OAutoML] CPU Utilization: 93.1%
[MONITORING] [local.openml_t_168911.pygmo_c.jasmine.0.H2OAutoML] Memory Usage: 45.8%
[MONITORING] [local.openml_t_168911.pygmo_c.jasmine.0.H2OAutoML] Disk Usage: 43.2%
[MONITORING] [local.openml_t_168911.pygmo_c.jasmine.0.H2OAutoML] CPU Utilization: 90.6%
[MONITORING] [local.openml_t_168911.pygmo_c.jasmine.0.H2OAutoML] Memory Usage: 45.9%
[MONITORING] [local.openml_t_168911.pygmo_c.jasmine.0.H2OAutoML] Disk Usage: 43.2%
[MONITORING] [local.openml_t_168911.pygmo_c.jasmine.0.H2OAutoML] CPU Utilization: 65.9%
[MONITORING] [local.openml_t_168911.pygmo_c.jasmine.0.H2OAutoML] Memory Usage: 46.1%
[MONITORING] [local.openml_t_168911.pygmo_c.jasmine.0.H2OAutoML] Disk Usage: 43.2%
AutoML progress: |███████████████████████████████████████████████████████████████| (done) 100%
stackedensemble prediction progress: |███████████████████████████████████████████| (done) 100%
H2O session _sid_8291 closed.



Predictions preview:
                       0                    1 predictions truth
0   0.31843541151190613   0.6815645884880939           1     1
1   0.11396251114358635   0.8860374888564136           1     1
2    0.1357082812071857   0.8642917187928143           1     1
3    0.4469956248501329   0.5530043751498671           1     1
4    0.1260288981538391   0.8739711018461609           1     1
5   0.13418057270931272   0.8658194272906873           1     1
6    0.3324069668940215   0.6675930331059785           1     1
7   0.43899514483366076   0.5610048551663392           1     1
8   0.17917386457181828   0.8208261354281817           1     1
9    0.3289650235041034   0.6710349764958966           1     1
10  0.23776485052103602    0.762235149478964           1     1
11   0.6485410642531155  0.35145893574688447           0     1
12  0.08547835204431731   0.9145216479556827           1     1
13   0.5390368011748297  0.46096319882517034           1     1
14   0.3991636160668901   0.6008363839331099           1     1
15  0.21330404271867187   0.7866959572813281           1     1
16   0.1283815985979554   0.8716184014020446           1     1
17  0.18724677688862146   0.8127532231113785           1     1
18    0.349450705286652    0.650549294713348           1     1
19   0.0719352099529037   0.9280647900470963           1     1

Predictions saved to `/home/juradoi/experiments/automlbenchmark/results/h2oautoml.openml_t_168911.pygmo_c.local.20211209T210827/predictions/jasmine/0/predictions.csv`.
Loading metadata from `/home/juradoi/experiments/automlbenchmark/results/h2oautoml.openml_t_168911.pygmo_c.local.20211209T210827/predictions/jasmine/0/metadata.json`.
Loading predictions from `/home/juradoi/experiments/automlbenchmark/results/h2oautoml.openml_t_168911.pygmo_c.local.20211209T210827/predictions/jasmine/0/predictions.csv`.
Metric scores: { 'acc': 0.8160535117056856,
  'app_version': 'dev [master, beef024]',
  'auc': 0.8746756152125279,
  'balacc': 0.8157046979865772,
  'constraint': 'pygmo_c',
  'duration': nan,
  'fold': 0,
  'framework': 'H2OAutoML',
  'id': 'openml.org/t/168911',
  'info': None,
  'logloss': 0.40238832951034736,
  'metric': 'auc',
  'mode': 'local',
  'models_count': 115,
  'params': '',
  'predict_duration': 0.32713794708251953,
  'result': 0.8746756152125279,
  'seed': 625264901,
  'task': 'jasmine',
  'training_duration': 3534.466284751892,
  'type': 'binary',
  'utc': '2021-12-09T22:07:33',
  'version': '3.34.0.3'}
Job `local.openml_t_168911.pygmo_c.jasmine.0.H2OAutoML` executed in 3545.581 seconds.
All jobs executed in 3546.242 seconds.
[MONITORING] [local.openml_t_168911.pygmo_c.jasmine.0.H2OAutoML] CPU Utilization: 61.8%
[MONITORING] [local.openml_t_168911.pygmo_c.jasmine.0.H2OAutoML] Memory Usage: 2.3%
[MONITORING] [local.openml_t_168911.pygmo_c.jasmine.0.H2OAutoML] Disk Usage: 43.2%
Processing results for h2oautoml.openml_t_168911.pygmo_c.local.20211209T210827
Scores saved to `/home/juradoi/experiments/automlbenchmark/results/h2oautoml.openml_t_168911.pygmo_c.local.20211209T210827/scores/H2OAutoML.benchmark_openml_t_168911.csv`.
Scores saved to `/home/juradoi/experiments/automlbenchmark/results/h2oautoml.openml_t_168911.pygmo_c.local.20211209T210827/scores/results.csv`.
Scores saved to `/home/juradoi/experiments/automlbenchmark/results/results.csv`.
Summing up scores for current run:
                 id    task fold framework constraint   result metric  duration      seed
openml.org/t/168911 jasmine    0 H2OAutoML    pygmo_c 0.874676    auc    3545.6 625264901
