/var/spool/slurm/slurmd/job8493739/slurm_script: line 8: activate: No such file or directory
Running benchmark `H2OAutoML` on `openml/t/190392` framework in `local` mode.
Loading frameworks definitions from ['/home/juradoi/experiments/automlbenchmark/resources/frameworks.yaml'].
Loading benchmark constraint definitions from ['/home/juradoi/experiments/automlbenchmark/resources/constraints.yaml'].
Loading openml task 190392.

----------------------------------------------------------------
Starting job local.openml_t_190392.pygmo_c.madeline.0.H2OAutoML.
Assigning 16 cores (total=16) for new task madeline.
[MONITORING] [local.openml_t_190392.pygmo_c.madeline.0.H2OAutoML] CPU Utilization: 13.4%
Assigning 91180 MB (total=95302 MB) for new madeline task.
[MONITORING] [local.openml_t_190392.pygmo_c.madeline.0.H2OAutoML] Memory Usage: 2.2%
[MONITORING] [local.openml_t_190392.pygmo_c.madeline.0.H2OAutoML] Disk Usage: 43.2%
Running task madeline on framework H2OAutoML with config:
TaskConfig({})
Running cmd `/home/juradoi/experiments/automlbenchmark/frameworks/H2OAutoML/venv/bin/python -W ignore /home/juradoi/experiments/automlbenchmark/frameworks/H2OAutoML/exec.py`
INFO:__main__:
**** H2O AutoML [v3.34.0.3] ****

INFO:__main__:Starting H2O cluster with 16 cores, 60787M memory.
Checking whether there is an H2O instance running at http://localhost:11297 ..... not found.
Attempting to start a local H2O server...
  Java Version: openjdk version "11.0.12" 2021-07-20; OpenJDK Runtime Environment (build 11.0.12+7-post-Debian-2deb10u1); OpenJDK 64-Bit Server VM (build 11.0.12+7-post-Debian-2deb10u1, mixed mode, sharing)
  Starting server from /home/juradoi/experiments/automlbenchmark/frameworks/H2OAutoML/venv/lib/python3.8/site-packages/h2o/backend/bin/h2o.jar
  Ice root: /tmp/tmp7nf0x899
  JVM stdout: /tmp/tmp7nf0x899/h2o_unknownUser_started_from_python.out
  JVM stderr: /tmp/tmp7nf0x899/h2o_unknownUser_started_from_python.err
  Server is running at http://127.0.0.1:11297
Connecting to H2O server at http://127.0.0.1:11297 ... successful.
--------------------------  ------------------------------------------------------------------
H2O_cluster_uptime:         01 secs
H2O_cluster_timezone:       Europe/Amsterdam
H2O_data_parsing_timezone:  UTC
H2O_cluster_version:        3.34.0.3
H2O_cluster_version_age:    2 months and 2 days
H2O_cluster_name:           H2O_from_python_unknownUser_ciotlz
H2O_cluster_total_nodes:    1
H2O_cluster_free_memory:    59.38 Gb
H2O_cluster_total_cores:    16
H2O_cluster_allowed_cores:  16
H2O_cluster_status:         locked, healthy
H2O_connection_url:         http://127.0.0.1:11297
H2O_connection_proxy:       {"http": null, "https": null}
H2O_internal_security:      False
H2O_API_Extensions:         Amazon S3, XGBoost, Algos, AutoML, Core V3, TargetEncoder, Core V4
Python_version:             3.8.12 final
--------------------------  ------------------------------------------------------------------
Parse progress: |████████████████████████████████████████████████████████████████| (done) 100%
Parse progress: |████████████████████████████████████████████████████████████████| (done) 100%
INFO:__main__:Running model on task madeline, fold 0.
[MONITORING] [local.openml_t_190392.pygmo_c.madeline.0.H2OAutoML] CPU Utilization: 59.7%
[MONITORING] [local.openml_t_190392.pygmo_c.madeline.0.H2OAutoML] Memory Usage: 45.0%
[MONITORING] [local.openml_t_190392.pygmo_c.madeline.0.H2OAutoML] Disk Usage: 43.2%
[MONITORING] [local.openml_t_190392.pygmo_c.madeline.0.H2OAutoML] CPU Utilization: 74.9%
[MONITORING] [local.openml_t_190392.pygmo_c.madeline.0.H2OAutoML] Memory Usage: 45.1%
[MONITORING] [local.openml_t_190392.pygmo_c.madeline.0.H2OAutoML] Disk Usage: 43.2%
[MONITORING] [local.openml_t_190392.pygmo_c.madeline.0.H2OAutoML] CPU Utilization: 73.3%
[MONITORING] [local.openml_t_190392.pygmo_c.madeline.0.H2OAutoML] Memory Usage: 45.6%
[MONITORING] [local.openml_t_190392.pygmo_c.madeline.0.H2OAutoML] Disk Usage: 43.2%
[MONITORING] [local.openml_t_190392.pygmo_c.madeline.0.H2OAutoML] CPU Utilization: 76.9%
[MONITORING] [local.openml_t_190392.pygmo_c.madeline.0.H2OAutoML] Memory Usage: 46.4%
[MONITORING] [local.openml_t_190392.pygmo_c.madeline.0.H2OAutoML] Disk Usage: 43.2%
[MONITORING] [local.openml_t_190392.pygmo_c.madeline.0.H2OAutoML] CPU Utilization: 76.8%
[MONITORING] [local.openml_t_190392.pygmo_c.madeline.0.H2OAutoML] Memory Usage: 46.6%
[MONITORING] [local.openml_t_190392.pygmo_c.madeline.0.H2OAutoML] Disk Usage: 43.2%
[MONITORING] [local.openml_t_190392.pygmo_c.madeline.0.H2OAutoML] CPU Utilization: 80.5%
[MONITORING] [local.openml_t_190392.pygmo_c.madeline.0.H2OAutoML] Memory Usage: 47.9%
[MONITORING] [local.openml_t_190392.pygmo_c.madeline.0.H2OAutoML] Disk Usage: 43.2%
[MONITORING] [local.openml_t_190392.pygmo_c.madeline.0.H2OAutoML] CPU Utilization: 80.5%
[MONITORING] [local.openml_t_190392.pygmo_c.madeline.0.H2OAutoML] Memory Usage: 48.2%
[MONITORING] [local.openml_t_190392.pygmo_c.madeline.0.H2OAutoML] Disk Usage: 43.2%
[MONITORING] [local.openml_t_190392.pygmo_c.madeline.0.H2OAutoML] CPU Utilization: 80.0%
[MONITORING] [local.openml_t_190392.pygmo_c.madeline.0.H2OAutoML] Memory Usage: 49.1%
[MONITORING] [local.openml_t_190392.pygmo_c.madeline.0.H2OAutoML] Disk Usage: 43.2%
[MONITORING] [local.openml_t_190392.pygmo_c.madeline.0.H2OAutoML] CPU Utilization: 80.5%
[MONITORING] [local.openml_t_190392.pygmo_c.madeline.0.H2OAutoML] Memory Usage: 49.3%
[MONITORING] [local.openml_t_190392.pygmo_c.madeline.0.H2OAutoML] Disk Usage: 43.2%
[MONITORING] [local.openml_t_190392.pygmo_c.madeline.0.H2OAutoML] CPU Utilization: 80.5%
[MONITORING] [local.openml_t_190392.pygmo_c.madeline.0.H2OAutoML] Memory Usage: 49.3%
[MONITORING] [local.openml_t_190392.pygmo_c.madeline.0.H2OAutoML] Disk Usage: 43.2%
[MONITORING] [local.openml_t_190392.pygmo_c.madeline.0.H2OAutoML] CPU Utilization: 78.0%
[MONITORING] [local.openml_t_190392.pygmo_c.madeline.0.H2OAutoML] Memory Usage: 50.0%
[MONITORING] [local.openml_t_190392.pygmo_c.madeline.0.H2OAutoML] Disk Usage: 43.2%
[MONITORING] [local.openml_t_190392.pygmo_c.madeline.0.H2OAutoML] CPU Utilization: 73.7%
[MONITORING] [local.openml_t_190392.pygmo_c.madeline.0.H2OAutoML] Memory Usage: 50.0%
[MONITORING] [local.openml_t_190392.pygmo_c.madeline.0.H2OAutoML] Disk Usage: 43.2%
[MONITORING] [local.openml_t_190392.pygmo_c.madeline.0.H2OAutoML] CPU Utilization: 72.3%
[MONITORING] [local.openml_t_190392.pygmo_c.madeline.0.H2OAutoML] Memory Usage: 50.4%
[MONITORING] [local.openml_t_190392.pygmo_c.madeline.0.H2OAutoML] Disk Usage: 43.2%
[MONITORING] [local.openml_t_190392.pygmo_c.madeline.0.H2OAutoML] CPU Utilization: 71.3%
[MONITORING] [local.openml_t_190392.pygmo_c.madeline.0.H2OAutoML] Memory Usage: 50.4%
[MONITORING] [local.openml_t_190392.pygmo_c.madeline.0.H2OAutoML] Disk Usage: 43.2%
[MONITORING] [local.openml_t_190392.pygmo_c.madeline.0.H2OAutoML] CPU Utilization: 59.8%
[MONITORING] [local.openml_t_190392.pygmo_c.madeline.0.H2OAutoML] Memory Usage: 50.4%
[MONITORING] [local.openml_t_190392.pygmo_c.madeline.0.H2OAutoML] Disk Usage: 43.2%
[MONITORING] [local.openml_t_190392.pygmo_c.madeline.0.H2OAutoML] CPU Utilization: 72.8%
[MONITORING] [local.openml_t_190392.pygmo_c.madeline.0.H2OAutoML] Memory Usage: 50.6%
[MONITORING] [local.openml_t_190392.pygmo_c.madeline.0.H2OAutoML] Disk Usage: 43.2%
[MONITORING] [local.openml_t_190392.pygmo_c.madeline.0.H2OAutoML] CPU Utilization: 74.6%
[MONITORING] [local.openml_t_190392.pygmo_c.madeline.0.H2OAutoML] Memory Usage: 50.6%
[MONITORING] [local.openml_t_190392.pygmo_c.madeline.0.H2OAutoML] Disk Usage: 43.2%
[MONITORING] [local.openml_t_190392.pygmo_c.madeline.0.H2OAutoML] CPU Utilization: 69.8%
[MONITORING] [local.openml_t_190392.pygmo_c.madeline.0.H2OAutoML] Memory Usage: 50.8%
[MONITORING] [local.openml_t_190392.pygmo_c.madeline.0.H2OAutoML] Disk Usage: 43.2%
[MONITORING] [local.openml_t_190392.pygmo_c.madeline.0.H2OAutoML] CPU Utilization: 70.7%
[MONITORING] [local.openml_t_190392.pygmo_c.madeline.0.H2OAutoML] Memory Usage: 50.8%
[MONITORING] [local.openml_t_190392.pygmo_c.madeline.0.H2OAutoML] Disk Usage: 43.2%
[MONITORING] [local.openml_t_190392.pygmo_c.madeline.0.H2OAutoML] CPU Utilization: 73.5%
[MONITORING] [local.openml_t_190392.pygmo_c.madeline.0.H2OAutoML] Memory Usage: 50.8%
[MONITORING] [local.openml_t_190392.pygmo_c.madeline.0.H2OAutoML] Disk Usage: 43.2%
[MONITORING] [local.openml_t_190392.pygmo_c.madeline.0.H2OAutoML] CPU Utilization: 71.5%
[MONITORING] [local.openml_t_190392.pygmo_c.madeline.0.H2OAutoML] Memory Usage: 51.1%
[MONITORING] [local.openml_t_190392.pygmo_c.madeline.0.H2OAutoML] Disk Usage: 43.2%
[MONITORING] [local.openml_t_190392.pygmo_c.madeline.0.H2OAutoML] CPU Utilization: 78.3%
[MONITORING] [local.openml_t_190392.pygmo_c.madeline.0.H2OAutoML] Memory Usage: 51.1%
[MONITORING] [local.openml_t_190392.pygmo_c.madeline.0.H2OAutoML] Disk Usage: 43.2%
[MONITORING] [local.openml_t_190392.pygmo_c.madeline.0.H2OAutoML] CPU Utilization: 91.5%
[MONITORING] [local.openml_t_190392.pygmo_c.madeline.0.H2OAutoML] Memory Usage: 51.6%
[MONITORING] [local.openml_t_190392.pygmo_c.madeline.0.H2OAutoML] Disk Usage: 43.2%
[MONITORING] [local.openml_t_190392.pygmo_c.madeline.0.H2OAutoML] CPU Utilization: 91.0%
[MONITORING] [local.openml_t_190392.pygmo_c.madeline.0.H2OAutoML] Memory Usage: 51.6%
[MONITORING] [local.openml_t_190392.pygmo_c.madeline.0.H2OAutoML] Disk Usage: 43.2%
[MONITORING] [local.openml_t_190392.pygmo_c.madeline.0.H2OAutoML] CPU Utilization: 92.6%
[MONITORING] [local.openml_t_190392.pygmo_c.madeline.0.H2OAutoML] Memory Usage: 51.6%
[MONITORING] [local.openml_t_190392.pygmo_c.madeline.0.H2OAutoML] Disk Usage: 43.2%
[MONITORING] [local.openml_t_190392.pygmo_c.madeline.0.H2OAutoML] CPU Utilization: 93.0%
[MONITORING] [local.openml_t_190392.pygmo_c.madeline.0.H2OAutoML] Memory Usage: 51.7%
[MONITORING] [local.openml_t_190392.pygmo_c.madeline.0.H2OAutoML] Disk Usage: 43.2%
[MONITORING] [local.openml_t_190392.pygmo_c.madeline.0.H2OAutoML] CPU Utilization: 92.5%
[MONITORING] [local.openml_t_190392.pygmo_c.madeline.0.H2OAutoML] Memory Usage: 52.1%
[MONITORING] [local.openml_t_190392.pygmo_c.madeline.0.H2OAutoML] Disk Usage: 43.2%
[MONITORING] [local.openml_t_190392.pygmo_c.madeline.0.H2OAutoML] CPU Utilization: 89.1%
[MONITORING] [local.openml_t_190392.pygmo_c.madeline.0.H2OAutoML] Memory Usage: 52.7%
[MONITORING] [local.openml_t_190392.pygmo_c.madeline.0.H2OAutoML] Disk Usage: 43.2%
[MONITORING] [local.openml_t_190392.pygmo_c.madeline.0.H2OAutoML] CPU Utilization: 90.6%
[MONITORING] [local.openml_t_190392.pygmo_c.madeline.0.H2OAutoML] Memory Usage: 52.8%
[MONITORING] [local.openml_t_190392.pygmo_c.madeline.0.H2OAutoML] Disk Usage: 43.2%
[MONITORING] [local.openml_t_190392.pygmo_c.madeline.0.H2OAutoML] CPU Utilization: 77.9%
[MONITORING] [local.openml_t_190392.pygmo_c.madeline.0.H2OAutoML] Memory Usage: 52.8%
[MONITORING] [local.openml_t_190392.pygmo_c.madeline.0.H2OAutoML] Disk Usage: 43.2%
AutoML progress: |███████████████████████████████████████████████████████████████| (done) 100%
stackedensemble prediction progress: |███████████████████████████████████████████| (done) 100%
H2O session _sid_b210 closed.



Predictions preview:
                        0                    1 predictions truth
0    0.06020374230465064   0.9397962576953494           1     1
1    0.08066579268540075   0.9193342073145992           1     1
2    0.07204579403259015   0.9279542059674099           1     1
3    0.06274247238893782   0.9372575276110622           1     1
4    0.10375618010302878   0.8962438198969712           1     1
5     0.2245471796250622   0.7754528203749378           1     1
6     0.9549472295166807  0.04505277048331933           0     1
7    0.04347568703164706   0.9565243129683529           1     1
8    0.21814294867719075   0.7818570513228092           1     1
9     0.5870049957620083   0.4129950042379918           0     1
10   0.21971485056066198    0.780285149439338           1     1
11   0.05205903575198623   0.9479409642480138           1     1
12  0.054226652044963575   0.9457733479550364           1     1
13   0.07013915457147701    0.929860845428523           1     1
14   0.05028607093115767   0.9497139290688423           1     1
15    0.8890638889785567  0.11093611102144325           0     1
16     0.226400893060829    0.773599106939171           1     1
17   0.37522978965095277   0.6247702103490472           1     1
18   0.12632224684655324   0.8736777531534468           1     1
19   0.32179554560267376   0.6782044543973262           1     1

Predictions saved to `/home/juradoi/experiments/automlbenchmark/results/h2oautoml.openml_t_190392.pygmo_c.local.20211209T212954/predictions/madeline/0/predictions.csv`.
Loading metadata from `/home/juradoi/experiments/automlbenchmark/results/h2oautoml.openml_t_190392.pygmo_c.local.20211209T212954/predictions/madeline/0/metadata.json`.
Loading predictions from `/home/juradoi/experiments/automlbenchmark/results/h2oautoml.openml_t_190392.pygmo_c.local.20211209T212954/predictions/madeline/0/predictions.csv`.
Metric scores: { 'acc': 0.8535031847133758,
  'app_version': 'dev [master, beef024]',
  'auc': 0.9229552093476144,
  'balacc': 0.8534160986692632,
  'constraint': 'pygmo_c',
  'duration': nan,
  'fold': 0,
  'framework': 'H2OAutoML',
  'id': 'openml.org/t/190392',
  'info': None,
  'logloss': 0.35161842948065447,
  'metric': 'auc',
  'mode': 'local',
  'models_count': 480,
  'params': '',
  'predict_duration': 0.35376763343811035,
  'result': 0.9229552093476144,
  'seed': 781300416,
  'task': 'madeline',
  'training_duration': 3605.3511226177216,
  'type': 'binary',
  'utc': '2021-12-09T22:30:12',
  'version': '3.34.0.3'}
Job `local.openml_t_190392.pygmo_c.madeline.0.H2OAutoML` executed in 3616.645 seconds.
All jobs executed in 3617.894 seconds.
[MONITORING] [local.openml_t_190392.pygmo_c.madeline.0.H2OAutoML] CPU Utilization: 42.3%
[MONITORING] [local.openml_t_190392.pygmo_c.madeline.0.H2OAutoML] Memory Usage: 2.2%
[MONITORING] [local.openml_t_190392.pygmo_c.madeline.0.H2OAutoML] Disk Usage: 43.2%
Processing results for h2oautoml.openml_t_190392.pygmo_c.local.20211209T212954
Scores saved to `/home/juradoi/experiments/automlbenchmark/results/h2oautoml.openml_t_190392.pygmo_c.local.20211209T212954/scores/H2OAutoML.benchmark_openml_t_190392.csv`.
Scores saved to `/home/juradoi/experiments/automlbenchmark/results/h2oautoml.openml_t_190392.pygmo_c.local.20211209T212954/scores/results.csv`.
Scores saved to `/home/juradoi/experiments/automlbenchmark/results/results.csv`.
Summing up scores for current run:
                 id     task fold framework constraint   result metric  duration      seed
openml.org/t/190392 madeline    0 H2OAutoML    pygmo_c 0.922955    auc    3616.6 781300416
