/var/spool/slurm/slurmd/job8496258/slurm_script: line 8: activate: No such file or directory
Running benchmark `H2OAutoML` on `openml/t/359980` framework in `local` mode.
Loading frameworks definitions from ['/home/juradoi/experiments/automlbenchmark/resources/frameworks.yaml'].
Loading benchmark constraint definitions from ['/home/juradoi/experiments/automlbenchmark/resources/constraints.yaml'].
Loading openml task 359980.

-------------------------------------------------------------
Starting job local.openml_t_359980.pygmo_c.nomao.0.H2OAutoML.
Assigning 16 cores (total=16) for new task nomao.
Assigning 91039 MB (total=95302 MB) for new nomao task.
[MONITORING] [local.openml_t_359980.pygmo_c.nomao.0.H2OAutoML] CPU Utilization: 18.9%
[MONITORING] [local.openml_t_359980.pygmo_c.nomao.0.H2OAutoML] Memory Usage: 2.3%
[MONITORING] [local.openml_t_359980.pygmo_c.nomao.0.H2OAutoML] Disk Usage: 43.2%
Running task nomao on framework H2OAutoML with config:
TaskConfig({})
Running cmd `/home/juradoi/experiments/automlbenchmark/frameworks/H2OAutoML/venv/bin/python -W ignore /home/juradoi/experiments/automlbenchmark/frameworks/H2OAutoML/exec.py`
INFO:__main__:
**** H2O AutoML [v3.34.0.3] ****

INFO:__main__:Starting H2O cluster with 16 cores, 60693M memory.
Checking whether there is an H2O instance running at http://localhost:9009 ..... not found.
Attempting to start a local H2O server...
  Java Version: openjdk version "11.0.12" 2021-07-20; OpenJDK Runtime Environment (build 11.0.12+7-post-Debian-2deb10u1); OpenJDK 64-Bit Server VM (build 11.0.12+7-post-Debian-2deb10u1, mixed mode, sharing)
  Starting server from /home/juradoi/experiments/automlbenchmark/frameworks/H2OAutoML/venv/lib/python3.8/site-packages/h2o/backend/bin/h2o.jar
  Ice root: /tmp/tmppjj2mahq
  JVM stdout: /tmp/tmppjj2mahq/h2o_unknownUser_started_from_python.out
  JVM stderr: /tmp/tmppjj2mahq/h2o_unknownUser_started_from_python.err
  Server is running at http://127.0.0.1:9009
Connecting to H2O server at http://127.0.0.1:9009 ... successful.
--------------------------  ------------------------------------------------------------------
H2O_cluster_uptime:         01 secs
H2O_cluster_timezone:       Europe/Amsterdam
H2O_data_parsing_timezone:  UTC
H2O_cluster_version:        3.34.0.3
H2O_cluster_version_age:    2 months and 2 days
H2O_cluster_name:           H2O_from_python_unknownUser_ymba9c
H2O_cluster_total_nodes:    1
H2O_cluster_free_memory:    59.28 Gb
H2O_cluster_total_cores:    16
H2O_cluster_allowed_cores:  16
H2O_cluster_status:         locked, healthy
H2O_connection_url:         http://127.0.0.1:9009
H2O_connection_proxy:       {"http": null, "https": null}
H2O_internal_security:      False
H2O_API_Extensions:         Amazon S3, XGBoost, Algos, AutoML, Core V3, TargetEncoder, Core V4
Python_version:             3.8.12 final
--------------------------  ------------------------------------------------------------------
Parse progress: |████████████████████████████████████████████████████████████████| (done) 100%
Parse progress: |████████████████████████████████████████████████████████████████| (done) 100%
INFO:__main__:Running model on task nomao, fold 0.
[MONITORING] [local.openml_t_359980.pygmo_c.nomao.0.H2OAutoML] CPU Utilization: 78.6%
[MONITORING] [local.openml_t_359980.pygmo_c.nomao.0.H2OAutoML] Memory Usage: 45.1%
[MONITORING] [local.openml_t_359980.pygmo_c.nomao.0.H2OAutoML] Disk Usage: 43.2%
[MONITORING] [local.openml_t_359980.pygmo_c.nomao.0.H2OAutoML] CPU Utilization: 79.2%
[MONITORING] [local.openml_t_359980.pygmo_c.nomao.0.H2OAutoML] Memory Usage: 45.2%
[MONITORING] [local.openml_t_359980.pygmo_c.nomao.0.H2OAutoML] Disk Usage: 43.2%
[MONITORING] [local.openml_t_359980.pygmo_c.nomao.0.H2OAutoML] CPU Utilization: 72.2%
[MONITORING] [local.openml_t_359980.pygmo_c.nomao.0.H2OAutoML] Memory Usage: 45.5%
[MONITORING] [local.openml_t_359980.pygmo_c.nomao.0.H2OAutoML] Disk Usage: 43.2%
[MONITORING] [local.openml_t_359980.pygmo_c.nomao.0.H2OAutoML] CPU Utilization: 79.7%
[MONITORING] [local.openml_t_359980.pygmo_c.nomao.0.H2OAutoML] Memory Usage: 45.6%
[MONITORING] [local.openml_t_359980.pygmo_c.nomao.0.H2OAutoML] Disk Usage: 43.2%
[MONITORING] [local.openml_t_359980.pygmo_c.nomao.0.H2OAutoML] CPU Utilization: 81.2%
[MONITORING] [local.openml_t_359980.pygmo_c.nomao.0.H2OAutoML] Memory Usage: 45.6%
[MONITORING] [local.openml_t_359980.pygmo_c.nomao.0.H2OAutoML] Disk Usage: 43.2%
[MONITORING] [local.openml_t_359980.pygmo_c.nomao.0.H2OAutoML] CPU Utilization: 81.7%
[MONITORING] [local.openml_t_359980.pygmo_c.nomao.0.H2OAutoML] Memory Usage: 45.7%
[MONITORING] [local.openml_t_359980.pygmo_c.nomao.0.H2OAutoML] Disk Usage: 43.2%
[MONITORING] [local.openml_t_359980.pygmo_c.nomao.0.H2OAutoML] CPU Utilization: 81.6%
[MONITORING] [local.openml_t_359980.pygmo_c.nomao.0.H2OAutoML] Memory Usage: 45.7%
[MONITORING] [local.openml_t_359980.pygmo_c.nomao.0.H2OAutoML] Disk Usage: 43.2%
[MONITORING] [local.openml_t_359980.pygmo_c.nomao.0.H2OAutoML] CPU Utilization: 80.0%
[MONITORING] [local.openml_t_359980.pygmo_c.nomao.0.H2OAutoML] Memory Usage: 45.8%
[MONITORING] [local.openml_t_359980.pygmo_c.nomao.0.H2OAutoML] Disk Usage: 43.2%
[MONITORING] [local.openml_t_359980.pygmo_c.nomao.0.H2OAutoML] CPU Utilization: 78.4%
[MONITORING] [local.openml_t_359980.pygmo_c.nomao.0.H2OAutoML] Memory Usage: 45.8%
[MONITORING] [local.openml_t_359980.pygmo_c.nomao.0.H2OAutoML] Disk Usage: 43.2%
[MONITORING] [local.openml_t_359980.pygmo_c.nomao.0.H2OAutoML] CPU Utilization: 82.3%
[MONITORING] [local.openml_t_359980.pygmo_c.nomao.0.H2OAutoML] Memory Usage: 46.0%
[MONITORING] [local.openml_t_359980.pygmo_c.nomao.0.H2OAutoML] Disk Usage: 43.2%
[MONITORING] [local.openml_t_359980.pygmo_c.nomao.0.H2OAutoML] CPU Utilization: 82.3%
[MONITORING] [local.openml_t_359980.pygmo_c.nomao.0.H2OAutoML] Memory Usage: 46.3%
[MONITORING] [local.openml_t_359980.pygmo_c.nomao.0.H2OAutoML] Disk Usage: 43.2%
[MONITORING] [local.openml_t_359980.pygmo_c.nomao.0.H2OAutoML] CPU Utilization: 80.4%
[MONITORING] [local.openml_t_359980.pygmo_c.nomao.0.H2OAutoML] Memory Usage: 46.4%
[MONITORING] [local.openml_t_359980.pygmo_c.nomao.0.H2OAutoML] Disk Usage: 43.2%
[MONITORING] [local.openml_t_359980.pygmo_c.nomao.0.H2OAutoML] CPU Utilization: 85.1%
[MONITORING] [local.openml_t_359980.pygmo_c.nomao.0.H2OAutoML] Memory Usage: 46.6%
[MONITORING] [local.openml_t_359980.pygmo_c.nomao.0.H2OAutoML] Disk Usage: 43.2%
[MONITORING] [local.openml_t_359980.pygmo_c.nomao.0.H2OAutoML] CPU Utilization: 77.6%
[MONITORING] [local.openml_t_359980.pygmo_c.nomao.0.H2OAutoML] Memory Usage: 46.6%
[MONITORING] [local.openml_t_359980.pygmo_c.nomao.0.H2OAutoML] Disk Usage: 43.2%
[MONITORING] [local.openml_t_359980.pygmo_c.nomao.0.H2OAutoML] CPU Utilization: 80.4%
[MONITORING] [local.openml_t_359980.pygmo_c.nomao.0.H2OAutoML] Memory Usage: 47.0%
[MONITORING] [local.openml_t_359980.pygmo_c.nomao.0.H2OAutoML] Disk Usage: 43.2%
[MONITORING] [local.openml_t_359980.pygmo_c.nomao.0.H2OAutoML] CPU Utilization: 79.6%
[MONITORING] [local.openml_t_359980.pygmo_c.nomao.0.H2OAutoML] Memory Usage: 47.0%
[MONITORING] [local.openml_t_359980.pygmo_c.nomao.0.H2OAutoML] Disk Usage: 43.2%
[MONITORING] [local.openml_t_359980.pygmo_c.nomao.0.H2OAutoML] CPU Utilization: 66.6%
[MONITORING] [local.openml_t_359980.pygmo_c.nomao.0.H2OAutoML] Memory Usage: 47.7%
[MONITORING] [local.openml_t_359980.pygmo_c.nomao.0.H2OAutoML] Disk Usage: 43.2%
[MONITORING] [local.openml_t_359980.pygmo_c.nomao.0.H2OAutoML] CPU Utilization: 82.6%
[MONITORING] [local.openml_t_359980.pygmo_c.nomao.0.H2OAutoML] Memory Usage: 47.7%
[MONITORING] [local.openml_t_359980.pygmo_c.nomao.0.H2OAutoML] Disk Usage: 43.2%
[MONITORING] [local.openml_t_359980.pygmo_c.nomao.0.H2OAutoML] CPU Utilization: 80.4%
[MONITORING] [local.openml_t_359980.pygmo_c.nomao.0.H2OAutoML] Memory Usage: 47.8%
[MONITORING] [local.openml_t_359980.pygmo_c.nomao.0.H2OAutoML] Disk Usage: 43.2%
[MONITORING] [local.openml_t_359980.pygmo_c.nomao.0.H2OAutoML] CPU Utilization: 80.1%
[MONITORING] [local.openml_t_359980.pygmo_c.nomao.0.H2OAutoML] Memory Usage: 48.0%
[MONITORING] [local.openml_t_359980.pygmo_c.nomao.0.H2OAutoML] Disk Usage: 43.2%
[MONITORING] [local.openml_t_359980.pygmo_c.nomao.0.H2OAutoML] CPU Utilization: 81.7%
[MONITORING] [local.openml_t_359980.pygmo_c.nomao.0.H2OAutoML] Memory Usage: 48.0%
[MONITORING] [local.openml_t_359980.pygmo_c.nomao.0.H2OAutoML] Disk Usage: 43.2%
[MONITORING] [local.openml_t_359980.pygmo_c.nomao.0.H2OAutoML] CPU Utilization: 79.2%
[MONITORING] [local.openml_t_359980.pygmo_c.nomao.0.H2OAutoML] Memory Usage: 48.2%
[MONITORING] [local.openml_t_359980.pygmo_c.nomao.0.H2OAutoML] Disk Usage: 43.2%
[MONITORING] [local.openml_t_359980.pygmo_c.nomao.0.H2OAutoML] CPU Utilization: 80.9%
[MONITORING] [local.openml_t_359980.pygmo_c.nomao.0.H2OAutoML] Memory Usage: 48.2%
[MONITORING] [local.openml_t_359980.pygmo_c.nomao.0.H2OAutoML] Disk Usage: 43.2%
[MONITORING] [local.openml_t_359980.pygmo_c.nomao.0.H2OAutoML] CPU Utilization: 79.1%
[MONITORING] [local.openml_t_359980.pygmo_c.nomao.0.H2OAutoML] Memory Usage: 48.2%
[MONITORING] [local.openml_t_359980.pygmo_c.nomao.0.H2OAutoML] Disk Usage: 43.2%
[MONITORING] [local.openml_t_359980.pygmo_c.nomao.0.H2OAutoML] CPU Utilization: 95.3%
[MONITORING] [local.openml_t_359980.pygmo_c.nomao.0.H2OAutoML] Memory Usage: 48.3%
[MONITORING] [local.openml_t_359980.pygmo_c.nomao.0.H2OAutoML] Disk Usage: 43.2%
[MONITORING] [local.openml_t_359980.pygmo_c.nomao.0.H2OAutoML] CPU Utilization: 95.0%
[MONITORING] [local.openml_t_359980.pygmo_c.nomao.0.H2OAutoML] Memory Usage: 48.3%
[MONITORING] [local.openml_t_359980.pygmo_c.nomao.0.H2OAutoML] Disk Usage: 43.2%
[MONITORING] [local.openml_t_359980.pygmo_c.nomao.0.H2OAutoML] CPU Utilization: 93.7%
[MONITORING] [local.openml_t_359980.pygmo_c.nomao.0.H2OAutoML] Memory Usage: 48.3%
[MONITORING] [local.openml_t_359980.pygmo_c.nomao.0.H2OAutoML] Disk Usage: 43.2%
[MONITORING] [local.openml_t_359980.pygmo_c.nomao.0.H2OAutoML] CPU Utilization: 93.2%
[MONITORING] [local.openml_t_359980.pygmo_c.nomao.0.H2OAutoML] Memory Usage: 48.3%
[MONITORING] [local.openml_t_359980.pygmo_c.nomao.0.H2OAutoML] Disk Usage: 43.2%
[MONITORING] [local.openml_t_359980.pygmo_c.nomao.0.H2OAutoML] CPU Utilization: 89.6%
[MONITORING] [local.openml_t_359980.pygmo_c.nomao.0.H2OAutoML] Memory Usage: 48.3%
[MONITORING] [local.openml_t_359980.pygmo_c.nomao.0.H2OAutoML] Disk Usage: 43.2%
[MONITORING] [local.openml_t_359980.pygmo_c.nomao.0.H2OAutoML] CPU Utilization: 83.9%
[MONITORING] [local.openml_t_359980.pygmo_c.nomao.0.H2OAutoML] Memory Usage: 48.6%
[MONITORING] [local.openml_t_359980.pygmo_c.nomao.0.H2OAutoML] Disk Usage: 43.2%
AutoML progress: |███████████████████████████████████████████████████████████████| (done) 100%
stackedensemble prediction progress: |███████████████████████████████████████████| (done) 100%
H2O session _sid_8497 closed.



Predictions preview:
                         1                   2 predictions truth
0    7.833228439435569E-5  0.9999216677156056           2     2
1   2.5551868438200565E-4   0.999744481315618           2     2
2   2.8098787110553136E-4  0.9997190121288945           2     2
3    8.978894467237541E-5  0.9999102110553276           2     2
4     7.28913458383218E-5  0.9999271086541617           2     2
5   3.2394387664347324E-4  0.9996760561233565           2     2
6    0.008104892179778722  0.9918951078202213           2     2
7    2.210518540235462E-5  0.9999778948145976           2     2
8    3.695319775537387E-4  0.9996304680224463           2     2
9    6.304881977181598E-5  0.9999369511802282           2     2
10   4.388829301068542E-4  0.9995611170698931           2     2
11   0.010419601914065102  0.9895803980859349           2     2
12   2.347941626101857E-5   0.999976520583739           2     2
13   7.903719658731712E-4  0.9992096280341268           2     2
14  2.9845093622282715E-4  0.9997015490637772           2     2
15    0.08682472902948224  0.9131752709705178           2     2
16   0.003206171035747274  0.9967938289642527           2     2
17   1.824105314194302E-4  0.9998175894685806           2     2
18   2.344188584550988E-4  0.9997655811415449           2     2
19    0.05003706331696145  0.9499629366830386           2     2

Predictions saved to `/home/juradoi/experiments/automlbenchmark/results/h2oautoml.openml_t_359980.pygmo_c.local.20211210T063947/predictions/nomao/0/predictions.csv`.
Loading metadata from `/home/juradoi/experiments/automlbenchmark/results/h2oautoml.openml_t_359980.pygmo_c.local.20211210T063947/predictions/nomao/0/metadata.json`.
Loading predictions from `/home/juradoi/experiments/automlbenchmark/results/h2oautoml.openml_t_359980.pygmo_c.local.20211210T063947/predictions/nomao/0/predictions.csv`.
Metric scores: { 'acc': 0.9750507687844503,
  'app_version': 'dev [master, beef024]',
  'auc': 0.9964416452934323,
  'balacc': 0.9678955863858273,
  'constraint': 'pygmo_c',
  'duration': nan,
  'fold': 0,
  'framework': 'H2OAutoML',
  'id': 'openml.org/t/359980',
  'info': None,
  'logloss': 0.06814765751478213,
  'metric': 'auc',
  'mode': 'local',
  'models_count': 123,
  'params': '',
  'predict_duration': 0.5424051284790039,
  'result': 0.9964416452934323,
  'seed': 688664081,
  'task': 'nomao',
  'training_duration': 3603.8477795124054,
  'type': 'binary',
  'utc': '2021-12-10T07:40:02',
  'version': '3.34.0.3'}
Job `local.openml_t_359980.pygmo_c.nomao.0.H2OAutoML` executed in 3615.064 seconds.
All jobs executed in 3615.083 seconds.
[MONITORING] [local.openml_t_359980.pygmo_c.nomao.0.H2OAutoML] CPU Utilization: 65.6%
[MONITORING] [local.openml_t_359980.pygmo_c.nomao.0.H2OAutoML] Memory Usage: 2.3%
[MONITORING] [local.openml_t_359980.pygmo_c.nomao.0.H2OAutoML] Disk Usage: 43.2%
Processing results for h2oautoml.openml_t_359980.pygmo_c.local.20211210T063947
Scores saved to `/home/juradoi/experiments/automlbenchmark/results/h2oautoml.openml_t_359980.pygmo_c.local.20211210T063947/scores/H2OAutoML.benchmark_openml_t_359980.csv`.
Scores saved to `/home/juradoi/experiments/automlbenchmark/results/h2oautoml.openml_t_359980.pygmo_c.local.20211210T063947/scores/results.csv`.
Scores saved to `/home/juradoi/experiments/automlbenchmark/results/results.csv`.
Summing up scores for current run:
                 id  task fold framework constraint   result metric  duration      seed
openml.org/t/359980 nomao    0 H2OAutoML    pygmo_c 0.996442    auc    3615.1 688664081
