/var/spool/slurm/slurmd/job8494814/slurm_script: line 8: activate: No such file or directory
Running benchmark `H2OAutoML` on `openml/t/359968` framework in `local` mode.
Loading frameworks definitions from ['/home/juradoi/experiments/automlbenchmark/resources/frameworks.yaml'].
Loading benchmark constraint definitions from ['/home/juradoi/experiments/automlbenchmark/resources/constraints.yaml'].
Loading openml task 359968.

-------------------------------------------------------------
Starting job local.openml_t_359968.pygmo_c.churn.0.H2OAutoML.
Assigning 16 cores (total=16) for new task churn.
Assigning 91105 MB (total=95302 MB) for new churn task.
[MONITORING] [local.openml_t_359968.pygmo_c.churn.0.H2OAutoML] CPU Utilization: 18.8%
[MONITORING] [local.openml_t_359968.pygmo_c.churn.0.H2OAutoML] Memory Usage: 2.3%
[MONITORING] [local.openml_t_359968.pygmo_c.churn.0.H2OAutoML] Disk Usage: 43.2%
Running task churn on framework H2OAutoML with config:
TaskConfig({})
Running cmd `/home/juradoi/experiments/automlbenchmark/frameworks/H2OAutoML/venv/bin/python -W ignore /home/juradoi/experiments/automlbenchmark/frameworks/H2OAutoML/exec.py`
INFO:__main__:
**** H2O AutoML [v3.34.0.3] ****

INFO:__main__:Starting H2O cluster with 16 cores, 60737M memory.
Checking whether there is an H2O instance running at http://localhost:13295 ..... not found.
Attempting to start a local H2O server...
  Java Version: openjdk version "11.0.12" 2021-07-20; OpenJDK Runtime Environment (build 11.0.12+7-post-Debian-2deb10u1); OpenJDK 64-Bit Server VM (build 11.0.12+7-post-Debian-2deb10u1, mixed mode, sharing)
  Starting server from /home/juradoi/experiments/automlbenchmark/frameworks/H2OAutoML/venv/lib/python3.8/site-packages/h2o/backend/bin/h2o.jar
  Ice root: /tmp/tmpdiqur_8p
  JVM stdout: /tmp/tmpdiqur_8p/h2o_unknownUser_started_from_python.out
  JVM stderr: /tmp/tmpdiqur_8p/h2o_unknownUser_started_from_python.err
  Server is running at http://127.0.0.1:13295
Connecting to H2O server at http://127.0.0.1:13295 ... successful.
--------------------------  ------------------------------------------------------------------
H2O_cluster_uptime:         01 secs
H2O_cluster_timezone:       Europe/Amsterdam
H2O_data_parsing_timezone:  UTC
H2O_cluster_version:        3.34.0.3
H2O_cluster_version_age:    2 months and 2 days
H2O_cluster_name:           H2O_from_python_unknownUser_vxxrgo
H2O_cluster_total_nodes:    1
H2O_cluster_free_memory:    59.33 Gb
H2O_cluster_total_cores:    16
H2O_cluster_allowed_cores:  16
H2O_cluster_status:         locked, healthy
H2O_connection_url:         http://127.0.0.1:13295
H2O_connection_proxy:       {"http": null, "https": null}
H2O_internal_security:      False
H2O_API_Extensions:         Amazon S3, XGBoost, Algos, AutoML, Core V3, TargetEncoder, Core V4
Python_version:             3.8.12 final
--------------------------  ------------------------------------------------------------------
Parse progress: |████████████████████████████████████████████████████████████████| (done) 100%
Parse progress: |████████████████████████████████████████████████████████████████| (done) 100%
INFO:__main__:Running model on task churn, fold 0.
[MONITORING] [local.openml_t_359968.pygmo_c.churn.0.H2OAutoML] CPU Utilization: 65.2%
[MONITORING] [local.openml_t_359968.pygmo_c.churn.0.H2OAutoML] Memory Usage: 44.5%
[MONITORING] [local.openml_t_359968.pygmo_c.churn.0.H2OAutoML] Disk Usage: 43.2%
[MONITORING] [local.openml_t_359968.pygmo_c.churn.0.H2OAutoML] CPU Utilization: 77.9%
[MONITORING] [local.openml_t_359968.pygmo_c.churn.0.H2OAutoML] Memory Usage: 45.5%
[MONITORING] [local.openml_t_359968.pygmo_c.churn.0.H2OAutoML] Disk Usage: 43.2%
[MONITORING] [local.openml_t_359968.pygmo_c.churn.0.H2OAutoML] CPU Utilization: 71.9%
[MONITORING] [local.openml_t_359968.pygmo_c.churn.0.H2OAutoML] Memory Usage: 46.8%
[MONITORING] [local.openml_t_359968.pygmo_c.churn.0.H2OAutoML] Disk Usage: 43.2%
[MONITORING] [local.openml_t_359968.pygmo_c.churn.0.H2OAutoML] CPU Utilization: 71.4%
[MONITORING] [local.openml_t_359968.pygmo_c.churn.0.H2OAutoML] Memory Usage: 47.8%
[MONITORING] [local.openml_t_359968.pygmo_c.churn.0.H2OAutoML] Disk Usage: 43.2%
[MONITORING] [local.openml_t_359968.pygmo_c.churn.0.H2OAutoML] CPU Utilization: 73.0%
[MONITORING] [local.openml_t_359968.pygmo_c.churn.0.H2OAutoML] Memory Usage: 48.0%
[MONITORING] [local.openml_t_359968.pygmo_c.churn.0.H2OAutoML] Disk Usage: 43.2%
[MONITORING] [local.openml_t_359968.pygmo_c.churn.0.H2OAutoML] CPU Utilization: 98.1%
[MONITORING] [local.openml_t_359968.pygmo_c.churn.0.H2OAutoML] Memory Usage: 48.7%
[MONITORING] [local.openml_t_359968.pygmo_c.churn.0.H2OAutoML] Disk Usage: 43.2%
[MONITORING] [local.openml_t_359968.pygmo_c.churn.0.H2OAutoML] CPU Utilization: 99.0%
[MONITORING] [local.openml_t_359968.pygmo_c.churn.0.H2OAutoML] Memory Usage: 48.7%
[MONITORING] [local.openml_t_359968.pygmo_c.churn.0.H2OAutoML] Disk Usage: 43.2%
[MONITORING] [local.openml_t_359968.pygmo_c.churn.0.H2OAutoML] CPU Utilization: 98.2%
[MONITORING] [local.openml_t_359968.pygmo_c.churn.0.H2OAutoML] Memory Usage: 48.7%
[MONITORING] [local.openml_t_359968.pygmo_c.churn.0.H2OAutoML] Disk Usage: 43.2%
[MONITORING] [local.openml_t_359968.pygmo_c.churn.0.H2OAutoML] CPU Utilization: 99.0%
[MONITORING] [local.openml_t_359968.pygmo_c.churn.0.H2OAutoML] Memory Usage: 48.8%
[MONITORING] [local.openml_t_359968.pygmo_c.churn.0.H2OAutoML] Disk Usage: 43.2%
[MONITORING] [local.openml_t_359968.pygmo_c.churn.0.H2OAutoML] CPU Utilization: 98.4%
[MONITORING] [local.openml_t_359968.pygmo_c.churn.0.H2OAutoML] Memory Usage: 48.8%
[MONITORING] [local.openml_t_359968.pygmo_c.churn.0.H2OAutoML] Disk Usage: 43.2%
[MONITORING] [local.openml_t_359968.pygmo_c.churn.0.H2OAutoML] CPU Utilization: 98.5%
[MONITORING] [local.openml_t_359968.pygmo_c.churn.0.H2OAutoML] Memory Usage: 48.8%
[MONITORING] [local.openml_t_359968.pygmo_c.churn.0.H2OAutoML] Disk Usage: 43.2%
[MONITORING] [local.openml_t_359968.pygmo_c.churn.0.H2OAutoML] CPU Utilization: 98.7%
[MONITORING] [local.openml_t_359968.pygmo_c.churn.0.H2OAutoML] Memory Usage: 48.8%
[MONITORING] [local.openml_t_359968.pygmo_c.churn.0.H2OAutoML] Disk Usage: 43.2%
[MONITORING] [local.openml_t_359968.pygmo_c.churn.0.H2OAutoML] CPU Utilization: 98.8%
[MONITORING] [local.openml_t_359968.pygmo_c.churn.0.H2OAutoML] Memory Usage: 48.8%
[MONITORING] [local.openml_t_359968.pygmo_c.churn.0.H2OAutoML] Disk Usage: 43.2%
[MONITORING] [local.openml_t_359968.pygmo_c.churn.0.H2OAutoML] CPU Utilization: 98.7%
[MONITORING] [local.openml_t_359968.pygmo_c.churn.0.H2OAutoML] Memory Usage: 48.8%
[MONITORING] [local.openml_t_359968.pygmo_c.churn.0.H2OAutoML] Disk Usage: 43.2%
[MONITORING] [local.openml_t_359968.pygmo_c.churn.0.H2OAutoML] CPU Utilization: 98.8%
[MONITORING] [local.openml_t_359968.pygmo_c.churn.0.H2OAutoML] Memory Usage: 48.8%
[MONITORING] [local.openml_t_359968.pygmo_c.churn.0.H2OAutoML] Disk Usage: 43.2%
[MONITORING] [local.openml_t_359968.pygmo_c.churn.0.H2OAutoML] CPU Utilization: 99.0%
[MONITORING] [local.openml_t_359968.pygmo_c.churn.0.H2OAutoML] Memory Usage: 48.8%
[MONITORING] [local.openml_t_359968.pygmo_c.churn.0.H2OAutoML] Disk Usage: 43.2%
[MONITORING] [local.openml_t_359968.pygmo_c.churn.0.H2OAutoML] CPU Utilization: 98.2%
[MONITORING] [local.openml_t_359968.pygmo_c.churn.0.H2OAutoML] Memory Usage: 48.9%
[MONITORING] [local.openml_t_359968.pygmo_c.churn.0.H2OAutoML] Disk Usage: 43.2%
[MONITORING] [local.openml_t_359968.pygmo_c.churn.0.H2OAutoML] CPU Utilization: 98.2%
[MONITORING] [local.openml_t_359968.pygmo_c.churn.0.H2OAutoML] Memory Usage: 48.9%
[MONITORING] [local.openml_t_359968.pygmo_c.churn.0.H2OAutoML] Disk Usage: 43.2%
[MONITORING] [local.openml_t_359968.pygmo_c.churn.0.H2OAutoML] CPU Utilization: 96.5%
[MONITORING] [local.openml_t_359968.pygmo_c.churn.0.H2OAutoML] Memory Usage: 48.9%
[MONITORING] [local.openml_t_359968.pygmo_c.churn.0.H2OAutoML] Disk Usage: 43.2%
[MONITORING] [local.openml_t_359968.pygmo_c.churn.0.H2OAutoML] CPU Utilization: 98.3%
[MONITORING] [local.openml_t_359968.pygmo_c.churn.0.H2OAutoML] Memory Usage: 48.9%
[MONITORING] [local.openml_t_359968.pygmo_c.churn.0.H2OAutoML] Disk Usage: 43.2%
[MONITORING] [local.openml_t_359968.pygmo_c.churn.0.H2OAutoML] CPU Utilization: 98.1%
[MONITORING] [local.openml_t_359968.pygmo_c.churn.0.H2OAutoML] Memory Usage: 48.9%
[MONITORING] [local.openml_t_359968.pygmo_c.churn.0.H2OAutoML] Disk Usage: 43.2%
[MONITORING] [local.openml_t_359968.pygmo_c.churn.0.H2OAutoML] CPU Utilization: 95.8%
[MONITORING] [local.openml_t_359968.pygmo_c.churn.0.H2OAutoML] Memory Usage: 49.0%
[MONITORING] [local.openml_t_359968.pygmo_c.churn.0.H2OAutoML] Disk Usage: 43.2%
[MONITORING] [local.openml_t_359968.pygmo_c.churn.0.H2OAutoML] CPU Utilization: 98.1%
[MONITORING] [local.openml_t_359968.pygmo_c.churn.0.H2OAutoML] Memory Usage: 49.0%
[MONITORING] [local.openml_t_359968.pygmo_c.churn.0.H2OAutoML] Disk Usage: 43.2%
[MONITORING] [local.openml_t_359968.pygmo_c.churn.0.H2OAutoML] CPU Utilization: 98.6%
[MONITORING] [local.openml_t_359968.pygmo_c.churn.0.H2OAutoML] Memory Usage: 49.1%
[MONITORING] [local.openml_t_359968.pygmo_c.churn.0.H2OAutoML] Disk Usage: 43.2%
[MONITORING] [local.openml_t_359968.pygmo_c.churn.0.H2OAutoML] CPU Utilization: 97.6%
[MONITORING] [local.openml_t_359968.pygmo_c.churn.0.H2OAutoML] Memory Usage: 49.1%
[MONITORING] [local.openml_t_359968.pygmo_c.churn.0.H2OAutoML] Disk Usage: 43.2%
[MONITORING] [local.openml_t_359968.pygmo_c.churn.0.H2OAutoML] CPU Utilization: 98.6%
[MONITORING] [local.openml_t_359968.pygmo_c.churn.0.H2OAutoML] Memory Usage: 49.1%
[MONITORING] [local.openml_t_359968.pygmo_c.churn.0.H2OAutoML] Disk Usage: 43.2%
[MONITORING] [local.openml_t_359968.pygmo_c.churn.0.H2OAutoML] CPU Utilization: 97.6%
[MONITORING] [local.openml_t_359968.pygmo_c.churn.0.H2OAutoML] Memory Usage: 49.2%
[MONITORING] [local.openml_t_359968.pygmo_c.churn.0.H2OAutoML] Disk Usage: 43.2%
[MONITORING] [local.openml_t_359968.pygmo_c.churn.0.H2OAutoML] CPU Utilization: 98.3%
[MONITORING] [local.openml_t_359968.pygmo_c.churn.0.H2OAutoML] Memory Usage: 49.2%
[MONITORING] [local.openml_t_359968.pygmo_c.churn.0.H2OAutoML] Disk Usage: 43.2%
[MONITORING] [local.openml_t_359968.pygmo_c.churn.0.H2OAutoML] CPU Utilization: 78.6%
[MONITORING] [local.openml_t_359968.pygmo_c.churn.0.H2OAutoML] Memory Usage: 49.4%
[MONITORING] [local.openml_t_359968.pygmo_c.churn.0.H2OAutoML] Disk Usage: 43.2%
AutoML progress: |███████████████████████████████████████████████████████████████| (done) 100%
stackedensemble prediction progress: |███████████████████████████████████████████| (done) 100%
H2O session _sid_9d6a closed.



Predictions preview:
                      0                      1 predictions truth
0   0.9945554733276367  0.0054445452988147736           0     0
1   0.9979628324508667   0.002037141239270568           0     0
2   0.9988613724708557   0.001138640334829688           0     0
3   0.9940886497497559  0.0059113577008247375           0     0
4   0.9996973872184753  3.0262410291470587E-4           0     0
5   0.9962989687919617   0.003701025154441595           0     0
6   0.9949378371238708   0.005062180571258068           0     0
7   0.9975404143333435  0.0024595907889306545           0     0
8   0.9973552823066711  0.0026447249110788107           0     0
9   0.9997851848602295  2.1482279407791793E-4           0     0
10  0.9970747232437134   0.002925304463133216           0     0
11  0.9988043904304504  0.0011956384405493736           0     0
12  0.9972518086433411    0.00274818018078804           0     0
13  0.9884713292121887   0.011528650298714638           0     0
14  0.9992138147354126   7.861973135732114E-4           0     0
15  0.9967790842056274  0.0032209393102675676           0     0
16  0.9996997117996216   3.003084275405854E-4           0     0
17  0.9998183846473694  1.8162924970965832E-4           0     0
18  0.9994101524353027   5.898333620280027E-4           0     0
19  0.9974892735481262   0.002510734833776951           0     0

Predictions saved to `/home/juradoi/experiments/automlbenchmark/results/h2oautoml.openml_t_359968.pygmo_c.local.20211210T012756/predictions/churn/0/predictions.csv`.
Loading metadata from `/home/juradoi/experiments/automlbenchmark/results/h2oautoml.openml_t_359968.pygmo_c.local.20211210T012756/predictions/churn/0/metadata.json`.
Loading predictions from `/home/juradoi/experiments/automlbenchmark/results/h2oautoml.openml_t_359968.pygmo_c.local.20211210T012756/predictions/churn/0/predictions.csv`.
Metric scores: { 'acc': 0.962,
  'app_version': 'dev [master, beef024]',
  'auc': 0.8945514950166114,
  'balacc': 0.870265780730897,
  'constraint': 'pygmo_c',
  'duration': nan,
  'fold': 0,
  'framework': 'H2OAutoML',
  'id': 'openml.org/t/359968',
  'info': None,
  'logloss': 0.2081469126256105,
  'metric': 'auc',
  'mode': 'local',
  'models_count': 399,
  'params': '',
  'predict_duration': 0.5488708019256592,
  'result': 0.8945514950166114,
  'seed': 407134500,
  'task': 'churn',
  'training_duration': 3575.410218000412,
  'type': 'binary',
  'utc': '2021-12-10T02:27:41',
  'version': '3.34.0.3'}
Job `local.openml_t_359968.pygmo_c.churn.0.H2OAutoML` executed in 3584.706 seconds.
All jobs executed in 3584.714 seconds.
[MONITORING] [local.openml_t_359968.pygmo_c.churn.0.H2OAutoML] CPU Utilization: 72.9%
[MONITORING] [local.openml_t_359968.pygmo_c.churn.0.H2OAutoML] Memory Usage: 2.2%
[MONITORING] [local.openml_t_359968.pygmo_c.churn.0.H2OAutoML] Disk Usage: 43.2%
Processing results for h2oautoml.openml_t_359968.pygmo_c.local.20211210T012756
Scores saved to `/home/juradoi/experiments/automlbenchmark/results/h2oautoml.openml_t_359968.pygmo_c.local.20211210T012756/scores/H2OAutoML.benchmark_openml_t_359968.csv`.
Scores saved to `/home/juradoi/experiments/automlbenchmark/results/h2oautoml.openml_t_359968.pygmo_c.local.20211210T012756/scores/results.csv`.
Scores saved to `/home/juradoi/experiments/automlbenchmark/results/results.csv`.
Summing up scores for current run:
                 id  task fold framework constraint   result metric  duration      seed
openml.org/t/359968 churn    0 H2OAutoML    pygmo_c 0.894551    auc    3584.7 407134500
