/var/spool/slurm/slurmd/job8494819/slurm_script: line 8: activate: No such file or directory
Running benchmark `H2OAutoML` on `openml/t/359970` framework in `local` mode.
Loading frameworks definitions from ['/home/juradoi/experiments/automlbenchmark/resources/frameworks.yaml'].
Loading benchmark constraint definitions from ['/home/juradoi/experiments/automlbenchmark/resources/constraints.yaml'].
Loading openml task 359970.

-----------------------------------------------------------------------------------------
Starting job local.openml_t_359970.pygmo_c.GesturePhaseSegmentationProcessed.0.H2OAutoML.
Assigning 16 cores (total=16) for new task GesturePhaseSegmentationProcessed.
Assigning 91360 MB (total=95302 MB) for new GesturePhaseSegmentationProcessed task.
[MONITORING] [local.openml_t_359970.pygmo_c.GesturePhaseSegmentationProcessed.0.H2OAutoML] CPU Utilization: 10.7%
[MONITORING] [local.openml_t_359970.pygmo_c.GesturePhaseSegmentationProcessed.0.H2OAutoML] Memory Usage: 2.0%
[MONITORING] [local.openml_t_359970.pygmo_c.GesturePhaseSegmentationProcessed.0.H2OAutoML] Disk Usage: 43.1%
Running task GesturePhaseSegmentationProcessed on framework H2OAutoML with config:
TaskConfig({})
Running cmd `/home/juradoi/experiments/automlbenchmark/frameworks/H2OAutoML/venv/bin/python -W ignore /home/juradoi/experiments/automlbenchmark/frameworks/H2OAutoML/exec.py`
INFO:__main__:
**** H2O AutoML [v3.34.0.3] ****

INFO:__main__:Starting H2O cluster with 16 cores, 60907M memory.
Checking whether there is an H2O instance running at http://localhost:18701 ..... not found.
Attempting to start a local H2O server...
  Java Version: openjdk version "11.0.12" 2021-07-20; OpenJDK Runtime Environment (build 11.0.12+7-post-Debian-2deb10u1); OpenJDK 64-Bit Server VM (build 11.0.12+7-post-Debian-2deb10u1, mixed mode, sharing)
  Starting server from /home/juradoi/experiments/automlbenchmark/frameworks/H2OAutoML/venv/lib/python3.8/site-packages/h2o/backend/bin/h2o.jar
  Ice root: /tmp/tmp2yhtuqkb
  JVM stdout: /tmp/tmp2yhtuqkb/h2o_unknownUser_started_from_python.out
  JVM stderr: /tmp/tmp2yhtuqkb/h2o_unknownUser_started_from_python.err
  Server is running at http://127.0.0.1:18701
Connecting to H2O server at http://127.0.0.1:18701 ... successful.
--------------------------  ------------------------------------------------------------------
H2O_cluster_uptime:         01 secs
H2O_cluster_timezone:       Europe/Amsterdam
H2O_data_parsing_timezone:  UTC
H2O_cluster_version:        3.34.0.3
H2O_cluster_version_age:    2 months and 2 days
H2O_cluster_name:           H2O_from_python_unknownUser_88b4h2
H2O_cluster_total_nodes:    1
H2O_cluster_free_memory:    59.48 Gb
H2O_cluster_total_cores:    16
H2O_cluster_allowed_cores:  16
H2O_cluster_status:         locked, healthy
H2O_connection_url:         http://127.0.0.1:18701
H2O_connection_proxy:       {"http": null, "https": null}
H2O_internal_security:      False
H2O_API_Extensions:         Amazon S3, XGBoost, Algos, AutoML, Core V3, TargetEncoder, Core V4
Python_version:             3.8.12 final
--------------------------  ------------------------------------------------------------------
Parse progress: |████████████████████████████████████████████████████████████████| (done) 100%
Parse progress: |████████████████████████████████████████████████████████████████| (done) 100%
INFO:__main__:Running model on task GesturePhaseSegmentationProcessed, fold 0.
[MONITORING] [local.openml_t_359970.pygmo_c.GesturePhaseSegmentationProcessed.0.H2OAutoML] CPU Utilization: 71.8%
[MONITORING] [local.openml_t_359970.pygmo_c.GesturePhaseSegmentationProcessed.0.H2OAutoML] Memory Usage: 31.2%
[MONITORING] [local.openml_t_359970.pygmo_c.GesturePhaseSegmentationProcessed.0.H2OAutoML] Disk Usage: 43.1%
[MONITORING] [local.openml_t_359970.pygmo_c.GesturePhaseSegmentationProcessed.0.H2OAutoML] CPU Utilization: 77.7%
[MONITORING] [local.openml_t_359970.pygmo_c.GesturePhaseSegmentationProcessed.0.H2OAutoML] Memory Usage: 44.5%
[MONITORING] [local.openml_t_359970.pygmo_c.GesturePhaseSegmentationProcessed.0.H2OAutoML] Disk Usage: 43.1%
[MONITORING] [local.openml_t_359970.pygmo_c.GesturePhaseSegmentationProcessed.0.H2OAutoML] CPU Utilization: 77.2%
[MONITORING] [local.openml_t_359970.pygmo_c.GesturePhaseSegmentationProcessed.0.H2OAutoML] Memory Usage: 44.9%
[MONITORING] [local.openml_t_359970.pygmo_c.GesturePhaseSegmentationProcessed.0.H2OAutoML] Disk Usage: 43.1%
[MONITORING] [local.openml_t_359970.pygmo_c.GesturePhaseSegmentationProcessed.0.H2OAutoML] CPU Utilization: 81.4%
[MONITORING] [local.openml_t_359970.pygmo_c.GesturePhaseSegmentationProcessed.0.H2OAutoML] Memory Usage: 45.0%
[MONITORING] [local.openml_t_359970.pygmo_c.GesturePhaseSegmentationProcessed.0.H2OAutoML] Disk Usage: 43.1%
[MONITORING] [local.openml_t_359970.pygmo_c.GesturePhaseSegmentationProcessed.0.H2OAutoML] CPU Utilization: 81.4%
[MONITORING] [local.openml_t_359970.pygmo_c.GesturePhaseSegmentationProcessed.0.H2OAutoML] Memory Usage: 45.2%
[MONITORING] [local.openml_t_359970.pygmo_c.GesturePhaseSegmentationProcessed.0.H2OAutoML] Disk Usage: 43.1%
[MONITORING] [local.openml_t_359970.pygmo_c.GesturePhaseSegmentationProcessed.0.H2OAutoML] CPU Utilization: 79.1%
[MONITORING] [local.openml_t_359970.pygmo_c.GesturePhaseSegmentationProcessed.0.H2OAutoML] Memory Usage: 45.3%
[MONITORING] [local.openml_t_359970.pygmo_c.GesturePhaseSegmentationProcessed.0.H2OAutoML] Disk Usage: 43.1%
[MONITORING] [local.openml_t_359970.pygmo_c.GesturePhaseSegmentationProcessed.0.H2OAutoML] CPU Utilization: 81.7%
[MONITORING] [local.openml_t_359970.pygmo_c.GesturePhaseSegmentationProcessed.0.H2OAutoML] Memory Usage: 45.3%
[MONITORING] [local.openml_t_359970.pygmo_c.GesturePhaseSegmentationProcessed.0.H2OAutoML] Disk Usage: 43.1%
[MONITORING] [local.openml_t_359970.pygmo_c.GesturePhaseSegmentationProcessed.0.H2OAutoML] CPU Utilization: 79.6%
[MONITORING] [local.openml_t_359970.pygmo_c.GesturePhaseSegmentationProcessed.0.H2OAutoML] Memory Usage: 45.7%
[MONITORING] [local.openml_t_359970.pygmo_c.GesturePhaseSegmentationProcessed.0.H2OAutoML] Disk Usage: 43.1%
[MONITORING] [local.openml_t_359970.pygmo_c.GesturePhaseSegmentationProcessed.0.H2OAutoML] CPU Utilization: 80.8%
[MONITORING] [local.openml_t_359970.pygmo_c.GesturePhaseSegmentationProcessed.0.H2OAutoML] Memory Usage: 45.7%
[MONITORING] [local.openml_t_359970.pygmo_c.GesturePhaseSegmentationProcessed.0.H2OAutoML] Disk Usage: 43.1%
[MONITORING] [local.openml_t_359970.pygmo_c.GesturePhaseSegmentationProcessed.0.H2OAutoML] CPU Utilization: 80.0%
[MONITORING] [local.openml_t_359970.pygmo_c.GesturePhaseSegmentationProcessed.0.H2OAutoML] Memory Usage: 46.5%
[MONITORING] [local.openml_t_359970.pygmo_c.GesturePhaseSegmentationProcessed.0.H2OAutoML] Disk Usage: 43.1%
[MONITORING] [local.openml_t_359970.pygmo_c.GesturePhaseSegmentationProcessed.0.H2OAutoML] CPU Utilization: 80.1%
[MONITORING] [local.openml_t_359970.pygmo_c.GesturePhaseSegmentationProcessed.0.H2OAutoML] Memory Usage: 46.5%
[MONITORING] [local.openml_t_359970.pygmo_c.GesturePhaseSegmentationProcessed.0.H2OAutoML] Disk Usage: 43.1%
[MONITORING] [local.openml_t_359970.pygmo_c.GesturePhaseSegmentationProcessed.0.H2OAutoML] CPU Utilization: 79.9%
[MONITORING] [local.openml_t_359970.pygmo_c.GesturePhaseSegmentationProcessed.0.H2OAutoML] Memory Usage: 46.5%
[MONITORING] [local.openml_t_359970.pygmo_c.GesturePhaseSegmentationProcessed.0.H2OAutoML] Disk Usage: 43.1%
[MONITORING] [local.openml_t_359970.pygmo_c.GesturePhaseSegmentationProcessed.0.H2OAutoML] CPU Utilization: 81.9%
[MONITORING] [local.openml_t_359970.pygmo_c.GesturePhaseSegmentationProcessed.0.H2OAutoML] Memory Usage: 46.8%
[MONITORING] [local.openml_t_359970.pygmo_c.GesturePhaseSegmentationProcessed.0.H2OAutoML] Disk Usage: 43.1%
[MONITORING] [local.openml_t_359970.pygmo_c.GesturePhaseSegmentationProcessed.0.H2OAutoML] CPU Utilization: 78.7%
[MONITORING] [local.openml_t_359970.pygmo_c.GesturePhaseSegmentationProcessed.0.H2OAutoML] Memory Usage: 46.8%
[MONITORING] [local.openml_t_359970.pygmo_c.GesturePhaseSegmentationProcessed.0.H2OAutoML] Disk Usage: 43.1%
[MONITORING] [local.openml_t_359970.pygmo_c.GesturePhaseSegmentationProcessed.0.H2OAutoML] CPU Utilization: 79.4%
[MONITORING] [local.openml_t_359970.pygmo_c.GesturePhaseSegmentationProcessed.0.H2OAutoML] Memory Usage: 47.1%
[MONITORING] [local.openml_t_359970.pygmo_c.GesturePhaseSegmentationProcessed.0.H2OAutoML] Disk Usage: 43.1%
[MONITORING] [local.openml_t_359970.pygmo_c.GesturePhaseSegmentationProcessed.0.H2OAutoML] CPU Utilization: 76.3%
[MONITORING] [local.openml_t_359970.pygmo_c.GesturePhaseSegmentationProcessed.0.H2OAutoML] Memory Usage: 47.4%
[MONITORING] [local.openml_t_359970.pygmo_c.GesturePhaseSegmentationProcessed.0.H2OAutoML] Disk Usage: 43.1%
[MONITORING] [local.openml_t_359970.pygmo_c.GesturePhaseSegmentationProcessed.0.H2OAutoML] CPU Utilization: 80.1%
[MONITORING] [local.openml_t_359970.pygmo_c.GesturePhaseSegmentationProcessed.0.H2OAutoML] Memory Usage: 47.4%
[MONITORING] [local.openml_t_359970.pygmo_c.GesturePhaseSegmentationProcessed.0.H2OAutoML] Disk Usage: 43.1%
[MONITORING] [local.openml_t_359970.pygmo_c.GesturePhaseSegmentationProcessed.0.H2OAutoML] CPU Utilization: 79.8%
[MONITORING] [local.openml_t_359970.pygmo_c.GesturePhaseSegmentationProcessed.0.H2OAutoML] Memory Usage: 48.2%
[MONITORING] [local.openml_t_359970.pygmo_c.GesturePhaseSegmentationProcessed.0.H2OAutoML] Disk Usage: 43.1%
[MONITORING] [local.openml_t_359970.pygmo_c.GesturePhaseSegmentationProcessed.0.H2OAutoML] CPU Utilization: 67.5%
[MONITORING] [local.openml_t_359970.pygmo_c.GesturePhaseSegmentationProcessed.0.H2OAutoML] Memory Usage: 48.2%
[MONITORING] [local.openml_t_359970.pygmo_c.GesturePhaseSegmentationProcessed.0.H2OAutoML] Disk Usage: 43.1%
[MONITORING] [local.openml_t_359970.pygmo_c.GesturePhaseSegmentationProcessed.0.H2OAutoML] CPU Utilization: 80.3%
[MONITORING] [local.openml_t_359970.pygmo_c.GesturePhaseSegmentationProcessed.0.H2OAutoML] Memory Usage: 48.6%
[MONITORING] [local.openml_t_359970.pygmo_c.GesturePhaseSegmentationProcessed.0.H2OAutoML] Disk Usage: 43.1%
[MONITORING] [local.openml_t_359970.pygmo_c.GesturePhaseSegmentationProcessed.0.H2OAutoML] CPU Utilization: 79.0%
[MONITORING] [local.openml_t_359970.pygmo_c.GesturePhaseSegmentationProcessed.0.H2OAutoML] Memory Usage: 48.6%
[MONITORING] [local.openml_t_359970.pygmo_c.GesturePhaseSegmentationProcessed.0.H2OAutoML] Disk Usage: 43.1%
[MONITORING] [local.openml_t_359970.pygmo_c.GesturePhaseSegmentationProcessed.0.H2OAutoML] CPU Utilization: 81.6%
[MONITORING] [local.openml_t_359970.pygmo_c.GesturePhaseSegmentationProcessed.0.H2OAutoML] Memory Usage: 48.6%
[MONITORING] [local.openml_t_359970.pygmo_c.GesturePhaseSegmentationProcessed.0.H2OAutoML] Disk Usage: 43.1%
[MONITORING] [local.openml_t_359970.pygmo_c.GesturePhaseSegmentationProcessed.0.H2OAutoML] CPU Utilization: 71.8%
[MONITORING] [local.openml_t_359970.pygmo_c.GesturePhaseSegmentationProcessed.0.H2OAutoML] Memory Usage: 48.8%
[MONITORING] [local.openml_t_359970.pygmo_c.GesturePhaseSegmentationProcessed.0.H2OAutoML] Disk Usage: 43.1%
[MONITORING] [local.openml_t_359970.pygmo_c.GesturePhaseSegmentationProcessed.0.H2OAutoML] CPU Utilization: 84.1%
[MONITORING] [local.openml_t_359970.pygmo_c.GesturePhaseSegmentationProcessed.0.H2OAutoML] Memory Usage: 48.8%
[MONITORING] [local.openml_t_359970.pygmo_c.GesturePhaseSegmentationProcessed.0.H2OAutoML] Disk Usage: 43.1%
[MONITORING] [local.openml_t_359970.pygmo_c.GesturePhaseSegmentationProcessed.0.H2OAutoML] CPU Utilization: 94.6%
[MONITORING] [local.openml_t_359970.pygmo_c.GesturePhaseSegmentationProcessed.0.H2OAutoML] Memory Usage: 48.9%
[MONITORING] [local.openml_t_359970.pygmo_c.GesturePhaseSegmentationProcessed.0.H2OAutoML] Disk Usage: 43.1%
[MONITORING] [local.openml_t_359970.pygmo_c.GesturePhaseSegmentationProcessed.0.H2OAutoML] CPU Utilization: 94.9%
[MONITORING] [local.openml_t_359970.pygmo_c.GesturePhaseSegmentationProcessed.0.H2OAutoML] Memory Usage: 48.9%
[MONITORING] [local.openml_t_359970.pygmo_c.GesturePhaseSegmentationProcessed.0.H2OAutoML] Disk Usage: 43.1%
[MONITORING] [local.openml_t_359970.pygmo_c.GesturePhaseSegmentationProcessed.0.H2OAutoML] CPU Utilization: 94.0%
[MONITORING] [local.openml_t_359970.pygmo_c.GesturePhaseSegmentationProcessed.0.H2OAutoML] Memory Usage: 48.9%
[MONITORING] [local.openml_t_359970.pygmo_c.GesturePhaseSegmentationProcessed.0.H2OAutoML] Disk Usage: 43.1%
[MONITORING] [local.openml_t_359970.pygmo_c.GesturePhaseSegmentationProcessed.0.H2OAutoML] CPU Utilization: 93.7%
[MONITORING] [local.openml_t_359970.pygmo_c.GesturePhaseSegmentationProcessed.0.H2OAutoML] Memory Usage: 48.9%
[MONITORING] [local.openml_t_359970.pygmo_c.GesturePhaseSegmentationProcessed.0.H2OAutoML] Disk Usage: 43.1%
[MONITORING] [local.openml_t_359970.pygmo_c.GesturePhaseSegmentationProcessed.0.H2OAutoML] CPU Utilization: 90.8%
[MONITORING] [local.openml_t_359970.pygmo_c.GesturePhaseSegmentationProcessed.0.H2OAutoML] Memory Usage: 48.9%
[MONITORING] [local.openml_t_359970.pygmo_c.GesturePhaseSegmentationProcessed.0.H2OAutoML] Disk Usage: 43.1%
[MONITORING] [local.openml_t_359970.pygmo_c.GesturePhaseSegmentationProcessed.0.H2OAutoML] CPU Utilization: 90.0%
[MONITORING] [local.openml_t_359970.pygmo_c.GesturePhaseSegmentationProcessed.0.H2OAutoML] Memory Usage: 49.1%
[MONITORING] [local.openml_t_359970.pygmo_c.GesturePhaseSegmentationProcessed.0.H2OAutoML] Disk Usage: 43.1%
AutoML progress: |███████████████████████████████████████████████████████████████| (done) 100%
stackedensemble prediction progress: |███████████████████████████████████████████| (done) 100%
H2O session _sid_b42c closed.



Predictions preview:
                         D                      H                    P                      R                     S predictions truth
0      0.2569900037119461    0.08382138598732641   0.5286240402228864    0.01627145821394118   0.11429311186389987           P     P
1    9.533734778337846E-4  1.3539925573694214E-4   0.9749886886607074   6.335475394749587E-4  0.023288991066246736           P     P
2    0.005283186361503283   0.007658997337403028   0.7790910815550406    0.01827757430699533   0.18968916043905776           P     P
3     0.16014599540837163     0.3164008778355251  0.07498531323833015    0.29620052300359595   0.15226729051417714           H     P
4    0.022426180468884952   0.054553663030520616   0.8664815249301686  0.0040607310345466266  0.052477900535879154           P     P
5     0.14107265215979228    0.30526149612964476   0.3927089111461419    0.05513042353132949   0.10582651703309152           P     P
6     0.02093817618065338      0.711283460990929  0.16119130689791916    0.05451702811794903   0.05207002781254939           H     P
7     0.02021746165307105   0.016387222187429593   0.0972245323744909    0.07877457749497899    0.7873962062900295           S     P
8     0.10406293600719857   0.014782443449461807   0.6164241979067534    0.05454161541402278   0.21018880722256342           P     P
9     0.02568313641235006    0.03127283549815736    0.719561893073099   0.006063808977661514   0.21741832603873193           P     P
10   0.011812906147931958   0.004488252208100184   0.9625072765771661  0.0030472707337045294  0.018144294333097315           P     P
11   3.038725624967744E-4  0.0014293777123642458   0.4519064105715458   5.504183472801498E-4    0.5458099208063131           S     P
12  0.0012801545664880966   0.001589819424332936   0.3264690797102129    0.04512566476698304     0.625535281531983           S     P
13    0.05695295059614686    0.04390725982567542   0.8402167737708672   0.011366632412821402   0.04755638339448907           P     P
14    0.33423244842588085    0.27938683572793244  0.24458847812386061    0.01916441847861606   0.12262781924371007           D     P
15     0.7081382774054366   0.010340617187171986   0.1907026671015751    0.02159695741120229   0.06922148089461394           D     P
16    0.04987057580537803   0.028303230524338335   0.7380175982161237   0.021912189179995874   0.16189640627416393           P     P
17  0.0012688696813138588  0.0015352739184635402    0.991626300514605  0.0015280428873522477   0.00404151299826541           P     P
18   0.010660215868171773   0.003042171966267972  0.08658050732636617   0.027332705042882804    0.8723843997963113           S     P
19    0.37162262164383725    0.16888138202557512   0.1581511163331225    0.17777844363784268   0.12356643635962229           D     P

Predictions saved to `/home/juradoi/experiments/automlbenchmark/results/h2oautoml.openml_t_359970.pygmo_c.local.20211210T012947/predictions/GesturePhaseSegmentationProcessed/0/predictions.csv`.
Loading metadata from `/home/juradoi/experiments/automlbenchmark/results/h2oautoml.openml_t_359970.pygmo_c.local.20211210T012947/predictions/GesturePhaseSegmentationProcessed/0/metadata.json`.
Loading predictions from `/home/juradoi/experiments/automlbenchmark/results/h2oautoml.openml_t_359970.pygmo_c.local.20211210T012947/predictions/GesturePhaseSegmentationProcessed/0/predictions.csv`.
Metric scores: { 'acc': 0.7135627530364372,
  'app_version': 'dev [master, beef024]',
  'balacc': 0.6781875170488446,
  'constraint': 'pygmo_c',
  'duration': nan,
  'fold': 0,
  'framework': 'H2OAutoML',
  'id': 'openml.org/t/359970',
  'info': None,
  'logloss': 0.7393996201137487,
  'metric': 'neg_logloss',
  'mode': 'local',
  'models_count': 151,
  'params': '',
  'predict_duration': 0.3385956287384033,
  'result': -0.7393996201137487,
  'seed': 1555067733,
  'task': 'GesturePhaseSegmentationProcessed',
  'training_duration': 3603.8002038002014,
  'type': 'multiclass',
  'utc': '2021-12-10T02:30:06',
  'version': '3.34.0.3'}
Job `local.openml_t_359970.pygmo_c.GesturePhaseSegmentationProcessed.0.H2OAutoML` executed in 3616.958 seconds.
All jobs executed in 3618.435 seconds.
[MONITORING] [local.openml_t_359970.pygmo_c.GesturePhaseSegmentationProcessed.0.H2OAutoML] CPU Utilization: 43.0%
[MONITORING] [local.openml_t_359970.pygmo_c.GesturePhaseSegmentationProcessed.0.H2OAutoML] Memory Usage: 2.0%
[MONITORING] [local.openml_t_359970.pygmo_c.GesturePhaseSegmentationProcessed.0.H2OAutoML] Disk Usage: 43.1%
Processing results for h2oautoml.openml_t_359970.pygmo_c.local.20211210T012947
Scores saved to `/home/juradoi/experiments/automlbenchmark/results/h2oautoml.openml_t_359970.pygmo_c.local.20211210T012947/scores/H2OAutoML.benchmark_openml_t_359970.csv`.
Scores saved to `/home/juradoi/experiments/automlbenchmark/results/h2oautoml.openml_t_359970.pygmo_c.local.20211210T012947/scores/results.csv`.
Scores saved to `/home/juradoi/experiments/automlbenchmark/results/results.csv`.
Summing up scores for current run:
                 id                              task fold framework constraint  result      metric  duration       seed
openml.org/t/359970 GesturePhaseSegmentationProcessed    0 H2OAutoML    pygmo_c -0.7394 neg_logloss    3617.0 1555067733
