/var/spool/slurm/slurmd/job8493633/slurm_script: line 8: activate: No such file or directory
Running benchmark `H2OAutoML` on `openml/t/168868` framework in `local` mode.
Loading frameworks definitions from ['/home/juradoi/experiments/automlbenchmark/resources/frameworks.yaml'].
Loading benchmark constraint definitions from ['/home/juradoi/experiments/automlbenchmark/resources/constraints.yaml'].
Loading openml task 168868.

------------------------------------------------------------------
Starting job local.openml_t_168868.pygmo_c.APSFailure.0.H2OAutoML.
Assigning 16 cores (total=16) for new task APSFailure.
Assigning 91162 MB (total=95294 MB) for new APSFailure task.
[MONITORING] [local.openml_t_168868.pygmo_c.APSFailure.0.H2OAutoML] CPU Utilization: 11.7%
[MONITORING] [local.openml_t_168868.pygmo_c.APSFailure.0.H2OAutoML] Memory Usage: 2.2%
[MONITORING] [local.openml_t_168868.pygmo_c.APSFailure.0.H2OAutoML] Disk Usage: 43.8%
Running task APSFailure on framework H2OAutoML with config:
TaskConfig({})
Running cmd `/home/juradoi/experiments/automlbenchmark/frameworks/H2OAutoML/venv/bin/python -W ignore /home/juradoi/experiments/automlbenchmark/frameworks/H2OAutoML/exec.py`
INFO:__main__:
**** H2O AutoML [v3.34.0.3] ****

INFO:__main__:Starting H2O cluster with 16 cores, 60775M memory.
Checking whether there is an H2O instance running at http://localhost:27788 ..... not found.
Attempting to start a local H2O server...
  Java Version: openjdk version "11.0.12" 2021-07-20; OpenJDK Runtime Environment (build 11.0.12+7-post-Debian-2deb10u1); OpenJDK 64-Bit Server VM (build 11.0.12+7-post-Debian-2deb10u1, mixed mode, sharing)
  Starting server from /home/juradoi/experiments/automlbenchmark/frameworks/H2OAutoML/venv/lib/python3.8/site-packages/h2o/backend/bin/h2o.jar
  Ice root: /tmp/tmp9y742ls9
  JVM stdout: /tmp/tmp9y742ls9/h2o_unknownUser_started_from_python.out
  JVM stderr: /tmp/tmp9y742ls9/h2o_unknownUser_started_from_python.err
  Server is running at http://127.0.0.1:27788
Connecting to H2O server at http://127.0.0.1:27788 ... successful.
--------------------------  ------------------------------------------------------------------
H2O_cluster_uptime:         01 secs
H2O_cluster_timezone:       Europe/Amsterdam
H2O_data_parsing_timezone:  UTC
H2O_cluster_version:        3.34.0.3
H2O_cluster_version_age:    2 months and 2 days
H2O_cluster_name:           H2O_from_python_unknownUser_pj6b8k
H2O_cluster_total_nodes:    1
H2O_cluster_free_memory:    59.36 Gb
H2O_cluster_total_cores:    16
H2O_cluster_allowed_cores:  16
H2O_cluster_status:         locked, healthy
H2O_connection_url:         http://127.0.0.1:27788
H2O_connection_proxy:       {"http": null, "https": null}
H2O_internal_security:      False
H2O_API_Extensions:         Amazon S3, XGBoost, Algos, AutoML, Core V3, TargetEncoder, Core V4
Python_version:             3.8.12 final
--------------------------  ------------------------------------------------------------------
Parse progress: |████████████████████████████████████████████████████████████████| (done) 100%
Parse progress: |████████████████████████████████████████████████████████████████| (done) 100%
INFO:__main__:Running model on task APSFailure, fold 0.
[MONITORING] [local.openml_t_168868.pygmo_c.APSFailure.0.H2OAutoML] CPU Utilization: 61.6%
[MONITORING] [local.openml_t_168868.pygmo_c.APSFailure.0.H2OAutoML] Memory Usage: 9.5%
[MONITORING] [local.openml_t_168868.pygmo_c.APSFailure.0.H2OAutoML] Disk Usage: 43.8%
[MONITORING] [local.openml_t_168868.pygmo_c.APSFailure.0.H2OAutoML] CPU Utilization: 87.9%
[MONITORING] [local.openml_t_168868.pygmo_c.APSFailure.0.H2OAutoML] Memory Usage: 45.0%
[MONITORING] [local.openml_t_168868.pygmo_c.APSFailure.0.H2OAutoML] Disk Usage: 43.8%
[MONITORING] [local.openml_t_168868.pygmo_c.APSFailure.0.H2OAutoML] CPU Utilization: 81.0%
[MONITORING] [local.openml_t_168868.pygmo_c.APSFailure.0.H2OAutoML] Memory Usage: 44.8%
[MONITORING] [local.openml_t_168868.pygmo_c.APSFailure.0.H2OAutoML] Disk Usage: 43.8%
AutoML progress: |██████████████████
22:08:52.956: XRT_1_AutoML_1_20211209_220233 [DRF XRT (Extremely Randomized Trees)] failed: java.lang.AssertionError

[MONITORING] [local.openml_t_168868.pygmo_c.APSFailure.0.H2OAutoML] CPU Utilization: 80.4%
[MONITORING] [local.openml_t_168868.pygmo_c.APSFailure.0.H2OAutoML] Memory Usage: 45.1%
[MONITORING] [local.openml_t_168868.pygmo_c.APSFailure.0.H2OAutoML] Disk Usage: 43.8%
[MONITORING] [local.openml_t_168868.pygmo_c.APSFailure.0.H2OAutoML] CPU Utilization: 86.0%
[MONITORING] [local.openml_t_168868.pygmo_c.APSFailure.0.H2OAutoML] Memory Usage: 45.1%
[MONITORING] [local.openml_t_168868.pygmo_c.APSFailure.0.H2OAutoML] Disk Usage: 43.8%
[MONITORING] [local.openml_t_168868.pygmo_c.APSFailure.0.H2OAutoML] CPU Utilization: 83.6%
[MONITORING] [local.openml_t_168868.pygmo_c.APSFailure.0.H2OAutoML] Memory Usage: 45.1%
[MONITORING] [local.openml_t_168868.pygmo_c.APSFailure.0.H2OAutoML] Disk Usage: 43.8%
[MONITORING] [local.openml_t_168868.pygmo_c.APSFailure.0.H2OAutoML] CPU Utilization: 84.0%
[MONITORING] [local.openml_t_168868.pygmo_c.APSFailure.0.H2OAutoML] Memory Usage: 45.1%
[MONITORING] [local.openml_t_168868.pygmo_c.APSFailure.0.H2OAutoML] Disk Usage: 43.8%
[MONITORING] [local.openml_t_168868.pygmo_c.APSFailure.0.H2OAutoML] CPU Utilization: 82.0%
[MONITORING] [local.openml_t_168868.pygmo_c.APSFailure.0.H2OAutoML] Memory Usage: 45.1%
[MONITORING] [local.openml_t_168868.pygmo_c.APSFailure.0.H2OAutoML] Disk Usage: 43.8%
[MONITORING] [local.openml_t_168868.pygmo_c.APSFailure.0.H2OAutoML] CPU Utilization: 86.6%
[MONITORING] [local.openml_t_168868.pygmo_c.APSFailure.0.H2OAutoML] Memory Usage: 45.1%
[MONITORING] [local.openml_t_168868.pygmo_c.APSFailure.0.H2OAutoML] Disk Usage: 43.8%
[MONITORING] [local.openml_t_168868.pygmo_c.APSFailure.0.H2OAutoML] CPU Utilization: 83.6%
[MONITORING] [local.openml_t_168868.pygmo_c.APSFailure.0.H2OAutoML] Memory Usage: 45.1%
[MONITORING] [local.openml_t_168868.pygmo_c.APSFailure.0.H2OAutoML] Disk Usage: 43.8%
[MONITORING] [local.openml_t_168868.pygmo_c.APSFailure.0.H2OAutoML] CPU Utilization: 84.7%
[MONITORING] [local.openml_t_168868.pygmo_c.APSFailure.0.H2OAutoML] Memory Usage: 45.2%
[MONITORING] [local.openml_t_168868.pygmo_c.APSFailure.0.H2OAutoML] Disk Usage: 43.8%
[MONITORING] [local.openml_t_168868.pygmo_c.APSFailure.0.H2OAutoML] CPU Utilization: 84.5%
[MONITORING] [local.openml_t_168868.pygmo_c.APSFailure.0.H2OAutoML] Memory Usage: 45.1%
[MONITORING] [local.openml_t_168868.pygmo_c.APSFailure.0.H2OAutoML] Disk Usage: 43.8%
[MONITORING] [local.openml_t_168868.pygmo_c.APSFailure.0.H2OAutoML] CPU Utilization: 84.0%
[MONITORING] [local.openml_t_168868.pygmo_c.APSFailure.0.H2OAutoML] Memory Usage: 45.2%
[MONITORING] [local.openml_t_168868.pygmo_c.APSFailure.0.H2OAutoML] Disk Usage: 43.8%
[MONITORING] [local.openml_t_168868.pygmo_c.APSFailure.0.H2OAutoML] CPU Utilization: 82.5%
[MONITORING] [local.openml_t_168868.pygmo_c.APSFailure.0.H2OAutoML] Memory Usage: 45.3%
[MONITORING] [local.openml_t_168868.pygmo_c.APSFailure.0.H2OAutoML] Disk Usage: 43.8%
[MONITORING] [local.openml_t_168868.pygmo_c.APSFailure.0.H2OAutoML] CPU Utilization: 85.4%
[MONITORING] [local.openml_t_168868.pygmo_c.APSFailure.0.H2OAutoML] Memory Usage: 45.3%
[MONITORING] [local.openml_t_168868.pygmo_c.APSFailure.0.H2OAutoML] Disk Usage: 43.8%
[MONITORING] [local.openml_t_168868.pygmo_c.APSFailure.0.H2OAutoML] CPU Utilization: 86.5%
[MONITORING] [local.openml_t_168868.pygmo_c.APSFailure.0.H2OAutoML] Memory Usage: 45.4%
[MONITORING] [local.openml_t_168868.pygmo_c.APSFailure.0.H2OAutoML] Disk Usage: 43.8%
[MONITORING] [local.openml_t_168868.pygmo_c.APSFailure.0.H2OAutoML] CPU Utilization: 84.1%
[MONITORING] [local.openml_t_168868.pygmo_c.APSFailure.0.H2OAutoML] Memory Usage: 45.4%
[MONITORING] [local.openml_t_168868.pygmo_c.APSFailure.0.H2OAutoML] Disk Usage: 43.8%
[MONITORING] [local.openml_t_168868.pygmo_c.APSFailure.0.H2OAutoML] CPU Utilization: 88.2%
[MONITORING] [local.openml_t_168868.pygmo_c.APSFailure.0.H2OAutoML] Memory Usage: 45.4%
[MONITORING] [local.openml_t_168868.pygmo_c.APSFailure.0.H2OAutoML] Disk Usage: 43.8%
[MONITORING] [local.openml_t_168868.pygmo_c.APSFailure.0.H2OAutoML] CPU Utilization: 83.4%
[MONITORING] [local.openml_t_168868.pygmo_c.APSFailure.0.H2OAutoML] Memory Usage: 45.4%
[MONITORING] [local.openml_t_168868.pygmo_c.APSFailure.0.H2OAutoML] Disk Usage: 43.8%
[MONITORING] [local.openml_t_168868.pygmo_c.APSFailure.0.H2OAutoML] CPU Utilization: 89.3%
[MONITORING] [local.openml_t_168868.pygmo_c.APSFailure.0.H2OAutoML] Memory Usage: 45.7%
[MONITORING] [local.openml_t_168868.pygmo_c.APSFailure.0.H2OAutoML] Disk Usage: 43.8%
[MONITORING] [local.openml_t_168868.pygmo_c.APSFailure.0.H2OAutoML] CPU Utilization: 84.2%
[MONITORING] [local.openml_t_168868.pygmo_c.APSFailure.0.H2OAutoML] Memory Usage: 45.7%
[MONITORING] [local.openml_t_168868.pygmo_c.APSFailure.0.H2OAutoML] Disk Usage: 43.8%
[MONITORING] [local.openml_t_168868.pygmo_c.APSFailure.0.H2OAutoML] CPU Utilization: 89.7%
[MONITORING] [local.openml_t_168868.pygmo_c.APSFailure.0.H2OAutoML] Memory Usage: 45.8%
[MONITORING] [local.openml_t_168868.pygmo_c.APSFailure.0.H2OAutoML] Disk Usage: 43.8%
[MONITORING] [local.openml_t_168868.pygmo_c.APSFailure.0.H2OAutoML] CPU Utilization: 83.3%
[MONITORING] [local.openml_t_168868.pygmo_c.APSFailure.0.H2OAutoML] Memory Usage: 45.8%
[MONITORING] [local.openml_t_168868.pygmo_c.APSFailure.0.H2OAutoML] Disk Usage: 43.8%
[MONITORING] [local.openml_t_168868.pygmo_c.APSFailure.0.H2OAutoML] CPU Utilization: 83.3%
[MONITORING] [local.openml_t_168868.pygmo_c.APSFailure.0.H2OAutoML] Memory Usage: 45.8%
[MONITORING] [local.openml_t_168868.pygmo_c.APSFailure.0.H2OAutoML] Disk Usage: 43.8%
[MONITORING] [local.openml_t_168868.pygmo_c.APSFailure.0.H2OAutoML] CPU Utilization: 93.8%
[MONITORING] [local.openml_t_168868.pygmo_c.APSFailure.0.H2OAutoML] Memory Usage: 45.8%
[MONITORING] [local.openml_t_168868.pygmo_c.APSFailure.0.H2OAutoML] Disk Usage: 43.8%
[MONITORING] [local.openml_t_168868.pygmo_c.APSFailure.0.H2OAutoML] CPU Utilization: 96.6%
[MONITORING] [local.openml_t_168868.pygmo_c.APSFailure.0.H2OAutoML] Memory Usage: 45.9%
[MONITORING] [local.openml_t_168868.pygmo_c.APSFailure.0.H2OAutoML] Disk Usage: 43.8%
[MONITORING] [local.openml_t_168868.pygmo_c.APSFailure.0.H2OAutoML] CPU Utilization: 95.8%
[MONITORING] [local.openml_t_168868.pygmo_c.APSFailure.0.H2OAutoML] Memory Usage: 45.9%
[MONITORING] [local.openml_t_168868.pygmo_c.APSFailure.0.H2OAutoML] Disk Usage: 43.8%
[MONITORING] [local.openml_t_168868.pygmo_c.APSFailure.0.H2OAutoML] CPU Utilization: 95.9%
[MONITORING] [local.openml_t_168868.pygmo_c.APSFailure.0.H2OAutoML] Memory Usage: 45.9%
[MONITORING] [local.openml_t_168868.pygmo_c.APSFailure.0.H2OAutoML] Disk Usage: 43.8%
[MONITORING] [local.openml_t_168868.pygmo_c.APSFailure.0.H2OAutoML] CPU Utilization: 94.1%
[MONITORING] [local.openml_t_168868.pygmo_c.APSFailure.0.H2OAutoML] Memory Usage: 45.9%
[MONITORING] [local.openml_t_168868.pygmo_c.APSFailure.0.H2OAutoML] Disk Usage: 43.8%
[MONITORING] [local.openml_t_168868.pygmo_c.APSFailure.0.H2OAutoML] CPU Utilization: 95.1%
[MONITORING] [local.openml_t_168868.pygmo_c.APSFailure.0.H2OAutoML] Memory Usage: 46.0%
[MONITORING] [local.openml_t_168868.pygmo_c.APSFailure.0.H2OAutoML] Disk Usage: 43.8%
█████████████████████████████████████████████| (done) 100%
stackedensemble prediction progress: |███████████████████████████████████████████| (done) 100%
H2O session _sid_909c closed.



Predictions preview:
                    neg                    pos predictions truth
0    0.999826775912205  1.7322408779495328E-4         neg   neg
1   0.9998437057274339  1.5629427256612678E-4         neg   neg
2   0.9996941071959925   3.058928040074959E-4         neg   neg
3   0.9997899001386811   2.100998613189024E-4         neg   neg
4   0.9998308697239899  1.6913027601009987E-4         neg   neg
5   0.9998587937853315  1.4120621466849346E-4         neg   neg
6   0.9999378543307997    6.21456692003119E-5         neg   neg
7   0.9997120416425296  2.8795835747036683E-4         neg   neg
8   0.9967026056947322   0.003297394305267764         neg   neg
9   0.9998382645948243  1.6173540517577177E-4         neg   neg
10  0.9854660931933824   0.014533906806617638         neg   neg
11  0.9701933966784965    0.02980660332150357         neg   neg
12  0.9990688285286103   9.311714713896475E-4         neg   neg
13   0.999573074183127  4.2692581687298905E-4         neg   neg
14   0.998030370202792   0.001969629797208012         neg   neg
15  0.9999245034582794   7.549654172055753E-5         neg   neg
16  0.9999372192824709   6.278071752912195E-5         neg   neg
17  0.9996576217595524  3.4237824044762325E-4         neg   neg
18  0.9999274916630047   7.250833699533678E-5         neg   neg
19  0.9998203115799819  1.7968842001813182E-4         neg   neg

Predictions saved to `/home/juradoi/experiments/automlbenchmark/results/h2oautoml.openml_t_168868.pygmo_c.local.20211209T210153/predictions/APSFailure/0/predictions.csv`.
Loading metadata from `/home/juradoi/experiments/automlbenchmark/results/h2oautoml.openml_t_168868.pygmo_c.local.20211209T210153/predictions/APSFailure/0/metadata.json`.
Loading predictions from `/home/juradoi/experiments/automlbenchmark/results/h2oautoml.openml_t_168868.pygmo_c.local.20211209T210153/predictions/APSFailure/0/predictions.csv`.
Metric scores: { 'acc': 0.9944736842105263,
  'app_version': 'dev [master, beef024]',
  'auc': 0.9915074953713257,
  'balacc': 0.8968722583724477,
  'constraint': 'pygmo_c',
  'duration': nan,
  'fold': 0,
  'framework': 'H2OAutoML',
  'id': 'openml.org/t/168868',
  'info': None,
  'logloss': 0.014532958241844814,
  'metric': 'auc',
  'mode': 'local',
  'models_count': 83,
  'params': '',
  'predict_duration': 0.3451087474822998,
  'result': 0.9915074953713257,
  'seed': 637406107,
  'task': 'APSFailure',
  'training_duration': 3602.2183446884155,
  'type': 'binary',
  'utc': '2021-12-09T22:02:37',
  'version': '3.34.0.3'}
Job `local.openml_t_168868.pygmo_c.APSFailure.0.H2OAutoML` executed in 3630.341 seconds.
All jobs executed in 3644.008 seconds.
[MONITORING] [local.openml_t_168868.pygmo_c.APSFailure.0.H2OAutoML] CPU Utilization: 65.5%
[MONITORING] [local.openml_t_168868.pygmo_c.APSFailure.0.H2OAutoML] Memory Usage: 2.3%
[MONITORING] [local.openml_t_168868.pygmo_c.APSFailure.0.H2OAutoML] Disk Usage: 43.8%
Processing results for h2oautoml.openml_t_168868.pygmo_c.local.20211209T210153
Scores saved to `/home/juradoi/experiments/automlbenchmark/results/h2oautoml.openml_t_168868.pygmo_c.local.20211209T210153/scores/H2OAutoML.benchmark_openml_t_168868.csv`.
Scores saved to `/home/juradoi/experiments/automlbenchmark/results/h2oautoml.openml_t_168868.pygmo_c.local.20211209T210153/scores/results.csv`.
Scores saved to `/home/juradoi/experiments/automlbenchmark/results/results.csv`.
Summing up scores for current run:
                 id       task fold framework constraint   result metric  duration      seed
openml.org/t/168868 APSFailure    0 H2OAutoML    pygmo_c 0.991507    auc    3630.3 637406107
