/var/spool/slurm/slurmd/job8494005/slurm_script: line 8: activate: No such file or directory
Running benchmark `H2OAutoML` on `openml/t/359958` framework in `local` mode.
Loading frameworks definitions from ['/home/juradoi/experiments/automlbenchmark/resources/frameworks.yaml'].
Loading benchmark constraint definitions from ['/home/juradoi/experiments/automlbenchmark/resources/constraints.yaml'].
Loading openml task 359958.

-----------------------------------------------------------
Starting job local.openml_t_359958.pygmo_c.pc4.0.H2OAutoML.
Assigning 16 cores (total=16) for new task pc4.
[MONITORING] [local.openml_t_359958.pygmo_c.pc4.0.H2OAutoML] CPU Utilization: 11.6%
Assigning 91375 MB (total=95302 MB) for new pc4 task.
[MONITORING] [local.openml_t_359958.pygmo_c.pc4.0.H2OAutoML] Memory Usage: 2.0%
[MONITORING] [local.openml_t_359958.pygmo_c.pc4.0.H2OAutoML] Disk Usage: 43.1%
Running task pc4 on framework H2OAutoML with config:
TaskConfig({})
Running cmd `/home/juradoi/experiments/automlbenchmark/frameworks/H2OAutoML/venv/bin/python -W ignore /home/juradoi/experiments/automlbenchmark/frameworks/H2OAutoML/exec.py`
INFO:__main__:
**** H2O AutoML [v3.34.0.3] ****

INFO:__main__:Starting H2O cluster with 16 cores, 60917M memory.
Checking whether there is an H2O instance running at http://localhost:31270 ..... not found.
Attempting to start a local H2O server...
  Java Version: openjdk version "11.0.12" 2021-07-20; OpenJDK Runtime Environment (build 11.0.12+7-post-Debian-2deb10u1); OpenJDK 64-Bit Server VM (build 11.0.12+7-post-Debian-2deb10u1, mixed mode, sharing)
  Starting server from /home/juradoi/experiments/automlbenchmark/frameworks/H2OAutoML/venv/lib/python3.8/site-packages/h2o/backend/bin/h2o.jar
  Ice root: /tmp/tmpo1b31z72
  JVM stdout: /tmp/tmpo1b31z72/h2o_unknownUser_started_from_python.out
  JVM stderr: /tmp/tmpo1b31z72/h2o_unknownUser_started_from_python.err
  Server is running at http://127.0.0.1:31270
Connecting to H2O server at http://127.0.0.1:31270 ... successful.
--------------------------  ------------------------------------------------------------------
H2O_cluster_uptime:         01 secs
H2O_cluster_timezone:       Europe/Amsterdam
H2O_data_parsing_timezone:  UTC
H2O_cluster_version:        3.34.0.3
H2O_cluster_version_age:    2 months and 2 days
H2O_cluster_name:           H2O_from_python_unknownUser_mp5h79
H2O_cluster_total_nodes:    1
H2O_cluster_free_memory:    59.50 Gb
H2O_cluster_total_cores:    16
H2O_cluster_allowed_cores:  16
H2O_cluster_status:         locked, healthy
H2O_connection_url:         http://127.0.0.1:31270
H2O_connection_proxy:       {"http": null, "https": null}
H2O_internal_security:      False
H2O_API_Extensions:         Amazon S3, XGBoost, Algos, AutoML, Core V3, TargetEncoder, Core V4
Python_version:             3.8.12 final
--------------------------  ------------------------------------------------------------------
Parse progress: |████████████████████████████████████████████████████████████████| (done) 100%
Parse progress: |████████████████████████████████████████████████████████████████| (done) 100%
INFO:__main__:Running model on task pc4, fold 0.
[MONITORING] [local.openml_t_359958.pygmo_c.pc4.0.H2OAutoML] CPU Utilization: 56.6%
[MONITORING] [local.openml_t_359958.pygmo_c.pc4.0.H2OAutoML] Memory Usage: 32.5%
[MONITORING] [local.openml_t_359958.pygmo_c.pc4.0.H2OAutoML] Disk Usage: 43.1%
[MONITORING] [local.openml_t_359958.pygmo_c.pc4.0.H2OAutoML] CPU Utilization: 96.3%
[MONITORING] [local.openml_t_359958.pygmo_c.pc4.0.H2OAutoML] Memory Usage: 37.8%
[MONITORING] [local.openml_t_359958.pygmo_c.pc4.0.H2OAutoML] Disk Usage: 43.1%
[MONITORING] [local.openml_t_359958.pygmo_c.pc4.0.H2OAutoML] CPU Utilization: 97.0%
[MONITORING] [local.openml_t_359958.pygmo_c.pc4.0.H2OAutoML] Memory Usage: 37.7%
[MONITORING] [local.openml_t_359958.pygmo_c.pc4.0.H2OAutoML] Disk Usage: 43.1%
[MONITORING] [local.openml_t_359958.pygmo_c.pc4.0.H2OAutoML] CPU Utilization: 97.0%
[MONITORING] [local.openml_t_359958.pygmo_c.pc4.0.H2OAutoML] Memory Usage: 39.0%
[MONITORING] [local.openml_t_359958.pygmo_c.pc4.0.H2OAutoML] Disk Usage: 43.1%
[MONITORING] [local.openml_t_359958.pygmo_c.pc4.0.H2OAutoML] CPU Utilization: 96.2%
[MONITORING] [local.openml_t_359958.pygmo_c.pc4.0.H2OAutoML] Memory Usage: 44.2%
[MONITORING] [local.openml_t_359958.pygmo_c.pc4.0.H2OAutoML] Disk Usage: 43.1%
[MONITORING] [local.openml_t_359958.pygmo_c.pc4.0.H2OAutoML] CPU Utilization: 97.1%
[MONITORING] [local.openml_t_359958.pygmo_c.pc4.0.H2OAutoML] Memory Usage: 44.2%
[MONITORING] [local.openml_t_359958.pygmo_c.pc4.0.H2OAutoML] Disk Usage: 43.1%
[MONITORING] [local.openml_t_359958.pygmo_c.pc4.0.H2OAutoML] CPU Utilization: 97.5%
[MONITORING] [local.openml_t_359958.pygmo_c.pc4.0.H2OAutoML] Memory Usage: 45.5%
[MONITORING] [local.openml_t_359958.pygmo_c.pc4.0.H2OAutoML] Disk Usage: 43.1%
[MONITORING] [local.openml_t_359958.pygmo_c.pc4.0.H2OAutoML] CPU Utilization: 96.1%
[MONITORING] [local.openml_t_359958.pygmo_c.pc4.0.H2OAutoML] Memory Usage: 45.5%
[MONITORING] [local.openml_t_359958.pygmo_c.pc4.0.H2OAutoML] Disk Usage: 43.1%
[MONITORING] [local.openml_t_359958.pygmo_c.pc4.0.H2OAutoML] CPU Utilization: 97.7%
[MONITORING] [local.openml_t_359958.pygmo_c.pc4.0.H2OAutoML] Memory Usage: 45.7%
[MONITORING] [local.openml_t_359958.pygmo_c.pc4.0.H2OAutoML] Disk Usage: 43.1%
[MONITORING] [local.openml_t_359958.pygmo_c.pc4.0.H2OAutoML] CPU Utilization: 97.6%
[MONITORING] [local.openml_t_359958.pygmo_c.pc4.0.H2OAutoML] Memory Usage: 45.7%
[MONITORING] [local.openml_t_359958.pygmo_c.pc4.0.H2OAutoML] Disk Usage: 43.1%
[MONITORING] [local.openml_t_359958.pygmo_c.pc4.0.H2OAutoML] CPU Utilization: 95.8%
[MONITORING] [local.openml_t_359958.pygmo_c.pc4.0.H2OAutoML] Memory Usage: 45.7%
[MONITORING] [local.openml_t_359958.pygmo_c.pc4.0.H2OAutoML] Disk Usage: 43.1%
[MONITORING] [local.openml_t_359958.pygmo_c.pc4.0.H2OAutoML] CPU Utilization: 98.1%
[MONITORING] [local.openml_t_359958.pygmo_c.pc4.0.H2OAutoML] Memory Usage: 45.7%
[MONITORING] [local.openml_t_359958.pygmo_c.pc4.0.H2OAutoML] Disk Usage: 43.1%
[MONITORING] [local.openml_t_359958.pygmo_c.pc4.0.H2OAutoML] CPU Utilization: 97.1%
[MONITORING] [local.openml_t_359958.pygmo_c.pc4.0.H2OAutoML] Memory Usage: 45.7%
[MONITORING] [local.openml_t_359958.pygmo_c.pc4.0.H2OAutoML] Disk Usage: 43.1%
[MONITORING] [local.openml_t_359958.pygmo_c.pc4.0.H2OAutoML] CPU Utilization: 96.7%
[MONITORING] [local.openml_t_359958.pygmo_c.pc4.0.H2OAutoML] Memory Usage: 45.7%
[MONITORING] [local.openml_t_359958.pygmo_c.pc4.0.H2OAutoML] Disk Usage: 43.1%
[MONITORING] [local.openml_t_359958.pygmo_c.pc4.0.H2OAutoML] CPU Utilization: 97.0%
[MONITORING] [local.openml_t_359958.pygmo_c.pc4.0.H2OAutoML] Memory Usage: 45.8%
[MONITORING] [local.openml_t_359958.pygmo_c.pc4.0.H2OAutoML] Disk Usage: 43.1%
[MONITORING] [local.openml_t_359958.pygmo_c.pc4.0.H2OAutoML] CPU Utilization: 96.0%
[MONITORING] [local.openml_t_359958.pygmo_c.pc4.0.H2OAutoML] Memory Usage: 45.8%
[MONITORING] [local.openml_t_359958.pygmo_c.pc4.0.H2OAutoML] Disk Usage: 43.1%
[MONITORING] [local.openml_t_359958.pygmo_c.pc4.0.H2OAutoML] CPU Utilization: 96.3%
[MONITORING] [local.openml_t_359958.pygmo_c.pc4.0.H2OAutoML] Memory Usage: 45.8%
[MONITORING] [local.openml_t_359958.pygmo_c.pc4.0.H2OAutoML] Disk Usage: 43.1%
[MONITORING] [local.openml_t_359958.pygmo_c.pc4.0.H2OAutoML] CPU Utilization: 96.3%
[MONITORING] [local.openml_t_359958.pygmo_c.pc4.0.H2OAutoML] Memory Usage: 45.8%
[MONITORING] [local.openml_t_359958.pygmo_c.pc4.0.H2OAutoML] Disk Usage: 43.1%
[MONITORING] [local.openml_t_359958.pygmo_c.pc4.0.H2OAutoML] CPU Utilization: 97.3%
[MONITORING] [local.openml_t_359958.pygmo_c.pc4.0.H2OAutoML] Memory Usage: 45.9%
[MONITORING] [local.openml_t_359958.pygmo_c.pc4.0.H2OAutoML] Disk Usage: 43.1%
[MONITORING] [local.openml_t_359958.pygmo_c.pc4.0.H2OAutoML] CPU Utilization: 96.8%
[MONITORING] [local.openml_t_359958.pygmo_c.pc4.0.H2OAutoML] Memory Usage: 45.9%
[MONITORING] [local.openml_t_359958.pygmo_c.pc4.0.H2OAutoML] Disk Usage: 43.1%
[MONITORING] [local.openml_t_359958.pygmo_c.pc4.0.H2OAutoML] CPU Utilization: 96.4%
[MONITORING] [local.openml_t_359958.pygmo_c.pc4.0.H2OAutoML] Memory Usage: 46.1%
[MONITORING] [local.openml_t_359958.pygmo_c.pc4.0.H2OAutoML] Disk Usage: 43.1%
[MONITORING] [local.openml_t_359958.pygmo_c.pc4.0.H2OAutoML] CPU Utilization: 97.3%
[MONITORING] [local.openml_t_359958.pygmo_c.pc4.0.H2OAutoML] Memory Usage: 46.1%
[MONITORING] [local.openml_t_359958.pygmo_c.pc4.0.H2OAutoML] Disk Usage: 43.1%
[MONITORING] [local.openml_t_359958.pygmo_c.pc4.0.H2OAutoML] CPU Utilization: 96.8%
[MONITORING] [local.openml_t_359958.pygmo_c.pc4.0.H2OAutoML] Memory Usage: 46.1%
[MONITORING] [local.openml_t_359958.pygmo_c.pc4.0.H2OAutoML] Disk Usage: 43.1%
[MONITORING] [local.openml_t_359958.pygmo_c.pc4.0.H2OAutoML] CPU Utilization: 97.7%
[MONITORING] [local.openml_t_359958.pygmo_c.pc4.0.H2OAutoML] Memory Usage: 46.2%
[MONITORING] [local.openml_t_359958.pygmo_c.pc4.0.H2OAutoML] Disk Usage: 43.1%
[MONITORING] [local.openml_t_359958.pygmo_c.pc4.0.H2OAutoML] CPU Utilization: 98.3%
[MONITORING] [local.openml_t_359958.pygmo_c.pc4.0.H2OAutoML] Memory Usage: 46.2%
[MONITORING] [local.openml_t_359958.pygmo_c.pc4.0.H2OAutoML] Disk Usage: 43.1%
[MONITORING] [local.openml_t_359958.pygmo_c.pc4.0.H2OAutoML] CPU Utilization: 95.8%
[MONITORING] [local.openml_t_359958.pygmo_c.pc4.0.H2OAutoML] Memory Usage: 46.2%
[MONITORING] [local.openml_t_359958.pygmo_c.pc4.0.H2OAutoML] Disk Usage: 43.1%
[MONITORING] [local.openml_t_359958.pygmo_c.pc4.0.H2OAutoML] CPU Utilization: 98.2%
[MONITORING] [local.openml_t_359958.pygmo_c.pc4.0.H2OAutoML] Memory Usage: 46.2%
[MONITORING] [local.openml_t_359958.pygmo_c.pc4.0.H2OAutoML] Disk Usage: 43.1%
[MONITORING] [local.openml_t_359958.pygmo_c.pc4.0.H2OAutoML] CPU Utilization: 94.9%
[MONITORING] [local.openml_t_359958.pygmo_c.pc4.0.H2OAutoML] Memory Usage: 46.2%
[MONITORING] [local.openml_t_359958.pygmo_c.pc4.0.H2OAutoML] Disk Usage: 43.1%
[MONITORING] [local.openml_t_359958.pygmo_c.pc4.0.H2OAutoML] CPU Utilization: 62.7%
[MONITORING] [local.openml_t_359958.pygmo_c.pc4.0.H2OAutoML] Memory Usage: 46.5%
[MONITORING] [local.openml_t_359958.pygmo_c.pc4.0.H2OAutoML] Disk Usage: 43.1%
AutoML progress: |███████████████████████████████████████████████████████████████| (done) 100%
stackedensemble prediction progress: |███████████████████████████████████████████| (done) 100%
H2O session _sid_bad9 closed.



Predictions preview:
                  False                   True predictions  truth
0   0.9441540422411315    0.05584595775886849       False  False
1   0.6416269314213829    0.35837306857861706       False  False
2   0.9999712175716837   2.878242831623952E-5       False  False
3   0.8341016823895715    0.16589831761042853       False  False
4    0.999988318372414  1.1681627586004222E-5       False  False
5   0.9999029572179865   9.704278201347193E-5       False  False
6   0.9769996711528663   0.023000328847133704       False  False
7   0.9732951248871197   0.026704875112880347       False  False
8   0.9842857024164731   0.015714297583526923       False  False
9   0.9233871842590596     0.0766128157409404       False  False
10   0.995841886211085   0.004158113788915001       False  False
11   0.760774330761121      0.239225669238879       False  False
12  0.9999848710050998  1.5128994900149825E-5       False  False
13  0.9786781272061543   0.021321872793845675       False  False
14  0.6535666189954112     0.3464333810045887       False  False
15  0.9887537015238157   0.011246298476184354       False  False
16  0.9999881436215068  1.1856378493255102E-5       False  False
17   0.999989460410292  1.0539589707939661E-5       False  False
18   0.999876969124537   1.230308754628965E-4       False  False
19  0.9999891112076537   1.088879234629913E-5       False  False

Predictions saved to `/home/juradoi/experiments/automlbenchmark/results/h2oautoml.openml_t_359958.pygmo_c.local.20211209T221528/predictions/pc4/0/predictions.csv`.
Loading metadata from `/home/juradoi/experiments/automlbenchmark/results/h2oautoml.openml_t_359958.pygmo_c.local.20211209T221528/predictions/pc4/0/metadata.json`.
Loading predictions from `/home/juradoi/experiments/automlbenchmark/results/h2oautoml.openml_t_359958.pygmo_c.local.20211209T221528/predictions/pc4/0/predictions.csv`.
Metric scores: { 'acc': 0.910958904109589,
  'app_version': 'dev [master, beef024]',
  'auc': 0.9505208333333333,
  'balacc': 0.8298611111111112,
  'constraint': 'pygmo_c',
  'duration': nan,
  'fold': 0,
  'framework': 'H2OAutoML',
  'id': 'openml.org/t/359958',
  'info': None,
  'logloss': 0.17756051788817007,
  'metric': 'auc',
  'mode': 'local',
  'models_count': 211,
  'params': '',
  'predict_duration': 0.11284923553466797,
  'result': 0.9505208333333333,
  'seed': 2039121370,
  'task': 'pc4',
  'training_duration': 3536.2479660511017,
  'type': 'binary',
  'utc': '2021-12-09T23:14:35',
  'version': '3.34.0.3'}
Job `local.openml_t_359958.pygmo_c.pc4.0.H2OAutoML` executed in 3546.715 seconds.
All jobs executed in 3547.216 seconds.
[MONITORING] [local.openml_t_359958.pygmo_c.pc4.0.H2OAutoML] CPU Utilization: 65.8%
[MONITORING] [local.openml_t_359958.pygmo_c.pc4.0.H2OAutoML] Memory Usage: 2.0%
[MONITORING] [local.openml_t_359958.pygmo_c.pc4.0.H2OAutoML] Disk Usage: 43.1%
Processing results for h2oautoml.openml_t_359958.pygmo_c.local.20211209T221528
Scores saved to `/home/juradoi/experiments/automlbenchmark/results/h2oautoml.openml_t_359958.pygmo_c.local.20211209T221528/scores/H2OAutoML.benchmark_openml_t_359958.csv`.
Scores saved to `/home/juradoi/experiments/automlbenchmark/results/h2oautoml.openml_t_359958.pygmo_c.local.20211209T221528/scores/results.csv`.
Scores saved to `/home/juradoi/experiments/automlbenchmark/results/results.csv`.
Summing up scores for current run:
                 id task fold framework constraint   result metric  duration       seed
openml.org/t/359958  pc4    0 H2OAutoML    pygmo_c 0.950521    auc    3546.7 2039121370
