/var/spool/slurm/slurmd/job8493070/slurm_script: line 8: activate: No such file or directory
Running benchmark `H2OAutoML` on `openml/t/168350` framework in `local` mode.
Loading frameworks definitions from ['/home/juradoi/experiments/automlbenchmark/resources/frameworks.yaml'].
Loading benchmark constraint definitions from ['/home/juradoi/experiments/automlbenchmark/resources/constraints.yaml'].
Loading openml task 168350.

---------------------------------------------------------------
Starting job local.openml_t_168350.pygmo_c.phoneme.0.H2OAutoML.
Assigning 16 cores (total=16) for new task phoneme.
Assigning 91236 MB (total=95302 MB) for new phoneme task.
[MONITORING] [local.openml_t_168350.pygmo_c.phoneme.0.H2OAutoML] CPU Utilization: 12.5%
[MONITORING] [local.openml_t_168350.pygmo_c.phoneme.0.H2OAutoML] Memory Usage: 2.1%
[MONITORING] [local.openml_t_168350.pygmo_c.phoneme.0.H2OAutoML] Disk Usage: 43.2%
Running task phoneme on framework H2OAutoML with config:
TaskConfig({})
Running cmd `/home/juradoi/experiments/automlbenchmark/frameworks/H2OAutoML/venv/bin/python -W ignore /home/juradoi/experiments/automlbenchmark/frameworks/H2OAutoML/exec.py`
INFO:__main__:
**** H2O AutoML [v3.34.0.3] ****

INFO:__main__:Starting H2O cluster with 16 cores, 60824M memory.
Checking whether there is an H2O instance running at http://localhost:33400 ..... not found.
Attempting to start a local H2O server...
  Java Version: openjdk version "11.0.12" 2021-07-20; OpenJDK Runtime Environment (build 11.0.12+7-post-Debian-2deb10u1); OpenJDK 64-Bit Server VM (build 11.0.12+7-post-Debian-2deb10u1, mixed mode, sharing)
  Starting server from /home/juradoi/experiments/automlbenchmark/frameworks/H2OAutoML/venv/lib/python3.8/site-packages/h2o/backend/bin/h2o.jar
  Ice root: /tmp/tmpspndj5wd
  JVM stdout: /tmp/tmpspndj5wd/h2o_unknownUser_started_from_python.out
  JVM stderr: /tmp/tmpspndj5wd/h2o_unknownUser_started_from_python.err
  Server is running at http://127.0.0.1:33400
Connecting to H2O server at http://127.0.0.1:33400 ... successful.
--------------------------  ------------------------------------------------------------------
H2O_cluster_uptime:         01 secs
H2O_cluster_timezone:       Europe/Amsterdam
H2O_data_parsing_timezone:  UTC
H2O_cluster_version:        3.34.0.3
H2O_cluster_version_age:    2 months and 2 days
H2O_cluster_name:           H2O_from_python_unknownUser_44hbn1
H2O_cluster_total_nodes:    1
H2O_cluster_free_memory:    59.41 Gb
H2O_cluster_total_cores:    16
H2O_cluster_allowed_cores:  16
H2O_cluster_status:         locked, healthy
H2O_connection_url:         http://127.0.0.1:33400
H2O_connection_proxy:       {"http": null, "https": null}
H2O_internal_security:      False
H2O_API_Extensions:         Amazon S3, XGBoost, Algos, AutoML, Core V3, TargetEncoder, Core V4
Python_version:             3.8.12 final
--------------------------  ------------------------------------------------------------------
Parse progress: |████████████████████████████████████████████████████████████████| (done) 100%
Parse progress: |████████████████████████████████████████████████████████████████| (done) 100%
INFO:__main__:Running model on task phoneme, fold 0.
[MONITORING] [local.openml_t_168350.pygmo_c.phoneme.0.H2OAutoML] CPU Utilization: 64.1%
[MONITORING] [local.openml_t_168350.pygmo_c.phoneme.0.H2OAutoML] Memory Usage: 35.6%
[MONITORING] [local.openml_t_168350.pygmo_c.phoneme.0.H2OAutoML] Disk Usage: 43.2%
[MONITORING] [local.openml_t_168350.pygmo_c.phoneme.0.H2OAutoML] CPU Utilization: 70.2%
[MONITORING] [local.openml_t_168350.pygmo_c.phoneme.0.H2OAutoML] Memory Usage: 35.7%
[MONITORING] [local.openml_t_168350.pygmo_c.phoneme.0.H2OAutoML] Disk Usage: 43.2%
[MONITORING] [local.openml_t_168350.pygmo_c.phoneme.0.H2OAutoML] CPU Utilization: 77.9%
[MONITORING] [local.openml_t_168350.pygmo_c.phoneme.0.H2OAutoML] Memory Usage: 46.3%
[MONITORING] [local.openml_t_168350.pygmo_c.phoneme.0.H2OAutoML] Disk Usage: 43.2%
[MONITORING] [local.openml_t_168350.pygmo_c.phoneme.0.H2OAutoML] CPU Utilization: 76.9%
[MONITORING] [local.openml_t_168350.pygmo_c.phoneme.0.H2OAutoML] Memory Usage: 46.4%
[MONITORING] [local.openml_t_168350.pygmo_c.phoneme.0.H2OAutoML] Disk Usage: 43.2%
[MONITORING] [local.openml_t_168350.pygmo_c.phoneme.0.H2OAutoML] CPU Utilization: 77.9%
[MONITORING] [local.openml_t_168350.pygmo_c.phoneme.0.H2OAutoML] Memory Usage: 46.6%
[MONITORING] [local.openml_t_168350.pygmo_c.phoneme.0.H2OAutoML] Disk Usage: 43.2%
[MONITORING] [local.openml_t_168350.pygmo_c.phoneme.0.H2OAutoML] CPU Utilization: 76.9%
[MONITORING] [local.openml_t_168350.pygmo_c.phoneme.0.H2OAutoML] Memory Usage: 48.0%
[MONITORING] [local.openml_t_168350.pygmo_c.phoneme.0.H2OAutoML] Disk Usage: 43.2%
[MONITORING] [local.openml_t_168350.pygmo_c.phoneme.0.H2OAutoML] CPU Utilization: 77.2%
[MONITORING] [local.openml_t_168350.pygmo_c.phoneme.0.H2OAutoML] Memory Usage: 48.2%
[MONITORING] [local.openml_t_168350.pygmo_c.phoneme.0.H2OAutoML] Disk Usage: 43.2%
[MONITORING] [local.openml_t_168350.pygmo_c.phoneme.0.H2OAutoML] CPU Utilization: 77.3%
[MONITORING] [local.openml_t_168350.pygmo_c.phoneme.0.H2OAutoML] Memory Usage: 49.2%
[MONITORING] [local.openml_t_168350.pygmo_c.phoneme.0.H2OAutoML] Disk Usage: 43.2%
[MONITORING] [local.openml_t_168350.pygmo_c.phoneme.0.H2OAutoML] CPU Utilization: 77.9%
[MONITORING] [local.openml_t_168350.pygmo_c.phoneme.0.H2OAutoML] Memory Usage: 49.3%
[MONITORING] [local.openml_t_168350.pygmo_c.phoneme.0.H2OAutoML] Disk Usage: 43.2%
[MONITORING] [local.openml_t_168350.pygmo_c.phoneme.0.H2OAutoML] CPU Utilization: 76.1%
[MONITORING] [local.openml_t_168350.pygmo_c.phoneme.0.H2OAutoML] Memory Usage: 49.4%
[MONITORING] [local.openml_t_168350.pygmo_c.phoneme.0.H2OAutoML] Disk Usage: 43.2%
[MONITORING] [local.openml_t_168350.pygmo_c.phoneme.0.H2OAutoML] CPU Utilization: 77.3%
[MONITORING] [local.openml_t_168350.pygmo_c.phoneme.0.H2OAutoML] Memory Usage: 50.2%
[MONITORING] [local.openml_t_168350.pygmo_c.phoneme.0.H2OAutoML] Disk Usage: 43.2%
[MONITORING] [local.openml_t_168350.pygmo_c.phoneme.0.H2OAutoML] CPU Utilization: 75.1%
[MONITORING] [local.openml_t_168350.pygmo_c.phoneme.0.H2OAutoML] Memory Usage: 50.2%
[MONITORING] [local.openml_t_168350.pygmo_c.phoneme.0.H2OAutoML] Disk Usage: 43.2%
[MONITORING] [local.openml_t_168350.pygmo_c.phoneme.0.H2OAutoML] CPU Utilization: 77.1%
[MONITORING] [local.openml_t_168350.pygmo_c.phoneme.0.H2OAutoML] Memory Usage: 51.0%
[MONITORING] [local.openml_t_168350.pygmo_c.phoneme.0.H2OAutoML] Disk Usage: 43.2%
[MONITORING] [local.openml_t_168350.pygmo_c.phoneme.0.H2OAutoML] CPU Utilization: 74.3%
[MONITORING] [local.openml_t_168350.pygmo_c.phoneme.0.H2OAutoML] Memory Usage: 51.1%
[MONITORING] [local.openml_t_168350.pygmo_c.phoneme.0.H2OAutoML] Disk Usage: 43.2%
[MONITORING] [local.openml_t_168350.pygmo_c.phoneme.0.H2OAutoML] CPU Utilization: 67.0%
[MONITORING] [local.openml_t_168350.pygmo_c.phoneme.0.H2OAutoML] Memory Usage: 51.5%
[MONITORING] [local.openml_t_168350.pygmo_c.phoneme.0.H2OAutoML] Disk Usage: 43.2%
[MONITORING] [local.openml_t_168350.pygmo_c.phoneme.0.H2OAutoML] CPU Utilization: 65.2%
[MONITORING] [local.openml_t_168350.pygmo_c.phoneme.0.H2OAutoML] Memory Usage: 52.5%
[MONITORING] [local.openml_t_168350.pygmo_c.phoneme.0.H2OAutoML] Disk Usage: 43.2%
[MONITORING] [local.openml_t_168350.pygmo_c.phoneme.0.H2OAutoML] CPU Utilization: 65.3%
[MONITORING] [local.openml_t_168350.pygmo_c.phoneme.0.H2OAutoML] Memory Usage: 52.9%
[MONITORING] [local.openml_t_168350.pygmo_c.phoneme.0.H2OAutoML] Disk Usage: 43.2%
[MONITORING] [local.openml_t_168350.pygmo_c.phoneme.0.H2OAutoML] CPU Utilization: 66.7%
[MONITORING] [local.openml_t_168350.pygmo_c.phoneme.0.H2OAutoML] Memory Usage: 53.8%
[MONITORING] [local.openml_t_168350.pygmo_c.phoneme.0.H2OAutoML] Disk Usage: 43.2%
[MONITORING] [local.openml_t_168350.pygmo_c.phoneme.0.H2OAutoML] CPU Utilization: 69.0%
[MONITORING] [local.openml_t_168350.pygmo_c.phoneme.0.H2OAutoML] Memory Usage: 53.8%
[MONITORING] [local.openml_t_168350.pygmo_c.phoneme.0.H2OAutoML] Disk Usage: 43.2%
[MONITORING] [local.openml_t_168350.pygmo_c.phoneme.0.H2OAutoML] CPU Utilization: 99.3%
[MONITORING] [local.openml_t_168350.pygmo_c.phoneme.0.H2OAutoML] Memory Usage: 53.9%
[MONITORING] [local.openml_t_168350.pygmo_c.phoneme.0.H2OAutoML] Disk Usage: 43.2%
[MONITORING] [local.openml_t_168350.pygmo_c.phoneme.0.H2OAutoML] CPU Utilization: 96.0%
[MONITORING] [local.openml_t_168350.pygmo_c.phoneme.0.H2OAutoML] Memory Usage: 54.2%
[MONITORING] [local.openml_t_168350.pygmo_c.phoneme.0.H2OAutoML] Disk Usage: 43.2%
[MONITORING] [local.openml_t_168350.pygmo_c.phoneme.0.H2OAutoML] CPU Utilization: 97.0%
[MONITORING] [local.openml_t_168350.pygmo_c.phoneme.0.H2OAutoML] Memory Usage: 54.2%
[MONITORING] [local.openml_t_168350.pygmo_c.phoneme.0.H2OAutoML] Disk Usage: 43.2%
[MONITORING] [local.openml_t_168350.pygmo_c.phoneme.0.H2OAutoML] CPU Utilization: 95.5%
[MONITORING] [local.openml_t_168350.pygmo_c.phoneme.0.H2OAutoML] Memory Usage: 54.3%
[MONITORING] [local.openml_t_168350.pygmo_c.phoneme.0.H2OAutoML] Disk Usage: 43.2%
[MONITORING] [local.openml_t_168350.pygmo_c.phoneme.0.H2OAutoML] CPU Utilization: 96.5%
[MONITORING] [local.openml_t_168350.pygmo_c.phoneme.0.H2OAutoML] Memory Usage: 54.3%
[MONITORING] [local.openml_t_168350.pygmo_c.phoneme.0.H2OAutoML] Disk Usage: 43.2%
[MONITORING] [local.openml_t_168350.pygmo_c.phoneme.0.H2OAutoML] CPU Utilization: 95.1%
[MONITORING] [local.openml_t_168350.pygmo_c.phoneme.0.H2OAutoML] Memory Usage: 54.3%
[MONITORING] [local.openml_t_168350.pygmo_c.phoneme.0.H2OAutoML] Disk Usage: 43.2%
[MONITORING] [local.openml_t_168350.pygmo_c.phoneme.0.H2OAutoML] CPU Utilization: 97.6%
[MONITORING] [local.openml_t_168350.pygmo_c.phoneme.0.H2OAutoML] Memory Usage: 54.3%
[MONITORING] [local.openml_t_168350.pygmo_c.phoneme.0.H2OAutoML] Disk Usage: 43.2%
[MONITORING] [local.openml_t_168350.pygmo_c.phoneme.0.H2OAutoML] CPU Utilization: 93.0%
[MONITORING] [local.openml_t_168350.pygmo_c.phoneme.0.H2OAutoML] Memory Usage: 54.6%
[MONITORING] [local.openml_t_168350.pygmo_c.phoneme.0.H2OAutoML] Disk Usage: 43.2%
[MONITORING] [local.openml_t_168350.pygmo_c.phoneme.0.H2OAutoML] CPU Utilization: 95.8%
[MONITORING] [local.openml_t_168350.pygmo_c.phoneme.0.H2OAutoML] Memory Usage: 55.0%
[MONITORING] [local.openml_t_168350.pygmo_c.phoneme.0.H2OAutoML] Disk Usage: 43.2%
[MONITORING] [local.openml_t_168350.pygmo_c.phoneme.0.H2OAutoML] CPU Utilization: 98.6%
[MONITORING] [local.openml_t_168350.pygmo_c.phoneme.0.H2OAutoML] Memory Usage: 55.1%
[MONITORING] [local.openml_t_168350.pygmo_c.phoneme.0.H2OAutoML] Disk Usage: 43.2%
[MONITORING] [local.openml_t_168350.pygmo_c.phoneme.0.H2OAutoML] CPU Utilization: 76.9%
[MONITORING] [local.openml_t_168350.pygmo_c.phoneme.0.H2OAutoML] Memory Usage: 55.3%
[MONITORING] [local.openml_t_168350.pygmo_c.phoneme.0.H2OAutoML] Disk Usage: 43.2%
AutoML progress: |███████████████████████████████████████████████████████████████| (done) 100%
stackedensemble prediction progress: |███████████████████████████████████████████| (done) 100%
H2O session _sid_bbbb closed.



Predictions preview:
                      1                     2 predictions truth
0   0.9846361713644814  0.015363828635518502           1     1
1   0.9846361713644814  0.015363828635518502           1     1
2   0.9846361713644814  0.015363828635518502           1     1
3   0.9778072458168585   0.02219275418314145           1     1
4   0.9846361713644814  0.015363828635518502           1     1
5   0.9611636120719033  0.038836387928096724           1     1
6   0.9846361713644814  0.015363828635518502           1     1
7   0.9843999325614816  0.015600067438518434           1     1
8    0.984910301505745   0.01508969849425505           1     1
9   0.9846361713644814  0.015363828635518502           1     1
10  0.9843999325614816  0.015600067438518434           1     1
11  0.3595765538802618    0.6404234461197382           2     1
12  0.9666291537087957   0.03337084629120437           1     1
13  0.9679347006397269   0.03206529936027313           1     1
14  0.7642945973840845   0.23570540261591555           1     1
15  0.9609030562656108   0.03909694373438922           1     1
16  0.9282620248153605   0.07173797518463954           1     1
17  0.9846361713644814  0.015363828635518502           1     1
18  0.9846361713644814  0.015363828635518502           1     1
19  0.9846361713644814  0.015363828635518502           1     1

Predictions saved to `/home/juradoi/experiments/automlbenchmark/results/h2oautoml.openml_t_168350.pygmo_c.local.20211209T184153/predictions/phoneme/0/predictions.csv`.
Loading metadata from `/home/juradoi/experiments/automlbenchmark/results/h2oautoml.openml_t_168350.pygmo_c.local.20211209T184153/predictions/phoneme/0/metadata.json`.
Loading predictions from `/home/juradoi/experiments/automlbenchmark/results/h2oautoml.openml_t_168350.pygmo_c.local.20211209T184153/predictions/phoneme/0/predictions.csv`.
Metric scores: { 'acc': 0.9020332717190388,
  'app_version': 'dev [master, beef024]',
  'auc': 0.9672692548322303,
  'balacc': 0.879227172445586,
  'constraint': 'pygmo_c',
  'duration': nan,
  'fold': 0,
  'framework': 'H2OAutoML',
  'id': 'openml.org/t/168350',
  'info': None,
  'logloss': 0.21668675655624964,
  'metric': 'auc',
  'mode': 'local',
  'models_count': 655,
  'params': '',
  'predict_duration': 0.6074573993682861,
  'result': 0.9672692548322303,
  'seed': 258929483,
  'task': 'phoneme',
  'training_duration': 3605.947991847992,
  'type': 'binary',
  'utc': '2021-12-09T19:42:11',
  'version': '3.34.0.3'}
Job `local.openml_t_168350.pygmo_c.phoneme.0.H2OAutoML` executed in 3618.156 seconds.
All jobs executed in 3618.166 seconds.
[MONITORING] [local.openml_t_168350.pygmo_c.phoneme.0.H2OAutoML] CPU Utilization: 52.9%
[MONITORING] [local.openml_t_168350.pygmo_c.phoneme.0.H2OAutoML] Memory Usage: 2.1%
[MONITORING] [local.openml_t_168350.pygmo_c.phoneme.0.H2OAutoML] Disk Usage: 43.2%
Processing results for h2oautoml.openml_t_168350.pygmo_c.local.20211209T184153
Scores saved to `/home/juradoi/experiments/automlbenchmark/results/h2oautoml.openml_t_168350.pygmo_c.local.20211209T184153/scores/H2OAutoML.benchmark_openml_t_168350.csv`.
Scores saved to `/home/juradoi/experiments/automlbenchmark/results/h2oautoml.openml_t_168350.pygmo_c.local.20211209T184153/scores/results.csv`.
Scores saved to `/home/juradoi/experiments/automlbenchmark/results/results.csv`.
Summing up scores for current run:
                 id    task fold framework constraint   result metric  duration      seed
openml.org/t/168350 phoneme    0 H2OAutoML    pygmo_c 0.967269    auc    3618.2 258929483
