/var/spool/slurm/slurmd/job8493932/slurm_script: line 8: activate: No such file or directory
Running benchmark `H2OAutoML` on `openml/t/359955` framework in `local` mode.
Loading frameworks definitions from ['/home/juradoi/experiments/automlbenchmark/resources/frameworks.yaml'].
Loading benchmark constraint definitions from ['/home/juradoi/experiments/automlbenchmark/resources/constraints.yaml'].
Loading openml task 359955.

----------------------------------------------------------------------------------------
Starting job local.openml_t_359955.pygmo_c.blood-transfusion-service-center.0.H2OAutoML.
Assigning 16 cores (total=16) for new task blood-transfusion-service-center.
Assigning 91490 MB (total=95302 MB) for new blood-transfusion-service-center task.
[MONITORING] [local.openml_t_359955.pygmo_c.blood-transfusion-service-center.0.H2OAutoML] CPU Utilization: 13.0%
[MONITORING] [local.openml_t_359955.pygmo_c.blood-transfusion-service-center.0.H2OAutoML] Memory Usage: 1.9%
[MONITORING] [local.openml_t_359955.pygmo_c.blood-transfusion-service-center.0.H2OAutoML] Disk Usage: 43.2%
Running task blood-transfusion-service-center on framework H2OAutoML with config:
TaskConfig({})
Running cmd `/home/juradoi/experiments/automlbenchmark/frameworks/H2OAutoML/venv/bin/python -W ignore /home/juradoi/experiments/automlbenchmark/frameworks/H2OAutoML/exec.py`
INFO:__main__:
**** H2O AutoML [v3.34.0.3] ****

INFO:__main__:Starting H2O cluster with 16 cores, 60993M memory.
Checking whether there is an H2O instance running at http://localhost:16838 ..... not found.
Attempting to start a local H2O server...
  Java Version: openjdk version "11.0.12" 2021-07-20; OpenJDK Runtime Environment (build 11.0.12+7-post-Debian-2deb10u1); OpenJDK 64-Bit Server VM (build 11.0.12+7-post-Debian-2deb10u1, mixed mode, sharing)
  Starting server from /home/juradoi/experiments/automlbenchmark/frameworks/H2OAutoML/venv/lib/python3.8/site-packages/h2o/backend/bin/h2o.jar
  Ice root: /tmp/tmp91l9dqv4
  JVM stdout: /tmp/tmp91l9dqv4/h2o_unknownUser_started_from_python.out
  JVM stderr: /tmp/tmp91l9dqv4/h2o_unknownUser_started_from_python.err
  Server is running at http://127.0.0.1:16838
Connecting to H2O server at http://127.0.0.1:16838 ... successful.
--------------------------  ------------------------------------------------------------------
H2O_cluster_uptime:         01 secs
H2O_cluster_timezone:       Europe/Amsterdam
H2O_data_parsing_timezone:  UTC
H2O_cluster_version:        3.34.0.3
H2O_cluster_version_age:    2 months and 2 days
H2O_cluster_name:           H2O_from_python_unknownUser_smhh12
H2O_cluster_total_nodes:    1
H2O_cluster_free_memory:    59.58 Gb
H2O_cluster_total_cores:    16
H2O_cluster_allowed_cores:  16
H2O_cluster_status:         locked, healthy
H2O_connection_url:         http://127.0.0.1:16838
H2O_connection_proxy:       {"http": null, "https": null}
H2O_internal_security:      False
H2O_API_Extensions:         Amazon S3, XGBoost, Algos, AutoML, Core V3, TargetEncoder, Core V4
Python_version:             3.8.12 final
--------------------------  ------------------------------------------------------------------
Parse progress: |████████████████████████████████████████████████████████████████| (done) 100%
Parse progress: |████████████████████████████████████████████████████████████████| (done) 100%
INFO:__main__:Running model on task blood-transfusion-service-center, fold 0.
[MONITORING] [local.openml_t_359955.pygmo_c.blood-transfusion-service-center.0.H2OAutoML] CPU Utilization: 74.7%
[MONITORING] [local.openml_t_359955.pygmo_c.blood-transfusion-service-center.0.H2OAutoML] Memory Usage: 9.2%
[MONITORING] [local.openml_t_359955.pygmo_c.blood-transfusion-service-center.0.H2OAutoML] Disk Usage: 43.2%
[MONITORING] [local.openml_t_359955.pygmo_c.blood-transfusion-service-center.0.H2OAutoML] CPU Utilization: 96.1%
[MONITORING] [local.openml_t_359955.pygmo_c.blood-transfusion-service-center.0.H2OAutoML] Memory Usage: 13.3%
[MONITORING] [local.openml_t_359955.pygmo_c.blood-transfusion-service-center.0.H2OAutoML] Disk Usage: 43.2%
[MONITORING] [local.openml_t_359955.pygmo_c.blood-transfusion-service-center.0.H2OAutoML] CPU Utilization: 96.5%
[MONITORING] [local.openml_t_359955.pygmo_c.blood-transfusion-service-center.0.H2OAutoML] Memory Usage: 23.3%
[MONITORING] [local.openml_t_359955.pygmo_c.blood-transfusion-service-center.0.H2OAutoML] Disk Usage: 43.2%
[MONITORING] [local.openml_t_359955.pygmo_c.blood-transfusion-service-center.0.H2OAutoML] CPU Utilization: 96.5%
[MONITORING] [local.openml_t_359955.pygmo_c.blood-transfusion-service-center.0.H2OAutoML] Memory Usage: 37.8%
[MONITORING] [local.openml_t_359955.pygmo_c.blood-transfusion-service-center.0.H2OAutoML] Disk Usage: 43.2%
[MONITORING] [local.openml_t_359955.pygmo_c.blood-transfusion-service-center.0.H2OAutoML] CPU Utilization: 97.3%
[MONITORING] [local.openml_t_359955.pygmo_c.blood-transfusion-service-center.0.H2OAutoML] Memory Usage: 43.1%
[MONITORING] [local.openml_t_359955.pygmo_c.blood-transfusion-service-center.0.H2OAutoML] Disk Usage: 43.2%
[MONITORING] [local.openml_t_359955.pygmo_c.blood-transfusion-service-center.0.H2OAutoML] CPU Utilization: 96.7%
[MONITORING] [local.openml_t_359955.pygmo_c.blood-transfusion-service-center.0.H2OAutoML] Memory Usage: 43.8%
[MONITORING] [local.openml_t_359955.pygmo_c.blood-transfusion-service-center.0.H2OAutoML] Disk Usage: 43.2%
[MONITORING] [local.openml_t_359955.pygmo_c.blood-transfusion-service-center.0.H2OAutoML] CPU Utilization: 97.0%
[MONITORING] [local.openml_t_359955.pygmo_c.blood-transfusion-service-center.0.H2OAutoML] Memory Usage: 44.1%
[MONITORING] [local.openml_t_359955.pygmo_c.blood-transfusion-service-center.0.H2OAutoML] Disk Usage: 43.2%
[MONITORING] [local.openml_t_359955.pygmo_c.blood-transfusion-service-center.0.H2OAutoML] CPU Utilization: 96.2%
[MONITORING] [local.openml_t_359955.pygmo_c.blood-transfusion-service-center.0.H2OAutoML] Memory Usage: 44.3%
[MONITORING] [local.openml_t_359955.pygmo_c.blood-transfusion-service-center.0.H2OAutoML] Disk Usage: 43.2%
[MONITORING] [local.openml_t_359955.pygmo_c.blood-transfusion-service-center.0.H2OAutoML] CPU Utilization: 96.5%
[MONITORING] [local.openml_t_359955.pygmo_c.blood-transfusion-service-center.0.H2OAutoML] Memory Usage: 44.3%
[MONITORING] [local.openml_t_359955.pygmo_c.blood-transfusion-service-center.0.H2OAutoML] Disk Usage: 43.2%
[MONITORING] [local.openml_t_359955.pygmo_c.blood-transfusion-service-center.0.H2OAutoML] CPU Utilization: 96.6%
[MONITORING] [local.openml_t_359955.pygmo_c.blood-transfusion-service-center.0.H2OAutoML] Memory Usage: 44.4%
[MONITORING] [local.openml_t_359955.pygmo_c.blood-transfusion-service-center.0.H2OAutoML] Disk Usage: 43.2%
[MONITORING] [local.openml_t_359955.pygmo_c.blood-transfusion-service-center.0.H2OAutoML] CPU Utilization: 94.4%
[MONITORING] [local.openml_t_359955.pygmo_c.blood-transfusion-service-center.0.H2OAutoML] Memory Usage: 44.3%
[MONITORING] [local.openml_t_359955.pygmo_c.blood-transfusion-service-center.0.H2OAutoML] Disk Usage: 43.2%
[MONITORING] [local.openml_t_359955.pygmo_c.blood-transfusion-service-center.0.H2OAutoML] CPU Utilization: 96.9%
[MONITORING] [local.openml_t_359955.pygmo_c.blood-transfusion-service-center.0.H2OAutoML] Memory Usage: 44.3%
[MONITORING] [local.openml_t_359955.pygmo_c.blood-transfusion-service-center.0.H2OAutoML] Disk Usage: 43.2%
[MONITORING] [local.openml_t_359955.pygmo_c.blood-transfusion-service-center.0.H2OAutoML] CPU Utilization: 96.7%
[MONITORING] [local.openml_t_359955.pygmo_c.blood-transfusion-service-center.0.H2OAutoML] Memory Usage: 45.0%
[MONITORING] [local.openml_t_359955.pygmo_c.blood-transfusion-service-center.0.H2OAutoML] Disk Usage: 43.2%
[MONITORING] [local.openml_t_359955.pygmo_c.blood-transfusion-service-center.0.H2OAutoML] CPU Utilization: 97.8%
[MONITORING] [local.openml_t_359955.pygmo_c.blood-transfusion-service-center.0.H2OAutoML] Memory Usage: 45.1%
[MONITORING] [local.openml_t_359955.pygmo_c.blood-transfusion-service-center.0.H2OAutoML] Disk Usage: 43.2%
[MONITORING] [local.openml_t_359955.pygmo_c.blood-transfusion-service-center.0.H2OAutoML] CPU Utilization: 95.9%
[MONITORING] [local.openml_t_359955.pygmo_c.blood-transfusion-service-center.0.H2OAutoML] Memory Usage: 45.1%
[MONITORING] [local.openml_t_359955.pygmo_c.blood-transfusion-service-center.0.H2OAutoML] Disk Usage: 43.2%
[MONITORING] [local.openml_t_359955.pygmo_c.blood-transfusion-service-center.0.H2OAutoML] CPU Utilization: 95.6%
[MONITORING] [local.openml_t_359955.pygmo_c.blood-transfusion-service-center.0.H2OAutoML] Memory Usage: 45.1%
[MONITORING] [local.openml_t_359955.pygmo_c.blood-transfusion-service-center.0.H2OAutoML] Disk Usage: 43.2%
[MONITORING] [local.openml_t_359955.pygmo_c.blood-transfusion-service-center.0.H2OAutoML] CPU Utilization: 96.8%
[MONITORING] [local.openml_t_359955.pygmo_c.blood-transfusion-service-center.0.H2OAutoML] Memory Usage: 45.1%
[MONITORING] [local.openml_t_359955.pygmo_c.blood-transfusion-service-center.0.H2OAutoML] Disk Usage: 43.2%
[MONITORING] [local.openml_t_359955.pygmo_c.blood-transfusion-service-center.0.H2OAutoML] CPU Utilization: 96.7%
[MONITORING] [local.openml_t_359955.pygmo_c.blood-transfusion-service-center.0.H2OAutoML] Memory Usage: 45.1%
[MONITORING] [local.openml_t_359955.pygmo_c.blood-transfusion-service-center.0.H2OAutoML] Disk Usage: 43.2%
[MONITORING] [local.openml_t_359955.pygmo_c.blood-transfusion-service-center.0.H2OAutoML] CPU Utilization: 97.0%
[MONITORING] [local.openml_t_359955.pygmo_c.blood-transfusion-service-center.0.H2OAutoML] Memory Usage: 45.1%
[MONITORING] [local.openml_t_359955.pygmo_c.blood-transfusion-service-center.0.H2OAutoML] Disk Usage: 43.2%
[MONITORING] [local.openml_t_359955.pygmo_c.blood-transfusion-service-center.0.H2OAutoML] CPU Utilization: 96.5%
[MONITORING] [local.openml_t_359955.pygmo_c.blood-transfusion-service-center.0.H2OAutoML] Memory Usage: 45.1%
[MONITORING] [local.openml_t_359955.pygmo_c.blood-transfusion-service-center.0.H2OAutoML] Disk Usage: 43.2%
[MONITORING] [local.openml_t_359955.pygmo_c.blood-transfusion-service-center.0.H2OAutoML] CPU Utilization: 94.1%
[MONITORING] [local.openml_t_359955.pygmo_c.blood-transfusion-service-center.0.H2OAutoML] Memory Usage: 45.1%
[MONITORING] [local.openml_t_359955.pygmo_c.blood-transfusion-service-center.0.H2OAutoML] Disk Usage: 43.2%
[MONITORING] [local.openml_t_359955.pygmo_c.blood-transfusion-service-center.0.H2OAutoML] CPU Utilization: 95.7%
[MONITORING] [local.openml_t_359955.pygmo_c.blood-transfusion-service-center.0.H2OAutoML] Memory Usage: 45.1%
[MONITORING] [local.openml_t_359955.pygmo_c.blood-transfusion-service-center.0.H2OAutoML] Disk Usage: 43.2%
[MONITORING] [local.openml_t_359955.pygmo_c.blood-transfusion-service-center.0.H2OAutoML] CPU Utilization: 95.6%
[MONITORING] [local.openml_t_359955.pygmo_c.blood-transfusion-service-center.0.H2OAutoML] Memory Usage: 45.1%
[MONITORING] [local.openml_t_359955.pygmo_c.blood-transfusion-service-center.0.H2OAutoML] Disk Usage: 43.2%
[MONITORING] [local.openml_t_359955.pygmo_c.blood-transfusion-service-center.0.H2OAutoML] CPU Utilization: 96.5%
[MONITORING] [local.openml_t_359955.pygmo_c.blood-transfusion-service-center.0.H2OAutoML] Memory Usage: 45.1%
[MONITORING] [local.openml_t_359955.pygmo_c.blood-transfusion-service-center.0.H2OAutoML] Disk Usage: 43.2%
[MONITORING] [local.openml_t_359955.pygmo_c.blood-transfusion-service-center.0.H2OAutoML] CPU Utilization: 96.8%
[MONITORING] [local.openml_t_359955.pygmo_c.blood-transfusion-service-center.0.H2OAutoML] Memory Usage: 45.1%
[MONITORING] [local.openml_t_359955.pygmo_c.blood-transfusion-service-center.0.H2OAutoML] Disk Usage: 43.2%
[MONITORING] [local.openml_t_359955.pygmo_c.blood-transfusion-service-center.0.H2OAutoML] CPU Utilization: 97.1%
[MONITORING] [local.openml_t_359955.pygmo_c.blood-transfusion-service-center.0.H2OAutoML] Memory Usage: 45.1%
[MONITORING] [local.openml_t_359955.pygmo_c.blood-transfusion-service-center.0.H2OAutoML] Disk Usage: 43.2%
[MONITORING] [local.openml_t_359955.pygmo_c.blood-transfusion-service-center.0.H2OAutoML] CPU Utilization: 83.1%
[MONITORING] [local.openml_t_359955.pygmo_c.blood-transfusion-service-center.0.H2OAutoML] Memory Usage: 45.2%
[MONITORING] [local.openml_t_359955.pygmo_c.blood-transfusion-service-center.0.H2OAutoML] Disk Usage: 43.2%
[MONITORING] [local.openml_t_359955.pygmo_c.blood-transfusion-service-center.0.H2OAutoML] CPU Utilization: 84.3%
[MONITORING] [local.openml_t_359955.pygmo_c.blood-transfusion-service-center.0.H2OAutoML] Memory Usage: 45.2%
[MONITORING] [local.openml_t_359955.pygmo_c.blood-transfusion-service-center.0.H2OAutoML] Disk Usage: 43.2%
AutoML progress: |███████████████████████████████████████████████████████████████| (done) 100%
deeplearning prediction progress: |██████████████████████████████████████████████| (done) 100%
H2O session _sid_a21a closed.



Predictions preview:
                      1                    2 predictions truth
0   0.4873608930695506   0.5126391069304495           2     2
1   0.8968294237537253   0.1031705762462748           1     2
2   0.7760902725369772  0.22390972746302285           2     2
3   0.9125381690090473  0.08746183099095269           1     2
4   0.5837033687601587   0.4162966312398413           2     2
5   0.7328731161539234   0.2671268838460766           2     2
6    0.863816943702118  0.13618305629788194           1     2
7   0.5311620269955247   0.4688379730044753           2     2
8   0.8594826009338862   0.1405173990661139           1     2
9   0.8024870294076069  0.19751297059239323           2     2
10  0.7428161408199719    0.257183859180028           2     2
11  0.6088456024341559   0.3911543975658442           2     2
12  0.9348298974628029  0.06517010253719704           1     2
13  0.8990957922497728  0.10090420775022728           1     2
14  0.9086884490339867  0.09131155096601341           1     2
15  0.6672235019725238   0.3327764980274762           2     2
16  0.8990957922497728  0.10090420775022728           1     2
17  0.8990957922497728  0.10090420775022728           1     2
18  0.8968294237537253   0.1031705762462748           1     1
19  0.8968294237537253   0.1031705762462748           1     1

Predictions saved to `/home/juradoi/experiments/automlbenchmark/results/h2oautoml.openml_t_359955.pygmo_c.local.20211209T220747/predictions/blood-transfusion-service-center/0/predictions.csv`.
Loading metadata from `/home/juradoi/experiments/automlbenchmark/results/h2oautoml.openml_t_359955.pygmo_c.local.20211209T220747/predictions/blood-transfusion-service-center/0/metadata.json`.
Loading predictions from `/home/juradoi/experiments/automlbenchmark/results/h2oautoml.openml_t_359955.pygmo_c.local.20211209T220747/predictions/blood-transfusion-service-center/0/predictions.csv`.
Metric scores: { 'acc': 0.7466666666666667,
  'app_version': 'dev [master, beef024]',
  'auc': 0.7529239766081871,
  'balacc': 0.6622807017543859,
  'constraint': 'pygmo_c',
  'duration': nan,
  'fold': 0,
  'framework': 'H2OAutoML',
  'id': 'openml.org/t/359955',
  'info': None,
  'logloss': 0.5157084464506643,
  'metric': 'auc',
  'mode': 'local',
  'models_count': 302,
  'params': '',
  'predict_duration': 0.1227264404296875,
  'result': 0.7529239766081871,
  'seed': 921694796,
  'task': 'blood-transfusion-service-center',
  'training_duration': 3430.757651090622,
  'type': 'binary',
  'utc': '2021-12-09T23:05:08',
  'version': '3.34.0.3'}
Job `local.openml_t_359955.pygmo_c.blood-transfusion-service-center.0.H2OAutoML` executed in 3440.764 seconds.
All jobs executed in 3440.773 seconds.
[MONITORING] [local.openml_t_359955.pygmo_c.blood-transfusion-service-center.0.H2OAutoML] CPU Utilization: 48.7%
[MONITORING] [local.openml_t_359955.pygmo_c.blood-transfusion-service-center.0.H2OAutoML] Memory Usage: 1.9%
[MONITORING] [local.openml_t_359955.pygmo_c.blood-transfusion-service-center.0.H2OAutoML] Disk Usage: 43.2%
Processing results for h2oautoml.openml_t_359955.pygmo_c.local.20211209T220747
Scores saved to `/home/juradoi/experiments/automlbenchmark/results/h2oautoml.openml_t_359955.pygmo_c.local.20211209T220747/scores/H2OAutoML.benchmark_openml_t_359955.csv`.
Scores saved to `/home/juradoi/experiments/automlbenchmark/results/h2oautoml.openml_t_359955.pygmo_c.local.20211209T220747/scores/results.csv`.
Scores saved to `/home/juradoi/experiments/automlbenchmark/results/results.csv`.
Summing up scores for current run:
                 id                             task fold framework constraint   result metric  duration      seed
openml.org/t/359955 blood-transfusion-service-center    0 H2OAutoML    pygmo_c 0.752924    auc    3440.8 921694796
