/var/spool/slurm/slurmd/job8496250/slurm_script: line 8: activate: No such file or directory
Running benchmark `H2OAutoML` on `openml/t/359976` framework in `local` mode.
Loading frameworks definitions from ['/home/juradoi/experiments/automlbenchmark/resources/frameworks.yaml'].
Loading benchmark constraint definitions from ['/home/juradoi/experiments/automlbenchmark/resources/constraints.yaml'].
Loading openml task 359976.

---------------------------------------------------------------------
Starting job local.openml_t_359976.pygmo_c.Fashion-MNIST.0.H2OAutoML.
Assigning 16 cores (total=16) for new task Fashion-MNIST.
Assigning 91099 MB (total=95302 MB) for new Fashion-MNIST task.
[MONITORING] [local.openml_t_359976.pygmo_c.Fashion-MNIST.0.H2OAutoML] CPU Utilization: 16.3%
[MONITORING] [local.openml_t_359976.pygmo_c.Fashion-MNIST.0.H2OAutoML] Memory Usage: 2.3%
[MONITORING] [local.openml_t_359976.pygmo_c.Fashion-MNIST.0.H2OAutoML] Disk Usage: 43.2%
Running task Fashion-MNIST on framework H2OAutoML with config:
TaskConfig({})
Running cmd `/home/juradoi/experiments/automlbenchmark/frameworks/H2OAutoML/venv/bin/python -W ignore /home/juradoi/experiments/automlbenchmark/frameworks/H2OAutoML/exec.py`
INFO:__main__:
**** H2O AutoML [v3.34.0.3] ****

INFO:__main__:Starting H2O cluster with 16 cores, 60733M memory.
Checking whether there is an H2O instance running at http://localhost:9592 ..... not found.
Attempting to start a local H2O server...
  Java Version: openjdk version "11.0.12" 2021-07-20; OpenJDK Runtime Environment (build 11.0.12+7-post-Debian-2deb10u1); OpenJDK 64-Bit Server VM (build 11.0.12+7-post-Debian-2deb10u1, mixed mode, sharing)
  Starting server from /home/juradoi/experiments/automlbenchmark/frameworks/H2OAutoML/venv/lib/python3.8/site-packages/h2o/backend/bin/h2o.jar
  Ice root: /tmp/tmp8d3kfip3
  JVM stdout: /tmp/tmp8d3kfip3/h2o_unknownUser_started_from_python.out
  JVM stderr: /tmp/tmp8d3kfip3/h2o_unknownUser_started_from_python.err
  Server is running at http://127.0.0.1:9592
Connecting to H2O server at http://127.0.0.1:9592 ... successful.
--------------------------  ------------------------------------------------------------------
H2O_cluster_uptime:         01 secs
H2O_cluster_timezone:       Europe/Amsterdam
H2O_data_parsing_timezone:  UTC
H2O_cluster_version:        3.34.0.3
H2O_cluster_version_age:    2 months and 2 days
H2O_cluster_name:           H2O_from_python_unknownUser_2slwmm
H2O_cluster_total_nodes:    1
H2O_cluster_free_memory:    59.31 Gb
H2O_cluster_total_cores:    16
H2O_cluster_allowed_cores:  16
H2O_cluster_status:         locked, healthy
H2O_connection_url:         http://127.0.0.1:9592
H2O_connection_proxy:       {"http": null, "https": null}
H2O_internal_security:      False
H2O_API_Extensions:         Amazon S3, XGBoost, Algos, AutoML, Core V3, TargetEncoder, Core V4
Python_version:             3.8.12 final
--------------------------  ------------------------------------------------------------------
Parse progress: |████████████████████████████████████████████████████████████████| (done) 100%
Parse progress: |████████████████████████████████████████████████████████████████| (done) 100%
INFO:__main__:Running model on task Fashion-MNIST, fold 0.
[MONITORING] [local.openml_t_359976.pygmo_c.Fashion-MNIST.0.H2OAutoML] CPU Utilization: 40.0%
[MONITORING] [local.openml_t_359976.pygmo_c.Fashion-MNIST.0.H2OAutoML] Memory Usage: 10.1%
[MONITORING] [local.openml_t_359976.pygmo_c.Fashion-MNIST.0.H2OAutoML] Disk Usage: 43.2%
[MONITORING] [local.openml_t_359976.pygmo_c.Fashion-MNIST.0.H2OAutoML] CPU Utilization: 81.1%
[MONITORING] [local.openml_t_359976.pygmo_c.Fashion-MNIST.0.H2OAutoML] Memory Usage: 11.0%
[MONITORING] [local.openml_t_359976.pygmo_c.Fashion-MNIST.0.H2OAutoML] Disk Usage: 43.2%
[MONITORING] [local.openml_t_359976.pygmo_c.Fashion-MNIST.0.H2OAutoML] CPU Utilization: 83.4%
[MONITORING] [local.openml_t_359976.pygmo_c.Fashion-MNIST.0.H2OAutoML] Memory Usage: 11.1%
[MONITORING] [local.openml_t_359976.pygmo_c.Fashion-MNIST.0.H2OAutoML] Disk Usage: 43.2%
[MONITORING] [local.openml_t_359976.pygmo_c.Fashion-MNIST.0.H2OAutoML] CPU Utilization: 81.2%
[MONITORING] [local.openml_t_359976.pygmo_c.Fashion-MNIST.0.H2OAutoML] Memory Usage: 11.2%
[MONITORING] [local.openml_t_359976.pygmo_c.Fashion-MNIST.0.H2OAutoML] Disk Usage: 43.2%
[MONITORING] [local.openml_t_359976.pygmo_c.Fashion-MNIST.0.H2OAutoML] CPU Utilization: 84.1%
[MONITORING] [local.openml_t_359976.pygmo_c.Fashion-MNIST.0.H2OAutoML] Memory Usage: 10.6%
[MONITORING] [local.openml_t_359976.pygmo_c.Fashion-MNIST.0.H2OAutoML] Disk Usage: 43.2%
[MONITORING] [local.openml_t_359976.pygmo_c.Fashion-MNIST.0.H2OAutoML] CPU Utilization: 93.4%
[MONITORING] [local.openml_t_359976.pygmo_c.Fashion-MNIST.0.H2OAutoML] Memory Usage: 10.6%
[MONITORING] [local.openml_t_359976.pygmo_c.Fashion-MNIST.0.H2OAutoML] Disk Usage: 43.2%
[MONITORING] [local.openml_t_359976.pygmo_c.Fashion-MNIST.0.H2OAutoML] CPU Utilization: 93.4%
[MONITORING] [local.openml_t_359976.pygmo_c.Fashion-MNIST.0.H2OAutoML] Memory Usage: 10.8%
[MONITORING] [local.openml_t_359976.pygmo_c.Fashion-MNIST.0.H2OAutoML] Disk Usage: 43.2%
[MONITORING] [local.openml_t_359976.pygmo_c.Fashion-MNIST.0.H2OAutoML] CPU Utilization: 90.3%
[MONITORING] [local.openml_t_359976.pygmo_c.Fashion-MNIST.0.H2OAutoML] Memory Usage: 45.0%
[MONITORING] [local.openml_t_359976.pygmo_c.Fashion-MNIST.0.H2OAutoML] Disk Usage: 43.2%
[MONITORING] [local.openml_t_359976.pygmo_c.Fashion-MNIST.0.H2OAutoML] CPU Utilization: 89.7%
[MONITORING] [local.openml_t_359976.pygmo_c.Fashion-MNIST.0.H2OAutoML] Memory Usage: 45.2%
[MONITORING] [local.openml_t_359976.pygmo_c.Fashion-MNIST.0.H2OAutoML] Disk Usage: 43.2%
[MONITORING] [local.openml_t_359976.pygmo_c.Fashion-MNIST.0.H2OAutoML] CPU Utilization: 89.5%
[MONITORING] [local.openml_t_359976.pygmo_c.Fashion-MNIST.0.H2OAutoML] Memory Usage: 45.2%
[MONITORING] [local.openml_t_359976.pygmo_c.Fashion-MNIST.0.H2OAutoML] Disk Usage: 43.2%
[MONITORING] [local.openml_t_359976.pygmo_c.Fashion-MNIST.0.H2OAutoML] CPU Utilization: 89.3%
[MONITORING] [local.openml_t_359976.pygmo_c.Fashion-MNIST.0.H2OAutoML] Memory Usage: 45.3%
[MONITORING] [local.openml_t_359976.pygmo_c.Fashion-MNIST.0.H2OAutoML] Disk Usage: 43.2%
[MONITORING] [local.openml_t_359976.pygmo_c.Fashion-MNIST.0.H2OAutoML] CPU Utilization: 89.5%
[MONITORING] [local.openml_t_359976.pygmo_c.Fashion-MNIST.0.H2OAutoML] Memory Usage: 45.3%
[MONITORING] [local.openml_t_359976.pygmo_c.Fashion-MNIST.0.H2OAutoML] Disk Usage: 43.2%
[MONITORING] [local.openml_t_359976.pygmo_c.Fashion-MNIST.0.H2OAutoML] CPU Utilization: 89.2%
[MONITORING] [local.openml_t_359976.pygmo_c.Fashion-MNIST.0.H2OAutoML] Memory Usage: 45.3%
[MONITORING] [local.openml_t_359976.pygmo_c.Fashion-MNIST.0.H2OAutoML] Disk Usage: 43.2%
[MONITORING] [local.openml_t_359976.pygmo_c.Fashion-MNIST.0.H2OAutoML] CPU Utilization: 89.6%
[MONITORING] [local.openml_t_359976.pygmo_c.Fashion-MNIST.0.H2OAutoML] Memory Usage: 45.2%
[MONITORING] [local.openml_t_359976.pygmo_c.Fashion-MNIST.0.H2OAutoML] Disk Usage: 43.2%
[MONITORING] [local.openml_t_359976.pygmo_c.Fashion-MNIST.0.H2OAutoML] CPU Utilization: 89.3%
[MONITORING] [local.openml_t_359976.pygmo_c.Fashion-MNIST.0.H2OAutoML] Memory Usage: 45.2%
[MONITORING] [local.openml_t_359976.pygmo_c.Fashion-MNIST.0.H2OAutoML] Disk Usage: 43.2%
[MONITORING] [local.openml_t_359976.pygmo_c.Fashion-MNIST.0.H2OAutoML] CPU Utilization: 89.5%
[MONITORING] [local.openml_t_359976.pygmo_c.Fashion-MNIST.0.H2OAutoML] Memory Usage: 45.2%
[MONITORING] [local.openml_t_359976.pygmo_c.Fashion-MNIST.0.H2OAutoML] Disk Usage: 43.2%
[MONITORING] [local.openml_t_359976.pygmo_c.Fashion-MNIST.0.H2OAutoML] CPU Utilization: 89.8%
[MONITORING] [local.openml_t_359976.pygmo_c.Fashion-MNIST.0.H2OAutoML] Memory Usage: 45.2%
[MONITORING] [local.openml_t_359976.pygmo_c.Fashion-MNIST.0.H2OAutoML] Disk Usage: 43.2%
[MONITORING] [local.openml_t_359976.pygmo_c.Fashion-MNIST.0.H2OAutoML] CPU Utilization: 89.3%
[MONITORING] [local.openml_t_359976.pygmo_c.Fashion-MNIST.0.H2OAutoML] Memory Usage: 45.2%
[MONITORING] [local.openml_t_359976.pygmo_c.Fashion-MNIST.0.H2OAutoML] Disk Usage: 43.2%
[MONITORING] [local.openml_t_359976.pygmo_c.Fashion-MNIST.0.H2OAutoML] CPU Utilization: 93.3%
[MONITORING] [local.openml_t_359976.pygmo_c.Fashion-MNIST.0.H2OAutoML] Memory Usage: 45.3%
[MONITORING] [local.openml_t_359976.pygmo_c.Fashion-MNIST.0.H2OAutoML] Disk Usage: 43.2%
[MONITORING] [local.openml_t_359976.pygmo_c.Fashion-MNIST.0.H2OAutoML] CPU Utilization: 97.5%
[MONITORING] [local.openml_t_359976.pygmo_c.Fashion-MNIST.0.H2OAutoML] Memory Usage: 45.3%
[MONITORING] [local.openml_t_359976.pygmo_c.Fashion-MNIST.0.H2OAutoML] Disk Usage: 43.2%
[MONITORING] [local.openml_t_359976.pygmo_c.Fashion-MNIST.0.H2OAutoML] CPU Utilization: 97.4%
[MONITORING] [local.openml_t_359976.pygmo_c.Fashion-MNIST.0.H2OAutoML] Memory Usage: 45.4%
[MONITORING] [local.openml_t_359976.pygmo_c.Fashion-MNIST.0.H2OAutoML] Disk Usage: 43.2%
[MONITORING] [local.openml_t_359976.pygmo_c.Fashion-MNIST.0.H2OAutoML] CPU Utilization: 97.5%
[MONITORING] [local.openml_t_359976.pygmo_c.Fashion-MNIST.0.H2OAutoML] Memory Usage: 45.4%
[MONITORING] [local.openml_t_359976.pygmo_c.Fashion-MNIST.0.H2OAutoML] Disk Usage: 43.2%
[MONITORING] [local.openml_t_359976.pygmo_c.Fashion-MNIST.0.H2OAutoML] CPU Utilization: 97.6%
[MONITORING] [local.openml_t_359976.pygmo_c.Fashion-MNIST.0.H2OAutoML] Memory Usage: 45.4%
[MONITORING] [local.openml_t_359976.pygmo_c.Fashion-MNIST.0.H2OAutoML] Disk Usage: 43.2%
[MONITORING] [local.openml_t_359976.pygmo_c.Fashion-MNIST.0.H2OAutoML] CPU Utilization: 97.4%
[MONITORING] [local.openml_t_359976.pygmo_c.Fashion-MNIST.0.H2OAutoML] Memory Usage: 45.4%
[MONITORING] [local.openml_t_359976.pygmo_c.Fashion-MNIST.0.H2OAutoML] Disk Usage: 43.2%
[MONITORING] [local.openml_t_359976.pygmo_c.Fashion-MNIST.0.H2OAutoML] CPU Utilization: 97.4%
[MONITORING] [local.openml_t_359976.pygmo_c.Fashion-MNIST.0.H2OAutoML] Memory Usage: 45.4%
[MONITORING] [local.openml_t_359976.pygmo_c.Fashion-MNIST.0.H2OAutoML] Disk Usage: 43.2%
[MONITORING] [local.openml_t_359976.pygmo_c.Fashion-MNIST.0.H2OAutoML] CPU Utilization: 97.5%
[MONITORING] [local.openml_t_359976.pygmo_c.Fashion-MNIST.0.H2OAutoML] Memory Usage: 45.5%
[MONITORING] [local.openml_t_359976.pygmo_c.Fashion-MNIST.0.H2OAutoML] Disk Usage: 43.2%
[MONITORING] [local.openml_t_359976.pygmo_c.Fashion-MNIST.0.H2OAutoML] CPU Utilization: 95.1%
[MONITORING] [local.openml_t_359976.pygmo_c.Fashion-MNIST.0.H2OAutoML] Memory Usage: 45.5%
[MONITORING] [local.openml_t_359976.pygmo_c.Fashion-MNIST.0.H2OAutoML] Disk Usage: 43.2%
[MONITORING] [local.openml_t_359976.pygmo_c.Fashion-MNIST.0.H2OAutoML] CPU Utilization: 82.8%
[MONITORING] [local.openml_t_359976.pygmo_c.Fashion-MNIST.0.H2OAutoML] Memory Usage: 46.2%
[MONITORING] [local.openml_t_359976.pygmo_c.Fashion-MNIST.0.H2OAutoML] Disk Usage: 43.2%
[MONITORING] [local.openml_t_359976.pygmo_c.Fashion-MNIST.0.H2OAutoML] CPU Utilization: 91.2%
[MONITORING] [local.openml_t_359976.pygmo_c.Fashion-MNIST.0.H2OAutoML] Memory Usage: 45.7%
[MONITORING] [local.openml_t_359976.pygmo_c.Fashion-MNIST.0.H2OAutoML] Disk Usage: 43.2%
[MONITORING] [local.openml_t_359976.pygmo_c.Fashion-MNIST.0.H2OAutoML] CPU Utilization: 96.1%
[MONITORING] [local.openml_t_359976.pygmo_c.Fashion-MNIST.0.H2OAutoML] Memory Usage: 45.9%
[MONITORING] [local.openml_t_359976.pygmo_c.Fashion-MNIST.0.H2OAutoML] Disk Usage: 43.2%
AutoML progress: |███████████████████████████████████████████████████████████████| (done) 100%
stackedensemble prediction progress: |███████████████████████████████████████████| (done) 100%
H2O session _sid_851e closed.



Predictions preview:
                         0                      1                      2                      3                      4                   5                      6                      7                      8                      9 predictions truth
0   1.2796845267895253E-6  3.5290884852038925E-7  1.6200141996705982E-6    3.76174880635585E-7   2.892285010409074E-7  0.9999085553343033   8.168388458664094E-6   2.104077282634537E-5  2.3530871343781626E-6   5.596440632063144E-5           5     5
1    8.661456836950224E-6  1.2523891238745142E-6   9.916755090008828E-6   2.343920915175723E-6    3.99831948908214E-6  0.9995010822480825   3.948360874413161E-5    3.77866806905735E-4  1.1899177590680482E-5   4.349531722187572E-5           5     5
2    2.962067085191513E-5   8.313119100156012E-6   3.350841204389205E-5  1.3637701090971202E-5  1.6250796271691936E-5  0.9950598827261069  1.5771559852161633E-4  0.0041198062318374504   5.131702192954873E-5   5.099477222458117E-4           5     5
3    0.007914630136628938  0.0036005517849952875  0.0023815342311445465   0.005785877596051739  0.0023002714781621366   0.917632231258153    0.00947519116129972   0.007805331987144432   0.008203064888601624    0.03490131547781854           5     5
4   2.2294631410197532E-4   7.599798973255225E-5  2.1792786963099997E-4   9.897667504515355E-5  1.0387068631560543E-4  0.9807010822949203   6.911092719776972E-4   0.010010487595636603  3.8754670994552284E-4   0.007490054592693577           5     5
5   5.5660318346819506E-5  1.1022654607605583E-5  5.1567504755755614E-5   1.224634693605698E-5   6.423714788775421E-6   0.995740735957213  1.5855255025190105E-4   0.001844549652995525   3.325486847815208E-4  0.0017866926153228423           5     5
6    6.238215793759241E-4   1.744646517663954E-4   7.391503327716498E-4  1.3289781747345477E-4   8.334494475907506E-5  0.8750670498064617   0.001968151602491209   0.043684512785792995   0.007368702595043888    0.07015790388406384           5     5
7    3.625629290339073E-5   6.787589280181287E-6  2.9145827592071502E-5  1.4785360188792276E-5  1.9187492427460724E-5  0.9995566584308757   8.611689228775542E-5  1.5031567072674955E-4  2.3349503953374914E-5   7.739693976451835E-5           5     5
8    6.990549416102028E-7   8.631610088177502E-8   8.270852100925153E-7  1.7581061997101759E-7  4.7185112187023866E-7  0.9999817817802901   3.184302556473148E-6   6.932788864857401E-6   5.653258432571395E-7   5.275684451008912E-6           5     5
9   1.0065650973653283E-4   2.407643852851685E-5   9.292763948044871E-5   5.442509701040085E-5   5.866574070847917E-5   0.998223139807703  2.0903584438405735E-4   7.946810187410114E-4  1.0841874249028419E-4  3.3397316121688196E-4           5     5
10  1.6614775449284372E-6  2.1152704830777922E-7  1.8011364919999528E-6   4.775066372185072E-7    9.30146246434942E-7  0.9999708865942205   6.122670516820562E-6  1.0172557063816245E-5  1.2783250679985179E-6    6.45805916201458E-6           5     5
11   3.288621470041868E-6  1.3435960453722452E-6  2.7017717527428146E-6   1.448083149410293E-6   4.501350864145987E-7  0.9998763929850342   8.810701404308795E-6  3.6809088045336266E-5   4.565832991427125E-6   6.418918502091077E-5           5     5
12   2.330557096071529E-6   3.236579067837113E-7   1.911170956599694E-6    5.81450873753059E-7   9.667723808738123E-7  0.9998885770236257   7.927926527808966E-6   5.257259009751143E-5   2.186379333745743E-6   4.262247120118691E-5           5     5
13  1.7010767677745203E-5  3.6559424623827645E-6  1.9531286396944138E-5   5.103364324072953E-6  1.0175527598086225E-5  0.9995411251971734   7.153099276140482E-5  2.3859433273671124E-4  2.4123978478582453E-5   6.914861039063898E-5           5     5
14  1.3751844470514778E-6  2.1325836569710774E-7  1.1495319618841698E-6   1.391988411244389E-7  1.1141985135780553E-7  0.9999461448906942   4.722364971560887E-6   1.231459506952556E-5  1.0617205290837571E-6  3.2767835268334424E-5           5     5
15   5.443394655988541E-6  1.6582026205756657E-6   4.221553409720624E-6   1.486034120536938E-6  1.8604867408433382E-6  0.9998000506341469   1.704373630579888E-5    6.11509124239741E-5  6.7799138389152755E-6  1.0030513173689587E-4           5     5
16   8.946051049592744E-7  1.5889665726828773E-7   7.962796969233232E-7  3.2320724942783726E-7  2.0599611060374482E-7  0.9999832340169739  2.9824583368301722E-6   4.710725238059388E-6  1.8546473749334736E-6   4.839167257161676E-6           5     5
17    4.30685623228196E-7   9.854889676112917E-8  4.7571996490973377E-7   8.203373385032613E-8  3.7588494952033697E-8  0.9999822963975866  2.0480307341425226E-6   5.764657309663075E-6   1.440434360857263E-6   7.325903294750103E-6           5     5
18  2.1749838332381464E-4   4.543591000987314E-5  1.7879076732091483E-4   5.226093494485188E-5  5.3752270034487985E-5  0.9910160977810214   6.211312445079368E-4  0.0016469194459618442   5.271648112526893E-4   0.005640948451622142           5     5
19  1.5164986866761257E-6    3.79796424797362E-7  1.9912928135641756E-6   4.827852119544784E-7   1.077907335862439E-6  0.9999375704076175   7.612594974628783E-6   1.989510818306159E-5  1.8155066066630841E-6  2.7658102145232456E-5           5     5

Predictions saved to `/home/juradoi/experiments/automlbenchmark/results/h2oautoml.openml_t_359976.pygmo_c.local.20211210T063637/predictions/Fashion-MNIST/0/predictions.csv`.
Loading metadata from `/home/juradoi/experiments/automlbenchmark/results/h2oautoml.openml_t_359976.pygmo_c.local.20211210T063637/predictions/Fashion-MNIST/0/metadata.json`.
Loading predictions from `/home/juradoi/experiments/automlbenchmark/results/h2oautoml.openml_t_359976.pygmo_c.local.20211210T063637/predictions/Fashion-MNIST/0/predictions.csv`.
Metric scores: { 'acc': 0.9014285714285715,
  'app_version': 'dev [master, beef024]',
  'balacc': 0.9014285714285715,
  'constraint': 'pygmo_c',
  'duration': nan,
  'fold': 0,
  'framework': 'H2OAutoML',
  'id': 'openml.org/t/359976',
  'info': None,
  'logloss': 0.2691053764054273,
  'metric': 'neg_logloss',
  'mode': 'local',
  'models_count': 11,
  'params': '',
  'predict_duration': 0.5421524047851562,
  'result': -0.2691053764054273,
  'seed': 1161232912,
  'task': 'Fashion-MNIST',
  'training_duration': 3635.3609640598297,
  'type': 'multiclass',
  'utc': '2021-12-10T07:38:27',
  'version': '3.34.0.3'}
Job `local.openml_t_359976.pygmo_c.Fashion-MNIST.0.H2OAutoML` executed in 3709.231 seconds.
All jobs executed in 3709.279 seconds.
[MONITORING] [local.openml_t_359976.pygmo_c.Fashion-MNIST.0.H2OAutoML] CPU Utilization: 83.3%
[MONITORING] [local.openml_t_359976.pygmo_c.Fashion-MNIST.0.H2OAutoML] Memory Usage: 2.7%
[MONITORING] [local.openml_t_359976.pygmo_c.Fashion-MNIST.0.H2OAutoML] Disk Usage: 43.2%
Processing results for h2oautoml.openml_t_359976.pygmo_c.local.20211210T063637
Scores saved to `/home/juradoi/experiments/automlbenchmark/results/h2oautoml.openml_t_359976.pygmo_c.local.20211210T063637/scores/H2OAutoML.benchmark_openml_t_359976.csv`.
Scores saved to `/home/juradoi/experiments/automlbenchmark/results/h2oautoml.openml_t_359976.pygmo_c.local.20211210T063637/scores/results.csv`.
Scores saved to `/home/juradoi/experiments/automlbenchmark/results/results.csv`.
Summing up scores for current run:
                 id          task fold framework constraint    result      metric  duration       seed
openml.org/t/359976 Fashion-MNIST    0 H2OAutoML    pygmo_c -0.269105 neg_logloss    3709.2 1161232912
