/var/spool/slurm/slurmd/job8493073/slurm_script: line 8: activate: No such file or directory
Running benchmark `H2OAutoML` on `openml/t/168350` framework in `local` mode.
Loading frameworks definitions from ['/home/juradoi/experiments/automlbenchmark/resources/frameworks.yaml'].
Loading benchmark constraint definitions from ['/home/juradoi/experiments/automlbenchmark/resources/constraints.yaml'].
Loading openml task 168350.

---------------------------------------------------------------
Starting job local.openml_t_168350.pygmo_c.phoneme.0.H2OAutoML.
Assigning 16 cores (total=16) for new task phoneme.
Assigning 91049 MB (total=95302 MB) for new phoneme task.
[MONITORING] [local.openml_t_168350.pygmo_c.phoneme.0.H2OAutoML] CPU Utilization: 18.5%
[MONITORING] [local.openml_t_168350.pygmo_c.phoneme.0.H2OAutoML] Memory Usage: 2.3%
[MONITORING] [local.openml_t_168350.pygmo_c.phoneme.0.H2OAutoML] Disk Usage: 43.2%
Running task phoneme on framework H2OAutoML with config:
TaskConfig({})
Running cmd `/home/juradoi/experiments/automlbenchmark/frameworks/H2OAutoML/venv/bin/python -W ignore /home/juradoi/experiments/automlbenchmark/frameworks/H2OAutoML/exec.py`
INFO:__main__:
**** H2O AutoML [v3.34.0.3] ****

INFO:__main__:Starting H2O cluster with 16 cores, 60699M memory.
Checking whether there is an H2O instance running at http://localhost:26993 ..... not found.
Attempting to start a local H2O server...
  Java Version: openjdk version "11.0.12" 2021-07-20; OpenJDK Runtime Environment (build 11.0.12+7-post-Debian-2deb10u1); OpenJDK 64-Bit Server VM (build 11.0.12+7-post-Debian-2deb10u1, mixed mode, sharing)
  Starting server from /home/juradoi/experiments/automlbenchmark/frameworks/H2OAutoML/venv/lib/python3.8/site-packages/h2o/backend/bin/h2o.jar
  Ice root: /tmp/tmp07lw2pi5
  JVM stdout: /tmp/tmp07lw2pi5/h2o_unknownUser_started_from_python.out
  JVM stderr: /tmp/tmp07lw2pi5/h2o_unknownUser_started_from_python.err
  Server is running at http://127.0.0.1:26993
Connecting to H2O server at http://127.0.0.1:26993 ... successful.
--------------------------  ------------------------------------------------------------------
H2O_cluster_uptime:         01 secs
H2O_cluster_timezone:       Europe/Amsterdam
H2O_data_parsing_timezone:  UTC
H2O_cluster_version:        3.34.0.3
H2O_cluster_version_age:    2 months and 2 days
H2O_cluster_name:           H2O_from_python_unknownUser_r095a7
H2O_cluster_total_nodes:    1
H2O_cluster_free_memory:    59.28 Gb
H2O_cluster_total_cores:    16
H2O_cluster_allowed_cores:  16
H2O_cluster_status:         locked, healthy
H2O_connection_url:         http://127.0.0.1:26993
H2O_connection_proxy:       {"http": null, "https": null}
H2O_internal_security:      False
H2O_API_Extensions:         Amazon S3, XGBoost, Algos, AutoML, Core V3, TargetEncoder, Core V4
Python_version:             3.8.12 final
--------------------------  ------------------------------------------------------------------
Parse progress: |████████████████████████████████████████████████████████████████| (done) 100%
Parse progress: |████████████████████████████████████████████████████████████████| (done) 100%
INFO:__main__:Running model on task phoneme, fold 0.
[MONITORING] [local.openml_t_168350.pygmo_c.phoneme.0.H2OAutoML] CPU Utilization: 64.2%
[MONITORING] [local.openml_t_168350.pygmo_c.phoneme.0.H2OAutoML] Memory Usage: 30.7%
[MONITORING] [local.openml_t_168350.pygmo_c.phoneme.0.H2OAutoML] Disk Usage: 43.2%
[MONITORING] [local.openml_t_168350.pygmo_c.phoneme.0.H2OAutoML] CPU Utilization: 79.6%
[MONITORING] [local.openml_t_168350.pygmo_c.phoneme.0.H2OAutoML] Memory Usage: 45.7%
[MONITORING] [local.openml_t_168350.pygmo_c.phoneme.0.H2OAutoML] Disk Usage: 43.2%
[MONITORING] [local.openml_t_168350.pygmo_c.phoneme.0.H2OAutoML] CPU Utilization: 78.9%
[MONITORING] [local.openml_t_168350.pygmo_c.phoneme.0.H2OAutoML] Memory Usage: 46.3%
[MONITORING] [local.openml_t_168350.pygmo_c.phoneme.0.H2OAutoML] Disk Usage: 43.2%
[MONITORING] [local.openml_t_168350.pygmo_c.phoneme.0.H2OAutoML] CPU Utilization: 78.9%
[MONITORING] [local.openml_t_168350.pygmo_c.phoneme.0.H2OAutoML] Memory Usage: 47.3%
[MONITORING] [local.openml_t_168350.pygmo_c.phoneme.0.H2OAutoML] Disk Usage: 43.2%
[MONITORING] [local.openml_t_168350.pygmo_c.phoneme.0.H2OAutoML] CPU Utilization: 78.6%
[MONITORING] [local.openml_t_168350.pygmo_c.phoneme.0.H2OAutoML] Memory Usage: 48.1%
[MONITORING] [local.openml_t_168350.pygmo_c.phoneme.0.H2OAutoML] Disk Usage: 43.2%
[MONITORING] [local.openml_t_168350.pygmo_c.phoneme.0.H2OAutoML] CPU Utilization: 71.4%
[MONITORING] [local.openml_t_168350.pygmo_c.phoneme.0.H2OAutoML] Memory Usage: 49.7%
[MONITORING] [local.openml_t_168350.pygmo_c.phoneme.0.H2OAutoML] Disk Usage: 43.2%
[MONITORING] [local.openml_t_168350.pygmo_c.phoneme.0.H2OAutoML] CPU Utilization: 67.1%
[MONITORING] [local.openml_t_168350.pygmo_c.phoneme.0.H2OAutoML] Memory Usage: 50.1%
[MONITORING] [local.openml_t_168350.pygmo_c.phoneme.0.H2OAutoML] Disk Usage: 43.2%
[MONITORING] [local.openml_t_168350.pygmo_c.phoneme.0.H2OAutoML] CPU Utilization: 91.7%
[MONITORING] [local.openml_t_168350.pygmo_c.phoneme.0.H2OAutoML] Memory Usage: 50.6%
[MONITORING] [local.openml_t_168350.pygmo_c.phoneme.0.H2OAutoML] Disk Usage: 43.2%
[MONITORING] [local.openml_t_168350.pygmo_c.phoneme.0.H2OAutoML] CPU Utilization: 98.3%
[MONITORING] [local.openml_t_168350.pygmo_c.phoneme.0.H2OAutoML] Memory Usage: 51.0%
[MONITORING] [local.openml_t_168350.pygmo_c.phoneme.0.H2OAutoML] Disk Usage: 43.2%
[MONITORING] [local.openml_t_168350.pygmo_c.phoneme.0.H2OAutoML] CPU Utilization: 97.4%
[MONITORING] [local.openml_t_168350.pygmo_c.phoneme.0.H2OAutoML] Memory Usage: 51.3%
[MONITORING] [local.openml_t_168350.pygmo_c.phoneme.0.H2OAutoML] Disk Usage: 43.2%
[MONITORING] [local.openml_t_168350.pygmo_c.phoneme.0.H2OAutoML] CPU Utilization: 98.3%
[MONITORING] [local.openml_t_168350.pygmo_c.phoneme.0.H2OAutoML] Memory Usage: 51.3%
[MONITORING] [local.openml_t_168350.pygmo_c.phoneme.0.H2OAutoML] Disk Usage: 43.2%
[MONITORING] [local.openml_t_168350.pygmo_c.phoneme.0.H2OAutoML] CPU Utilization: 97.5%
[MONITORING] [local.openml_t_168350.pygmo_c.phoneme.0.H2OAutoML] Memory Usage: 51.4%
[MONITORING] [local.openml_t_168350.pygmo_c.phoneme.0.H2OAutoML] Disk Usage: 43.2%
[MONITORING] [local.openml_t_168350.pygmo_c.phoneme.0.H2OAutoML] CPU Utilization: 97.6%
[MONITORING] [local.openml_t_168350.pygmo_c.phoneme.0.H2OAutoML] Memory Usage: 51.4%
[MONITORING] [local.openml_t_168350.pygmo_c.phoneme.0.H2OAutoML] Disk Usage: 43.2%
[MONITORING] [local.openml_t_168350.pygmo_c.phoneme.0.H2OAutoML] CPU Utilization: 96.6%
[MONITORING] [local.openml_t_168350.pygmo_c.phoneme.0.H2OAutoML] Memory Usage: 51.4%
[MONITORING] [local.openml_t_168350.pygmo_c.phoneme.0.H2OAutoML] Disk Usage: 43.2%
[MONITORING] [local.openml_t_168350.pygmo_c.phoneme.0.H2OAutoML] CPU Utilization: 98.4%
[MONITORING] [local.openml_t_168350.pygmo_c.phoneme.0.H2OAutoML] Memory Usage: 51.4%
[MONITORING] [local.openml_t_168350.pygmo_c.phoneme.0.H2OAutoML] Disk Usage: 43.2%
[MONITORING] [local.openml_t_168350.pygmo_c.phoneme.0.H2OAutoML] CPU Utilization: 97.6%
[MONITORING] [local.openml_t_168350.pygmo_c.phoneme.0.H2OAutoML] Memory Usage: 52.2%
[MONITORING] [local.openml_t_168350.pygmo_c.phoneme.0.H2OAutoML] Disk Usage: 43.2%
[MONITORING] [local.openml_t_168350.pygmo_c.phoneme.0.H2OAutoML] CPU Utilization: 98.2%
[MONITORING] [local.openml_t_168350.pygmo_c.phoneme.0.H2OAutoML] Memory Usage: 52.2%
[MONITORING] [local.openml_t_168350.pygmo_c.phoneme.0.H2OAutoML] Disk Usage: 43.2%
[MONITORING] [local.openml_t_168350.pygmo_c.phoneme.0.H2OAutoML] CPU Utilization: 97.8%
[MONITORING] [local.openml_t_168350.pygmo_c.phoneme.0.H2OAutoML] Memory Usage: 52.3%
[MONITORING] [local.openml_t_168350.pygmo_c.phoneme.0.H2OAutoML] Disk Usage: 43.2%
[MONITORING] [local.openml_t_168350.pygmo_c.phoneme.0.H2OAutoML] CPU Utilization: 98.1%
[MONITORING] [local.openml_t_168350.pygmo_c.phoneme.0.H2OAutoML] Memory Usage: 52.3%
[MONITORING] [local.openml_t_168350.pygmo_c.phoneme.0.H2OAutoML] Disk Usage: 43.2%
[MONITORING] [local.openml_t_168350.pygmo_c.phoneme.0.H2OAutoML] CPU Utilization: 97.2%
[MONITORING] [local.openml_t_168350.pygmo_c.phoneme.0.H2OAutoML] Memory Usage: 52.3%
[MONITORING] [local.openml_t_168350.pygmo_c.phoneme.0.H2OAutoML] Disk Usage: 43.2%
[MONITORING] [local.openml_t_168350.pygmo_c.phoneme.0.H2OAutoML] CPU Utilization: 97.9%
[MONITORING] [local.openml_t_168350.pygmo_c.phoneme.0.H2OAutoML] Memory Usage: 52.4%
[MONITORING] [local.openml_t_168350.pygmo_c.phoneme.0.H2OAutoML] Disk Usage: 43.2%
[MONITORING] [local.openml_t_168350.pygmo_c.phoneme.0.H2OAutoML] CPU Utilization: 98.5%
[MONITORING] [local.openml_t_168350.pygmo_c.phoneme.0.H2OAutoML] Memory Usage: 52.4%
[MONITORING] [local.openml_t_168350.pygmo_c.phoneme.0.H2OAutoML] Disk Usage: 43.2%
[MONITORING] [local.openml_t_168350.pygmo_c.phoneme.0.H2OAutoML] CPU Utilization: 95.8%
[MONITORING] [local.openml_t_168350.pygmo_c.phoneme.0.H2OAutoML] Memory Usage: 52.5%
[MONITORING] [local.openml_t_168350.pygmo_c.phoneme.0.H2OAutoML] Disk Usage: 43.2%
[MONITORING] [local.openml_t_168350.pygmo_c.phoneme.0.H2OAutoML] CPU Utilization: 96.7%
[MONITORING] [local.openml_t_168350.pygmo_c.phoneme.0.H2OAutoML] Memory Usage: 52.5%
[MONITORING] [local.openml_t_168350.pygmo_c.phoneme.0.H2OAutoML] Disk Usage: 43.2%
[MONITORING] [local.openml_t_168350.pygmo_c.phoneme.0.H2OAutoML] CPU Utilization: 97.6%
[MONITORING] [local.openml_t_168350.pygmo_c.phoneme.0.H2OAutoML] Memory Usage: 52.5%
[MONITORING] [local.openml_t_168350.pygmo_c.phoneme.0.H2OAutoML] Disk Usage: 43.2%
[MONITORING] [local.openml_t_168350.pygmo_c.phoneme.0.H2OAutoML] CPU Utilization: 97.9%
[MONITORING] [local.openml_t_168350.pygmo_c.phoneme.0.H2OAutoML] Memory Usage: 52.8%
[MONITORING] [local.openml_t_168350.pygmo_c.phoneme.0.H2OAutoML] Disk Usage: 43.2%
[MONITORING] [local.openml_t_168350.pygmo_c.phoneme.0.H2OAutoML] CPU Utilization: 96.3%
[MONITORING] [local.openml_t_168350.pygmo_c.phoneme.0.H2OAutoML] Memory Usage: 52.8%
[MONITORING] [local.openml_t_168350.pygmo_c.phoneme.0.H2OAutoML] Disk Usage: 43.2%
[MONITORING] [local.openml_t_168350.pygmo_c.phoneme.0.H2OAutoML] CPU Utilization: 95.2%
[MONITORING] [local.openml_t_168350.pygmo_c.phoneme.0.H2OAutoML] Memory Usage: 52.8%
[MONITORING] [local.openml_t_168350.pygmo_c.phoneme.0.H2OAutoML] Disk Usage: 43.2%
[MONITORING] [local.openml_t_168350.pygmo_c.phoneme.0.H2OAutoML] CPU Utilization: 80.9%
[MONITORING] [local.openml_t_168350.pygmo_c.phoneme.0.H2OAutoML] Memory Usage: 53.1%
[MONITORING] [local.openml_t_168350.pygmo_c.phoneme.0.H2OAutoML] Disk Usage: 43.2%
[MONITORING] [local.openml_t_168350.pygmo_c.phoneme.0.H2OAutoML] CPU Utilization: 74.1%
[MONITORING] [local.openml_t_168350.pygmo_c.phoneme.0.H2OAutoML] Memory Usage: 53.1%
[MONITORING] [local.openml_t_168350.pygmo_c.phoneme.0.H2OAutoML] Disk Usage: 43.2%
AutoML progress: |███████████████████████████████████████████████████████████████| (done) 100%
stackedensemble prediction progress: |███████████████████████████████████████████| (done) 100%
H2O session _sid_86f2 closed.



Predictions preview:
                       1                      2 predictions truth
0    0.9992354512214661   7.645615260116756E-4           1     1
1    0.9993428587913513   6.571392877958715E-4           1     1
2    0.9996010661125183  3.9894034853205085E-4           1     1
3    0.9816935658454895    0.01830645278096199           1     1
4     0.999807596206665  1.9238903769291937E-4           1     1
5    0.8282302021980286    0.17176979780197144           1     1
6    0.9998114705085754  1.8853122310247272E-4           1     1
7    0.9993003010749817   6.997095188125968E-4           1     1
8    0.9986293911933899  0.0013705799356102943           1     1
9    0.9989013075828552  0.0010986828710883856           1     1
10   0.9991508722305298    8.49102740176022E-4           1     1
11   0.0665399432182312     0.9334600567817688           2     1
12   0.9939409494400024   0.006059055682271719           1     1
13   0.9439244866371155    0.05607549101114273           1     1
14  0.37606489658355713     0.6239351034164429           1     1
15    0.988275945186615    0.01172405295073986           1     1
16   0.9693143367767334   0.030685685575008392           1     1
17   0.9997641444206238  2.3587231407873333E-4           1     1
18   0.9984094500541687  0.0015905307373031974           1     1
19   0.9982835650444031  0.0017164594028145075           1     1

Predictions saved to `/home/juradoi/experiments/automlbenchmark/results/h2oautoml.openml_t_168350.pygmo_c.local.20211209T184051/predictions/phoneme/0/predictions.csv`.
Loading metadata from `/home/juradoi/experiments/automlbenchmark/results/h2oautoml.openml_t_168350.pygmo_c.local.20211209T184051/predictions/phoneme/0/metadata.json`.
Loading predictions from `/home/juradoi/experiments/automlbenchmark/results/h2oautoml.openml_t_168350.pygmo_c.local.20211209T184051/predictions/phoneme/0/predictions.csv`.
Metric scores: { 'acc': 0.9094269870609981,
  'app_version': 'dev [master, beef024]',
  'auc': 0.9676150021403405,
  'balacc': 0.886298528104317,
  'constraint': 'pygmo_c',
  'duration': nan,
  'fold': 0,
  'framework': 'H2OAutoML',
  'id': 'openml.org/t/168350',
  'info': None,
  'logloss': 0.2231154008936123,
  'metric': 'auc',
  'mode': 'local',
  'models_count': 462,
  'params': '',
  'predict_duration': 0.5661525726318359,
  'result': 0.9676150021403405,
  'seed': 582032505,
  'task': 'phoneme',
  'training_duration': 3598.907884120941,
  'type': 'binary',
  'utc': '2021-12-09T19:41:00',
  'version': '3.34.0.3'}
Job `local.openml_t_168350.pygmo_c.phoneme.0.H2OAutoML` executed in 3608.695 seconds.
All jobs executed in 3608.707 seconds.
[MONITORING] [local.openml_t_168350.pygmo_c.phoneme.0.H2OAutoML] CPU Utilization: 39.1%
[MONITORING] [local.openml_t_168350.pygmo_c.phoneme.0.H2OAutoML] Memory Usage: 2.3%
[MONITORING] [local.openml_t_168350.pygmo_c.phoneme.0.H2OAutoML] Disk Usage: 43.2%
Processing results for h2oautoml.openml_t_168350.pygmo_c.local.20211209T184051
Scores saved to `/home/juradoi/experiments/automlbenchmark/results/h2oautoml.openml_t_168350.pygmo_c.local.20211209T184051/scores/H2OAutoML.benchmark_openml_t_168350.csv`.
Scores saved to `/home/juradoi/experiments/automlbenchmark/results/h2oautoml.openml_t_168350.pygmo_c.local.20211209T184051/scores/results.csv`.
Scores saved to `/home/juradoi/experiments/automlbenchmark/results/results.csv`.
Summing up scores for current run:
                 id    task fold framework constraint   result metric  duration      seed
openml.org/t/168350 phoneme    0 H2OAutoML    pygmo_c 0.967615    auc    3608.7 582032505
