/var/spool/slurm/slurmd/job8496238/slurm_script: line 8: activate: No such file or directory
Running benchmark `H2OAutoML` on `openml/t/359980` framework in `local` mode.
Loading frameworks definitions from ['/home/juradoi/experiments/automlbenchmark/resources/frameworks.yaml'].
Loading benchmark constraint definitions from ['/home/juradoi/experiments/automlbenchmark/resources/constraints.yaml'].
Loading openml task 359980.

-------------------------------------------------------------
Starting job local.openml_t_359980.pygmo_c.nomao.0.H2OAutoML.
Assigning 16 cores (total=16) for new task nomao.
Assigning 91175 MB (total=95302 MB) for new nomao task.
[MONITORING] [local.openml_t_359980.pygmo_c.nomao.0.H2OAutoML] CPU Utilization: 19.6%
[MONITORING] [local.openml_t_359980.pygmo_c.nomao.0.H2OAutoML] Memory Usage: 2.2%
[MONITORING] [local.openml_t_359980.pygmo_c.nomao.0.H2OAutoML] Disk Usage: 43.2%
Running task nomao on framework H2OAutoML with config:
TaskConfig({})
Running cmd `/home/juradoi/experiments/automlbenchmark/frameworks/H2OAutoML/venv/bin/python -W ignore /home/juradoi/experiments/automlbenchmark/frameworks/H2OAutoML/exec.py`
INFO:__main__:
**** H2O AutoML [v3.34.0.3] ****

INFO:__main__:Starting H2O cluster with 16 cores, 60783M memory.
Checking whether there is an H2O instance running at http://localhost:19753 ..... not found.
Attempting to start a local H2O server...
  Java Version: openjdk version "11.0.12" 2021-07-20; OpenJDK Runtime Environment (build 11.0.12+7-post-Debian-2deb10u1); OpenJDK 64-Bit Server VM (build 11.0.12+7-post-Debian-2deb10u1, mixed mode, sharing)
  Starting server from /home/juradoi/experiments/automlbenchmark/frameworks/H2OAutoML/venv/lib/python3.8/site-packages/h2o/backend/bin/h2o.jar
  Ice root: /tmp/tmpphnssklh
  JVM stdout: /tmp/tmpphnssklh/h2o_unknownUser_started_from_python.out
  JVM stderr: /tmp/tmpphnssklh/h2o_unknownUser_started_from_python.err
  Server is running at http://127.0.0.1:19753
Connecting to H2O server at http://127.0.0.1:19753 ... successful.
--------------------------  ------------------------------------------------------------------
H2O_cluster_uptime:         01 secs
H2O_cluster_timezone:       Europe/Amsterdam
H2O_data_parsing_timezone:  UTC
H2O_cluster_version:        3.34.0.3
H2O_cluster_version_age:    2 months and 2 days
H2O_cluster_name:           H2O_from_python_unknownUser_h9ref2
H2O_cluster_total_nodes:    1
H2O_cluster_free_memory:    59.36 Gb
H2O_cluster_total_cores:    16
H2O_cluster_allowed_cores:  16
H2O_cluster_status:         locked, healthy
H2O_connection_url:         http://127.0.0.1:19753
H2O_connection_proxy:       {"http": null, "https": null}
H2O_internal_security:      False
H2O_API_Extensions:         Amazon S3, XGBoost, Algos, AutoML, Core V3, TargetEncoder, Core V4
Python_version:             3.8.12 final
--------------------------  ------------------------------------------------------------------
Parse progress: |████████████████████████████████████████████████████████████████| (done) 100%
Parse progress: |████████████████████████████████████████████████████████████████| (done) 100%
INFO:__main__:Running model on task nomao, fold 0.
[MONITORING] [local.openml_t_359980.pygmo_c.nomao.0.H2OAutoML] CPU Utilization: 78.8%
[MONITORING] [local.openml_t_359980.pygmo_c.nomao.0.H2OAutoML] Memory Usage: 44.7%
[MONITORING] [local.openml_t_359980.pygmo_c.nomao.0.H2OAutoML] Disk Usage: 43.2%
[MONITORING] [local.openml_t_359980.pygmo_c.nomao.0.H2OAutoML] CPU Utilization: 78.8%
[MONITORING] [local.openml_t_359980.pygmo_c.nomao.0.H2OAutoML] Memory Usage: 44.8%
[MONITORING] [local.openml_t_359980.pygmo_c.nomao.0.H2OAutoML] Disk Usage: 43.2%
[MONITORING] [local.openml_t_359980.pygmo_c.nomao.0.H2OAutoML] CPU Utilization: 72.7%
[MONITORING] [local.openml_t_359980.pygmo_c.nomao.0.H2OAutoML] Memory Usage: 45.2%
[MONITORING] [local.openml_t_359980.pygmo_c.nomao.0.H2OAutoML] Disk Usage: 43.2%
[MONITORING] [local.openml_t_359980.pygmo_c.nomao.0.H2OAutoML] CPU Utilization: 82.1%
[MONITORING] [local.openml_t_359980.pygmo_c.nomao.0.H2OAutoML] Memory Usage: 45.3%
[MONITORING] [local.openml_t_359980.pygmo_c.nomao.0.H2OAutoML] Disk Usage: 43.2%
[MONITORING] [local.openml_t_359980.pygmo_c.nomao.0.H2OAutoML] CPU Utilization: 79.7%
[MONITORING] [local.openml_t_359980.pygmo_c.nomao.0.H2OAutoML] Memory Usage: 45.4%
[MONITORING] [local.openml_t_359980.pygmo_c.nomao.0.H2OAutoML] Disk Usage: 43.2%
[MONITORING] [local.openml_t_359980.pygmo_c.nomao.0.H2OAutoML] CPU Utilization: 81.5%
[MONITORING] [local.openml_t_359980.pygmo_c.nomao.0.H2OAutoML] Memory Usage: 45.6%
[MONITORING] [local.openml_t_359980.pygmo_c.nomao.0.H2OAutoML] Disk Usage: 43.2%
[MONITORING] [local.openml_t_359980.pygmo_c.nomao.0.H2OAutoML] CPU Utilization: 81.9%
[MONITORING] [local.openml_t_359980.pygmo_c.nomao.0.H2OAutoML] Memory Usage: 45.7%
[MONITORING] [local.openml_t_359980.pygmo_c.nomao.0.H2OAutoML] Disk Usage: 43.2%
[MONITORING] [local.openml_t_359980.pygmo_c.nomao.0.H2OAutoML] CPU Utilization: 84.5%
[MONITORING] [local.openml_t_359980.pygmo_c.nomao.0.H2OAutoML] Memory Usage: 45.7%
[MONITORING] [local.openml_t_359980.pygmo_c.nomao.0.H2OAutoML] Disk Usage: 43.2%
[MONITORING] [local.openml_t_359980.pygmo_c.nomao.0.H2OAutoML] CPU Utilization: 81.0%
[MONITORING] [local.openml_t_359980.pygmo_c.nomao.0.H2OAutoML] Memory Usage: 45.8%
[MONITORING] [local.openml_t_359980.pygmo_c.nomao.0.H2OAutoML] Disk Usage: 43.2%
[MONITORING] [local.openml_t_359980.pygmo_c.nomao.0.H2OAutoML] CPU Utilization: 80.7%
[MONITORING] [local.openml_t_359980.pygmo_c.nomao.0.H2OAutoML] Memory Usage: 46.0%
[MONITORING] [local.openml_t_359980.pygmo_c.nomao.0.H2OAutoML] Disk Usage: 43.2%
[MONITORING] [local.openml_t_359980.pygmo_c.nomao.0.H2OAutoML] CPU Utilization: 85.3%
[MONITORING] [local.openml_t_359980.pygmo_c.nomao.0.H2OAutoML] Memory Usage: 46.1%
[MONITORING] [local.openml_t_359980.pygmo_c.nomao.0.H2OAutoML] Disk Usage: 43.2%
[MONITORING] [local.openml_t_359980.pygmo_c.nomao.0.H2OAutoML] CPU Utilization: 81.1%
[MONITORING] [local.openml_t_359980.pygmo_c.nomao.0.H2OAutoML] Memory Usage: 46.2%
[MONITORING] [local.openml_t_359980.pygmo_c.nomao.0.H2OAutoML] Disk Usage: 43.2%
[MONITORING] [local.openml_t_359980.pygmo_c.nomao.0.H2OAutoML] CPU Utilization: 80.6%
[MONITORING] [local.openml_t_359980.pygmo_c.nomao.0.H2OAutoML] Memory Usage: 46.4%
[MONITORING] [local.openml_t_359980.pygmo_c.nomao.0.H2OAutoML] Disk Usage: 43.2%
[MONITORING] [local.openml_t_359980.pygmo_c.nomao.0.H2OAutoML] CPU Utilization: 82.9%
[MONITORING] [local.openml_t_359980.pygmo_c.nomao.0.H2OAutoML] Memory Usage: 46.5%
[MONITORING] [local.openml_t_359980.pygmo_c.nomao.0.H2OAutoML] Disk Usage: 43.2%
[MONITORING] [local.openml_t_359980.pygmo_c.nomao.0.H2OAutoML] CPU Utilization: 81.4%
[MONITORING] [local.openml_t_359980.pygmo_c.nomao.0.H2OAutoML] Memory Usage: 46.6%
[MONITORING] [local.openml_t_359980.pygmo_c.nomao.0.H2OAutoML] Disk Usage: 43.2%
[MONITORING] [local.openml_t_359980.pygmo_c.nomao.0.H2OAutoML] CPU Utilization: 83.7%
[MONITORING] [local.openml_t_359980.pygmo_c.nomao.0.H2OAutoML] Memory Usage: 46.7%
[MONITORING] [local.openml_t_359980.pygmo_c.nomao.0.H2OAutoML] Disk Usage: 43.2%
[MONITORING] [local.openml_t_359980.pygmo_c.nomao.0.H2OAutoML] CPU Utilization: 81.3%
[MONITORING] [local.openml_t_359980.pygmo_c.nomao.0.H2OAutoML] Memory Usage: 46.7%
[MONITORING] [local.openml_t_359980.pygmo_c.nomao.0.H2OAutoML] Disk Usage: 43.2%
[MONITORING] [local.openml_t_359980.pygmo_c.nomao.0.H2OAutoML] CPU Utilization: 81.2%
[MONITORING] [local.openml_t_359980.pygmo_c.nomao.0.H2OAutoML] Memory Usage: 47.3%
[MONITORING] [local.openml_t_359980.pygmo_c.nomao.0.H2OAutoML] Disk Usage: 43.2%
[MONITORING] [local.openml_t_359980.pygmo_c.nomao.0.H2OAutoML] CPU Utilization: 86.2%
[MONITORING] [local.openml_t_359980.pygmo_c.nomao.0.H2OAutoML] Memory Usage: 47.4%
[MONITORING] [local.openml_t_359980.pygmo_c.nomao.0.H2OAutoML] Disk Usage: 43.2%
[MONITORING] [local.openml_t_359980.pygmo_c.nomao.0.H2OAutoML] CPU Utilization: 83.5%
[MONITORING] [local.openml_t_359980.pygmo_c.nomao.0.H2OAutoML] Memory Usage: 47.4%
[MONITORING] [local.openml_t_359980.pygmo_c.nomao.0.H2OAutoML] Disk Usage: 43.2%
[MONITORING] [local.openml_t_359980.pygmo_c.nomao.0.H2OAutoML] CPU Utilization: 83.9%
[MONITORING] [local.openml_t_359980.pygmo_c.nomao.0.H2OAutoML] Memory Usage: 47.5%
[MONITORING] [local.openml_t_359980.pygmo_c.nomao.0.H2OAutoML] Disk Usage: 43.2%
[MONITORING] [local.openml_t_359980.pygmo_c.nomao.0.H2OAutoML] CPU Utilization: 86.3%
[MONITORING] [local.openml_t_359980.pygmo_c.nomao.0.H2OAutoML] Memory Usage: 47.6%
[MONITORING] [local.openml_t_359980.pygmo_c.nomao.0.H2OAutoML] Disk Usage: 43.2%
[MONITORING] [local.openml_t_359980.pygmo_c.nomao.0.H2OAutoML] CPU Utilization: 83.8%
[MONITORING] [local.openml_t_359980.pygmo_c.nomao.0.H2OAutoML] Memory Usage: 47.7%
[MONITORING] [local.openml_t_359980.pygmo_c.nomao.0.H2OAutoML] Disk Usage: 43.2%
[MONITORING] [local.openml_t_359980.pygmo_c.nomao.0.H2OAutoML] CPU Utilization: 79.9%
[MONITORING] [local.openml_t_359980.pygmo_c.nomao.0.H2OAutoML] Memory Usage: 47.7%
[MONITORING] [local.openml_t_359980.pygmo_c.nomao.0.H2OAutoML] Disk Usage: 43.2%
[MONITORING] [local.openml_t_359980.pygmo_c.nomao.0.H2OAutoML] CPU Utilization: 94.8%
[MONITORING] [local.openml_t_359980.pygmo_c.nomao.0.H2OAutoML] Memory Usage: 47.7%
[MONITORING] [local.openml_t_359980.pygmo_c.nomao.0.H2OAutoML] Disk Usage: 43.2%
[MONITORING] [local.openml_t_359980.pygmo_c.nomao.0.H2OAutoML] CPU Utilization: 94.1%
[MONITORING] [local.openml_t_359980.pygmo_c.nomao.0.H2OAutoML] Memory Usage: 47.9%
[MONITORING] [local.openml_t_359980.pygmo_c.nomao.0.H2OAutoML] Disk Usage: 43.2%
[MONITORING] [local.openml_t_359980.pygmo_c.nomao.0.H2OAutoML] CPU Utilization: 91.1%
[MONITORING] [local.openml_t_359980.pygmo_c.nomao.0.H2OAutoML] Memory Usage: 47.9%
[MONITORING] [local.openml_t_359980.pygmo_c.nomao.0.H2OAutoML] Disk Usage: 43.2%
[MONITORING] [local.openml_t_359980.pygmo_c.nomao.0.H2OAutoML] CPU Utilization: 91.7%
[MONITORING] [local.openml_t_359980.pygmo_c.nomao.0.H2OAutoML] Memory Usage: 47.9%
[MONITORING] [local.openml_t_359980.pygmo_c.nomao.0.H2OAutoML] Disk Usage: 43.2%
[MONITORING] [local.openml_t_359980.pygmo_c.nomao.0.H2OAutoML] CPU Utilization: 89.9%
[MONITORING] [local.openml_t_359980.pygmo_c.nomao.0.H2OAutoML] Memory Usage: 47.9%
[MONITORING] [local.openml_t_359980.pygmo_c.nomao.0.H2OAutoML] Disk Usage: 43.2%
[MONITORING] [local.openml_t_359980.pygmo_c.nomao.0.H2OAutoML] CPU Utilization: 84.2%
[MONITORING] [local.openml_t_359980.pygmo_c.nomao.0.H2OAutoML] Memory Usage: 48.0%
[MONITORING] [local.openml_t_359980.pygmo_c.nomao.0.H2OAutoML] Disk Usage: 43.2%
AutoML progress: |███████████████████████████████████████████████████████████████| (done) 100%
stackedensemble prediction progress: |███████████████████████████████████████████| (done) 100%
H2O session _sid_81fc closed.



Predictions preview:
                         1                   2 predictions truth
0   1.0320117966111653E-4  0.9998967988203389           2     2
1    3.069983513360741E-4  0.9996930016486639           2     2
2   4.3953828945886286E-4  0.9995604617105411           2     2
3    9.580356864180573E-5  0.9999041964313582           2     2
4    6.226555539534662E-5  0.9999377344446047           2     2
5    3.075428567257399E-4  0.9996924571432743           2     2
6     0.01042887731846387  0.9895711226815361           2     2
7    3.193734056572417E-5  0.9999680626594343           2     2
8   4.3248888944846797E-4  0.9995675111105515           2     2
9    7.959627992493168E-5  0.9999204037200751           2     2
10   4.595706511957287E-4  0.9995404293488043           2     2
11   0.004774476779321635  0.9952255232206784           2     2
12  2.6876868164826817E-5  0.9999731231318352           2     2
13  0.0016497624030289426  0.9983502375969711           2     2
14  2.9450740322245483E-4  0.9997054925967775           2     2
15    0.10227481669922112  0.8977251833007789           2     2
16   0.004407631667124101  0.9955923683328759           2     2
17   1.632289313142632E-4  0.9998367710686857           2     2
18   3.984529034436468E-4  0.9996015470965564           2     2
19    0.06055871725810824  0.9394412827418918           2     2

Predictions saved to `/home/juradoi/experiments/automlbenchmark/results/h2oautoml.openml_t_359980.pygmo_c.local.20211210T063947/predictions/nomao/0/predictions.csv`.
Loading metadata from `/home/juradoi/experiments/automlbenchmark/results/h2oautoml.openml_t_359980.pygmo_c.local.20211210T063947/predictions/nomao/0/metadata.json`.
Loading predictions from `/home/juradoi/experiments/automlbenchmark/results/h2oautoml.openml_t_359980.pygmo_c.local.20211210T063947/predictions/nomao/0/predictions.csv`.
Metric scores: { 'acc': 0.9773716275021758,
  'app_version': 'dev [master, beef024]',
  'auc': 0.9965043621203569,
  'balacc': 0.9725708782666389,
  'constraint': 'pygmo_c',
  'duration': nan,
  'fold': 0,
  'framework': 'H2OAutoML',
  'id': 'openml.org/t/359980',
  'info': None,
  'logloss': 0.0676100496362929,
  'metric': 'auc',
  'mode': 'local',
  'models_count': 116,
  'params': '',
  'predict_duration': 0.5454349517822266,
  'result': 0.9965043621203569,
  'seed': 688664081,
  'task': 'nomao',
  'training_duration': 3603.30722284317,
  'type': 'binary',
  'utc': '2021-12-10T07:40:01',
  'version': '3.34.0.3'}
Job `local.openml_t_359980.pygmo_c.nomao.0.H2OAutoML` executed in 3614.437 seconds.
All jobs executed in 3614.456 seconds.
[MONITORING] [local.openml_t_359980.pygmo_c.nomao.0.H2OAutoML] CPU Utilization: 66.3%
[MONITORING] [local.openml_t_359980.pygmo_c.nomao.0.H2OAutoML] Memory Usage: 2.2%
[MONITORING] [local.openml_t_359980.pygmo_c.nomao.0.H2OAutoML] Disk Usage: 43.2%
Processing results for h2oautoml.openml_t_359980.pygmo_c.local.20211210T063947
Scores saved to `/home/juradoi/experiments/automlbenchmark/results/h2oautoml.openml_t_359980.pygmo_c.local.20211210T063947/scores/H2OAutoML.benchmark_openml_t_359980.csv`.
Scores saved to `/home/juradoi/experiments/automlbenchmark/results/h2oautoml.openml_t_359980.pygmo_c.local.20211210T063947/scores/results.csv`.
Scores saved to `/home/juradoi/experiments/automlbenchmark/results/results.csv`.
Summing up scores for current run:
                 id  task fold framework constraint   result metric  duration      seed
openml.org/t/359980 nomao    0 H2OAutoML    pygmo_c 0.996504    auc    3614.4 688664081
