/var/spool/slurm/slurmd/job8493085/slurm_script: line 8: activate: No such file or directory
Running benchmark `H2OAutoML` on `openml/t/168757` framework in `local` mode.
Loading frameworks definitions from ['/home/juradoi/experiments/automlbenchmark/resources/frameworks.yaml'].
Loading benchmark constraint definitions from ['/home/juradoi/experiments/automlbenchmark/resources/constraints.yaml'].
Loading openml task 168757.

----------------------------------------------------------------
Starting job local.openml_t_168757.pygmo_c.credit-g.0.H2OAutoML.
Assigning 16 cores (total=16) for new task credit-g.
Assigning 91246 MB (total=95302 MB) for new credit-g task.
[MONITORING] [local.openml_t_168757.pygmo_c.credit-g.0.H2OAutoML] CPU Utilization: 12.3%
[MONITORING] [local.openml_t_168757.pygmo_c.credit-g.0.H2OAutoML] Memory Usage: 2.1%
[MONITORING] [local.openml_t_168757.pygmo_c.credit-g.0.H2OAutoML] Disk Usage: 39.2%
Running task credit-g on framework H2OAutoML with config:
TaskConfig({})
Running cmd `/home/juradoi/experiments/automlbenchmark/frameworks/H2OAutoML/venv/bin/python -W ignore /home/juradoi/experiments/automlbenchmark/frameworks/H2OAutoML/exec.py`
INFO:__main__:
**** H2O AutoML [v3.34.0.3] ****

INFO:__main__:Starting H2O cluster with 16 cores, 60831M memory.
Checking whether there is an H2O instance running at http://localhost:11302 ..... not found.
Attempting to start a local H2O server...
  Java Version: openjdk version "11.0.12" 2021-07-20; OpenJDK Runtime Environment (build 11.0.12+7-post-Debian-2deb10u1); OpenJDK 64-Bit Server VM (build 11.0.12+7-post-Debian-2deb10u1, mixed mode, sharing)
  Starting server from /home/juradoi/experiments/automlbenchmark/frameworks/H2OAutoML/venv/lib/python3.8/site-packages/h2o/backend/bin/h2o.jar
  Ice root: /tmp/tmp5tmgw3cq
  JVM stdout: /tmp/tmp5tmgw3cq/h2o_unknownUser_started_from_python.out
  JVM stderr: /tmp/tmp5tmgw3cq/h2o_unknownUser_started_from_python.err
  Server is running at http://127.0.0.1:11302
Connecting to H2O server at http://127.0.0.1:11302 ... successful.
--------------------------  ------------------------------------------------------------------
H2O_cluster_uptime:         01 secs
H2O_cluster_timezone:       Europe/Amsterdam
H2O_data_parsing_timezone:  UTC
H2O_cluster_version:        3.34.0.3
H2O_cluster_version_age:    2 months and 2 days
H2O_cluster_name:           H2O_from_python_unknownUser_q27bcz
H2O_cluster_total_nodes:    1
H2O_cluster_free_memory:    59.41 Gb
H2O_cluster_total_cores:    16
H2O_cluster_allowed_cores:  16
H2O_cluster_status:         locked, healthy
H2O_connection_url:         http://127.0.0.1:11302
H2O_connection_proxy:       {"http": null, "https": null}
H2O_internal_security:      False
H2O_API_Extensions:         Amazon S3, XGBoost, Algos, AutoML, Core V3, TargetEncoder, Core V4
Python_version:             3.8.12 final
--------------------------  ------------------------------------------------------------------
Parse progress: |████████████████████████████████████████████████████████████████| (done) 100%
Parse progress: |████████████████████████████████████████████████████████████████| (done) 100%
Parse progress: |████████████████████████████████████████████████████████████████| (done) 100%
INFO:__main__:Running model on task credit-g, fold 0.
[MONITORING] [local.openml_t_168757.pygmo_c.credit-g.0.H2OAutoML] CPU Utilization: 70.5%
[MONITORING] [local.openml_t_168757.pygmo_c.credit-g.0.H2OAutoML] Memory Usage: 26.4%
[MONITORING] [local.openml_t_168757.pygmo_c.credit-g.0.H2OAutoML] Disk Usage: 39.2%
[MONITORING] [local.openml_t_168757.pygmo_c.credit-g.0.H2OAutoML] CPU Utilization: 96.8%
[MONITORING] [local.openml_t_168757.pygmo_c.credit-g.0.H2OAutoML] Memory Usage: 34.3%
[MONITORING] [local.openml_t_168757.pygmo_c.credit-g.0.H2OAutoML] Disk Usage: 39.2%
[MONITORING] [local.openml_t_168757.pygmo_c.credit-g.0.H2OAutoML] CPU Utilization: 96.2%
[MONITORING] [local.openml_t_168757.pygmo_c.credit-g.0.H2OAutoML] Memory Usage: 35.2%
[MONITORING] [local.openml_t_168757.pygmo_c.credit-g.0.H2OAutoML] Disk Usage: 39.2%
[MONITORING] [local.openml_t_168757.pygmo_c.credit-g.0.H2OAutoML] CPU Utilization: 96.1%
[MONITORING] [local.openml_t_168757.pygmo_c.credit-g.0.H2OAutoML] Memory Usage: 44.8%
[MONITORING] [local.openml_t_168757.pygmo_c.credit-g.0.H2OAutoML] Disk Usage: 39.2%
[MONITORING] [local.openml_t_168757.pygmo_c.credit-g.0.H2OAutoML] CPU Utilization: 96.6%
[MONITORING] [local.openml_t_168757.pygmo_c.credit-g.0.H2OAutoML] Memory Usage: 44.9%
[MONITORING] [local.openml_t_168757.pygmo_c.credit-g.0.H2OAutoML] Disk Usage: 39.2%
[MONITORING] [local.openml_t_168757.pygmo_c.credit-g.0.H2OAutoML] CPU Utilization: 96.7%
[MONITORING] [local.openml_t_168757.pygmo_c.credit-g.0.H2OAutoML] Memory Usage: 45.2%
[MONITORING] [local.openml_t_168757.pygmo_c.credit-g.0.H2OAutoML] Disk Usage: 39.2%
[MONITORING] [local.openml_t_168757.pygmo_c.credit-g.0.H2OAutoML] CPU Utilization: 96.4%
[MONITORING] [local.openml_t_168757.pygmo_c.credit-g.0.H2OAutoML] Memory Usage: 45.2%
[MONITORING] [local.openml_t_168757.pygmo_c.credit-g.0.H2OAutoML] Disk Usage: 39.2%
[MONITORING] [local.openml_t_168757.pygmo_c.credit-g.0.H2OAutoML] CPU Utilization: 96.8%
[MONITORING] [local.openml_t_168757.pygmo_c.credit-g.0.H2OAutoML] Memory Usage: 45.3%
[MONITORING] [local.openml_t_168757.pygmo_c.credit-g.0.H2OAutoML] Disk Usage: 39.2%
[MONITORING] [local.openml_t_168757.pygmo_c.credit-g.0.H2OAutoML] CPU Utilization: 96.1%
[MONITORING] [local.openml_t_168757.pygmo_c.credit-g.0.H2OAutoML] Memory Usage: 45.3%
[MONITORING] [local.openml_t_168757.pygmo_c.credit-g.0.H2OAutoML] Disk Usage: 39.2%
[MONITORING] [local.openml_t_168757.pygmo_c.credit-g.0.H2OAutoML] CPU Utilization: 95.8%
[MONITORING] [local.openml_t_168757.pygmo_c.credit-g.0.H2OAutoML] Memory Usage: 45.4%
[MONITORING] [local.openml_t_168757.pygmo_c.credit-g.0.H2OAutoML] Disk Usage: 39.2%
[MONITORING] [local.openml_t_168757.pygmo_c.credit-g.0.H2OAutoML] CPU Utilization: 96.6%
[MONITORING] [local.openml_t_168757.pygmo_c.credit-g.0.H2OAutoML] Memory Usage: 45.4%
[MONITORING] [local.openml_t_168757.pygmo_c.credit-g.0.H2OAutoML] Disk Usage: 39.2%
[MONITORING] [local.openml_t_168757.pygmo_c.credit-g.0.H2OAutoML] CPU Utilization: 95.7%
[MONITORING] [local.openml_t_168757.pygmo_c.credit-g.0.H2OAutoML] Memory Usage: 45.4%
[MONITORING] [local.openml_t_168757.pygmo_c.credit-g.0.H2OAutoML] Disk Usage: 39.2%
[MONITORING] [local.openml_t_168757.pygmo_c.credit-g.0.H2OAutoML] CPU Utilization: 96.5%
[MONITORING] [local.openml_t_168757.pygmo_c.credit-g.0.H2OAutoML] Memory Usage: 45.4%
[MONITORING] [local.openml_t_168757.pygmo_c.credit-g.0.H2OAutoML] Disk Usage: 39.2%
[MONITORING] [local.openml_t_168757.pygmo_c.credit-g.0.H2OAutoML] CPU Utilization: 96.2%
[MONITORING] [local.openml_t_168757.pygmo_c.credit-g.0.H2OAutoML] Memory Usage: 45.5%
[MONITORING] [local.openml_t_168757.pygmo_c.credit-g.0.H2OAutoML] Disk Usage: 39.2%
[MONITORING] [local.openml_t_168757.pygmo_c.credit-g.0.H2OAutoML] CPU Utilization: 96.8%
[MONITORING] [local.openml_t_168757.pygmo_c.credit-g.0.H2OAutoML] Memory Usage: 45.6%
[MONITORING] [local.openml_t_168757.pygmo_c.credit-g.0.H2OAutoML] Disk Usage: 39.2%
[MONITORING] [local.openml_t_168757.pygmo_c.credit-g.0.H2OAutoML] CPU Utilization: 96.9%
[MONITORING] [local.openml_t_168757.pygmo_c.credit-g.0.H2OAutoML] Memory Usage: 45.6%
[MONITORING] [local.openml_t_168757.pygmo_c.credit-g.0.H2OAutoML] Disk Usage: 39.2%
[MONITORING] [local.openml_t_168757.pygmo_c.credit-g.0.H2OAutoML] CPU Utilization: 96.1%
[MONITORING] [local.openml_t_168757.pygmo_c.credit-g.0.H2OAutoML] Memory Usage: 45.6%
[MONITORING] [local.openml_t_168757.pygmo_c.credit-g.0.H2OAutoML] Disk Usage: 39.2%
[MONITORING] [local.openml_t_168757.pygmo_c.credit-g.0.H2OAutoML] CPU Utilization: 96.0%
[MONITORING] [local.openml_t_168757.pygmo_c.credit-g.0.H2OAutoML] Memory Usage: 45.7%
[MONITORING] [local.openml_t_168757.pygmo_c.credit-g.0.H2OAutoML] Disk Usage: 39.2%
[MONITORING] [local.openml_t_168757.pygmo_c.credit-g.0.H2OAutoML] CPU Utilization: 96.2%
[MONITORING] [local.openml_t_168757.pygmo_c.credit-g.0.H2OAutoML] Memory Usage: 45.7%
[MONITORING] [local.openml_t_168757.pygmo_c.credit-g.0.H2OAutoML] Disk Usage: 39.2%
[MONITORING] [local.openml_t_168757.pygmo_c.credit-g.0.H2OAutoML] CPU Utilization: 96.8%
[MONITORING] [local.openml_t_168757.pygmo_c.credit-g.0.H2OAutoML] Memory Usage: 45.8%
[MONITORING] [local.openml_t_168757.pygmo_c.credit-g.0.H2OAutoML] Disk Usage: 39.2%
[MONITORING] [local.openml_t_168757.pygmo_c.credit-g.0.H2OAutoML] CPU Utilization: 95.0%
[MONITORING] [local.openml_t_168757.pygmo_c.credit-g.0.H2OAutoML] Memory Usage: 45.8%
[MONITORING] [local.openml_t_168757.pygmo_c.credit-g.0.H2OAutoML] Disk Usage: 39.2%
[MONITORING] [local.openml_t_168757.pygmo_c.credit-g.0.H2OAutoML] CPU Utilization: 97.3%
[MONITORING] [local.openml_t_168757.pygmo_c.credit-g.0.H2OAutoML] Memory Usage: 45.9%
[MONITORING] [local.openml_t_168757.pygmo_c.credit-g.0.H2OAutoML] Disk Usage: 39.2%
[MONITORING] [local.openml_t_168757.pygmo_c.credit-g.0.H2OAutoML] CPU Utilization: 97.5%
[MONITORING] [local.openml_t_168757.pygmo_c.credit-g.0.H2OAutoML] Memory Usage: 45.9%
[MONITORING] [local.openml_t_168757.pygmo_c.credit-g.0.H2OAutoML] Disk Usage: 39.2%
[MONITORING] [local.openml_t_168757.pygmo_c.credit-g.0.H2OAutoML] CPU Utilization: 98.0%
[MONITORING] [local.openml_t_168757.pygmo_c.credit-g.0.H2OAutoML] Memory Usage: 46.0%
[MONITORING] [local.openml_t_168757.pygmo_c.credit-g.0.H2OAutoML] Disk Usage: 39.2%
[MONITORING] [local.openml_t_168757.pygmo_c.credit-g.0.H2OAutoML] CPU Utilization: 95.1%
[MONITORING] [local.openml_t_168757.pygmo_c.credit-g.0.H2OAutoML] Memory Usage: 46.0%
[MONITORING] [local.openml_t_168757.pygmo_c.credit-g.0.H2OAutoML] Disk Usage: 39.2%
[MONITORING] [local.openml_t_168757.pygmo_c.credit-g.0.H2OAutoML] CPU Utilization: 97.9%
[MONITORING] [local.openml_t_168757.pygmo_c.credit-g.0.H2OAutoML] Memory Usage: 46.0%
[MONITORING] [local.openml_t_168757.pygmo_c.credit-g.0.H2OAutoML] Disk Usage: 39.2%
[MONITORING] [local.openml_t_168757.pygmo_c.credit-g.0.H2OAutoML] CPU Utilization: 96.9%
[MONITORING] [local.openml_t_168757.pygmo_c.credit-g.0.H2OAutoML] Memory Usage: 46.0%
[MONITORING] [local.openml_t_168757.pygmo_c.credit-g.0.H2OAutoML] Disk Usage: 39.2%
[MONITORING] [local.openml_t_168757.pygmo_c.credit-g.0.H2OAutoML] CPU Utilization: 97.3%
[MONITORING] [local.openml_t_168757.pygmo_c.credit-g.0.H2OAutoML] Memory Usage: 46.1%
[MONITORING] [local.openml_t_168757.pygmo_c.credit-g.0.H2OAutoML] Disk Usage: 39.2%
[MONITORING] [local.openml_t_168757.pygmo_c.credit-g.0.H2OAutoML] CPU Utilization: 59.4%
[MONITORING] [local.openml_t_168757.pygmo_c.credit-g.0.H2OAutoML] Memory Usage: 46.9%
[MONITORING] [local.openml_t_168757.pygmo_c.credit-g.0.H2OAutoML] Disk Usage: 39.2%
AutoML progress: |███████████████████████████████████████████████████████████████| (done) 100%
gbm prediction progress: |███████████████████████████████████████████████████████| (done) 100%
H2O session _sid_a9c3 closed.



Predictions preview:
                      bad                 good predictions truth
0   0.060354158483587605   0.9396458415164124        good  good
1    0.03737325653572465   0.9626267434642753        good  good
2    0.16806180354574018   0.8319381964542598        good  good
3     0.6050420032419379  0.39495799675806215         bad  good
4    0.09012952174133182   0.9098704782586682        good  good
5    0.11090721083901534   0.8890927891609847        good  good
6     0.4364687059141438   0.5635312940858562         bad  good
7      0.367392752119292    0.632607247880708        good  good
8      0.189686901593344    0.810313098406656        good  good
9     0.1073261235720141   0.8926738764279859        good  good
10   0.07409285401601828   0.9259071459839817        good  good
11   0.26736676157477224   0.7326332384252278        good  good
12   0.08441785122125112   0.9155821487787489        good  good
13   0.07173310431065083   0.9282668956893492        good  good
14   0.09925772837818303    0.900742271621817        good  good
15   0.12436188318635355   0.8756381168136464        good  good
16   0.29792303366243966   0.7020769663375603        good  good
17   0.09485200606826372   0.9051479939317363        good  good
18    0.3039572417601808   0.6960427582398192        good  good
19   0.07366068412428994   0.9263393158757101        good  good

Predictions saved to `/home/juradoi/experiments/automlbenchmark/results/h2oautoml.openml_t_168757.pygmo_c.local.20211209T184324/predictions/credit-g/0/predictions.csv`.
Loading metadata from `/home/juradoi/experiments/automlbenchmark/results/h2oautoml.openml_t_168757.pygmo_c.local.20211209T184324/predictions/credit-g/0/metadata.json`.
Loading predictions from `/home/juradoi/experiments/automlbenchmark/results/h2oautoml.openml_t_168757.pygmo_c.local.20211209T184324/predictions/credit-g/0/predictions.csv`.
Metric scores: { 'acc': 0.75,
  'app_version': 'dev [master, beef024]',
  'auc': 0.8471428571428572,
  'balacc': 0.7166666666666667,
  'constraint': 'pygmo_c',
  'duration': nan,
  'fold': 0,
  'framework': 'H2OAutoML',
  'id': 'openml.org/t/168757',
  'info': None,
  'logloss': 0.4489504759499309,
  'metric': 'auc',
  'mode': 'local',
  'models_count': 323,
  'params': '',
  'predict_duration': 0.3320043087005615,
  'result': 0.8471428571428572,
  'seed': 1511549716,
  'task': 'credit-g',
  'training_duration': 3527.8357145786285,
  'type': 'binary',
  'utc': '2021-12-09T19:42:25',
  'version': '3.34.0.3'}
Job `local.openml_t_168757.pygmo_c.credit-g.0.H2OAutoML` executed in 3540.180 seconds.
All jobs executed in 3540.604 seconds.
[MONITORING] [local.openml_t_168757.pygmo_c.credit-g.0.H2OAutoML] CPU Utilization: 64.9%
[MONITORING] [local.openml_t_168757.pygmo_c.credit-g.0.H2OAutoML] Memory Usage: 2.1%
[MONITORING] [local.openml_t_168757.pygmo_c.credit-g.0.H2OAutoML] Disk Usage: 39.2%
Processing results for h2oautoml.openml_t_168757.pygmo_c.local.20211209T184324
Scores saved to `/home/juradoi/experiments/automlbenchmark/results/h2oautoml.openml_t_168757.pygmo_c.local.20211209T184324/scores/H2OAutoML.benchmark_openml_t_168757.csv`.
Scores saved to `/home/juradoi/experiments/automlbenchmark/results/h2oautoml.openml_t_168757.pygmo_c.local.20211209T184324/scores/results.csv`.
Scores saved to `/home/juradoi/experiments/automlbenchmark/results/results.csv`.
Summing up scores for current run:
                 id     task fold framework constraint   result metric  duration       seed
openml.org/t/168757 credit-g    0 H2OAutoML    pygmo_c 0.847143    auc    3540.2 1511549716
