/var/spool/slurm/slurmd/job8492977/slurm_script: line 8: activate: No such file or directory
Running benchmark `H2OAutoML` on `openml/t/3945` framework in `local` mode.
Loading frameworks definitions from ['/home/juradoi/experiments/automlbenchmark/resources/frameworks.yaml'].
Loading benchmark constraint definitions from ['/home/juradoi/experiments/automlbenchmark/resources/constraints.yaml'].
Loading openml task 3945.

------------------------------------------------------------------------
Starting job local.openml_t_3945.pygmo_c.KDDCup09_appetency.0.H2OAutoML.
Assigning 16 cores (total=16) for new task KDDCup09_appetency.
Assigning 91804 MB (total=96058 MB) for new KDDCup09_appetency task.
[MONITORING] [local.openml_t_3945.pygmo_c.KDDCup09_appetency.0.H2OAutoML] CPU Utilization: 11.8%
[MONITORING] [local.openml_t_3945.pygmo_c.KDDCup09_appetency.0.H2OAutoML] Memory Usage: 2.3%
[MONITORING] [local.openml_t_3945.pygmo_c.KDDCup09_appetency.0.H2OAutoML] Disk Usage: 42.6%
Running task KDDCup09_appetency on framework H2OAutoML with config:
TaskConfig({})
Running cmd `/home/juradoi/experiments/automlbenchmark/frameworks/H2OAutoML/venv/bin/python -W ignore /home/juradoi/experiments/automlbenchmark/frameworks/H2OAutoML/exec.py`
INFO:__main__:
**** H2O AutoML [v3.34.0.3] ****

INFO:__main__:Starting H2O cluster with 16 cores, 61203M memory.
Checking whether there is an H2O instance running at http://localhost:33321 ..... not found.
Attempting to start a local H2O server...
  Java Version: openjdk version "11.0.12" 2021-07-20; OpenJDK Runtime Environment (build 11.0.12+7-post-Debian-2deb10u1); OpenJDK 64-Bit Server VM (build 11.0.12+7-post-Debian-2deb10u1, mixed mode, sharing)
  Starting server from /home/juradoi/experiments/automlbenchmark/frameworks/H2OAutoML/venv/lib/python3.8/site-packages/h2o/backend/bin/h2o.jar
  Ice root: /tmp/tmpgf_m3vfj
  JVM stdout: /tmp/tmpgf_m3vfj/h2o_unknownUser_started_from_python.out
  JVM stderr: /tmp/tmpgf_m3vfj/h2o_unknownUser_started_from_python.err
  Server is running at http://127.0.0.1:33321
Connecting to H2O server at http://127.0.0.1:33321 ... successful.
--------------------------  ------------------------------------------------------------------
H2O_cluster_uptime:         02 secs
H2O_cluster_timezone:       Europe/Amsterdam
H2O_data_parsing_timezone:  UTC
H2O_cluster_version:        3.34.0.3
H2O_cluster_version_age:    2 months and 2 days
H2O_cluster_name:           H2O_from_python_unknownUser_tcmq7k
H2O_cluster_total_nodes:    1
H2O_cluster_free_memory:    59.78 Gb
H2O_cluster_total_cores:    16
H2O_cluster_allowed_cores:  16
H2O_cluster_status:         locked, healthy
H2O_connection_url:         http://127.0.0.1:33321
H2O_connection_proxy:       {"http": null, "https": null}
H2O_internal_security:      False
H2O_API_Extensions:         Amazon S3, XGBoost, Algos, AutoML, Core V3, TargetEncoder, Core V4
Python_version:             3.8.12 final
--------------------------  ------------------------------------------------------------------
Parse progress: |████████████████████████████████████████████████████████████████| (done) 100%
Parse progress: |████████████████████████████████████████████████████████████████| (done) 100%
Parse progress: |████████████████████████████████████████████████████████████████| (done) 100%
INFO:__main__:Running model on task KDDCup09_appetency, fold 0.
[MONITORING] [local.openml_t_3945.pygmo_c.KDDCup09_appetency.0.H2OAutoML] CPU Utilization: 43.2%
[MONITORING] [local.openml_t_3945.pygmo_c.KDDCup09_appetency.0.H2OAutoML] Memory Usage: 33.9%
[MONITORING] [local.openml_t_3945.pygmo_c.KDDCup09_appetency.0.H2OAutoML] Disk Usage: 42.6%
[MONITORING] [local.openml_t_3945.pygmo_c.KDDCup09_appetency.0.H2OAutoML] CPU Utilization: 60.9%
[MONITORING] [local.openml_t_3945.pygmo_c.KDDCup09_appetency.0.H2OAutoML] Memory Usage: 49.3%
[MONITORING] [local.openml_t_3945.pygmo_c.KDDCup09_appetency.0.H2OAutoML] Disk Usage: 42.6%
[MONITORING] [local.openml_t_3945.pygmo_c.KDDCup09_appetency.0.H2OAutoML] CPU Utilization: 65.5%
[MONITORING] [local.openml_t_3945.pygmo_c.KDDCup09_appetency.0.H2OAutoML] Memory Usage: 49.3%
[MONITORING] [local.openml_t_3945.pygmo_c.KDDCup09_appetency.0.H2OAutoML] Disk Usage: 42.6%
AutoML progress: |█████████████
19:31:14.941: XRT_1_AutoML_1_20211209_192439 [DRF XRT (Extremely Randomized Trees)] failed: java.lang.AssertionError

[MONITORING] [local.openml_t_3945.pygmo_c.KDDCup09_appetency.0.H2OAutoML] CPU Utilization: 66.3%
[MONITORING] [local.openml_t_3945.pygmo_c.KDDCup09_appetency.0.H2OAutoML] Memory Usage: 50.2%
[MONITORING] [local.openml_t_3945.pygmo_c.KDDCup09_appetency.0.H2OAutoML] Disk Usage: 42.6%
[MONITORING] [local.openml_t_3945.pygmo_c.KDDCup09_appetency.0.H2OAutoML] CPU Utilization: 69.5%
[MONITORING] [local.openml_t_3945.pygmo_c.KDDCup09_appetency.0.H2OAutoML] Memory Usage: 50.9%
[MONITORING] [local.openml_t_3945.pygmo_c.KDDCup09_appetency.0.H2OAutoML] Disk Usage: 42.6%
[MONITORING] [local.openml_t_3945.pygmo_c.KDDCup09_appetency.0.H2OAutoML] CPU Utilization: 64.3%
[MONITORING] [local.openml_t_3945.pygmo_c.KDDCup09_appetency.0.H2OAutoML] Memory Usage: 52.0%
[MONITORING] [local.openml_t_3945.pygmo_c.KDDCup09_appetency.0.H2OAutoML] Disk Usage: 42.6%
[MONITORING] [local.openml_t_3945.pygmo_c.KDDCup09_appetency.0.H2OAutoML] CPU Utilization: 59.1%
[MONITORING] [local.openml_t_3945.pygmo_c.KDDCup09_appetency.0.H2OAutoML] Memory Usage: 52.3%
[MONITORING] [local.openml_t_3945.pygmo_c.KDDCup09_appetency.0.H2OAutoML] Disk Usage: 42.6%
[MONITORING] [local.openml_t_3945.pygmo_c.KDDCup09_appetency.0.H2OAutoML] CPU Utilization: 64.5%
[MONITORING] [local.openml_t_3945.pygmo_c.KDDCup09_appetency.0.H2OAutoML] Memory Usage: 52.4%
[MONITORING] [local.openml_t_3945.pygmo_c.KDDCup09_appetency.0.H2OAutoML] Disk Usage: 42.6%
[MONITORING] [local.openml_t_3945.pygmo_c.KDDCup09_appetency.0.H2OAutoML] CPU Utilization: 61.1%
[MONITORING] [local.openml_t_3945.pygmo_c.KDDCup09_appetency.0.H2OAutoML] Memory Usage: 52.5%
[MONITORING] [local.openml_t_3945.pygmo_c.KDDCup09_appetency.0.H2OAutoML] Disk Usage: 42.6%
[MONITORING] [local.openml_t_3945.pygmo_c.KDDCup09_appetency.0.H2OAutoML] CPU Utilization: 70.7%
[MONITORING] [local.openml_t_3945.pygmo_c.KDDCup09_appetency.0.H2OAutoML] Memory Usage: 52.6%
[MONITORING] [local.openml_t_3945.pygmo_c.KDDCup09_appetency.0.H2OAutoML] Disk Usage: 42.6%
[MONITORING] [local.openml_t_3945.pygmo_c.KDDCup09_appetency.0.H2OAutoML] CPU Utilization: 56.6%
[MONITORING] [local.openml_t_3945.pygmo_c.KDDCup09_appetency.0.H2OAutoML] Memory Usage: 52.7%
[MONITORING] [local.openml_t_3945.pygmo_c.KDDCup09_appetency.0.H2OAutoML] Disk Usage: 42.6%
[MONITORING] [local.openml_t_3945.pygmo_c.KDDCup09_appetency.0.H2OAutoML] CPU Utilization: 66.4%
[MONITORING] [local.openml_t_3945.pygmo_c.KDDCup09_appetency.0.H2OAutoML] Memory Usage: 52.8%
[MONITORING] [local.openml_t_3945.pygmo_c.KDDCup09_appetency.0.H2OAutoML] Disk Usage: 42.6%
[MONITORING] [local.openml_t_3945.pygmo_c.KDDCup09_appetency.0.H2OAutoML] CPU Utilization: 63.2%
[MONITORING] [local.openml_t_3945.pygmo_c.KDDCup09_appetency.0.H2OAutoML] Memory Usage: 53.0%
[MONITORING] [local.openml_t_3945.pygmo_c.KDDCup09_appetency.0.H2OAutoML] Disk Usage: 42.6%
[MONITORING] [local.openml_t_3945.pygmo_c.KDDCup09_appetency.0.H2OAutoML] CPU Utilization: 59.7%
[MONITORING] [local.openml_t_3945.pygmo_c.KDDCup09_appetency.0.H2OAutoML] Memory Usage: 53.1%
[MONITORING] [local.openml_t_3945.pygmo_c.KDDCup09_appetency.0.H2OAutoML] Disk Usage: 42.6%
[MONITORING] [local.openml_t_3945.pygmo_c.KDDCup09_appetency.0.H2OAutoML] CPU Utilization: 63.3%
[MONITORING] [local.openml_t_3945.pygmo_c.KDDCup09_appetency.0.H2OAutoML] Memory Usage: 53.1%
[MONITORING] [local.openml_t_3945.pygmo_c.KDDCup09_appetency.0.H2OAutoML] Disk Usage: 42.6%
[MONITORING] [local.openml_t_3945.pygmo_c.KDDCup09_appetency.0.H2OAutoML] CPU Utilization: 65.3%
[MONITORING] [local.openml_t_3945.pygmo_c.KDDCup09_appetency.0.H2OAutoML] Memory Usage: 53.1%
[MONITORING] [local.openml_t_3945.pygmo_c.KDDCup09_appetency.0.H2OAutoML] Disk Usage: 42.6%
[MONITORING] [local.openml_t_3945.pygmo_c.KDDCup09_appetency.0.H2OAutoML] CPU Utilization: 61.8%
[MONITORING] [local.openml_t_3945.pygmo_c.KDDCup09_appetency.0.H2OAutoML] Memory Usage: 53.1%
[MONITORING] [local.openml_t_3945.pygmo_c.KDDCup09_appetency.0.H2OAutoML] Disk Usage: 42.6%
[MONITORING] [local.openml_t_3945.pygmo_c.KDDCup09_appetency.0.H2OAutoML] CPU Utilization: 69.3%
[MONITORING] [local.openml_t_3945.pygmo_c.KDDCup09_appetency.0.H2OAutoML] Memory Usage: 53.2%
[MONITORING] [local.openml_t_3945.pygmo_c.KDDCup09_appetency.0.H2OAutoML] Disk Usage: 42.6%
[MONITORING] [local.openml_t_3945.pygmo_c.KDDCup09_appetency.0.H2OAutoML] CPU Utilization: 72.8%
[MONITORING] [local.openml_t_3945.pygmo_c.KDDCup09_appetency.0.H2OAutoML] Memory Usage: 53.2%
[MONITORING] [local.openml_t_3945.pygmo_c.KDDCup09_appetency.0.H2OAutoML] Disk Usage: 42.6%
[MONITORING] [local.openml_t_3945.pygmo_c.KDDCup09_appetency.0.H2OAutoML] CPU Utilization: 73.5%
[MONITORING] [local.openml_t_3945.pygmo_c.KDDCup09_appetency.0.H2OAutoML] Memory Usage: 53.3%
[MONITORING] [local.openml_t_3945.pygmo_c.KDDCup09_appetency.0.H2OAutoML] Disk Usage: 42.6%
[MONITORING] [local.openml_t_3945.pygmo_c.KDDCup09_appetency.0.H2OAutoML] CPU Utilization: 70.6%
[MONITORING] [local.openml_t_3945.pygmo_c.KDDCup09_appetency.0.H2OAutoML] Memory Usage: 53.3%
[MONITORING] [local.openml_t_3945.pygmo_c.KDDCup09_appetency.0.H2OAutoML] Disk Usage: 42.6%
[MONITORING] [local.openml_t_3945.pygmo_c.KDDCup09_appetency.0.H2OAutoML] CPU Utilization: 70.8%
[MONITORING] [local.openml_t_3945.pygmo_c.KDDCup09_appetency.0.H2OAutoML] Memory Usage: 53.3%
[MONITORING] [local.openml_t_3945.pygmo_c.KDDCup09_appetency.0.H2OAutoML] Disk Usage: 42.6%
[MONITORING] [local.openml_t_3945.pygmo_c.KDDCup09_appetency.0.H2OAutoML] CPU Utilization: 70.5%
[MONITORING] [local.openml_t_3945.pygmo_c.KDDCup09_appetency.0.H2OAutoML] Memory Usage: 53.3%
[MONITORING] [local.openml_t_3945.pygmo_c.KDDCup09_appetency.0.H2OAutoML] Disk Usage: 42.6%
[MONITORING] [local.openml_t_3945.pygmo_c.KDDCup09_appetency.0.H2OAutoML] CPU Utilization: 67.7%
[MONITORING] [local.openml_t_3945.pygmo_c.KDDCup09_appetency.0.H2OAutoML] Memory Usage: 53.3%
[MONITORING] [local.openml_t_3945.pygmo_c.KDDCup09_appetency.0.H2OAutoML] Disk Usage: 42.6%
[MONITORING] [local.openml_t_3945.pygmo_c.KDDCup09_appetency.0.H2OAutoML] CPU Utilization: 75.2%
[MONITORING] [local.openml_t_3945.pygmo_c.KDDCup09_appetency.0.H2OAutoML] Memory Usage: 55.4%
[MONITORING] [local.openml_t_3945.pygmo_c.KDDCup09_appetency.0.H2OAutoML] Disk Usage: 42.6%
[MONITORING] [local.openml_t_3945.pygmo_c.KDDCup09_appetency.0.H2OAutoML] CPU Utilization: 78.7%
[MONITORING] [local.openml_t_3945.pygmo_c.KDDCup09_appetency.0.H2OAutoML] Memory Usage: 60.7%
[MONITORING] [local.openml_t_3945.pygmo_c.KDDCup09_appetency.0.H2OAutoML] Disk Usage: 42.6%
[MONITORING] [local.openml_t_3945.pygmo_c.KDDCup09_appetency.0.H2OAutoML] CPU Utilization: 77.8%
[MONITORING] [local.openml_t_3945.pygmo_c.KDDCup09_appetency.0.H2OAutoML] Memory Usage: 64.7%
[MONITORING] [local.openml_t_3945.pygmo_c.KDDCup09_appetency.0.H2OAutoML] Disk Usage: 42.6%
[MONITORING] [local.openml_t_3945.pygmo_c.KDDCup09_appetency.0.H2OAutoML] CPU Utilization: 79.3%
[MONITORING] [local.openml_t_3945.pygmo_c.KDDCup09_appetency.0.H2OAutoML] Memory Usage: 65.3%
[MONITORING] [local.openml_t_3945.pygmo_c.KDDCup09_appetency.0.H2OAutoML] Disk Usage: 42.6%
[MONITORING] [local.openml_t_3945.pygmo_c.KDDCup09_appetency.0.H2OAutoML] CPU Utilization: 74.9%
[MONITORING] [local.openml_t_3945.pygmo_c.KDDCup09_appetency.0.H2OAutoML] Memory Usage: 65.4%
[MONITORING] [local.openml_t_3945.pygmo_c.KDDCup09_appetency.0.H2OAutoML] Disk Usage: 42.6%
[MONITORING] [local.openml_t_3945.pygmo_c.KDDCup09_appetency.0.H2OAutoML] CPU Utilization: 67.8%
[MONITORING] [local.openml_t_3945.pygmo_c.KDDCup09_appetency.0.H2OAutoML] Memory Usage: 65.4%
[MONITORING] [local.openml_t_3945.pygmo_c.KDDCup09_appetency.0.H2OAutoML] Disk Usage: 42.6%
██████████████████████████████████████████████████| (done) 100%
stackedensemble prediction progress: |███████████████████████████████████████████| (done) 100%
H2O session _sid_af5d closed.



Predictions preview:
                     -1                      1 predictions truth
0   0.9816290998334158   0.018370900166584214          -1    -1
1   0.9803254773327491   0.019674522667250876          -1    -1
2   0.9913902748382448   0.008609725161755167          -1    -1
3   0.9870755542383095   0.012924445761690476          -1    -1
4   0.9904245853265374   0.009575414673462618          -1    -1
5   0.9377875276767478    0.06221247232325223          -1    -1
6   0.9979448490625514   0.002055150937448531          -1    -1
7   0.9927497879760916   0.007250212023908425          -1    -1
8   0.9928224049238137   0.007177595076186338          -1    -1
9   0.9963854021722404  0.0036145978277596666          -1    -1
10  0.9948256690239146  0.0051743309760854785          -1    -1
11  0.9958949224823711   0.004105077517628848          -1    -1
12  0.9787529747433481   0.021247025256651876          -1    -1
13  0.9695507196708474    0.03044928032915267          -1    -1
14   0.997882640675912    0.00211735932408801          -1    -1
15  0.9903680168265685   0.009631983173431499          -1    -1
16  0.9845673253114078   0.015432674688592178          -1    -1
17  0.9893637644594375   0.010636235540562443          -1    -1
18  0.9944540728065729   0.005545927193427085          -1    -1
19  0.9820473051094021    0.01795269489059787          -1    -1

Predictions saved to `/home/juradoi/experiments/automlbenchmark/results/h2oautoml.openml_t_3945.pygmo_c.local.20211209T182424/predictions/KDDCup09_appetency/0/predictions.csv`.
Loading metadata from `/home/juradoi/experiments/automlbenchmark/results/h2oautoml.openml_t_3945.pygmo_c.local.20211209T182424/predictions/KDDCup09_appetency/0/metadata.json`.
Loading predictions from `/home/juradoi/experiments/automlbenchmark/results/h2oautoml.openml_t_3945.pygmo_c.local.20211209T182424/predictions/KDDCup09_appetency/0/predictions.csv`.
Metric scores: { 'acc': 0.9558,
  'app_version': 'dev [master, beef024]',
  'auc': 0.8302778216294995,
  'balacc': 0.6410134094751749,
  'constraint': 'pygmo_c',
  'duration': nan,
  'fold': 0,
  'framework': 'H2OAutoML',
  'id': 'openml.org/t/3945',
  'info': None,
  'logloss': 0.07465226597515576,
  'metric': 'auc',
  'mode': 'local',
  'models_count': 108,
  'params': '',
  'predict_duration': 0.5678768157958984,
  'result': 0.8302778216294995,
  'seed': 313525612,
  'task': 'KDDCup09_appetency',
  'training_duration': 3607.2312042713165,
  'type': 'binary',
  'utc': '2021-12-09T19:24:50',
  'version': '3.34.0.3'}
Job `local.openml_t_3945.pygmo_c.KDDCup09_appetency.0.H2OAutoML` executed in 3625.671 seconds.
All jobs executed in 3625.720 seconds.
[MONITORING] [local.openml_t_3945.pygmo_c.KDDCup09_appetency.0.H2OAutoML] CPU Utilization: 52.7%
[MONITORING] [local.openml_t_3945.pygmo_c.KDDCup09_appetency.0.H2OAutoML] Memory Usage: 2.3%
[MONITORING] [local.openml_t_3945.pygmo_c.KDDCup09_appetency.0.H2OAutoML] Disk Usage: 42.6%
Processing results for h2oautoml.openml_t_3945.pygmo_c.local.20211209T182424
Scores saved to `/home/juradoi/experiments/automlbenchmark/results/h2oautoml.openml_t_3945.pygmo_c.local.20211209T182424/scores/H2OAutoML.benchmark_openml_t_3945.csv`.
Scores saved to `/home/juradoi/experiments/automlbenchmark/results/h2oautoml.openml_t_3945.pygmo_c.local.20211209T182424/scores/results.csv`.
Scores saved to `/home/juradoi/experiments/automlbenchmark/results/results.csv`.
Summing up scores for current run:
               id               task fold framework constraint   result metric  duration      seed
openml.org/t/3945 KDDCup09_appetency    0 H2OAutoML    pygmo_c 0.830278    auc    3625.7 313525612
