/var/spool/slurm/slurmd/job8493789/slurm_script: line 8: activate: No such file or directory
Running benchmark `H2OAutoML` on `openml/t/190411` framework in `local` mode.
Loading frameworks definitions from ['/home/juradoi/experiments/automlbenchmark/resources/frameworks.yaml'].
Loading benchmark constraint definitions from ['/home/juradoi/experiments/automlbenchmark/resources/constraints.yaml'].
Loading openml task 190411.

-----------------------------------------------------------
Starting job local.openml_t_190411.pygmo_c.ada.0.H2OAutoML.
Assigning 16 cores (total=16) for new task ada.
Assigning 91060 MB (total=95302 MB) for new ada task.
[MONITORING] [local.openml_t_190411.pygmo_c.ada.0.H2OAutoML] CPU Utilization: 18.7%
[MONITORING] [local.openml_t_190411.pygmo_c.ada.0.H2OAutoML] Memory Usage: 2.3%
[MONITORING] [local.openml_t_190411.pygmo_c.ada.0.H2OAutoML] Disk Usage: 43.2%
Running task ada on framework H2OAutoML with config:
TaskConfig({})
Running cmd `/home/juradoi/experiments/automlbenchmark/frameworks/H2OAutoML/venv/bin/python -W ignore /home/juradoi/experiments/automlbenchmark/frameworks/H2OAutoML/exec.py`
INFO:__main__:
**** H2O AutoML [v3.34.0.3] ****

INFO:__main__:Starting H2O cluster with 16 cores, 60707M memory.
Checking whether there is an H2O instance running at http://localhost:26190 ..... not found.
Attempting to start a local H2O server...
  Java Version: openjdk version "11.0.12" 2021-07-20; OpenJDK Runtime Environment (build 11.0.12+7-post-Debian-2deb10u1); OpenJDK 64-Bit Server VM (build 11.0.12+7-post-Debian-2deb10u1, mixed mode, sharing)
  Starting server from /home/juradoi/experiments/automlbenchmark/frameworks/H2OAutoML/venv/lib/python3.8/site-packages/h2o/backend/bin/h2o.jar
  Ice root: /tmp/tmp8r7zxq16
  JVM stdout: /tmp/tmp8r7zxq16/h2o_unknownUser_started_from_python.out
  JVM stderr: /tmp/tmp8r7zxq16/h2o_unknownUser_started_from_python.err
  Server is running at http://127.0.0.1:26190
Connecting to H2O server at http://127.0.0.1:26190 ... successful.
--------------------------  ------------------------------------------------------------------
H2O_cluster_uptime:         01 secs
H2O_cluster_timezone:       Europe/Amsterdam
H2O_data_parsing_timezone:  UTC
H2O_cluster_version:        3.34.0.3
H2O_cluster_version_age:    2 months and 2 days
H2O_cluster_name:           H2O_from_python_unknownUser_n4di1f
H2O_cluster_total_nodes:    1
H2O_cluster_free_memory:    59.30 Gb
H2O_cluster_total_cores:    16
H2O_cluster_allowed_cores:  16
H2O_cluster_status:         locked, healthy
H2O_connection_url:         http://127.0.0.1:26190
H2O_connection_proxy:       {"http": null, "https": null}
H2O_internal_security:      False
H2O_API_Extensions:         Amazon S3, XGBoost, Algos, AutoML, Core V3, TargetEncoder, Core V4
Python_version:             3.8.12 final
--------------------------  ------------------------------------------------------------------
Parse progress: |████████████████████████████████████████████████████████████████| (done) 100%
Parse progress: |████████████████████████████████████████████████████████████████| (done) 100%
INFO:__main__:Running model on task ada, fold 0.
[MONITORING] [local.openml_t_190411.pygmo_c.ada.0.H2OAutoML] CPU Utilization: 64.4%
[MONITORING] [local.openml_t_190411.pygmo_c.ada.0.H2OAutoML] Memory Usage: 45.3%
[MONITORING] [local.openml_t_190411.pygmo_c.ada.0.H2OAutoML] Disk Usage: 43.2%
[MONITORING] [local.openml_t_190411.pygmo_c.ada.0.H2OAutoML] CPU Utilization: 98.5%
[MONITORING] [local.openml_t_190411.pygmo_c.ada.0.H2OAutoML] Memory Usage: 45.3%
[MONITORING] [local.openml_t_190411.pygmo_c.ada.0.H2OAutoML] Disk Usage: 43.2%
[MONITORING] [local.openml_t_190411.pygmo_c.ada.0.H2OAutoML] CPU Utilization: 98.3%
[MONITORING] [local.openml_t_190411.pygmo_c.ada.0.H2OAutoML] Memory Usage: 45.3%
[MONITORING] [local.openml_t_190411.pygmo_c.ada.0.H2OAutoML] Disk Usage: 43.2%
[MONITORING] [local.openml_t_190411.pygmo_c.ada.0.H2OAutoML] CPU Utilization: 97.8%
[MONITORING] [local.openml_t_190411.pygmo_c.ada.0.H2OAutoML] Memory Usage: 45.3%
[MONITORING] [local.openml_t_190411.pygmo_c.ada.0.H2OAutoML] Disk Usage: 43.2%
[MONITORING] [local.openml_t_190411.pygmo_c.ada.0.H2OAutoML] CPU Utilization: 97.8%
[MONITORING] [local.openml_t_190411.pygmo_c.ada.0.H2OAutoML] Memory Usage: 45.3%
[MONITORING] [local.openml_t_190411.pygmo_c.ada.0.H2OAutoML] Disk Usage: 43.2%
[MONITORING] [local.openml_t_190411.pygmo_c.ada.0.H2OAutoML] CPU Utilization: 98.4%
[MONITORING] [local.openml_t_190411.pygmo_c.ada.0.H2OAutoML] Memory Usage: 45.3%
[MONITORING] [local.openml_t_190411.pygmo_c.ada.0.H2OAutoML] Disk Usage: 43.2%
[MONITORING] [local.openml_t_190411.pygmo_c.ada.0.H2OAutoML] CPU Utilization: 99.2%
[MONITORING] [local.openml_t_190411.pygmo_c.ada.0.H2OAutoML] Memory Usage: 45.4%
[MONITORING] [local.openml_t_190411.pygmo_c.ada.0.H2OAutoML] Disk Usage: 43.2%
[MONITORING] [local.openml_t_190411.pygmo_c.ada.0.H2OAutoML] CPU Utilization: 96.5%
[MONITORING] [local.openml_t_190411.pygmo_c.ada.0.H2OAutoML] Memory Usage: 45.4%
[MONITORING] [local.openml_t_190411.pygmo_c.ada.0.H2OAutoML] Disk Usage: 43.2%
[MONITORING] [local.openml_t_190411.pygmo_c.ada.0.H2OAutoML] CPU Utilization: 98.5%
[MONITORING] [local.openml_t_190411.pygmo_c.ada.0.H2OAutoML] Memory Usage: 45.4%
[MONITORING] [local.openml_t_190411.pygmo_c.ada.0.H2OAutoML] Disk Usage: 43.2%
[MONITORING] [local.openml_t_190411.pygmo_c.ada.0.H2OAutoML] CPU Utilization: 99.1%
[MONITORING] [local.openml_t_190411.pygmo_c.ada.0.H2OAutoML] Memory Usage: 45.4%
[MONITORING] [local.openml_t_190411.pygmo_c.ada.0.H2OAutoML] Disk Usage: 43.2%
[MONITORING] [local.openml_t_190411.pygmo_c.ada.0.H2OAutoML] CPU Utilization: 97.6%
[MONITORING] [local.openml_t_190411.pygmo_c.ada.0.H2OAutoML] Memory Usage: 45.4%
[MONITORING] [local.openml_t_190411.pygmo_c.ada.0.H2OAutoML] Disk Usage: 43.2%
[MONITORING] [local.openml_t_190411.pygmo_c.ada.0.H2OAutoML] CPU Utilization: 98.0%
[MONITORING] [local.openml_t_190411.pygmo_c.ada.0.H2OAutoML] Memory Usage: 45.4%
[MONITORING] [local.openml_t_190411.pygmo_c.ada.0.H2OAutoML] Disk Usage: 43.2%
[MONITORING] [local.openml_t_190411.pygmo_c.ada.0.H2OAutoML] CPU Utilization: 98.5%
[MONITORING] [local.openml_t_190411.pygmo_c.ada.0.H2OAutoML] Memory Usage: 45.4%
[MONITORING] [local.openml_t_190411.pygmo_c.ada.0.H2OAutoML] Disk Usage: 43.2%
[MONITORING] [local.openml_t_190411.pygmo_c.ada.0.H2OAutoML] CPU Utilization: 97.5%
[MONITORING] [local.openml_t_190411.pygmo_c.ada.0.H2OAutoML] Memory Usage: 45.5%
[MONITORING] [local.openml_t_190411.pygmo_c.ada.0.H2OAutoML] Disk Usage: 43.2%
[MONITORING] [local.openml_t_190411.pygmo_c.ada.0.H2OAutoML] CPU Utilization: 98.0%
[MONITORING] [local.openml_t_190411.pygmo_c.ada.0.H2OAutoML] Memory Usage: 45.5%
[MONITORING] [local.openml_t_190411.pygmo_c.ada.0.H2OAutoML] Disk Usage: 43.2%
[MONITORING] [local.openml_t_190411.pygmo_c.ada.0.H2OAutoML] CPU Utilization: 100.0%
[MONITORING] [local.openml_t_190411.pygmo_c.ada.0.H2OAutoML] Memory Usage: 45.5%
[MONITORING] [local.openml_t_190411.pygmo_c.ada.0.H2OAutoML] Disk Usage: 43.2%
[MONITORING] [local.openml_t_190411.pygmo_c.ada.0.H2OAutoML] CPU Utilization: 95.9%
[MONITORING] [local.openml_t_190411.pygmo_c.ada.0.H2OAutoML] Memory Usage: 46.2%
[MONITORING] [local.openml_t_190411.pygmo_c.ada.0.H2OAutoML] Disk Usage: 43.2%
[MONITORING] [local.openml_t_190411.pygmo_c.ada.0.H2OAutoML] CPU Utilization: 97.8%
[MONITORING] [local.openml_t_190411.pygmo_c.ada.0.H2OAutoML] Memory Usage: 46.2%
[MONITORING] [local.openml_t_190411.pygmo_c.ada.0.H2OAutoML] Disk Usage: 43.2%
[MONITORING] [local.openml_t_190411.pygmo_c.ada.0.H2OAutoML] CPU Utilization: 98.0%
[MONITORING] [local.openml_t_190411.pygmo_c.ada.0.H2OAutoML] Memory Usage: 46.2%
[MONITORING] [local.openml_t_190411.pygmo_c.ada.0.H2OAutoML] Disk Usage: 43.2%
[MONITORING] [local.openml_t_190411.pygmo_c.ada.0.H2OAutoML] CPU Utilization: 98.5%
[MONITORING] [local.openml_t_190411.pygmo_c.ada.0.H2OAutoML] Memory Usage: 46.2%
[MONITORING] [local.openml_t_190411.pygmo_c.ada.0.H2OAutoML] Disk Usage: 43.2%
[MONITORING] [local.openml_t_190411.pygmo_c.ada.0.H2OAutoML] CPU Utilization: 95.2%
[MONITORING] [local.openml_t_190411.pygmo_c.ada.0.H2OAutoML] Memory Usage: 46.3%
[MONITORING] [local.openml_t_190411.pygmo_c.ada.0.H2OAutoML] Disk Usage: 43.2%
[MONITORING] [local.openml_t_190411.pygmo_c.ada.0.H2OAutoML] CPU Utilization: 98.5%
[MONITORING] [local.openml_t_190411.pygmo_c.ada.0.H2OAutoML] Memory Usage: 46.3%
[MONITORING] [local.openml_t_190411.pygmo_c.ada.0.H2OAutoML] Disk Usage: 43.2%
[MONITORING] [local.openml_t_190411.pygmo_c.ada.0.H2OAutoML] CPU Utilization: 99.3%
[MONITORING] [local.openml_t_190411.pygmo_c.ada.0.H2OAutoML] Memory Usage: 46.3%
[MONITORING] [local.openml_t_190411.pygmo_c.ada.0.H2OAutoML] Disk Usage: 43.2%
[MONITORING] [local.openml_t_190411.pygmo_c.ada.0.H2OAutoML] CPU Utilization: 97.7%
[MONITORING] [local.openml_t_190411.pygmo_c.ada.0.H2OAutoML] Memory Usage: 46.6%
[MONITORING] [local.openml_t_190411.pygmo_c.ada.0.H2OAutoML] Disk Usage: 43.2%
[MONITORING] [local.openml_t_190411.pygmo_c.ada.0.H2OAutoML] CPU Utilization: 98.1%
[MONITORING] [local.openml_t_190411.pygmo_c.ada.0.H2OAutoML] Memory Usage: 46.5%
[MONITORING] [local.openml_t_190411.pygmo_c.ada.0.H2OAutoML] Disk Usage: 43.2%
[MONITORING] [local.openml_t_190411.pygmo_c.ada.0.H2OAutoML] CPU Utilization: 98.4%
[MONITORING] [local.openml_t_190411.pygmo_c.ada.0.H2OAutoML] Memory Usage: 46.5%
[MONITORING] [local.openml_t_190411.pygmo_c.ada.0.H2OAutoML] Disk Usage: 43.2%
[MONITORING] [local.openml_t_190411.pygmo_c.ada.0.H2OAutoML] CPU Utilization: 98.3%
[MONITORING] [local.openml_t_190411.pygmo_c.ada.0.H2OAutoML] Memory Usage: 46.5%
[MONITORING] [local.openml_t_190411.pygmo_c.ada.0.H2OAutoML] Disk Usage: 43.2%
[MONITORING] [local.openml_t_190411.pygmo_c.ada.0.H2OAutoML] CPU Utilization: 98.3%
[MONITORING] [local.openml_t_190411.pygmo_c.ada.0.H2OAutoML] Memory Usage: 46.5%
[MONITORING] [local.openml_t_190411.pygmo_c.ada.0.H2OAutoML] Disk Usage: 43.2%
[MONITORING] [local.openml_t_190411.pygmo_c.ada.0.H2OAutoML] CPU Utilization: 70.4%
[MONITORING] [local.openml_t_190411.pygmo_c.ada.0.H2OAutoML] Memory Usage: 46.7%
[MONITORING] [local.openml_t_190411.pygmo_c.ada.0.H2OAutoML] Disk Usage: 43.2%
AutoML progress: |███████████████████████████████████████████████████████████████| (done) 100%
gbm prediction progress: |███████████████████████████████████████████████████████| (done) 100%
H2O session _sid_8930 closed.



Predictions preview:
                        0                    1 predictions truth
0    0.10954203772322646   0.8904579622767735           1     1
1     0.3902954122884863   0.6097045877115137           1     1
2    0.19861519251609527   0.8013848074839047           1     1
3   0.017059833482606424   0.9829401665173936           1     1
4    0.04082114931965708   0.9591788506803429           1     1
5     0.5891066757549757   0.4108933242450244           1     1
6     0.2909312328772322   0.7090687671227678           1     1
7     0.5316357880888039  0.46836421191119615           1     1
8   0.021014339983919994     0.97898566001608           1     1
9     0.5409788893808176  0.45902111061918244           1     1
10   0.03715142294930396    0.962848577050696           1     1
11  0.017751048184179385   0.9822489518158206           1     1
12    0.6253262574111628  0.37467374258883723           1     1
13    0.6684793509315309   0.3315206490684691           0     1
14     0.849496700651301  0.15050329934869902           0     1
15    0.2974170100231589   0.7025829899768411           1     1
16    0.8909992534314447  0.10900074656855531           0     1
17    0.0610307177248236   0.9389692822751764           1     1
18   0.02312139275343128   0.9768786072465687           1     1
19     0.884360091659051  0.11563990834094895           0     1

Predictions saved to `/home/juradoi/experiments/automlbenchmark/results/h2oautoml.openml_t_190411.pygmo_c.local.20211209T214453/predictions/ada/0/predictions.csv`.
Loading metadata from `/home/juradoi/experiments/automlbenchmark/results/h2oautoml.openml_t_190411.pygmo_c.local.20211209T214453/predictions/ada/0/metadata.json`.
Loading predictions from `/home/juradoi/experiments/automlbenchmark/results/h2oautoml.openml_t_190411.pygmo_c.local.20211209T214453/predictions/ada/0/predictions.csv`.
Metric scores: { 'acc': 0.8650602409638555,
  'app_version': 'dev [master, beef024]',
  'auc': 0.936970998257406,
  'balacc': 0.8322130943490167,
  'constraint': 'pygmo_c',
  'duration': nan,
  'fold': 0,
  'framework': 'H2OAutoML',
  'id': 'openml.org/t/190411',
  'info': None,
  'logloss': 0.2729646298627432,
  'metric': 'auc',
  'mode': 'local',
  'models_count': 192,
  'params': '',
  'predict_duration': 0.10940098762512207,
  'result': 0.936970998257406,
  'seed': 274168991,
  'task': 'ada',
  'training_duration': 3535.980765581131,
  'type': 'binary',
  'utc': '2021-12-09T22:43:59',
  'version': '3.34.0.3'}
Job `local.openml_t_190411.pygmo_c.ada.0.H2OAutoML` executed in 3545.107 seconds.
All jobs executed in 3545.115 seconds.
[MONITORING] [local.openml_t_190411.pygmo_c.ada.0.H2OAutoML] CPU Utilization: 74.6%
[MONITORING] [local.openml_t_190411.pygmo_c.ada.0.H2OAutoML] Memory Usage: 2.3%
[MONITORING] [local.openml_t_190411.pygmo_c.ada.0.H2OAutoML] Disk Usage: 43.2%
Processing results for h2oautoml.openml_t_190411.pygmo_c.local.20211209T214453
Scores saved to `/home/juradoi/experiments/automlbenchmark/results/h2oautoml.openml_t_190411.pygmo_c.local.20211209T214453/scores/H2OAutoML.benchmark_openml_t_190411.csv`.
Scores saved to `/home/juradoi/experiments/automlbenchmark/results/h2oautoml.openml_t_190411.pygmo_c.local.20211209T214453/scores/results.csv`.
Scores saved to `/home/juradoi/experiments/automlbenchmark/results/results.csv`.
Summing up scores for current run:
                 id task fold framework constraint   result metric  duration      seed
openml.org/t/190411  ada    0 H2OAutoML    pygmo_c 0.936971    auc    3545.1 274168991
