/var/spool/slurm/slurmd/job8492997/slurm_script: line 8: activate: No such file or directory
Running benchmark `H2OAutoML` on `openml/t/10090` framework in `local` mode.
Loading frameworks definitions from ['/home/juradoi/experiments/automlbenchmark/resources/frameworks.yaml'].
Loading benchmark constraint definitions from ['/home/juradoi/experiments/automlbenchmark/resources/constraints.yaml'].
Loading openml task 10090.

------------------------------------------------------------------------------
Starting job local.openml_t_10090.pygmo_c.amazon-commerce-reviews.0.H2OAutoML.
Assigning 16 cores (total=16) for new task amazon-commerce-reviews.
Assigning 91167 MB (total=95302 MB) for new amazon-commerce-reviews task.
[MONITORING] [local.openml_t_10090.pygmo_c.amazon-commerce-reviews.0.H2OAutoML] CPU Utilization: 12.3%
[MONITORING] [local.openml_t_10090.pygmo_c.amazon-commerce-reviews.0.H2OAutoML] Memory Usage: 2.2%
[MONITORING] [local.openml_t_10090.pygmo_c.amazon-commerce-reviews.0.H2OAutoML] Disk Usage: 43.2%
Running task amazon-commerce-reviews on framework H2OAutoML with config:
TaskConfig({})
Running cmd `/home/juradoi/experiments/automlbenchmark/frameworks/H2OAutoML/venv/bin/python -W ignore /home/juradoi/experiments/automlbenchmark/frameworks/H2OAutoML/exec.py`
INFO:__main__:
**** H2O AutoML [v3.34.0.3] ****

INFO:__main__:Starting H2O cluster with 16 cores, 60778M memory.
Checking whether there is an H2O instance running at http://localhost:19373 ..... not found.
Attempting to start a local H2O server...
  Java Version: openjdk version "11.0.12" 2021-07-20; OpenJDK Runtime Environment (build 11.0.12+7-post-Debian-2deb10u1); OpenJDK 64-Bit Server VM (build 11.0.12+7-post-Debian-2deb10u1, mixed mode, sharing)
  Starting server from /home/juradoi/experiments/automlbenchmark/frameworks/H2OAutoML/venv/lib/python3.8/site-packages/h2o/backend/bin/h2o.jar
  Ice root: /tmp/tmp9asd5c0w
  JVM stdout: /tmp/tmp9asd5c0w/h2o_unknownUser_started_from_python.out
  JVM stderr: /tmp/tmp9asd5c0w/h2o_unknownUser_started_from_python.err
  Server is running at http://127.0.0.1:19373
Connecting to H2O server at http://127.0.0.1:19373 ... successful.
--------------------------  ------------------------------------------------------------------
H2O_cluster_uptime:         01 secs
H2O_cluster_timezone:       Europe/Amsterdam
H2O_data_parsing_timezone:  UTC
H2O_cluster_version:        3.34.0.3
H2O_cluster_version_age:    2 months and 2 days
H2O_cluster_name:           H2O_from_python_unknownUser_5zdeoa
H2O_cluster_total_nodes:    1
H2O_cluster_free_memory:    59.36 Gb
H2O_cluster_total_cores:    16
H2O_cluster_allowed_cores:  16
H2O_cluster_status:         locked, healthy
H2O_connection_url:         http://127.0.0.1:19373
H2O_connection_proxy:       {"http": null, "https": null}
H2O_internal_security:      False
H2O_API_Extensions:         Amazon S3, XGBoost, Algos, AutoML, Core V3, TargetEncoder, Core V4
Python_version:             3.8.12 final
--------------------------  ------------------------------------------------------------------
Parse progress: |████████████████████████████████████████████████████████████████| (done) 100%
Parse progress: |████████████████████████████████████████████████████████████████| (done) 100%
INFO:__main__:Running model on task amazon-commerce-reviews, fold 0.
[MONITORING] [local.openml_t_10090.pygmo_c.amazon-commerce-reviews.0.H2OAutoML] CPU Utilization: 56.1%
[MONITORING] [local.openml_t_10090.pygmo_c.amazon-commerce-reviews.0.H2OAutoML] Memory Usage: 16.9%
[MONITORING] [local.openml_t_10090.pygmo_c.amazon-commerce-reviews.0.H2OAutoML] Disk Usage: 43.2%
[MONITORING] [local.openml_t_10090.pygmo_c.amazon-commerce-reviews.0.H2OAutoML] CPU Utilization: 63.5%
[MONITORING] [local.openml_t_10090.pygmo_c.amazon-commerce-reviews.0.H2OAutoML] Memory Usage: 46.4%
[MONITORING] [local.openml_t_10090.pygmo_c.amazon-commerce-reviews.0.H2OAutoML] Disk Usage: 43.2%
[MONITORING] [local.openml_t_10090.pygmo_c.amazon-commerce-reviews.0.H2OAutoML] CPU Utilization: 68.7%
[MONITORING] [local.openml_t_10090.pygmo_c.amazon-commerce-reviews.0.H2OAutoML] Memory Usage: 46.9%
[MONITORING] [local.openml_t_10090.pygmo_c.amazon-commerce-reviews.0.H2OAutoML] Disk Usage: 43.2%
[MONITORING] [local.openml_t_10090.pygmo_c.amazon-commerce-reviews.0.H2OAutoML] CPU Utilization: 62.8%
[MONITORING] [local.openml_t_10090.pygmo_c.amazon-commerce-reviews.0.H2OAutoML] Memory Usage: 53.1%
[MONITORING] [local.openml_t_10090.pygmo_c.amazon-commerce-reviews.0.H2OAutoML] Disk Usage: 43.2%
[MONITORING] [local.openml_t_10090.pygmo_c.amazon-commerce-reviews.0.H2OAutoML] CPU Utilization: 68.6%
[MONITORING] [local.openml_t_10090.pygmo_c.amazon-commerce-reviews.0.H2OAutoML] Memory Usage: 53.1%
[MONITORING] [local.openml_t_10090.pygmo_c.amazon-commerce-reviews.0.H2OAutoML] Disk Usage: 43.2%
[MONITORING] [local.openml_t_10090.pygmo_c.amazon-commerce-reviews.0.H2OAutoML] CPU Utilization: 63.3%
[MONITORING] [local.openml_t_10090.pygmo_c.amazon-commerce-reviews.0.H2OAutoML] Memory Usage: 54.2%
[MONITORING] [local.openml_t_10090.pygmo_c.amazon-commerce-reviews.0.H2OAutoML] Disk Usage: 43.2%
[MONITORING] [local.openml_t_10090.pygmo_c.amazon-commerce-reviews.0.H2OAutoML] CPU Utilization: 68.8%
[MONITORING] [local.openml_t_10090.pygmo_c.amazon-commerce-reviews.0.H2OAutoML] Memory Usage: 54.2%
[MONITORING] [local.openml_t_10090.pygmo_c.amazon-commerce-reviews.0.H2OAutoML] Disk Usage: 43.2%
[MONITORING] [local.openml_t_10090.pygmo_c.amazon-commerce-reviews.0.H2OAutoML] CPU Utilization: 63.8%
[MONITORING] [local.openml_t_10090.pygmo_c.amazon-commerce-reviews.0.H2OAutoML] Memory Usage: 54.3%
[MONITORING] [local.openml_t_10090.pygmo_c.amazon-commerce-reviews.0.H2OAutoML] Disk Usage: 43.2%
[MONITORING] [local.openml_t_10090.pygmo_c.amazon-commerce-reviews.0.H2OAutoML] CPU Utilization: 67.5%
[MONITORING] [local.openml_t_10090.pygmo_c.amazon-commerce-reviews.0.H2OAutoML] Memory Usage: 55.0%
[MONITORING] [local.openml_t_10090.pygmo_c.amazon-commerce-reviews.0.H2OAutoML] Disk Usage: 43.2%
[MONITORING] [local.openml_t_10090.pygmo_c.amazon-commerce-reviews.0.H2OAutoML] CPU Utilization: 64.7%
[MONITORING] [local.openml_t_10090.pygmo_c.amazon-commerce-reviews.0.H2OAutoML] Memory Usage: 55.0%
[MONITORING] [local.openml_t_10090.pygmo_c.amazon-commerce-reviews.0.H2OAutoML] Disk Usage: 43.2%
[MONITORING] [local.openml_t_10090.pygmo_c.amazon-commerce-reviews.0.H2OAutoML] CPU Utilization: 67.8%
[MONITORING] [local.openml_t_10090.pygmo_c.amazon-commerce-reviews.0.H2OAutoML] Memory Usage: 55.5%
[MONITORING] [local.openml_t_10090.pygmo_c.amazon-commerce-reviews.0.H2OAutoML] Disk Usage: 43.2%
[MONITORING] [local.openml_t_10090.pygmo_c.amazon-commerce-reviews.0.H2OAutoML] CPU Utilization: 75.3%
[MONITORING] [local.openml_t_10090.pygmo_c.amazon-commerce-reviews.0.H2OAutoML] Memory Usage: 62.2%
[MONITORING] [local.openml_t_10090.pygmo_c.amazon-commerce-reviews.0.H2OAutoML] Disk Usage: 43.2%
[MONITORING] [local.openml_t_10090.pygmo_c.amazon-commerce-reviews.0.H2OAutoML] CPU Utilization: 98.2%
[MONITORING] [local.openml_t_10090.pygmo_c.amazon-commerce-reviews.0.H2OAutoML] Memory Usage: 62.2%
[MONITORING] [local.openml_t_10090.pygmo_c.amazon-commerce-reviews.0.H2OAutoML] Disk Usage: 43.2%
[MONITORING] [local.openml_t_10090.pygmo_c.amazon-commerce-reviews.0.H2OAutoML] CPU Utilization: 98.3%
[MONITORING] [local.openml_t_10090.pygmo_c.amazon-commerce-reviews.0.H2OAutoML] Memory Usage: 62.2%
[MONITORING] [local.openml_t_10090.pygmo_c.amazon-commerce-reviews.0.H2OAutoML] Disk Usage: 43.2%
[MONITORING] [local.openml_t_10090.pygmo_c.amazon-commerce-reviews.0.H2OAutoML] CPU Utilization: 98.6%
[MONITORING] [local.openml_t_10090.pygmo_c.amazon-commerce-reviews.0.H2OAutoML] Memory Usage: 62.2%
[MONITORING] [local.openml_t_10090.pygmo_c.amazon-commerce-reviews.0.H2OAutoML] Disk Usage: 43.2%
[MONITORING] [local.openml_t_10090.pygmo_c.amazon-commerce-reviews.0.H2OAutoML] CPU Utilization: 98.6%
[MONITORING] [local.openml_t_10090.pygmo_c.amazon-commerce-reviews.0.H2OAutoML] Memory Usage: 62.2%
[MONITORING] [local.openml_t_10090.pygmo_c.amazon-commerce-reviews.0.H2OAutoML] Disk Usage: 43.2%
[MONITORING] [local.openml_t_10090.pygmo_c.amazon-commerce-reviews.0.H2OAutoML] CPU Utilization: 98.1%
[MONITORING] [local.openml_t_10090.pygmo_c.amazon-commerce-reviews.0.H2OAutoML] Memory Usage: 62.2%
[MONITORING] [local.openml_t_10090.pygmo_c.amazon-commerce-reviews.0.H2OAutoML] Disk Usage: 43.2%
[MONITORING] [local.openml_t_10090.pygmo_c.amazon-commerce-reviews.0.H2OAutoML] CPU Utilization: 98.6%
[MONITORING] [local.openml_t_10090.pygmo_c.amazon-commerce-reviews.0.H2OAutoML] Memory Usage: 62.2%
[MONITORING] [local.openml_t_10090.pygmo_c.amazon-commerce-reviews.0.H2OAutoML] Disk Usage: 43.2%
[MONITORING] [local.openml_t_10090.pygmo_c.amazon-commerce-reviews.0.H2OAutoML] CPU Utilization: 98.1%
[MONITORING] [local.openml_t_10090.pygmo_c.amazon-commerce-reviews.0.H2OAutoML] Memory Usage: 62.2%
[MONITORING] [local.openml_t_10090.pygmo_c.amazon-commerce-reviews.0.H2OAutoML] Disk Usage: 43.2%
[MONITORING] [local.openml_t_10090.pygmo_c.amazon-commerce-reviews.0.H2OAutoML] CPU Utilization: 98.5%
[MONITORING] [local.openml_t_10090.pygmo_c.amazon-commerce-reviews.0.H2OAutoML] Memory Usage: 62.2%
[MONITORING] [local.openml_t_10090.pygmo_c.amazon-commerce-reviews.0.H2OAutoML] Disk Usage: 43.2%
[MONITORING] [local.openml_t_10090.pygmo_c.amazon-commerce-reviews.0.H2OAutoML] CPU Utilization: 98.3%
[MONITORING] [local.openml_t_10090.pygmo_c.amazon-commerce-reviews.0.H2OAutoML] Memory Usage: 62.2%
[MONITORING] [local.openml_t_10090.pygmo_c.amazon-commerce-reviews.0.H2OAutoML] Disk Usage: 43.2%
[MONITORING] [local.openml_t_10090.pygmo_c.amazon-commerce-reviews.0.H2OAutoML] CPU Utilization: 98.4%
[MONITORING] [local.openml_t_10090.pygmo_c.amazon-commerce-reviews.0.H2OAutoML] Memory Usage: 62.2%
[MONITORING] [local.openml_t_10090.pygmo_c.amazon-commerce-reviews.0.H2OAutoML] Disk Usage: 43.2%
[MONITORING] [local.openml_t_10090.pygmo_c.amazon-commerce-reviews.0.H2OAutoML] CPU Utilization: 98.0%
[MONITORING] [local.openml_t_10090.pygmo_c.amazon-commerce-reviews.0.H2OAutoML] Memory Usage: 62.2%
[MONITORING] [local.openml_t_10090.pygmo_c.amazon-commerce-reviews.0.H2OAutoML] Disk Usage: 43.2%
[MONITORING] [local.openml_t_10090.pygmo_c.amazon-commerce-reviews.0.H2OAutoML] CPU Utilization: 99.0%
[MONITORING] [local.openml_t_10090.pygmo_c.amazon-commerce-reviews.0.H2OAutoML] Memory Usage: 62.2%
[MONITORING] [local.openml_t_10090.pygmo_c.amazon-commerce-reviews.0.H2OAutoML] Disk Usage: 43.2%
[MONITORING] [local.openml_t_10090.pygmo_c.amazon-commerce-reviews.0.H2OAutoML] CPU Utilization: 98.7%
[MONITORING] [local.openml_t_10090.pygmo_c.amazon-commerce-reviews.0.H2OAutoML] Memory Usage: 62.2%
[MONITORING] [local.openml_t_10090.pygmo_c.amazon-commerce-reviews.0.H2OAutoML] Disk Usage: 43.2%
[MONITORING] [local.openml_t_10090.pygmo_c.amazon-commerce-reviews.0.H2OAutoML] CPU Utilization: 92.0%
[MONITORING] [local.openml_t_10090.pygmo_c.amazon-commerce-reviews.0.H2OAutoML] Memory Usage: 62.3%
[MONITORING] [local.openml_t_10090.pygmo_c.amazon-commerce-reviews.0.H2OAutoML] Disk Usage: 43.2%
[MONITORING] [local.openml_t_10090.pygmo_c.amazon-commerce-reviews.0.H2OAutoML] CPU Utilization: 88.0%
[MONITORING] [local.openml_t_10090.pygmo_c.amazon-commerce-reviews.0.H2OAutoML] Memory Usage: 62.3%
[MONITORING] [local.openml_t_10090.pygmo_c.amazon-commerce-reviews.0.H2OAutoML] Disk Usage: 43.2%
[MONITORING] [local.openml_t_10090.pygmo_c.amazon-commerce-reviews.0.H2OAutoML] CPU Utilization: 96.4%
[MONITORING] [local.openml_t_10090.pygmo_c.amazon-commerce-reviews.0.H2OAutoML] Memory Usage: 62.3%
[MONITORING] [local.openml_t_10090.pygmo_c.amazon-commerce-reviews.0.H2OAutoML] Disk Usage: 43.2%
[MONITORING] [local.openml_t_10090.pygmo_c.amazon-commerce-reviews.0.H2OAutoML] CPU Utilization: 96.6%
[MONITORING] [local.openml_t_10090.pygmo_c.amazon-commerce-reviews.0.H2OAutoML] Memory Usage: 62.3%
[MONITORING] [local.openml_t_10090.pygmo_c.amazon-commerce-reviews.0.H2OAutoML] Disk Usage: 43.2%
[MONITORING] [local.openml_t_10090.pygmo_c.amazon-commerce-reviews.0.H2OAutoML] CPU Utilization: 96.8%
[MONITORING] [local.openml_t_10090.pygmo_c.amazon-commerce-reviews.0.H2OAutoML] Memory Usage: 62.3%
[MONITORING] [local.openml_t_10090.pygmo_c.amazon-commerce-reviews.0.H2OAutoML] Disk Usage: 43.2%
AutoML progress: |███████████████████████████████████████████████████████████████| (done) 100%
xgboost prediction progress: |███████████████████████████████████████████████████| (done) 100%
H2O session _sid_81c7 closed.



Predictions preview:
                   Agresti              Ashbacher                  Auken            Blankenship                  Brody                  Brown               Bukowsky                    CFH              Calvinnme                Chachra               Chandler                  Chell               Cholette                 Comdet                   Corn                  Cutey               Davisson                   Dent               Engineer                 Goonan                  Grove                   Harp                  Hayes                 Janson                Johnson                 Koenig                  Kolln              Lawyeraau                    Lee                 Lovitt             Mahlers2nd                   Mark                  McKee                Merritt                Messick               Mitchell               Morrison                   Neal                  Nigam               Peterson                  Power                  Riley                 Robert                   Shea                Sherwin                 Taylor                 Vernon                 Vision                Walters                 Wilson predictions       truth
0    0.018184620887041092   0.005480704829096794    0.01627946086227894   0.007448432967066765    0.03500402346253395   0.007700777146965265  0.0026217876002192497   0.007856693118810654   0.008583919145166874   0.011329452507197857  0.0027732772286981344  0.0070004756562411785  0.0026681770104914904    0.08999592810869217    0.13813239336013794   0.018199369311332703   0.013892865739762783   0.004782525822520256   0.003594345413148403   0.007935733534395695    0.01061504427343607   0.009181196801364422   0.007559244986623526     0.0047618318349123   0.006743293721228838      0.274129182100296   0.001185778295621276   0.004873888101428747    0.01065147202461958  0.0038348038215190172  0.0028724269941449165   0.004682599566876888   0.005860182922333479    0.01041790097951889   0.004470784682780504   0.024889064952731133    0.01087745651602745   0.007164035923779011    0.07172876596450806   0.010565774515271187   0.007322794292122126  0.0031626468989998102   0.013823550194501877   0.014076397754251957   0.004742737859487534   0.005608833394944668   0.026774514466524124   0.021826032549142838   0.002619705628603697  0.0035130721516907215      Koenig      Koenig
1   0.0015318061923608184   0.005337432958185673    0.07042735815048218   0.007014819420874119    0.04177180305123329   0.002221520058810711   0.005568496882915497   0.017021961510181427   0.027148619294166565  0.0017549663316458464   0.002925017848610878  0.0073097762651741505   0.004334611818194389   0.009851555339992046   0.022706111893057823    0.00958892609924078   0.029468538239598274   0.002228859346359968  0.0046828254126012325   0.008067233487963676   0.023580826818943024   0.030749522149562836    0.04505428299307823  0.0027467452455312014   0.004147493280470371    0.11674808710813522    0.03605123236775398   0.007829198613762856  0.0053199841640889645   0.021265681833028793   0.008139314129948616    0.03223355486989021   0.005721499677747488   0.013024705462157726   0.005781499668955803   0.018651112914085388   0.027375422418117523    0.01405602041631937    0.01657205820083618   0.004047076217830181   0.042861659079790115    0.07551482319831848   0.009752867743372917    0.02615974098443985   0.007502347696572542   0.004080179613083601   0.012978100217878819   0.004616661928594112    0.02979041449725628    0.06668565422296524      Koenig      Koenig
2    0.033991847187280655  0.0035858864430338144  0.0018193005817010999   0.005278784781694412    0.02267257496714592   0.027024483308196068  0.0010115735931321979    0.03292204067111015   0.030253980308771133  0.0024222019128501415   0.004317326936870813   0.005412183236330748   0.010332313366234303   0.007457990199327469   0.004110541194677353     0.0032384202349931  0.0015138877788558602  0.0030806357972323895   0.006088401656597853  0.0058842808939516544    0.00365879712626338   0.007493787445127964    0.01101249735802412  0.0069872066378593445   0.003339622635394335     0.5394467711448669   0.004195845685899258   0.006174014415591955   0.021715842187404633   0.024353697896003723   7.271954091265798E-4   0.004006307106465101   0.003464361885562539   0.014624414034187794   0.006343524903059006   0.008716342970728874   0.004363670013844967   0.016457436606287956    0.01143075991421938  0.0034144825767725706  0.0014175918186083436   0.002505996497347951   0.021307125687599182   0.011229828000068665   0.009084003046154976   0.006405969150364399  0.0022748589981347322   0.027638457715511322   0.001753226388245821  0.0020377133041620255      Koenig      Koenig
3     0.01446209754794836  0.0022370044607669115   0.016077712178230286   0.016347283497452736   0.014830132946372032   0.013899478130042553    0.03111257217824459  0.0011855994816869497    0.06005463749170303   0.025986792519688606   0.011654977686703205  0.0034692115150392056   0.018125545233488083   0.007784381043165922    0.10179905593395233  0.0022117493208497763   0.004743351601064205   0.006171339191496372   0.002558660227805376   0.020003698766231537   0.007931971922516823   0.025502914562821388  0.0024866557214409113   0.011931742541491985    0.00969784427434206   0.010172924026846886   0.005801576189696789   0.007566497661173344    0.05266723781824112    0.04924459382891655    0.03315240144729614   0.009548665024340153  0.0058425855822861195   0.005560328718274832   0.017521027475595474     0.1483134925365448    0.00866561010479927    0.00520392507314682    0.02737172693014145   0.005495629273355007    0.00441250205039978    0.03691241517663002   0.001789549714885652   0.044532131403684616   0.004411513917148113  0.0049285078421235085   0.001652323640882969   0.061331454664468765  0.0030264093074947596    0.01260859053581953    Mitchell  Mahlers2nd
4    0.001526820007711649   7.062573567964137E-4  0.0014166603796184063  0.0019358735298737884  0.0011490362230688334  0.0042725782841444016  1.3670913176611066E-4  0.0045231301337480545  0.0021801579277962446   9.114024578593671E-4   0.003547360422089696   0.001238780445419252  0.0028061289340257645  0.0021884676534682512  0.0016016134759411216   0.004409093875437975   5.518709658645093E-4  0.0011679682647809386    9.60682169534266E-4   0.009443975053727627  0.0018444085726514459   8.500594994984567E-4   0.001175816636532545  0.0013190516037866473   8.385286200791597E-4   0.004741630982607603   4.569290904328227E-4  0.0012260670773684978   0.005590948276221752    2.35805258853361E-4     0.8684840798377991  0.0016204982530325651  0.0012303768889978528   7.647248567081988E-4  0.0013689276529476047  0.0036134710535407066    8.26234114356339E-4   5.632315878756344E-4    0.03436778858304024   7.529529393650591E-4  0.0013858991442248225  0.0024741843808442354  0.0010985663393512368  0.0015230040298774838   0.011096354573965073     7.4689433677122E-4   5.735885351896286E-4   0.001938458881340921  3.7939121830277145E-4  2.3758083989378065E-4  Mahlers2nd  Mahlers2nd
5    0.021331308409571648   0.012369995936751366    0.01131654717028141    0.01143056619912386  0.0034510770346969366   0.062337037175893784   0.003162234090268612    0.03093583695590496    0.01904843933880329  0.0031431906390935183   0.005803385749459267   0.005173106677830219  0.0016937199980020523   0.010527855716645718   0.013138928450644016   0.059358738362789154   0.007838406600058079   0.014728407375514507   0.005693164188414812    0.02553492784500122     0.0653524175286293   0.005430673249065876  0.0022126685362309217  0.0020780032500624657   0.011715860106050968   0.003928761463612318  0.0015855345409363508  0.0023194074165076017   0.007687767967581749   0.005342305637896061    0.07273980230093002   0.004329949617385864    0.00914632435888052   0.004144077654927969    0.00167977181263268    0.11596957594156265   0.005170695949345827   0.016842244192957878   0.021302999928593636  0.0015389820327982306  0.0059065790846943855   0.007642434909939766   0.012087196111679077     0.1394791454076767     0.0915556252002716   0.004061597399413586   0.004132044035941362    0.03762851655483246  0.0037452594842761755   0.005226925015449524        Shea  Mahlers2nd
6    0.023471711203455925  0.0018767950823530555    0.04655766487121582   0.006451785564422607   0.004208344500511885   0.001532154274173081   0.020267320796847343   0.012502572499215603   0.023530079051852226  0.0012542438926175237   0.002617416437715292    0.19613276422023773   0.005358556285500526   0.003302241675555706   0.004711783025413752   6.316997460089624E-4   0.003124272683635354   0.010278863832354546  0.0026495731435716152   7.851379923522472E-4   0.004473914857953787   0.020440958440303802    0.04582079127430916    0.03100738860666752   0.005786959547549486    0.03923635929822922    0.14962105453014374   0.002289417665451765   0.002276571001857519   0.006382764782756567   0.004345645662397146    0.03208683058619499   0.008875597268342972  0.0068509685806930065   0.008513879962265491    0.10865838825702667   0.004642568528652191   0.018841907382011414   0.014237393625080585   0.024290917441248894  0.0011127833276987076     0.0250898078083992   0.025549383834004402    0.00810111965984106   0.004186376463621855  0.0030301755759865046   0.008855781517922878   0.006875488441437483  0.0015396089293062687    0.00573417404666543       Chell       Kolln
7    0.009002415463328362   0.002192364539951086    0.02423005923628807  0.0017564183799549937  0.0028049286920577288   0.004811734892427921   0.009130049496889114    0.07018835842609406   0.002089425688609481   0.003920065239071846  0.0027738928329199553  0.0041394466534256935  0.0041327886283397675  4.7759379958733916E-4   0.007018755190074444  0.0011307054664939642   0.004350200295448303  0.0020324448123574257  0.0022519221529364586  0.0015532388351857662   0.017682647332549095  0.0034504011273384094   0.007174785248935223   0.013861826620995998   0.003779245540499687   0.019001442939043045     0.6649566888809204   0.003993283491581678   0.003237767843529582   0.002143383724614978  0.0010454803705215454    0.00277359364554286    0.00295198243111372   0.013771462254226208   0.002928389934822917   5.873655318282545E-4   0.007446088828146458  0.0032737974543124437  0.0026057118084281683   0.004704136401414871  0.0034796458203345537    0.00114872504491359  0.0013478220207616687   0.001283752266317606   0.001047314959578216  0.0017768943216651678   0.029938654974102974   0.004396367352455854   0.010628885589540005  0.0035956576466560364       Kolln       Kolln
8    6.404793821275234E-4   1.740690495353192E-4    0.01995074935257435  0.0018254532478749752   5.773023003712296E-4  2.3934768978506327E-4   6.975546129979193E-4  0.0015555472346022725   6.188126862980425E-4  0.0013331021182239056  0.0012486473424360156   9.745400748215616E-4   4.306446935515851E-4  2.6675176923163235E-4  0.0013599832309409976  1.6975319886114448E-4   7.224456057883799E-4   0.003962820861488581   0.001253666589036584   2.135231625288725E-4  0.0028531181160360575  0.0016401932807639241  0.0010533202439546585   0.008403044193983078   4.793863627128303E-4   5.841959500685334E-4     0.8732473850250244   6.723409751430154E-4   5.522251594811678E-4   0.027210017666220665   0.001122471527196467   0.008384237065911293    5.06864336784929E-4  0.0014340694760903716  0.0017890670569613576   0.001434093457646668  0.0018700564978644252   0.009079953655600548   7.786152418702841E-4  0.0012075022095814347  0.0011358800111338496  3.8427094114013016E-4  0.0036259335465729237   5.106887547299266E-4  0.0018326921854168177   7.960190996527672E-4   5.104545271024108E-4  1.8028219346888363E-4   0.004914021585136652  0.0035924261901527643       Kolln       Kolln
9   1.6753467207308859E-4    0.00150636478792876    0.00191375776194036  0.0051915342919528484   8.753695292398334E-4   7.950341096147895E-4  0.0017655408009886742  0.0010712351649999619   0.009844217449426651  2.5694025680422783E-4    5.62128028832376E-4  4.3182240915484726E-4  0.0011625939514487982   0.008684591390192509  2.8389180079102516E-4   4.593517805915326E-4   0.009104742668569088   0.004171311855316162   2.887939917854965E-4  0.0015350690810009837  0.0032201509457081556  0.0014950527111068368   8.656217250972986E-4   0.001375958789139986   7.892553694546223E-4   6.945980712771416E-4   6.278714281506836E-4   5.601899465546012E-4   0.001177939586341381   0.002807755023241043  0.0023363521322607994  0.0018081878079101443   6.406872416846454E-4   0.001454434939660132   0.001289563486352563  0.0014684894122183323   5.110218771733344E-4   8.450093446299434E-4  0.0014277148293331265   7.508011185564101E-4   7.155706407502294E-4   2.068335161311552E-4  0.0017134433146566153     0.9156291484832764  0.0011173293460160494   6.740440730936825E-4   3.543054626788944E-4   0.002413721289485693  4.2644591303542256E-4   5.306104430928826E-4        Shea        Shea
10   0.008277288638055325   0.006444111932069063   0.006012944504618645   0.008934981189668179   0.033590301871299744   0.035727743059396744  0.0033835768699645996   0.031175876036286354   0.008502381853759289   0.009671660140156746   0.017672892659902573   0.005554873496294022     0.0876629427075386    0.01095876470208168   0.007011059671640396   0.016470858827233315    0.01655917428433895   0.004874450154602528  0.0024873928632587194    0.00582124013453722    0.05535519868135452   0.006583576090633869  0.0034751915372908115    0.01640632376074791   0.005337126553058624   0.009658431634306908  0.0013904896331951022   0.013417349196970463   0.004546681884676218   0.011187152937054634   0.007642515003681183     0.1425933688879013    0.08635348081588745   0.009869820438325405   0.004208630882203579   0.005398888140916824   0.004095786716789007   0.005099169444292784   0.009015132673084736  0.0035306981299072504   0.037075966596603394   0.014461596496403217   0.019566167145967484   0.016652312129735947   0.013359607197344303    0.00458150589838624  0.0022037732414901257     0.1526571661233902   0.005826170556247234   0.001656213658861816      Vision        Shea
11   0.018231144174933434  0.0024034606758505106  0.0032725660130381584   0.006533815525472164   0.007893276400864124    0.15216775238513947   0.002120574237778783   0.006235077511519194    0.38159018754959106  0.0022790071088820696    0.00488135265186429  0.0023861899971961975   0.001621381496079266   0.005616937298327684  0.0025048430543392897   0.003340816590934992    0.00556213641539216  0.0020411077421158552   0.005719814449548721    0.06390409171581268  0.0016566213453188539   0.004557525273412466   0.012541002593934536    0.02244642935693264   0.004298750311136246   0.013861958868801594   6.665997789241374E-4   0.004817554727196693   0.015614764764904976   0.019106553867459297   0.004874912090599537    0.01229020394384861    0.00868772342801094   0.005955890752375126   0.002444532932713628   0.002061465522274375   0.004323669709265232    0.01500379666686058   0.010240434668958187  0.0010713618248701096  0.0029676384292542934   0.009754707105457783   0.005637509748339653     0.1124444380402565    0.00808921828866005   0.003340400755405426   0.003160330466926098   0.005102487746626139   8.992247167043388E-4   0.001776756253093481   Calvinnme        Shea
12   0.006254076957702637  0.0061708237044513226    0.01986178383231163   0.006246712524443865   0.009863496758043766   0.016059333458542824   0.009283951483666897   0.009516580030322075   0.010384362190961838      0.146562859416008    0.13457530736923218    0.04300351068377495   0.016024718061089516   0.023097261786460876    0.21850702166557312   0.015159700065851212  0.0017594154924154282   0.014792985282838345   0.004753903020173311     0.0366964116692543   0.009749946184456348   0.014807161875069141   0.004146260675042868  0.0022193794138729572   0.009833038784563541   0.006145782768726349   0.004495400935411453   0.006413062568753958   0.005778701510280371    0.00153447687625885   0.018370704725384712   0.007432529702782631   0.015581932850182056   0.006220581941306591  0.0046161930076777935   0.002535965060815215   0.005430279765278101  0.0051077683456242085    0.02715490013360977   0.005385268479585648   0.029416903853416443   0.008132322691380978   0.005384557414799929   0.004221900831907988   0.007230084855109453   0.005010183900594711   0.003572033252567053  0.0037885119672864676   0.013178464025259018   0.008531440980732441        Corn        Corn
13  0.0017326250672340393   0.004154362250119448   0.004940562415868044  0.0044339001178741455   0.001385760260745883   0.002223822521045804    0.00675166817381978  0.0057219574227929115   0.013126569800078869   0.014353552833199501    0.07307437807321548    0.00881244521588087   0.030730661004781723   0.005834182724356651    0.29400771856307983    0.05478150397539139   0.015127927996218204    0.00430048443377018   0.006757494993507862   0.048411786556243896    0.03232041373848915   0.010211590677499771  0.0013008581008762121     0.0044406414963305   0.004208920057862997   0.008594413287937641   0.007588061038404703  0.0020358734764158726  0.0032887710258364677   0.008277114480733871   0.019118178635835648    0.06296683847904205   0.005327298771589994    0.00704586785286665     0.0042932596988976   0.014464073814451694    0.01458672247827053  0.0072407289408147335   0.028354303911328316  0.0033982652239501476  0.0031304657459259033    0.05212721228599548   0.016785793006420135   0.017812086269259453   0.030096225440502167   0.003973514307290316   9.806249290704727E-4   0.010826852172613144    0.01126770954579115  0.0032739348243921995        Corn        Corn
14  0.0010468221735209227    0.14977407455444336   0.005421540699899197   0.006992171984165907    0.08183496445417404    0.02711321786046028  0.0038170209154486656   0.005169962998479605    0.04583309218287468   0.003923908341675997    0.00319479126483202   0.019948039203882217   0.022065194323658943  0.0014133522054180503   0.032719068229198456   0.011105635203421116  0.0018087628995999694   0.013251694850623608  0.0015978855080902576   0.043850600719451904   0.012374604120850563   0.006271425634622574    0.00923959631472826   0.039435673505067825   0.006498847622424364   0.010134321637451649   0.005997196305543184   0.008974920026957989   0.002100230660289526    0.05235883593559265   0.011659419164061546    0.04100123792886734    0.03813428804278374   0.013102935627102852   0.027348686009645462   0.007364334538578987  0.0036621829494833946   0.005150752607733011  0.0037898242007941008   0.007565201260149479    0.13759249448776245   0.006396085023880005   0.008317774161696434   0.002123739570379257  0.0030432844068855047   0.015535951592028141   0.004948984831571579   0.016496798023581505   0.004406583961099386   0.007091977633535862   Ashbacher        Corn
15    0.00813264399766922   0.009063813835382462   0.025525735691189766   0.008706901222467422   0.007126410026103258   0.003196184756234288    0.09706483781337738   0.008221068419516087   0.017637034878134727  0.0017361324280500412    0.01225826982408762   0.015754107385873795   0.012957300059497356   0.012347748503088951   0.006717955227941275   0.009974077343940735   0.020586835220456123   0.004214411601424217  0.0025385208427906036   0.002911381423473358   0.022118136286735535   0.019385728985071182   0.010054954327642918    0.08521748334169388   0.007235092576593161   0.012953992933034897   0.007766702678054571   0.019151167944073677    0.02970445714890957    0.02485872432589531   0.004221455194056034   0.005515141878277063   0.011019657365977764   0.006997710093855858   0.006132339593023062    0.02221272513270378    0.07927612215280533    0.01814030297100544  0.0032358046155422926    0.02154003269970417    0.03484963998198509   0.005643434822559357   0.002981928177177906   0.010852059349417686   0.006395790260285139   0.042304281145334244    0.07182064652442932   0.039580680429935455   0.006466331426054239    0.07569605112075806    Bukowsky      Wilson
16   8.200882584787905E-4   0.013271799311041832     0.0228385291993618   0.005020603537559509   0.004508722573518753   0.001817917451262474   0.024769801646471024  0.0010335693368688226   0.002777271904051304    7.81330862082541E-4   0.009796861559152603   0.006809929385781288    0.02155902236700058   0.006619925145059824   0.016846340149641037   0.006635801400989294    0.03940337523818016   0.002385305240750313  0.0012335911160334945   0.003177853999659419   0.011065345257520676  0.0033154969569295645   6.645547691732645E-4   0.011273271404206753  0.0050935037434101105  0.0025751139037311077   0.005960033740848303    0.03483638912439346  0.0036655061412602663   0.044375188648700714   0.020869839936494827   0.005005830433219671   0.005590365268290043   0.005472419783473015    0.02218717709183693   0.014332866296172142   0.004834489896893501   0.005874202586710453   0.011789101175963879    0.02607301063835621   0.007862436585128307   0.004053564742207527   0.003161015221849084   0.020101672038435936  0.0022972149308770895   0.004605568014085293    0.15098729729652405  4.5870611211284995E-4   0.027773156762123108     0.3417380452156067      Wilson      Wilson
17  0.0038718823343515396  0.0021767201833426952  0.0020257970318198204   0.006097960751503706  0.0013043518410995603   0.004613171331584454   0.005757754202932119   0.007963608019053936  0.0025981080252677202   0.003553271060809493   0.001118624466471374     0.5684442520141602   0.021719591692090034   0.005719341337680817   0.009168477728962898  0.0015381857519969344     0.0391940176486969   0.005233366042375565   0.002550542587414384  0.0020844116806983948   0.028285469859838486   0.004301197361201048  0.0016851932741701603   0.006215632427483797   0.003854919457808137   0.004320649430155754   0.001911277649924159   0.038215093314647675   0.002383077284321189   0.010042908601462841   0.004368316847831011   0.010004407726228237  0.0031112711876630783  0.0035498349461704493   0.005437004845589399  0.0027432830538600683   0.009891923516988754    0.01335154939442873  0.0011213887482881546    0.02758508361876011   0.005067094229161739  0.0062414174899458885   0.008386868052184582  0.0017671692185103893   0.002086816355586052   0.002943864092230797   0.019819386303424835   0.005042403470724821   0.005852345377206802    0.06367972493171692       Chell      Wilson
18   0.004443841986358166    0.01600390300154686   0.014477604068815708   0.008748002350330353    0.05079423263669014    0.03269951418042183    0.11024735122919083   0.009656703099608421   0.023765990510582924   0.005912703927606344   0.024964597076177597   0.005366487428545952  0.0022949546109884977   0.010399135760962963      0.135910764336586   0.010713028721511364  0.0011838992359116673   0.005808256566524506   0.003631237195804715    0.05233475938439369  0.0036564955953508615   0.010752497240900993   0.008718294091522694   0.015067673288285732   0.010012703947722912   0.006493082270026207   0.008915587328374386   0.029493849724531174   0.010885300114750862   0.011492975987493992   0.007330451160669327   0.004600981716066599   0.022016827017068863    0.02049156464636326   0.013880662620067596  0.0059293643571436405    0.05113443732261658   0.023827088996767998   0.024497685953974724   0.005366953555494547   0.005932045169174671   0.011887810193002224    0.02352663315832615  0.0025757555849850178    0.03650498017668724   0.005788951180875301   0.010711660608649254   0.023858623579144478    0.02462502382695675   0.030667053535580635        Corn      Goonan
19   5.404293187893927E-4  0.0013203013222664595  0.0019440941978245974  0.0027884431183338165   0.002410741988569498   0.002779021393507719    0.04247539862990379  0.0033994188997894526   0.004990117158740759   9.198721963912249E-4   0.002052959753200412   0.012663119472563267   0.011407006531953812   6.540009053424001E-4   0.011862869374454021   7.921822834759951E-4    9.44885250646621E-4  0.0022565850522369146   5.920958938077092E-4     0.7328969836235046  0.0036695015151053667  0.0022066019009798765  0.0012689586728811264  0.0010503786616027355  0.0015448706690222025   0.011931410059332848  0.0012290575541555882   0.007422620430588722   0.019604910165071487   0.004131391178816557  0.0018222859362140298  0.0011216873535886407   0.002507411176338792    0.00108858454041183   0.013036512769758701  0.0014216279378160834  0.0029955939389765263   0.013295530341565609   0.021519921720027924  0.0013611025642603636   0.001352851977571845  0.0010530592408031225   0.005305135156959295   0.002445475896820426   0.004804988857358694  0.0033991236705332994   0.005687295459210873   0.013546491973102093   0.007172769866883755  0.0013123111566528678      Goonan      Goonan

Predictions saved to `/home/juradoi/experiments/automlbenchmark/results/h2oautoml.openml_t_10090.pygmo_c.local.20211209T182726/predictions/amazon-commerce-reviews/0/predictions.csv`.
Loading metadata from `/home/juradoi/experiments/automlbenchmark/results/h2oautoml.openml_t_10090.pygmo_c.local.20211209T182726/predictions/amazon-commerce-reviews/0/metadata.json`.
Loading predictions from `/home/juradoi/experiments/automlbenchmark/results/h2oautoml.openml_t_10090.pygmo_c.local.20211209T182726/predictions/amazon-commerce-reviews/0/predictions.csv`.
Metric scores: { 'acc': 0.6533333333333333,
  'app_version': 'dev [master, beef024]',
  'balacc': 0.6533333333333333,
  'constraint': 'pygmo_c',
  'duration': nan,
  'fold': 0,
  'framework': 'H2OAutoML',
  'id': 'openml.org/t/10090',
  'info': None,
  'logloss': 1.557142050596578,
  'metric': 'neg_logloss',
  'mode': 'local',
  'models_count': 7,
  'params': '',
  'predict_duration': 0.33402490615844727,
  'result': -1.557142050596578,
  'seed': 2035495668,
  'task': 'amazon-commerce-reviews',
  'training_duration': 3622.1327579021454,
  'type': 'multiclass',
  'utc': '2021-12-09T19:28:22',
  'version': '3.34.0.3'}
Job `local.openml_t_10090.pygmo_c.amazon-commerce-reviews.0.H2OAutoML` executed in 3652.472 seconds.
All jobs executed in 3655.879 seconds.
[MONITORING] [local.openml_t_10090.pygmo_c.amazon-commerce-reviews.0.H2OAutoML] CPU Utilization: 91.9%
[MONITORING] [local.openml_t_10090.pygmo_c.amazon-commerce-reviews.0.H2OAutoML] Memory Usage: 2.3%
[MONITORING] [local.openml_t_10090.pygmo_c.amazon-commerce-reviews.0.H2OAutoML] Disk Usage: 43.2%
Processing results for h2oautoml.openml_t_10090.pygmo_c.local.20211209T182726
Scores saved to `/home/juradoi/experiments/automlbenchmark/results/h2oautoml.openml_t_10090.pygmo_c.local.20211209T182726/scores/H2OAutoML.benchmark_openml_t_10090.csv`.
Scores saved to `/home/juradoi/experiments/automlbenchmark/results/h2oautoml.openml_t_10090.pygmo_c.local.20211209T182726/scores/results.csv`.
Scores saved to `/home/juradoi/experiments/automlbenchmark/results/results.csv`.
Summing up scores for current run:
                id                    task fold framework constraint   result      metric  duration       seed
openml.org/t/10090 amazon-commerce-reviews    0 H2OAutoML    pygmo_c -1.55714 neg_logloss    3652.5 2035495668
