/var/spool/slurm/slurmd/job8493738/slurm_script: line 8: activate: No such file or directory
Running benchmark `H2OAutoML` on `openml/t/190392` framework in `local` mode.
Loading frameworks definitions from ['/home/juradoi/experiments/automlbenchmark/resources/frameworks.yaml'].
Loading benchmark constraint definitions from ['/home/juradoi/experiments/automlbenchmark/resources/constraints.yaml'].
Loading openml task 190392.

----------------------------------------------------------------
Starting job local.openml_t_190392.pygmo_c.madeline.0.H2OAutoML.
Assigning 16 cores (total=16) for new task madeline.
Assigning 91099 MB (total=95302 MB) for new madeline task.
[MONITORING] [local.openml_t_190392.pygmo_c.madeline.0.H2OAutoML] CPU Utilization: 16.0%
[MONITORING] [local.openml_t_190392.pygmo_c.madeline.0.H2OAutoML] Memory Usage: 2.3%
[MONITORING] [local.openml_t_190392.pygmo_c.madeline.0.H2OAutoML] Disk Usage: 43.2%
Running task madeline on framework H2OAutoML with config:
TaskConfig({})
Running cmd `/home/juradoi/experiments/automlbenchmark/frameworks/H2OAutoML/venv/bin/python -W ignore /home/juradoi/experiments/automlbenchmark/frameworks/H2OAutoML/exec.py`
INFO:__main__:
**** H2O AutoML [v3.34.0.3] ****

INFO:__main__:Starting H2O cluster with 16 cores, 60733M memory.
Checking whether there is an H2O instance running at http://localhost:23807 ..... not found.
Attempting to start a local H2O server...
  Java Version: openjdk version "11.0.12" 2021-07-20; OpenJDK Runtime Environment (build 11.0.12+7-post-Debian-2deb10u1); OpenJDK 64-Bit Server VM (build 11.0.12+7-post-Debian-2deb10u1, mixed mode, sharing)
  Starting server from /home/juradoi/experiments/automlbenchmark/frameworks/H2OAutoML/venv/lib/python3.8/site-packages/h2o/backend/bin/h2o.jar
  Ice root: /tmp/tmpnknpnjhd
  JVM stdout: /tmp/tmpnknpnjhd/h2o_unknownUser_started_from_python.out
  JVM stderr: /tmp/tmpnknpnjhd/h2o_unknownUser_started_from_python.err
  Server is running at http://127.0.0.1:23807
Connecting to H2O server at http://127.0.0.1:23807 ... successful.
--------------------------  ------------------------------------------------------------------
H2O_cluster_uptime:         01 secs
H2O_cluster_timezone:       Europe/Amsterdam
H2O_data_parsing_timezone:  UTC
H2O_cluster_version:        3.34.0.3
H2O_cluster_version_age:    2 months and 2 days
H2O_cluster_name:           H2O_from_python_unknownUser_ah0t9d
H2O_cluster_total_nodes:    1
H2O_cluster_free_memory:    59.31 Gb
H2O_cluster_total_cores:    16
H2O_cluster_allowed_cores:  16
H2O_cluster_status:         locked, healthy
H2O_connection_url:         http://127.0.0.1:23807
H2O_connection_proxy:       {"http": null, "https": null}
H2O_internal_security:      False
H2O_API_Extensions:         Amazon S3, XGBoost, Algos, AutoML, Core V3, TargetEncoder, Core V4
Python_version:             3.8.12 final
--------------------------  ------------------------------------------------------------------
Parse progress: |████████████████████████████████████████████████████████████████| (done) 100%
Parse progress: |████████████████████████████████████████████████████████████████| (done) 100%
INFO:__main__:Running model on task madeline, fold 0.
[MONITORING] [local.openml_t_190392.pygmo_c.madeline.0.H2OAutoML] CPU Utilization: 61.0%
[MONITORING] [local.openml_t_190392.pygmo_c.madeline.0.H2OAutoML] Memory Usage: 42.1%
[MONITORING] [local.openml_t_190392.pygmo_c.madeline.0.H2OAutoML] Disk Usage: 43.2%
[MONITORING] [local.openml_t_190392.pygmo_c.madeline.0.H2OAutoML] CPU Utilization: 72.2%
[MONITORING] [local.openml_t_190392.pygmo_c.madeline.0.H2OAutoML] Memory Usage: 42.1%
[MONITORING] [local.openml_t_190392.pygmo_c.madeline.0.H2OAutoML] Disk Usage: 43.2%
[MONITORING] [local.openml_t_190392.pygmo_c.madeline.0.H2OAutoML] CPU Utilization: 72.2%
[MONITORING] [local.openml_t_190392.pygmo_c.madeline.0.H2OAutoML] Memory Usage: 42.7%
[MONITORING] [local.openml_t_190392.pygmo_c.madeline.0.H2OAutoML] Disk Usage: 43.2%
[MONITORING] [local.openml_t_190392.pygmo_c.madeline.0.H2OAutoML] CPU Utilization: 74.0%
[MONITORING] [local.openml_t_190392.pygmo_c.madeline.0.H2OAutoML] Memory Usage: 46.7%
[MONITORING] [local.openml_t_190392.pygmo_c.madeline.0.H2OAutoML] Disk Usage: 43.2%
[MONITORING] [local.openml_t_190392.pygmo_c.madeline.0.H2OAutoML] CPU Utilization: 79.9%
[MONITORING] [local.openml_t_190392.pygmo_c.madeline.0.H2OAutoML] Memory Usage: 46.8%
[MONITORING] [local.openml_t_190392.pygmo_c.madeline.0.H2OAutoML] Disk Usage: 43.2%
[MONITORING] [local.openml_t_190392.pygmo_c.madeline.0.H2OAutoML] CPU Utilization: 80.6%
[MONITORING] [local.openml_t_190392.pygmo_c.madeline.0.H2OAutoML] Memory Usage: 47.9%
[MONITORING] [local.openml_t_190392.pygmo_c.madeline.0.H2OAutoML] Disk Usage: 43.2%
[MONITORING] [local.openml_t_190392.pygmo_c.madeline.0.H2OAutoML] CPU Utilization: 80.0%
[MONITORING] [local.openml_t_190392.pygmo_c.madeline.0.H2OAutoML] Memory Usage: 48.2%
[MONITORING] [local.openml_t_190392.pygmo_c.madeline.0.H2OAutoML] Disk Usage: 43.2%
[MONITORING] [local.openml_t_190392.pygmo_c.madeline.0.H2OAutoML] CPU Utilization: 80.6%
[MONITORING] [local.openml_t_190392.pygmo_c.madeline.0.H2OAutoML] Memory Usage: 48.3%
[MONITORING] [local.openml_t_190392.pygmo_c.madeline.0.H2OAutoML] Disk Usage: 43.2%
[MONITORING] [local.openml_t_190392.pygmo_c.madeline.0.H2OAutoML] CPU Utilization: 81.2%
[MONITORING] [local.openml_t_190392.pygmo_c.madeline.0.H2OAutoML] Memory Usage: 49.2%
[MONITORING] [local.openml_t_190392.pygmo_c.madeline.0.H2OAutoML] Disk Usage: 43.2%
[MONITORING] [local.openml_t_190392.pygmo_c.madeline.0.H2OAutoML] CPU Utilization: 80.1%
[MONITORING] [local.openml_t_190392.pygmo_c.madeline.0.H2OAutoML] Memory Usage: 49.2%
[MONITORING] [local.openml_t_190392.pygmo_c.madeline.0.H2OAutoML] Disk Usage: 43.2%
[MONITORING] [local.openml_t_190392.pygmo_c.madeline.0.H2OAutoML] CPU Utilization: 79.6%
[MONITORING] [local.openml_t_190392.pygmo_c.madeline.0.H2OAutoML] Memory Usage: 49.9%
[MONITORING] [local.openml_t_190392.pygmo_c.madeline.0.H2OAutoML] Disk Usage: 43.2%
[MONITORING] [local.openml_t_190392.pygmo_c.madeline.0.H2OAutoML] CPU Utilization: 80.3%
[MONITORING] [local.openml_t_190392.pygmo_c.madeline.0.H2OAutoML] Memory Usage: 50.0%
[MONITORING] [local.openml_t_190392.pygmo_c.madeline.0.H2OAutoML] Disk Usage: 43.2%
[MONITORING] [local.openml_t_190392.pygmo_c.madeline.0.H2OAutoML] CPU Utilization: 79.5%
[MONITORING] [local.openml_t_190392.pygmo_c.madeline.0.H2OAutoML] Memory Usage: 50.1%
[MONITORING] [local.openml_t_190392.pygmo_c.madeline.0.H2OAutoML] Disk Usage: 43.2%
[MONITORING] [local.openml_t_190392.pygmo_c.madeline.0.H2OAutoML] CPU Utilization: 77.9%
[MONITORING] [local.openml_t_190392.pygmo_c.madeline.0.H2OAutoML] Memory Usage: 51.9%
[MONITORING] [local.openml_t_190392.pygmo_c.madeline.0.H2OAutoML] Disk Usage: 43.2%
[MONITORING] [local.openml_t_190392.pygmo_c.madeline.0.H2OAutoML] CPU Utilization: 77.0%
[MONITORING] [local.openml_t_190392.pygmo_c.madeline.0.H2OAutoML] Memory Usage: 52.2%
[MONITORING] [local.openml_t_190392.pygmo_c.madeline.0.H2OAutoML] Disk Usage: 43.2%
[MONITORING] [local.openml_t_190392.pygmo_c.madeline.0.H2OAutoML] CPU Utilization: 71.8%
[MONITORING] [local.openml_t_190392.pygmo_c.madeline.0.H2OAutoML] Memory Usage: 52.2%
[MONITORING] [local.openml_t_190392.pygmo_c.madeline.0.H2OAutoML] Disk Usage: 43.2%
[MONITORING] [local.openml_t_190392.pygmo_c.madeline.0.H2OAutoML] CPU Utilization: 75.5%
[MONITORING] [local.openml_t_190392.pygmo_c.madeline.0.H2OAutoML] Memory Usage: 52.4%
[MONITORING] [local.openml_t_190392.pygmo_c.madeline.0.H2OAutoML] Disk Usage: 43.2%
[MONITORING] [local.openml_t_190392.pygmo_c.madeline.0.H2OAutoML] CPU Utilization: 74.3%
[MONITORING] [local.openml_t_190392.pygmo_c.madeline.0.H2OAutoML] Memory Usage: 52.4%
[MONITORING] [local.openml_t_190392.pygmo_c.madeline.0.H2OAutoML] Disk Usage: 43.2%
[MONITORING] [local.openml_t_190392.pygmo_c.madeline.0.H2OAutoML] CPU Utilization: 76.0%
[MONITORING] [local.openml_t_190392.pygmo_c.madeline.0.H2OAutoML] Memory Usage: 52.5%
[MONITORING] [local.openml_t_190392.pygmo_c.madeline.0.H2OAutoML] Disk Usage: 43.2%
[MONITORING] [local.openml_t_190392.pygmo_c.madeline.0.H2OAutoML] CPU Utilization: 68.6%
[MONITORING] [local.openml_t_190392.pygmo_c.madeline.0.H2OAutoML] Memory Usage: 52.5%
[MONITORING] [local.openml_t_190392.pygmo_c.madeline.0.H2OAutoML] Disk Usage: 43.2%
[MONITORING] [local.openml_t_190392.pygmo_c.madeline.0.H2OAutoML] CPU Utilization: 74.9%
[MONITORING] [local.openml_t_190392.pygmo_c.madeline.0.H2OAutoML] Memory Usage: 52.5%
[MONITORING] [local.openml_t_190392.pygmo_c.madeline.0.H2OAutoML] Disk Usage: 43.2%
[MONITORING] [local.openml_t_190392.pygmo_c.madeline.0.H2OAutoML] CPU Utilization: 73.2%
[MONITORING] [local.openml_t_190392.pygmo_c.madeline.0.H2OAutoML] Memory Usage: 52.5%
[MONITORING] [local.openml_t_190392.pygmo_c.madeline.0.H2OAutoML] Disk Usage: 43.2%
[MONITORING] [local.openml_t_190392.pygmo_c.madeline.0.H2OAutoML] CPU Utilization: 72.0%
[MONITORING] [local.openml_t_190392.pygmo_c.madeline.0.H2OAutoML] Memory Usage: 52.5%
[MONITORING] [local.openml_t_190392.pygmo_c.madeline.0.H2OAutoML] Disk Usage: 43.2%
[MONITORING] [local.openml_t_190392.pygmo_c.madeline.0.H2OAutoML] CPU Utilization: 86.3%
[MONITORING] [local.openml_t_190392.pygmo_c.madeline.0.H2OAutoML] Memory Usage: 53.1%
[MONITORING] [local.openml_t_190392.pygmo_c.madeline.0.H2OAutoML] Disk Usage: 43.2%
[MONITORING] [local.openml_t_190392.pygmo_c.madeline.0.H2OAutoML] CPU Utilization: 93.2%
[MONITORING] [local.openml_t_190392.pygmo_c.madeline.0.H2OAutoML] Memory Usage: 53.1%
[MONITORING] [local.openml_t_190392.pygmo_c.madeline.0.H2OAutoML] Disk Usage: 43.2%
[MONITORING] [local.openml_t_190392.pygmo_c.madeline.0.H2OAutoML] CPU Utilization: 93.0%
[MONITORING] [local.openml_t_190392.pygmo_c.madeline.0.H2OAutoML] Memory Usage: 53.1%
[MONITORING] [local.openml_t_190392.pygmo_c.madeline.0.H2OAutoML] Disk Usage: 43.2%
[MONITORING] [local.openml_t_190392.pygmo_c.madeline.0.H2OAutoML] CPU Utilization: 92.3%
[MONITORING] [local.openml_t_190392.pygmo_c.madeline.0.H2OAutoML] Memory Usage: 53.4%
[MONITORING] [local.openml_t_190392.pygmo_c.madeline.0.H2OAutoML] Disk Usage: 43.2%
[MONITORING] [local.openml_t_190392.pygmo_c.madeline.0.H2OAutoML] CPU Utilization: 89.9%
[MONITORING] [local.openml_t_190392.pygmo_c.madeline.0.H2OAutoML] Memory Usage: 53.5%
[MONITORING] [local.openml_t_190392.pygmo_c.madeline.0.H2OAutoML] Disk Usage: 43.2%
[MONITORING] [local.openml_t_190392.pygmo_c.madeline.0.H2OAutoML] CPU Utilization: 92.1%
[MONITORING] [local.openml_t_190392.pygmo_c.madeline.0.H2OAutoML] Memory Usage: 53.7%
[MONITORING] [local.openml_t_190392.pygmo_c.madeline.0.H2OAutoML] Disk Usage: 43.2%
[MONITORING] [local.openml_t_190392.pygmo_c.madeline.0.H2OAutoML] CPU Utilization: 80.7%
[MONITORING] [local.openml_t_190392.pygmo_c.madeline.0.H2OAutoML] Memory Usage: 54.0%
[MONITORING] [local.openml_t_190392.pygmo_c.madeline.0.H2OAutoML] Disk Usage: 43.2%
AutoML progress: |███████████████████████████████████████████████████████████████| (done) 100%
stackedensemble prediction progress: |███████████████████████████████████████████| (done) 100%
H2O session _sid_96bf closed.



Predictions preview:
                        0                    1 predictions truth
0    0.06481988783277826   0.9351801121672217           1     1
1    0.10507943623638738   0.8949205637636126           1     1
2    0.07462269010325284   0.9253773098967472           1     1
3    0.05075525574890538   0.9492447442510946           1     1
4    0.10806654803066806   0.8919334519693319           1     1
5     0.2834638045855318   0.7165361954144682           1     1
6     0.9309217792291462  0.06907822077085385           0     1
7    0.04364622409889962   0.9563537759011004           1     1
8    0.34852035197564657   0.6514796480243534           1     1
9     0.6203101384006073  0.37968986159939266           1     1
10    0.2501795041587338   0.7498204958412662           1     1
11  0.058084620017450295   0.9419153799825497           1     1
12   0.06490627980008168   0.9350937201999183           1     1
13   0.07390649899820201    0.926093501001798           1     1
14   0.06457041530259622   0.9354295846974038           1     1
15    0.8489937723767396  0.15100622762326038           0     1
16   0.28068281073218293   0.7193171892678171           1     1
17    0.3343277776881739   0.6656722223118261           1     1
18   0.22941222271111794   0.7705877772888821           1     1
19    0.3374267069714779   0.6625732930285221           1     1

Predictions saved to `/home/juradoi/experiments/automlbenchmark/results/h2oautoml.openml_t_190392.pygmo_c.local.20211209T212954/predictions/madeline/0/predictions.csv`.
Loading metadata from `/home/juradoi/experiments/automlbenchmark/results/h2oautoml.openml_t_190392.pygmo_c.local.20211209T212954/predictions/madeline/0/metadata.json`.
Loading predictions from `/home/juradoi/experiments/automlbenchmark/results/h2oautoml.openml_t_190392.pygmo_c.local.20211209T212954/predictions/madeline/0/predictions.csv`.
Metric scores: { 'acc': 0.8439490445859873,
  'app_version': 'dev [master, beef024]',
  'auc': 0.9266877637130801,
  'balacc': 0.84367900032457,
  'constraint': 'pygmo_c',
  'duration': nan,
  'fold': 0,
  'framework': 'H2OAutoML',
  'id': 'openml.org/t/190392',
  'info': None,
  'logloss': 0.34853347464076984,
  'metric': 'auc',
  'mode': 'local',
  'models_count': 560,
  'params': '',
  'predict_duration': 0.3555471897125244,
  'result': 0.9266877637130801,
  'seed': 781300416,
  'task': 'madeline',
  'training_duration': 3603.7385749816895,
  'type': 'binary',
  'utc': '2021-12-09T22:30:11',
  'version': '3.34.0.3'}
Job `local.openml_t_190392.pygmo_c.madeline.0.H2OAutoML` executed in 3615.249 seconds.
All jobs executed in 3616.598 seconds.
[MONITORING] [local.openml_t_190392.pygmo_c.madeline.0.H2OAutoML] CPU Utilization: 55.1%
[MONITORING] [local.openml_t_190392.pygmo_c.madeline.0.H2OAutoML] Memory Usage: 2.3%
[MONITORING] [local.openml_t_190392.pygmo_c.madeline.0.H2OAutoML] Disk Usage: 43.2%
Processing results for h2oautoml.openml_t_190392.pygmo_c.local.20211209T212954
Scores saved to `/home/juradoi/experiments/automlbenchmark/results/h2oautoml.openml_t_190392.pygmo_c.local.20211209T212954/scores/H2OAutoML.benchmark_openml_t_190392.csv`.
Scores saved to `/home/juradoi/experiments/automlbenchmark/results/h2oautoml.openml_t_190392.pygmo_c.local.20211209T212954/scores/results.csv`.
Scores saved to `/home/juradoi/experiments/automlbenchmark/results/results.csv`.
Summing up scores for current run:
                 id     task fold framework constraint   result metric  duration      seed
openml.org/t/190392 madeline    0 H2OAutoML    pygmo_c 0.926688    auc    3615.2 781300416
