/var/spool/slurm/slurmd/job8494829/slurm_script: line 8: activate: No such file or directory
Running benchmark `H2OAutoML` on `openml/t/359972` framework in `local` mode.
Loading frameworks definitions from ['/home/juradoi/experiments/automlbenchmark/resources/frameworks.yaml'].
Loading benchmark constraint definitions from ['/home/juradoi/experiments/automlbenchmark/resources/constraints.yaml'].
Loading openml task 359972.

---------------------------------------------------------------
Starting job local.openml_t_359972.pygmo_c.sylvine.0.H2OAutoML.
Assigning 16 cores (total=16) for new task sylvine.
Assigning 91459 MB (total=95302 MB) for new sylvine task.
[MONITORING] [local.openml_t_359972.pygmo_c.sylvine.0.H2OAutoML] CPU Utilization: 15.1%
[MONITORING] [local.openml_t_359972.pygmo_c.sylvine.0.H2OAutoML] Memory Usage: 1.9%
[MONITORING] [local.openml_t_359972.pygmo_c.sylvine.0.H2OAutoML] Disk Usage: 42.7%
Running task sylvine on framework H2OAutoML with config:
TaskConfig({})
Running cmd `/home/juradoi/experiments/automlbenchmark/frameworks/H2OAutoML/venv/bin/python -W ignore /home/juradoi/experiments/automlbenchmark/frameworks/H2OAutoML/exec.py`
INFO:__main__:
**** H2O AutoML [v3.34.0.3] ****

INFO:__main__:Starting H2O cluster with 16 cores, 60973M memory.
Checking whether there is an H2O instance running at http://localhost:10645 ..... not found.
Attempting to start a local H2O server...
  Java Version: openjdk version "11.0.12" 2021-07-20; OpenJDK Runtime Environment (build 11.0.12+7-post-Debian-2deb10u1); OpenJDK 64-Bit Server VM (build 11.0.12+7-post-Debian-2deb10u1, mixed mode, sharing)
  Starting server from /home/juradoi/experiments/automlbenchmark/frameworks/H2OAutoML/venv/lib/python3.8/site-packages/h2o/backend/bin/h2o.jar
  Ice root: /tmp/tmpmpzp1r6a
  JVM stdout: /tmp/tmpmpzp1r6a/h2o_unknownUser_started_from_python.out
  JVM stderr: /tmp/tmpmpzp1r6a/h2o_unknownUser_started_from_python.err
  Server is running at http://127.0.0.1:10645
Connecting to H2O server at http://127.0.0.1:10645 ... successful.
--------------------------  ------------------------------------------------------------------
H2O_cluster_uptime:         01 secs
H2O_cluster_timezone:       Europe/Amsterdam
H2O_data_parsing_timezone:  UTC
H2O_cluster_version:        3.34.0.3
H2O_cluster_version_age:    2 months and 2 days
H2O_cluster_name:           H2O_from_python_unknownUser_zbsklv
H2O_cluster_total_nodes:    1
H2O_cluster_free_memory:    59.55 Gb
H2O_cluster_total_cores:    16
H2O_cluster_allowed_cores:  16
H2O_cluster_status:         locked, healthy
H2O_connection_url:         http://127.0.0.1:10645
H2O_connection_proxy:       {"http": null, "https": null}
H2O_internal_security:      False
H2O_API_Extensions:         Amazon S3, XGBoost, Algos, AutoML, Core V3, TargetEncoder, Core V4
Python_version:             3.8.12 final
--------------------------  ------------------------------------------------------------------
Parse progress: |████████████████████████████████████████████████████████████████| (done) 100%
Parse progress: |████████████████████████████████████████████████████████████████| (done) 100%
INFO:__main__:Running model on task sylvine, fold 0.
[MONITORING] [local.openml_t_359972.pygmo_c.sylvine.0.H2OAutoML] CPU Utilization: 64.8%
[MONITORING] [local.openml_t_359972.pygmo_c.sylvine.0.H2OAutoML] Memory Usage: 24.5%
[MONITORING] [local.openml_t_359972.pygmo_c.sylvine.0.H2OAutoML] Disk Usage: 42.7%
[MONITORING] [local.openml_t_359972.pygmo_c.sylvine.0.H2OAutoML] CPU Utilization: 75.3%
[MONITORING] [local.openml_t_359972.pygmo_c.sylvine.0.H2OAutoML] Memory Usage: 45.0%
[MONITORING] [local.openml_t_359972.pygmo_c.sylvine.0.H2OAutoML] Disk Usage: 42.7%
[MONITORING] [local.openml_t_359972.pygmo_c.sylvine.0.H2OAutoML] CPU Utilization: 75.7%
[MONITORING] [local.openml_t_359972.pygmo_c.sylvine.0.H2OAutoML] Memory Usage: 46.1%
[MONITORING] [local.openml_t_359972.pygmo_c.sylvine.0.H2OAutoML] Disk Usage: 42.7%
[MONITORING] [local.openml_t_359972.pygmo_c.sylvine.0.H2OAutoML] CPU Utilization: 77.7%
[MONITORING] [local.openml_t_359972.pygmo_c.sylvine.0.H2OAutoML] Memory Usage: 46.2%
[MONITORING] [local.openml_t_359972.pygmo_c.sylvine.0.H2OAutoML] Disk Usage: 42.7%
[MONITORING] [local.openml_t_359972.pygmo_c.sylvine.0.H2OAutoML] CPU Utilization: 75.4%
[MONITORING] [local.openml_t_359972.pygmo_c.sylvine.0.H2OAutoML] Memory Usage: 47.2%
[MONITORING] [local.openml_t_359972.pygmo_c.sylvine.0.H2OAutoML] Disk Usage: 42.7%
[MONITORING] [local.openml_t_359972.pygmo_c.sylvine.0.H2OAutoML] CPU Utilization: 81.0%
[MONITORING] [local.openml_t_359972.pygmo_c.sylvine.0.H2OAutoML] Memory Usage: 47.4%
[MONITORING] [local.openml_t_359972.pygmo_c.sylvine.0.H2OAutoML] Disk Usage: 42.7%
[MONITORING] [local.openml_t_359972.pygmo_c.sylvine.0.H2OAutoML] CPU Utilization: 78.7%
[MONITORING] [local.openml_t_359972.pygmo_c.sylvine.0.H2OAutoML] Memory Usage: 47.8%
[MONITORING] [local.openml_t_359972.pygmo_c.sylvine.0.H2OAutoML] Disk Usage: 42.7%
[MONITORING] [local.openml_t_359972.pygmo_c.sylvine.0.H2OAutoML] CPU Utilization: 78.5%
[MONITORING] [local.openml_t_359972.pygmo_c.sylvine.0.H2OAutoML] Memory Usage: 48.7%
[MONITORING] [local.openml_t_359972.pygmo_c.sylvine.0.H2OAutoML] Disk Usage: 42.7%
[MONITORING] [local.openml_t_359972.pygmo_c.sylvine.0.H2OAutoML] CPU Utilization: 75.8%
[MONITORING] [local.openml_t_359972.pygmo_c.sylvine.0.H2OAutoML] Memory Usage: 49.1%
[MONITORING] [local.openml_t_359972.pygmo_c.sylvine.0.H2OAutoML] Disk Usage: 42.7%
[MONITORING] [local.openml_t_359972.pygmo_c.sylvine.0.H2OAutoML] CPU Utilization: 68.4%
[MONITORING] [local.openml_t_359972.pygmo_c.sylvine.0.H2OAutoML] Memory Usage: 50.0%
[MONITORING] [local.openml_t_359972.pygmo_c.sylvine.0.H2OAutoML] Disk Usage: 42.7%
[MONITORING] [local.openml_t_359972.pygmo_c.sylvine.0.H2OAutoML] CPU Utilization: 67.2%
[MONITORING] [local.openml_t_359972.pygmo_c.sylvine.0.H2OAutoML] Memory Usage: 50.1%
[MONITORING] [local.openml_t_359972.pygmo_c.sylvine.0.H2OAutoML] Disk Usage: 42.7%
[MONITORING] [local.openml_t_359972.pygmo_c.sylvine.0.H2OAutoML] CPU Utilization: 65.3%
[MONITORING] [local.openml_t_359972.pygmo_c.sylvine.0.H2OAutoML] Memory Usage: 50.1%
[MONITORING] [local.openml_t_359972.pygmo_c.sylvine.0.H2OAutoML] Disk Usage: 42.7%
[MONITORING] [local.openml_t_359972.pygmo_c.sylvine.0.H2OAutoML] CPU Utilization: 69.7%
[MONITORING] [local.openml_t_359972.pygmo_c.sylvine.0.H2OAutoML] Memory Usage: 51.1%
[MONITORING] [local.openml_t_359972.pygmo_c.sylvine.0.H2OAutoML] Disk Usage: 42.7%
[MONITORING] [local.openml_t_359972.pygmo_c.sylvine.0.H2OAutoML] CPU Utilization: 65.1%
[MONITORING] [local.openml_t_359972.pygmo_c.sylvine.0.H2OAutoML] Memory Usage: 51.2%
[MONITORING] [local.openml_t_359972.pygmo_c.sylvine.0.H2OAutoML] Disk Usage: 42.7%
[MONITORING] [local.openml_t_359972.pygmo_c.sylvine.0.H2OAutoML] CPU Utilization: 68.6%
[MONITORING] [local.openml_t_359972.pygmo_c.sylvine.0.H2OAutoML] Memory Usage: 52.3%
[MONITORING] [local.openml_t_359972.pygmo_c.sylvine.0.H2OAutoML] Disk Usage: 42.7%
[MONITORING] [local.openml_t_359972.pygmo_c.sylvine.0.H2OAutoML] CPU Utilization: 93.2%
[MONITORING] [local.openml_t_359972.pygmo_c.sylvine.0.H2OAutoML] Memory Usage: 52.3%
[MONITORING] [local.openml_t_359972.pygmo_c.sylvine.0.H2OAutoML] Disk Usage: 42.7%
[MONITORING] [local.openml_t_359972.pygmo_c.sylvine.0.H2OAutoML] CPU Utilization: 95.7%
[MONITORING] [local.openml_t_359972.pygmo_c.sylvine.0.H2OAutoML] Memory Usage: 52.3%
[MONITORING] [local.openml_t_359972.pygmo_c.sylvine.0.H2OAutoML] Disk Usage: 42.7%
[MONITORING] [local.openml_t_359972.pygmo_c.sylvine.0.H2OAutoML] CPU Utilization: 97.9%
[MONITORING] [local.openml_t_359972.pygmo_c.sylvine.0.H2OAutoML] Memory Usage: 52.4%
[MONITORING] [local.openml_t_359972.pygmo_c.sylvine.0.H2OAutoML] Disk Usage: 42.7%
[MONITORING] [local.openml_t_359972.pygmo_c.sylvine.0.H2OAutoML] CPU Utilization: 96.2%
[MONITORING] [local.openml_t_359972.pygmo_c.sylvine.0.H2OAutoML] Memory Usage: 52.4%
[MONITORING] [local.openml_t_359972.pygmo_c.sylvine.0.H2OAutoML] Disk Usage: 42.7%
[MONITORING] [local.openml_t_359972.pygmo_c.sylvine.0.H2OAutoML] CPU Utilization: 95.5%
[MONITORING] [local.openml_t_359972.pygmo_c.sylvine.0.H2OAutoML] Memory Usage: 52.4%
[MONITORING] [local.openml_t_359972.pygmo_c.sylvine.0.H2OAutoML] Disk Usage: 42.7%
[MONITORING] [local.openml_t_359972.pygmo_c.sylvine.0.H2OAutoML] CPU Utilization: 96.2%
[MONITORING] [local.openml_t_359972.pygmo_c.sylvine.0.H2OAutoML] Memory Usage: 52.4%
[MONITORING] [local.openml_t_359972.pygmo_c.sylvine.0.H2OAutoML] Disk Usage: 42.7%
[MONITORING] [local.openml_t_359972.pygmo_c.sylvine.0.H2OAutoML] CPU Utilization: 97.4%
[MONITORING] [local.openml_t_359972.pygmo_c.sylvine.0.H2OAutoML] Memory Usage: 52.4%
[MONITORING] [local.openml_t_359972.pygmo_c.sylvine.0.H2OAutoML] Disk Usage: 42.7%
[MONITORING] [local.openml_t_359972.pygmo_c.sylvine.0.H2OAutoML] CPU Utilization: 96.5%
[MONITORING] [local.openml_t_359972.pygmo_c.sylvine.0.H2OAutoML] Memory Usage: 52.4%
[MONITORING] [local.openml_t_359972.pygmo_c.sylvine.0.H2OAutoML] Disk Usage: 42.7%
[MONITORING] [local.openml_t_359972.pygmo_c.sylvine.0.H2OAutoML] CPU Utilization: 98.0%
[MONITORING] [local.openml_t_359972.pygmo_c.sylvine.0.H2OAutoML] Memory Usage: 52.4%
[MONITORING] [local.openml_t_359972.pygmo_c.sylvine.0.H2OAutoML] Disk Usage: 42.7%
[MONITORING] [local.openml_t_359972.pygmo_c.sylvine.0.H2OAutoML] CPU Utilization: 97.2%
[MONITORING] [local.openml_t_359972.pygmo_c.sylvine.0.H2OAutoML] Memory Usage: 52.4%
[MONITORING] [local.openml_t_359972.pygmo_c.sylvine.0.H2OAutoML] Disk Usage: 42.7%
[MONITORING] [local.openml_t_359972.pygmo_c.sylvine.0.H2OAutoML] CPU Utilization: 95.7%
[MONITORING] [local.openml_t_359972.pygmo_c.sylvine.0.H2OAutoML] Memory Usage: 52.9%
[MONITORING] [local.openml_t_359972.pygmo_c.sylvine.0.H2OAutoML] Disk Usage: 42.7%
[MONITORING] [local.openml_t_359972.pygmo_c.sylvine.0.H2OAutoML] CPU Utilization: 96.4%
[MONITORING] [local.openml_t_359972.pygmo_c.sylvine.0.H2OAutoML] Memory Usage: 52.9%
[MONITORING] [local.openml_t_359972.pygmo_c.sylvine.0.H2OAutoML] Disk Usage: 42.7%
[MONITORING] [local.openml_t_359972.pygmo_c.sylvine.0.H2OAutoML] CPU Utilization: 98.4%
[MONITORING] [local.openml_t_359972.pygmo_c.sylvine.0.H2OAutoML] Memory Usage: 53.3%
[MONITORING] [local.openml_t_359972.pygmo_c.sylvine.0.H2OAutoML] Disk Usage: 42.7%
[MONITORING] [local.openml_t_359972.pygmo_c.sylvine.0.H2OAutoML] CPU Utilization: 97.2%
[MONITORING] [local.openml_t_359972.pygmo_c.sylvine.0.H2OAutoML] Memory Usage: 53.2%
[MONITORING] [local.openml_t_359972.pygmo_c.sylvine.0.H2OAutoML] Disk Usage: 42.7%
[MONITORING] [local.openml_t_359972.pygmo_c.sylvine.0.H2OAutoML] CPU Utilization: 66.2%
[MONITORING] [local.openml_t_359972.pygmo_c.sylvine.0.H2OAutoML] Memory Usage: 53.3%
[MONITORING] [local.openml_t_359972.pygmo_c.sylvine.0.H2OAutoML] Disk Usage: 42.7%
AutoML progress: |███████████████████████████████████████████████████████████████| (done) 100%
stackedensemble prediction progress: |███████████████████████████████████████████| (done) 100%
H2O session _sid_b704 closed.



Predictions preview:
                        0                     1 predictions truth
0   0.010247080762762928    0.9897529192372371           1     1
1   0.029581267160561864    0.9704187328394381           1     1
2   0.010443403062403767    0.9895565969375962           1     1
3   0.010443403062403767    0.9895565969375962           1     1
4   0.029824131278453958     0.970175868721546           1     1
5   0.009568764969572152    0.9904312350304278           1     1
6   0.010247080762762928    0.9897529192372371           1     1
7    0.00975221956715222    0.9902477804328478           1     1
8    0.03058972505437285    0.9694102749456271           1     1
9   0.010247080762762928    0.9897529192372371           1     1
10   0.05851190056938571    0.9414880994306143           1     1
11  0.019538140098572132    0.9804618599014279           1     1
12  0.010919503453388546    0.9890804965466115           1     1
13   0.05205641613075118    0.9479435838692488           1     1
14  0.010247080762762928    0.9897529192372371           1     1
15    0.9926723703816488  0.007327629618351249           0     1
16  0.015966361693380282    0.9840336383066197           1     1
17   0.17495924591046108    0.8250407540895389           1     1
18  0.019068725830691746    0.9809312741693083           1     1
19  0.016891902636325118    0.9831080973636749           1     1

Predictions saved to `/home/juradoi/experiments/automlbenchmark/results/h2oautoml.openml_t_359972.pygmo_c.local.20211210T013449/predictions/sylvine/0/predictions.csv`.
Loading metadata from `/home/juradoi/experiments/automlbenchmark/results/h2oautoml.openml_t_359972.pygmo_c.local.20211210T013449/predictions/sylvine/0/metadata.json`.
Loading predictions from `/home/juradoi/experiments/automlbenchmark/results/h2oautoml.openml_t_359972.pygmo_c.local.20211210T013449/predictions/sylvine/0/predictions.csv`.
Metric scores: { 'acc': 0.9532163742690059,
  'app_version': 'dev [master, beef024]',
  'auc': 0.9858189445525292,
  'balacc': 0.9531933973735409,
  'constraint': 'pygmo_c',
  'duration': nan,
  'fold': 0,
  'framework': 'H2OAutoML',
  'id': 'openml.org/t/359972',
  'info': None,
  'logloss': 0.14154782447658532,
  'metric': 'auc',
  'mode': 'local',
  'models_count': 519,
  'params': '',
  'predict_duration': 0.59714674949646,
  'result': 0.9858189445525292,
  'seed': 940230654,
  'task': 'sylvine',
  'training_duration': 3618.8076968193054,
  'type': 'binary',
  'utc': '2021-12-10T02:35:20',
  'version': '3.34.0.3'}
Job `local.openml_t_359972.pygmo_c.sylvine.0.H2OAutoML` executed in 3630.910 seconds.
All jobs executed in 3630.921 seconds.
[MONITORING] [local.openml_t_359972.pygmo_c.sylvine.0.H2OAutoML] CPU Utilization: 66.3%
[MONITORING] [local.openml_t_359972.pygmo_c.sylvine.0.H2OAutoML] Memory Usage: 1.9%
[MONITORING] [local.openml_t_359972.pygmo_c.sylvine.0.H2OAutoML] Disk Usage: 42.7%
Processing results for h2oautoml.openml_t_359972.pygmo_c.local.20211210T013449
Scores saved to `/home/juradoi/experiments/automlbenchmark/results/h2oautoml.openml_t_359972.pygmo_c.local.20211210T013449/scores/H2OAutoML.benchmark_openml_t_359972.csv`.
Scores saved to `/home/juradoi/experiments/automlbenchmark/results/h2oautoml.openml_t_359972.pygmo_c.local.20211210T013449/scores/results.csv`.
Scores saved to `/home/juradoi/experiments/automlbenchmark/results/results.csv`.
Summing up scores for current run:
                 id    task fold framework constraint   result metric  duration      seed
openml.org/t/359972 sylvine    0 H2OAutoML    pygmo_c 0.985819    auc    3630.9 940230654
