/var/spool/slurm/slurmd/job8494797/slurm_script: line 8: activate: No such file or directory
Running benchmark `H2OAutoML` on `openml/t/359966` framework in `local` mode.
Loading frameworks definitions from ['/home/juradoi/experiments/automlbenchmark/resources/frameworks.yaml'].
Loading benchmark constraint definitions from ['/home/juradoi/experiments/automlbenchmark/resources/constraints.yaml'].
Loading openml task 359966.

-------------------------------------------------------------------------------
Starting job local.openml_t_359966.pygmo_c.Internet-Advertisements.0.H2OAutoML.
Assigning 16 cores (total=16) for new task Internet-Advertisements.
Assigning 91178 MB (total=95302 MB) for new Internet-Advertisements task.
[MONITORING] [local.openml_t_359966.pygmo_c.Internet-Advertisements.0.H2OAutoML] CPU Utilization: 17.9%
[MONITORING] [local.openml_t_359966.pygmo_c.Internet-Advertisements.0.H2OAutoML] Memory Usage: 2.2%
[MONITORING] [local.openml_t_359966.pygmo_c.Internet-Advertisements.0.H2OAutoML] Disk Usage: 43.2%
Running task Internet-Advertisements on framework H2OAutoML with config:
TaskConfig({})
Running cmd `/home/juradoi/experiments/automlbenchmark/frameworks/H2OAutoML/venv/bin/python -W ignore /home/juradoi/experiments/automlbenchmark/frameworks/H2OAutoML/exec.py`
INFO:__main__:
**** H2O AutoML [v3.34.0.3] ****

INFO:__main__:Starting H2O cluster with 16 cores, 60785M memory.
Checking whether there is an H2O instance running at http://localhost:20448 ..... not found.
Attempting to start a local H2O server...
  Java Version: openjdk version "11.0.12" 2021-07-20; OpenJDK Runtime Environment (build 11.0.12+7-post-Debian-2deb10u1); OpenJDK 64-Bit Server VM (build 11.0.12+7-post-Debian-2deb10u1, mixed mode, sharing)
  Starting server from /home/juradoi/experiments/automlbenchmark/frameworks/H2OAutoML/venv/lib/python3.8/site-packages/h2o/backend/bin/h2o.jar
  Ice root: /tmp/tmpgn694gk7
  JVM stdout: /tmp/tmpgn694gk7/h2o_unknownUser_started_from_python.out
  JVM stderr: /tmp/tmpgn694gk7/h2o_unknownUser_started_from_python.err
  Server is running at http://127.0.0.1:20448
Connecting to H2O server at http://127.0.0.1:20448 ... successful.
--------------------------  ------------------------------------------------------------------
H2O_cluster_uptime:         01 secs
H2O_cluster_timezone:       Europe/Amsterdam
H2O_data_parsing_timezone:  UTC
H2O_cluster_version:        3.34.0.3
H2O_cluster_version_age:    2 months and 2 days
H2O_cluster_name:           H2O_from_python_unknownUser_u7jhcb
H2O_cluster_total_nodes:    1
H2O_cluster_free_memory:    59.38 Gb
H2O_cluster_total_cores:    16
H2O_cluster_allowed_cores:  16
H2O_cluster_status:         locked, healthy
H2O_connection_url:         http://127.0.0.1:20448
H2O_connection_proxy:       {"http": null, "https": null}
H2O_internal_security:      False
H2O_API_Extensions:         Amazon S3, XGBoost, Algos, AutoML, Core V3, TargetEncoder, Core V4
Python_version:             3.8.12 final
--------------------------  ------------------------------------------------------------------
Parse progress: |████████████████████████████████████████████████████████████████| (done) 100%
Parse progress: |████████████████████████████████████████████████████████████████| (done) 100%
INFO:__main__:Running model on task Internet-Advertisements, fold 0.
[MONITORING] [local.openml_t_359966.pygmo_c.Internet-Advertisements.0.H2OAutoML] CPU Utilization: 73.8%
[MONITORING] [local.openml_t_359966.pygmo_c.Internet-Advertisements.0.H2OAutoML] Memory Usage: 59.8%
[MONITORING] [local.openml_t_359966.pygmo_c.Internet-Advertisements.0.H2OAutoML] Disk Usage: 43.2%
[MONITORING] [local.openml_t_359966.pygmo_c.Internet-Advertisements.0.H2OAutoML] CPU Utilization: 71.5%
[MONITORING] [local.openml_t_359966.pygmo_c.Internet-Advertisements.0.H2OAutoML] Memory Usage: 60.2%
[MONITORING] [local.openml_t_359966.pygmo_c.Internet-Advertisements.0.H2OAutoML] Disk Usage: 43.2%
[MONITORING] [local.openml_t_359966.pygmo_c.Internet-Advertisements.0.H2OAutoML] CPU Utilization: 73.3%
[MONITORING] [local.openml_t_359966.pygmo_c.Internet-Advertisements.0.H2OAutoML] Memory Usage: 61.0%
[MONITORING] [local.openml_t_359966.pygmo_c.Internet-Advertisements.0.H2OAutoML] Disk Usage: 43.2%
[MONITORING] [local.openml_t_359966.pygmo_c.Internet-Advertisements.0.H2OAutoML] CPU Utilization: 73.4%
[MONITORING] [local.openml_t_359966.pygmo_c.Internet-Advertisements.0.H2OAutoML] Memory Usage: 61.1%
[MONITORING] [local.openml_t_359966.pygmo_c.Internet-Advertisements.0.H2OAutoML] Disk Usage: 43.2%
[MONITORING] [local.openml_t_359966.pygmo_c.Internet-Advertisements.0.H2OAutoML] CPU Utilization: 76.9%
[MONITORING] [local.openml_t_359966.pygmo_c.Internet-Advertisements.0.H2OAutoML] Memory Usage: 62.1%
[MONITORING] [local.openml_t_359966.pygmo_c.Internet-Advertisements.0.H2OAutoML] Disk Usage: 43.2%
[MONITORING] [local.openml_t_359966.pygmo_c.Internet-Advertisements.0.H2OAutoML] CPU Utilization: 81.5%
[MONITORING] [local.openml_t_359966.pygmo_c.Internet-Advertisements.0.H2OAutoML] Memory Usage: 62.6%
[MONITORING] [local.openml_t_359966.pygmo_c.Internet-Advertisements.0.H2OAutoML] Disk Usage: 43.2%
[MONITORING] [local.openml_t_359966.pygmo_c.Internet-Advertisements.0.H2OAutoML] CPU Utilization: 86.1%
[MONITORING] [local.openml_t_359966.pygmo_c.Internet-Advertisements.0.H2OAutoML] Memory Usage: 62.8%
[MONITORING] [local.openml_t_359966.pygmo_c.Internet-Advertisements.0.H2OAutoML] Disk Usage: 43.2%
[MONITORING] [local.openml_t_359966.pygmo_c.Internet-Advertisements.0.H2OAutoML] CPU Utilization: 83.9%
[MONITORING] [local.openml_t_359966.pygmo_c.Internet-Advertisements.0.H2OAutoML] Memory Usage: 62.9%
[MONITORING] [local.openml_t_359966.pygmo_c.Internet-Advertisements.0.H2OAutoML] Disk Usage: 43.2%
[MONITORING] [local.openml_t_359966.pygmo_c.Internet-Advertisements.0.H2OAutoML] CPU Utilization: 80.9%
[MONITORING] [local.openml_t_359966.pygmo_c.Internet-Advertisements.0.H2OAutoML] Memory Usage: 63.2%
[MONITORING] [local.openml_t_359966.pygmo_c.Internet-Advertisements.0.H2OAutoML] Disk Usage: 43.2%
[MONITORING] [local.openml_t_359966.pygmo_c.Internet-Advertisements.0.H2OAutoML] CPU Utilization: 82.7%
[MONITORING] [local.openml_t_359966.pygmo_c.Internet-Advertisements.0.H2OAutoML] Memory Usage: 63.2%
[MONITORING] [local.openml_t_359966.pygmo_c.Internet-Advertisements.0.H2OAutoML] Disk Usage: 43.2%
[MONITORING] [local.openml_t_359966.pygmo_c.Internet-Advertisements.0.H2OAutoML] CPU Utilization: 84.2%
[MONITORING] [local.openml_t_359966.pygmo_c.Internet-Advertisements.0.H2OAutoML] Memory Usage: 63.6%
[MONITORING] [local.openml_t_359966.pygmo_c.Internet-Advertisements.0.H2OAutoML] Disk Usage: 43.2%
[MONITORING] [local.openml_t_359966.pygmo_c.Internet-Advertisements.0.H2OAutoML] CPU Utilization: 83.1%
[MONITORING] [local.openml_t_359966.pygmo_c.Internet-Advertisements.0.H2OAutoML] Memory Usage: 63.6%
[MONITORING] [local.openml_t_359966.pygmo_c.Internet-Advertisements.0.H2OAutoML] Disk Usage: 43.2%
[MONITORING] [local.openml_t_359966.pygmo_c.Internet-Advertisements.0.H2OAutoML] CPU Utilization: 85.5%
[MONITORING] [local.openml_t_359966.pygmo_c.Internet-Advertisements.0.H2OAutoML] Memory Usage: 63.7%
[MONITORING] [local.openml_t_359966.pygmo_c.Internet-Advertisements.0.H2OAutoML] Disk Usage: 43.2%
[MONITORING] [local.openml_t_359966.pygmo_c.Internet-Advertisements.0.H2OAutoML] CPU Utilization: 83.2%
[MONITORING] [local.openml_t_359966.pygmo_c.Internet-Advertisements.0.H2OAutoML] Memory Usage: 63.6%
[MONITORING] [local.openml_t_359966.pygmo_c.Internet-Advertisements.0.H2OAutoML] Disk Usage: 43.2%
[MONITORING] [local.openml_t_359966.pygmo_c.Internet-Advertisements.0.H2OAutoML] CPU Utilization: 83.8%
[MONITORING] [local.openml_t_359966.pygmo_c.Internet-Advertisements.0.H2OAutoML] Memory Usage: 63.8%
[MONITORING] [local.openml_t_359966.pygmo_c.Internet-Advertisements.0.H2OAutoML] Disk Usage: 43.2%
[MONITORING] [local.openml_t_359966.pygmo_c.Internet-Advertisements.0.H2OAutoML] CPU Utilization: 82.9%
[MONITORING] [local.openml_t_359966.pygmo_c.Internet-Advertisements.0.H2OAutoML] Memory Usage: 64.1%
[MONITORING] [local.openml_t_359966.pygmo_c.Internet-Advertisements.0.H2OAutoML] Disk Usage: 43.2%
[MONITORING] [local.openml_t_359966.pygmo_c.Internet-Advertisements.0.H2OAutoML] CPU Utilization: 83.5%
[MONITORING] [local.openml_t_359966.pygmo_c.Internet-Advertisements.0.H2OAutoML] Memory Usage: 64.1%
[MONITORING] [local.openml_t_359966.pygmo_c.Internet-Advertisements.0.H2OAutoML] Disk Usage: 43.2%
[MONITORING] [local.openml_t_359966.pygmo_c.Internet-Advertisements.0.H2OAutoML] CPU Utilization: 84.0%
[MONITORING] [local.openml_t_359966.pygmo_c.Internet-Advertisements.0.H2OAutoML] Memory Usage: 64.6%
[MONITORING] [local.openml_t_359966.pygmo_c.Internet-Advertisements.0.H2OAutoML] Disk Usage: 43.2%
[MONITORING] [local.openml_t_359966.pygmo_c.Internet-Advertisements.0.H2OAutoML] CPU Utilization: 89.6%
[MONITORING] [local.openml_t_359966.pygmo_c.Internet-Advertisements.0.H2OAutoML] Memory Usage: 64.5%
[MONITORING] [local.openml_t_359966.pygmo_c.Internet-Advertisements.0.H2OAutoML] Disk Usage: 43.2%
[MONITORING] [local.openml_t_359966.pygmo_c.Internet-Advertisements.0.H2OAutoML] CPU Utilization: 86.4%
[MONITORING] [local.openml_t_359966.pygmo_c.Internet-Advertisements.0.H2OAutoML] Memory Usage: 64.5%
[MONITORING] [local.openml_t_359966.pygmo_c.Internet-Advertisements.0.H2OAutoML] Disk Usage: 43.2%
[MONITORING] [local.openml_t_359966.pygmo_c.Internet-Advertisements.0.H2OAutoML] CPU Utilization: 87.8%
[MONITORING] [local.openml_t_359966.pygmo_c.Internet-Advertisements.0.H2OAutoML] Memory Usage: 64.9%
[MONITORING] [local.openml_t_359966.pygmo_c.Internet-Advertisements.0.H2OAutoML] Disk Usage: 43.2%
[MONITORING] [local.openml_t_359966.pygmo_c.Internet-Advertisements.0.H2OAutoML] CPU Utilization: 85.9%
[MONITORING] [local.openml_t_359966.pygmo_c.Internet-Advertisements.0.H2OAutoML] Memory Usage: 64.9%
[MONITORING] [local.openml_t_359966.pygmo_c.Internet-Advertisements.0.H2OAutoML] Disk Usage: 43.2%
[MONITORING] [local.openml_t_359966.pygmo_c.Internet-Advertisements.0.H2OAutoML] CPU Utilization: 84.6%
[MONITORING] [local.openml_t_359966.pygmo_c.Internet-Advertisements.0.H2OAutoML] Memory Usage: 65.0%
[MONITORING] [local.openml_t_359966.pygmo_c.Internet-Advertisements.0.H2OAutoML] Disk Usage: 43.2%
[MONITORING] [local.openml_t_359966.pygmo_c.Internet-Advertisements.0.H2OAutoML] CPU Utilization: 84.5%
[MONITORING] [local.openml_t_359966.pygmo_c.Internet-Advertisements.0.H2OAutoML] Memory Usage: 65.0%
[MONITORING] [local.openml_t_359966.pygmo_c.Internet-Advertisements.0.H2OAutoML] Disk Usage: 43.2%
[MONITORING] [local.openml_t_359966.pygmo_c.Internet-Advertisements.0.H2OAutoML] CPU Utilization: 85.7%
[MONITORING] [local.openml_t_359966.pygmo_c.Internet-Advertisements.0.H2OAutoML] Memory Usage: 65.0%
[MONITORING] [local.openml_t_359966.pygmo_c.Internet-Advertisements.0.H2OAutoML] Disk Usage: 43.2%
[MONITORING] [local.openml_t_359966.pygmo_c.Internet-Advertisements.0.H2OAutoML] CPU Utilization: 87.0%
[MONITORING] [local.openml_t_359966.pygmo_c.Internet-Advertisements.0.H2OAutoML] Memory Usage: 65.0%
[MONITORING] [local.openml_t_359966.pygmo_c.Internet-Advertisements.0.H2OAutoML] Disk Usage: 43.2%
[MONITORING] [local.openml_t_359966.pygmo_c.Internet-Advertisements.0.H2OAutoML] CPU Utilization: 89.7%
[MONITORING] [local.openml_t_359966.pygmo_c.Internet-Advertisements.0.H2OAutoML] Memory Usage: 65.1%
[MONITORING] [local.openml_t_359966.pygmo_c.Internet-Advertisements.0.H2OAutoML] Disk Usage: 43.2%
[MONITORING] [local.openml_t_359966.pygmo_c.Internet-Advertisements.0.H2OAutoML] CPU Utilization: 93.7%
[MONITORING] [local.openml_t_359966.pygmo_c.Internet-Advertisements.0.H2OAutoML] Memory Usage: 67.1%
[MONITORING] [local.openml_t_359966.pygmo_c.Internet-Advertisements.0.H2OAutoML] Disk Usage: 43.2%
[MONITORING] [local.openml_t_359966.pygmo_c.Internet-Advertisements.0.H2OAutoML] CPU Utilization: 89.5%
[MONITORING] [local.openml_t_359966.pygmo_c.Internet-Advertisements.0.H2OAutoML] Memory Usage: 67.2%
[MONITORING] [local.openml_t_359966.pygmo_c.Internet-Advertisements.0.H2OAutoML] Disk Usage: 43.2%
[MONITORING] [local.openml_t_359966.pygmo_c.Internet-Advertisements.0.H2OAutoML] CPU Utilization: 80.2%
[MONITORING] [local.openml_t_359966.pygmo_c.Internet-Advertisements.0.H2OAutoML] Memory Usage: 67.2%
[MONITORING] [local.openml_t_359966.pygmo_c.Internet-Advertisements.0.H2OAutoML] Disk Usage: 43.2%
AutoML progress: |███████████████████████████████████████████████████████████████| (done) 100%
stackedensemble prediction progress: |███████████████████████████████████████████| (done) 100%
H2O session _sid_91a3 closed.



Predictions preview:
                      ad                   noad predictions truth
0    0.9995256183923705   4.743816076294388E-4          ad    ad
1    0.9653163245774193   0.034683675422580613          ad    ad
2    0.9973064299418996   0.002693570058100445          ad    ad
3     0.692554268680166    0.30744573131983405          ad    ad
4    0.3738275285761469     0.6261724714238531        noad    ad
5   0.19127597538045715     0.8087240246195428        noad    ad
6   0.01078348521927841     0.9892165147807216        noad    ad
7    0.9807220269943224   0.019277973005677573          ad    ad
8    0.9991015781556064    8.98421844393544E-4          ad    ad
9    0.9991045479970081   8.954520029919059E-4          ad    ad
10   0.9995830279479263   4.169720520737128E-4          ad    ad
11    0.998600173406257   0.001399826593743003          ad    ad
12   0.9997781771657985  2.2182283420148913E-4          ad    ad
13     0.99983664684642  1.6335315357996933E-4          ad    ad
14   0.9996580698239026   3.419301760974391E-4          ad    ad
15   0.8114386999417251    0.18856130005827484          ad    ad
16   0.7871656221140001    0.21283437788599988          ad    ad
17  0.15667034553912196      0.843329654460878        noad    ad
18   0.9949079151329159    0.00509208486708407          ad    ad
19   0.9981634108596572  0.0018365891403428318          ad    ad

Predictions saved to `/home/juradoi/experiments/automlbenchmark/results/h2oautoml.openml_t_359966.pygmo_c.local.20211210T012557/predictions/Internet-Advertisements/0/predictions.csv`.
Loading metadata from `/home/juradoi/experiments/automlbenchmark/results/h2oautoml.openml_t_359966.pygmo_c.local.20211210T012557/predictions/Internet-Advertisements/0/metadata.json`.
Loading predictions from `/home/juradoi/experiments/automlbenchmark/results/h2oautoml.openml_t_359966.pygmo_c.local.20211210T012557/predictions/Internet-Advertisements/0/predictions.csv`.
Metric scores: { 'acc': 0.9695121951219512,
  'app_version': 'dev [master, beef024]',
  'auc': 0.9825007708911502,
  'balacc': 0.9094973789700894,
  'constraint': 'pygmo_c',
  'duration': nan,
  'fold': 0,
  'framework': 'H2OAutoML',
  'id': 'openml.org/t/359966',
  'info': None,
  'logloss': 0.09282714649109543,
  'metric': 'auc',
  'mode': 'local',
  'models_count': 126,
  'params': '',
  'predict_duration': 0.529710054397583,
  'result': 0.9825007708911502,
  'seed': 1645834808,
  'task': 'Internet-Advertisements',
  'training_duration': 3603.0749480724335,
  'type': 'binary',
  'utc': '2021-12-10T02:26:12',
  'version': '3.34.0.3'}
Job `local.openml_t_359966.pygmo_c.Internet-Advertisements.0.H2OAutoML` executed in 3614.839 seconds.
All jobs executed in 3614.851 seconds.
[MONITORING] [local.openml_t_359966.pygmo_c.Internet-Advertisements.0.H2OAutoML] CPU Utilization: 59.9%
[MONITORING] [local.openml_t_359966.pygmo_c.Internet-Advertisements.0.H2OAutoML] Memory Usage: 2.2%
[MONITORING] [local.openml_t_359966.pygmo_c.Internet-Advertisements.0.H2OAutoML] Disk Usage: 43.2%
Processing results for h2oautoml.openml_t_359966.pygmo_c.local.20211210T012557
Scores saved to `/home/juradoi/experiments/automlbenchmark/results/h2oautoml.openml_t_359966.pygmo_c.local.20211210T012557/scores/H2OAutoML.benchmark_openml_t_359966.csv`.
Scores saved to `/home/juradoi/experiments/automlbenchmark/results/h2oautoml.openml_t_359966.pygmo_c.local.20211210T012557/scores/results.csv`.
Scores saved to `/home/juradoi/experiments/automlbenchmark/results/results.csv`.
Summing up scores for current run:
                 id                    task fold framework constraint   result metric  duration       seed
openml.org/t/359966 Internet-Advertisements    0 H2OAutoML    pygmo_c 0.982501    auc    3614.8 1645834808
