/var/spool/slurm/slurmd/job8493780/slurm_script: line 8: activate: No such file or directory
Running benchmark `H2OAutoML` on `openml/t/190411` framework in `local` mode.
Loading frameworks definitions from ['/home/juradoi/experiments/automlbenchmark/resources/frameworks.yaml'].
Loading benchmark constraint definitions from ['/home/juradoi/experiments/automlbenchmark/resources/constraints.yaml'].
Loading openml task 190411.

-----------------------------------------------------------
Starting job local.openml_t_190411.pygmo_c.ada.0.H2OAutoML.
Assigning 16 cores (total=16) for new task ada.
Assigning 91454 MB (total=95302 MB) for new ada task.
[MONITORING] [local.openml_t_190411.pygmo_c.ada.0.H2OAutoML] CPU Utilization: 20.6%
[MONITORING] [local.openml_t_190411.pygmo_c.ada.0.H2OAutoML] Memory Usage: 1.9%
[MONITORING] [local.openml_t_190411.pygmo_c.ada.0.H2OAutoML] Disk Usage: 43.1%
Running task ada on framework H2OAutoML with config:
TaskConfig({})
Running cmd `/home/juradoi/experiments/automlbenchmark/frameworks/H2OAutoML/venv/bin/python -W ignore /home/juradoi/experiments/automlbenchmark/frameworks/H2OAutoML/exec.py`
INFO:__main__:
**** H2O AutoML [v3.34.0.3] ****

INFO:__main__:Starting H2O cluster with 16 cores, 60969M memory.
Checking whether there is an H2O instance running at http://localhost:6369 ..... not found.
Attempting to start a local H2O server...
  Java Version: openjdk version "11.0.12" 2021-07-20; OpenJDK Runtime Environment (build 11.0.12+7-post-Debian-2deb10u1); OpenJDK 64-Bit Server VM (build 11.0.12+7-post-Debian-2deb10u1, mixed mode, sharing)
  Starting server from /home/juradoi/experiments/automlbenchmark/frameworks/H2OAutoML/venv/lib/python3.8/site-packages/h2o/backend/bin/h2o.jar
  Ice root: /tmp/tmprlul8mz5
  JVM stdout: /tmp/tmprlul8mz5/h2o_unknownUser_started_from_python.out
  JVM stderr: /tmp/tmprlul8mz5/h2o_unknownUser_started_from_python.err
  Server is running at http://127.0.0.1:6369
Connecting to H2O server at http://127.0.0.1:6369 ... successful.
--------------------------  ------------------------------------------------------------------
H2O_cluster_uptime:         01 secs
H2O_cluster_timezone:       Europe/Amsterdam
H2O_data_parsing_timezone:  UTC
H2O_cluster_version:        3.34.0.3
H2O_cluster_version_age:    2 months and 2 days
H2O_cluster_name:           H2O_from_python_unknownUser_7l6fbh
H2O_cluster_total_nodes:    1
H2O_cluster_free_memory:    59.55 Gb
H2O_cluster_total_cores:    16
H2O_cluster_allowed_cores:  16
H2O_cluster_status:         locked, healthy
H2O_connection_url:         http://127.0.0.1:6369
H2O_connection_proxy:       {"http": null, "https": null}
H2O_internal_security:      False
H2O_API_Extensions:         Amazon S3, XGBoost, Algos, AutoML, Core V3, TargetEncoder, Core V4
Python_version:             3.8.12 final
--------------------------  ------------------------------------------------------------------
Parse progress: |████████████████████████████████████████████████████████████████| (done) 100%
Parse progress: |████████████████████████████████████████████████████████████████| (done) 100%
INFO:__main__:Running model on task ada, fold 0.
[MONITORING] [local.openml_t_190411.pygmo_c.ada.0.H2OAutoML] CPU Utilization: 64.6%
[MONITORING] [local.openml_t_190411.pygmo_c.ada.0.H2OAutoML] Memory Usage: 44.4%
[MONITORING] [local.openml_t_190411.pygmo_c.ada.0.H2OAutoML] Disk Usage: 43.1%
[MONITORING] [local.openml_t_190411.pygmo_c.ada.0.H2OAutoML] CPU Utilization: 90.5%
[MONITORING] [local.openml_t_190411.pygmo_c.ada.0.H2OAutoML] Memory Usage: 44.5%
[MONITORING] [local.openml_t_190411.pygmo_c.ada.0.H2OAutoML] Disk Usage: 43.1%
[MONITORING] [local.openml_t_190411.pygmo_c.ada.0.H2OAutoML] CPU Utilization: 99.5%
[MONITORING] [local.openml_t_190411.pygmo_c.ada.0.H2OAutoML] Memory Usage: 44.9%
[MONITORING] [local.openml_t_190411.pygmo_c.ada.0.H2OAutoML] Disk Usage: 43.1%
[MONITORING] [local.openml_t_190411.pygmo_c.ada.0.H2OAutoML] CPU Utilization: 96.7%
[MONITORING] [local.openml_t_190411.pygmo_c.ada.0.H2OAutoML] Memory Usage: 44.9%
[MONITORING] [local.openml_t_190411.pygmo_c.ada.0.H2OAutoML] Disk Usage: 43.1%
[MONITORING] [local.openml_t_190411.pygmo_c.ada.0.H2OAutoML] CPU Utilization: 97.1%
[MONITORING] [local.openml_t_190411.pygmo_c.ada.0.H2OAutoML] Memory Usage: 44.9%
[MONITORING] [local.openml_t_190411.pygmo_c.ada.0.H2OAutoML] Disk Usage: 43.1%
[MONITORING] [local.openml_t_190411.pygmo_c.ada.0.H2OAutoML] CPU Utilization: 97.6%
[MONITORING] [local.openml_t_190411.pygmo_c.ada.0.H2OAutoML] Memory Usage: 44.9%
[MONITORING] [local.openml_t_190411.pygmo_c.ada.0.H2OAutoML] Disk Usage: 43.1%
[MONITORING] [local.openml_t_190411.pygmo_c.ada.0.H2OAutoML] CPU Utilization: 96.3%
[MONITORING] [local.openml_t_190411.pygmo_c.ada.0.H2OAutoML] Memory Usage: 44.9%
[MONITORING] [local.openml_t_190411.pygmo_c.ada.0.H2OAutoML] Disk Usage: 43.1%
[MONITORING] [local.openml_t_190411.pygmo_c.ada.0.H2OAutoML] CPU Utilization: 99.9%
[MONITORING] [local.openml_t_190411.pygmo_c.ada.0.H2OAutoML] Memory Usage: 45.6%
[MONITORING] [local.openml_t_190411.pygmo_c.ada.0.H2OAutoML] Disk Usage: 43.1%
[MONITORING] [local.openml_t_190411.pygmo_c.ada.0.H2OAutoML] CPU Utilization: 96.1%
[MONITORING] [local.openml_t_190411.pygmo_c.ada.0.H2OAutoML] Memory Usage: 45.7%
[MONITORING] [local.openml_t_190411.pygmo_c.ada.0.H2OAutoML] Disk Usage: 43.1%
[MONITORING] [local.openml_t_190411.pygmo_c.ada.0.H2OAutoML] CPU Utilization: 97.9%
[MONITORING] [local.openml_t_190411.pygmo_c.ada.0.H2OAutoML] Memory Usage: 45.7%
[MONITORING] [local.openml_t_190411.pygmo_c.ada.0.H2OAutoML] Disk Usage: 43.1%
[MONITORING] [local.openml_t_190411.pygmo_c.ada.0.H2OAutoML] CPU Utilization: 97.7%
[MONITORING] [local.openml_t_190411.pygmo_c.ada.0.H2OAutoML] Memory Usage: 45.7%
[MONITORING] [local.openml_t_190411.pygmo_c.ada.0.H2OAutoML] Disk Usage: 43.1%
[MONITORING] [local.openml_t_190411.pygmo_c.ada.0.H2OAutoML] CPU Utilization: 97.9%
[MONITORING] [local.openml_t_190411.pygmo_c.ada.0.H2OAutoML] Memory Usage: 45.7%
[MONITORING] [local.openml_t_190411.pygmo_c.ada.0.H2OAutoML] Disk Usage: 43.1%
[MONITORING] [local.openml_t_190411.pygmo_c.ada.0.H2OAutoML] CPU Utilization: 97.8%
[MONITORING] [local.openml_t_190411.pygmo_c.ada.0.H2OAutoML] Memory Usage: 45.7%
[MONITORING] [local.openml_t_190411.pygmo_c.ada.0.H2OAutoML] Disk Usage: 43.1%
[MONITORING] [local.openml_t_190411.pygmo_c.ada.0.H2OAutoML] CPU Utilization: 96.4%
[MONITORING] [local.openml_t_190411.pygmo_c.ada.0.H2OAutoML] Memory Usage: 45.9%
[MONITORING] [local.openml_t_190411.pygmo_c.ada.0.H2OAutoML] Disk Usage: 43.1%
[MONITORING] [local.openml_t_190411.pygmo_c.ada.0.H2OAutoML] CPU Utilization: 99.5%
[MONITORING] [local.openml_t_190411.pygmo_c.ada.0.H2OAutoML] Memory Usage: 45.9%
[MONITORING] [local.openml_t_190411.pygmo_c.ada.0.H2OAutoML] Disk Usage: 43.1%
[MONITORING] [local.openml_t_190411.pygmo_c.ada.0.H2OAutoML] CPU Utilization: 96.0%
[MONITORING] [local.openml_t_190411.pygmo_c.ada.0.H2OAutoML] Memory Usage: 45.9%
[MONITORING] [local.openml_t_190411.pygmo_c.ada.0.H2OAutoML] Disk Usage: 43.1%
[MONITORING] [local.openml_t_190411.pygmo_c.ada.0.H2OAutoML] CPU Utilization: 97.0%
[MONITORING] [local.openml_t_190411.pygmo_c.ada.0.H2OAutoML] Memory Usage: 45.9%
[MONITORING] [local.openml_t_190411.pygmo_c.ada.0.H2OAutoML] Disk Usage: 43.1%
[MONITORING] [local.openml_t_190411.pygmo_c.ada.0.H2OAutoML] CPU Utilization: 97.6%
[MONITORING] [local.openml_t_190411.pygmo_c.ada.0.H2OAutoML] Memory Usage: 46.0%
[MONITORING] [local.openml_t_190411.pygmo_c.ada.0.H2OAutoML] Disk Usage: 43.1%
[MONITORING] [local.openml_t_190411.pygmo_c.ada.0.H2OAutoML] CPU Utilization: 97.7%
[MONITORING] [local.openml_t_190411.pygmo_c.ada.0.H2OAutoML] Memory Usage: 46.0%
[MONITORING] [local.openml_t_190411.pygmo_c.ada.0.H2OAutoML] Disk Usage: 43.1%
[MONITORING] [local.openml_t_190411.pygmo_c.ada.0.H2OAutoML] CPU Utilization: 96.8%
[MONITORING] [local.openml_t_190411.pygmo_c.ada.0.H2OAutoML] Memory Usage: 46.0%
[MONITORING] [local.openml_t_190411.pygmo_c.ada.0.H2OAutoML] Disk Usage: 43.1%
[MONITORING] [local.openml_t_190411.pygmo_c.ada.0.H2OAutoML] CPU Utilization: 95.8%
[MONITORING] [local.openml_t_190411.pygmo_c.ada.0.H2OAutoML] Memory Usage: 46.0%
[MONITORING] [local.openml_t_190411.pygmo_c.ada.0.H2OAutoML] Disk Usage: 43.1%
[MONITORING] [local.openml_t_190411.pygmo_c.ada.0.H2OAutoML] CPU Utilization: 97.5%
[MONITORING] [local.openml_t_190411.pygmo_c.ada.0.H2OAutoML] Memory Usage: 46.0%
[MONITORING] [local.openml_t_190411.pygmo_c.ada.0.H2OAutoML] Disk Usage: 43.1%
[MONITORING] [local.openml_t_190411.pygmo_c.ada.0.H2OAutoML] CPU Utilization: 99.2%
[MONITORING] [local.openml_t_190411.pygmo_c.ada.0.H2OAutoML] Memory Usage: 46.1%
[MONITORING] [local.openml_t_190411.pygmo_c.ada.0.H2OAutoML] Disk Usage: 43.1%
[MONITORING] [local.openml_t_190411.pygmo_c.ada.0.H2OAutoML] CPU Utilization: 96.4%
[MONITORING] [local.openml_t_190411.pygmo_c.ada.0.H2OAutoML] Memory Usage: 46.1%
[MONITORING] [local.openml_t_190411.pygmo_c.ada.0.H2OAutoML] Disk Usage: 43.1%
[MONITORING] [local.openml_t_190411.pygmo_c.ada.0.H2OAutoML] CPU Utilization: 96.9%
[MONITORING] [local.openml_t_190411.pygmo_c.ada.0.H2OAutoML] Memory Usage: 46.2%
[MONITORING] [local.openml_t_190411.pygmo_c.ada.0.H2OAutoML] Disk Usage: 43.1%
[MONITORING] [local.openml_t_190411.pygmo_c.ada.0.H2OAutoML] CPU Utilization: 98.5%
[MONITORING] [local.openml_t_190411.pygmo_c.ada.0.H2OAutoML] Memory Usage: 46.3%
[MONITORING] [local.openml_t_190411.pygmo_c.ada.0.H2OAutoML] Disk Usage: 43.1%
[MONITORING] [local.openml_t_190411.pygmo_c.ada.0.H2OAutoML] CPU Utilization: 98.1%
[MONITORING] [local.openml_t_190411.pygmo_c.ada.0.H2OAutoML] Memory Usage: 46.3%
[MONITORING] [local.openml_t_190411.pygmo_c.ada.0.H2OAutoML] Disk Usage: 43.1%
[MONITORING] [local.openml_t_190411.pygmo_c.ada.0.H2OAutoML] CPU Utilization: 97.3%
[MONITORING] [local.openml_t_190411.pygmo_c.ada.0.H2OAutoML] Memory Usage: 46.3%
[MONITORING] [local.openml_t_190411.pygmo_c.ada.0.H2OAutoML] Disk Usage: 43.1%
[MONITORING] [local.openml_t_190411.pygmo_c.ada.0.H2OAutoML] CPU Utilization: 67.5%
[MONITORING] [local.openml_t_190411.pygmo_c.ada.0.H2OAutoML] Memory Usage: 46.6%
[MONITORING] [local.openml_t_190411.pygmo_c.ada.0.H2OAutoML] Disk Usage: 43.1%
AutoML progress: |███████████████████████████████████████████████████████████████| (done) 100%
stackedensemble prediction progress: |███████████████████████████████████████████| (done) 100%
H2O session _sid_a890 closed.



Predictions preview:
                        0                    1 predictions truth
0    0.12127137091013906   0.8787286290898609           1     1
1     0.5112609879114987  0.48873901208850135           1     1
2     0.1746126151534655   0.8253873848465345           1     1
3   0.008558513549842606   0.9914414864501574           1     1
4    0.04232458269674377   0.9576754173032562           1     1
5     0.5606569249188893  0.43934307508111076           1     1
6     0.3177370351761021   0.6822629648238979           1     1
7    0.49874582039687587   0.5012541796031241           1     1
8   0.039272599076073056   0.9607274009239269           1     1
9     0.5458290443245297   0.4541709556754702           1     1
10   0.03594275393782764   0.9640572460621724           1     1
11   0.02642227549742926   0.9735777245025707           1     1
12    0.5100577354879854  0.48994226451201467           1     1
13    0.6350947724412686  0.36490522755873145           1     1
14    0.8513539587162747   0.1486460412837253           0     1
15    0.2686154664920162   0.7313845335079838           1     1
16    0.9205628278851964  0.07943717211480363           0     1
17   0.10034055877326997     0.89965944122673           1     1
18   0.03603303399983493   0.9639669660001651           1     1
19    0.8660279224093498  0.13397207759065022           0     1

Predictions saved to `/home/juradoi/experiments/automlbenchmark/results/h2oautoml.openml_t_190411.pygmo_c.local.20211209T214625/predictions/ada/0/predictions.csv`.
Loading metadata from `/home/juradoi/experiments/automlbenchmark/results/h2oautoml.openml_t_190411.pygmo_c.local.20211209T214625/predictions/ada/0/metadata.json`.
Loading predictions from `/home/juradoi/experiments/automlbenchmark/results/h2oautoml.openml_t_190411.pygmo_c.local.20211209T214625/predictions/ada/0/predictions.csv`.
Metric scores: { 'acc': 0.8674698795180723,
  'app_version': 'dev [master, beef024]',
  'auc': 0.9369243216330594,
  'balacc': 0.843571072940005,
  'constraint': 'pygmo_c',
  'duration': nan,
  'fold': 0,
  'framework': 'H2OAutoML',
  'id': 'openml.org/t/190411',
  'info': None,
  'logloss': 0.27179309138523033,
  'metric': 'auc',
  'mode': 'local',
  'models_count': 164,
  'params': '',
  'predict_duration': 0.33363842964172363,
  'result': 0.9369243216330594,
  'seed': 163743105,
  'task': 'ada',
  'training_duration': 3545.4876663684845,
  'type': 'binary',
  'utc': '2021-12-09T22:45:43',
  'version': '3.34.0.3'}
Job `local.openml_t_190411.pygmo_c.ada.0.H2OAutoML` executed in 3558.193 seconds.
All jobs executed in 3558.203 seconds.
[MONITORING] [local.openml_t_190411.pygmo_c.ada.0.H2OAutoML] CPU Utilization: 70.2%
[MONITORING] [local.openml_t_190411.pygmo_c.ada.0.H2OAutoML] Memory Usage: 1.9%
[MONITORING] [local.openml_t_190411.pygmo_c.ada.0.H2OAutoML] Disk Usage: 43.1%
Processing results for h2oautoml.openml_t_190411.pygmo_c.local.20211209T214625
Scores saved to `/home/juradoi/experiments/automlbenchmark/results/h2oautoml.openml_t_190411.pygmo_c.local.20211209T214625/scores/H2OAutoML.benchmark_openml_t_190411.csv`.
Scores saved to `/home/juradoi/experiments/automlbenchmark/results/h2oautoml.openml_t_190411.pygmo_c.local.20211209T214625/scores/results.csv`.
Scores saved to `/home/juradoi/experiments/automlbenchmark/results/results.csv`.
Summing up scores for current run:
                 id task fold framework constraint   result metric  duration      seed
openml.org/t/190411  ada    0 H2OAutoML    pygmo_c 0.936924    auc    3558.2 163743105
