/var/spool/slurm/slurmd/job8494060/slurm_script: line 8: activate: No such file or directory
Running benchmark `H2OAutoML` on `openml/t/359962` framework in `local` mode.
Loading frameworks definitions from ['/home/juradoi/experiments/automlbenchmark/resources/frameworks.yaml'].
Loading benchmark constraint definitions from ['/home/juradoi/experiments/automlbenchmark/resources/constraints.yaml'].
Loading openml task 359962.

-----------------------------------------------------------
Starting job local.openml_t_359962.pygmo_c.kc1.0.H2OAutoML.
Assigning 16 cores (total=16) for new task kc1.
Assigning 91157 MB (total=95302 MB) for new kc1 task.
[MONITORING] [local.openml_t_359962.pygmo_c.kc1.0.H2OAutoML] CPU Utilization: 16.1%
[MONITORING] [local.openml_t_359962.pygmo_c.kc1.0.H2OAutoML] Memory Usage: 2.2%
[MONITORING] [local.openml_t_359962.pygmo_c.kc1.0.H2OAutoML] Disk Usage: 43.2%
Running task kc1 on framework H2OAutoML with config:
TaskConfig({})
Running cmd `/home/juradoi/experiments/automlbenchmark/frameworks/H2OAutoML/venv/bin/python -W ignore /home/juradoi/experiments/automlbenchmark/frameworks/H2OAutoML/exec.py`
INFO:__main__:
**** H2O AutoML [v3.34.0.3] ****

INFO:__main__:Starting H2O cluster with 16 cores, 60771M memory.
Checking whether there is an H2O instance running at http://localhost:26203 ..... not found.
Attempting to start a local H2O server...
  Java Version: openjdk version "11.0.12" 2021-07-20; OpenJDK Runtime Environment (build 11.0.12+7-post-Debian-2deb10u1); OpenJDK 64-Bit Server VM (build 11.0.12+7-post-Debian-2deb10u1, mixed mode, sharing)
  Starting server from /home/juradoi/experiments/automlbenchmark/frameworks/H2OAutoML/venv/lib/python3.8/site-packages/h2o/backend/bin/h2o.jar
  Ice root: /tmp/tmp2w_jk8r9
  JVM stdout: /tmp/tmp2w_jk8r9/h2o_unknownUser_started_from_python.out
  JVM stderr: /tmp/tmp2w_jk8r9/h2o_unknownUser_started_from_python.err
  Server is running at http://127.0.0.1:26203
Connecting to H2O server at http://127.0.0.1:26203 ... successful.
--------------------------  ------------------------------------------------------------------
H2O_cluster_uptime:         01 secs
H2O_cluster_timezone:       Europe/Amsterdam
H2O_data_parsing_timezone:  UTC
H2O_cluster_version:        3.34.0.3
H2O_cluster_version_age:    2 months and 2 days
H2O_cluster_name:           H2O_from_python_unknownUser_8l0ibi
H2O_cluster_total_nodes:    1
H2O_cluster_free_memory:    59.36 Gb
H2O_cluster_total_cores:    16
H2O_cluster_allowed_cores:  16
H2O_cluster_status:         locked, healthy
H2O_connection_url:         http://127.0.0.1:26203
H2O_connection_proxy:       {"http": null, "https": null}
H2O_internal_security:      False
H2O_API_Extensions:         Amazon S3, XGBoost, Algos, AutoML, Core V3, TargetEncoder, Core V4
Python_version:             3.8.12 final
--------------------------  ------------------------------------------------------------------
Parse progress: |████████████████████████████████████████████████████████████████| (done) 100%
Parse progress: |████████████████████████████████████████████████████████████████| (done) 100%
INFO:__main__:Running model on task kc1, fold 0.
[MONITORING] [local.openml_t_359962.pygmo_c.kc1.0.H2OAutoML] CPU Utilization: 70.4%
[MONITORING] [local.openml_t_359962.pygmo_c.kc1.0.H2OAutoML] Memory Usage: 17.1%
[MONITORING] [local.openml_t_359962.pygmo_c.kc1.0.H2OAutoML] Disk Usage: 43.2%
[MONITORING] [local.openml_t_359962.pygmo_c.kc1.0.H2OAutoML] CPU Utilization: 97.5%
[MONITORING] [local.openml_t_359962.pygmo_c.kc1.0.H2OAutoML] Memory Usage: 24.5%
[MONITORING] [local.openml_t_359962.pygmo_c.kc1.0.H2OAutoML] Disk Usage: 43.2%
[MONITORING] [local.openml_t_359962.pygmo_c.kc1.0.H2OAutoML] CPU Utilization: 98.6%
[MONITORING] [local.openml_t_359962.pygmo_c.kc1.0.H2OAutoML] Memory Usage: 31.3%
[MONITORING] [local.openml_t_359962.pygmo_c.kc1.0.H2OAutoML] Disk Usage: 43.2%
[MONITORING] [local.openml_t_359962.pygmo_c.kc1.0.H2OAutoML] CPU Utilization: 96.8%
[MONITORING] [local.openml_t_359962.pygmo_c.kc1.0.H2OAutoML] Memory Usage: 41.8%
[MONITORING] [local.openml_t_359962.pygmo_c.kc1.0.H2OAutoML] Disk Usage: 43.2%
[MONITORING] [local.openml_t_359962.pygmo_c.kc1.0.H2OAutoML] CPU Utilization: 97.6%
[MONITORING] [local.openml_t_359962.pygmo_c.kc1.0.H2OAutoML] Memory Usage: 41.8%
[MONITORING] [local.openml_t_359962.pygmo_c.kc1.0.H2OAutoML] Disk Usage: 43.2%
[MONITORING] [local.openml_t_359962.pygmo_c.kc1.0.H2OAutoML] CPU Utilization: 96.6%
[MONITORING] [local.openml_t_359962.pygmo_c.kc1.0.H2OAutoML] Memory Usage: 41.9%
[MONITORING] [local.openml_t_359962.pygmo_c.kc1.0.H2OAutoML] Disk Usage: 43.2%
[MONITORING] [local.openml_t_359962.pygmo_c.kc1.0.H2OAutoML] CPU Utilization: 95.4%
[MONITORING] [local.openml_t_359962.pygmo_c.kc1.0.H2OAutoML] Memory Usage: 42.3%
[MONITORING] [local.openml_t_359962.pygmo_c.kc1.0.H2OAutoML] Disk Usage: 43.2%
[MONITORING] [local.openml_t_359962.pygmo_c.kc1.0.H2OAutoML] CPU Utilization: 97.6%
[MONITORING] [local.openml_t_359962.pygmo_c.kc1.0.H2OAutoML] Memory Usage: 43.7%
[MONITORING] [local.openml_t_359962.pygmo_c.kc1.0.H2OAutoML] Disk Usage: 43.2%
[MONITORING] [local.openml_t_359962.pygmo_c.kc1.0.H2OAutoML] CPU Utilization: 96.7%
[MONITORING] [local.openml_t_359962.pygmo_c.kc1.0.H2OAutoML] Memory Usage: 44.8%
[MONITORING] [local.openml_t_359962.pygmo_c.kc1.0.H2OAutoML] Disk Usage: 43.2%
[MONITORING] [local.openml_t_359962.pygmo_c.kc1.0.H2OAutoML] CPU Utilization: 97.6%
[MONITORING] [local.openml_t_359962.pygmo_c.kc1.0.H2OAutoML] Memory Usage: 44.8%
[MONITORING] [local.openml_t_359962.pygmo_c.kc1.0.H2OAutoML] Disk Usage: 43.2%
[MONITORING] [local.openml_t_359962.pygmo_c.kc1.0.H2OAutoML] CPU Utilization: 97.7%
[MONITORING] [local.openml_t_359962.pygmo_c.kc1.0.H2OAutoML] Memory Usage: 44.8%
[MONITORING] [local.openml_t_359962.pygmo_c.kc1.0.H2OAutoML] Disk Usage: 43.2%
[MONITORING] [local.openml_t_359962.pygmo_c.kc1.0.H2OAutoML] CPU Utilization: 96.9%
[MONITORING] [local.openml_t_359962.pygmo_c.kc1.0.H2OAutoML] Memory Usage: 44.9%
[MONITORING] [local.openml_t_359962.pygmo_c.kc1.0.H2OAutoML] Disk Usage: 43.2%
[MONITORING] [local.openml_t_359962.pygmo_c.kc1.0.H2OAutoML] CPU Utilization: 96.3%
[MONITORING] [local.openml_t_359962.pygmo_c.kc1.0.H2OAutoML] Memory Usage: 44.9%
[MONITORING] [local.openml_t_359962.pygmo_c.kc1.0.H2OAutoML] Disk Usage: 43.2%
[MONITORING] [local.openml_t_359962.pygmo_c.kc1.0.H2OAutoML] CPU Utilization: 96.7%
[MONITORING] [local.openml_t_359962.pygmo_c.kc1.0.H2OAutoML] Memory Usage: 45.7%
[MONITORING] [local.openml_t_359962.pygmo_c.kc1.0.H2OAutoML] Disk Usage: 43.2%
[MONITORING] [local.openml_t_359962.pygmo_c.kc1.0.H2OAutoML] CPU Utilization: 97.2%
[MONITORING] [local.openml_t_359962.pygmo_c.kc1.0.H2OAutoML] Memory Usage: 45.7%
[MONITORING] [local.openml_t_359962.pygmo_c.kc1.0.H2OAutoML] Disk Usage: 43.2%
[MONITORING] [local.openml_t_359962.pygmo_c.kc1.0.H2OAutoML] CPU Utilization: 96.7%
[MONITORING] [local.openml_t_359962.pygmo_c.kc1.0.H2OAutoML] Memory Usage: 45.8%
[MONITORING] [local.openml_t_359962.pygmo_c.kc1.0.H2OAutoML] Disk Usage: 43.0%
[MONITORING] [local.openml_t_359962.pygmo_c.kc1.0.H2OAutoML] CPU Utilization: 97.5%
[MONITORING] [local.openml_t_359962.pygmo_c.kc1.0.H2OAutoML] Memory Usage: 45.9%
[MONITORING] [local.openml_t_359962.pygmo_c.kc1.0.H2OAutoML] Disk Usage: 43.2%
[MONITORING] [local.openml_t_359962.pygmo_c.kc1.0.H2OAutoML] CPU Utilization: 96.9%
[MONITORING] [local.openml_t_359962.pygmo_c.kc1.0.H2OAutoML] Memory Usage: 45.9%
[MONITORING] [local.openml_t_359962.pygmo_c.kc1.0.H2OAutoML] Disk Usage: 43.2%
[MONITORING] [local.openml_t_359962.pygmo_c.kc1.0.H2OAutoML] CPU Utilization: 97.0%
[MONITORING] [local.openml_t_359962.pygmo_c.kc1.0.H2OAutoML] Memory Usage: 45.9%
[MONITORING] [local.openml_t_359962.pygmo_c.kc1.0.H2OAutoML] Disk Usage: 43.2%
[MONITORING] [local.openml_t_359962.pygmo_c.kc1.0.H2OAutoML] CPU Utilization: 97.7%
[MONITORING] [local.openml_t_359962.pygmo_c.kc1.0.H2OAutoML] Memory Usage: 45.9%
[MONITORING] [local.openml_t_359962.pygmo_c.kc1.0.H2OAutoML] Disk Usage: 43.2%
[MONITORING] [local.openml_t_359962.pygmo_c.kc1.0.H2OAutoML] CPU Utilization: 95.8%
[MONITORING] [local.openml_t_359962.pygmo_c.kc1.0.H2OAutoML] Memory Usage: 45.9%
[MONITORING] [local.openml_t_359962.pygmo_c.kc1.0.H2OAutoML] Disk Usage: 43.2%
[MONITORING] [local.openml_t_359962.pygmo_c.kc1.0.H2OAutoML] CPU Utilization: 95.9%
[MONITORING] [local.openml_t_359962.pygmo_c.kc1.0.H2OAutoML] Memory Usage: 46.0%
[MONITORING] [local.openml_t_359962.pygmo_c.kc1.0.H2OAutoML] Disk Usage: 43.2%
[MONITORING] [local.openml_t_359962.pygmo_c.kc1.0.H2OAutoML] CPU Utilization: 98.0%
[MONITORING] [local.openml_t_359962.pygmo_c.kc1.0.H2OAutoML] Memory Usage: 46.0%
[MONITORING] [local.openml_t_359962.pygmo_c.kc1.0.H2OAutoML] Disk Usage: 43.2%
[MONITORING] [local.openml_t_359962.pygmo_c.kc1.0.H2OAutoML] CPU Utilization: 96.2%
[MONITORING] [local.openml_t_359962.pygmo_c.kc1.0.H2OAutoML] Memory Usage: 46.2%
[MONITORING] [local.openml_t_359962.pygmo_c.kc1.0.H2OAutoML] Disk Usage: 43.2%
[MONITORING] [local.openml_t_359962.pygmo_c.kc1.0.H2OAutoML] CPU Utilization: 95.8%
[MONITORING] [local.openml_t_359962.pygmo_c.kc1.0.H2OAutoML] Memory Usage: 46.2%
[MONITORING] [local.openml_t_359962.pygmo_c.kc1.0.H2OAutoML] Disk Usage: 43.2%
[MONITORING] [local.openml_t_359962.pygmo_c.kc1.0.H2OAutoML] CPU Utilization: 96.9%
[MONITORING] [local.openml_t_359962.pygmo_c.kc1.0.H2OAutoML] Memory Usage: 46.2%
[MONITORING] [local.openml_t_359962.pygmo_c.kc1.0.H2OAutoML] Disk Usage: 43.2%
[MONITORING] [local.openml_t_359962.pygmo_c.kc1.0.H2OAutoML] CPU Utilization: 99.6%
[MONITORING] [local.openml_t_359962.pygmo_c.kc1.0.H2OAutoML] Memory Usage: 46.2%
[MONITORING] [local.openml_t_359962.pygmo_c.kc1.0.H2OAutoML] Disk Usage: 43.2%
[MONITORING] [local.openml_t_359962.pygmo_c.kc1.0.H2OAutoML] CPU Utilization: 96.3%
[MONITORING] [local.openml_t_359962.pygmo_c.kc1.0.H2OAutoML] Memory Usage: 46.2%
[MONITORING] [local.openml_t_359962.pygmo_c.kc1.0.H2OAutoML] Disk Usage: 43.2%
[MONITORING] [local.openml_t_359962.pygmo_c.kc1.0.H2OAutoML] CPU Utilization: 64.8%
[MONITORING] [local.openml_t_359962.pygmo_c.kc1.0.H2OAutoML] Memory Usage: 46.5%
[MONITORING] [local.openml_t_359962.pygmo_c.kc1.0.H2OAutoML] Disk Usage: 43.2%
AutoML progress: |███████████████████████████████████████████████████████████████| (done) 100%
stackedensemble prediction progress: |███████████████████████████████████████████| (done) 100%
H2O session _sid_b610 closed.



Predictions preview:
                  False                  True predictions  truth
0   0.9479509932165167  0.052049006783483356       False  False
1   0.9474158235957572   0.05258417640424287       False  False
2   0.9479509932165167  0.052049006783483356       False  False
3   0.9925981159876146  0.007401884012385399       False  False
4   0.7718213606313398   0.22817863936866017       False  False
5   0.9479509932165167  0.052049006783483356       False  False
6   0.9927265540336382  0.007273445966361858       False  False
7   0.9753924196991883  0.024607580300811695       False  False
8   0.8227553626985418   0.17724463730145823       False  False
9   0.9479509932165167  0.052049006783483356       False  False
10  0.7296990331691825    0.2703009668308175        True  False
11  0.8591756853880175   0.14082431461198247       False  False
12  0.8543443510743385   0.14565564892566152       False  False
13   0.899850637436513    0.1001493625634871       False  False
14  0.9479509932165167  0.052049006783483356       False  False
15  0.9927265540336382  0.007273445966361858       False  False
16  0.9473499806427738  0.052650019357226276       False  False
17  0.9480161257996463   0.05198387420035367       False  False
18  0.8591717028630914   0.14082829713690856       False  False
19  0.9934254444155547   0.00657455558444529       False  False

Predictions saved to `/home/juradoi/experiments/automlbenchmark/results/h2oautoml.openml_t_359962.pygmo_c.local.20211209T222954/predictions/kc1/0/predictions.csv`.
Loading metadata from `/home/juradoi/experiments/automlbenchmark/results/h2oautoml.openml_t_359962.pygmo_c.local.20211209T222954/predictions/kc1/0/metadata.json`.
Loading predictions from `/home/juradoi/experiments/automlbenchmark/results/h2oautoml.openml_t_359962.pygmo_c.local.20211209T222954/predictions/kc1/0/predictions.csv`.
Metric scores: { 'acc': 0.7867298578199052,
  'app_version': 'dev [master, beef024]',
  'auc': 0.8373777932960894,
  'balacc': 0.7716480446927374,
  'constraint': 'pygmo_c',
  'duration': nan,
  'fold': 0,
  'framework': 'H2OAutoML',
  'id': 'openml.org/t/359962',
  'info': None,
  'logloss': 0.33862004349959,
  'metric': 'auc',
  'mode': 'local',
  'models_count': 225,
  'params': '',
  'predict_duration': 0.11089658737182617,
  'result': 0.8373777932960894,
  'seed': 909692755,
  'task': 'kc1',
  'training_duration': 3528.213326692581,
  'type': 'binary',
  'utc': '2021-12-09T23:28:54',
  'version': '3.34.0.3'}
Job `local.openml_t_359962.pygmo_c.kc1.0.H2OAutoML` executed in 3539.636 seconds.
All jobs executed in 3539.650 seconds.
[MONITORING] [local.openml_t_359962.pygmo_c.kc1.0.H2OAutoML] CPU Utilization: 68.3%
[MONITORING] [local.openml_t_359962.pygmo_c.kc1.0.H2OAutoML] Memory Usage: 2.2%
[MONITORING] [local.openml_t_359962.pygmo_c.kc1.0.H2OAutoML] Disk Usage: 43.2%
Processing results for h2oautoml.openml_t_359962.pygmo_c.local.20211209T222954
Scores saved to `/home/juradoi/experiments/automlbenchmark/results/h2oautoml.openml_t_359962.pygmo_c.local.20211209T222954/scores/H2OAutoML.benchmark_openml_t_359962.csv`.
Scores saved to `/home/juradoi/experiments/automlbenchmark/results/h2oautoml.openml_t_359962.pygmo_c.local.20211209T222954/scores/results.csv`.
Scores saved to `/home/juradoi/experiments/automlbenchmark/results/results.csv`.
Summing up scores for current run:
                 id task fold framework constraint   result metric  duration      seed
openml.org/t/359962  kc1    0 H2OAutoML    pygmo_c 0.837378    auc    3539.6 909692755
