/var/spool/slurm/slurmd/job8493804/slurm_script: line 8: activate: No such file or directory
Running benchmark `H2OAutoML` on `openml/t/190412` framework in `local` mode.
Loading frameworks definitions from ['/home/juradoi/experiments/automlbenchmark/resources/frameworks.yaml'].
Loading benchmark constraint definitions from ['/home/juradoi/experiments/automlbenchmark/resources/constraints.yaml'].
Loading openml task 190412.

--------------------------------------------------------------
Starting job local.openml_t_190412.pygmo_c.arcene.0.H2OAutoML.
Assigning 16 cores (total=16) for new task arcene.
Assigning 91088 MB (total=95302 MB) for new arcene task.
[MONITORING] [local.openml_t_190412.pygmo_c.arcene.0.H2OAutoML] CPU Utilization: 14.5%
[MONITORING] [local.openml_t_190412.pygmo_c.arcene.0.H2OAutoML] Memory Usage: 2.3%
[MONITORING] [local.openml_t_190412.pygmo_c.arcene.0.H2OAutoML] Disk Usage: 43.2%
Running task arcene on framework H2OAutoML with config:
TaskConfig({})
Running cmd `/home/juradoi/experiments/automlbenchmark/frameworks/H2OAutoML/venv/bin/python -W ignore /home/juradoi/experiments/automlbenchmark/frameworks/H2OAutoML/exec.py`
INFO:__main__:
**** H2O AutoML [v3.34.0.3] ****

INFO:__main__:Starting H2O cluster with 16 cores, 60725M memory.
Checking whether there is an H2O instance running at http://localhost:4038 ..... not found.
Attempting to start a local H2O server...
  Java Version: openjdk version "11.0.12" 2021-07-20; OpenJDK Runtime Environment (build 11.0.12+7-post-Debian-2deb10u1); OpenJDK 64-Bit Server VM (build 11.0.12+7-post-Debian-2deb10u1, mixed mode, sharing)
  Starting server from /home/juradoi/experiments/automlbenchmark/frameworks/H2OAutoML/venv/lib/python3.8/site-packages/h2o/backend/bin/h2o.jar
  Ice root: /tmp/tmpmte53l2x
  JVM stdout: /tmp/tmpmte53l2x/h2o_unknownUser_started_from_python.out
  JVM stderr: /tmp/tmpmte53l2x/h2o_unknownUser_started_from_python.err
  Server is running at http://127.0.0.1:4038
Connecting to H2O server at http://127.0.0.1:4038 ... successful.
--------------------------  ------------------------------------------------------------------
H2O_cluster_uptime:         01 secs
H2O_cluster_timezone:       Europe/Amsterdam
H2O_data_parsing_timezone:  UTC
H2O_cluster_version:        3.34.0.3
H2O_cluster_version_age:    2 months and 2 days
H2O_cluster_name:           H2O_from_python_unknownUser_0igbix
H2O_cluster_total_nodes:    1
H2O_cluster_free_memory:    59.31 Gb
H2O_cluster_total_cores:    16
H2O_cluster_allowed_cores:  16
H2O_cluster_status:         locked, healthy
H2O_connection_url:         http://127.0.0.1:4038
H2O_connection_proxy:       {"http": null, "https": null}
H2O_internal_security:      False
H2O_API_Extensions:         Amazon S3, XGBoost, Algos, AutoML, Core V3, TargetEncoder, Core V4
Python_version:             3.8.12 final
--------------------------  ------------------------------------------------------------------
Parse progress: |████████████████████████████████████████████████████████████████| (done) 100%
Parse progress: |████████████████████████████████████████████████████████████████| (done) 100%
INFO:__main__:Running model on task arcene, fold 0.
AutoML progress: |████████
22:53:11.441: Skipping training of model GBM_1_AutoML_1_20211209_225159 due to exception: water.exceptions.H2OModelBuilderIllegalArgumentException: Illegal argument(s) for GBM model: GBM_1_AutoML_1_20211209_225159.  Details: ERRR on field: _min_rows: The dataset size is too small to split for min_rows=100.0: must have at least 200.0 (weighted) rows, but have only 90.0.


[MONITORING] [local.openml_t_190412.pygmo_c.arcene.0.H2OAutoML] CPU Utilization: 32.3%
[MONITORING] [local.openml_t_190412.pygmo_c.arcene.0.H2OAutoML] Memory Usage: 44.9%
[MONITORING] [local.openml_t_190412.pygmo_c.arcene.0.H2OAutoML] Disk Usage: 43.2%
[MONITORING] [local.openml_t_190412.pygmo_c.arcene.0.H2OAutoML] CPU Utilization: 56.7%
[MONITORING] [local.openml_t_190412.pygmo_c.arcene.0.H2OAutoML] Memory Usage: 45.2%
[MONITORING] [local.openml_t_190412.pygmo_c.arcene.0.H2OAutoML] Disk Usage: 43.2%
[MONITORING] [local.openml_t_190412.pygmo_c.arcene.0.H2OAutoML] CPU Utilization: 51.9%
[MONITORING] [local.openml_t_190412.pygmo_c.arcene.0.H2OAutoML] Memory Usage: 45.3%
[MONITORING] [local.openml_t_190412.pygmo_c.arcene.0.H2OAutoML] Disk Usage: 43.2%
[MONITORING] [local.openml_t_190412.pygmo_c.arcene.0.H2OAutoML] CPU Utilization: 49.5%
[MONITORING] [local.openml_t_190412.pygmo_c.arcene.0.H2OAutoML] Memory Usage: 47.7%
[MONITORING] [local.openml_t_190412.pygmo_c.arcene.0.H2OAutoML] Disk Usage: 43.2%
[MONITORING] [local.openml_t_190412.pygmo_c.arcene.0.H2OAutoML] CPU Utilization: 43.4%
[MONITORING] [local.openml_t_190412.pygmo_c.arcene.0.H2OAutoML] Memory Usage: 48.4%
[MONITORING] [local.openml_t_190412.pygmo_c.arcene.0.H2OAutoML] Disk Usage: 43.2%
[MONITORING] [local.openml_t_190412.pygmo_c.arcene.0.H2OAutoML] CPU Utilization: 41.0%
[MONITORING] [local.openml_t_190412.pygmo_c.arcene.0.H2OAutoML] Memory Usage: 48.5%
[MONITORING] [local.openml_t_190412.pygmo_c.arcene.0.H2OAutoML] Disk Usage: 43.2%
[MONITORING] [local.openml_t_190412.pygmo_c.arcene.0.H2OAutoML] CPU Utilization: 40.9%
[MONITORING] [local.openml_t_190412.pygmo_c.arcene.0.H2OAutoML] Memory Usage: 48.7%
[MONITORING] [local.openml_t_190412.pygmo_c.arcene.0.H2OAutoML] Disk Usage: 43.2%
[MONITORING] [local.openml_t_190412.pygmo_c.arcene.0.H2OAutoML] CPU Utilization: 43.2%
[MONITORING] [local.openml_t_190412.pygmo_c.arcene.0.H2OAutoML] Memory Usage: 48.9%
[MONITORING] [local.openml_t_190412.pygmo_c.arcene.0.H2OAutoML] Disk Usage: 43.2%
[MONITORING] [local.openml_t_190412.pygmo_c.arcene.0.H2OAutoML] CPU Utilization: 54.4%
[MONITORING] [local.openml_t_190412.pygmo_c.arcene.0.H2OAutoML] Memory Usage: 48.9%
[MONITORING] [local.openml_t_190412.pygmo_c.arcene.0.H2OAutoML] Disk Usage: 43.2%
[MONITORING] [local.openml_t_190412.pygmo_c.arcene.0.H2OAutoML] CPU Utilization: 58.0%
[MONITORING] [local.openml_t_190412.pygmo_c.arcene.0.H2OAutoML] Memory Usage: 49.1%
[MONITORING] [local.openml_t_190412.pygmo_c.arcene.0.H2OAutoML] Disk Usage: 43.2%
[MONITORING] [local.openml_t_190412.pygmo_c.arcene.0.H2OAutoML] CPU Utilization: 48.2%
[MONITORING] [local.openml_t_190412.pygmo_c.arcene.0.H2OAutoML] Memory Usage: 49.1%
[MONITORING] [local.openml_t_190412.pygmo_c.arcene.0.H2OAutoML] Disk Usage: 43.2%
[MONITORING] [local.openml_t_190412.pygmo_c.arcene.0.H2OAutoML] CPU Utilization: 58.4%
[MONITORING] [local.openml_t_190412.pygmo_c.arcene.0.H2OAutoML] Memory Usage: 49.3%
[MONITORING] [local.openml_t_190412.pygmo_c.arcene.0.H2OAutoML] Disk Usage: 43.2%
[MONITORING] [local.openml_t_190412.pygmo_c.arcene.0.H2OAutoML] CPU Utilization: 70.9%
[MONITORING] [local.openml_t_190412.pygmo_c.arcene.0.H2OAutoML] Memory Usage: 49.3%
[MONITORING] [local.openml_t_190412.pygmo_c.arcene.0.H2OAutoML] Disk Usage: 43.2%
[MONITORING] [local.openml_t_190412.pygmo_c.arcene.0.H2OAutoML] CPU Utilization: 58.4%
[MONITORING] [local.openml_t_190412.pygmo_c.arcene.0.H2OAutoML] Memory Usage: 49.3%
[MONITORING] [local.openml_t_190412.pygmo_c.arcene.0.H2OAutoML] Disk Usage: 43.2%
[MONITORING] [local.openml_t_190412.pygmo_c.arcene.0.H2OAutoML] CPU Utilization: 78.5%
[MONITORING] [local.openml_t_190412.pygmo_c.arcene.0.H2OAutoML] Memory Usage: 49.3%
[MONITORING] [local.openml_t_190412.pygmo_c.arcene.0.H2OAutoML] Disk Usage: 43.2%
[MONITORING] [local.openml_t_190412.pygmo_c.arcene.0.H2OAutoML] CPU Utilization: 82.6%
[MONITORING] [local.openml_t_190412.pygmo_c.arcene.0.H2OAutoML] Memory Usage: 49.3%
[MONITORING] [local.openml_t_190412.pygmo_c.arcene.0.H2OAutoML] Disk Usage: 43.2%
[MONITORING] [local.openml_t_190412.pygmo_c.arcene.0.H2OAutoML] CPU Utilization: 52.0%
[MONITORING] [local.openml_t_190412.pygmo_c.arcene.0.H2OAutoML] Memory Usage: 54.8%
[MONITORING] [local.openml_t_190412.pygmo_c.arcene.0.H2OAutoML] Disk Usage: 43.2%
[MONITORING] [local.openml_t_190412.pygmo_c.arcene.0.H2OAutoML] CPU Utilization: 43.5%
[MONITORING] [local.openml_t_190412.pygmo_c.arcene.0.H2OAutoML] Memory Usage: 59.7%
[MONITORING] [local.openml_t_190412.pygmo_c.arcene.0.H2OAutoML] Disk Usage: 43.2%
[MONITORING] [local.openml_t_190412.pygmo_c.arcene.0.H2OAutoML] CPU Utilization: 48.7%
[MONITORING] [local.openml_t_190412.pygmo_c.arcene.0.H2OAutoML] Memory Usage: 67.1%
[MONITORING] [local.openml_t_190412.pygmo_c.arcene.0.H2OAutoML] Disk Usage: 43.2%
[MONITORING] [local.openml_t_190412.pygmo_c.arcene.0.H2OAutoML] CPU Utilization: 49.4%
[MONITORING] [local.openml_t_190412.pygmo_c.arcene.0.H2OAutoML] Memory Usage: 69.6%
[MONITORING] [local.openml_t_190412.pygmo_c.arcene.0.H2OAutoML] Disk Usage: 43.2%
[MONITORING] [local.openml_t_190412.pygmo_c.arcene.0.H2OAutoML] CPU Utilization: 46.7%
[MONITORING] [local.openml_t_190412.pygmo_c.arcene.0.H2OAutoML] Memory Usage: 69.7%
[MONITORING] [local.openml_t_190412.pygmo_c.arcene.0.H2OAutoML] Disk Usage: 43.2%
[MONITORING] [local.openml_t_190412.pygmo_c.arcene.0.H2OAutoML] CPU Utilization: 44.9%
[MONITORING] [local.openml_t_190412.pygmo_c.arcene.0.H2OAutoML] Memory Usage: 69.9%
[MONITORING] [local.openml_t_190412.pygmo_c.arcene.0.H2OAutoML] Disk Usage: 43.2%
[MONITORING] [local.openml_t_190412.pygmo_c.arcene.0.H2OAutoML] CPU Utilization: 49.8%
[MONITORING] [local.openml_t_190412.pygmo_c.arcene.0.H2OAutoML] Memory Usage: 70.0%
[MONITORING] [local.openml_t_190412.pygmo_c.arcene.0.H2OAutoML] Disk Usage: 43.2%
[MONITORING] [local.openml_t_190412.pygmo_c.arcene.0.H2OAutoML] CPU Utilization: 46.8%
[MONITORING] [local.openml_t_190412.pygmo_c.arcene.0.H2OAutoML] Memory Usage: 70.0%
[MONITORING] [local.openml_t_190412.pygmo_c.arcene.0.H2OAutoML] Disk Usage: 43.2%
[MONITORING] [local.openml_t_190412.pygmo_c.arcene.0.H2OAutoML] CPU Utilization: 45.0%
[MONITORING] [local.openml_t_190412.pygmo_c.arcene.0.H2OAutoML] Memory Usage: 70.0%
[MONITORING] [local.openml_t_190412.pygmo_c.arcene.0.H2OAutoML] Disk Usage: 43.2%
[MONITORING] [local.openml_t_190412.pygmo_c.arcene.0.H2OAutoML] CPU Utilization: 41.5%
[MONITORING] [local.openml_t_190412.pygmo_c.arcene.0.H2OAutoML] Memory Usage: 70.0%
[MONITORING] [local.openml_t_190412.pygmo_c.arcene.0.H2OAutoML] Disk Usage: 43.2%
[MONITORING] [local.openml_t_190412.pygmo_c.arcene.0.H2OAutoML] CPU Utilization: 51.9%
[MONITORING] [local.openml_t_190412.pygmo_c.arcene.0.H2OAutoML] Memory Usage: 70.0%
[MONITORING] [local.openml_t_190412.pygmo_c.arcene.0.H2OAutoML] Disk Usage: 43.2%
[MONITORING] [local.openml_t_190412.pygmo_c.arcene.0.H2OAutoML] CPU Utilization: 44.8%
[MONITORING] [local.openml_t_190412.pygmo_c.arcene.0.H2OAutoML] Memory Usage: 70.0%
[MONITORING] [local.openml_t_190412.pygmo_c.arcene.0.H2OAutoML] Disk Usage: 43.2%
[MONITORING] [local.openml_t_190412.pygmo_c.arcene.0.H2OAutoML] CPU Utilization: 53.4%
[MONITORING] [local.openml_t_190412.pygmo_c.arcene.0.H2OAutoML] Memory Usage: 70.0%
[MONITORING] [local.openml_t_190412.pygmo_c.arcene.0.H2OAutoML] Disk Usage: 43.2%
[MONITORING] [local.openml_t_190412.pygmo_c.arcene.0.H2OAutoML] CPU Utilization: 42.9%
[MONITORING] [local.openml_t_190412.pygmo_c.arcene.0.H2OAutoML] Memory Usage: 70.0%
[MONITORING] [local.openml_t_190412.pygmo_c.arcene.0.H2OAutoML] Disk Usage: 43.2%
███████████████████████████████████████████████████████| (done) 100%
deeplearning prediction progress: |██████████████████████████████████████████████| (done) 100%
H2O session _sid_ac51 closed.



Predictions preview:
                          0                        1 predictions truth
0                      1.0  1.7611257732390237E-274           0     0
1                      1.0  1.3244846525247922E-260           0     0
2                      1.0  2.3582904172051028E-127           0     0
3   1.2001721489319999E-70                      1.0           1     0
4                      1.0                      0.0           0     0
5                      1.0   1.762508282735782E-299           0     0
6                      1.0                      0.0           0     1
7   5.616154860201775E-126                      1.0           1     1
8    5.614617600185032E-19                      1.0           1     1
9  1.7928314580877463E-141                      1.0           1     1

Predictions saved to `/home/juradoi/experiments/automlbenchmark/results/h2oautoml.openml_t_190412.pygmo_c.local.20211209T215141/predictions/arcene/0/predictions.csv`.
Loading metadata from `/home/juradoi/experiments/automlbenchmark/results/h2oautoml.openml_t_190412.pygmo_c.local.20211209T215141/predictions/arcene/0/metadata.json`.
Loading predictions from `/home/juradoi/experiments/automlbenchmark/results/h2oautoml.openml_t_190412.pygmo_c.local.20211209T215141/predictions/arcene/0/predictions.csv`.
Metric scores: { 'acc': 0.8,
  'app_version': 'dev [master, beef024]',
  'auc': 0.7083333333333333,
  'balacc': 0.7916666666666667,
  'constraint': 'pygmo_c',
  'duration': nan,
  'fold': 0,
  'framework': 'H2OAutoML',
  'id': 'openml.org/t/190412',
  'info': None,
  'logloss': 6.907755278982137,
  'metric': 'auc',
  'mode': 'local',
  'models_count': 158,
  'params': '',
  'predict_duration': 0.3464937210083008,
  'result': 0.7083333333333333,
  'seed': 777693750,
  'task': 'arcene',
  'training_duration': 3595.8794524669647,
  'type': 'binary',
  'utc': '2021-12-09T22:51:56',
  'version': '3.34.0.3'}
Job `local.openml_t_190412.pygmo_c.arcene.0.H2OAutoML` executed in 3614.103 seconds.
All jobs executed in 3615.247 seconds.
[MONITORING] [local.openml_t_190412.pygmo_c.arcene.0.H2OAutoML] CPU Utilization: 26.5%
[MONITORING] [local.openml_t_190412.pygmo_c.arcene.0.H2OAutoML] Memory Usage: 2.3%
[MONITORING] [local.openml_t_190412.pygmo_c.arcene.0.H2OAutoML] Disk Usage: 43.2%
Processing results for h2oautoml.openml_t_190412.pygmo_c.local.20211209T215141
Scores saved to `/home/juradoi/experiments/automlbenchmark/results/h2oautoml.openml_t_190412.pygmo_c.local.20211209T215141/scores/H2OAutoML.benchmark_openml_t_190412.csv`.
Scores saved to `/home/juradoi/experiments/automlbenchmark/results/h2oautoml.openml_t_190412.pygmo_c.local.20211209T215141/scores/results.csv`.
Scores saved to `/home/juradoi/experiments/automlbenchmark/results/results.csv`.
Summing up scores for current run:
                 id   task fold framework constraint   result metric  duration      seed
openml.org/t/190412 arcene    0 H2OAutoML    pygmo_c 0.708333    auc    3614.1 777693750
