/var/spool/slurm/slurmd/job8494837/slurm_script: line 8: activate: No such file or directory
Running benchmark `H2OAutoML` on `openml/t/359973` framework in `local` mode.
Loading frameworks definitions from ['/home/juradoi/experiments/automlbenchmark/resources/frameworks.yaml'].
Loading benchmark constraint definitions from ['/home/juradoi/experiments/automlbenchmark/resources/constraints.yaml'].
Loading openml task 359973.

-----------------------------------------------------------------
Starting job local.openml_t_359973.pygmo_c.christine.0.H2OAutoML.
Assigning 16 cores (total=16) for new task christine.
Assigning 91058 MB (total=95302 MB) for new christine task.
[MONITORING] [local.openml_t_359973.pygmo_c.christine.0.H2OAutoML] CPU Utilization: 19.3%
[MONITORING] [local.openml_t_359973.pygmo_c.christine.0.H2OAutoML] Memory Usage: 2.3%
[MONITORING] [local.openml_t_359973.pygmo_c.christine.0.H2OAutoML] Disk Usage: 43.2%
Running task christine on framework H2OAutoML with config:
TaskConfig({})
Running cmd `/home/juradoi/experiments/automlbenchmark/frameworks/H2OAutoML/venv/bin/python -W ignore /home/juradoi/experiments/automlbenchmark/frameworks/H2OAutoML/exec.py`
INFO:__main__:
**** H2O AutoML [v3.34.0.3] ****

INFO:__main__:Starting H2O cluster with 16 cores, 60705M memory.
Checking whether there is an H2O instance running at http://localhost:15516 ..... not found.
Attempting to start a local H2O server...
  Java Version: openjdk version "11.0.12" 2021-07-20; OpenJDK Runtime Environment (build 11.0.12+7-post-Debian-2deb10u1); OpenJDK 64-Bit Server VM (build 11.0.12+7-post-Debian-2deb10u1, mixed mode, sharing)
  Starting server from /home/juradoi/experiments/automlbenchmark/frameworks/H2OAutoML/venv/lib/python3.8/site-packages/h2o/backend/bin/h2o.jar
  Ice root: /tmp/tmpgt55gwup
  JVM stdout: /tmp/tmpgt55gwup/h2o_unknownUser_started_from_python.out
  JVM stderr: /tmp/tmpgt55gwup/h2o_unknownUser_started_from_python.err
  Server is running at http://127.0.0.1:15516
Connecting to H2O server at http://127.0.0.1:15516 ... successful.
--------------------------  ------------------------------------------------------------------
H2O_cluster_uptime:         01 secs
H2O_cluster_timezone:       Europe/Amsterdam
H2O_data_parsing_timezone:  UTC
H2O_cluster_version:        3.34.0.3
H2O_cluster_version_age:    2 months and 2 days
H2O_cluster_name:           H2O_from_python_unknownUser_lsoolp
H2O_cluster_total_nodes:    1
H2O_cluster_free_memory:    59.30 Gb
H2O_cluster_total_cores:    16
H2O_cluster_allowed_cores:  16
H2O_cluster_status:         locked, healthy
H2O_connection_url:         http://127.0.0.1:15516
H2O_connection_proxy:       {"http": null, "https": null}
H2O_internal_security:      False
H2O_API_Extensions:         Amazon S3, XGBoost, Algos, AutoML, Core V3, TargetEncoder, Core V4
Python_version:             3.8.12 final
--------------------------  ------------------------------------------------------------------
Parse progress: |████████████████████████████████████████████████████████████████| (done) 100%
Parse progress: |████████████████████████████████████████████████████████████████| (done) 100%
INFO:__main__:Running model on task christine, fold 0.
[MONITORING] [local.openml_t_359973.pygmo_c.christine.0.H2OAutoML] CPU Utilization: 86.0%
[MONITORING] [local.openml_t_359973.pygmo_c.christine.0.H2OAutoML] Memory Usage: 44.6%
[MONITORING] [local.openml_t_359973.pygmo_c.christine.0.H2OAutoML] Disk Usage: 43.2%
[MONITORING] [local.openml_t_359973.pygmo_c.christine.0.H2OAutoML] CPU Utilization: 92.5%
[MONITORING] [local.openml_t_359973.pygmo_c.christine.0.H2OAutoML] Memory Usage: 45.2%
[MONITORING] [local.openml_t_359973.pygmo_c.christine.0.H2OAutoML] Disk Usage: 43.2%
[MONITORING] [local.openml_t_359973.pygmo_c.christine.0.H2OAutoML] CPU Utilization: 75.9%
[MONITORING] [local.openml_t_359973.pygmo_c.christine.0.H2OAutoML] Memory Usage: 45.4%
[MONITORING] [local.openml_t_359973.pygmo_c.christine.0.H2OAutoML] Disk Usage: 43.2%
[MONITORING] [local.openml_t_359973.pygmo_c.christine.0.H2OAutoML] CPU Utilization: 75.9%
[MONITORING] [local.openml_t_359973.pygmo_c.christine.0.H2OAutoML] Memory Usage: 45.5%
[MONITORING] [local.openml_t_359973.pygmo_c.christine.0.H2OAutoML] Disk Usage: 43.2%
[MONITORING] [local.openml_t_359973.pygmo_c.christine.0.H2OAutoML] CPU Utilization: 86.8%
[MONITORING] [local.openml_t_359973.pygmo_c.christine.0.H2OAutoML] Memory Usage: 45.5%
[MONITORING] [local.openml_t_359973.pygmo_c.christine.0.H2OAutoML] Disk Usage: 43.2%
[MONITORING] [local.openml_t_359973.pygmo_c.christine.0.H2OAutoML] CPU Utilization: 74.0%
[MONITORING] [local.openml_t_359973.pygmo_c.christine.0.H2OAutoML] Memory Usage: 45.7%
[MONITORING] [local.openml_t_359973.pygmo_c.christine.0.H2OAutoML] Disk Usage: 43.2%
[MONITORING] [local.openml_t_359973.pygmo_c.christine.0.H2OAutoML] CPU Utilization: 71.3%
[MONITORING] [local.openml_t_359973.pygmo_c.christine.0.H2OAutoML] Memory Usage: 46.0%
[MONITORING] [local.openml_t_359973.pygmo_c.christine.0.H2OAutoML] Disk Usage: 43.2%
[MONITORING] [local.openml_t_359973.pygmo_c.christine.0.H2OAutoML] CPU Utilization: 83.1%
[MONITORING] [local.openml_t_359973.pygmo_c.christine.0.H2OAutoML] Memory Usage: 46.3%
[MONITORING] [local.openml_t_359973.pygmo_c.christine.0.H2OAutoML] Disk Usage: 43.2%
[MONITORING] [local.openml_t_359973.pygmo_c.christine.0.H2OAutoML] CPU Utilization: 82.0%
[MONITORING] [local.openml_t_359973.pygmo_c.christine.0.H2OAutoML] Memory Usage: 46.4%
[MONITORING] [local.openml_t_359973.pygmo_c.christine.0.H2OAutoML] Disk Usage: 43.2%
[MONITORING] [local.openml_t_359973.pygmo_c.christine.0.H2OAutoML] CPU Utilization: 83.5%
[MONITORING] [local.openml_t_359973.pygmo_c.christine.0.H2OAutoML] Memory Usage: 46.3%
[MONITORING] [local.openml_t_359973.pygmo_c.christine.0.H2OAutoML] Disk Usage: 43.2%
[MONITORING] [local.openml_t_359973.pygmo_c.christine.0.H2OAutoML] CPU Utilization: 78.8%
[MONITORING] [local.openml_t_359973.pygmo_c.christine.0.H2OAutoML] Memory Usage: 46.5%
[MONITORING] [local.openml_t_359973.pygmo_c.christine.0.H2OAutoML] Disk Usage: 43.2%
[MONITORING] [local.openml_t_359973.pygmo_c.christine.0.H2OAutoML] CPU Utilization: 86.6%
[MONITORING] [local.openml_t_359973.pygmo_c.christine.0.H2OAutoML] Memory Usage: 46.5%
[MONITORING] [local.openml_t_359973.pygmo_c.christine.0.H2OAutoML] Disk Usage: 43.2%
[MONITORING] [local.openml_t_359973.pygmo_c.christine.0.H2OAutoML] CPU Utilization: 81.1%
[MONITORING] [local.openml_t_359973.pygmo_c.christine.0.H2OAutoML] Memory Usage: 46.5%
[MONITORING] [local.openml_t_359973.pygmo_c.christine.0.H2OAutoML] Disk Usage: 43.2%
[MONITORING] [local.openml_t_359973.pygmo_c.christine.0.H2OAutoML] CPU Utilization: 83.7%
[MONITORING] [local.openml_t_359973.pygmo_c.christine.0.H2OAutoML] Memory Usage: 46.8%
[MONITORING] [local.openml_t_359973.pygmo_c.christine.0.H2OAutoML] Disk Usage: 43.2%
[MONITORING] [local.openml_t_359973.pygmo_c.christine.0.H2OAutoML] CPU Utilization: 85.0%
[MONITORING] [local.openml_t_359973.pygmo_c.christine.0.H2OAutoML] Memory Usage: 46.8%
[MONITORING] [local.openml_t_359973.pygmo_c.christine.0.H2OAutoML] Disk Usage: 43.2%
[MONITORING] [local.openml_t_359973.pygmo_c.christine.0.H2OAutoML] CPU Utilization: 69.6%
[MONITORING] [local.openml_t_359973.pygmo_c.christine.0.H2OAutoML] Memory Usage: 46.8%
[MONITORING] [local.openml_t_359973.pygmo_c.christine.0.H2OAutoML] Disk Usage: 43.2%
[MONITORING] [local.openml_t_359973.pygmo_c.christine.0.H2OAutoML] CPU Utilization: 75.9%
[MONITORING] [local.openml_t_359973.pygmo_c.christine.0.H2OAutoML] Memory Usage: 46.8%
[MONITORING] [local.openml_t_359973.pygmo_c.christine.0.H2OAutoML] Disk Usage: 43.2%
[MONITORING] [local.openml_t_359973.pygmo_c.christine.0.H2OAutoML] CPU Utilization: 81.5%
[MONITORING] [local.openml_t_359973.pygmo_c.christine.0.H2OAutoML] Memory Usage: 46.8%
[MONITORING] [local.openml_t_359973.pygmo_c.christine.0.H2OAutoML] Disk Usage: 43.2%
[MONITORING] [local.openml_t_359973.pygmo_c.christine.0.H2OAutoML] CPU Utilization: 75.4%
[MONITORING] [local.openml_t_359973.pygmo_c.christine.0.H2OAutoML] Memory Usage: 47.0%
[MONITORING] [local.openml_t_359973.pygmo_c.christine.0.H2OAutoML] Disk Usage: 43.2%
[MONITORING] [local.openml_t_359973.pygmo_c.christine.0.H2OAutoML] CPU Utilization: 65.3%
[MONITORING] [local.openml_t_359973.pygmo_c.christine.0.H2OAutoML] Memory Usage: 47.0%
[MONITORING] [local.openml_t_359973.pygmo_c.christine.0.H2OAutoML] Disk Usage: 43.2%
[MONITORING] [local.openml_t_359973.pygmo_c.christine.0.H2OAutoML] CPU Utilization: 82.0%
[MONITORING] [local.openml_t_359973.pygmo_c.christine.0.H2OAutoML] Memory Usage: 47.0%
[MONITORING] [local.openml_t_359973.pygmo_c.christine.0.H2OAutoML] Disk Usage: 43.2%
[MONITORING] [local.openml_t_359973.pygmo_c.christine.0.H2OAutoML] CPU Utilization: 90.0%
[MONITORING] [local.openml_t_359973.pygmo_c.christine.0.H2OAutoML] Memory Usage: 47.0%
[MONITORING] [local.openml_t_359973.pygmo_c.christine.0.H2OAutoML] Disk Usage: 43.2%
[MONITORING] [local.openml_t_359973.pygmo_c.christine.0.H2OAutoML] CPU Utilization: 94.2%
[MONITORING] [local.openml_t_359973.pygmo_c.christine.0.H2OAutoML] Memory Usage: 47.0%
[MONITORING] [local.openml_t_359973.pygmo_c.christine.0.H2OAutoML] Disk Usage: 43.2%
[MONITORING] [local.openml_t_359973.pygmo_c.christine.0.H2OAutoML] CPU Utilization: 93.9%
[MONITORING] [local.openml_t_359973.pygmo_c.christine.0.H2OAutoML] Memory Usage: 47.0%
[MONITORING] [local.openml_t_359973.pygmo_c.christine.0.H2OAutoML] Disk Usage: 43.2%
[MONITORING] [local.openml_t_359973.pygmo_c.christine.0.H2OAutoML] CPU Utilization: 91.4%
[MONITORING] [local.openml_t_359973.pygmo_c.christine.0.H2OAutoML] Memory Usage: 47.0%
[MONITORING] [local.openml_t_359973.pygmo_c.christine.0.H2OAutoML] Disk Usage: 43.2%
[MONITORING] [local.openml_t_359973.pygmo_c.christine.0.H2OAutoML] CPU Utilization: 88.5%
[MONITORING] [local.openml_t_359973.pygmo_c.christine.0.H2OAutoML] Memory Usage: 47.0%
[MONITORING] [local.openml_t_359973.pygmo_c.christine.0.H2OAutoML] Disk Usage: 43.2%
[MONITORING] [local.openml_t_359973.pygmo_c.christine.0.H2OAutoML] CPU Utilization: 91.4%
[MONITORING] [local.openml_t_359973.pygmo_c.christine.0.H2OAutoML] Memory Usage: 47.0%
[MONITORING] [local.openml_t_359973.pygmo_c.christine.0.H2OAutoML] Disk Usage: 43.2%
[MONITORING] [local.openml_t_359973.pygmo_c.christine.0.H2OAutoML] CPU Utilization: 93.5%
[MONITORING] [local.openml_t_359973.pygmo_c.christine.0.H2OAutoML] Memory Usage: 47.0%
[MONITORING] [local.openml_t_359973.pygmo_c.christine.0.H2OAutoML] Disk Usage: 43.2%
[MONITORING] [local.openml_t_359973.pygmo_c.christine.0.H2OAutoML] CPU Utilization: 94.1%
[MONITORING] [local.openml_t_359973.pygmo_c.christine.0.H2OAutoML] Memory Usage: 47.0%
[MONITORING] [local.openml_t_359973.pygmo_c.christine.0.H2OAutoML] Disk Usage: 43.2%
[MONITORING] [local.openml_t_359973.pygmo_c.christine.0.H2OAutoML] CPU Utilization: 83.4%
[MONITORING] [local.openml_t_359973.pygmo_c.christine.0.H2OAutoML] Memory Usage: 47.0%
[MONITORING] [local.openml_t_359973.pygmo_c.christine.0.H2OAutoML] Disk Usage: 43.2%
AutoML progress: |███████████████████████████████████████████████████████████████| (done) 100%
stackedensemble prediction progress: |███████████████████████████████████████████| (done) 100%
H2O session _sid_8da1 closed.



Predictions preview:
                       0                    1 predictions truth
0    0.8696173696648807   0.1303826303351193           0     0
1   0.40995893455440335   0.5900410654455966           1     0
2    0.7205075458819339  0.27949245411806606           0     0
3    0.8936587516338228  0.10634124836617714           0     0
4     0.746649231033184  0.25335076896681596           0     0
5     0.701866870744648  0.29813312925535196           0     0
6    0.5641919125573183   0.4358080874426817           1     0
7    0.7229832432970419   0.2770167567029581           0     0
8    0.6605230743343757   0.3394769256656242           0     0
9    0.9530750216561967  0.04692497834380325           0     0
10  0.41013984018437566   0.5898601598156243           1     0
11   0.8387585486831552   0.1612414513168448           0     0
12   0.7493691568267388  0.25063084317326123           0     0
13   0.5272655085692216   0.4727344914307784           1     0
14   0.5807766301782169  0.41922336982178304           1     0
15    0.641018489962248   0.3589815100377521           0     0
16   0.5163785428797225  0.48362145712027754           1     0
17   0.8979580512382219  0.10204194876177805           0     0
18  0.36236155138315707   0.6376384486168429           1     0
19   0.8537942347742746  0.14620576522572534           0     0

Predictions saved to `/home/juradoi/experiments/automlbenchmark/results/h2oautoml.openml_t_359973.pygmo_c.local.20211210T013419/predictions/christine/0/predictions.csv`.
Loading metadata from `/home/juradoi/experiments/automlbenchmark/results/h2oautoml.openml_t_359973.pygmo_c.local.20211210T013419/predictions/christine/0/metadata.json`.
Loading predictions from `/home/juradoi/experiments/automlbenchmark/results/h2oautoml.openml_t_359973.pygmo_c.local.20211210T013419/predictions/christine/0/predictions.csv`.
Metric scores: { 'acc': 0.7453874538745388,
  'app_version': 'dev [master, beef024]',
  'auc': 0.842336024836263,
  'balacc': 0.7453874538745386,
  'constraint': 'pygmo_c',
  'duration': nan,
  'fold': 0,
  'framework': 'H2OAutoML',
  'id': 'openml.org/t/359973',
  'info': None,
  'logloss': 0.49261099761822663,
  'metric': 'auc',
  'mode': 'local',
  'models_count': 83,
  'params': '',
  'predict_duration': 0.539484977722168,
  'result': 0.842336024836263,
  'seed': 747316526,
  'task': 'christine',
  'training_duration': 3602.3793449401855,
  'type': 'binary',
  'utc': '2021-12-10T02:34:33',
  'version': '3.34.0.3'}
Job `local.openml_t_359973.pygmo_c.christine.0.H2OAutoML` executed in 3613.771 seconds.
All jobs executed in 3613.783 seconds.
[MONITORING] [local.openml_t_359973.pygmo_c.christine.0.H2OAutoML] CPU Utilization: 50.9%
[MONITORING] [local.openml_t_359973.pygmo_c.christine.0.H2OAutoML] Memory Usage: 2.3%
[MONITORING] [local.openml_t_359973.pygmo_c.christine.0.H2OAutoML] Disk Usage: 43.2%
Processing results for h2oautoml.openml_t_359973.pygmo_c.local.20211210T013419
Scores saved to `/home/juradoi/experiments/automlbenchmark/results/h2oautoml.openml_t_359973.pygmo_c.local.20211210T013419/scores/H2OAutoML.benchmark_openml_t_359973.csv`.
Scores saved to `/home/juradoi/experiments/automlbenchmark/results/h2oautoml.openml_t_359973.pygmo_c.local.20211210T013419/scores/results.csv`.
Scores saved to `/home/juradoi/experiments/automlbenchmark/results/results.csv`.
Summing up scores for current run:
                 id      task fold framework constraint   result metric  duration      seed
openml.org/t/359973 christine    0 H2OAutoML    pygmo_c 0.842336    auc    3613.8 747316526
