/var/spool/slurm/slurmd/job8494055/slurm_script: line 8: activate: No such file or directory
Running benchmark `H2OAutoML` on `openml/t/359962` framework in `local` mode.
Loading frameworks definitions from ['/home/juradoi/experiments/automlbenchmark/resources/frameworks.yaml'].
Loading benchmark constraint definitions from ['/home/juradoi/experiments/automlbenchmark/resources/constraints.yaml'].
Loading openml task 359962.

-----------------------------------------------------------
Starting job local.openml_t_359962.pygmo_c.kc1.0.H2OAutoML.
Assigning 16 cores (total=16) for new task kc1.
Assigning 91218 MB (total=95302 MB) for new kc1 task.
[MONITORING] [local.openml_t_359962.pygmo_c.kc1.0.H2OAutoML] CPU Utilization: 18.9%
[MONITORING] [local.openml_t_359962.pygmo_c.kc1.0.H2OAutoML] Memory Usage: 2.1%
[MONITORING] [local.openml_t_359962.pygmo_c.kc1.0.H2OAutoML] Disk Usage: 43.2%
Running task kc1 on framework H2OAutoML with config:
TaskConfig({})
Running cmd `/home/juradoi/experiments/automlbenchmark/frameworks/H2OAutoML/venv/bin/python -W ignore /home/juradoi/experiments/automlbenchmark/frameworks/H2OAutoML/exec.py`
INFO:__main__:
**** H2O AutoML [v3.34.0.3] ****

INFO:__main__:Starting H2O cluster with 16 cores, 60812M memory.
Checking whether there is an H2O instance running at http://localhost:17276 ..... not found.
Attempting to start a local H2O server...
  Java Version: openjdk version "11.0.12" 2021-07-20; OpenJDK Runtime Environment (build 11.0.12+7-post-Debian-2deb10u1); OpenJDK 64-Bit Server VM (build 11.0.12+7-post-Debian-2deb10u1, mixed mode, sharing)
  Starting server from /home/juradoi/experiments/automlbenchmark/frameworks/H2OAutoML/venv/lib/python3.8/site-packages/h2o/backend/bin/h2o.jar
  Ice root: /tmp/tmplptibyea
  JVM stdout: /tmp/tmplptibyea/h2o_unknownUser_started_from_python.out
  JVM stderr: /tmp/tmplptibyea/h2o_unknownUser_started_from_python.err
  Server is running at http://127.0.0.1:17276
Connecting to H2O server at http://127.0.0.1:17276 ... successful.
--------------------------  ------------------------------------------------------------------
H2O_cluster_uptime:         01 secs
H2O_cluster_timezone:       Europe/Amsterdam
H2O_data_parsing_timezone:  UTC
H2O_cluster_version:        3.34.0.3
H2O_cluster_version_age:    2 months and 2 days
H2O_cluster_name:           H2O_from_python_unknownUser_nwyeb0
H2O_cluster_total_nodes:    1
H2O_cluster_free_memory:    59.39 Gb
H2O_cluster_total_cores:    16
H2O_cluster_allowed_cores:  16
H2O_cluster_status:         locked, healthy
H2O_connection_url:         http://127.0.0.1:17276
H2O_connection_proxy:       {"http": null, "https": null}
H2O_internal_security:      False
H2O_API_Extensions:         Amazon S3, XGBoost, Algos, AutoML, Core V3, TargetEncoder, Core V4
Python_version:             3.8.12 final
--------------------------  ------------------------------------------------------------------
Parse progress: |████████████████████████████████████████████████████████████████| (done) 100%
Parse progress: |████████████████████████████████████████████████████████████████| (done) 100%
INFO:__main__:Running model on task kc1, fold 0.
[MONITORING] [local.openml_t_359962.pygmo_c.kc1.0.H2OAutoML] CPU Utilization: 75.3%
[MONITORING] [local.openml_t_359962.pygmo_c.kc1.0.H2OAutoML] Memory Usage: 44.5%
[MONITORING] [local.openml_t_359962.pygmo_c.kc1.0.H2OAutoML] Disk Usage: 43.2%
[MONITORING] [local.openml_t_359962.pygmo_c.kc1.0.H2OAutoML] CPU Utilization: 98.3%
[MONITORING] [local.openml_t_359962.pygmo_c.kc1.0.H2OAutoML] Memory Usage: 44.5%
[MONITORING] [local.openml_t_359962.pygmo_c.kc1.0.H2OAutoML] Disk Usage: 43.2%
[MONITORING] [local.openml_t_359962.pygmo_c.kc1.0.H2OAutoML] CPU Utilization: 96.9%
[MONITORING] [local.openml_t_359962.pygmo_c.kc1.0.H2OAutoML] Memory Usage: 44.8%
[MONITORING] [local.openml_t_359962.pygmo_c.kc1.0.H2OAutoML] Disk Usage: 43.2%
[MONITORING] [local.openml_t_359962.pygmo_c.kc1.0.H2OAutoML] CPU Utilization: 97.8%
[MONITORING] [local.openml_t_359962.pygmo_c.kc1.0.H2OAutoML] Memory Usage: 44.8%
[MONITORING] [local.openml_t_359962.pygmo_c.kc1.0.H2OAutoML] Disk Usage: 43.2%
[MONITORING] [local.openml_t_359962.pygmo_c.kc1.0.H2OAutoML] CPU Utilization: 98.3%
[MONITORING] [local.openml_t_359962.pygmo_c.kc1.0.H2OAutoML] Memory Usage: 44.9%
[MONITORING] [local.openml_t_359962.pygmo_c.kc1.0.H2OAutoML] Disk Usage: 43.2%
[MONITORING] [local.openml_t_359962.pygmo_c.kc1.0.H2OAutoML] CPU Utilization: 97.4%
[MONITORING] [local.openml_t_359962.pygmo_c.kc1.0.H2OAutoML] Memory Usage: 45.0%
[MONITORING] [local.openml_t_359962.pygmo_c.kc1.0.H2OAutoML] Disk Usage: 43.2%
[MONITORING] [local.openml_t_359962.pygmo_c.kc1.0.H2OAutoML] CPU Utilization: 98.3%
[MONITORING] [local.openml_t_359962.pygmo_c.kc1.0.H2OAutoML] Memory Usage: 45.0%
[MONITORING] [local.openml_t_359962.pygmo_c.kc1.0.H2OAutoML] Disk Usage: 43.2%
[MONITORING] [local.openml_t_359962.pygmo_c.kc1.0.H2OAutoML] CPU Utilization: 98.3%
[MONITORING] [local.openml_t_359962.pygmo_c.kc1.0.H2OAutoML] Memory Usage: 45.0%
[MONITORING] [local.openml_t_359962.pygmo_c.kc1.0.H2OAutoML] Disk Usage: 43.2%
[MONITORING] [local.openml_t_359962.pygmo_c.kc1.0.H2OAutoML] CPU Utilization: 98.8%
[MONITORING] [local.openml_t_359962.pygmo_c.kc1.0.H2OAutoML] Memory Usage: 45.0%
[MONITORING] [local.openml_t_359962.pygmo_c.kc1.0.H2OAutoML] Disk Usage: 43.2%
[MONITORING] [local.openml_t_359962.pygmo_c.kc1.0.H2OAutoML] CPU Utilization: 97.7%
[MONITORING] [local.openml_t_359962.pygmo_c.kc1.0.H2OAutoML] Memory Usage: 45.0%
[MONITORING] [local.openml_t_359962.pygmo_c.kc1.0.H2OAutoML] Disk Usage: 43.2%
[MONITORING] [local.openml_t_359962.pygmo_c.kc1.0.H2OAutoML] CPU Utilization: 98.5%
[MONITORING] [local.openml_t_359962.pygmo_c.kc1.0.H2OAutoML] Memory Usage: 45.0%
[MONITORING] [local.openml_t_359962.pygmo_c.kc1.0.H2OAutoML] Disk Usage: 43.2%
[MONITORING] [local.openml_t_359962.pygmo_c.kc1.0.H2OAutoML] CPU Utilization: 98.4%
[MONITORING] [local.openml_t_359962.pygmo_c.kc1.0.H2OAutoML] Memory Usage: 45.0%
[MONITORING] [local.openml_t_359962.pygmo_c.kc1.0.H2OAutoML] Disk Usage: 43.2%
[MONITORING] [local.openml_t_359962.pygmo_c.kc1.0.H2OAutoML] CPU Utilization: 98.3%
[MONITORING] [local.openml_t_359962.pygmo_c.kc1.0.H2OAutoML] Memory Usage: 45.8%
[MONITORING] [local.openml_t_359962.pygmo_c.kc1.0.H2OAutoML] Disk Usage: 43.2%
[MONITORING] [local.openml_t_359962.pygmo_c.kc1.0.H2OAutoML] CPU Utilization: 97.8%
[MONITORING] [local.openml_t_359962.pygmo_c.kc1.0.H2OAutoML] Memory Usage: 45.8%
[MONITORING] [local.openml_t_359962.pygmo_c.kc1.0.H2OAutoML] Disk Usage: 43.2%
[MONITORING] [local.openml_t_359962.pygmo_c.kc1.0.H2OAutoML] CPU Utilization: 98.8%
[MONITORING] [local.openml_t_359962.pygmo_c.kc1.0.H2OAutoML] Memory Usage: 45.8%
[MONITORING] [local.openml_t_359962.pygmo_c.kc1.0.H2OAutoML] Disk Usage: 43.2%
[MONITORING] [local.openml_t_359962.pygmo_c.kc1.0.H2OAutoML] CPU Utilization: 98.5%
[MONITORING] [local.openml_t_359962.pygmo_c.kc1.0.H2OAutoML] Memory Usage: 45.8%
[MONITORING] [local.openml_t_359962.pygmo_c.kc1.0.H2OAutoML] Disk Usage: 43.2%
[MONITORING] [local.openml_t_359962.pygmo_c.kc1.0.H2OAutoML] CPU Utilization: 98.9%
[MONITORING] [local.openml_t_359962.pygmo_c.kc1.0.H2OAutoML] Memory Usage: 45.9%
[MONITORING] [local.openml_t_359962.pygmo_c.kc1.0.H2OAutoML] Disk Usage: 43.2%
[MONITORING] [local.openml_t_359962.pygmo_c.kc1.0.H2OAutoML] CPU Utilization: 97.5%
[MONITORING] [local.openml_t_359962.pygmo_c.kc1.0.H2OAutoML] Memory Usage: 45.9%
[MONITORING] [local.openml_t_359962.pygmo_c.kc1.0.H2OAutoML] Disk Usage: 43.2%
[MONITORING] [local.openml_t_359962.pygmo_c.kc1.0.H2OAutoML] CPU Utilization: 98.4%
[MONITORING] [local.openml_t_359962.pygmo_c.kc1.0.H2OAutoML] Memory Usage: 45.9%
[MONITORING] [local.openml_t_359962.pygmo_c.kc1.0.H2OAutoML] Disk Usage: 43.2%
[MONITORING] [local.openml_t_359962.pygmo_c.kc1.0.H2OAutoML] CPU Utilization: 98.2%
[MONITORING] [local.openml_t_359962.pygmo_c.kc1.0.H2OAutoML] Memory Usage: 45.9%
[MONITORING] [local.openml_t_359962.pygmo_c.kc1.0.H2OAutoML] Disk Usage: 43.2%
[MONITORING] [local.openml_t_359962.pygmo_c.kc1.0.H2OAutoML] CPU Utilization: 96.3%
[MONITORING] [local.openml_t_359962.pygmo_c.kc1.0.H2OAutoML] Memory Usage: 45.9%
[MONITORING] [local.openml_t_359962.pygmo_c.kc1.0.H2OAutoML] Disk Usage: 43.2%
[MONITORING] [local.openml_t_359962.pygmo_c.kc1.0.H2OAutoML] CPU Utilization: 99.3%
[MONITORING] [local.openml_t_359962.pygmo_c.kc1.0.H2OAutoML] Memory Usage: 46.0%
[MONITORING] [local.openml_t_359962.pygmo_c.kc1.0.H2OAutoML] Disk Usage: 43.2%
[MONITORING] [local.openml_t_359962.pygmo_c.kc1.0.H2OAutoML] CPU Utilization: 96.8%
[MONITORING] [local.openml_t_359962.pygmo_c.kc1.0.H2OAutoML] Memory Usage: 46.0%
[MONITORING] [local.openml_t_359962.pygmo_c.kc1.0.H2OAutoML] Disk Usage: 43.2%
[MONITORING] [local.openml_t_359962.pygmo_c.kc1.0.H2OAutoML] CPU Utilization: 96.6%
[MONITORING] [local.openml_t_359962.pygmo_c.kc1.0.H2OAutoML] Memory Usage: 46.0%
[MONITORING] [local.openml_t_359962.pygmo_c.kc1.0.H2OAutoML] Disk Usage: 43.2%
[MONITORING] [local.openml_t_359962.pygmo_c.kc1.0.H2OAutoML] CPU Utilization: 97.7%
[MONITORING] [local.openml_t_359962.pygmo_c.kc1.0.H2OAutoML] Memory Usage: 46.0%
[MONITORING] [local.openml_t_359962.pygmo_c.kc1.0.H2OAutoML] Disk Usage: 43.2%
[MONITORING] [local.openml_t_359962.pygmo_c.kc1.0.H2OAutoML] CPU Utilization: 98.7%
[MONITORING] [local.openml_t_359962.pygmo_c.kc1.0.H2OAutoML] Memory Usage: 46.0%
[MONITORING] [local.openml_t_359962.pygmo_c.kc1.0.H2OAutoML] Disk Usage: 43.2%
[MONITORING] [local.openml_t_359962.pygmo_c.kc1.0.H2OAutoML] CPU Utilization: 98.7%
[MONITORING] [local.openml_t_359962.pygmo_c.kc1.0.H2OAutoML] Memory Usage: 46.0%
[MONITORING] [local.openml_t_359962.pygmo_c.kc1.0.H2OAutoML] Disk Usage: 43.2%
[MONITORING] [local.openml_t_359962.pygmo_c.kc1.0.H2OAutoML] CPU Utilization: 97.6%
[MONITORING] [local.openml_t_359962.pygmo_c.kc1.0.H2OAutoML] Memory Usage: 46.0%
[MONITORING] [local.openml_t_359962.pygmo_c.kc1.0.H2OAutoML] Disk Usage: 43.2%
[MONITORING] [local.openml_t_359962.pygmo_c.kc1.0.H2OAutoML] CPU Utilization: 64.6%
[MONITORING] [local.openml_t_359962.pygmo_c.kc1.0.H2OAutoML] Memory Usage: 46.3%
[MONITORING] [local.openml_t_359962.pygmo_c.kc1.0.H2OAutoML] Disk Usage: 43.2%
AutoML progress: |███████████████████████████████████████████████████████████████| (done) 100%
gbm prediction progress: |███████████████████████████████████████████████████████| (done) 100%
H2O session _sid_910e closed.



Predictions preview:
                  False                  True predictions  truth
0   0.9753683913588137  0.024631608641186305       False  False
1   0.9761955903744391  0.023804409625560848       False  False
2   0.9753683913588137  0.024631608641186305       False  False
3   0.9685111447505602   0.03148885524943978       False  False
4   0.7646029653893159   0.23539703461068404       False  False
5   0.9753683913588137  0.024631608641186305       False  False
6   0.9647218442803537   0.03527815571964634       False  False
7   0.9203656991009386   0.07963430089906143       False  False
8    0.906233466267439   0.09376653373256101       False  False
9   0.9753683913588137  0.024631608641186305       False  False
10  0.7718491082082911    0.2281508917917089       False  False
11  0.9010262212905273   0.09897377870947266       False  False
12  0.9114881595595775   0.08851184044042251       False  False
13   0.964226893140458   0.03577310685954204       False  False
14  0.9753683913588137  0.024631608641186305       False  False
15  0.9647218442803537   0.03527815571964634       False  False
16  0.9753683913588137  0.024631608641186305       False  False
17  0.9761955903744391  0.023804409625560848       False  False
18  0.8636913579919935   0.13630864200800655       False  False
19   0.973004541139345  0.026995458860655006       False  False

Predictions saved to `/home/juradoi/experiments/automlbenchmark/results/h2oautoml.openml_t_359962.pygmo_c.local.20211209T222853/predictions/kc1/0/predictions.csv`.
Loading metadata from `/home/juradoi/experiments/automlbenchmark/results/h2oautoml.openml_t_359962.pygmo_c.local.20211209T222853/predictions/kc1/0/metadata.json`.
Loading predictions from `/home/juradoi/experiments/automlbenchmark/results/h2oautoml.openml_t_359962.pygmo_c.local.20211209T222853/predictions/kc1/0/predictions.csv`.
Metric scores: { 'acc': 0.8530805687203792,
  'app_version': 'dev [master, beef024]',
  'auc': 0.8406948324022346,
  'balacc': 0.6824371508379888,
  'constraint': 'pygmo_c',
  'duration': nan,
  'fold': 0,
  'framework': 'H2OAutoML',
  'id': 'openml.org/t/359962',
  'info': None,
  'logloss': 0.3152976961217799,
  'metric': 'auc',
  'mode': 'local',
  'models_count': 304,
  'params': '',
  'predict_duration': 0.10558414459228516,
  'result': 0.8406948324022346,
  'seed': 1639995066,
  'task': 'kc1',
  'training_duration': 3525.586280107498,
  'type': 'binary',
  'utc': '2021-12-09T23:27:48',
  'version': '3.34.0.3'}
Job `local.openml_t_359962.pygmo_c.kc1.0.H2OAutoML` executed in 3534.826 seconds.
All jobs executed in 3534.833 seconds.
[MONITORING] [local.openml_t_359962.pygmo_c.kc1.0.H2OAutoML] CPU Utilization: 70.9%
[MONITORING] [local.openml_t_359962.pygmo_c.kc1.0.H2OAutoML] Memory Usage: 2.2%
[MONITORING] [local.openml_t_359962.pygmo_c.kc1.0.H2OAutoML] Disk Usage: 43.2%
Processing results for h2oautoml.openml_t_359962.pygmo_c.local.20211209T222853
Scores saved to `/home/juradoi/experiments/automlbenchmark/results/h2oautoml.openml_t_359962.pygmo_c.local.20211209T222853/scores/H2OAutoML.benchmark_openml_t_359962.csv`.
Scores saved to `/home/juradoi/experiments/automlbenchmark/results/h2oautoml.openml_t_359962.pygmo_c.local.20211209T222853/scores/results.csv`.
Scores saved to `/home/juradoi/experiments/automlbenchmark/results/results.csv`.
Summing up scores for current run:
                 id task fold framework constraint   result metric  duration       seed
openml.org/t/359962  kc1    0 H2OAutoML    pygmo_c 0.840695    auc    3534.8 1639995066
