/var/spool/slurm/slurmd/job8493031/slurm_script: line 8: activate: No such file or directory
Running benchmark `H2OAutoML` on `openml/t/146818` framework in `local` mode.
Loading frameworks definitions from ['/home/juradoi/experiments/automlbenchmark/resources/frameworks.yaml'].
Loading benchmark constraint definitions from ['/home/juradoi/experiments/automlbenchmark/resources/constraints.yaml'].
Loading openml task 146818.

------------------------------------------------------------------
Starting job local.openml_t_146818.pygmo_c.Australian.0.H2OAutoML.
Assigning 16 cores (total=16) for new task Australian.
Assigning 91623 MB (total=95302 MB) for new Australian task.
[MONITORING] [local.openml_t_146818.pygmo_c.Australian.0.H2OAutoML] CPU Utilization: 20.9%
[MONITORING] [local.openml_t_146818.pygmo_c.Australian.0.H2OAutoML] Memory Usage: 1.7%
[MONITORING] [local.openml_t_146818.pygmo_c.Australian.0.H2OAutoML] Disk Usage: 43.2%
Running task Australian on framework H2OAutoML with config:
TaskConfig({})
Running cmd `/home/juradoi/experiments/automlbenchmark/frameworks/H2OAutoML/venv/bin/python -W ignore /home/juradoi/experiments/automlbenchmark/frameworks/H2OAutoML/exec.py`
INFO:__main__:
**** H2O AutoML [v3.34.0.3] ****

INFO:__main__:Starting H2O cluster with 16 cores, 61082M memory.
Checking whether there is an H2O instance running at http://localhost:6460 ..... not found.
Attempting to start a local H2O server...
  Java Version: openjdk version "11.0.12" 2021-07-20; OpenJDK Runtime Environment (build 11.0.12+7-post-Debian-2deb10u1); OpenJDK 64-Bit Server VM (build 11.0.12+7-post-Debian-2deb10u1, mixed mode, sharing)
  Starting server from /home/juradoi/experiments/automlbenchmark/frameworks/H2OAutoML/venv/lib/python3.8/site-packages/h2o/backend/bin/h2o.jar
  Ice root: /tmp/tmpxrfbk72f
  JVM stdout: /tmp/tmpxrfbk72f/h2o_unknownUser_started_from_python.out
  JVM stderr: /tmp/tmpxrfbk72f/h2o_unknownUser_started_from_python.err
  Server is running at http://127.0.0.1:6460
Connecting to H2O server at http://127.0.0.1:6460 ... successful.
--------------------------  ------------------------------------------------------------------
H2O_cluster_uptime:         01 secs
H2O_cluster_timezone:       Europe/Amsterdam
H2O_data_parsing_timezone:  UTC
H2O_cluster_version:        3.34.0.3
H2O_cluster_version_age:    2 months and 2 days
H2O_cluster_name:           H2O_from_python_unknownUser_ajzf3p
H2O_cluster_total_nodes:    1
H2O_cluster_free_memory:    59.66 Gb
H2O_cluster_total_cores:    16
H2O_cluster_allowed_cores:  16
H2O_cluster_status:         locked, healthy
H2O_connection_url:         http://127.0.0.1:6460
H2O_connection_proxy:       {"http": null, "https": null}
H2O_internal_security:      False
H2O_API_Extensions:         Amazon S3, XGBoost, Algos, AutoML, Core V3, TargetEncoder, Core V4
Python_version:             3.8.12 final
--------------------------  ------------------------------------------------------------------
Parse progress: |████████████████████████████████████████████████████████████████| (done) 100%
Parse progress: |████████████████████████████████████████████████████████████████| (done) 100%
INFO:__main__:Running model on task Australian, fold 0.
[MONITORING] [local.openml_t_146818.pygmo_c.Australian.0.H2OAutoML] CPU Utilization: 74.2%
[MONITORING] [local.openml_t_146818.pygmo_c.Australian.0.H2OAutoML] Memory Usage: 22.1%
[MONITORING] [local.openml_t_146818.pygmo_c.Australian.0.H2OAutoML] Disk Usage: 43.2%
[MONITORING] [local.openml_t_146818.pygmo_c.Australian.0.H2OAutoML] CPU Utilization: 97.1%
[MONITORING] [local.openml_t_146818.pygmo_c.Australian.0.H2OAutoML] Memory Usage: 26.2%
[MONITORING] [local.openml_t_146818.pygmo_c.Australian.0.H2OAutoML] Disk Usage: 43.2%
[MONITORING] [local.openml_t_146818.pygmo_c.Australian.0.H2OAutoML] CPU Utilization: 97.3%
[MONITORING] [local.openml_t_146818.pygmo_c.Australian.0.H2OAutoML] Memory Usage: 28.7%
[MONITORING] [local.openml_t_146818.pygmo_c.Australian.0.H2OAutoML] Disk Usage: 43.2%
[MONITORING] [local.openml_t_146818.pygmo_c.Australian.0.H2OAutoML] CPU Utilization: 97.3%
[MONITORING] [local.openml_t_146818.pygmo_c.Australian.0.H2OAutoML] Memory Usage: 29.3%
[MONITORING] [local.openml_t_146818.pygmo_c.Australian.0.H2OAutoML] Disk Usage: 43.2%
[MONITORING] [local.openml_t_146818.pygmo_c.Australian.0.H2OAutoML] CPU Utilization: 97.4%
[MONITORING] [local.openml_t_146818.pygmo_c.Australian.0.H2OAutoML] Memory Usage: 44.0%
[MONITORING] [local.openml_t_146818.pygmo_c.Australian.0.H2OAutoML] Disk Usage: 43.2%
[MONITORING] [local.openml_t_146818.pygmo_c.Australian.0.H2OAutoML] CPU Utilization: 97.4%
[MONITORING] [local.openml_t_146818.pygmo_c.Australian.0.H2OAutoML] Memory Usage: 44.2%
[MONITORING] [local.openml_t_146818.pygmo_c.Australian.0.H2OAutoML] Disk Usage: 43.2%
[MONITORING] [local.openml_t_146818.pygmo_c.Australian.0.H2OAutoML] CPU Utilization: 97.4%
[MONITORING] [local.openml_t_146818.pygmo_c.Australian.0.H2OAutoML] Memory Usage: 44.2%
[MONITORING] [local.openml_t_146818.pygmo_c.Australian.0.H2OAutoML] Disk Usage: 43.2%
[MONITORING] [local.openml_t_146818.pygmo_c.Australian.0.H2OAutoML] CPU Utilization: 97.5%
[MONITORING] [local.openml_t_146818.pygmo_c.Australian.0.H2OAutoML] Memory Usage: 44.2%
[MONITORING] [local.openml_t_146818.pygmo_c.Australian.0.H2OAutoML] Disk Usage: 43.2%
[MONITORING] [local.openml_t_146818.pygmo_c.Australian.0.H2OAutoML] CPU Utilization: 97.3%
[MONITORING] [local.openml_t_146818.pygmo_c.Australian.0.H2OAutoML] Memory Usage: 44.2%
[MONITORING] [local.openml_t_146818.pygmo_c.Australian.0.H2OAutoML] Disk Usage: 43.2%
[MONITORING] [local.openml_t_146818.pygmo_c.Australian.0.H2OAutoML] CPU Utilization: 96.0%
[MONITORING] [local.openml_t_146818.pygmo_c.Australian.0.H2OAutoML] Memory Usage: 44.2%
[MONITORING] [local.openml_t_146818.pygmo_c.Australian.0.H2OAutoML] Disk Usage: 43.2%
[MONITORING] [local.openml_t_146818.pygmo_c.Australian.0.H2OAutoML] CPU Utilization: 98.2%
[MONITORING] [local.openml_t_146818.pygmo_c.Australian.0.H2OAutoML] Memory Usage: 44.2%
[MONITORING] [local.openml_t_146818.pygmo_c.Australian.0.H2OAutoML] Disk Usage: 43.2%
[MONITORING] [local.openml_t_146818.pygmo_c.Australian.0.H2OAutoML] CPU Utilization: 97.6%
[MONITORING] [local.openml_t_146818.pygmo_c.Australian.0.H2OAutoML] Memory Usage: 44.2%
[MONITORING] [local.openml_t_146818.pygmo_c.Australian.0.H2OAutoML] Disk Usage: 43.2%
[MONITORING] [local.openml_t_146818.pygmo_c.Australian.0.H2OAutoML] CPU Utilization: 97.1%
[MONITORING] [local.openml_t_146818.pygmo_c.Australian.0.H2OAutoML] Memory Usage: 44.2%
[MONITORING] [local.openml_t_146818.pygmo_c.Australian.0.H2OAutoML] Disk Usage: 43.2%
[MONITORING] [local.openml_t_146818.pygmo_c.Australian.0.H2OAutoML] CPU Utilization: 97.1%
[MONITORING] [local.openml_t_146818.pygmo_c.Australian.0.H2OAutoML] Memory Usage: 44.2%
[MONITORING] [local.openml_t_146818.pygmo_c.Australian.0.H2OAutoML] Disk Usage: 43.2%
[MONITORING] [local.openml_t_146818.pygmo_c.Australian.0.H2OAutoML] CPU Utilization: 96.8%
[MONITORING] [local.openml_t_146818.pygmo_c.Australian.0.H2OAutoML] Memory Usage: 44.2%
[MONITORING] [local.openml_t_146818.pygmo_c.Australian.0.H2OAutoML] Disk Usage: 43.2%
[MONITORING] [local.openml_t_146818.pygmo_c.Australian.0.H2OAutoML] CPU Utilization: 95.1%
[MONITORING] [local.openml_t_146818.pygmo_c.Australian.0.H2OAutoML] Memory Usage: 44.2%
[MONITORING] [local.openml_t_146818.pygmo_c.Australian.0.H2OAutoML] Disk Usage: 43.2%
[MONITORING] [local.openml_t_146818.pygmo_c.Australian.0.H2OAutoML] CPU Utilization: 97.1%
[MONITORING] [local.openml_t_146818.pygmo_c.Australian.0.H2OAutoML] Memory Usage: 44.2%
[MONITORING] [local.openml_t_146818.pygmo_c.Australian.0.H2OAutoML] Disk Usage: 43.2%
[MONITORING] [local.openml_t_146818.pygmo_c.Australian.0.H2OAutoML] CPU Utilization: 97.5%
[MONITORING] [local.openml_t_146818.pygmo_c.Australian.0.H2OAutoML] Memory Usage: 44.2%
[MONITORING] [local.openml_t_146818.pygmo_c.Australian.0.H2OAutoML] Disk Usage: 43.2%
[MONITORING] [local.openml_t_146818.pygmo_c.Australian.0.H2OAutoML] CPU Utilization: 97.3%
[MONITORING] [local.openml_t_146818.pygmo_c.Australian.0.H2OAutoML] Memory Usage: 44.2%
[MONITORING] [local.openml_t_146818.pygmo_c.Australian.0.H2OAutoML] Disk Usage: 43.2%
[MONITORING] [local.openml_t_146818.pygmo_c.Australian.0.H2OAutoML] CPU Utilization: 97.5%
[MONITORING] [local.openml_t_146818.pygmo_c.Australian.0.H2OAutoML] Memory Usage: 44.2%
[MONITORING] [local.openml_t_146818.pygmo_c.Australian.0.H2OAutoML] Disk Usage: 43.2%
[MONITORING] [local.openml_t_146818.pygmo_c.Australian.0.H2OAutoML] CPU Utilization: 97.0%
[MONITORING] [local.openml_t_146818.pygmo_c.Australian.0.H2OAutoML] Memory Usage: 44.2%
[MONITORING] [local.openml_t_146818.pygmo_c.Australian.0.H2OAutoML] Disk Usage: 43.2%
[MONITORING] [local.openml_t_146818.pygmo_c.Australian.0.H2OAutoML] CPU Utilization: 96.7%
[MONITORING] [local.openml_t_146818.pygmo_c.Australian.0.H2OAutoML] Memory Usage: 44.2%
[MONITORING] [local.openml_t_146818.pygmo_c.Australian.0.H2OAutoML] Disk Usage: 43.2%
[MONITORING] [local.openml_t_146818.pygmo_c.Australian.0.H2OAutoML] CPU Utilization: 97.7%
[MONITORING] [local.openml_t_146818.pygmo_c.Australian.0.H2OAutoML] Memory Usage: 44.3%
[MONITORING] [local.openml_t_146818.pygmo_c.Australian.0.H2OAutoML] Disk Usage: 43.2%
[MONITORING] [local.openml_t_146818.pygmo_c.Australian.0.H2OAutoML] CPU Utilization: 97.3%
[MONITORING] [local.openml_t_146818.pygmo_c.Australian.0.H2OAutoML] Memory Usage: 44.3%
[MONITORING] [local.openml_t_146818.pygmo_c.Australian.0.H2OAutoML] Disk Usage: 43.2%
[MONITORING] [local.openml_t_146818.pygmo_c.Australian.0.H2OAutoML] CPU Utilization: 97.3%
[MONITORING] [local.openml_t_146818.pygmo_c.Australian.0.H2OAutoML] Memory Usage: 44.3%
[MONITORING] [local.openml_t_146818.pygmo_c.Australian.0.H2OAutoML] Disk Usage: 43.2%
[MONITORING] [local.openml_t_146818.pygmo_c.Australian.0.H2OAutoML] CPU Utilization: 97.7%
[MONITORING] [local.openml_t_146818.pygmo_c.Australian.0.H2OAutoML] Memory Usage: 44.3%
[MONITORING] [local.openml_t_146818.pygmo_c.Australian.0.H2OAutoML] Disk Usage: 43.2%
[MONITORING] [local.openml_t_146818.pygmo_c.Australian.0.H2OAutoML] CPU Utilization: 97.8%
[MONITORING] [local.openml_t_146818.pygmo_c.Australian.0.H2OAutoML] Memory Usage: 44.3%
[MONITORING] [local.openml_t_146818.pygmo_c.Australian.0.H2OAutoML] Disk Usage: 43.2%
[MONITORING] [local.openml_t_146818.pygmo_c.Australian.0.H2OAutoML] CPU Utilization: 44.9%
[MONITORING] [local.openml_t_146818.pygmo_c.Australian.0.H2OAutoML] Memory Usage: 44.5%
[MONITORING] [local.openml_t_146818.pygmo_c.Australian.0.H2OAutoML] Disk Usage: 43.2%
[MONITORING] [local.openml_t_146818.pygmo_c.Australian.0.H2OAutoML] CPU Utilization: 48.6%
[MONITORING] [local.openml_t_146818.pygmo_c.Australian.0.H2OAutoML] Memory Usage: 46.8%
[MONITORING] [local.openml_t_146818.pygmo_c.Australian.0.H2OAutoML] Disk Usage: 43.2%
AutoML progress: |███████████████████████████████████████████████████████████████| (done) 100%
stackedensemble prediction progress: |███████████████████████████████████████████| (done) 100%
H2O session _sid_b8cf closed.



Predictions preview:
                         0                    1 predictions truth
0     0.02712493185955811   0.9728750681404419           1     1
1    0.023471677998594953    0.976528322001405           1     1
2    0.008483522657368847   0.9915164773426312           1     1
3    0.012686178342072307   0.9873138216579277           1     1
4     0.34422847438642856   0.6557715256135714           1     1
5      0.1413002524506528   0.8586997475493472           1     1
6    0.012537839865009004    0.987462160134991           1     1
7    0.055620948888862265   0.9443790511111377           1     1
8     0.10259201508853832   0.8974079849114617           1     1
9    0.047840050252400346   0.9521599497475997           1     1
10    0.07407252399300424   0.9259274760069958           1     1
11    0.02110246082512901    0.978897539174871           1     1
12    0.03556765263462336   0.9644323473653766           1     1
13     0.4910031918325094   0.5089968081674906           1     1
14   0.027632450974235057   0.9723675490257649           1     1
15   0.010675384455377968    0.989324615544622           1     1
16  0.0033729784782853267   0.9966270215217147           1     1
17   0.013385195270696149   0.9866148047293039           1     1
18    0.07456109761810015   0.9254389023818999           1     1
19     0.9782764096782234  0.02172359032177661           0     1

Predictions saved to `/home/juradoi/experiments/automlbenchmark/results/h2oautoml.openml_t_146818.pygmo_c.local.20211209T183423/predictions/Australian/0/predictions.csv`.
Loading metadata from `/home/juradoi/experiments/automlbenchmark/results/h2oautoml.openml_t_146818.pygmo_c.local.20211209T183423/predictions/Australian/0/metadata.json`.
Loading predictions from `/home/juradoi/experiments/automlbenchmark/results/h2oautoml.openml_t_146818.pygmo_c.local.20211209T183423/predictions/Australian/0/predictions.csv`.
Metric scores: { 'acc': 0.8840579710144928,
  'app_version': 'dev [master, beef024]',
  'auc': 0.9507640067911716,
  'balacc': 0.8887945670628183,
  'constraint': 'pygmo_c',
  'duration': nan,
  'fold': 0,
  'framework': 'H2OAutoML',
  'id': 'openml.org/t/146818',
  'info': None,
  'logloss': 0.2753488998422974,
  'metric': 'auc',
  'mode': 'local',
  'models_count': 582,
  'params': '',
  'predict_duration': 0.10634040832519531,
  'result': 0.9507640067911716,
  'seed': 1592838944,
  'task': 'Australian',
  'training_duration': 3488.7209413051605,
  'type': 'binary',
  'utc': '2021-12-09T19:32:43',
  'version': '3.34.0.3'}
Job `local.openml_t_146818.pygmo_c.Australian.0.H2OAutoML` executed in 3499.016 seconds.
All jobs executed in 3499.520 seconds.
[MONITORING] [local.openml_t_146818.pygmo_c.Australian.0.H2OAutoML] CPU Utilization: 29.8%
[MONITORING] [local.openml_t_146818.pygmo_c.Australian.0.H2OAutoML] Memory Usage: 1.7%
[MONITORING] [local.openml_t_146818.pygmo_c.Australian.0.H2OAutoML] Disk Usage: 43.2%
Processing results for h2oautoml.openml_t_146818.pygmo_c.local.20211209T183423
Scores saved to `/home/juradoi/experiments/automlbenchmark/results/h2oautoml.openml_t_146818.pygmo_c.local.20211209T183423/scores/H2OAutoML.benchmark_openml_t_146818.csv`.
Scores saved to `/home/juradoi/experiments/automlbenchmark/results/h2oautoml.openml_t_146818.pygmo_c.local.20211209T183423/scores/results.csv`.
Scores saved to `/home/juradoi/experiments/automlbenchmark/results/results.csv`.
Summing up scores for current run:
                 id       task fold framework constraint   result metric  duration       seed
openml.org/t/146818 Australian    0 H2OAutoML    pygmo_c 0.950764    auc    3499.0 1592838944
