/var/spool/slurm/slurmd/job8492998/slurm_script: line 8: activate: No such file or directory
Running benchmark `H2OAutoML` on `openml/t/10090` framework in `local` mode.
Loading frameworks definitions from ['/home/juradoi/experiments/automlbenchmark/resources/frameworks.yaml'].
Loading benchmark constraint definitions from ['/home/juradoi/experiments/automlbenchmark/resources/constraints.yaml'].
Loading openml task 10090.

------------------------------------------------------------------------------
Starting job local.openml_t_10090.pygmo_c.amazon-commerce-reviews.0.H2OAutoML.
Assigning 16 cores (total=16) for new task amazon-commerce-reviews.
Assigning 91174 MB (total=95302 MB) for new amazon-commerce-reviews task.
[MONITORING] [local.openml_t_10090.pygmo_c.amazon-commerce-reviews.0.H2OAutoML] CPU Utilization: 14.1%
[MONITORING] [local.openml_t_10090.pygmo_c.amazon-commerce-reviews.0.H2OAutoML] Memory Usage: 2.2%
[MONITORING] [local.openml_t_10090.pygmo_c.amazon-commerce-reviews.0.H2OAutoML] Disk Usage: 43.2%
Running task amazon-commerce-reviews on framework H2OAutoML with config:
TaskConfig({})
Running cmd `/home/juradoi/experiments/automlbenchmark/frameworks/H2OAutoML/venv/bin/python -W ignore /home/juradoi/experiments/automlbenchmark/frameworks/H2OAutoML/exec.py`
INFO:__main__:
**** H2O AutoML [v3.34.0.3] ****

INFO:__main__:Starting H2O cluster with 16 cores, 60783M memory.
Checking whether there is an H2O instance running at http://localhost:6774 ..... not found.
Attempting to start a local H2O server...
  Java Version: openjdk version "11.0.12" 2021-07-20; OpenJDK Runtime Environment (build 11.0.12+7-post-Debian-2deb10u1); OpenJDK 64-Bit Server VM (build 11.0.12+7-post-Debian-2deb10u1, mixed mode, sharing)
  Starting server from /home/juradoi/experiments/automlbenchmark/frameworks/H2OAutoML/venv/lib/python3.8/site-packages/h2o/backend/bin/h2o.jar
  Ice root: /tmp/tmpojuednxy
  JVM stdout: /tmp/tmpojuednxy/h2o_unknownUser_started_from_python.out
  JVM stderr: /tmp/tmpojuednxy/h2o_unknownUser_started_from_python.err
  Server is running at http://127.0.0.1:6774
Connecting to H2O server at http://127.0.0.1:6774 ... successful.
--------------------------  ------------------------------------------------------------------
H2O_cluster_uptime:         01 secs
H2O_cluster_timezone:       Europe/Amsterdam
H2O_data_parsing_timezone:  UTC
H2O_cluster_version:        3.34.0.3
H2O_cluster_version_age:    2 months and 2 days
H2O_cluster_name:           H2O_from_python_unknownUser_oj2jej
H2O_cluster_total_nodes:    1
H2O_cluster_free_memory:    59.36 Gb
H2O_cluster_total_cores:    16
H2O_cluster_allowed_cores:  16
H2O_cluster_status:         locked, healthy
H2O_connection_url:         http://127.0.0.1:6774
H2O_connection_proxy:       {"http": null, "https": null}
H2O_internal_security:      False
H2O_API_Extensions:         Amazon S3, XGBoost, Algos, AutoML, Core V3, TargetEncoder, Core V4
Python_version:             3.8.12 final
--------------------------  ------------------------------------------------------------------
Parse progress: |████████████████████████████████████████████████████████████████| (done) 100%
Parse progress: |████████████████████████████████████████████████████████████████| (done) 100%
INFO:__main__:Running model on task amazon-commerce-reviews, fold 0.
[MONITORING] [local.openml_t_10090.pygmo_c.amazon-commerce-reviews.0.H2OAutoML] CPU Utilization: 65.2%
[MONITORING] [local.openml_t_10090.pygmo_c.amazon-commerce-reviews.0.H2OAutoML] Memory Usage: 15.2%
[MONITORING] [local.openml_t_10090.pygmo_c.amazon-commerce-reviews.0.H2OAutoML] Disk Usage: 43.2%
[MONITORING] [local.openml_t_10090.pygmo_c.amazon-commerce-reviews.0.H2OAutoML] CPU Utilization: 60.7%
[MONITORING] [local.openml_t_10090.pygmo_c.amazon-commerce-reviews.0.H2OAutoML] Memory Usage: 46.3%
[MONITORING] [local.openml_t_10090.pygmo_c.amazon-commerce-reviews.0.H2OAutoML] Disk Usage: 43.2%
[MONITORING] [local.openml_t_10090.pygmo_c.amazon-commerce-reviews.0.H2OAutoML] CPU Utilization: 62.0%
[MONITORING] [local.openml_t_10090.pygmo_c.amazon-commerce-reviews.0.H2OAutoML] Memory Usage: 46.4%
[MONITORING] [local.openml_t_10090.pygmo_c.amazon-commerce-reviews.0.H2OAutoML] Disk Usage: 43.2%
[MONITORING] [local.openml_t_10090.pygmo_c.amazon-commerce-reviews.0.H2OAutoML] CPU Utilization: 61.4%
[MONITORING] [local.openml_t_10090.pygmo_c.amazon-commerce-reviews.0.H2OAutoML] Memory Usage: 51.8%
[MONITORING] [local.openml_t_10090.pygmo_c.amazon-commerce-reviews.0.H2OAutoML] Disk Usage: 43.2%
[MONITORING] [local.openml_t_10090.pygmo_c.amazon-commerce-reviews.0.H2OAutoML] CPU Utilization: 60.1%
[MONITORING] [local.openml_t_10090.pygmo_c.amazon-commerce-reviews.0.H2OAutoML] Memory Usage: 51.9%
[MONITORING] [local.openml_t_10090.pygmo_c.amazon-commerce-reviews.0.H2OAutoML] Disk Usage: 43.2%
[MONITORING] [local.openml_t_10090.pygmo_c.amazon-commerce-reviews.0.H2OAutoML] CPU Utilization: 62.8%
[MONITORING] [local.openml_t_10090.pygmo_c.amazon-commerce-reviews.0.H2OAutoML] Memory Usage: 51.9%
[MONITORING] [local.openml_t_10090.pygmo_c.amazon-commerce-reviews.0.H2OAutoML] Disk Usage: 43.2%
[MONITORING] [local.openml_t_10090.pygmo_c.amazon-commerce-reviews.0.H2OAutoML] CPU Utilization: 60.2%
[MONITORING] [local.openml_t_10090.pygmo_c.amazon-commerce-reviews.0.H2OAutoML] Memory Usage: 53.0%
[MONITORING] [local.openml_t_10090.pygmo_c.amazon-commerce-reviews.0.H2OAutoML] Disk Usage: 43.2%
[MONITORING] [local.openml_t_10090.pygmo_c.amazon-commerce-reviews.0.H2OAutoML] CPU Utilization: 60.5%
[MONITORING] [local.openml_t_10090.pygmo_c.amazon-commerce-reviews.0.H2OAutoML] Memory Usage: 53.0%
[MONITORING] [local.openml_t_10090.pygmo_c.amazon-commerce-reviews.0.H2OAutoML] Disk Usage: 43.2%
[MONITORING] [local.openml_t_10090.pygmo_c.amazon-commerce-reviews.0.H2OAutoML] CPU Utilization: 62.5%
[MONITORING] [local.openml_t_10090.pygmo_c.amazon-commerce-reviews.0.H2OAutoML] Memory Usage: 53.5%
[MONITORING] [local.openml_t_10090.pygmo_c.amazon-commerce-reviews.0.H2OAutoML] Disk Usage: 43.2%
[MONITORING] [local.openml_t_10090.pygmo_c.amazon-commerce-reviews.0.H2OAutoML] CPU Utilization: 60.6%
[MONITORING] [local.openml_t_10090.pygmo_c.amazon-commerce-reviews.0.H2OAutoML] Memory Usage: 53.5%
[MONITORING] [local.openml_t_10090.pygmo_c.amazon-commerce-reviews.0.H2OAutoML] Disk Usage: 43.2%
[MONITORING] [local.openml_t_10090.pygmo_c.amazon-commerce-reviews.0.H2OAutoML] CPU Utilization: 63.0%
[MONITORING] [local.openml_t_10090.pygmo_c.amazon-commerce-reviews.0.H2OAutoML] Memory Usage: 53.5%
[MONITORING] [local.openml_t_10090.pygmo_c.amazon-commerce-reviews.0.H2OAutoML] Disk Usage: 43.2%
[MONITORING] [local.openml_t_10090.pygmo_c.amazon-commerce-reviews.0.H2OAutoML] CPU Utilization: 60.7%
[MONITORING] [local.openml_t_10090.pygmo_c.amazon-commerce-reviews.0.H2OAutoML] Memory Usage: 53.9%
[MONITORING] [local.openml_t_10090.pygmo_c.amazon-commerce-reviews.0.H2OAutoML] Disk Usage: 43.2%
[MONITORING] [local.openml_t_10090.pygmo_c.amazon-commerce-reviews.0.H2OAutoML] CPU Utilization: 60.6%
[MONITORING] [local.openml_t_10090.pygmo_c.amazon-commerce-reviews.0.H2OAutoML] Memory Usage: 53.9%
[MONITORING] [local.openml_t_10090.pygmo_c.amazon-commerce-reviews.0.H2OAutoML] Disk Usage: 43.2%
[MONITORING] [local.openml_t_10090.pygmo_c.amazon-commerce-reviews.0.H2OAutoML] CPU Utilization: 64.0%
[MONITORING] [local.openml_t_10090.pygmo_c.amazon-commerce-reviews.0.H2OAutoML] Memory Usage: 53.9%
[MONITORING] [local.openml_t_10090.pygmo_c.amazon-commerce-reviews.0.H2OAutoML] Disk Usage: 43.2%
[MONITORING] [local.openml_t_10090.pygmo_c.amazon-commerce-reviews.0.H2OAutoML] CPU Utilization: 54.6%
[MONITORING] [local.openml_t_10090.pygmo_c.amazon-commerce-reviews.0.H2OAutoML] Memory Usage: 61.6%
[MONITORING] [local.openml_t_10090.pygmo_c.amazon-commerce-reviews.0.H2OAutoML] Disk Usage: 43.2%
[MONITORING] [local.openml_t_10090.pygmo_c.amazon-commerce-reviews.0.H2OAutoML] CPU Utilization: 96.7%
[MONITORING] [local.openml_t_10090.pygmo_c.amazon-commerce-reviews.0.H2OAutoML] Memory Usage: 61.6%
[MONITORING] [local.openml_t_10090.pygmo_c.amazon-commerce-reviews.0.H2OAutoML] Disk Usage: 43.2%
[MONITORING] [local.openml_t_10090.pygmo_c.amazon-commerce-reviews.0.H2OAutoML] CPU Utilization: 97.3%
[MONITORING] [local.openml_t_10090.pygmo_c.amazon-commerce-reviews.0.H2OAutoML] Memory Usage: 61.6%
[MONITORING] [local.openml_t_10090.pygmo_c.amazon-commerce-reviews.0.H2OAutoML] Disk Usage: 43.2%
[MONITORING] [local.openml_t_10090.pygmo_c.amazon-commerce-reviews.0.H2OAutoML] CPU Utilization: 98.6%
[MONITORING] [local.openml_t_10090.pygmo_c.amazon-commerce-reviews.0.H2OAutoML] Memory Usage: 61.6%
[MONITORING] [local.openml_t_10090.pygmo_c.amazon-commerce-reviews.0.H2OAutoML] Disk Usage: 43.2%
[MONITORING] [local.openml_t_10090.pygmo_c.amazon-commerce-reviews.0.H2OAutoML] CPU Utilization: 97.3%
[MONITORING] [local.openml_t_10090.pygmo_c.amazon-commerce-reviews.0.H2OAutoML] Memory Usage: 61.6%
[MONITORING] [local.openml_t_10090.pygmo_c.amazon-commerce-reviews.0.H2OAutoML] Disk Usage: 43.2%
[MONITORING] [local.openml_t_10090.pygmo_c.amazon-commerce-reviews.0.H2OAutoML] CPU Utilization: 98.1%
[MONITORING] [local.openml_t_10090.pygmo_c.amazon-commerce-reviews.0.H2OAutoML] Memory Usage: 61.6%
[MONITORING] [local.openml_t_10090.pygmo_c.amazon-commerce-reviews.0.H2OAutoML] Disk Usage: 43.2%
[MONITORING] [local.openml_t_10090.pygmo_c.amazon-commerce-reviews.0.H2OAutoML] CPU Utilization: 97.6%
[MONITORING] [local.openml_t_10090.pygmo_c.amazon-commerce-reviews.0.H2OAutoML] Memory Usage: 61.6%
[MONITORING] [local.openml_t_10090.pygmo_c.amazon-commerce-reviews.0.H2OAutoML] Disk Usage: 43.2%
[MONITORING] [local.openml_t_10090.pygmo_c.amazon-commerce-reviews.0.H2OAutoML] CPU Utilization: 97.6%
[MONITORING] [local.openml_t_10090.pygmo_c.amazon-commerce-reviews.0.H2OAutoML] Memory Usage: 61.6%
[MONITORING] [local.openml_t_10090.pygmo_c.amazon-commerce-reviews.0.H2OAutoML] Disk Usage: 43.2%
[MONITORING] [local.openml_t_10090.pygmo_c.amazon-commerce-reviews.0.H2OAutoML] CPU Utilization: 97.5%
[MONITORING] [local.openml_t_10090.pygmo_c.amazon-commerce-reviews.0.H2OAutoML] Memory Usage: 61.6%
[MONITORING] [local.openml_t_10090.pygmo_c.amazon-commerce-reviews.0.H2OAutoML] Disk Usage: 43.2%
[MONITORING] [local.openml_t_10090.pygmo_c.amazon-commerce-reviews.0.H2OAutoML] CPU Utilization: 98.4%
[MONITORING] [local.openml_t_10090.pygmo_c.amazon-commerce-reviews.0.H2OAutoML] Memory Usage: 61.6%
[MONITORING] [local.openml_t_10090.pygmo_c.amazon-commerce-reviews.0.H2OAutoML] Disk Usage: 43.2%
[MONITORING] [local.openml_t_10090.pygmo_c.amazon-commerce-reviews.0.H2OAutoML] CPU Utilization: 97.3%
[MONITORING] [local.openml_t_10090.pygmo_c.amazon-commerce-reviews.0.H2OAutoML] Memory Usage: 61.6%
[MONITORING] [local.openml_t_10090.pygmo_c.amazon-commerce-reviews.0.H2OAutoML] Disk Usage: 43.2%
[MONITORING] [local.openml_t_10090.pygmo_c.amazon-commerce-reviews.0.H2OAutoML] CPU Utilization: 98.6%
[MONITORING] [local.openml_t_10090.pygmo_c.amazon-commerce-reviews.0.H2OAutoML] Memory Usage: 61.6%
[MONITORING] [local.openml_t_10090.pygmo_c.amazon-commerce-reviews.0.H2OAutoML] Disk Usage: 43.2%
[MONITORING] [local.openml_t_10090.pygmo_c.amazon-commerce-reviews.0.H2OAutoML] CPU Utilization: 80.8%
[MONITORING] [local.openml_t_10090.pygmo_c.amazon-commerce-reviews.0.H2OAutoML] Memory Usage: 61.7%
[MONITORING] [local.openml_t_10090.pygmo_c.amazon-commerce-reviews.0.H2OAutoML] Disk Usage: 43.2%
[MONITORING] [local.openml_t_10090.pygmo_c.amazon-commerce-reviews.0.H2OAutoML] CPU Utilization: 94.3%
[MONITORING] [local.openml_t_10090.pygmo_c.amazon-commerce-reviews.0.H2OAutoML] Memory Usage: 61.7%
[MONITORING] [local.openml_t_10090.pygmo_c.amazon-commerce-reviews.0.H2OAutoML] Disk Usage: 43.2%
[MONITORING] [local.openml_t_10090.pygmo_c.amazon-commerce-reviews.0.H2OAutoML] CPU Utilization: 96.0%
[MONITORING] [local.openml_t_10090.pygmo_c.amazon-commerce-reviews.0.H2OAutoML] Memory Usage: 61.7%
[MONITORING] [local.openml_t_10090.pygmo_c.amazon-commerce-reviews.0.H2OAutoML] Disk Usage: 43.2%
[MONITORING] [local.openml_t_10090.pygmo_c.amazon-commerce-reviews.0.H2OAutoML] CPU Utilization: 95.8%
[MONITORING] [local.openml_t_10090.pygmo_c.amazon-commerce-reviews.0.H2OAutoML] Memory Usage: 61.7%
[MONITORING] [local.openml_t_10090.pygmo_c.amazon-commerce-reviews.0.H2OAutoML] Disk Usage: 43.2%
AutoML progress: |███████████████████████████████████████████████████████████████| (done) 100%
xgboost prediction progress: |███████████████████████████████████████████████████| (done) 100%
H2O session _sid_8974 closed.



Predictions preview:
                   Agresti              Ashbacher                  Auken            Blankenship                  Brody                  Brown               Bukowsky                    CFH              Calvinnme                Chachra               Chandler                  Chell               Cholette                 Comdet                   Corn                  Cutey               Davisson                   Dent               Engineer                 Goonan                  Grove                   Harp                  Hayes                 Janson                Johnson                 Koenig                  Kolln              Lawyeraau                    Lee                 Lovitt             Mahlers2nd                   Mark                  McKee                Merritt                Messick               Mitchell               Morrison                   Neal                  Nigam               Peterson                  Power                  Riley                 Robert                   Shea                Sherwin                 Taylor                 Vernon                 Vision                Walters                 Wilson predictions       truth
0     0.07205264270305634  0.0054901945404708385   0.023292910307645798   0.006734601221978664   0.015311087481677532   0.013090335763990879   0.019382504746317863   0.004717628937214613   0.015510646626353264     0.0133119011297822   0.004296544007956982   0.008598928339779377    0.00529180932790041    0.22673673927783966    0.06680048257112503   0.014909041114151478   0.016003495082259178   0.006718022283166647   0.007696882821619511   0.019015491008758545      0.008229392580688   0.007180912885814905   0.010343853384256363   0.011210300028324127    0.00491974875330925    0.06344471126794815   0.004343205131590366    0.03301558271050453   0.006682593375444412   0.007764284964650869   0.009936015121638775   0.004628804512321949   0.009913153015077114   0.004745058249682188   0.012546495534479618   0.022930962964892387   0.008152449503540993   0.011648102663457394   0.028763091191649437   0.010865509510040283  0.0072027770802378654    0.00956434290856123   0.021139182150363922   0.023003045469522476   0.009073002263903618  0.0048407879658043385   0.016212303191423416   0.049181677401065826   0.006128698121756315   0.007428034208714962      Comdet      Koenig
1    0.005905685015022755   0.007268641609698534   0.018607450649142265   0.013203633949160576   0.018567491322755814   0.004186417907476425  0.0068003227934241295   0.009604508057236671   0.046155307441949844  0.0048310295678675175   0.008472519926726818  0.0050077373161911964   0.022868921980261803   0.025283442810177803   0.031376294791698456   0.006314008962363005    0.05172186717391014  0.0027792518958449364   0.004444702062755823    0.04504832625389099    0.03424409031867981   0.013150667771697044    0.04594564810395241   0.009462401270866394   0.004069454502314329    0.07366437464952469    0.03462420403957367   0.010879755951464176   0.005802897270768881   0.022698871791362762    0.00992975477129221    0.03868161514401436   0.005144176539033651   0.008338160812854767   0.012849133461713791   0.021242575719952583   0.016375111415982246     0.0231967493891716    0.03246750682592392  0.0064875176176428795   0.009234248660504818     0.0563221350312233   0.012519318610429764   0.013090161606669426    0.01815589889883995   0.003184822155162692   0.017709385603666306  0.0053136590868234634    0.02928054891526699    0.06748759746551514      Koenig      Koenig
2    0.029131080955266953  0.0020315139554440975   0.002790662460029125   0.005350060295313597    0.07015755027532578   0.012665153481066227  0.0029214099049568176   0.019355395808815956    0.05422385409474373  0.0021513174287974834  0.0018611194100230932    0.01716260239481926   0.013328438624739647    0.03497420251369476   0.014912432059645653   0.004424156621098518   0.004489264916628599   0.005235647317022085   0.002093240385875106   0.005945358891040087    0.01759553700685501   0.004808586090803146   0.006900210864841938    0.00996056292206049  0.0017362992512062192     0.3910811245441437   0.004917954560369253  0.0033237263560295105   0.031163696199655533     0.0318051315844059  0.0013818233273923397   0.007487008813768625   0.025490298867225647   0.003952565602958202   0.023380719125270844   0.017659258097410202   0.002308911643922329   0.008650487288832664   0.022850725799798965  0.0028858245350420475  0.0022452245466411114   0.003975063096731901   0.019049590453505516   0.010329977609217167   0.010024836286902428   0.005261246580630541   0.003974420949816704    0.01312276441603899  0.0028987389523535967   0.004573239479213953      Koenig      Koenig
3    0.026953095570206642   0.007673901040107012   0.025036392733454704   0.006764764431864023   0.010371915996074677   0.009775961749255657   0.009432216174900532  0.0055918339639902115   0.051895078271627426   0.024969661608338356   0.004976331256330013  0.0042123752646148205   0.008845075964927673    0.00528687285259366     0.0648273304104805  0.0030679418705403805   0.005467014387249947   0.010874117724597454   0.009893384762108326     0.1100735142827034    0.01401315163820982     0.0146336006000638   0.010251617059111595    0.02959597110748291   0.007270455826073885   0.015327499248087406  0.0027969421353191137   0.006779237650334835    0.02824079617857933   0.016229016706347466   0.033318281173706055   0.005598960444331169   0.006673087831586599  0.0031881004106253386   0.011629112996160984    0.06367501616477966   0.004933107644319534   0.012255114503204823    0.12360835820436478   0.010362740606069565   0.007503439672291279    0.01704331301152706   0.003490739967674017   0.026375319808721542    0.00800219364464283   0.005484100431203842   0.016186147928237915   0.049792204052209854    0.01886679232120514   0.020886849611997604       Nigam  Mahlers2nd
4   0.0016972710145637393    0.00167024414986372  0.0012999845203012228   0.001318703987635672   0.006216478534042835   0.005742201581597328  0.0021855561062693596   0.010028277523815632  0.0023667525965720415  0.0016667626332491636  0.0029883524402976036   0.005684728268533945    0.00456129340454936  0.0068505676463246346   0.005977191962301731  0.0030599660240113735   0.003686819691210985  0.0027607064694166183  0.0011771214194595814   0.015561286360025406   0.003232273506000638  0.0012786657316610217   0.001143922097980976  0.0023098255041986704   8.357934420928359E-4   0.003221050836145878   8.435926283709705E-4  0.0014324180083349347    0.00419584708288312  0.0015779470559209585     0.8267710208892822  0.0014942680718377233  0.0018512600800022483   8.573799859732389E-4  0.0022639345843344927  0.0034801368601620197  0.0014612313825637102  0.0025808827485889196   0.010974819771945477  0.0023510376922786236    0.00225280923768878   0.009477674029767513  0.0025853156112134457   0.006323063280433416   0.009688477963209152   0.001577148213982582    9.73791116848588E-4  0.0021584811620414257  0.0016530798748135567   0.002652599476277828  Mahlers2nd  Mahlers2nd
5    0.050510551780462265   0.010039931163191795   0.007309501525014639    0.00617710268124938   0.027173615992069244   0.010402045212686062  0.0054297964088618755    0.03969701752066612   0.011202411726117134   0.006812578998506069   0.006204312667250633   0.007875858806073666   0.003830645466223359   0.014496563002467155   0.012593051418662071   0.014599193818867207   0.010242211632430553   0.008607120253145695   0.007615674287080765    0.03978696092963219    0.02400905452668667   0.003633674932643771   0.004356265068054199   0.004298088606446981   0.008621848188340664   0.013822727836668491   0.010211152955889702   0.006739669945091009    0.03848828375339508  0.0027625542134046555     0.2097659856081009   0.005263716913759708   0.023208793252706528   0.003523151855915785   0.003511483781039715    0.04630940034985542   0.006546902470290661   0.015467183664441109   0.051935628056526184   0.003239893354475498   0.005195328965783119   0.014006217010319233   0.019350385293364525     0.0721583291888237    0.04374825581908226     0.0053778444416821   0.009948809631168842   0.026194853708148003   0.013149122707545757   0.004549228120595217  Mahlers2nd  Mahlers2nd
6    0.009718711487948895  0.0028479115571826696   0.017365748062729836   0.007851148024201393    0.00434818584471941   0.002855695318430662   0.010774540714919567    0.01662878878414631   0.032938938587903976   0.004414001479744911   0.002504603238776326   0.034987978637218475   0.011112641543149948   0.019002987071871758   0.027113454416394234   0.001637252396903932   0.012672791257500648   0.011615980416536331  0.0016647286247462034  0.0035493909381330013   0.012319045141339302  0.0059325494803488255   0.029467977583408356    0.02501303143799305   0.004048741888254881    0.13215641677379608    0.10871966183185577   0.003964080475270748    0.00873611494898796   0.004830569960176945    0.00543941929936409   0.011699961498379707    0.04094932973384857   0.006543387658894062   0.006105321925133467    0.20358358323574066   0.003771350020542741   0.005772603675723076   0.007208718452602625    0.02188808098435402   0.003932753577828407   0.027595924213528633   0.024126248434185982   0.009210902266204357   0.002710219705477357   0.011215567588806152   0.006929642055183649   0.002488543977960944    0.01519909966737032       0.01283566839993    Mitchell       Kolln
7    0.017634497955441475   0.004709196742624044    0.01787438988685608  0.0022694291546940804   0.008485961705446243    0.00649825157597661   0.006405227817595005    0.04516908526420593  0.0019894216675311327   0.009263686835765839  0.0039482018910348415   0.009956256486475468   0.010202501900494099   0.001151945791207254   0.006707204505801201    0.00552153866738081    0.02456107921898365  0.0029675192199647427  0.0013587090652436018   0.004776356741786003    0.02163083851337433   0.001727225142531097   0.005515746772289276    0.03450853005051613   0.004187749698758125   0.009917368181049824     0.5295379161834717   0.006731783039867878   0.004267155658453703   0.020255327224731445   0.004099877551198006   0.004979598801583052   0.006026866380125284    0.02926933579146862   0.006149540655314922  0.0018488444620743394   0.013655552640557289  0.0050462596118450165    0.00995066948235035   0.013487353920936584  0.0029874611645936966   0.003690415760502219    0.00871728453785181  0.0037840541917830706  0.0019606221467256546   0.001836371491663158   0.008484723046422005   0.002976509742438793    0.02504810132086277    0.01627042517066002       Kolln       Kolln
8    0.017377937212586403   7.218388491310179E-4    0.01988109201192856  0.0029655443504452705  0.0038416506722569466  0.0011740017216652632   6.351179908961058E-4  0.0025690605398267508  0.0070471009239554405  0.0047392090782523155  0.0019688382744789124   0.010812755674123764  0.0022850383538752794  0.0011085413862019777   0.014246991835534573  0.0033223878126591444  0.0016273423098027706    0.04603958502411842   0.004300473257899284  0.0012765495339408517   0.016542382538318634   9.962173644453287E-4   0.005759605672210455  0.0033073241356760263   8.427955908700824E-4   0.004861882887780666     0.6500182151794434   0.002334372838959098  0.0022951392456889153   0.011251445859670639   0.014424243941903114   0.006404042709618807   0.003622339339926839   0.004053760785609484   0.015572907403111458   0.004407260101288557   0.010276149027049541   0.005376146174967289   0.006336536258459091    0.00493744807317853   0.002430480206385255  0.0016439069295302033   0.011485396884381771   0.004485812038183212   0.004019656218588352   0.004653662443161011  0.0013434136053547263   0.001338631846010685    0.03780291974544525    0.00923482421785593       Kolln       Kolln
9   0.0013368665240705013   0.002720440737903118   0.005601136479526758   0.002746791811659932   0.009529112838208675   0.001475394587032497  0.0042095244862139225  0.0016269795596599579   0.022847546264529228   7.568965083919466E-4  0.0021455567330121994  0.0011255418648943305   0.004647490102797747    0.05753389373421669  0.0017739416798576713     7.4544339440763E-4     0.0073283975943923   0.009819384664297104   0.001138855586759746   0.004274357575923204     0.0207995492964983  0.0012069200165569782   0.001327469595707953   0.008102552965283394  0.0010210491018369794  0.0023629332426935434  0.0014646369963884354   0.002067867899313569   0.004819749388843775   0.010151845403015614   0.005450938828289509  0.0023258202709257603     8.6562754586339E-4   0.002167460275813937   0.002196447690948844  0.0016393368132412434  0.0011613945243880153   0.003778128419071436   0.012695357203483582   0.002726129721850157  0.0036536899860948324   7.358034490607679E-4  0.0017901238752529025     0.7449172139167786   0.004028720315545797   0.001128088217228651  0.0025709299370646477   0.004754381719976664    0.00332951289601624  0.0013768186327069998        Shea        Shea
10    0.02076505869626999   0.003887561848387122   0.008342721499502659   0.006993613671511412   0.013417347334325314     0.0421697236597538   0.003137495368719101    0.04045536369085312     0.0349673256278038   0.005655560176819563   0.024370115250349045   0.015893496572971344    0.03819508105516434    0.00647512823343277    0.00487807672470808    0.05798855051398277   0.009749303571879864   0.004042989574372768   0.005177652463316917   0.013794340193271637      0.223554328083992   0.004130195826292038   0.004995400086045265   0.011016634292900562   0.003486433532088995  0.0054017119109630585   0.004787865560501814   0.005257591605186462   0.007169084157794714   0.008182800374925137   0.007868441753089428    0.11308926343917847   0.023881137371063232   0.013102966360747814   0.005029669962823391   0.006704851519316435   0.005862703081220388  0.0039087929762899876  0.0034242861438542604    0.00800859834998846   0.017338095232844353     0.0346534289419651   0.042702317237854004   0.007659222465008497   0.018340345472097397   0.004385397769510746  0.0058983988128602505    0.02911076694726944   0.005924826022237539   0.004767898935824633       Grove        Shea
11   0.027242576703429222  0.0023139852564781904  0.0013700283598154783   0.002190717263147235   0.023163259029388428     0.5156733393669128  0.0014002943644300103   0.016350388526916504   0.055850476026535034  0.0024989827070385218   0.006651908624917269  0.0036586562637239695   0.006748610641807318   0.023015281185507774   0.007031704299151897  0.0028686821460723877   0.027850650250911713  0.0045660617761313915  0.0016215320210903883    0.04039965197443962  0.0052837892435491085   0.002262783469632268   0.007495714817196131   0.004148600623011589  0.0019100887002423406   0.013313145376741886  0.0023707470390945673  0.0029681813903152943   0.006736316718161106   0.017287131398916245   0.004465788137167692  0.0056655025109648705   0.005040100775659084  0.0038899662904441357  0.0029306006617844105   0.001841369434259832   0.004752274602651596   0.005684718955308199    0.02535300888121128  0.0018178664613515139   0.006818127818405628   0.005497662350535393   0.006768940482288599    0.04730319231748581   0.011755893006920815   0.002110328059643507   0.010115297511219978   0.005904650781303644  0.0025539197959005833   0.003487486857920885       Brown        Shea
12   0.019752750173211098  0.0034202593378722668   0.006557801738381386   0.007215817924588919   0.005666528828442097  0.0055998461320996284   0.007335422560572624   0.004577428102493286   0.009597446769475937    0.10908965021371841    0.02987680584192276    0.04087614640593529     0.0630652979016304     0.0376075841486454    0.19468045234680176   0.025819025933742523   0.003948131576180458  0.0075699626468122005   0.012243743054568768    0.08332549780607224   0.005353545304387808   0.007229387294501066   0.007548576686531305   0.005113845691084862   0.004393965471535921   0.011160819791257381  0.0051847645081579685   0.007563004735857248   0.007188508287072182   0.005261566489934921    0.01249998901039362  0.0028637631330639124    0.01404073927551508  0.0029794189613312483   0.006618298124521971  0.0020180242136120796   0.009003889746963978   0.008909601718187332   0.060696762055158615   0.009187567047774792   0.013483259826898575   0.019675280898809433   0.001823072205297649   0.004841032437980175   0.008287914097309113    0.00744433281943202   0.033269722014665604   0.016641857102513313   0.014832597225904465   0.007059275172650814        Corn        Corn
13   0.008268949575722218     0.0214545838534832   0.018201183527708054   0.006196063477545977   0.002389543689787388   0.005328473635017872   0.007523085922002792    0.00783516000956297    0.01815010979771614    0.03653265908360481   0.028263352811336517   0.007201014086604118   0.017192097380757332   0.011634674854576588   0.044485826045274734   0.021184418350458145    0.08014150708913803   0.011610141955316067   0.009722761809825897    0.02765645459294319    0.06500120460987091   0.007516735233366489   0.006126397754997015   0.011400445364415646  0.0055635408498346806   0.019828589633107185   0.013400159776210785   0.016231825575232506  0.0075585972517728806   0.013898455537855625   0.028021175414323807   0.026631250977516174   0.011537236161530018   0.006506612990051508   0.012094005942344666    0.01707877404987812    0.01755368337035179   0.016011962667107582    0.02199230156838894   0.004794638603925705    0.00939849577844143    0.07011823356151581   0.009109465405344963     0.0370933897793293    0.02446945197880268   0.004344846587628126   0.014846122823655605   0.015718651935458183    0.07850558310747147   0.016676101833581924    Davisson        Corn
14    0.00298940297216177   0.024148650467395782   0.006261138711124659  0.0047278255224227905    0.21051742136478424   0.004503816831856966   0.003359396941959858   0.002562760142609477    0.07093366235494614   0.005329245701432228   0.003432297147810459   0.017838386818766594    0.02532080188393593  0.0024742840323597193    0.07212981581687927  0.0033651317935436964  0.0029970062896609306   0.006838336121290922   0.003458469407632947   0.021796418353915215  0.0059613012708723545  0.0030461696442216635   0.015967966988682747   0.010354377329349518  0.0039023240096867085   0.009680144488811493   0.009836655110120773    0.00668093329295516   0.005473886616528034     0.0720231682062149  0.0046333447098731995   0.006468264851719141    0.18521760404109955  0.0036935468669980764    0.00467610964551568   0.006095710210502148  0.0038456071633845568  0.0044870926067233086   0.004824083764106035   0.005526099354028702    0.06315264850854874   0.009713912382721901   0.009622151963412762  0.0037969353143125772  0.0024931728839874268   0.006498449947685003   0.011450573801994324   0.010839365422725677    0.00624381098896265    0.00881036277860403       Brody        Corn
15   0.018847694620490074   0.002436524722725153   0.023010695353150368   0.004251660779118538   0.057258524000644684   0.006638008169829845   0.059439513832330704   0.017485694959759712    0.03505796194076538   0.005530312657356262   0.011059067212045193   0.017938900738954544   0.008377096615731716   0.011866672895848751    0.01757226325571537    0.01372549682855606    0.04500669240951538   0.004380057565867901   0.004416430369019508   0.021323150023818016    0.18303796648979187   0.008157791569828987   0.009869445115327835    0.04558169096708298   0.004708895925432444   0.007733208127319813    0.01647474803030491    0.00980174820870161   0.046450961381196976   0.017135631293058395  0.0037142501678317785   0.003993379883468151   0.016381235793232918   0.005690031684935093   0.012072181329131126  0.0061518545262515545    0.01729574054479599   0.006326358299702406   0.008847947232425213    0.01641072705388069    0.01626533642411232     0.0067740841768682   0.009692773222923279   0.018147416412830353    0.00616029929369688    0.02524673379957676    0.03384042903780937   0.029695751145482063   0.008282295428216457   0.014436671510338783       Grove      Wilson
16  0.0020584682933986187   0.006350929848849773     0.0244947150349617   0.004664719570428133    0.03420957922935486   0.002089405432343483   0.009796367958188057  0.0014724304201081395   0.005698231514543295  0.0022083288058638573   0.009165838360786438   0.017054839059710503   0.009400347247719765  0.0023236258421093225   0.019873641431331635   0.012902254238724709    0.03363331779837608   0.007493484765291214  0.0022692156489938498  0.0072985924780368805    0.01076925452798605  0.0036908325273543596   0.003020722419023514   0.035176124423742294  0.0026771603152155876  0.0037883652839809656   0.004182353150099516   0.027694744989275932    0.00519510917365551   0.010359625332057476   0.019545864313840866   0.002425486920401454  0.0063185784965753555   0.001916448469273746   0.009207837283611298    0.00868567917495966   0.005698516499251127  0.0054150852374732494   0.002893370110541582   0.043792370706796646   0.026274394243955612   0.013057426549494267   0.021539105102419853   0.009395726956427097  0.0036202978808432817   0.015249225310981274    0.10643379390239716    0.00453106639906764    0.03267742693424225    0.34030967950820923      Wilson      Wilson
17    0.02686966583132744    0.01928156428039074   0.003709904383867979   0.005101702641695738   0.010299085639417171   0.003962642513215542   0.022660182788968086   0.010807552374899387  0.0038131249602884054   0.002401873003691435  0.0018448062473908067     0.2218659520149231     0.0656459853053093   0.006910440977662802   0.011235708370804787  0.0032898099161684513   0.016122622415423393   0.006427302490919828   0.002107261912897229   0.010421814396977425    0.06688784062862396   0.002573286183178425    0.00328167830593884   0.004689722787588835   0.002039042068645358   0.006249256897717714   0.006144281011074781    0.01888938993215561   0.014436820521950722    0.06511153280735016   0.008773880079388618   0.002458399161696434   0.022318636998534203   0.002475171349942684     0.0178662221878767    0.00974500086158514   0.007402893155813217   0.008059508167207241   0.004172253422439098     0.0507306307554245  0.0037338025867938995    0.00894065573811531   0.020611749961972237   0.006990032270550728   0.002363352570682764  0.0035981053952127695    0.03638870641589165   0.011329599656164646   0.004133336711674929     0.1228262260556221       Chell      Wilson
18     0.0081015108153224   0.008450070396065712    0.01395023800432682   0.011757679283618927   0.031700603663921356   0.017308102920651436    0.04274449497461319   0.006207557860761881     0.0410132072865963   0.009248022921383381    0.01596430502831936    0.00736071215942502  0.0060714962892234325   0.004984850063920021    0.09555815905332565   0.007335573900490999   0.005801232531666756   0.006980404257774353  0.0018829023465514183     0.1553736925125122  0.0077132186852395535   0.005488670896738768   0.008090115152299404   0.006501876283437014  0.0052222260273993015   0.019244655966758728   0.007534107659012079   0.013901807367801666   0.014057379215955734   0.022302035242319107   0.008408530615270138   0.003940680529922247    0.04657638072967529   0.026018941774964333    0.03897076100111008   0.023430466651916504    0.01525390986353159    0.01594511605799198   0.030348461121320724   0.011069214902818203  0.0038644294254481792   0.027071146294474602   0.019569318741559982  0.0075468141585588455     0.0578969344496727   0.007401094771921635   0.006637302692979574   0.025156628340482712   0.006834830157458782   0.010208155028522015      Goonan      Goonan
19  0.0030993339605629444   0.003335444023832679   0.010984253138303757   0.005867490544915199   0.009690077044069767   0.007828631438314915    0.06104616820812225   0.009114290587604046   0.024429280310869217  0.0035829455591738224  0.0027650021947920322    0.01933419331908226   0.005729536060243845  0.0029797647148370743   0.029069283977150917   0.001975331688299775   0.009652621112763882   0.004629635252058506  0.0021441797725856304    0.12788759171962738   0.014538582414388657    0.00398998660966754  0.0041576712392270565   0.017941858619451523   0.002786447759717703   0.033072732388973236   0.003509025787934661   0.008918232284486294    0.06152202561497688    0.01382435578852892   0.007082085125148296  0.0019362239399924874      0.003823401639238   0.002510561142116785    0.29317164421081543   0.006513539701700211   0.005895347334444523   0.023099854588508606    0.04479518160223961   0.006220077630132437   0.004811098333448172   0.009168938733637333   0.019244931638240814  0.0037541338242590427   0.010179111734032631   0.005931875202804804   0.008735522627830505   0.017551137134432793   0.013193550519645214  0.0029758315067738295     Messick      Goonan

Predictions saved to `/home/juradoi/experiments/automlbenchmark/results/h2oautoml.openml_t_10090.pygmo_c.local.20211209T182754/predictions/amazon-commerce-reviews/0/predictions.csv`.
Loading metadata from `/home/juradoi/experiments/automlbenchmark/results/h2oautoml.openml_t_10090.pygmo_c.local.20211209T182754/predictions/amazon-commerce-reviews/0/metadata.json`.
Loading predictions from `/home/juradoi/experiments/automlbenchmark/results/h2oautoml.openml_t_10090.pygmo_c.local.20211209T182754/predictions/amazon-commerce-reviews/0/predictions.csv`.
Metric scores: { 'acc': 0.5866666666666667,
  'app_version': 'dev [master, beef024]',
  'balacc': 0.5866666666666667,
  'constraint': 'pygmo_c',
  'duration': nan,
  'fold': 0,
  'framework': 'H2OAutoML',
  'id': 'openml.org/t/10090',
  'info': None,
  'logloss': 1.8385272656756577,
  'metric': 'neg_logloss',
  'mode': 'local',
  'models_count': 6,
  'params': '',
  'predict_duration': 0.4000425338745117,
  'result': -1.8385272656756577,
  'seed': 1490718336,
  'task': 'amazon-commerce-reviews',
  'training_duration': 3609.9653067588806,
  'type': 'multiclass',
  'utc': '2021-12-09T19:28:24',
  'version': '3.34.0.3'}
Job `local.openml_t_10090.pygmo_c.amazon-commerce-reviews.0.H2OAutoML` executed in 3630.130 seconds.
All jobs executed in 3630.167 seconds.
[MONITORING] [local.openml_t_10090.pygmo_c.amazon-commerce-reviews.0.H2OAutoML] CPU Utilization: 87.0%
[MONITORING] [local.openml_t_10090.pygmo_c.amazon-commerce-reviews.0.H2OAutoML] Memory Usage: 2.2%
[MONITORING] [local.openml_t_10090.pygmo_c.amazon-commerce-reviews.0.H2OAutoML] Disk Usage: 43.2%
Processing results for h2oautoml.openml_t_10090.pygmo_c.local.20211209T182754
Scores saved to `/home/juradoi/experiments/automlbenchmark/results/h2oautoml.openml_t_10090.pygmo_c.local.20211209T182754/scores/H2OAutoML.benchmark_openml_t_10090.csv`.
Scores saved to `/home/juradoi/experiments/automlbenchmark/results/h2oautoml.openml_t_10090.pygmo_c.local.20211209T182754/scores/results.csv`.
Scores saved to `/home/juradoi/experiments/automlbenchmark/results/results.csv`.
Summing up scores for current run:
                id                    task fold framework constraint   result      metric  duration       seed
openml.org/t/10090 amazon-commerce-reviews    0 H2OAutoML    pygmo_c -1.83853 neg_logloss    3630.1 1490718336
